2024-06-03 13:50:01,536 - progress - INFO - Creating dataloader for logs/en/ensemble/train/binary/b7/DAT/version_63/data/en/train_subset/test_us.txt
2024-06-03 13:50:01,537 - progress - INFO - 	Dataloader config: {'sample_rate': 16000, 'batch_size': 8, 'num_workers': 10, 'pin_memory': True, 'use_start_end_token': False, 'trim_silence': False, 'is_tarred': False, 'tarred_audio_filepaths': None, 'shuffle_n': 2048, 'bucketing_strategy': 'synced_randomized', 'bucketing_batch_size': None, 'return_sample_id': False, 'drop_last': False, 'asr_repo': 'whisper', 'shuffle': False, 'manifest_filepath': 'logs/en/ensemble/train/binary/b7/DAT/version_63/data/en/train_subset/test_us.txt'}
2024-06-03 13:50:01,537 - progress - INFO - 	Batch size: 8
2024-06-03 13:50:01,828 - progress - INFO - Creating dataloader for logs/en/ensemble/train/binary/b7/DAT/version_63/data/en/train_subset/test_ca.txt
2024-06-03 13:50:01,829 - progress - INFO - 	Dataloader config: {'sample_rate': 16000, 'batch_size': 8, 'num_workers': 10, 'pin_memory': True, 'use_start_end_token': False, 'trim_silence': False, 'is_tarred': False, 'tarred_audio_filepaths': None, 'shuffle_n': 2048, 'bucketing_strategy': 'synced_randomized', 'bucketing_batch_size': None, 'return_sample_id': False, 'drop_last': False, 'asr_repo': 'whisper', 'shuffle': False, 'manifest_filepath': 'logs/en/ensemble/train/binary/b7/DAT/version_63/data/en/train_subset/test_ca.txt'}
2024-06-03 13:50:01,830 - progress - INFO - 	Batch size: 8
2024-06-03 13:50:01,860 - progress - INFO - Creating dataloader for logs/en/ensemble/train/binary/b7/DAT/version_63/data/en/train_subset/test_uk.txt
2024-06-03 13:50:01,861 - progress - INFO - 	Dataloader config: {'sample_rate': 16000, 'batch_size': 8, 'num_workers': 10, 'pin_memory': True, 'use_start_end_token': False, 'trim_silence': False, 'is_tarred': False, 'tarred_audio_filepaths': None, 'shuffle_n': 2048, 'bucketing_strategy': 'synced_randomized', 'bucketing_batch_size': None, 'return_sample_id': False, 'drop_last': False, 'asr_repo': 'whisper', 'shuffle': False, 'manifest_filepath': 'logs/en/ensemble/train/binary/b7/DAT/version_63/data/en/train_subset/test_uk.txt'}
2024-06-03 13:50:01,861 - progress - INFO - 	Batch size: 8
2024-06-03 13:50:01,886 - progress - INFO - Creating dataloader for logs/en/ensemble/train/binary/b7/DAT/version_63/data/en/train_subset/test_in.txt
2024-06-03 13:50:01,886 - progress - INFO - 	Dataloader config: {'sample_rate': 16000, 'batch_size': 8, 'num_workers': 10, 'pin_memory': True, 'use_start_end_token': False, 'trim_silence': False, 'is_tarred': False, 'tarred_audio_filepaths': None, 'shuffle_n': 2048, 'bucketing_strategy': 'synced_randomized', 'bucketing_batch_size': None, 'return_sample_id': False, 'drop_last': False, 'asr_repo': 'whisper', 'shuffle': False, 'manifest_filepath': 'logs/en/ensemble/train/binary/b7/DAT/version_63/data/en/train_subset/test_in.txt'}
2024-06-03 13:50:01,887 - progress - INFO - 	Batch size: 8
2024-06-03 13:50:01,927 - progress - INFO - Creating dataloader for logs/en/ensemble/train/binary/b7/DAT/version_63/data/en/train_subset/test_de.txt
2024-06-03 13:50:01,928 - progress - INFO - 	Dataloader config: {'sample_rate': 16000, 'batch_size': 8, 'num_workers': 10, 'pin_memory': True, 'use_start_end_token': False, 'trim_silence': False, 'is_tarred': False, 'tarred_audio_filepaths': None, 'shuffle_n': 2048, 'bucketing_strategy': 'synced_randomized', 'bucketing_batch_size': None, 'return_sample_id': False, 'drop_last': False, 'asr_repo': 'whisper', 'shuffle': False, 'manifest_filepath': 'logs/en/ensemble/train/binary/b7/DAT/version_63/data/en/train_subset/test_de.txt'}
2024-06-03 13:50:01,928 - progress - INFO - 	Batch size: 8
2024-06-03 13:50:01,997 - progress - INFO - Creating dataloader for logs/en/ensemble/train/binary/b7/DAT/version_63/data/en/train_subset/test_au.txt
2024-06-03 13:50:01,998 - progress - INFO - 	Dataloader config: {'sample_rate': 16000, 'batch_size': 8, 'num_workers': 10, 'pin_memory': True, 'use_start_end_token': False, 'trim_silence': False, 'is_tarred': False, 'tarred_audio_filepaths': None, 'shuffle_n': 2048, 'bucketing_strategy': 'synced_randomized', 'bucketing_batch_size': None, 'return_sample_id': False, 'drop_last': False, 'asr_repo': 'whisper', 'shuffle': False, 'manifest_filepath': 'logs/en/ensemble/train/binary/b7/DAT/version_63/data/en/train_subset/test_au.txt'}
2024-06-03 13:50:01,999 - progress - INFO - 	Batch size: 8
2024-06-03 13:50:02,017 - progress - INFO - Creating dataloader for logs/en/ensemble/train/binary/b7/DAT/version_63/data/en/train_subset/test_hk.txt
2024-06-03 13:50:02,018 - progress - INFO - 	Dataloader config: {'sample_rate': 16000, 'batch_size': 8, 'num_workers': 10, 'pin_memory': True, 'use_start_end_token': False, 'trim_silence': False, 'is_tarred': False, 'tarred_audio_filepaths': None, 'shuffle_n': 2048, 'bucketing_strategy': 'synced_randomized', 'bucketing_batch_size': None, 'return_sample_id': False, 'drop_last': False, 'asr_repo': 'whisper', 'shuffle': False, 'manifest_filepath': 'logs/en/ensemble/train/binary/b7/DAT/version_63/data/en/train_subset/test_hk.txt'}
2024-06-03 13:50:02,019 - progress - INFO - 	Batch size: 8
2024-06-03 13:50:02,049 - progress - INFO - Creating dataloader for logs/en/ensemble/train/binary/b7/DAT/version_63/data/en/train_subset/test_ie.txt
2024-06-03 13:50:02,051 - progress - INFO - 	Dataloader config: {'sample_rate': 16000, 'batch_size': 8, 'num_workers': 10, 'pin_memory': True, 'use_start_end_token': False, 'trim_silence': False, 'is_tarred': False, 'tarred_audio_filepaths': None, 'shuffle_n': 2048, 'bucketing_strategy': 'synced_randomized', 'bucketing_batch_size': None, 'return_sample_id': False, 'drop_last': False, 'asr_repo': 'whisper', 'shuffle': False, 'manifest_filepath': 'logs/en/ensemble/train/binary/b7/DAT/version_63/data/en/train_subset/test_ie.txt'}
2024-06-03 13:50:02,051 - progress - INFO - 	Batch size: 8
2024-06-03 13:50:02,069 - progress - INFO - Creating dataloader for logs/en/ensemble/train/binary/b7/DAT/version_63/data/en/train_subset/test_ni.txt
2024-06-03 13:50:02,070 - progress - INFO - 	Dataloader config: {'sample_rate': 16000, 'batch_size': 8, 'num_workers': 10, 'pin_memory': True, 'use_start_end_token': False, 'trim_silence': False, 'is_tarred': False, 'tarred_audio_filepaths': None, 'shuffle_n': 2048, 'bucketing_strategy': 'synced_randomized', 'bucketing_batch_size': None, 'return_sample_id': False, 'drop_last': False, 'asr_repo': 'whisper', 'shuffle': False, 'manifest_filepath': 'logs/en/ensemble/train/binary/b7/DAT/version_63/data/en/train_subset/test_ni.txt'}
2024-06-03 13:50:02,071 - progress - INFO - 	Batch size: 8
2024-06-03 13:50:02,087 - progress - INFO - Creating dataloader for logs/en/ensemble/train/binary/b7/DAT/version_63/data/en/train_subset/test_nz.txt
2024-06-03 13:50:02,088 - progress - INFO - 	Dataloader config: {'sample_rate': 16000, 'batch_size': 8, 'num_workers': 10, 'pin_memory': True, 'use_start_end_token': False, 'trim_silence': False, 'is_tarred': False, 'tarred_audio_filepaths': None, 'shuffle_n': 2048, 'bucketing_strategy': 'synced_randomized', 'bucketing_batch_size': None, 'return_sample_id': False, 'drop_last': False, 'asr_repo': 'whisper', 'shuffle': False, 'manifest_filepath': 'logs/en/ensemble/train/binary/b7/DAT/version_63/data/en/train_subset/test_nz.txt'}
2024-06-03 13:50:02,089 - progress - INFO - 	Batch size: 8
2024-06-03 13:50:02,110 - progress - INFO - Creating dataloader for logs/en/ensemble/train/binary/b7/DAT/version_63/data/en/train_subset/test_ph.txt
2024-06-03 13:50:02,111 - progress - INFO - 	Dataloader config: {'sample_rate': 16000, 'batch_size': 8, 'num_workers': 10, 'pin_memory': True, 'use_start_end_token': False, 'trim_silence': False, 'is_tarred': False, 'tarred_audio_filepaths': None, 'shuffle_n': 2048, 'bucketing_strategy': 'synced_randomized', 'bucketing_batch_size': None, 'return_sample_id': False, 'drop_last': False, 'asr_repo': 'whisper', 'shuffle': False, 'manifest_filepath': 'logs/en/ensemble/train/binary/b7/DAT/version_63/data/en/train_subset/test_ph.txt'}
2024-06-03 13:50:02,112 - progress - INFO - 	Batch size: 8
2024-06-03 13:50:02,136 - progress - INFO - Creating dataloader for logs/en/ensemble/train/binary/b7/DAT/version_63/data/en/train_subset/test_sc.txt
2024-06-03 13:50:02,137 - progress - INFO - 	Dataloader config: {'sample_rate': 16000, 'batch_size': 8, 'num_workers': 10, 'pin_memory': True, 'use_start_end_token': False, 'trim_silence': False, 'is_tarred': False, 'tarred_audio_filepaths': None, 'shuffle_n': 2048, 'bucketing_strategy': 'synced_randomized', 'bucketing_batch_size': None, 'return_sample_id': False, 'drop_last': False, 'asr_repo': 'whisper', 'shuffle': False, 'manifest_filepath': 'logs/en/ensemble/train/binary/b7/DAT/version_63/data/en/train_subset/test_sc.txt'}
2024-06-03 13:50:02,138 - progress - INFO - 	Batch size: 8
2024-06-03 13:50:02,156 - progress - INFO - Creating dataloader for logs/en/ensemble/train/binary/b7/DAT/version_63/data/en/train_subset/test_sg.txt
2024-06-03 13:50:02,157 - progress - INFO - 	Dataloader config: {'sample_rate': 16000, 'batch_size': 8, 'num_workers': 10, 'pin_memory': True, 'use_start_end_token': False, 'trim_silence': False, 'is_tarred': False, 'tarred_audio_filepaths': None, 'shuffle_n': 2048, 'bucketing_strategy': 'synced_randomized', 'bucketing_batch_size': None, 'return_sample_id': False, 'drop_last': False, 'asr_repo': 'whisper', 'shuffle': False, 'manifest_filepath': 'logs/en/ensemble/train/binary/b7/DAT/version_63/data/en/train_subset/test_sg.txt'}
2024-06-03 13:50:02,158 - progress - INFO - 	Batch size: 8
2024-06-03 13:50:02,179 - progress - INFO - Creating dataloader for logs/en/ensemble/train/binary/b7/DAT/version_63/data/en/train_subset/test_za.txt
2024-06-03 13:50:02,180 - progress - INFO - 	Dataloader config: {'sample_rate': 16000, 'batch_size': 8, 'num_workers': 10, 'pin_memory': True, 'use_start_end_token': False, 'trim_silence': False, 'is_tarred': False, 'tarred_audio_filepaths': None, 'shuffle_n': 2048, 'bucketing_strategy': 'synced_randomized', 'bucketing_batch_size': None, 'return_sample_id': False, 'drop_last': False, 'asr_repo': 'whisper', 'shuffle': False, 'manifest_filepath': 'logs/en/ensemble/train/binary/b7/DAT/version_63/data/en/train_subset/test_za.txt'}
2024-06-03 13:50:02,181 - progress - INFO - 	Batch size: 8
2024-06-03 13:58:29,593 - progress - INFO - Configuring optimizers
2024-06-03 13:58:29,617 - progress - INFO - Creating dataloader for ['logs/en/ensemble/train/binary/b7/DAT/version_63/data/en/train_subset/train_us.txt']
2024-06-03 13:58:29,618 - progress - INFO - 	Dataloader config: {'sample_rate': 16000, 'batch_size': 8, 'num_workers': 10, 'pin_memory': True, 'use_start_end_token': False, 'trim_silence': False, 'is_tarred': False, 'tarred_audio_filepaths': None, 'shuffle_n': 2048, 'bucketing_strategy': 'synced_randomized', 'bucketing_batch_size': None, 'return_sample_id': False, 'drop_last': False, 'asr_repo': 'whisper', 'shuffle': True, 'manifest_filepath': ['logs/en/ensemble/train/binary/b7/DAT/version_63/data/en/train_subset/train_us.txt']}
2024-06-03 13:58:29,619 - progress - INFO - 	Batch size: 8
2024-06-03 13:58:29,706 - progress - INFO - Creating dataloader for ['logs/en/ensemble/train/binary/b7/DAT/version_63/data/en/train_subset/train_ca.txt', 'logs/en/ensemble/train/binary/b7/DAT/version_63/data/en/train_subset/train_uk.txt', 'logs/en/ensemble/train/binary/b7/DAT/version_63/data/en/train_subset/train_in.txt', 'logs/en/ensemble/train/binary/b7/DAT/version_63/data/en/train_subset/train_de.txt', 'logs/en/ensemble/train/binary/b7/DAT/version_63/data/en/train_subset/train_au.txt']
2024-06-03 13:58:29,707 - progress - INFO - 	Dataloader config: {'sample_rate': 16000, 'batch_size': 8, 'num_workers': 10, 'pin_memory': True, 'use_start_end_token': False, 'trim_silence': False, 'is_tarred': False, 'tarred_audio_filepaths': None, 'shuffle_n': 2048, 'bucketing_strategy': 'synced_randomized', 'bucketing_batch_size': None, 'return_sample_id': False, 'drop_last': False, 'asr_repo': 'whisper', 'shuffle': True, 'manifest_filepath': ['logs/en/ensemble/train/binary/b7/DAT/version_63/data/en/train_subset/train_ca.txt', 'logs/en/ensemble/train/binary/b7/DAT/version_63/data/en/train_subset/train_uk.txt', 'logs/en/ensemble/train/binary/b7/DAT/version_63/data/en/train_subset/train_in.txt', 'logs/en/ensemble/train/binary/b7/DAT/version_63/data/en/train_subset/train_de.txt', 'logs/en/ensemble/train/binary/b7/DAT/version_63/data/en/train_subset/train_au.txt']}
2024-06-03 13:58:29,708 - progress - INFO - 	Batch size: 8
2024-06-03 13:58:29,967 - progress - INFO - Scheduler max. steps: 1920
2024-06-03 13:58:29,979 - progress - INFO - Creating dataloader for ['logs/en/ensemble/train/binary/b7/DAT/version_63/data/en/train_subset/train_us.txt']
2024-06-03 13:58:29,980 - progress - INFO - 	Dataloader config: {'sample_rate': 16000, 'batch_size': 8, 'num_workers': 10, 'pin_memory': True, 'use_start_end_token': False, 'trim_silence': False, 'is_tarred': False, 'tarred_audio_filepaths': None, 'shuffle_n': 2048, 'bucketing_strategy': 'synced_randomized', 'bucketing_batch_size': None, 'return_sample_id': False, 'drop_last': False, 'asr_repo': 'whisper', 'shuffle': True, 'manifest_filepath': ['logs/en/ensemble/train/binary/b7/DAT/version_63/data/en/train_subset/train_us.txt']}
2024-06-03 13:58:29,981 - progress - INFO - 	Batch size: 8
2024-06-03 13:58:29,999 - progress - INFO - Creating dataloader for ['logs/en/ensemble/train/binary/b7/DAT/version_63/data/en/train_subset/train_ca.txt', 'logs/en/ensemble/train/binary/b7/DAT/version_63/data/en/train_subset/train_uk.txt', 'logs/en/ensemble/train/binary/b7/DAT/version_63/data/en/train_subset/train_in.txt', 'logs/en/ensemble/train/binary/b7/DAT/version_63/data/en/train_subset/train_de.txt', 'logs/en/ensemble/train/binary/b7/DAT/version_63/data/en/train_subset/train_au.txt']
2024-06-03 13:58:29,999 - progress - INFO - 	Dataloader config: {'sample_rate': 16000, 'batch_size': 8, 'num_workers': 10, 'pin_memory': True, 'use_start_end_token': False, 'trim_silence': False, 'is_tarred': False, 'tarred_audio_filepaths': None, 'shuffle_n': 2048, 'bucketing_strategy': 'synced_randomized', 'bucketing_batch_size': None, 'return_sample_id': False, 'drop_last': False, 'asr_repo': 'whisper', 'shuffle': True, 'manifest_filepath': ['logs/en/ensemble/train/binary/b7/DAT/version_63/data/en/train_subset/train_ca.txt', 'logs/en/ensemble/train/binary/b7/DAT/version_63/data/en/train_subset/train_uk.txt', 'logs/en/ensemble/train/binary/b7/DAT/version_63/data/en/train_subset/train_in.txt', 'logs/en/ensemble/train/binary/b7/DAT/version_63/data/en/train_subset/train_de.txt', 'logs/en/ensemble/train/binary/b7/DAT/version_63/data/en/train_subset/train_au.txt']}
2024-06-03 13:58:30,000 - progress - INFO - 	Batch size: 8
2024-06-03 13:58:30,024 - progress - INFO - Creating dataloader for logs/en/ensemble/train/binary/b7/DAT/version_63/data/en/train_subset/test_us.txt
2024-06-03 13:58:30,026 - progress - INFO - 	Dataloader config: {'sample_rate': 16000, 'batch_size': 8, 'num_workers': 10, 'pin_memory': True, 'use_start_end_token': False, 'trim_silence': False, 'is_tarred': False, 'tarred_audio_filepaths': None, 'shuffle_n': 2048, 'bucketing_strategy': 'synced_randomized', 'bucketing_batch_size': None, 'return_sample_id': False, 'drop_last': False, 'asr_repo': 'whisper', 'shuffle': False, 'manifest_filepath': 'logs/en/ensemble/train/binary/b7/DAT/version_63/data/en/train_subset/test_us.txt'}
2024-06-03 13:58:30,026 - progress - INFO - 	Batch size: 8
2024-06-03 13:58:30,034 - progress - INFO - Creating dataloader for logs/en/ensemble/train/binary/b7/DAT/version_63/data/en/train_subset/test_ca.txt
2024-06-03 13:58:30,034 - progress - INFO - 	Dataloader config: {'sample_rate': 16000, 'batch_size': 8, 'num_workers': 10, 'pin_memory': True, 'use_start_end_token': False, 'trim_silence': False, 'is_tarred': False, 'tarred_audio_filepaths': None, 'shuffle_n': 2048, 'bucketing_strategy': 'synced_randomized', 'bucketing_batch_size': None, 'return_sample_id': False, 'drop_last': False, 'asr_repo': 'whisper', 'shuffle': False, 'manifest_filepath': 'logs/en/ensemble/train/binary/b7/DAT/version_63/data/en/train_subset/test_ca.txt'}
2024-06-03 13:58:30,035 - progress - INFO - 	Batch size: 8
2024-06-03 13:58:30,039 - progress - INFO - Creating dataloader for logs/en/ensemble/train/binary/b7/DAT/version_63/data/en/train_subset/test_uk.txt
2024-06-03 13:58:30,039 - progress - INFO - 	Dataloader config: {'sample_rate': 16000, 'batch_size': 8, 'num_workers': 10, 'pin_memory': True, 'use_start_end_token': False, 'trim_silence': False, 'is_tarred': False, 'tarred_audio_filepaths': None, 'shuffle_n': 2048, 'bucketing_strategy': 'synced_randomized', 'bucketing_batch_size': None, 'return_sample_id': False, 'drop_last': False, 'asr_repo': 'whisper', 'shuffle': False, 'manifest_filepath': 'logs/en/ensemble/train/binary/b7/DAT/version_63/data/en/train_subset/test_uk.txt'}
2024-06-03 13:58:30,040 - progress - INFO - 	Batch size: 8
2024-06-03 13:58:30,046 - progress - INFO - Creating dataloader for logs/en/ensemble/train/binary/b7/DAT/version_63/data/en/train_subset/test_in.txt
2024-06-03 13:58:30,046 - progress - INFO - 	Dataloader config: {'sample_rate': 16000, 'batch_size': 8, 'num_workers': 10, 'pin_memory': True, 'use_start_end_token': False, 'trim_silence': False, 'is_tarred': False, 'tarred_audio_filepaths': None, 'shuffle_n': 2048, 'bucketing_strategy': 'synced_randomized', 'bucketing_batch_size': None, 'return_sample_id': False, 'drop_last': False, 'asr_repo': 'whisper', 'shuffle': False, 'manifest_filepath': 'logs/en/ensemble/train/binary/b7/DAT/version_63/data/en/train_subset/test_in.txt'}
2024-06-03 13:58:30,047 - progress - INFO - 	Batch size: 8
2024-06-03 13:58:30,050 - progress - INFO - Creating dataloader for logs/en/ensemble/train/binary/b7/DAT/version_63/data/en/train_subset/test_de.txt
2024-06-03 13:58:30,051 - progress - INFO - 	Dataloader config: {'sample_rate': 16000, 'batch_size': 8, 'num_workers': 10, 'pin_memory': True, 'use_start_end_token': False, 'trim_silence': False, 'is_tarred': False, 'tarred_audio_filepaths': None, 'shuffle_n': 2048, 'bucketing_strategy': 'synced_randomized', 'bucketing_batch_size': None, 'return_sample_id': False, 'drop_last': False, 'asr_repo': 'whisper', 'shuffle': False, 'manifest_filepath': 'logs/en/ensemble/train/binary/b7/DAT/version_63/data/en/train_subset/test_de.txt'}
2024-06-03 13:58:30,052 - progress - INFO - 	Batch size: 8
2024-06-03 13:58:30,057 - progress - INFO - Creating dataloader for logs/en/ensemble/train/binary/b7/DAT/version_63/data/en/train_subset/test_au.txt
2024-06-03 13:58:30,057 - progress - INFO - 	Dataloader config: {'sample_rate': 16000, 'batch_size': 8, 'num_workers': 10, 'pin_memory': True, 'use_start_end_token': False, 'trim_silence': False, 'is_tarred': False, 'tarred_audio_filepaths': None, 'shuffle_n': 2048, 'bucketing_strategy': 'synced_randomized', 'bucketing_batch_size': None, 'return_sample_id': False, 'drop_last': False, 'asr_repo': 'whisper', 'shuffle': False, 'manifest_filepath': 'logs/en/ensemble/train/binary/b7/DAT/version_63/data/en/train_subset/test_au.txt'}
2024-06-03 13:58:30,058 - progress - INFO - 	Batch size: 8
2024-06-03 13:58:30,061 - progress - INFO - Creating dataloader for logs/en/ensemble/train/binary/b7/DAT/version_63/data/en/train_subset/test_hk.txt
2024-06-03 13:58:30,061 - progress - INFO - 	Dataloader config: {'sample_rate': 16000, 'batch_size': 8, 'num_workers': 10, 'pin_memory': True, 'use_start_end_token': False, 'trim_silence': False, 'is_tarred': False, 'tarred_audio_filepaths': None, 'shuffle_n': 2048, 'bucketing_strategy': 'synced_randomized', 'bucketing_batch_size': None, 'return_sample_id': False, 'drop_last': False, 'asr_repo': 'whisper', 'shuffle': False, 'manifest_filepath': 'logs/en/ensemble/train/binary/b7/DAT/version_63/data/en/train_subset/test_hk.txt'}
2024-06-03 13:58:30,062 - progress - INFO - 	Batch size: 8
2024-06-03 13:58:30,064 - progress - INFO - Creating dataloader for logs/en/ensemble/train/binary/b7/DAT/version_63/data/en/train_subset/test_ie.txt
2024-06-03 13:58:30,064 - progress - INFO - 	Dataloader config: {'sample_rate': 16000, 'batch_size': 8, 'num_workers': 10, 'pin_memory': True, 'use_start_end_token': False, 'trim_silence': False, 'is_tarred': False, 'tarred_audio_filepaths': None, 'shuffle_n': 2048, 'bucketing_strategy': 'synced_randomized', 'bucketing_batch_size': None, 'return_sample_id': False, 'drop_last': False, 'asr_repo': 'whisper', 'shuffle': False, 'manifest_filepath': 'logs/en/ensemble/train/binary/b7/DAT/version_63/data/en/train_subset/test_ie.txt'}
2024-06-03 13:58:30,065 - progress - INFO - 	Batch size: 8
2024-06-03 13:58:30,068 - progress - INFO - Creating dataloader for logs/en/ensemble/train/binary/b7/DAT/version_63/data/en/train_subset/test_ni.txt
2024-06-03 13:58:30,068 - progress - INFO - 	Dataloader config: {'sample_rate': 16000, 'batch_size': 8, 'num_workers': 10, 'pin_memory': True, 'use_start_end_token': False, 'trim_silence': False, 'is_tarred': False, 'tarred_audio_filepaths': None, 'shuffle_n': 2048, 'bucketing_strategy': 'synced_randomized', 'bucketing_batch_size': None, 'return_sample_id': False, 'drop_last': False, 'asr_repo': 'whisper', 'shuffle': False, 'manifest_filepath': 'logs/en/ensemble/train/binary/b7/DAT/version_63/data/en/train_subset/test_ni.txt'}
2024-06-03 13:58:30,069 - progress - INFO - 	Batch size: 8
2024-06-03 13:58:30,071 - progress - INFO - Creating dataloader for logs/en/ensemble/train/binary/b7/DAT/version_63/data/en/train_subset/test_nz.txt
2024-06-03 13:58:30,072 - progress - INFO - 	Dataloader config: {'sample_rate': 16000, 'batch_size': 8, 'num_workers': 10, 'pin_memory': True, 'use_start_end_token': False, 'trim_silence': False, 'is_tarred': False, 'tarred_audio_filepaths': None, 'shuffle_n': 2048, 'bucketing_strategy': 'synced_randomized', 'bucketing_batch_size': None, 'return_sample_id': False, 'drop_last': False, 'asr_repo': 'whisper', 'shuffle': False, 'manifest_filepath': 'logs/en/ensemble/train/binary/b7/DAT/version_63/data/en/train_subset/test_nz.txt'}
2024-06-03 13:58:30,072 - progress - INFO - 	Batch size: 8
2024-06-03 13:58:30,075 - progress - INFO - Creating dataloader for logs/en/ensemble/train/binary/b7/DAT/version_63/data/en/train_subset/test_ph.txt
2024-06-03 13:58:30,076 - progress - INFO - 	Dataloader config: {'sample_rate': 16000, 'batch_size': 8, 'num_workers': 10, 'pin_memory': True, 'use_start_end_token': False, 'trim_silence': False, 'is_tarred': False, 'tarred_audio_filepaths': None, 'shuffle_n': 2048, 'bucketing_strategy': 'synced_randomized', 'bucketing_batch_size': None, 'return_sample_id': False, 'drop_last': False, 'asr_repo': 'whisper', 'shuffle': False, 'manifest_filepath': 'logs/en/ensemble/train/binary/b7/DAT/version_63/data/en/train_subset/test_ph.txt'}
2024-06-03 13:58:30,076 - progress - INFO - 	Batch size: 8
2024-06-03 13:58:30,079 - progress - INFO - Creating dataloader for logs/en/ensemble/train/binary/b7/DAT/version_63/data/en/train_subset/test_sc.txt
2024-06-03 13:58:30,079 - progress - INFO - 	Dataloader config: {'sample_rate': 16000, 'batch_size': 8, 'num_workers': 10, 'pin_memory': True, 'use_start_end_token': False, 'trim_silence': False, 'is_tarred': False, 'tarred_audio_filepaths': None, 'shuffle_n': 2048, 'bucketing_strategy': 'synced_randomized', 'bucketing_batch_size': None, 'return_sample_id': False, 'drop_last': False, 'asr_repo': 'whisper', 'shuffle': False, 'manifest_filepath': 'logs/en/ensemble/train/binary/b7/DAT/version_63/data/en/train_subset/test_sc.txt'}
2024-06-03 13:58:30,080 - progress - INFO - 	Batch size: 8
2024-06-03 13:58:30,083 - progress - INFO - Creating dataloader for logs/en/ensemble/train/binary/b7/DAT/version_63/data/en/train_subset/test_sg.txt
2024-06-03 13:58:30,083 - progress - INFO - 	Dataloader config: {'sample_rate': 16000, 'batch_size': 8, 'num_workers': 10, 'pin_memory': True, 'use_start_end_token': False, 'trim_silence': False, 'is_tarred': False, 'tarred_audio_filepaths': None, 'shuffle_n': 2048, 'bucketing_strategy': 'synced_randomized', 'bucketing_batch_size': None, 'return_sample_id': False, 'drop_last': False, 'asr_repo': 'whisper', 'shuffle': False, 'manifest_filepath': 'logs/en/ensemble/train/binary/b7/DAT/version_63/data/en/train_subset/test_sg.txt'}
2024-06-03 13:58:30,084 - progress - INFO - 	Batch size: 8
2024-06-03 13:58:30,086 - progress - INFO - Creating dataloader for logs/en/ensemble/train/binary/b7/DAT/version_63/data/en/train_subset/test_za.txt
2024-06-03 13:58:30,087 - progress - INFO - 	Dataloader config: {'sample_rate': 16000, 'batch_size': 8, 'num_workers': 10, 'pin_memory': True, 'use_start_end_token': False, 'trim_silence': False, 'is_tarred': False, 'tarred_audio_filepaths': None, 'shuffle_n': 2048, 'bucketing_strategy': 'synced_randomized', 'bucketing_batch_size': None, 'return_sample_id': False, 'drop_last': False, 'asr_repo': 'whisper', 'shuffle': False, 'manifest_filepath': 'logs/en/ensemble/train/binary/b7/DAT/version_63/data/en/train_subset/test_za.txt'}
2024-06-03 13:58:30,087 - progress - INFO - 	Batch size: 8
