2024-06-02 17:32:20,172 - progress - INFO - Configuring optimizers
2024-06-02 17:32:20,180 - progress - INFO - Creating dataloader for ['logs/en/ac/train/binary/b7/version_46/data/en/train_subset/train_us.txt']
2024-06-02 17:32:20,188 - progress - INFO - 	Dataloader config: {'sample_rate': 16000, 'batch_size': 96, 'num_workers': 10, 'pin_memory': True, 'use_start_end_token': False, 'trim_silence': False, 'is_tarred': False, 'tarred_audio_filepaths': None, 'shuffle_n': 2048, 'bucketing_strategy': 'synced_randomized', 'bucketing_batch_size': None, 'return_sample_id': False, 'drop_last': False, 'asr_repo': 'whisper', 'shuffle': True, 'manifest_filepath': ['logs/en/ac/train/binary/b7/version_46/data/en/train_subset/train_us.txt']}
2024-06-02 17:32:20,195 - progress - INFO - 	Batch size: 96
2024-06-02 17:32:20,509 - progress - INFO - Creating dataloader for ['logs/en/ac/train/binary/b7/version_46/data/en/train_subset/train_ca.txt', 'logs/en/ac/train/binary/b7/version_46/data/en/train_subset/train_uk.txt', 'logs/en/ac/train/binary/b7/version_46/data/en/train_subset/train_in.txt', 'logs/en/ac/train/binary/b7/version_46/data/en/train_subset/train_de.txt', 'logs/en/ac/train/binary/b7/version_46/data/en/train_subset/train_au.txt']
2024-06-02 17:32:20,517 - progress - INFO - 	Dataloader config: {'sample_rate': 16000, 'batch_size': 96, 'num_workers': 10, 'pin_memory': True, 'use_start_end_token': False, 'trim_silence': False, 'is_tarred': False, 'tarred_audio_filepaths': None, 'shuffle_n': 2048, 'bucketing_strategy': 'synced_randomized', 'bucketing_batch_size': None, 'return_sample_id': False, 'drop_last': False, 'asr_repo': 'whisper', 'shuffle': True, 'manifest_filepath': ['logs/en/ac/train/binary/b7/version_46/data/en/train_subset/train_ca.txt', 'logs/en/ac/train/binary/b7/version_46/data/en/train_subset/train_uk.txt', 'logs/en/ac/train/binary/b7/version_46/data/en/train_subset/train_in.txt', 'logs/en/ac/train/binary/b7/version_46/data/en/train_subset/train_de.txt', 'logs/en/ac/train/binary/b7/version_46/data/en/train_subset/train_au.txt']}
2024-06-02 17:32:20,525 - progress - INFO - 	Batch size: 96
2024-06-02 17:32:20,654 - progress - INFO - Scheduler max. steps: 1280
2024-06-02 17:32:20,761 - progress - INFO - Creating dataloader for ['logs/en/ac/train/binary/b7/version_46/data/en/train_subset/train_us.txt']
2024-06-02 17:32:20,767 - progress - INFO - 	Dataloader config: {'sample_rate': 16000, 'batch_size': 96, 'num_workers': 10, 'pin_memory': True, 'use_start_end_token': False, 'trim_silence': False, 'is_tarred': False, 'tarred_audio_filepaths': None, 'shuffle_n': 2048, 'bucketing_strategy': 'synced_randomized', 'bucketing_batch_size': None, 'return_sample_id': False, 'drop_last': False, 'asr_repo': 'whisper', 'shuffle': True, 'manifest_filepath': ['logs/en/ac/train/binary/b7/version_46/data/en/train_subset/train_us.txt']}
2024-06-02 17:32:20,774 - progress - INFO - 	Batch size: 96
2024-06-02 17:32:20,829 - progress - INFO - Creating dataloader for ['logs/en/ac/train/binary/b7/version_46/data/en/train_subset/train_ca.txt', 'logs/en/ac/train/binary/b7/version_46/data/en/train_subset/train_uk.txt', 'logs/en/ac/train/binary/b7/version_46/data/en/train_subset/train_in.txt', 'logs/en/ac/train/binary/b7/version_46/data/en/train_subset/train_de.txt', 'logs/en/ac/train/binary/b7/version_46/data/en/train_subset/train_au.txt']
2024-06-02 17:32:20,836 - progress - INFO - 	Dataloader config: {'sample_rate': 16000, 'batch_size': 96, 'num_workers': 10, 'pin_memory': True, 'use_start_end_token': False, 'trim_silence': False, 'is_tarred': False, 'tarred_audio_filepaths': None, 'shuffle_n': 2048, 'bucketing_strategy': 'synced_randomized', 'bucketing_batch_size': None, 'return_sample_id': False, 'drop_last': False, 'asr_repo': 'whisper', 'shuffle': True, 'manifest_filepath': ['logs/en/ac/train/binary/b7/version_46/data/en/train_subset/train_ca.txt', 'logs/en/ac/train/binary/b7/version_46/data/en/train_subset/train_uk.txt', 'logs/en/ac/train/binary/b7/version_46/data/en/train_subset/train_in.txt', 'logs/en/ac/train/binary/b7/version_46/data/en/train_subset/train_de.txt', 'logs/en/ac/train/binary/b7/version_46/data/en/train_subset/train_au.txt']}
2024-06-02 17:32:20,841 - progress - INFO - 	Batch size: 96
2024-06-02 17:32:20,917 - progress - INFO - Creating dataloader for logs/en/ac/train/binary/b7/version_46/data/en/train_subset/test_us.txt
2024-06-02 17:32:20,924 - progress - INFO - 	Dataloader config: {'sample_rate': 16000, 'batch_size': 96, 'num_workers': 10, 'pin_memory': True, 'use_start_end_token': False, 'trim_silence': False, 'is_tarred': False, 'tarred_audio_filepaths': None, 'shuffle_n': 2048, 'bucketing_strategy': 'synced_randomized', 'bucketing_batch_size': None, 'return_sample_id': False, 'drop_last': False, 'asr_repo': 'whisper', 'shuffle': False, 'manifest_filepath': 'logs/en/ac/train/binary/b7/version_46/data/en/train_subset/test_us.txt'}
2024-06-02 17:32:20,932 - progress - INFO - 	Batch size: 96
2024-06-02 17:32:20,970 - progress - INFO - Creating dataloader for logs/en/ac/train/binary/b7/version_46/data/en/train_subset/test_ca.txt
2024-06-02 17:32:20,977 - progress - INFO - 	Dataloader config: {'sample_rate': 16000, 'batch_size': 96, 'num_workers': 10, 'pin_memory': True, 'use_start_end_token': False, 'trim_silence': False, 'is_tarred': False, 'tarred_audio_filepaths': None, 'shuffle_n': 2048, 'bucketing_strategy': 'synced_randomized', 'bucketing_batch_size': None, 'return_sample_id': False, 'drop_last': False, 'asr_repo': 'whisper', 'shuffle': False, 'manifest_filepath': 'logs/en/ac/train/binary/b7/version_46/data/en/train_subset/test_ca.txt'}
2024-06-02 17:32:20,982 - progress - INFO - 	Batch size: 96
2024-06-02 17:32:21,000 - progress - INFO - Creating dataloader for logs/en/ac/train/binary/b7/version_46/data/en/train_subset/test_uk.txt
2024-06-02 17:32:21,007 - progress - INFO - 	Dataloader config: {'sample_rate': 16000, 'batch_size': 96, 'num_workers': 10, 'pin_memory': True, 'use_start_end_token': False, 'trim_silence': False, 'is_tarred': False, 'tarred_audio_filepaths': None, 'shuffle_n': 2048, 'bucketing_strategy': 'synced_randomized', 'bucketing_batch_size': None, 'return_sample_id': False, 'drop_last': False, 'asr_repo': 'whisper', 'shuffle': False, 'manifest_filepath': 'logs/en/ac/train/binary/b7/version_46/data/en/train_subset/test_uk.txt'}
2024-06-02 17:32:21,016 - progress - INFO - 	Batch size: 96
2024-06-02 17:32:21,049 - progress - INFO - Creating dataloader for logs/en/ac/train/binary/b7/version_46/data/en/train_subset/test_in.txt
2024-06-02 17:32:21,057 - progress - INFO - 	Dataloader config: {'sample_rate': 16000, 'batch_size': 96, 'num_workers': 10, 'pin_memory': True, 'use_start_end_token': False, 'trim_silence': False, 'is_tarred': False, 'tarred_audio_filepaths': None, 'shuffle_n': 2048, 'bucketing_strategy': 'synced_randomized', 'bucketing_batch_size': None, 'return_sample_id': False, 'drop_last': False, 'asr_repo': 'whisper', 'shuffle': False, 'manifest_filepath': 'logs/en/ac/train/binary/b7/version_46/data/en/train_subset/test_in.txt'}
2024-06-02 17:32:21,066 - progress - INFO - 	Batch size: 96
2024-06-02 17:32:21,086 - progress - INFO - Creating dataloader for logs/en/ac/train/binary/b7/version_46/data/en/train_subset/test_de.txt
2024-06-02 17:32:21,094 - progress - INFO - 	Dataloader config: {'sample_rate': 16000, 'batch_size': 96, 'num_workers': 10, 'pin_memory': True, 'use_start_end_token': False, 'trim_silence': False, 'is_tarred': False, 'tarred_audio_filepaths': None, 'shuffle_n': 2048, 'bucketing_strategy': 'synced_randomized', 'bucketing_batch_size': None, 'return_sample_id': False, 'drop_last': False, 'asr_repo': 'whisper', 'shuffle': False, 'manifest_filepath': 'logs/en/ac/train/binary/b7/version_46/data/en/train_subset/test_de.txt'}
2024-06-02 17:32:21,101 - progress - INFO - 	Batch size: 96
2024-06-02 17:32:21,118 - progress - INFO - Creating dataloader for logs/en/ac/train/binary/b7/version_46/data/en/train_subset/test_au.txt
2024-06-02 17:32:21,125 - progress - INFO - 	Dataloader config: {'sample_rate': 16000, 'batch_size': 96, 'num_workers': 10, 'pin_memory': True, 'use_start_end_token': False, 'trim_silence': False, 'is_tarred': False, 'tarred_audio_filepaths': None, 'shuffle_n': 2048, 'bucketing_strategy': 'synced_randomized', 'bucketing_batch_size': None, 'return_sample_id': False, 'drop_last': False, 'asr_repo': 'whisper', 'shuffle': False, 'manifest_filepath': 'logs/en/ac/train/binary/b7/version_46/data/en/train_subset/test_au.txt'}
2024-06-02 17:32:21,132 - progress - INFO - 	Batch size: 96
2024-06-02 17:32:21,147 - progress - INFO - Creating dataloader for logs/en/ac/train/binary/b7/version_46/data/en/train_subset/test_hk.txt
2024-06-02 17:32:21,151 - progress - INFO - 	Dataloader config: {'sample_rate': 16000, 'batch_size': 96, 'num_workers': 10, 'pin_memory': True, 'use_start_end_token': False, 'trim_silence': False, 'is_tarred': False, 'tarred_audio_filepaths': None, 'shuffle_n': 2048, 'bucketing_strategy': 'synced_randomized', 'bucketing_batch_size': None, 'return_sample_id': False, 'drop_last': False, 'asr_repo': 'whisper', 'shuffle': False, 'manifest_filepath': 'logs/en/ac/train/binary/b7/version_46/data/en/train_subset/test_hk.txt'}
2024-06-02 17:32:21,157 - progress - INFO - 	Batch size: 96
2024-06-02 17:32:21,172 - progress - INFO - Creating dataloader for logs/en/ac/train/binary/b7/version_46/data/en/train_subset/test_ie.txt
2024-06-02 17:32:21,179 - progress - INFO - 	Dataloader config: {'sample_rate': 16000, 'batch_size': 96, 'num_workers': 10, 'pin_memory': True, 'use_start_end_token': False, 'trim_silence': False, 'is_tarred': False, 'tarred_audio_filepaths': None, 'shuffle_n': 2048, 'bucketing_strategy': 'synced_randomized', 'bucketing_batch_size': None, 'return_sample_id': False, 'drop_last': False, 'asr_repo': 'whisper', 'shuffle': False, 'manifest_filepath': 'logs/en/ac/train/binary/b7/version_46/data/en/train_subset/test_ie.txt'}
2024-06-02 17:32:21,185 - progress - INFO - 	Batch size: 96
2024-06-02 17:32:21,206 - progress - INFO - Creating dataloader for logs/en/ac/train/binary/b7/version_46/data/en/train_subset/test_ni.txt
2024-06-02 17:32:21,214 - progress - INFO - 	Dataloader config: {'sample_rate': 16000, 'batch_size': 96, 'num_workers': 10, 'pin_memory': True, 'use_start_end_token': False, 'trim_silence': False, 'is_tarred': False, 'tarred_audio_filepaths': None, 'shuffle_n': 2048, 'bucketing_strategy': 'synced_randomized', 'bucketing_batch_size': None, 'return_sample_id': False, 'drop_last': False, 'asr_repo': 'whisper', 'shuffle': False, 'manifest_filepath': 'logs/en/ac/train/binary/b7/version_46/data/en/train_subset/test_ni.txt'}
2024-06-02 17:32:21,222 - progress - INFO - 	Batch size: 96
2024-06-02 17:32:21,250 - progress - INFO - Creating dataloader for logs/en/ac/train/binary/b7/version_46/data/en/train_subset/test_nz.txt
2024-06-02 17:32:21,258 - progress - INFO - 	Dataloader config: {'sample_rate': 16000, 'batch_size': 96, 'num_workers': 10, 'pin_memory': True, 'use_start_end_token': False, 'trim_silence': False, 'is_tarred': False, 'tarred_audio_filepaths': None, 'shuffle_n': 2048, 'bucketing_strategy': 'synced_randomized', 'bucketing_batch_size': None, 'return_sample_id': False, 'drop_last': False, 'asr_repo': 'whisper', 'shuffle': False, 'manifest_filepath': 'logs/en/ac/train/binary/b7/version_46/data/en/train_subset/test_nz.txt'}
2024-06-02 17:32:21,264 - progress - INFO - 	Batch size: 96
2024-06-02 17:32:21,283 - progress - INFO - Creating dataloader for logs/en/ac/train/binary/b7/version_46/data/en/train_subset/test_ph.txt
2024-06-02 17:32:21,289 - progress - INFO - 	Dataloader config: {'sample_rate': 16000, 'batch_size': 96, 'num_workers': 10, 'pin_memory': True, 'use_start_end_token': False, 'trim_silence': False, 'is_tarred': False, 'tarred_audio_filepaths': None, 'shuffle_n': 2048, 'bucketing_strategy': 'synced_randomized', 'bucketing_batch_size': None, 'return_sample_id': False, 'drop_last': False, 'asr_repo': 'whisper', 'shuffle': False, 'manifest_filepath': 'logs/en/ac/train/binary/b7/version_46/data/en/train_subset/test_ph.txt'}
2024-06-02 17:32:21,296 - progress - INFO - 	Batch size: 96
2024-06-02 17:32:21,311 - progress - INFO - Creating dataloader for logs/en/ac/train/binary/b7/version_46/data/en/train_subset/test_sc.txt
2024-06-02 17:32:21,320 - progress - INFO - 	Dataloader config: {'sample_rate': 16000, 'batch_size': 96, 'num_workers': 10, 'pin_memory': True, 'use_start_end_token': False, 'trim_silence': False, 'is_tarred': False, 'tarred_audio_filepaths': None, 'shuffle_n': 2048, 'bucketing_strategy': 'synced_randomized', 'bucketing_batch_size': None, 'return_sample_id': False, 'drop_last': False, 'asr_repo': 'whisper', 'shuffle': False, 'manifest_filepath': 'logs/en/ac/train/binary/b7/version_46/data/en/train_subset/test_sc.txt'}
2024-06-02 17:32:21,330 - progress - INFO - 	Batch size: 96
2024-06-02 17:32:21,350 - progress - INFO - Creating dataloader for logs/en/ac/train/binary/b7/version_46/data/en/train_subset/test_sg.txt
2024-06-02 17:32:21,358 - progress - INFO - 	Dataloader config: {'sample_rate': 16000, 'batch_size': 96, 'num_workers': 10, 'pin_memory': True, 'use_start_end_token': False, 'trim_silence': False, 'is_tarred': False, 'tarred_audio_filepaths': None, 'shuffle_n': 2048, 'bucketing_strategy': 'synced_randomized', 'bucketing_batch_size': None, 'return_sample_id': False, 'drop_last': False, 'asr_repo': 'whisper', 'shuffle': False, 'manifest_filepath': 'logs/en/ac/train/binary/b7/version_46/data/en/train_subset/test_sg.txt'}
2024-06-02 17:32:21,366 - progress - INFO - 	Batch size: 96
2024-06-02 17:32:21,397 - progress - INFO - Creating dataloader for logs/en/ac/train/binary/b7/version_46/data/en/train_subset/test_za.txt
2024-06-02 17:32:21,406 - progress - INFO - 	Dataloader config: {'sample_rate': 16000, 'batch_size': 96, 'num_workers': 10, 'pin_memory': True, 'use_start_end_token': False, 'trim_silence': False, 'is_tarred': False, 'tarred_audio_filepaths': None, 'shuffle_n': 2048, 'bucketing_strategy': 'synced_randomized', 'bucketing_batch_size': None, 'return_sample_id': False, 'drop_last': False, 'asr_repo': 'whisper', 'shuffle': False, 'manifest_filepath': 'logs/en/ac/train/binary/b7/version_46/data/en/train_subset/test_za.txt'}
2024-06-02 17:32:21,412 - progress - INFO - 	Batch size: 96
