2024-05-14 14:15:10,495 - progress - INFO - Configuring optimizers
2024-05-14 14:15:10,497 - progress - INFO - Creating dataloader for ['logs/en/ac/train/binary/b7/version_8/data/en/train_subset/train_us.txt']
2024-05-14 14:15:10,498 - progress - INFO - 	Dataloader config: {'sample_rate': 16000, 'batch_size': 96, 'num_workers': 10, 'pin_memory': True, 'use_start_end_token': False, 'trim_silence': False, 'is_tarred': False, 'tarred_audio_filepaths': None, 'shuffle_n': 2048, 'bucketing_strategy': 'synced_randomized', 'bucketing_batch_size': None, 'return_sample_id': False, 'drop_last': False, 'asr_repo': 'whisper', 'shuffle': True, 'manifest_filepath': ['logs/en/ac/train/binary/b7/version_8/data/en/train_subset/train_us.txt']}
2024-05-14 14:15:10,498 - progress - INFO - 	Batch size: 96
2024-05-14 14:15:11,149 - progress - INFO - Creating dataloader for ['logs/en/ac/train/binary/b7/version_8/data/en/train_subset/train_ca.txt', 'logs/en/ac/train/binary/b7/version_8/data/en/train_subset/train_uk.txt', 'logs/en/ac/train/binary/b7/version_8/data/en/train_subset/train_in.txt', 'logs/en/ac/train/binary/b7/version_8/data/en/train_subset/train_de.txt', 'logs/en/ac/train/binary/b7/version_8/data/en/train_subset/train_au.txt']
2024-05-14 14:15:11,150 - progress - INFO - 	Dataloader config: {'sample_rate': 16000, 'batch_size': 96, 'num_workers': 10, 'pin_memory': True, 'use_start_end_token': False, 'trim_silence': False, 'is_tarred': False, 'tarred_audio_filepaths': None, 'shuffle_n': 2048, 'bucketing_strategy': 'synced_randomized', 'bucketing_batch_size': None, 'return_sample_id': False, 'drop_last': False, 'asr_repo': 'whisper', 'shuffle': True, 'manifest_filepath': ['logs/en/ac/train/binary/b7/version_8/data/en/train_subset/train_ca.txt', 'logs/en/ac/train/binary/b7/version_8/data/en/train_subset/train_uk.txt', 'logs/en/ac/train/binary/b7/version_8/data/en/train_subset/train_in.txt', 'logs/en/ac/train/binary/b7/version_8/data/en/train_subset/train_de.txt', 'logs/en/ac/train/binary/b7/version_8/data/en/train_subset/train_au.txt']}
2024-05-14 14:15:11,150 - progress - INFO - 	Batch size: 96
2024-05-14 14:15:12,336 - progress - INFO - Scheduler max. steps: 128
2024-05-14 14:15:12,415 - progress - INFO - Creating dataloader for ['logs/en/ac/train/binary/b7/version_8/data/en/train_subset/train_us.txt']
2024-05-14 14:15:12,416 - progress - INFO - 	Dataloader config: {'sample_rate': 16000, 'batch_size': 96, 'num_workers': 10, 'pin_memory': True, 'use_start_end_token': False, 'trim_silence': False, 'is_tarred': False, 'tarred_audio_filepaths': None, 'shuffle_n': 2048, 'bucketing_strategy': 'synced_randomized', 'bucketing_batch_size': None, 'return_sample_id': False, 'drop_last': False, 'asr_repo': 'whisper', 'shuffle': True, 'manifest_filepath': ['logs/en/ac/train/binary/b7/version_8/data/en/train_subset/train_us.txt']}
2024-05-14 14:15:12,417 - progress - INFO - 	Batch size: 96
2024-05-14 14:15:12,484 - progress - INFO - Creating dataloader for ['logs/en/ac/train/binary/b7/version_8/data/en/train_subset/train_ca.txt', 'logs/en/ac/train/binary/b7/version_8/data/en/train_subset/train_uk.txt', 'logs/en/ac/train/binary/b7/version_8/data/en/train_subset/train_in.txt', 'logs/en/ac/train/binary/b7/version_8/data/en/train_subset/train_de.txt', 'logs/en/ac/train/binary/b7/version_8/data/en/train_subset/train_au.txt']
2024-05-14 14:15:12,485 - progress - INFO - 	Dataloader config: {'sample_rate': 16000, 'batch_size': 96, 'num_workers': 10, 'pin_memory': True, 'use_start_end_token': False, 'trim_silence': False, 'is_tarred': False, 'tarred_audio_filepaths': None, 'shuffle_n': 2048, 'bucketing_strategy': 'synced_randomized', 'bucketing_batch_size': None, 'return_sample_id': False, 'drop_last': False, 'asr_repo': 'whisper', 'shuffle': True, 'manifest_filepath': ['logs/en/ac/train/binary/b7/version_8/data/en/train_subset/train_ca.txt', 'logs/en/ac/train/binary/b7/version_8/data/en/train_subset/train_uk.txt', 'logs/en/ac/train/binary/b7/version_8/data/en/train_subset/train_in.txt', 'logs/en/ac/train/binary/b7/version_8/data/en/train_subset/train_de.txt', 'logs/en/ac/train/binary/b7/version_8/data/en/train_subset/train_au.txt']}
2024-05-14 14:15:12,488 - progress - INFO - 	Batch size: 96
2024-05-14 14:15:12,543 - progress - INFO - Creating dataloader for logs/en/ac/train/binary/b7/version_8/data/en/train_subset/test_us.txt
2024-05-14 14:15:12,546 - progress - INFO - 	Dataloader config: {'sample_rate': 16000, 'batch_size': 96, 'num_workers': 10, 'pin_memory': True, 'use_start_end_token': False, 'trim_silence': False, 'is_tarred': False, 'tarred_audio_filepaths': None, 'shuffle_n': 2048, 'bucketing_strategy': 'synced_randomized', 'bucketing_batch_size': None, 'return_sample_id': False, 'drop_last': False, 'asr_repo': 'whisper', 'shuffle': True, 'manifest_filepath': 'logs/en/ac/train/binary/b7/version_8/data/en/train_subset/test_us.txt'}
2024-05-14 14:15:12,548 - progress - INFO - 	Batch size: 96
2024-05-14 14:15:12,900 - progress - INFO - Creating dataloader for logs/en/ac/train/binary/b7/version_8/data/en/train_subset/test_ca.txt
2024-05-14 14:15:12,902 - progress - INFO - 	Dataloader config: {'sample_rate': 16000, 'batch_size': 96, 'num_workers': 10, 'pin_memory': True, 'use_start_end_token': False, 'trim_silence': False, 'is_tarred': False, 'tarred_audio_filepaths': None, 'shuffle_n': 2048, 'bucketing_strategy': 'synced_randomized', 'bucketing_batch_size': None, 'return_sample_id': False, 'drop_last': False, 'asr_repo': 'whisper', 'shuffle': True, 'manifest_filepath': 'logs/en/ac/train/binary/b7/version_8/data/en/train_subset/test_ca.txt'}
2024-05-14 14:15:12,904 - progress - INFO - 	Batch size: 96
2024-05-14 14:15:12,909 - progress - INFO - Creating dataloader for logs/en/ac/train/binary/b7/version_8/data/en/train_subset/test_uk.txt
2024-05-14 14:15:12,909 - progress - INFO - 	Dataloader config: {'sample_rate': 16000, 'batch_size': 96, 'num_workers': 10, 'pin_memory': True, 'use_start_end_token': False, 'trim_silence': False, 'is_tarred': False, 'tarred_audio_filepaths': None, 'shuffle_n': 2048, 'bucketing_strategy': 'synced_randomized', 'bucketing_batch_size': None, 'return_sample_id': False, 'drop_last': False, 'asr_repo': 'whisper', 'shuffle': True, 'manifest_filepath': 'logs/en/ac/train/binary/b7/version_8/data/en/train_subset/test_uk.txt'}
2024-05-14 14:15:12,910 - progress - INFO - 	Batch size: 96
2024-05-14 14:15:12,980 - progress - INFO - Creating dataloader for logs/en/ac/train/binary/b7/version_8/data/en/train_subset/test_in.txt
2024-05-14 14:15:12,982 - progress - INFO - 	Dataloader config: {'sample_rate': 16000, 'batch_size': 96, 'num_workers': 10, 'pin_memory': True, 'use_start_end_token': False, 'trim_silence': False, 'is_tarred': False, 'tarred_audio_filepaths': None, 'shuffle_n': 2048, 'bucketing_strategy': 'synced_randomized', 'bucketing_batch_size': None, 'return_sample_id': False, 'drop_last': False, 'asr_repo': 'whisper', 'shuffle': True, 'manifest_filepath': 'logs/en/ac/train/binary/b7/version_8/data/en/train_subset/test_in.txt'}
2024-05-14 14:15:12,983 - progress - INFO - 	Batch size: 96
2024-05-14 14:15:13,190 - progress - INFO - Creating dataloader for logs/en/ac/train/binary/b7/version_8/data/en/train_subset/test_de.txt
2024-05-14 14:15:13,191 - progress - INFO - 	Dataloader config: {'sample_rate': 16000, 'batch_size': 96, 'num_workers': 10, 'pin_memory': True, 'use_start_end_token': False, 'trim_silence': False, 'is_tarred': False, 'tarred_audio_filepaths': None, 'shuffle_n': 2048, 'bucketing_strategy': 'synced_randomized', 'bucketing_batch_size': None, 'return_sample_id': False, 'drop_last': False, 'asr_repo': 'whisper', 'shuffle': True, 'manifest_filepath': 'logs/en/ac/train/binary/b7/version_8/data/en/train_subset/test_de.txt'}
2024-05-14 14:15:13,192 - progress - INFO - 	Batch size: 96
2024-05-14 14:15:13,452 - progress - INFO - Creating dataloader for logs/en/ac/train/binary/b7/version_8/data/en/train_subset/test_au.txt
2024-05-14 14:15:13,454 - progress - INFO - 	Dataloader config: {'sample_rate': 16000, 'batch_size': 96, 'num_workers': 10, 'pin_memory': True, 'use_start_end_token': False, 'trim_silence': False, 'is_tarred': False, 'tarred_audio_filepaths': None, 'shuffle_n': 2048, 'bucketing_strategy': 'synced_randomized', 'bucketing_batch_size': None, 'return_sample_id': False, 'drop_last': False, 'asr_repo': 'whisper', 'shuffle': True, 'manifest_filepath': 'logs/en/ac/train/binary/b7/version_8/data/en/train_subset/test_au.txt'}
2024-05-14 14:15:13,455 - progress - INFO - 	Batch size: 96
2024-05-14 14:15:13,491 - progress - INFO - Creating dataloader for logs/en/ac/train/binary/b7/version_8/data/en/train_subset/test_hk.txt
2024-05-14 14:15:13,493 - progress - INFO - 	Dataloader config: {'sample_rate': 16000, 'batch_size': 96, 'num_workers': 10, 'pin_memory': True, 'use_start_end_token': False, 'trim_silence': False, 'is_tarred': False, 'tarred_audio_filepaths': None, 'shuffle_n': 2048, 'bucketing_strategy': 'synced_randomized', 'bucketing_batch_size': None, 'return_sample_id': False, 'drop_last': False, 'asr_repo': 'whisper', 'shuffle': True, 'manifest_filepath': 'logs/en/ac/train/binary/b7/version_8/data/en/train_subset/test_hk.txt'}
2024-05-14 14:15:13,494 - progress - INFO - 	Batch size: 96
2024-05-14 14:15:13,524 - progress - INFO - Creating dataloader for logs/en/ac/train/binary/b7/version_8/data/en/train_subset/test_ie.txt
2024-05-14 14:15:13,525 - progress - INFO - 	Dataloader config: {'sample_rate': 16000, 'batch_size': 96, 'num_workers': 10, 'pin_memory': True, 'use_start_end_token': False, 'trim_silence': False, 'is_tarred': False, 'tarred_audio_filepaths': None, 'shuffle_n': 2048, 'bucketing_strategy': 'synced_randomized', 'bucketing_batch_size': None, 'return_sample_id': False, 'drop_last': False, 'asr_repo': 'whisper', 'shuffle': True, 'manifest_filepath': 'logs/en/ac/train/binary/b7/version_8/data/en/train_subset/test_ie.txt'}
2024-05-14 14:15:13,526 - progress - INFO - 	Batch size: 96
2024-05-14 14:15:13,657 - progress - INFO - Creating dataloader for logs/en/ac/train/binary/b7/version_8/data/en/train_subset/test_ni.txt
2024-05-14 14:15:13,659 - progress - INFO - 	Dataloader config: {'sample_rate': 16000, 'batch_size': 96, 'num_workers': 10, 'pin_memory': True, 'use_start_end_token': False, 'trim_silence': False, 'is_tarred': False, 'tarred_audio_filepaths': None, 'shuffle_n': 2048, 'bucketing_strategy': 'synced_randomized', 'bucketing_batch_size': None, 'return_sample_id': False, 'drop_last': False, 'asr_repo': 'whisper', 'shuffle': True, 'manifest_filepath': 'logs/en/ac/train/binary/b7/version_8/data/en/train_subset/test_ni.txt'}
2024-05-14 14:15:13,661 - progress - INFO - 	Batch size: 96
2024-05-14 14:15:13,719 - progress - INFO - Creating dataloader for logs/en/ac/train/binary/b7/version_8/data/en/train_subset/test_nz.txt
2024-05-14 14:15:13,721 - progress - INFO - 	Dataloader config: {'sample_rate': 16000, 'batch_size': 96, 'num_workers': 10, 'pin_memory': True, 'use_start_end_token': False, 'trim_silence': False, 'is_tarred': False, 'tarred_audio_filepaths': None, 'shuffle_n': 2048, 'bucketing_strategy': 'synced_randomized', 'bucketing_batch_size': None, 'return_sample_id': False, 'drop_last': False, 'asr_repo': 'whisper', 'shuffle': True, 'manifest_filepath': 'logs/en/ac/train/binary/b7/version_8/data/en/train_subset/test_nz.txt'}
2024-05-14 14:15:13,723 - progress - INFO - 	Batch size: 96
2024-05-14 14:15:13,786 - progress - INFO - Creating dataloader for logs/en/ac/train/binary/b7/version_8/data/en/train_subset/test_ph.txt
2024-05-14 14:15:13,787 - progress - INFO - 	Dataloader config: {'sample_rate': 16000, 'batch_size': 96, 'num_workers': 10, 'pin_memory': True, 'use_start_end_token': False, 'trim_silence': False, 'is_tarred': False, 'tarred_audio_filepaths': None, 'shuffle_n': 2048, 'bucketing_strategy': 'synced_randomized', 'bucketing_batch_size': None, 'return_sample_id': False, 'drop_last': False, 'asr_repo': 'whisper', 'shuffle': True, 'manifest_filepath': 'logs/en/ac/train/binary/b7/version_8/data/en/train_subset/test_ph.txt'}
2024-05-14 14:15:13,788 - progress - INFO - 	Batch size: 96
2024-05-14 14:15:13,849 - progress - INFO - Creating dataloader for logs/en/ac/train/binary/b7/version_8/data/en/train_subset/test_sc.txt
2024-05-14 14:15:13,850 - progress - INFO - 	Dataloader config: {'sample_rate': 16000, 'batch_size': 96, 'num_workers': 10, 'pin_memory': True, 'use_start_end_token': False, 'trim_silence': False, 'is_tarred': False, 'tarred_audio_filepaths': None, 'shuffle_n': 2048, 'bucketing_strategy': 'synced_randomized', 'bucketing_batch_size': None, 'return_sample_id': False, 'drop_last': False, 'asr_repo': 'whisper', 'shuffle': True, 'manifest_filepath': 'logs/en/ac/train/binary/b7/version_8/data/en/train_subset/test_sc.txt'}
2024-05-14 14:15:13,852 - progress - INFO - 	Batch size: 96
2024-05-14 14:15:13,999 - progress - INFO - Creating dataloader for logs/en/ac/train/binary/b7/version_8/data/en/train_subset/test_sg.txt
2024-05-14 14:15:14,000 - progress - INFO - 	Dataloader config: {'sample_rate': 16000, 'batch_size': 96, 'num_workers': 10, 'pin_memory': True, 'use_start_end_token': False, 'trim_silence': False, 'is_tarred': False, 'tarred_audio_filepaths': None, 'shuffle_n': 2048, 'bucketing_strategy': 'synced_randomized', 'bucketing_batch_size': None, 'return_sample_id': False, 'drop_last': False, 'asr_repo': 'whisper', 'shuffle': True, 'manifest_filepath': 'logs/en/ac/train/binary/b7/version_8/data/en/train_subset/test_sg.txt'}
2024-05-14 14:15:14,001 - progress - INFO - 	Batch size: 96
2024-05-14 14:15:14,027 - progress - INFO - Creating dataloader for logs/en/ac/train/binary/b7/version_8/data/en/train_subset/test_za.txt
2024-05-14 14:15:14,028 - progress - INFO - 	Dataloader config: {'sample_rate': 16000, 'batch_size': 96, 'num_workers': 10, 'pin_memory': True, 'use_start_end_token': False, 'trim_silence': False, 'is_tarred': False, 'tarred_audio_filepaths': None, 'shuffle_n': 2048, 'bucketing_strategy': 'synced_randomized', 'bucketing_batch_size': None, 'return_sample_id': False, 'drop_last': False, 'asr_repo': 'whisper', 'shuffle': True, 'manifest_filepath': 'logs/en/ac/train/binary/b7/version_8/data/en/train_subset/test_za.txt'}
2024-05-14 14:15:14,030 - progress - INFO - 	Batch size: 96
