2023-07-20 09:43:29,924 - progress - INFO - Creating dataloader for logs/en/asr/train/version_5/data/en/train_split/test_us.txt
2023-07-20 09:43:29,925 - progress - INFO - 	Dataloader config: {'sample_rate': 16000, 'batch_size': 12, 'num_workers': 10, 'pin_memory': True, 'use_start_end_token': False, 'trim_silence': False, 'is_tarred': False, 'tarred_audio_filepaths': None, 'shuffle_n': 2048, 'bucketing_strategy': 'synced_randomized', 'bucketing_batch_size': None, 'return_sample_id': False, 'drop_last': False, 'asr_repo': 'whisper', 'shuffle': False, 'manifest_filepath': 'logs/en/asr/train/version_5/data/en/train_split/test_us.txt'}
2023-07-20 09:43:29,926 - progress - INFO - 	Batch size: 12
2023-07-20 09:43:30,324 - progress - INFO - Creating dataloader for logs/en/asr/train/version_5/data/en/train_split/test_ca.txt
2023-07-20 09:43:30,325 - progress - INFO - 	Dataloader config: {'sample_rate': 16000, 'batch_size': 12, 'num_workers': 10, 'pin_memory': True, 'use_start_end_token': False, 'trim_silence': False, 'is_tarred': False, 'tarred_audio_filepaths': None, 'shuffle_n': 2048, 'bucketing_strategy': 'synced_randomized', 'bucketing_batch_size': None, 'return_sample_id': False, 'drop_last': False, 'asr_repo': 'whisper', 'shuffle': False, 'manifest_filepath': 'logs/en/asr/train/version_5/data/en/train_split/test_ca.txt'}
2023-07-20 09:43:30,325 - progress - INFO - 	Batch size: 12
2023-07-20 09:43:30,334 - progress - INFO - Creating dataloader for logs/en/asr/train/version_5/data/en/train_split/test_uk.txt
2023-07-20 09:43:30,335 - progress - INFO - 	Dataloader config: {'sample_rate': 16000, 'batch_size': 12, 'num_workers': 10, 'pin_memory': True, 'use_start_end_token': False, 'trim_silence': False, 'is_tarred': False, 'tarred_audio_filepaths': None, 'shuffle_n': 2048, 'bucketing_strategy': 'synced_randomized', 'bucketing_batch_size': None, 'return_sample_id': False, 'drop_last': False, 'asr_repo': 'whisper', 'shuffle': False, 'manifest_filepath': 'logs/en/asr/train/version_5/data/en/train_split/test_uk.txt'}
2023-07-20 09:43:30,335 - progress - INFO - 	Batch size: 12
2023-07-20 09:43:30,352 - progress - INFO - Creating dataloader for logs/en/asr/train/version_5/data/en/train_split/test_in.txt
2023-07-20 09:43:30,353 - progress - INFO - 	Dataloader config: {'sample_rate': 16000, 'batch_size': 12, 'num_workers': 10, 'pin_memory': True, 'use_start_end_token': False, 'trim_silence': False, 'is_tarred': False, 'tarred_audio_filepaths': None, 'shuffle_n': 2048, 'bucketing_strategy': 'synced_randomized', 'bucketing_batch_size': None, 'return_sample_id': False, 'drop_last': False, 'asr_repo': 'whisper', 'shuffle': False, 'manifest_filepath': 'logs/en/asr/train/version_5/data/en/train_split/test_in.txt'}
2023-07-20 09:43:30,354 - progress - INFO - 	Batch size: 12
2023-07-20 09:43:30,365 - progress - INFO - Creating dataloader for logs/en/asr/train/version_5/data/en/train_split/test_de.txt
2023-07-20 09:43:30,365 - progress - INFO - 	Dataloader config: {'sample_rate': 16000, 'batch_size': 12, 'num_workers': 10, 'pin_memory': True, 'use_start_end_token': False, 'trim_silence': False, 'is_tarred': False, 'tarred_audio_filepaths': None, 'shuffle_n': 2048, 'bucketing_strategy': 'synced_randomized', 'bucketing_batch_size': None, 'return_sample_id': False, 'drop_last': False, 'asr_repo': 'whisper', 'shuffle': False, 'manifest_filepath': 'logs/en/asr/train/version_5/data/en/train_split/test_de.txt'}
2023-07-20 09:43:30,366 - progress - INFO - 	Batch size: 12
2023-07-20 09:43:30,371 - progress - INFO - Creating dataloader for logs/en/asr/train/version_5/data/en/train_split/test_au.txt
2023-07-20 09:43:30,372 - progress - INFO - 	Dataloader config: {'sample_rate': 16000, 'batch_size': 12, 'num_workers': 10, 'pin_memory': True, 'use_start_end_token': False, 'trim_silence': False, 'is_tarred': False, 'tarred_audio_filepaths': None, 'shuffle_n': 2048, 'bucketing_strategy': 'synced_randomized', 'bucketing_batch_size': None, 'return_sample_id': False, 'drop_last': False, 'asr_repo': 'whisper', 'shuffle': False, 'manifest_filepath': 'logs/en/asr/train/version_5/data/en/train_split/test_au.txt'}
2023-07-20 09:43:30,372 - progress - INFO - 	Batch size: 12
2023-07-20 09:43:30,379 - progress - INFO - Creating dataloader for logs/en/asr/train/version_5/data/en/train_split/test_hk.txt
2023-07-20 09:43:30,379 - progress - INFO - 	Dataloader config: {'sample_rate': 16000, 'batch_size': 12, 'num_workers': 10, 'pin_memory': True, 'use_start_end_token': False, 'trim_silence': False, 'is_tarred': False, 'tarred_audio_filepaths': None, 'shuffle_n': 2048, 'bucketing_strategy': 'synced_randomized', 'bucketing_batch_size': None, 'return_sample_id': False, 'drop_last': False, 'asr_repo': 'whisper', 'shuffle': False, 'manifest_filepath': 'logs/en/asr/train/version_5/data/en/train_split/test_hk.txt'}
2023-07-20 09:43:30,379 - progress - INFO - 	Batch size: 12
2023-07-20 09:43:30,383 - progress - INFO - Creating dataloader for logs/en/asr/train/version_5/data/en/train_split/test_ie.txt
2023-07-20 09:43:30,383 - progress - INFO - 	Dataloader config: {'sample_rate': 16000, 'batch_size': 12, 'num_workers': 10, 'pin_memory': True, 'use_start_end_token': False, 'trim_silence': False, 'is_tarred': False, 'tarred_audio_filepaths': None, 'shuffle_n': 2048, 'bucketing_strategy': 'synced_randomized', 'bucketing_batch_size': None, 'return_sample_id': False, 'drop_last': False, 'asr_repo': 'whisper', 'shuffle': False, 'manifest_filepath': 'logs/en/asr/train/version_5/data/en/train_split/test_ie.txt'}
2023-07-20 09:43:30,384 - progress - INFO - 	Batch size: 12
2023-07-20 09:43:30,390 - progress - INFO - Creating dataloader for logs/en/asr/train/version_5/data/en/train_split/test_ni.txt
2023-07-20 09:43:30,391 - progress - INFO - 	Dataloader config: {'sample_rate': 16000, 'batch_size': 12, 'num_workers': 10, 'pin_memory': True, 'use_start_end_token': False, 'trim_silence': False, 'is_tarred': False, 'tarred_audio_filepaths': None, 'shuffle_n': 2048, 'bucketing_strategy': 'synced_randomized', 'bucketing_batch_size': None, 'return_sample_id': False, 'drop_last': False, 'asr_repo': 'whisper', 'shuffle': False, 'manifest_filepath': 'logs/en/asr/train/version_5/data/en/train_split/test_ni.txt'}
2023-07-20 09:43:30,391 - progress - INFO - 	Batch size: 12
2023-07-20 09:43:30,396 - progress - INFO - Creating dataloader for logs/en/asr/train/version_5/data/en/train_split/test_nz.txt
2023-07-20 09:43:30,397 - progress - INFO - 	Dataloader config: {'sample_rate': 16000, 'batch_size': 12, 'num_workers': 10, 'pin_memory': True, 'use_start_end_token': False, 'trim_silence': False, 'is_tarred': False, 'tarred_audio_filepaths': None, 'shuffle_n': 2048, 'bucketing_strategy': 'synced_randomized', 'bucketing_batch_size': None, 'return_sample_id': False, 'drop_last': False, 'asr_repo': 'whisper', 'shuffle': False, 'manifest_filepath': 'logs/en/asr/train/version_5/data/en/train_split/test_nz.txt'}
2023-07-20 09:43:30,397 - progress - INFO - 	Batch size: 12
2023-07-20 09:43:30,406 - progress - INFO - Creating dataloader for logs/en/asr/train/version_5/data/en/train_split/test_ph.txt
2023-07-20 09:43:30,406 - progress - INFO - 	Dataloader config: {'sample_rate': 16000, 'batch_size': 12, 'num_workers': 10, 'pin_memory': True, 'use_start_end_token': False, 'trim_silence': False, 'is_tarred': False, 'tarred_audio_filepaths': None, 'shuffle_n': 2048, 'bucketing_strategy': 'synced_randomized', 'bucketing_batch_size': None, 'return_sample_id': False, 'drop_last': False, 'asr_repo': 'whisper', 'shuffle': False, 'manifest_filepath': 'logs/en/asr/train/version_5/data/en/train_split/test_ph.txt'}
2023-07-20 09:43:30,407 - progress - INFO - 	Batch size: 12
2023-07-20 09:43:30,411 - progress - INFO - Creating dataloader for logs/en/asr/train/version_5/data/en/train_split/test_sc.txt
2023-07-20 09:43:30,411 - progress - INFO - 	Dataloader config: {'sample_rate': 16000, 'batch_size': 12, 'num_workers': 10, 'pin_memory': True, 'use_start_end_token': False, 'trim_silence': False, 'is_tarred': False, 'tarred_audio_filepaths': None, 'shuffle_n': 2048, 'bucketing_strategy': 'synced_randomized', 'bucketing_batch_size': None, 'return_sample_id': False, 'drop_last': False, 'asr_repo': 'whisper', 'shuffle': False, 'manifest_filepath': 'logs/en/asr/train/version_5/data/en/train_split/test_sc.txt'}
2023-07-20 09:43:30,412 - progress - INFO - 	Batch size: 12
2023-07-20 09:43:30,420 - progress - INFO - Creating dataloader for logs/en/asr/train/version_5/data/en/train_split/test_sg.txt
2023-07-20 09:43:30,421 - progress - INFO - 	Dataloader config: {'sample_rate': 16000, 'batch_size': 12, 'num_workers': 10, 'pin_memory': True, 'use_start_end_token': False, 'trim_silence': False, 'is_tarred': False, 'tarred_audio_filepaths': None, 'shuffle_n': 2048, 'bucketing_strategy': 'synced_randomized', 'bucketing_batch_size': None, 'return_sample_id': False, 'drop_last': False, 'asr_repo': 'whisper', 'shuffle': False, 'manifest_filepath': 'logs/en/asr/train/version_5/data/en/train_split/test_sg.txt'}
2023-07-20 09:43:30,421 - progress - INFO - 	Batch size: 12
2023-07-20 09:43:30,424 - progress - INFO - Creating dataloader for logs/en/asr/train/version_5/data/en/train_split/test_za.txt
2023-07-20 09:43:30,425 - progress - INFO - 	Dataloader config: {'sample_rate': 16000, 'batch_size': 12, 'num_workers': 10, 'pin_memory': True, 'use_start_end_token': False, 'trim_silence': False, 'is_tarred': False, 'tarred_audio_filepaths': None, 'shuffle_n': 2048, 'bucketing_strategy': 'synced_randomized', 'bucketing_batch_size': None, 'return_sample_id': False, 'drop_last': False, 'asr_repo': 'whisper', 'shuffle': False, 'manifest_filepath': 'logs/en/asr/train/version_5/data/en/train_split/test_za.txt'}
2023-07-20 09:43:30,425 - progress - INFO - 	Batch size: 12
2023-07-20 09:46:49,402 - progress - INFO - Configuring optimizers
2023-07-20 09:46:49,431 - progress - INFO - Creating dataloader for ['logs/en/asr/train/version_5/data/en/train_split/train_us.txt', 'logs/en/asr/train/version_5/data/en/train_split/train_ca.txt', 'logs/en/asr/train/version_5/data/en/train_split/train_uk.txt', 'logs/en/asr/train/version_5/data/en/train_split/train_in.txt', 'logs/en/asr/train/version_5/data/en/train_split/train_de.txt', 'logs/en/asr/train/version_5/data/en/train_split/train_au.txt']
2023-07-20 09:46:49,432 - progress - INFO - 	Dataloader config: {'sample_rate': 16000, 'batch_size': 12, 'num_workers': 10, 'pin_memory': True, 'use_start_end_token': False, 'trim_silence': False, 'is_tarred': False, 'tarred_audio_filepaths': None, 'shuffle_n': 2048, 'bucketing_strategy': 'synced_randomized', 'bucketing_batch_size': None, 'return_sample_id': False, 'drop_last': False, 'asr_repo': 'whisper', 'shuffle': True, 'manifest_filepath': ['logs/en/asr/train/version_5/data/en/train_split/train_us.txt', 'logs/en/asr/train/version_5/data/en/train_split/train_ca.txt', 'logs/en/asr/train/version_5/data/en/train_split/train_uk.txt', 'logs/en/asr/train/version_5/data/en/train_split/train_in.txt', 'logs/en/asr/train/version_5/data/en/train_split/train_de.txt', 'logs/en/asr/train/version_5/data/en/train_split/train_au.txt']}
2023-07-20 09:46:49,433 - progress - INFO - 	Batch size: 12
2023-07-20 09:46:50,104 - progress - INFO - Creating dataloader for logs/en/asr/train/version_5/data/en/train_split/test_us.txt
2023-07-20 09:46:50,105 - progress - INFO - 	Dataloader config: {'sample_rate': 16000, 'batch_size': 12, 'num_workers': 10, 'pin_memory': True, 'use_start_end_token': False, 'trim_silence': False, 'is_tarred': False, 'tarred_audio_filepaths': None, 'shuffle_n': 2048, 'bucketing_strategy': 'synced_randomized', 'bucketing_batch_size': None, 'return_sample_id': False, 'drop_last': False, 'asr_repo': 'whisper', 'shuffle': False, 'manifest_filepath': 'logs/en/asr/train/version_5/data/en/train_split/test_us.txt'}
2023-07-20 09:46:50,105 - progress - INFO - 	Batch size: 12
2023-07-20 09:46:50,150 - progress - INFO - Creating dataloader for logs/en/asr/train/version_5/data/en/train_split/test_ca.txt
2023-07-20 09:46:50,150 - progress - INFO - 	Dataloader config: {'sample_rate': 16000, 'batch_size': 12, 'num_workers': 10, 'pin_memory': True, 'use_start_end_token': False, 'trim_silence': False, 'is_tarred': False, 'tarred_audio_filepaths': None, 'shuffle_n': 2048, 'bucketing_strategy': 'synced_randomized', 'bucketing_batch_size': None, 'return_sample_id': False, 'drop_last': False, 'asr_repo': 'whisper', 'shuffle': False, 'manifest_filepath': 'logs/en/asr/train/version_5/data/en/train_split/test_ca.txt'}
2023-07-20 09:46:50,151 - progress - INFO - 	Batch size: 12
2023-07-20 09:46:50,159 - progress - INFO - Creating dataloader for logs/en/asr/train/version_5/data/en/train_split/test_uk.txt
2023-07-20 09:46:50,160 - progress - INFO - 	Dataloader config: {'sample_rate': 16000, 'batch_size': 12, 'num_workers': 10, 'pin_memory': True, 'use_start_end_token': False, 'trim_silence': False, 'is_tarred': False, 'tarred_audio_filepaths': None, 'shuffle_n': 2048, 'bucketing_strategy': 'synced_randomized', 'bucketing_batch_size': None, 'return_sample_id': False, 'drop_last': False, 'asr_repo': 'whisper', 'shuffle': False, 'manifest_filepath': 'logs/en/asr/train/version_5/data/en/train_split/test_uk.txt'}
2023-07-20 09:46:50,160 - progress - INFO - 	Batch size: 12
2023-07-20 09:46:50,176 - progress - INFO - Creating dataloader for logs/en/asr/train/version_5/data/en/train_split/test_in.txt
2023-07-20 09:46:50,177 - progress - INFO - 	Dataloader config: {'sample_rate': 16000, 'batch_size': 12, 'num_workers': 10, 'pin_memory': True, 'use_start_end_token': False, 'trim_silence': False, 'is_tarred': False, 'tarred_audio_filepaths': None, 'shuffle_n': 2048, 'bucketing_strategy': 'synced_randomized', 'bucketing_batch_size': None, 'return_sample_id': False, 'drop_last': False, 'asr_repo': 'whisper', 'shuffle': False, 'manifest_filepath': 'logs/en/asr/train/version_5/data/en/train_split/test_in.txt'}
2023-07-20 09:46:50,177 - progress - INFO - 	Batch size: 12
2023-07-20 09:46:50,190 - progress - INFO - Creating dataloader for logs/en/asr/train/version_5/data/en/train_split/test_de.txt
2023-07-20 09:46:50,191 - progress - INFO - 	Dataloader config: {'sample_rate': 16000, 'batch_size': 12, 'num_workers': 10, 'pin_memory': True, 'use_start_end_token': False, 'trim_silence': False, 'is_tarred': False, 'tarred_audio_filepaths': None, 'shuffle_n': 2048, 'bucketing_strategy': 'synced_randomized', 'bucketing_batch_size': None, 'return_sample_id': False, 'drop_last': False, 'asr_repo': 'whisper', 'shuffle': False, 'manifest_filepath': 'logs/en/asr/train/version_5/data/en/train_split/test_de.txt'}
2023-07-20 09:46:50,191 - progress - INFO - 	Batch size: 12
2023-07-20 09:46:50,197 - progress - INFO - Creating dataloader for logs/en/asr/train/version_5/data/en/train_split/test_au.txt
2023-07-20 09:46:50,198 - progress - INFO - 	Dataloader config: {'sample_rate': 16000, 'batch_size': 12, 'num_workers': 10, 'pin_memory': True, 'use_start_end_token': False, 'trim_silence': False, 'is_tarred': False, 'tarred_audio_filepaths': None, 'shuffle_n': 2048, 'bucketing_strategy': 'synced_randomized', 'bucketing_batch_size': None, 'return_sample_id': False, 'drop_last': False, 'asr_repo': 'whisper', 'shuffle': False, 'manifest_filepath': 'logs/en/asr/train/version_5/data/en/train_split/test_au.txt'}
2023-07-20 09:46:50,198 - progress - INFO - 	Batch size: 12
2023-07-20 09:46:50,206 - progress - INFO - Creating dataloader for logs/en/asr/train/version_5/data/en/train_split/test_hk.txt
2023-07-20 09:46:50,206 - progress - INFO - 	Dataloader config: {'sample_rate': 16000, 'batch_size': 12, 'num_workers': 10, 'pin_memory': True, 'use_start_end_token': False, 'trim_silence': False, 'is_tarred': False, 'tarred_audio_filepaths': None, 'shuffle_n': 2048, 'bucketing_strategy': 'synced_randomized', 'bucketing_batch_size': None, 'return_sample_id': False, 'drop_last': False, 'asr_repo': 'whisper', 'shuffle': False, 'manifest_filepath': 'logs/en/asr/train/version_5/data/en/train_split/test_hk.txt'}
2023-07-20 09:46:50,207 - progress - INFO - 	Batch size: 12
2023-07-20 09:46:50,211 - progress - INFO - Creating dataloader for logs/en/asr/train/version_5/data/en/train_split/test_ie.txt
2023-07-20 09:46:50,212 - progress - INFO - 	Dataloader config: {'sample_rate': 16000, 'batch_size': 12, 'num_workers': 10, 'pin_memory': True, 'use_start_end_token': False, 'trim_silence': False, 'is_tarred': False, 'tarred_audio_filepaths': None, 'shuffle_n': 2048, 'bucketing_strategy': 'synced_randomized', 'bucketing_batch_size': None, 'return_sample_id': False, 'drop_last': False, 'asr_repo': 'whisper', 'shuffle': False, 'manifest_filepath': 'logs/en/asr/train/version_5/data/en/train_split/test_ie.txt'}
2023-07-20 09:46:50,213 - progress - INFO - 	Batch size: 12
2023-07-20 09:46:50,219 - progress - INFO - Creating dataloader for logs/en/asr/train/version_5/data/en/train_split/test_ni.txt
2023-07-20 09:46:50,220 - progress - INFO - 	Dataloader config: {'sample_rate': 16000, 'batch_size': 12, 'num_workers': 10, 'pin_memory': True, 'use_start_end_token': False, 'trim_silence': False, 'is_tarred': False, 'tarred_audio_filepaths': None, 'shuffle_n': 2048, 'bucketing_strategy': 'synced_randomized', 'bucketing_batch_size': None, 'return_sample_id': False, 'drop_last': False, 'asr_repo': 'whisper', 'shuffle': False, 'manifest_filepath': 'logs/en/asr/train/version_5/data/en/train_split/test_ni.txt'}
2023-07-20 09:46:50,221 - progress - INFO - 	Batch size: 12
2023-07-20 09:46:50,226 - progress - INFO - Creating dataloader for logs/en/asr/train/version_5/data/en/train_split/test_nz.txt
2023-07-20 09:46:50,226 - progress - INFO - 	Dataloader config: {'sample_rate': 16000, 'batch_size': 12, 'num_workers': 10, 'pin_memory': True, 'use_start_end_token': False, 'trim_silence': False, 'is_tarred': False, 'tarred_audio_filepaths': None, 'shuffle_n': 2048, 'bucketing_strategy': 'synced_randomized', 'bucketing_batch_size': None, 'return_sample_id': False, 'drop_last': False, 'asr_repo': 'whisper', 'shuffle': False, 'manifest_filepath': 'logs/en/asr/train/version_5/data/en/train_split/test_nz.txt'}
2023-07-20 09:46:50,227 - progress - INFO - 	Batch size: 12
2023-07-20 09:46:50,235 - progress - INFO - Creating dataloader for logs/en/asr/train/version_5/data/en/train_split/test_ph.txt
2023-07-20 09:46:50,236 - progress - INFO - 	Dataloader config: {'sample_rate': 16000, 'batch_size': 12, 'num_workers': 10, 'pin_memory': True, 'use_start_end_token': False, 'trim_silence': False, 'is_tarred': False, 'tarred_audio_filepaths': None, 'shuffle_n': 2048, 'bucketing_strategy': 'synced_randomized', 'bucketing_batch_size': None, 'return_sample_id': False, 'drop_last': False, 'asr_repo': 'whisper', 'shuffle': False, 'manifest_filepath': 'logs/en/asr/train/version_5/data/en/train_split/test_ph.txt'}
2023-07-20 09:46:50,236 - progress - INFO - 	Batch size: 12
2023-07-20 09:46:50,241 - progress - INFO - Creating dataloader for logs/en/asr/train/version_5/data/en/train_split/test_sc.txt
2023-07-20 09:46:50,242 - progress - INFO - 	Dataloader config: {'sample_rate': 16000, 'batch_size': 12, 'num_workers': 10, 'pin_memory': True, 'use_start_end_token': False, 'trim_silence': False, 'is_tarred': False, 'tarred_audio_filepaths': None, 'shuffle_n': 2048, 'bucketing_strategy': 'synced_randomized', 'bucketing_batch_size': None, 'return_sample_id': False, 'drop_last': False, 'asr_repo': 'whisper', 'shuffle': False, 'manifest_filepath': 'logs/en/asr/train/version_5/data/en/train_split/test_sc.txt'}
2023-07-20 09:46:50,242 - progress - INFO - 	Batch size: 12
2023-07-20 09:46:50,252 - progress - INFO - Creating dataloader for logs/en/asr/train/version_5/data/en/train_split/test_sg.txt
2023-07-20 09:46:50,252 - progress - INFO - 	Dataloader config: {'sample_rate': 16000, 'batch_size': 12, 'num_workers': 10, 'pin_memory': True, 'use_start_end_token': False, 'trim_silence': False, 'is_tarred': False, 'tarred_audio_filepaths': None, 'shuffle_n': 2048, 'bucketing_strategy': 'synced_randomized', 'bucketing_batch_size': None, 'return_sample_id': False, 'drop_last': False, 'asr_repo': 'whisper', 'shuffle': False, 'manifest_filepath': 'logs/en/asr/train/version_5/data/en/train_split/test_sg.txt'}
2023-07-20 09:46:50,253 - progress - INFO - 	Batch size: 12
2023-07-20 09:46:50,258 - progress - INFO - Creating dataloader for logs/en/asr/train/version_5/data/en/train_split/test_za.txt
2023-07-20 09:46:50,258 - progress - INFO - 	Dataloader config: {'sample_rate': 16000, 'batch_size': 12, 'num_workers': 10, 'pin_memory': True, 'use_start_end_token': False, 'trim_silence': False, 'is_tarred': False, 'tarred_audio_filepaths': None, 'shuffle_n': 2048, 'bucketing_strategy': 'synced_randomized', 'bucketing_batch_size': None, 'return_sample_id': False, 'drop_last': False, 'asr_repo': 'whisper', 'shuffle': False, 'manifest_filepath': 'logs/en/asr/train/version_5/data/en/train_split/test_za.txt'}
2023-07-20 09:46:50,259 - progress - INFO - 	Batch size: 12
