2024-04-16 18:26:34,973 - progress - INFO - Configuring optimizers
2024-04-16 18:26:34,975 - progress - INFO - Creating dataloader for ['logs/en/ac/train/binary/b7/version_35/data/en/train_subset/train_us.txt']
2024-04-16 18:26:34,977 - progress - INFO - 	Dataloader config: {'sample_rate': 16000, 'batch_size': 100, 'num_workers': 10, 'pin_memory': True, 'use_start_end_token': False, 'trim_silence': False, 'is_tarred': False, 'tarred_audio_filepaths': None, 'shuffle_n': 2048, 'bucketing_strategy': 'synced_randomized', 'bucketing_batch_size': None, 'return_sample_id': False, 'drop_last': False, 'asr_repo': 'whisper', 'shuffle': True, 'manifest_filepath': ['logs/en/ac/train/binary/b7/version_35/data/en/train_subset/train_us.txt']}
2024-04-16 18:26:34,979 - progress - INFO - 	Batch size: 100
2024-04-16 18:26:35,497 - progress - INFO - Creating dataloader for ['logs/en/ac/train/binary/b7/version_35/data/en/train_subset/train_ca.txt', 'logs/en/ac/train/binary/b7/version_35/data/en/train_subset/train_uk.txt', 'logs/en/ac/train/binary/b7/version_35/data/en/train_subset/train_in.txt', 'logs/en/ac/train/binary/b7/version_35/data/en/train_subset/train_de.txt', 'logs/en/ac/train/binary/b7/version_35/data/en/train_subset/train_au.txt']
2024-04-16 18:26:35,499 - progress - INFO - 	Dataloader config: {'sample_rate': 16000, 'batch_size': 100, 'num_workers': 10, 'pin_memory': True, 'use_start_end_token': False, 'trim_silence': False, 'is_tarred': False, 'tarred_audio_filepaths': None, 'shuffle_n': 2048, 'bucketing_strategy': 'synced_randomized', 'bucketing_batch_size': None, 'return_sample_id': False, 'drop_last': False, 'asr_repo': 'whisper', 'shuffle': True, 'manifest_filepath': ['logs/en/ac/train/binary/b7/version_35/data/en/train_subset/train_ca.txt', 'logs/en/ac/train/binary/b7/version_35/data/en/train_subset/train_uk.txt', 'logs/en/ac/train/binary/b7/version_35/data/en/train_subset/train_in.txt', 'logs/en/ac/train/binary/b7/version_35/data/en/train_subset/train_de.txt', 'logs/en/ac/train/binary/b7/version_35/data/en/train_subset/train_au.txt']}
2024-04-16 18:26:35,501 - progress - INFO - 	Batch size: 100
2024-04-16 18:26:35,536 - progress - INFO - Scheduler max. steps: 124
2024-04-16 18:26:35,618 - progress - INFO - Creating dataloader for ['logs/en/ac/train/binary/b7/version_35/data/en/train_subset/train_us.txt']
2024-04-16 18:26:35,619 - progress - INFO - 	Dataloader config: {'sample_rate': 16000, 'batch_size': 100, 'num_workers': 10, 'pin_memory': True, 'use_start_end_token': False, 'trim_silence': False, 'is_tarred': False, 'tarred_audio_filepaths': None, 'shuffle_n': 2048, 'bucketing_strategy': 'synced_randomized', 'bucketing_batch_size': None, 'return_sample_id': False, 'drop_last': False, 'asr_repo': 'whisper', 'shuffle': True, 'manifest_filepath': ['logs/en/ac/train/binary/b7/version_35/data/en/train_subset/train_us.txt']}
2024-04-16 18:26:35,621 - progress - INFO - 	Batch size: 100
2024-04-16 18:26:35,644 - progress - INFO - Creating dataloader for ['logs/en/ac/train/binary/b7/version_35/data/en/train_subset/train_ca.txt', 'logs/en/ac/train/binary/b7/version_35/data/en/train_subset/train_uk.txt', 'logs/en/ac/train/binary/b7/version_35/data/en/train_subset/train_in.txt', 'logs/en/ac/train/binary/b7/version_35/data/en/train_subset/train_de.txt', 'logs/en/ac/train/binary/b7/version_35/data/en/train_subset/train_au.txt']
2024-04-16 18:26:35,646 - progress - INFO - 	Dataloader config: {'sample_rate': 16000, 'batch_size': 100, 'num_workers': 10, 'pin_memory': True, 'use_start_end_token': False, 'trim_silence': False, 'is_tarred': False, 'tarred_audio_filepaths': None, 'shuffle_n': 2048, 'bucketing_strategy': 'synced_randomized', 'bucketing_batch_size': None, 'return_sample_id': False, 'drop_last': False, 'asr_repo': 'whisper', 'shuffle': True, 'manifest_filepath': ['logs/en/ac/train/binary/b7/version_35/data/en/train_subset/train_ca.txt', 'logs/en/ac/train/binary/b7/version_35/data/en/train_subset/train_uk.txt', 'logs/en/ac/train/binary/b7/version_35/data/en/train_subset/train_in.txt', 'logs/en/ac/train/binary/b7/version_35/data/en/train_subset/train_de.txt', 'logs/en/ac/train/binary/b7/version_35/data/en/train_subset/train_au.txt']}
2024-04-16 18:26:35,647 - progress - INFO - 	Batch size: 100
2024-04-16 18:26:35,690 - progress - INFO - Creating dataloader for logs/en/ac/train/binary/b7/version_35/data/en/train_subset/test_us.txt
2024-04-16 18:26:35,692 - progress - INFO - 	Dataloader config: {'sample_rate': 16000, 'batch_size': 100, 'num_workers': 10, 'pin_memory': True, 'use_start_end_token': False, 'trim_silence': False, 'is_tarred': False, 'tarred_audio_filepaths': None, 'shuffle_n': 2048, 'bucketing_strategy': 'synced_randomized', 'bucketing_batch_size': None, 'return_sample_id': False, 'drop_last': False, 'asr_repo': 'whisper', 'shuffle': False, 'manifest_filepath': 'logs/en/ac/train/binary/b7/version_35/data/en/train_subset/test_us.txt'}
2024-04-16 18:26:35,694 - progress - INFO - 	Batch size: 100
2024-04-16 18:26:35,704 - progress - INFO - Creating dataloader for logs/en/ac/train/binary/b7/version_35/data/en/train_subset/test_ca.txt
2024-04-16 18:26:35,705 - progress - INFO - 	Dataloader config: {'sample_rate': 16000, 'batch_size': 100, 'num_workers': 10, 'pin_memory': True, 'use_start_end_token': False, 'trim_silence': False, 'is_tarred': False, 'tarred_audio_filepaths': None, 'shuffle_n': 2048, 'bucketing_strategy': 'synced_randomized', 'bucketing_batch_size': None, 'return_sample_id': False, 'drop_last': False, 'asr_repo': 'whisper', 'shuffle': False, 'manifest_filepath': 'logs/en/ac/train/binary/b7/version_35/data/en/train_subset/test_ca.txt'}
2024-04-16 18:26:35,706 - progress - INFO - 	Batch size: 100
2024-04-16 18:26:35,712 - progress - INFO - Creating dataloader for logs/en/ac/train/binary/b7/version_35/data/en/train_subset/test_uk.txt
2024-04-16 18:26:35,714 - progress - INFO - 	Dataloader config: {'sample_rate': 16000, 'batch_size': 100, 'num_workers': 10, 'pin_memory': True, 'use_start_end_token': False, 'trim_silence': False, 'is_tarred': False, 'tarred_audio_filepaths': None, 'shuffle_n': 2048, 'bucketing_strategy': 'synced_randomized', 'bucketing_batch_size': None, 'return_sample_id': False, 'drop_last': False, 'asr_repo': 'whisper', 'shuffle': False, 'manifest_filepath': 'logs/en/ac/train/binary/b7/version_35/data/en/train_subset/test_uk.txt'}
2024-04-16 18:26:35,715 - progress - INFO - 	Batch size: 100
2024-04-16 18:26:35,720 - progress - INFO - Creating dataloader for logs/en/ac/train/binary/b7/version_35/data/en/train_subset/test_in.txt
2024-04-16 18:26:35,721 - progress - INFO - 	Dataloader config: {'sample_rate': 16000, 'batch_size': 100, 'num_workers': 10, 'pin_memory': True, 'use_start_end_token': False, 'trim_silence': False, 'is_tarred': False, 'tarred_audio_filepaths': None, 'shuffle_n': 2048, 'bucketing_strategy': 'synced_randomized', 'bucketing_batch_size': None, 'return_sample_id': False, 'drop_last': False, 'asr_repo': 'whisper', 'shuffle': False, 'manifest_filepath': 'logs/en/ac/train/binary/b7/version_35/data/en/train_subset/test_in.txt'}
2024-04-16 18:26:35,722 - progress - INFO - 	Batch size: 100
2024-04-16 18:26:35,730 - progress - INFO - Creating dataloader for logs/en/ac/train/binary/b7/version_35/data/en/train_subset/test_de.txt
2024-04-16 18:26:35,732 - progress - INFO - 	Dataloader config: {'sample_rate': 16000, 'batch_size': 100, 'num_workers': 10, 'pin_memory': True, 'use_start_end_token': False, 'trim_silence': False, 'is_tarred': False, 'tarred_audio_filepaths': None, 'shuffle_n': 2048, 'bucketing_strategy': 'synced_randomized', 'bucketing_batch_size': None, 'return_sample_id': False, 'drop_last': False, 'asr_repo': 'whisper', 'shuffle': False, 'manifest_filepath': 'logs/en/ac/train/binary/b7/version_35/data/en/train_subset/test_de.txt'}
2024-04-16 18:26:35,734 - progress - INFO - 	Batch size: 100
2024-04-16 18:26:35,738 - progress - INFO - Creating dataloader for logs/en/ac/train/binary/b7/version_35/data/en/train_subset/test_au.txt
2024-04-16 18:26:35,740 - progress - INFO - 	Dataloader config: {'sample_rate': 16000, 'batch_size': 100, 'num_workers': 10, 'pin_memory': True, 'use_start_end_token': False, 'trim_silence': False, 'is_tarred': False, 'tarred_audio_filepaths': None, 'shuffle_n': 2048, 'bucketing_strategy': 'synced_randomized', 'bucketing_batch_size': None, 'return_sample_id': False, 'drop_last': False, 'asr_repo': 'whisper', 'shuffle': False, 'manifest_filepath': 'logs/en/ac/train/binary/b7/version_35/data/en/train_subset/test_au.txt'}
2024-04-16 18:26:35,742 - progress - INFO - 	Batch size: 100
2024-04-16 18:26:35,750 - progress - INFO - Creating dataloader for logs/en/ac/train/binary/b7/version_35/data/en/train_subset/test_hk.txt
2024-04-16 18:26:35,752 - progress - INFO - 	Dataloader config: {'sample_rate': 16000, 'batch_size': 100, 'num_workers': 10, 'pin_memory': True, 'use_start_end_token': False, 'trim_silence': False, 'is_tarred': False, 'tarred_audio_filepaths': None, 'shuffle_n': 2048, 'bucketing_strategy': 'synced_randomized', 'bucketing_batch_size': None, 'return_sample_id': False, 'drop_last': False, 'asr_repo': 'whisper', 'shuffle': False, 'manifest_filepath': 'logs/en/ac/train/binary/b7/version_35/data/en/train_subset/test_hk.txt'}
2024-04-16 18:26:35,754 - progress - INFO - 	Batch size: 100
2024-04-16 18:26:35,757 - progress - INFO - Creating dataloader for logs/en/ac/train/binary/b7/version_35/data/en/train_subset/test_ie.txt
2024-04-16 18:26:35,758 - progress - INFO - 	Dataloader config: {'sample_rate': 16000, 'batch_size': 100, 'num_workers': 10, 'pin_memory': True, 'use_start_end_token': False, 'trim_silence': False, 'is_tarred': False, 'tarred_audio_filepaths': None, 'shuffle_n': 2048, 'bucketing_strategy': 'synced_randomized', 'bucketing_batch_size': None, 'return_sample_id': False, 'drop_last': False, 'asr_repo': 'whisper', 'shuffle': False, 'manifest_filepath': 'logs/en/ac/train/binary/b7/version_35/data/en/train_subset/test_ie.txt'}
2024-04-16 18:26:35,760 - progress - INFO - 	Batch size: 100
2024-04-16 18:26:35,764 - progress - INFO - Creating dataloader for logs/en/ac/train/binary/b7/version_35/data/en/train_subset/test_ni.txt
2024-04-16 18:26:35,764 - progress - INFO - 	Dataloader config: {'sample_rate': 16000, 'batch_size': 100, 'num_workers': 10, 'pin_memory': True, 'use_start_end_token': False, 'trim_silence': False, 'is_tarred': False, 'tarred_audio_filepaths': None, 'shuffle_n': 2048, 'bucketing_strategy': 'synced_randomized', 'bucketing_batch_size': None, 'return_sample_id': False, 'drop_last': False, 'asr_repo': 'whisper', 'shuffle': False, 'manifest_filepath': 'logs/en/ac/train/binary/b7/version_35/data/en/train_subset/test_ni.txt'}
2024-04-16 18:26:35,766 - progress - INFO - 	Batch size: 100
2024-04-16 18:26:35,774 - progress - INFO - Creating dataloader for logs/en/ac/train/binary/b7/version_35/data/en/train_subset/test_nz.txt
2024-04-16 18:26:35,776 - progress - INFO - 	Dataloader config: {'sample_rate': 16000, 'batch_size': 100, 'num_workers': 10, 'pin_memory': True, 'use_start_end_token': False, 'trim_silence': False, 'is_tarred': False, 'tarred_audio_filepaths': None, 'shuffle_n': 2048, 'bucketing_strategy': 'synced_randomized', 'bucketing_batch_size': None, 'return_sample_id': False, 'drop_last': False, 'asr_repo': 'whisper', 'shuffle': False, 'manifest_filepath': 'logs/en/ac/train/binary/b7/version_35/data/en/train_subset/test_nz.txt'}
2024-04-16 18:26:35,777 - progress - INFO - 	Batch size: 100
2024-04-16 18:26:35,785 - progress - INFO - Creating dataloader for logs/en/ac/train/binary/b7/version_35/data/en/train_subset/test_ph.txt
2024-04-16 18:26:35,787 - progress - INFO - 	Dataloader config: {'sample_rate': 16000, 'batch_size': 100, 'num_workers': 10, 'pin_memory': True, 'use_start_end_token': False, 'trim_silence': False, 'is_tarred': False, 'tarred_audio_filepaths': None, 'shuffle_n': 2048, 'bucketing_strategy': 'synced_randomized', 'bucketing_batch_size': None, 'return_sample_id': False, 'drop_last': False, 'asr_repo': 'whisper', 'shuffle': False, 'manifest_filepath': 'logs/en/ac/train/binary/b7/version_35/data/en/train_subset/test_ph.txt'}
2024-04-16 18:26:35,788 - progress - INFO - 	Batch size: 100
2024-04-16 18:26:35,792 - progress - INFO - Creating dataloader for logs/en/ac/train/binary/b7/version_35/data/en/train_subset/test_sc.txt
2024-04-16 18:26:35,794 - progress - INFO - 	Dataloader config: {'sample_rate': 16000, 'batch_size': 100, 'num_workers': 10, 'pin_memory': True, 'use_start_end_token': False, 'trim_silence': False, 'is_tarred': False, 'tarred_audio_filepaths': None, 'shuffle_n': 2048, 'bucketing_strategy': 'synced_randomized', 'bucketing_batch_size': None, 'return_sample_id': False, 'drop_last': False, 'asr_repo': 'whisper', 'shuffle': False, 'manifest_filepath': 'logs/en/ac/train/binary/b7/version_35/data/en/train_subset/test_sc.txt'}
2024-04-16 18:26:35,795 - progress - INFO - 	Batch size: 100
2024-04-16 18:26:35,800 - progress - INFO - Creating dataloader for logs/en/ac/train/binary/b7/version_35/data/en/train_subset/test_sg.txt
2024-04-16 18:26:35,801 - progress - INFO - 	Dataloader config: {'sample_rate': 16000, 'batch_size': 100, 'num_workers': 10, 'pin_memory': True, 'use_start_end_token': False, 'trim_silence': False, 'is_tarred': False, 'tarred_audio_filepaths': None, 'shuffle_n': 2048, 'bucketing_strategy': 'synced_randomized', 'bucketing_batch_size': None, 'return_sample_id': False, 'drop_last': False, 'asr_repo': 'whisper', 'shuffle': False, 'manifest_filepath': 'logs/en/ac/train/binary/b7/version_35/data/en/train_subset/test_sg.txt'}
2024-04-16 18:26:35,803 - progress - INFO - 	Batch size: 100
2024-04-16 18:26:35,810 - progress - INFO - Creating dataloader for logs/en/ac/train/binary/b7/version_35/data/en/train_subset/test_za.txt
2024-04-16 18:26:35,811 - progress - INFO - 	Dataloader config: {'sample_rate': 16000, 'batch_size': 100, 'num_workers': 10, 'pin_memory': True, 'use_start_end_token': False, 'trim_silence': False, 'is_tarred': False, 'tarred_audio_filepaths': None, 'shuffle_n': 2048, 'bucketing_strategy': 'synced_randomized', 'bucketing_batch_size': None, 'return_sample_id': False, 'drop_last': False, 'asr_repo': 'whisper', 'shuffle': False, 'manifest_filepath': 'logs/en/ac/train/binary/b7/version_35/data/en/train_subset/test_za.txt'}
2024-04-16 18:26:35,813 - progress - INFO - 	Batch size: 100
