2024-06-08 11:28:01,650 - progress - INFO - Creating dataloader for logs/en/ensemble/train/binary/b7/DAT/version_77/data/en/train_subset/test_us.txt
2024-06-08 11:28:01,660 - progress - INFO - 	Dataloader config: {'sample_rate': 16000, 'batch_size': 8, 'num_workers': 10, 'pin_memory': True, 'use_start_end_token': False, 'trim_silence': False, 'is_tarred': False, 'tarred_audio_filepaths': None, 'shuffle_n': 2048, 'bucketing_strategy': 'synced_randomized', 'bucketing_batch_size': None, 'return_sample_id': False, 'drop_last': False, 'asr_repo': 'whisper', 'shuffle': False, 'manifest_filepath': 'logs/en/ensemble/train/binary/b7/DAT/version_77/data/en/train_subset/test_us.txt'}
2024-06-08 11:28:01,661 - progress - INFO - 	Batch size: 8
2024-06-08 11:28:01,875 - progress - INFO - Creating dataloader for logs/en/ensemble/train/binary/b7/DAT/version_77/data/en/train_subset/test_ca.txt
2024-06-08 11:28:01,876 - progress - INFO - 	Dataloader config: {'sample_rate': 16000, 'batch_size': 8, 'num_workers': 10, 'pin_memory': True, 'use_start_end_token': False, 'trim_silence': False, 'is_tarred': False, 'tarred_audio_filepaths': None, 'shuffle_n': 2048, 'bucketing_strategy': 'synced_randomized', 'bucketing_batch_size': None, 'return_sample_id': False, 'drop_last': False, 'asr_repo': 'whisper', 'shuffle': False, 'manifest_filepath': 'logs/en/ensemble/train/binary/b7/DAT/version_77/data/en/train_subset/test_ca.txt'}
2024-06-08 11:28:01,877 - progress - INFO - 	Batch size: 8
2024-06-08 11:28:01,881 - progress - INFO - Creating dataloader for logs/en/ensemble/train/binary/b7/DAT/version_77/data/en/train_subset/test_uk.txt
2024-06-08 11:28:01,881 - progress - INFO - 	Dataloader config: {'sample_rate': 16000, 'batch_size': 8, 'num_workers': 10, 'pin_memory': True, 'use_start_end_token': False, 'trim_silence': False, 'is_tarred': False, 'tarred_audio_filepaths': None, 'shuffle_n': 2048, 'bucketing_strategy': 'synced_randomized', 'bucketing_batch_size': None, 'return_sample_id': False, 'drop_last': False, 'asr_repo': 'whisper', 'shuffle': False, 'manifest_filepath': 'logs/en/ensemble/train/binary/b7/DAT/version_77/data/en/train_subset/test_uk.txt'}
2024-06-08 11:28:01,882 - progress - INFO - 	Batch size: 8
2024-06-08 11:28:01,886 - progress - INFO - Creating dataloader for logs/en/ensemble/train/binary/b7/DAT/version_77/data/en/train_subset/test_in.txt
2024-06-08 11:28:01,886 - progress - INFO - 	Dataloader config: {'sample_rate': 16000, 'batch_size': 8, 'num_workers': 10, 'pin_memory': True, 'use_start_end_token': False, 'trim_silence': False, 'is_tarred': False, 'tarred_audio_filepaths': None, 'shuffle_n': 2048, 'bucketing_strategy': 'synced_randomized', 'bucketing_batch_size': None, 'return_sample_id': False, 'drop_last': False, 'asr_repo': 'whisper', 'shuffle': False, 'manifest_filepath': 'logs/en/ensemble/train/binary/b7/DAT/version_77/data/en/train_subset/test_in.txt'}
2024-06-08 11:28:01,887 - progress - INFO - 	Batch size: 8
2024-06-08 11:28:01,890 - progress - INFO - Creating dataloader for logs/en/ensemble/train/binary/b7/DAT/version_77/data/en/train_subset/test_de.txt
2024-06-08 11:28:01,891 - progress - INFO - 	Dataloader config: {'sample_rate': 16000, 'batch_size': 8, 'num_workers': 10, 'pin_memory': True, 'use_start_end_token': False, 'trim_silence': False, 'is_tarred': False, 'tarred_audio_filepaths': None, 'shuffle_n': 2048, 'bucketing_strategy': 'synced_randomized', 'bucketing_batch_size': None, 'return_sample_id': False, 'drop_last': False, 'asr_repo': 'whisper', 'shuffle': False, 'manifest_filepath': 'logs/en/ensemble/train/binary/b7/DAT/version_77/data/en/train_subset/test_de.txt'}
2024-06-08 11:28:01,891 - progress - INFO - 	Batch size: 8
2024-06-08 11:28:01,894 - progress - INFO - Creating dataloader for logs/en/ensemble/train/binary/b7/DAT/version_77/data/en/train_subset/test_au.txt
2024-06-08 11:28:01,895 - progress - INFO - 	Dataloader config: {'sample_rate': 16000, 'batch_size': 8, 'num_workers': 10, 'pin_memory': True, 'use_start_end_token': False, 'trim_silence': False, 'is_tarred': False, 'tarred_audio_filepaths': None, 'shuffle_n': 2048, 'bucketing_strategy': 'synced_randomized', 'bucketing_batch_size': None, 'return_sample_id': False, 'drop_last': False, 'asr_repo': 'whisper', 'shuffle': False, 'manifest_filepath': 'logs/en/ensemble/train/binary/b7/DAT/version_77/data/en/train_subset/test_au.txt'}
2024-06-08 11:28:01,896 - progress - INFO - 	Batch size: 8
2024-06-08 11:28:01,898 - progress - INFO - Creating dataloader for logs/en/ensemble/train/binary/b7/DAT/version_77/data/en/train_subset/test_hk.txt
2024-06-08 11:28:01,899 - progress - INFO - 	Dataloader config: {'sample_rate': 16000, 'batch_size': 8, 'num_workers': 10, 'pin_memory': True, 'use_start_end_token': False, 'trim_silence': False, 'is_tarred': False, 'tarred_audio_filepaths': None, 'shuffle_n': 2048, 'bucketing_strategy': 'synced_randomized', 'bucketing_batch_size': None, 'return_sample_id': False, 'drop_last': False, 'asr_repo': 'whisper', 'shuffle': False, 'manifest_filepath': 'logs/en/ensemble/train/binary/b7/DAT/version_77/data/en/train_subset/test_hk.txt'}
2024-06-08 11:28:01,900 - progress - INFO - 	Batch size: 8
2024-06-08 11:28:01,902 - progress - INFO - Creating dataloader for logs/en/ensemble/train/binary/b7/DAT/version_77/data/en/train_subset/test_ie.txt
2024-06-08 11:28:01,903 - progress - INFO - 	Dataloader config: {'sample_rate': 16000, 'batch_size': 8, 'num_workers': 10, 'pin_memory': True, 'use_start_end_token': False, 'trim_silence': False, 'is_tarred': False, 'tarred_audio_filepaths': None, 'shuffle_n': 2048, 'bucketing_strategy': 'synced_randomized', 'bucketing_batch_size': None, 'return_sample_id': False, 'drop_last': False, 'asr_repo': 'whisper', 'shuffle': False, 'manifest_filepath': 'logs/en/ensemble/train/binary/b7/DAT/version_77/data/en/train_subset/test_ie.txt'}
2024-06-08 11:28:01,904 - progress - INFO - 	Batch size: 8
2024-06-08 11:28:01,906 - progress - INFO - Creating dataloader for logs/en/ensemble/train/binary/b7/DAT/version_77/data/en/train_subset/test_ni.txt
2024-06-08 11:28:01,907 - progress - INFO - 	Dataloader config: {'sample_rate': 16000, 'batch_size': 8, 'num_workers': 10, 'pin_memory': True, 'use_start_end_token': False, 'trim_silence': False, 'is_tarred': False, 'tarred_audio_filepaths': None, 'shuffle_n': 2048, 'bucketing_strategy': 'synced_randomized', 'bucketing_batch_size': None, 'return_sample_id': False, 'drop_last': False, 'asr_repo': 'whisper', 'shuffle': False, 'manifest_filepath': 'logs/en/ensemble/train/binary/b7/DAT/version_77/data/en/train_subset/test_ni.txt'}
2024-06-08 11:28:01,908 - progress - INFO - 	Batch size: 8
2024-06-08 11:28:01,911 - progress - INFO - Creating dataloader for logs/en/ensemble/train/binary/b7/DAT/version_77/data/en/train_subset/test_nz.txt
2024-06-08 11:28:01,911 - progress - INFO - 	Dataloader config: {'sample_rate': 16000, 'batch_size': 8, 'num_workers': 10, 'pin_memory': True, 'use_start_end_token': False, 'trim_silence': False, 'is_tarred': False, 'tarred_audio_filepaths': None, 'shuffle_n': 2048, 'bucketing_strategy': 'synced_randomized', 'bucketing_batch_size': None, 'return_sample_id': False, 'drop_last': False, 'asr_repo': 'whisper', 'shuffle': False, 'manifest_filepath': 'logs/en/ensemble/train/binary/b7/DAT/version_77/data/en/train_subset/test_nz.txt'}
2024-06-08 11:28:01,912 - progress - INFO - 	Batch size: 8
2024-06-08 11:28:01,915 - progress - INFO - Creating dataloader for logs/en/ensemble/train/binary/b7/DAT/version_77/data/en/train_subset/test_ph.txt
2024-06-08 11:28:01,916 - progress - INFO - 	Dataloader config: {'sample_rate': 16000, 'batch_size': 8, 'num_workers': 10, 'pin_memory': True, 'use_start_end_token': False, 'trim_silence': False, 'is_tarred': False, 'tarred_audio_filepaths': None, 'shuffle_n': 2048, 'bucketing_strategy': 'synced_randomized', 'bucketing_batch_size': None, 'return_sample_id': False, 'drop_last': False, 'asr_repo': 'whisper', 'shuffle': False, 'manifest_filepath': 'logs/en/ensemble/train/binary/b7/DAT/version_77/data/en/train_subset/test_ph.txt'}
2024-06-08 11:28:01,916 - progress - INFO - 	Batch size: 8
2024-06-08 11:28:01,919 - progress - INFO - Creating dataloader for logs/en/ensemble/train/binary/b7/DAT/version_77/data/en/train_subset/test_sc.txt
2024-06-08 11:28:01,920 - progress - INFO - 	Dataloader config: {'sample_rate': 16000, 'batch_size': 8, 'num_workers': 10, 'pin_memory': True, 'use_start_end_token': False, 'trim_silence': False, 'is_tarred': False, 'tarred_audio_filepaths': None, 'shuffle_n': 2048, 'bucketing_strategy': 'synced_randomized', 'bucketing_batch_size': None, 'return_sample_id': False, 'drop_last': False, 'asr_repo': 'whisper', 'shuffle': False, 'manifest_filepath': 'logs/en/ensemble/train/binary/b7/DAT/version_77/data/en/train_subset/test_sc.txt'}
2024-06-08 11:28:01,920 - progress - INFO - 	Batch size: 8
2024-06-08 11:28:01,924 - progress - INFO - Creating dataloader for logs/en/ensemble/train/binary/b7/DAT/version_77/data/en/train_subset/test_sg.txt
2024-06-08 11:28:01,924 - progress - INFO - 	Dataloader config: {'sample_rate': 16000, 'batch_size': 8, 'num_workers': 10, 'pin_memory': True, 'use_start_end_token': False, 'trim_silence': False, 'is_tarred': False, 'tarred_audio_filepaths': None, 'shuffle_n': 2048, 'bucketing_strategy': 'synced_randomized', 'bucketing_batch_size': None, 'return_sample_id': False, 'drop_last': False, 'asr_repo': 'whisper', 'shuffle': False, 'manifest_filepath': 'logs/en/ensemble/train/binary/b7/DAT/version_77/data/en/train_subset/test_sg.txt'}
2024-06-08 11:28:01,925 - progress - INFO - 	Batch size: 8
2024-06-08 11:28:01,927 - progress - INFO - Creating dataloader for logs/en/ensemble/train/binary/b7/DAT/version_77/data/en/train_subset/test_za.txt
2024-06-08 11:28:01,928 - progress - INFO - 	Dataloader config: {'sample_rate': 16000, 'batch_size': 8, 'num_workers': 10, 'pin_memory': True, 'use_start_end_token': False, 'trim_silence': False, 'is_tarred': False, 'tarred_audio_filepaths': None, 'shuffle_n': 2048, 'bucketing_strategy': 'synced_randomized', 'bucketing_batch_size': None, 'return_sample_id': False, 'drop_last': False, 'asr_repo': 'whisper', 'shuffle': False, 'manifest_filepath': 'logs/en/ensemble/train/binary/b7/DAT/version_77/data/en/train_subset/test_za.txt'}
2024-06-08 11:28:01,929 - progress - INFO - 	Batch size: 8
2024-06-08 11:36:42,329 - progress - INFO - Configuring optimizers
2024-06-08 11:36:42,334 - progress - INFO - Creating dataloader for ['logs/en/ensemble/train/binary/b7/DAT/version_77/data/en/train_subset/train_us.txt']
2024-06-08 11:36:42,335 - progress - INFO - 	Dataloader config: {'sample_rate': 16000, 'batch_size': 8, 'num_workers': 10, 'pin_memory': True, 'use_start_end_token': False, 'trim_silence': False, 'is_tarred': False, 'tarred_audio_filepaths': None, 'shuffle_n': 2048, 'bucketing_strategy': 'synced_randomized', 'bucketing_batch_size': None, 'return_sample_id': False, 'drop_last': False, 'asr_repo': 'whisper', 'shuffle': True, 'manifest_filepath': ['logs/en/ensemble/train/binary/b7/DAT/version_77/data/en/train_subset/train_us.txt']}
2024-06-08 11:36:42,336 - progress - INFO - 	Batch size: 8
2024-06-08 11:36:42,362 - progress - INFO - Creating dataloader for ['logs/en/ensemble/train/binary/b7/DAT/version_77/data/en/train_subset/train_ca.txt', 'logs/en/ensemble/train/binary/b7/DAT/version_77/data/en/train_subset/train_uk.txt', 'logs/en/ensemble/train/binary/b7/DAT/version_77/data/en/train_subset/train_in.txt', 'logs/en/ensemble/train/binary/b7/DAT/version_77/data/en/train_subset/train_de.txt', 'logs/en/ensemble/train/binary/b7/DAT/version_77/data/en/train_subset/train_au.txt']
2024-06-08 11:36:42,362 - progress - INFO - 	Dataloader config: {'sample_rate': 16000, 'batch_size': 8, 'num_workers': 10, 'pin_memory': True, 'use_start_end_token': False, 'trim_silence': False, 'is_tarred': False, 'tarred_audio_filepaths': None, 'shuffle_n': 2048, 'bucketing_strategy': 'synced_randomized', 'bucketing_batch_size': None, 'return_sample_id': False, 'drop_last': False, 'asr_repo': 'whisper', 'shuffle': True, 'manifest_filepath': ['logs/en/ensemble/train/binary/b7/DAT/version_77/data/en/train_subset/train_ca.txt', 'logs/en/ensemble/train/binary/b7/DAT/version_77/data/en/train_subset/train_uk.txt', 'logs/en/ensemble/train/binary/b7/DAT/version_77/data/en/train_subset/train_in.txt', 'logs/en/ensemble/train/binary/b7/DAT/version_77/data/en/train_subset/train_de.txt', 'logs/en/ensemble/train/binary/b7/DAT/version_77/data/en/train_subset/train_au.txt']}
2024-06-08 11:36:42,364 - progress - INFO - 	Batch size: 8
2024-06-08 11:36:42,503 - progress - INFO - Scheduler max. steps: 960
2024-06-08 11:36:42,517 - progress - INFO - Creating dataloader for ['logs/en/ensemble/train/binary/b7/DAT/version_77/data/en/train_subset/train_us.txt']
2024-06-08 11:36:42,518 - progress - INFO - 	Dataloader config: {'sample_rate': 16000, 'batch_size': 8, 'num_workers': 10, 'pin_memory': True, 'use_start_end_token': False, 'trim_silence': False, 'is_tarred': False, 'tarred_audio_filepaths': None, 'shuffle_n': 2048, 'bucketing_strategy': 'synced_randomized', 'bucketing_batch_size': None, 'return_sample_id': False, 'drop_last': False, 'asr_repo': 'whisper', 'shuffle': True, 'manifest_filepath': ['logs/en/ensemble/train/binary/b7/DAT/version_77/data/en/train_subset/train_us.txt']}
2024-06-08 11:36:42,519 - progress - INFO - 	Batch size: 8
2024-06-08 11:36:42,543 - progress - INFO - Creating dataloader for ['logs/en/ensemble/train/binary/b7/DAT/version_77/data/en/train_subset/train_ca.txt', 'logs/en/ensemble/train/binary/b7/DAT/version_77/data/en/train_subset/train_uk.txt', 'logs/en/ensemble/train/binary/b7/DAT/version_77/data/en/train_subset/train_in.txt', 'logs/en/ensemble/train/binary/b7/DAT/version_77/data/en/train_subset/train_de.txt', 'logs/en/ensemble/train/binary/b7/DAT/version_77/data/en/train_subset/train_au.txt']
2024-06-08 11:36:42,544 - progress - INFO - 	Dataloader config: {'sample_rate': 16000, 'batch_size': 8, 'num_workers': 10, 'pin_memory': True, 'use_start_end_token': False, 'trim_silence': False, 'is_tarred': False, 'tarred_audio_filepaths': None, 'shuffle_n': 2048, 'bucketing_strategy': 'synced_randomized', 'bucketing_batch_size': None, 'return_sample_id': False, 'drop_last': False, 'asr_repo': 'whisper', 'shuffle': True, 'manifest_filepath': ['logs/en/ensemble/train/binary/b7/DAT/version_77/data/en/train_subset/train_ca.txt', 'logs/en/ensemble/train/binary/b7/DAT/version_77/data/en/train_subset/train_uk.txt', 'logs/en/ensemble/train/binary/b7/DAT/version_77/data/en/train_subset/train_in.txt', 'logs/en/ensemble/train/binary/b7/DAT/version_77/data/en/train_subset/train_de.txt', 'logs/en/ensemble/train/binary/b7/DAT/version_77/data/en/train_subset/train_au.txt']}
2024-06-08 11:36:42,546 - progress - INFO - 	Batch size: 8
2024-06-08 11:36:42,574 - progress - INFO - Creating dataloader for logs/en/ensemble/train/binary/b7/DAT/version_77/data/en/train_subset/test_us.txt
2024-06-08 11:36:42,576 - progress - INFO - 	Dataloader config: {'sample_rate': 16000, 'batch_size': 8, 'num_workers': 10, 'pin_memory': True, 'use_start_end_token': False, 'trim_silence': False, 'is_tarred': False, 'tarred_audio_filepaths': None, 'shuffle_n': 2048, 'bucketing_strategy': 'synced_randomized', 'bucketing_batch_size': None, 'return_sample_id': False, 'drop_last': False, 'asr_repo': 'whisper', 'shuffle': False, 'manifest_filepath': 'logs/en/ensemble/train/binary/b7/DAT/version_77/data/en/train_subset/test_us.txt'}
2024-06-08 11:36:42,578 - progress - INFO - 	Batch size: 8
2024-06-08 11:36:42,587 - progress - INFO - Creating dataloader for logs/en/ensemble/train/binary/b7/DAT/version_77/data/en/train_subset/test_ca.txt
2024-06-08 11:36:42,587 - progress - INFO - 	Dataloader config: {'sample_rate': 16000, 'batch_size': 8, 'num_workers': 10, 'pin_memory': True, 'use_start_end_token': False, 'trim_silence': False, 'is_tarred': False, 'tarred_audio_filepaths': None, 'shuffle_n': 2048, 'bucketing_strategy': 'synced_randomized', 'bucketing_batch_size': None, 'return_sample_id': False, 'drop_last': False, 'asr_repo': 'whisper', 'shuffle': False, 'manifest_filepath': 'logs/en/ensemble/train/binary/b7/DAT/version_77/data/en/train_subset/test_ca.txt'}
2024-06-08 11:36:42,589 - progress - INFO - 	Batch size: 8
2024-06-08 11:36:42,593 - progress - INFO - Creating dataloader for logs/en/ensemble/train/binary/b7/DAT/version_77/data/en/train_subset/test_uk.txt
2024-06-08 11:36:42,594 - progress - INFO - 	Dataloader config: {'sample_rate': 16000, 'batch_size': 8, 'num_workers': 10, 'pin_memory': True, 'use_start_end_token': False, 'trim_silence': False, 'is_tarred': False, 'tarred_audio_filepaths': None, 'shuffle_n': 2048, 'bucketing_strategy': 'synced_randomized', 'bucketing_batch_size': None, 'return_sample_id': False, 'drop_last': False, 'asr_repo': 'whisper', 'shuffle': False, 'manifest_filepath': 'logs/en/ensemble/train/binary/b7/DAT/version_77/data/en/train_subset/test_uk.txt'}
2024-06-08 11:36:42,595 - progress - INFO - 	Batch size: 8
2024-06-08 11:36:42,598 - progress - INFO - Creating dataloader for logs/en/ensemble/train/binary/b7/DAT/version_77/data/en/train_subset/test_in.txt
2024-06-08 11:36:42,599 - progress - INFO - 	Dataloader config: {'sample_rate': 16000, 'batch_size': 8, 'num_workers': 10, 'pin_memory': True, 'use_start_end_token': False, 'trim_silence': False, 'is_tarred': False, 'tarred_audio_filepaths': None, 'shuffle_n': 2048, 'bucketing_strategy': 'synced_randomized', 'bucketing_batch_size': None, 'return_sample_id': False, 'drop_last': False, 'asr_repo': 'whisper', 'shuffle': False, 'manifest_filepath': 'logs/en/ensemble/train/binary/b7/DAT/version_77/data/en/train_subset/test_in.txt'}
2024-06-08 11:36:42,600 - progress - INFO - 	Batch size: 8
2024-06-08 11:36:42,604 - progress - INFO - Creating dataloader for logs/en/ensemble/train/binary/b7/DAT/version_77/data/en/train_subset/test_de.txt
2024-06-08 11:36:42,605 - progress - INFO - 	Dataloader config: {'sample_rate': 16000, 'batch_size': 8, 'num_workers': 10, 'pin_memory': True, 'use_start_end_token': False, 'trim_silence': False, 'is_tarred': False, 'tarred_audio_filepaths': None, 'shuffle_n': 2048, 'bucketing_strategy': 'synced_randomized', 'bucketing_batch_size': None, 'return_sample_id': False, 'drop_last': False, 'asr_repo': 'whisper', 'shuffle': False, 'manifest_filepath': 'logs/en/ensemble/train/binary/b7/DAT/version_77/data/en/train_subset/test_de.txt'}
2024-06-08 11:36:42,606 - progress - INFO - 	Batch size: 8
2024-06-08 11:36:42,610 - progress - INFO - Creating dataloader for logs/en/ensemble/train/binary/b7/DAT/version_77/data/en/train_subset/test_au.txt
2024-06-08 11:36:42,611 - progress - INFO - 	Dataloader config: {'sample_rate': 16000, 'batch_size': 8, 'num_workers': 10, 'pin_memory': True, 'use_start_end_token': False, 'trim_silence': False, 'is_tarred': False, 'tarred_audio_filepaths': None, 'shuffle_n': 2048, 'bucketing_strategy': 'synced_randomized', 'bucketing_batch_size': None, 'return_sample_id': False, 'drop_last': False, 'asr_repo': 'whisper', 'shuffle': False, 'manifest_filepath': 'logs/en/ensemble/train/binary/b7/DAT/version_77/data/en/train_subset/test_au.txt'}
2024-06-08 11:36:42,612 - progress - INFO - 	Batch size: 8
2024-06-08 11:36:42,615 - progress - INFO - Creating dataloader for logs/en/ensemble/train/binary/b7/DAT/version_77/data/en/train_subset/test_hk.txt
2024-06-08 11:36:42,616 - progress - INFO - 	Dataloader config: {'sample_rate': 16000, 'batch_size': 8, 'num_workers': 10, 'pin_memory': True, 'use_start_end_token': False, 'trim_silence': False, 'is_tarred': False, 'tarred_audio_filepaths': None, 'shuffle_n': 2048, 'bucketing_strategy': 'synced_randomized', 'bucketing_batch_size': None, 'return_sample_id': False, 'drop_last': False, 'asr_repo': 'whisper', 'shuffle': False, 'manifest_filepath': 'logs/en/ensemble/train/binary/b7/DAT/version_77/data/en/train_subset/test_hk.txt'}
2024-06-08 11:36:42,617 - progress - INFO - 	Batch size: 8
2024-06-08 11:36:42,620 - progress - INFO - Creating dataloader for logs/en/ensemble/train/binary/b7/DAT/version_77/data/en/train_subset/test_ie.txt
2024-06-08 11:36:42,622 - progress - INFO - 	Dataloader config: {'sample_rate': 16000, 'batch_size': 8, 'num_workers': 10, 'pin_memory': True, 'use_start_end_token': False, 'trim_silence': False, 'is_tarred': False, 'tarred_audio_filepaths': None, 'shuffle_n': 2048, 'bucketing_strategy': 'synced_randomized', 'bucketing_batch_size': None, 'return_sample_id': False, 'drop_last': False, 'asr_repo': 'whisper', 'shuffle': False, 'manifest_filepath': 'logs/en/ensemble/train/binary/b7/DAT/version_77/data/en/train_subset/test_ie.txt'}
2024-06-08 11:36:42,623 - progress - INFO - 	Batch size: 8
2024-06-08 11:36:42,628 - progress - INFO - Creating dataloader for logs/en/ensemble/train/binary/b7/DAT/version_77/data/en/train_subset/test_ni.txt
2024-06-08 11:36:42,629 - progress - INFO - 	Dataloader config: {'sample_rate': 16000, 'batch_size': 8, 'num_workers': 10, 'pin_memory': True, 'use_start_end_token': False, 'trim_silence': False, 'is_tarred': False, 'tarred_audio_filepaths': None, 'shuffle_n': 2048, 'bucketing_strategy': 'synced_randomized', 'bucketing_batch_size': None, 'return_sample_id': False, 'drop_last': False, 'asr_repo': 'whisper', 'shuffle': False, 'manifest_filepath': 'logs/en/ensemble/train/binary/b7/DAT/version_77/data/en/train_subset/test_ni.txt'}
2024-06-08 11:36:42,630 - progress - INFO - 	Batch size: 8
2024-06-08 11:36:42,632 - progress - INFO - Creating dataloader for logs/en/ensemble/train/binary/b7/DAT/version_77/data/en/train_subset/test_nz.txt
2024-06-08 11:36:42,633 - progress - INFO - 	Dataloader config: {'sample_rate': 16000, 'batch_size': 8, 'num_workers': 10, 'pin_memory': True, 'use_start_end_token': False, 'trim_silence': False, 'is_tarred': False, 'tarred_audio_filepaths': None, 'shuffle_n': 2048, 'bucketing_strategy': 'synced_randomized', 'bucketing_batch_size': None, 'return_sample_id': False, 'drop_last': False, 'asr_repo': 'whisper', 'shuffle': False, 'manifest_filepath': 'logs/en/ensemble/train/binary/b7/DAT/version_77/data/en/train_subset/test_nz.txt'}
2024-06-08 11:36:42,634 - progress - INFO - 	Batch size: 8
2024-06-08 11:36:42,637 - progress - INFO - Creating dataloader for logs/en/ensemble/train/binary/b7/DAT/version_77/data/en/train_subset/test_ph.txt
2024-06-08 11:36:42,638 - progress - INFO - 	Dataloader config: {'sample_rate': 16000, 'batch_size': 8, 'num_workers': 10, 'pin_memory': True, 'use_start_end_token': False, 'trim_silence': False, 'is_tarred': False, 'tarred_audio_filepaths': None, 'shuffle_n': 2048, 'bucketing_strategy': 'synced_randomized', 'bucketing_batch_size': None, 'return_sample_id': False, 'drop_last': False, 'asr_repo': 'whisper', 'shuffle': False, 'manifest_filepath': 'logs/en/ensemble/train/binary/b7/DAT/version_77/data/en/train_subset/test_ph.txt'}
2024-06-08 11:36:42,639 - progress - INFO - 	Batch size: 8
2024-06-08 11:36:42,642 - progress - INFO - Creating dataloader for logs/en/ensemble/train/binary/b7/DAT/version_77/data/en/train_subset/test_sc.txt
2024-06-08 11:36:42,643 - progress - INFO - 	Dataloader config: {'sample_rate': 16000, 'batch_size': 8, 'num_workers': 10, 'pin_memory': True, 'use_start_end_token': False, 'trim_silence': False, 'is_tarred': False, 'tarred_audio_filepaths': None, 'shuffle_n': 2048, 'bucketing_strategy': 'synced_randomized', 'bucketing_batch_size': None, 'return_sample_id': False, 'drop_last': False, 'asr_repo': 'whisper', 'shuffle': False, 'manifest_filepath': 'logs/en/ensemble/train/binary/b7/DAT/version_77/data/en/train_subset/test_sc.txt'}
2024-06-08 11:36:42,644 - progress - INFO - 	Batch size: 8
2024-06-08 11:36:42,648 - progress - INFO - Creating dataloader for logs/en/ensemble/train/binary/b7/DAT/version_77/data/en/train_subset/test_sg.txt
2024-06-08 11:36:42,649 - progress - INFO - 	Dataloader config: {'sample_rate': 16000, 'batch_size': 8, 'num_workers': 10, 'pin_memory': True, 'use_start_end_token': False, 'trim_silence': False, 'is_tarred': False, 'tarred_audio_filepaths': None, 'shuffle_n': 2048, 'bucketing_strategy': 'synced_randomized', 'bucketing_batch_size': None, 'return_sample_id': False, 'drop_last': False, 'asr_repo': 'whisper', 'shuffle': False, 'manifest_filepath': 'logs/en/ensemble/train/binary/b7/DAT/version_77/data/en/train_subset/test_sg.txt'}
2024-06-08 11:36:42,649 - progress - INFO - 	Batch size: 8
2024-06-08 11:36:42,653 - progress - INFO - Creating dataloader for logs/en/ensemble/train/binary/b7/DAT/version_77/data/en/train_subset/test_za.txt
2024-06-08 11:36:42,656 - progress - INFO - 	Dataloader config: {'sample_rate': 16000, 'batch_size': 8, 'num_workers': 10, 'pin_memory': True, 'use_start_end_token': False, 'trim_silence': False, 'is_tarred': False, 'tarred_audio_filepaths': None, 'shuffle_n': 2048, 'bucketing_strategy': 'synced_randomized', 'bucketing_batch_size': None, 'return_sample_id': False, 'drop_last': False, 'asr_repo': 'whisper', 'shuffle': False, 'manifest_filepath': 'logs/en/ensemble/train/binary/b7/DAT/version_77/data/en/train_subset/test_za.txt'}
2024-06-08 11:36:42,657 - progress - INFO - 	Batch size: 8
