2024-06-03 13:10:06,931 - progress - INFO - Creating dataloader for logs/en/ensemble/train/binary/b7/DAT/version_58/data/en/train_subset/test_us.txt
2024-06-03 13:10:06,932 - progress - INFO - 	Dataloader config: {'sample_rate': 16000, 'batch_size': 8, 'num_workers': 10, 'pin_memory': True, 'use_start_end_token': False, 'trim_silence': False, 'is_tarred': False, 'tarred_audio_filepaths': None, 'shuffle_n': 2048, 'bucketing_strategy': 'synced_randomized', 'bucketing_batch_size': None, 'return_sample_id': False, 'drop_last': False, 'asr_repo': 'whisper', 'shuffle': False, 'manifest_filepath': 'logs/en/ensemble/train/binary/b7/DAT/version_58/data/en/train_subset/test_us.txt'}
2024-06-03 13:10:06,932 - progress - INFO - 	Batch size: 8
2024-06-03 13:10:07,296 - progress - INFO - Creating dataloader for logs/en/ensemble/train/binary/b7/DAT/version_58/data/en/train_subset/test_ca.txt
2024-06-03 13:10:07,296 - progress - INFO - 	Dataloader config: {'sample_rate': 16000, 'batch_size': 8, 'num_workers': 10, 'pin_memory': True, 'use_start_end_token': False, 'trim_silence': False, 'is_tarred': False, 'tarred_audio_filepaths': None, 'shuffle_n': 2048, 'bucketing_strategy': 'synced_randomized', 'bucketing_batch_size': None, 'return_sample_id': False, 'drop_last': False, 'asr_repo': 'whisper', 'shuffle': False, 'manifest_filepath': 'logs/en/ensemble/train/binary/b7/DAT/version_58/data/en/train_subset/test_ca.txt'}
2024-06-03 13:10:07,297 - progress - INFO - 	Batch size: 8
2024-06-03 13:10:07,331 - progress - INFO - Creating dataloader for logs/en/ensemble/train/binary/b7/DAT/version_58/data/en/train_subset/test_uk.txt
2024-06-03 13:10:07,332 - progress - INFO - 	Dataloader config: {'sample_rate': 16000, 'batch_size': 8, 'num_workers': 10, 'pin_memory': True, 'use_start_end_token': False, 'trim_silence': False, 'is_tarred': False, 'tarred_audio_filepaths': None, 'shuffle_n': 2048, 'bucketing_strategy': 'synced_randomized', 'bucketing_batch_size': None, 'return_sample_id': False, 'drop_last': False, 'asr_repo': 'whisper', 'shuffle': False, 'manifest_filepath': 'logs/en/ensemble/train/binary/b7/DAT/version_58/data/en/train_subset/test_uk.txt'}
2024-06-03 13:10:07,332 - progress - INFO - 	Batch size: 8
2024-06-03 13:10:07,365 - progress - INFO - Creating dataloader for logs/en/ensemble/train/binary/b7/DAT/version_58/data/en/train_subset/test_in.txt
2024-06-03 13:10:07,365 - progress - INFO - 	Dataloader config: {'sample_rate': 16000, 'batch_size': 8, 'num_workers': 10, 'pin_memory': True, 'use_start_end_token': False, 'trim_silence': False, 'is_tarred': False, 'tarred_audio_filepaths': None, 'shuffle_n': 2048, 'bucketing_strategy': 'synced_randomized', 'bucketing_batch_size': None, 'return_sample_id': False, 'drop_last': False, 'asr_repo': 'whisper', 'shuffle': False, 'manifest_filepath': 'logs/en/ensemble/train/binary/b7/DAT/version_58/data/en/train_subset/test_in.txt'}
2024-06-03 13:10:07,366 - progress - INFO - 	Batch size: 8
2024-06-03 13:10:07,381 - progress - INFO - Creating dataloader for logs/en/ensemble/train/binary/b7/DAT/version_58/data/en/train_subset/test_de.txt
2024-06-03 13:10:07,382 - progress - INFO - 	Dataloader config: {'sample_rate': 16000, 'batch_size': 8, 'num_workers': 10, 'pin_memory': True, 'use_start_end_token': False, 'trim_silence': False, 'is_tarred': False, 'tarred_audio_filepaths': None, 'shuffle_n': 2048, 'bucketing_strategy': 'synced_randomized', 'bucketing_batch_size': None, 'return_sample_id': False, 'drop_last': False, 'asr_repo': 'whisper', 'shuffle': False, 'manifest_filepath': 'logs/en/ensemble/train/binary/b7/DAT/version_58/data/en/train_subset/test_de.txt'}
2024-06-03 13:10:07,382 - progress - INFO - 	Batch size: 8
2024-06-03 13:10:07,407 - progress - INFO - Creating dataloader for logs/en/ensemble/train/binary/b7/DAT/version_58/data/en/train_subset/test_au.txt
2024-06-03 13:10:07,408 - progress - INFO - 	Dataloader config: {'sample_rate': 16000, 'batch_size': 8, 'num_workers': 10, 'pin_memory': True, 'use_start_end_token': False, 'trim_silence': False, 'is_tarred': False, 'tarred_audio_filepaths': None, 'shuffle_n': 2048, 'bucketing_strategy': 'synced_randomized', 'bucketing_batch_size': None, 'return_sample_id': False, 'drop_last': False, 'asr_repo': 'whisper', 'shuffle': False, 'manifest_filepath': 'logs/en/ensemble/train/binary/b7/DAT/version_58/data/en/train_subset/test_au.txt'}
2024-06-03 13:10:07,408 - progress - INFO - 	Batch size: 8
2024-06-03 13:10:07,425 - progress - INFO - Creating dataloader for logs/en/ensemble/train/binary/b7/DAT/version_58/data/en/train_subset/test_hk.txt
2024-06-03 13:10:07,426 - progress - INFO - 	Dataloader config: {'sample_rate': 16000, 'batch_size': 8, 'num_workers': 10, 'pin_memory': True, 'use_start_end_token': False, 'trim_silence': False, 'is_tarred': False, 'tarred_audio_filepaths': None, 'shuffle_n': 2048, 'bucketing_strategy': 'synced_randomized', 'bucketing_batch_size': None, 'return_sample_id': False, 'drop_last': False, 'asr_repo': 'whisper', 'shuffle': False, 'manifest_filepath': 'logs/en/ensemble/train/binary/b7/DAT/version_58/data/en/train_subset/test_hk.txt'}
2024-06-03 13:10:07,426 - progress - INFO - 	Batch size: 8
2024-06-03 13:10:07,439 - progress - INFO - Creating dataloader for logs/en/ensemble/train/binary/b7/DAT/version_58/data/en/train_subset/test_ie.txt
2024-06-03 13:10:07,440 - progress - INFO - 	Dataloader config: {'sample_rate': 16000, 'batch_size': 8, 'num_workers': 10, 'pin_memory': True, 'use_start_end_token': False, 'trim_silence': False, 'is_tarred': False, 'tarred_audio_filepaths': None, 'shuffle_n': 2048, 'bucketing_strategy': 'synced_randomized', 'bucketing_batch_size': None, 'return_sample_id': False, 'drop_last': False, 'asr_repo': 'whisper', 'shuffle': False, 'manifest_filepath': 'logs/en/ensemble/train/binary/b7/DAT/version_58/data/en/train_subset/test_ie.txt'}
2024-06-03 13:10:07,440 - progress - INFO - 	Batch size: 8
2024-06-03 13:10:07,453 - progress - INFO - Creating dataloader for logs/en/ensemble/train/binary/b7/DAT/version_58/data/en/train_subset/test_ni.txt
2024-06-03 13:10:07,454 - progress - INFO - 	Dataloader config: {'sample_rate': 16000, 'batch_size': 8, 'num_workers': 10, 'pin_memory': True, 'use_start_end_token': False, 'trim_silence': False, 'is_tarred': False, 'tarred_audio_filepaths': None, 'shuffle_n': 2048, 'bucketing_strategy': 'synced_randomized', 'bucketing_batch_size': None, 'return_sample_id': False, 'drop_last': False, 'asr_repo': 'whisper', 'shuffle': False, 'manifest_filepath': 'logs/en/ensemble/train/binary/b7/DAT/version_58/data/en/train_subset/test_ni.txt'}
2024-06-03 13:10:07,455 - progress - INFO - 	Batch size: 8
2024-06-03 13:10:07,471 - progress - INFO - Creating dataloader for logs/en/ensemble/train/binary/b7/DAT/version_58/data/en/train_subset/test_nz.txt
2024-06-03 13:10:07,471 - progress - INFO - 	Dataloader config: {'sample_rate': 16000, 'batch_size': 8, 'num_workers': 10, 'pin_memory': True, 'use_start_end_token': False, 'trim_silence': False, 'is_tarred': False, 'tarred_audio_filepaths': None, 'shuffle_n': 2048, 'bucketing_strategy': 'synced_randomized', 'bucketing_batch_size': None, 'return_sample_id': False, 'drop_last': False, 'asr_repo': 'whisper', 'shuffle': False, 'manifest_filepath': 'logs/en/ensemble/train/binary/b7/DAT/version_58/data/en/train_subset/test_nz.txt'}
2024-06-03 13:10:07,472 - progress - INFO - 	Batch size: 8
2024-06-03 13:10:07,498 - progress - INFO - Creating dataloader for logs/en/ensemble/train/binary/b7/DAT/version_58/data/en/train_subset/test_ph.txt
2024-06-03 13:10:07,498 - progress - INFO - 	Dataloader config: {'sample_rate': 16000, 'batch_size': 8, 'num_workers': 10, 'pin_memory': True, 'use_start_end_token': False, 'trim_silence': False, 'is_tarred': False, 'tarred_audio_filepaths': None, 'shuffle_n': 2048, 'bucketing_strategy': 'synced_randomized', 'bucketing_batch_size': None, 'return_sample_id': False, 'drop_last': False, 'asr_repo': 'whisper', 'shuffle': False, 'manifest_filepath': 'logs/en/ensemble/train/binary/b7/DAT/version_58/data/en/train_subset/test_ph.txt'}
2024-06-03 13:10:07,499 - progress - INFO - 	Batch size: 8
2024-06-03 13:10:07,509 - progress - INFO - Creating dataloader for logs/en/ensemble/train/binary/b7/DAT/version_58/data/en/train_subset/test_sc.txt
2024-06-03 13:10:07,510 - progress - INFO - 	Dataloader config: {'sample_rate': 16000, 'batch_size': 8, 'num_workers': 10, 'pin_memory': True, 'use_start_end_token': False, 'trim_silence': False, 'is_tarred': False, 'tarred_audio_filepaths': None, 'shuffle_n': 2048, 'bucketing_strategy': 'synced_randomized', 'bucketing_batch_size': None, 'return_sample_id': False, 'drop_last': False, 'asr_repo': 'whisper', 'shuffle': False, 'manifest_filepath': 'logs/en/ensemble/train/binary/b7/DAT/version_58/data/en/train_subset/test_sc.txt'}
2024-06-03 13:10:07,511 - progress - INFO - 	Batch size: 8
2024-06-03 13:10:07,533 - progress - INFO - Creating dataloader for logs/en/ensemble/train/binary/b7/DAT/version_58/data/en/train_subset/test_sg.txt
2024-06-03 13:10:07,534 - progress - INFO - 	Dataloader config: {'sample_rate': 16000, 'batch_size': 8, 'num_workers': 10, 'pin_memory': True, 'use_start_end_token': False, 'trim_silence': False, 'is_tarred': False, 'tarred_audio_filepaths': None, 'shuffle_n': 2048, 'bucketing_strategy': 'synced_randomized', 'bucketing_batch_size': None, 'return_sample_id': False, 'drop_last': False, 'asr_repo': 'whisper', 'shuffle': False, 'manifest_filepath': 'logs/en/ensemble/train/binary/b7/DAT/version_58/data/en/train_subset/test_sg.txt'}
2024-06-03 13:10:07,534 - progress - INFO - 	Batch size: 8
2024-06-03 13:10:07,547 - progress - INFO - Creating dataloader for logs/en/ensemble/train/binary/b7/DAT/version_58/data/en/train_subset/test_za.txt
2024-06-03 13:10:07,547 - progress - INFO - 	Dataloader config: {'sample_rate': 16000, 'batch_size': 8, 'num_workers': 10, 'pin_memory': True, 'use_start_end_token': False, 'trim_silence': False, 'is_tarred': False, 'tarred_audio_filepaths': None, 'shuffle_n': 2048, 'bucketing_strategy': 'synced_randomized', 'bucketing_batch_size': None, 'return_sample_id': False, 'drop_last': False, 'asr_repo': 'whisper', 'shuffle': False, 'manifest_filepath': 'logs/en/ensemble/train/binary/b7/DAT/version_58/data/en/train_subset/test_za.txt'}
2024-06-03 13:10:07,548 - progress - INFO - 	Batch size: 8
2024-06-03 13:18:59,076 - progress - INFO - Configuring optimizers
2024-06-03 13:18:59,093 - progress - INFO - Creating dataloader for ['logs/en/ensemble/train/binary/b7/DAT/version_58/data/en/train_subset/train_us.txt']
2024-06-03 13:18:59,094 - progress - INFO - 	Dataloader config: {'sample_rate': 16000, 'batch_size': 8, 'num_workers': 10, 'pin_memory': True, 'use_start_end_token': False, 'trim_silence': False, 'is_tarred': False, 'tarred_audio_filepaths': None, 'shuffle_n': 2048, 'bucketing_strategy': 'synced_randomized', 'bucketing_batch_size': None, 'return_sample_id': False, 'drop_last': False, 'asr_repo': 'whisper', 'shuffle': True, 'manifest_filepath': ['logs/en/ensemble/train/binary/b7/DAT/version_58/data/en/train_subset/train_us.txt']}
2024-06-03 13:18:59,095 - progress - INFO - 	Batch size: 8
2024-06-03 13:18:59,203 - progress - INFO - Creating dataloader for ['logs/en/ensemble/train/binary/b7/DAT/version_58/data/en/train_subset/train_ca.txt', 'logs/en/ensemble/train/binary/b7/DAT/version_58/data/en/train_subset/train_uk.txt', 'logs/en/ensemble/train/binary/b7/DAT/version_58/data/en/train_subset/train_in.txt', 'logs/en/ensemble/train/binary/b7/DAT/version_58/data/en/train_subset/train_de.txt', 'logs/en/ensemble/train/binary/b7/DAT/version_58/data/en/train_subset/train_au.txt']
2024-06-03 13:18:59,205 - progress - INFO - 	Dataloader config: {'sample_rate': 16000, 'batch_size': 8, 'num_workers': 10, 'pin_memory': True, 'use_start_end_token': False, 'trim_silence': False, 'is_tarred': False, 'tarred_audio_filepaths': None, 'shuffle_n': 2048, 'bucketing_strategy': 'synced_randomized', 'bucketing_batch_size': None, 'return_sample_id': False, 'drop_last': False, 'asr_repo': 'whisper', 'shuffle': True, 'manifest_filepath': ['logs/en/ensemble/train/binary/b7/DAT/version_58/data/en/train_subset/train_ca.txt', 'logs/en/ensemble/train/binary/b7/DAT/version_58/data/en/train_subset/train_uk.txt', 'logs/en/ensemble/train/binary/b7/DAT/version_58/data/en/train_subset/train_in.txt', 'logs/en/ensemble/train/binary/b7/DAT/version_58/data/en/train_subset/train_de.txt', 'logs/en/ensemble/train/binary/b7/DAT/version_58/data/en/train_subset/train_au.txt']}
2024-06-03 13:18:59,206 - progress - INFO - 	Batch size: 8
2024-06-03 13:18:59,525 - progress - INFO - Scheduler max. steps: 1920
2024-06-03 13:18:59,539 - progress - INFO - Creating dataloader for ['logs/en/ensemble/train/binary/b7/DAT/version_58/data/en/train_subset/train_us.txt']
2024-06-03 13:18:59,540 - progress - INFO - 	Dataloader config: {'sample_rate': 16000, 'batch_size': 8, 'num_workers': 10, 'pin_memory': True, 'use_start_end_token': False, 'trim_silence': False, 'is_tarred': False, 'tarred_audio_filepaths': None, 'shuffle_n': 2048, 'bucketing_strategy': 'synced_randomized', 'bucketing_batch_size': None, 'return_sample_id': False, 'drop_last': False, 'asr_repo': 'whisper', 'shuffle': True, 'manifest_filepath': ['logs/en/ensemble/train/binary/b7/DAT/version_58/data/en/train_subset/train_us.txt']}
2024-06-03 13:18:59,541 - progress - INFO - 	Batch size: 8
2024-06-03 13:18:59,562 - progress - INFO - Creating dataloader for ['logs/en/ensemble/train/binary/b7/DAT/version_58/data/en/train_subset/train_ca.txt', 'logs/en/ensemble/train/binary/b7/DAT/version_58/data/en/train_subset/train_uk.txt', 'logs/en/ensemble/train/binary/b7/DAT/version_58/data/en/train_subset/train_in.txt', 'logs/en/ensemble/train/binary/b7/DAT/version_58/data/en/train_subset/train_de.txt', 'logs/en/ensemble/train/binary/b7/DAT/version_58/data/en/train_subset/train_au.txt']
2024-06-03 13:18:59,563 - progress - INFO - 	Dataloader config: {'sample_rate': 16000, 'batch_size': 8, 'num_workers': 10, 'pin_memory': True, 'use_start_end_token': False, 'trim_silence': False, 'is_tarred': False, 'tarred_audio_filepaths': None, 'shuffle_n': 2048, 'bucketing_strategy': 'synced_randomized', 'bucketing_batch_size': None, 'return_sample_id': False, 'drop_last': False, 'asr_repo': 'whisper', 'shuffle': True, 'manifest_filepath': ['logs/en/ensemble/train/binary/b7/DAT/version_58/data/en/train_subset/train_ca.txt', 'logs/en/ensemble/train/binary/b7/DAT/version_58/data/en/train_subset/train_uk.txt', 'logs/en/ensemble/train/binary/b7/DAT/version_58/data/en/train_subset/train_in.txt', 'logs/en/ensemble/train/binary/b7/DAT/version_58/data/en/train_subset/train_de.txt', 'logs/en/ensemble/train/binary/b7/DAT/version_58/data/en/train_subset/train_au.txt']}
2024-06-03 13:18:59,564 - progress - INFO - 	Batch size: 8
2024-06-03 13:18:59,591 - progress - INFO - Creating dataloader for logs/en/ensemble/train/binary/b7/DAT/version_58/data/en/train_subset/test_us.txt
2024-06-03 13:18:59,592 - progress - INFO - 	Dataloader config: {'sample_rate': 16000, 'batch_size': 8, 'num_workers': 10, 'pin_memory': True, 'use_start_end_token': False, 'trim_silence': False, 'is_tarred': False, 'tarred_audio_filepaths': None, 'shuffle_n': 2048, 'bucketing_strategy': 'synced_randomized', 'bucketing_batch_size': None, 'return_sample_id': False, 'drop_last': False, 'asr_repo': 'whisper', 'shuffle': False, 'manifest_filepath': 'logs/en/ensemble/train/binary/b7/DAT/version_58/data/en/train_subset/test_us.txt'}
2024-06-03 13:18:59,593 - progress - INFO - 	Batch size: 8
2024-06-03 13:18:59,600 - progress - INFO - Creating dataloader for logs/en/ensemble/train/binary/b7/DAT/version_58/data/en/train_subset/test_ca.txt
2024-06-03 13:18:59,600 - progress - INFO - 	Dataloader config: {'sample_rate': 16000, 'batch_size': 8, 'num_workers': 10, 'pin_memory': True, 'use_start_end_token': False, 'trim_silence': False, 'is_tarred': False, 'tarred_audio_filepaths': None, 'shuffle_n': 2048, 'bucketing_strategy': 'synced_randomized', 'bucketing_batch_size': None, 'return_sample_id': False, 'drop_last': False, 'asr_repo': 'whisper', 'shuffle': False, 'manifest_filepath': 'logs/en/ensemble/train/binary/b7/DAT/version_58/data/en/train_subset/test_ca.txt'}
2024-06-03 13:18:59,601 - progress - INFO - 	Batch size: 8
2024-06-03 13:18:59,605 - progress - INFO - Creating dataloader for logs/en/ensemble/train/binary/b7/DAT/version_58/data/en/train_subset/test_uk.txt
2024-06-03 13:18:59,606 - progress - INFO - 	Dataloader config: {'sample_rate': 16000, 'batch_size': 8, 'num_workers': 10, 'pin_memory': True, 'use_start_end_token': False, 'trim_silence': False, 'is_tarred': False, 'tarred_audio_filepaths': None, 'shuffle_n': 2048, 'bucketing_strategy': 'synced_randomized', 'bucketing_batch_size': None, 'return_sample_id': False, 'drop_last': False, 'asr_repo': 'whisper', 'shuffle': False, 'manifest_filepath': 'logs/en/ensemble/train/binary/b7/DAT/version_58/data/en/train_subset/test_uk.txt'}
2024-06-03 13:18:59,606 - progress - INFO - 	Batch size: 8
2024-06-03 13:18:59,610 - progress - INFO - Creating dataloader for logs/en/ensemble/train/binary/b7/DAT/version_58/data/en/train_subset/test_in.txt
2024-06-03 13:18:59,611 - progress - INFO - 	Dataloader config: {'sample_rate': 16000, 'batch_size': 8, 'num_workers': 10, 'pin_memory': True, 'use_start_end_token': False, 'trim_silence': False, 'is_tarred': False, 'tarred_audio_filepaths': None, 'shuffle_n': 2048, 'bucketing_strategy': 'synced_randomized', 'bucketing_batch_size': None, 'return_sample_id': False, 'drop_last': False, 'asr_repo': 'whisper', 'shuffle': False, 'manifest_filepath': 'logs/en/ensemble/train/binary/b7/DAT/version_58/data/en/train_subset/test_in.txt'}
2024-06-03 13:18:59,612 - progress - INFO - 	Batch size: 8
2024-06-03 13:18:59,618 - progress - INFO - Creating dataloader for logs/en/ensemble/train/binary/b7/DAT/version_58/data/en/train_subset/test_de.txt
2024-06-03 13:18:59,619 - progress - INFO - 	Dataloader config: {'sample_rate': 16000, 'batch_size': 8, 'num_workers': 10, 'pin_memory': True, 'use_start_end_token': False, 'trim_silence': False, 'is_tarred': False, 'tarred_audio_filepaths': None, 'shuffle_n': 2048, 'bucketing_strategy': 'synced_randomized', 'bucketing_batch_size': None, 'return_sample_id': False, 'drop_last': False, 'asr_repo': 'whisper', 'shuffle': False, 'manifest_filepath': 'logs/en/ensemble/train/binary/b7/DAT/version_58/data/en/train_subset/test_de.txt'}
2024-06-03 13:18:59,620 - progress - INFO - 	Batch size: 8
2024-06-03 13:18:59,623 - progress - INFO - Creating dataloader for logs/en/ensemble/train/binary/b7/DAT/version_58/data/en/train_subset/test_au.txt
2024-06-03 13:18:59,624 - progress - INFO - 	Dataloader config: {'sample_rate': 16000, 'batch_size': 8, 'num_workers': 10, 'pin_memory': True, 'use_start_end_token': False, 'trim_silence': False, 'is_tarred': False, 'tarred_audio_filepaths': None, 'shuffle_n': 2048, 'bucketing_strategy': 'synced_randomized', 'bucketing_batch_size': None, 'return_sample_id': False, 'drop_last': False, 'asr_repo': 'whisper', 'shuffle': False, 'manifest_filepath': 'logs/en/ensemble/train/binary/b7/DAT/version_58/data/en/train_subset/test_au.txt'}
2024-06-03 13:18:59,624 - progress - INFO - 	Batch size: 8
2024-06-03 13:18:59,627 - progress - INFO - Creating dataloader for logs/en/ensemble/train/binary/b7/DAT/version_58/data/en/train_subset/test_hk.txt
2024-06-03 13:18:59,628 - progress - INFO - 	Dataloader config: {'sample_rate': 16000, 'batch_size': 8, 'num_workers': 10, 'pin_memory': True, 'use_start_end_token': False, 'trim_silence': False, 'is_tarred': False, 'tarred_audio_filepaths': None, 'shuffle_n': 2048, 'bucketing_strategy': 'synced_randomized', 'bucketing_batch_size': None, 'return_sample_id': False, 'drop_last': False, 'asr_repo': 'whisper', 'shuffle': False, 'manifest_filepath': 'logs/en/ensemble/train/binary/b7/DAT/version_58/data/en/train_subset/test_hk.txt'}
2024-06-03 13:18:59,629 - progress - INFO - 	Batch size: 8
2024-06-03 13:18:59,631 - progress - INFO - Creating dataloader for logs/en/ensemble/train/binary/b7/DAT/version_58/data/en/train_subset/test_ie.txt
2024-06-03 13:18:59,632 - progress - INFO - 	Dataloader config: {'sample_rate': 16000, 'batch_size': 8, 'num_workers': 10, 'pin_memory': True, 'use_start_end_token': False, 'trim_silence': False, 'is_tarred': False, 'tarred_audio_filepaths': None, 'shuffle_n': 2048, 'bucketing_strategy': 'synced_randomized', 'bucketing_batch_size': None, 'return_sample_id': False, 'drop_last': False, 'asr_repo': 'whisper', 'shuffle': False, 'manifest_filepath': 'logs/en/ensemble/train/binary/b7/DAT/version_58/data/en/train_subset/test_ie.txt'}
2024-06-03 13:18:59,633 - progress - INFO - 	Batch size: 8
2024-06-03 13:18:59,636 - progress - INFO - Creating dataloader for logs/en/ensemble/train/binary/b7/DAT/version_58/data/en/train_subset/test_ni.txt
2024-06-03 13:18:59,637 - progress - INFO - 	Dataloader config: {'sample_rate': 16000, 'batch_size': 8, 'num_workers': 10, 'pin_memory': True, 'use_start_end_token': False, 'trim_silence': False, 'is_tarred': False, 'tarred_audio_filepaths': None, 'shuffle_n': 2048, 'bucketing_strategy': 'synced_randomized', 'bucketing_batch_size': None, 'return_sample_id': False, 'drop_last': False, 'asr_repo': 'whisper', 'shuffle': False, 'manifest_filepath': 'logs/en/ensemble/train/binary/b7/DAT/version_58/data/en/train_subset/test_ni.txt'}
2024-06-03 13:18:59,637 - progress - INFO - 	Batch size: 8
2024-06-03 13:18:59,640 - progress - INFO - Creating dataloader for logs/en/ensemble/train/binary/b7/DAT/version_58/data/en/train_subset/test_nz.txt
2024-06-03 13:18:59,641 - progress - INFO - 	Dataloader config: {'sample_rate': 16000, 'batch_size': 8, 'num_workers': 10, 'pin_memory': True, 'use_start_end_token': False, 'trim_silence': False, 'is_tarred': False, 'tarred_audio_filepaths': None, 'shuffle_n': 2048, 'bucketing_strategy': 'synced_randomized', 'bucketing_batch_size': None, 'return_sample_id': False, 'drop_last': False, 'asr_repo': 'whisper', 'shuffle': False, 'manifest_filepath': 'logs/en/ensemble/train/binary/b7/DAT/version_58/data/en/train_subset/test_nz.txt'}
2024-06-03 13:18:59,642 - progress - INFO - 	Batch size: 8
2024-06-03 13:18:59,645 - progress - INFO - Creating dataloader for logs/en/ensemble/train/binary/b7/DAT/version_58/data/en/train_subset/test_ph.txt
2024-06-03 13:18:59,645 - progress - INFO - 	Dataloader config: {'sample_rate': 16000, 'batch_size': 8, 'num_workers': 10, 'pin_memory': True, 'use_start_end_token': False, 'trim_silence': False, 'is_tarred': False, 'tarred_audio_filepaths': None, 'shuffle_n': 2048, 'bucketing_strategy': 'synced_randomized', 'bucketing_batch_size': None, 'return_sample_id': False, 'drop_last': False, 'asr_repo': 'whisper', 'shuffle': False, 'manifest_filepath': 'logs/en/ensemble/train/binary/b7/DAT/version_58/data/en/train_subset/test_ph.txt'}
2024-06-03 13:18:59,646 - progress - INFO - 	Batch size: 8
2024-06-03 13:18:59,649 - progress - INFO - Creating dataloader for logs/en/ensemble/train/binary/b7/DAT/version_58/data/en/train_subset/test_sc.txt
2024-06-03 13:18:59,650 - progress - INFO - 	Dataloader config: {'sample_rate': 16000, 'batch_size': 8, 'num_workers': 10, 'pin_memory': True, 'use_start_end_token': False, 'trim_silence': False, 'is_tarred': False, 'tarred_audio_filepaths': None, 'shuffle_n': 2048, 'bucketing_strategy': 'synced_randomized', 'bucketing_batch_size': None, 'return_sample_id': False, 'drop_last': False, 'asr_repo': 'whisper', 'shuffle': False, 'manifest_filepath': 'logs/en/ensemble/train/binary/b7/DAT/version_58/data/en/train_subset/test_sc.txt'}
2024-06-03 13:18:59,650 - progress - INFO - 	Batch size: 8
2024-06-03 13:18:59,654 - progress - INFO - Creating dataloader for logs/en/ensemble/train/binary/b7/DAT/version_58/data/en/train_subset/test_sg.txt
2024-06-03 13:18:59,655 - progress - INFO - 	Dataloader config: {'sample_rate': 16000, 'batch_size': 8, 'num_workers': 10, 'pin_memory': True, 'use_start_end_token': False, 'trim_silence': False, 'is_tarred': False, 'tarred_audio_filepaths': None, 'shuffle_n': 2048, 'bucketing_strategy': 'synced_randomized', 'bucketing_batch_size': None, 'return_sample_id': False, 'drop_last': False, 'asr_repo': 'whisper', 'shuffle': False, 'manifest_filepath': 'logs/en/ensemble/train/binary/b7/DAT/version_58/data/en/train_subset/test_sg.txt'}
2024-06-03 13:18:59,655 - progress - INFO - 	Batch size: 8
2024-06-03 13:18:59,658 - progress - INFO - Creating dataloader for logs/en/ensemble/train/binary/b7/DAT/version_58/data/en/train_subset/test_za.txt
2024-06-03 13:18:59,659 - progress - INFO - 	Dataloader config: {'sample_rate': 16000, 'batch_size': 8, 'num_workers': 10, 'pin_memory': True, 'use_start_end_token': False, 'trim_silence': False, 'is_tarred': False, 'tarred_audio_filepaths': None, 'shuffle_n': 2048, 'bucketing_strategy': 'synced_randomized', 'bucketing_batch_size': None, 'return_sample_id': False, 'drop_last': False, 'asr_repo': 'whisper', 'shuffle': False, 'manifest_filepath': 'logs/en/ensemble/train/binary/b7/DAT/version_58/data/en/train_subset/test_za.txt'}
2024-06-03 13:18:59,659 - progress - INFO - 	Batch size: 8
