2024-06-04 15:57:26,036 - progress - INFO - Creating dataloader for logs/en/ensemble/train/binary/b7/DAT/version_66/data/en/train_subset/test_us.txt
2024-06-04 15:57:26,037 - progress - INFO - 	Dataloader config: {'sample_rate': 16000, 'batch_size': 8, 'num_workers': 10, 'pin_memory': True, 'use_start_end_token': False, 'trim_silence': False, 'is_tarred': False, 'tarred_audio_filepaths': None, 'shuffle_n': 2048, 'bucketing_strategy': 'synced_randomized', 'bucketing_batch_size': None, 'return_sample_id': False, 'drop_last': False, 'asr_repo': 'whisper', 'shuffle': False, 'manifest_filepath': 'logs/en/ensemble/train/binary/b7/DAT/version_66/data/en/train_subset/test_us.txt'}
2024-06-04 15:57:26,038 - progress - INFO - 	Batch size: 8
2024-06-04 15:57:26,248 - progress - INFO - Creating dataloader for logs/en/ensemble/train/binary/b7/DAT/version_66/data/en/train_subset/test_ca.txt
2024-06-04 15:57:26,249 - progress - INFO - 	Dataloader config: {'sample_rate': 16000, 'batch_size': 8, 'num_workers': 10, 'pin_memory': True, 'use_start_end_token': False, 'trim_silence': False, 'is_tarred': False, 'tarred_audio_filepaths': None, 'shuffle_n': 2048, 'bucketing_strategy': 'synced_randomized', 'bucketing_batch_size': None, 'return_sample_id': False, 'drop_last': False, 'asr_repo': 'whisper', 'shuffle': False, 'manifest_filepath': 'logs/en/ensemble/train/binary/b7/DAT/version_66/data/en/train_subset/test_ca.txt'}
2024-06-04 15:57:26,250 - progress - INFO - 	Batch size: 8
2024-06-04 15:57:26,254 - progress - INFO - Creating dataloader for logs/en/ensemble/train/binary/b7/DAT/version_66/data/en/train_subset/test_uk.txt
2024-06-04 15:57:26,254 - progress - INFO - 	Dataloader config: {'sample_rate': 16000, 'batch_size': 8, 'num_workers': 10, 'pin_memory': True, 'use_start_end_token': False, 'trim_silence': False, 'is_tarred': False, 'tarred_audio_filepaths': None, 'shuffle_n': 2048, 'bucketing_strategy': 'synced_randomized', 'bucketing_batch_size': None, 'return_sample_id': False, 'drop_last': False, 'asr_repo': 'whisper', 'shuffle': False, 'manifest_filepath': 'logs/en/ensemble/train/binary/b7/DAT/version_66/data/en/train_subset/test_uk.txt'}
2024-06-04 15:57:26,255 - progress - INFO - 	Batch size: 8
2024-06-04 15:57:26,260 - progress - INFO - Creating dataloader for logs/en/ensemble/train/binary/b7/DAT/version_66/data/en/train_subset/test_in.txt
2024-06-04 15:57:26,260 - progress - INFO - 	Dataloader config: {'sample_rate': 16000, 'batch_size': 8, 'num_workers': 10, 'pin_memory': True, 'use_start_end_token': False, 'trim_silence': False, 'is_tarred': False, 'tarred_audio_filepaths': None, 'shuffle_n': 2048, 'bucketing_strategy': 'synced_randomized', 'bucketing_batch_size': None, 'return_sample_id': False, 'drop_last': False, 'asr_repo': 'whisper', 'shuffle': False, 'manifest_filepath': 'logs/en/ensemble/train/binary/b7/DAT/version_66/data/en/train_subset/test_in.txt'}
2024-06-04 15:57:26,261 - progress - INFO - 	Batch size: 8
2024-06-04 15:57:26,265 - progress - INFO - Creating dataloader for logs/en/ensemble/train/binary/b7/DAT/version_66/data/en/train_subset/test_de.txt
2024-06-04 15:57:26,266 - progress - INFO - 	Dataloader config: {'sample_rate': 16000, 'batch_size': 8, 'num_workers': 10, 'pin_memory': True, 'use_start_end_token': False, 'trim_silence': False, 'is_tarred': False, 'tarred_audio_filepaths': None, 'shuffle_n': 2048, 'bucketing_strategy': 'synced_randomized', 'bucketing_batch_size': None, 'return_sample_id': False, 'drop_last': False, 'asr_repo': 'whisper', 'shuffle': False, 'manifest_filepath': 'logs/en/ensemble/train/binary/b7/DAT/version_66/data/en/train_subset/test_de.txt'}
2024-06-04 15:57:26,266 - progress - INFO - 	Batch size: 8
2024-06-04 15:57:26,269 - progress - INFO - Creating dataloader for logs/en/ensemble/train/binary/b7/DAT/version_66/data/en/train_subset/test_au.txt
2024-06-04 15:57:26,270 - progress - INFO - 	Dataloader config: {'sample_rate': 16000, 'batch_size': 8, 'num_workers': 10, 'pin_memory': True, 'use_start_end_token': False, 'trim_silence': False, 'is_tarred': False, 'tarred_audio_filepaths': None, 'shuffle_n': 2048, 'bucketing_strategy': 'synced_randomized', 'bucketing_batch_size': None, 'return_sample_id': False, 'drop_last': False, 'asr_repo': 'whisper', 'shuffle': False, 'manifest_filepath': 'logs/en/ensemble/train/binary/b7/DAT/version_66/data/en/train_subset/test_au.txt'}
2024-06-04 15:57:26,271 - progress - INFO - 	Batch size: 8
2024-06-04 15:57:26,273 - progress - INFO - Creating dataloader for logs/en/ensemble/train/binary/b7/DAT/version_66/data/en/train_subset/test_hk.txt
2024-06-04 15:57:26,274 - progress - INFO - 	Dataloader config: {'sample_rate': 16000, 'batch_size': 8, 'num_workers': 10, 'pin_memory': True, 'use_start_end_token': False, 'trim_silence': False, 'is_tarred': False, 'tarred_audio_filepaths': None, 'shuffle_n': 2048, 'bucketing_strategy': 'synced_randomized', 'bucketing_batch_size': None, 'return_sample_id': False, 'drop_last': False, 'asr_repo': 'whisper', 'shuffle': False, 'manifest_filepath': 'logs/en/ensemble/train/binary/b7/DAT/version_66/data/en/train_subset/test_hk.txt'}
2024-06-04 15:57:26,275 - progress - INFO - 	Batch size: 8
2024-06-04 15:57:26,277 - progress - INFO - Creating dataloader for logs/en/ensemble/train/binary/b7/DAT/version_66/data/en/train_subset/test_ie.txt
2024-06-04 15:57:26,278 - progress - INFO - 	Dataloader config: {'sample_rate': 16000, 'batch_size': 8, 'num_workers': 10, 'pin_memory': True, 'use_start_end_token': False, 'trim_silence': False, 'is_tarred': False, 'tarred_audio_filepaths': None, 'shuffle_n': 2048, 'bucketing_strategy': 'synced_randomized', 'bucketing_batch_size': None, 'return_sample_id': False, 'drop_last': False, 'asr_repo': 'whisper', 'shuffle': False, 'manifest_filepath': 'logs/en/ensemble/train/binary/b7/DAT/version_66/data/en/train_subset/test_ie.txt'}
2024-06-04 15:57:26,279 - progress - INFO - 	Batch size: 8
2024-06-04 15:57:26,282 - progress - INFO - Creating dataloader for logs/en/ensemble/train/binary/b7/DAT/version_66/data/en/train_subset/test_ni.txt
2024-06-04 15:57:26,282 - progress - INFO - 	Dataloader config: {'sample_rate': 16000, 'batch_size': 8, 'num_workers': 10, 'pin_memory': True, 'use_start_end_token': False, 'trim_silence': False, 'is_tarred': False, 'tarred_audio_filepaths': None, 'shuffle_n': 2048, 'bucketing_strategy': 'synced_randomized', 'bucketing_batch_size': None, 'return_sample_id': False, 'drop_last': False, 'asr_repo': 'whisper', 'shuffle': False, 'manifest_filepath': 'logs/en/ensemble/train/binary/b7/DAT/version_66/data/en/train_subset/test_ni.txt'}
2024-06-04 15:57:26,283 - progress - INFO - 	Batch size: 8
2024-06-04 15:57:26,286 - progress - INFO - Creating dataloader for logs/en/ensemble/train/binary/b7/DAT/version_66/data/en/train_subset/test_nz.txt
2024-06-04 15:57:26,286 - progress - INFO - 	Dataloader config: {'sample_rate': 16000, 'batch_size': 8, 'num_workers': 10, 'pin_memory': True, 'use_start_end_token': False, 'trim_silence': False, 'is_tarred': False, 'tarred_audio_filepaths': None, 'shuffle_n': 2048, 'bucketing_strategy': 'synced_randomized', 'bucketing_batch_size': None, 'return_sample_id': False, 'drop_last': False, 'asr_repo': 'whisper', 'shuffle': False, 'manifest_filepath': 'logs/en/ensemble/train/binary/b7/DAT/version_66/data/en/train_subset/test_nz.txt'}
2024-06-04 15:57:26,287 - progress - INFO - 	Batch size: 8
2024-06-04 15:57:26,290 - progress - INFO - Creating dataloader for logs/en/ensemble/train/binary/b7/DAT/version_66/data/en/train_subset/test_ph.txt
2024-06-04 15:57:26,291 - progress - INFO - 	Dataloader config: {'sample_rate': 16000, 'batch_size': 8, 'num_workers': 10, 'pin_memory': True, 'use_start_end_token': False, 'trim_silence': False, 'is_tarred': False, 'tarred_audio_filepaths': None, 'shuffle_n': 2048, 'bucketing_strategy': 'synced_randomized', 'bucketing_batch_size': None, 'return_sample_id': False, 'drop_last': False, 'asr_repo': 'whisper', 'shuffle': False, 'manifest_filepath': 'logs/en/ensemble/train/binary/b7/DAT/version_66/data/en/train_subset/test_ph.txt'}
2024-06-04 15:57:26,291 - progress - INFO - 	Batch size: 8
2024-06-04 15:57:26,294 - progress - INFO - Creating dataloader for logs/en/ensemble/train/binary/b7/DAT/version_66/data/en/train_subset/test_sc.txt
2024-06-04 15:57:26,294 - progress - INFO - 	Dataloader config: {'sample_rate': 16000, 'batch_size': 8, 'num_workers': 10, 'pin_memory': True, 'use_start_end_token': False, 'trim_silence': False, 'is_tarred': False, 'tarred_audio_filepaths': None, 'shuffle_n': 2048, 'bucketing_strategy': 'synced_randomized', 'bucketing_batch_size': None, 'return_sample_id': False, 'drop_last': False, 'asr_repo': 'whisper', 'shuffle': False, 'manifest_filepath': 'logs/en/ensemble/train/binary/b7/DAT/version_66/data/en/train_subset/test_sc.txt'}
2024-06-04 15:57:26,295 - progress - INFO - 	Batch size: 8
2024-06-04 15:57:26,298 - progress - INFO - Creating dataloader for logs/en/ensemble/train/binary/b7/DAT/version_66/data/en/train_subset/test_sg.txt
2024-06-04 15:57:26,299 - progress - INFO - 	Dataloader config: {'sample_rate': 16000, 'batch_size': 8, 'num_workers': 10, 'pin_memory': True, 'use_start_end_token': False, 'trim_silence': False, 'is_tarred': False, 'tarred_audio_filepaths': None, 'shuffle_n': 2048, 'bucketing_strategy': 'synced_randomized', 'bucketing_batch_size': None, 'return_sample_id': False, 'drop_last': False, 'asr_repo': 'whisper', 'shuffle': False, 'manifest_filepath': 'logs/en/ensemble/train/binary/b7/DAT/version_66/data/en/train_subset/test_sg.txt'}
2024-06-04 15:57:26,300 - progress - INFO - 	Batch size: 8
2024-06-04 15:57:26,302 - progress - INFO - Creating dataloader for logs/en/ensemble/train/binary/b7/DAT/version_66/data/en/train_subset/test_za.txt
2024-06-04 15:57:26,303 - progress - INFO - 	Dataloader config: {'sample_rate': 16000, 'batch_size': 8, 'num_workers': 10, 'pin_memory': True, 'use_start_end_token': False, 'trim_silence': False, 'is_tarred': False, 'tarred_audio_filepaths': None, 'shuffle_n': 2048, 'bucketing_strategy': 'synced_randomized', 'bucketing_batch_size': None, 'return_sample_id': False, 'drop_last': False, 'asr_repo': 'whisper', 'shuffle': False, 'manifest_filepath': 'logs/en/ensemble/train/binary/b7/DAT/version_66/data/en/train_subset/test_za.txt'}
2024-06-04 15:57:26,304 - progress - INFO - 	Batch size: 8
2024-06-04 16:06:06,039 - progress - INFO - Configuring optimizers
2024-06-04 16:06:06,044 - progress - INFO - Creating dataloader for ['logs/en/ensemble/train/binary/b7/DAT/version_66/data/en/train_subset/train_us.txt']
2024-06-04 16:06:06,045 - progress - INFO - 	Dataloader config: {'sample_rate': 16000, 'batch_size': 8, 'num_workers': 10, 'pin_memory': True, 'use_start_end_token': False, 'trim_silence': False, 'is_tarred': False, 'tarred_audio_filepaths': None, 'shuffle_n': 2048, 'bucketing_strategy': 'synced_randomized', 'bucketing_batch_size': None, 'return_sample_id': False, 'drop_last': False, 'asr_repo': 'whisper', 'shuffle': True, 'manifest_filepath': ['logs/en/ensemble/train/binary/b7/DAT/version_66/data/en/train_subset/train_us.txt']}
2024-06-04 16:06:06,046 - progress - INFO - 	Batch size: 8
2024-06-04 16:06:06,128 - progress - INFO - Creating dataloader for ['logs/en/ensemble/train/binary/b7/DAT/version_66/data/en/train_subset/train_ca.txt', 'logs/en/ensemble/train/binary/b7/DAT/version_66/data/en/train_subset/train_uk.txt', 'logs/en/ensemble/train/binary/b7/DAT/version_66/data/en/train_subset/train_in.txt', 'logs/en/ensemble/train/binary/b7/DAT/version_66/data/en/train_subset/train_de.txt', 'logs/en/ensemble/train/binary/b7/DAT/version_66/data/en/train_subset/train_au.txt']
2024-06-04 16:06:06,129 - progress - INFO - 	Dataloader config: {'sample_rate': 16000, 'batch_size': 8, 'num_workers': 10, 'pin_memory': True, 'use_start_end_token': False, 'trim_silence': False, 'is_tarred': False, 'tarred_audio_filepaths': None, 'shuffle_n': 2048, 'bucketing_strategy': 'synced_randomized', 'bucketing_batch_size': None, 'return_sample_id': False, 'drop_last': False, 'asr_repo': 'whisper', 'shuffle': True, 'manifest_filepath': ['logs/en/ensemble/train/binary/b7/DAT/version_66/data/en/train_subset/train_ca.txt', 'logs/en/ensemble/train/binary/b7/DAT/version_66/data/en/train_subset/train_uk.txt', 'logs/en/ensemble/train/binary/b7/DAT/version_66/data/en/train_subset/train_in.txt', 'logs/en/ensemble/train/binary/b7/DAT/version_66/data/en/train_subset/train_de.txt', 'logs/en/ensemble/train/binary/b7/DAT/version_66/data/en/train_subset/train_au.txt']}
2024-06-04 16:06:06,130 - progress - INFO - 	Batch size: 8
2024-06-04 16:06:06,270 - progress - INFO - Scheduler max. steps: 960
2024-06-04 16:06:06,283 - progress - INFO - Creating dataloader for ['logs/en/ensemble/train/binary/b7/DAT/version_66/data/en/train_subset/train_us.txt']
2024-06-04 16:06:06,283 - progress - INFO - 	Dataloader config: {'sample_rate': 16000, 'batch_size': 8, 'num_workers': 10, 'pin_memory': True, 'use_start_end_token': False, 'trim_silence': False, 'is_tarred': False, 'tarred_audio_filepaths': None, 'shuffle_n': 2048, 'bucketing_strategy': 'synced_randomized', 'bucketing_batch_size': None, 'return_sample_id': False, 'drop_last': False, 'asr_repo': 'whisper', 'shuffle': True, 'manifest_filepath': ['logs/en/ensemble/train/binary/b7/DAT/version_66/data/en/train_subset/train_us.txt']}
2024-06-04 16:06:06,284 - progress - INFO - 	Batch size: 8
2024-06-04 16:06:06,305 - progress - INFO - Creating dataloader for ['logs/en/ensemble/train/binary/b7/DAT/version_66/data/en/train_subset/train_ca.txt', 'logs/en/ensemble/train/binary/b7/DAT/version_66/data/en/train_subset/train_uk.txt', 'logs/en/ensemble/train/binary/b7/DAT/version_66/data/en/train_subset/train_in.txt', 'logs/en/ensemble/train/binary/b7/DAT/version_66/data/en/train_subset/train_de.txt', 'logs/en/ensemble/train/binary/b7/DAT/version_66/data/en/train_subset/train_au.txt']
2024-06-04 16:06:06,306 - progress - INFO - 	Dataloader config: {'sample_rate': 16000, 'batch_size': 8, 'num_workers': 10, 'pin_memory': True, 'use_start_end_token': False, 'trim_silence': False, 'is_tarred': False, 'tarred_audio_filepaths': None, 'shuffle_n': 2048, 'bucketing_strategy': 'synced_randomized', 'bucketing_batch_size': None, 'return_sample_id': False, 'drop_last': False, 'asr_repo': 'whisper', 'shuffle': True, 'manifest_filepath': ['logs/en/ensemble/train/binary/b7/DAT/version_66/data/en/train_subset/train_ca.txt', 'logs/en/ensemble/train/binary/b7/DAT/version_66/data/en/train_subset/train_uk.txt', 'logs/en/ensemble/train/binary/b7/DAT/version_66/data/en/train_subset/train_in.txt', 'logs/en/ensemble/train/binary/b7/DAT/version_66/data/en/train_subset/train_de.txt', 'logs/en/ensemble/train/binary/b7/DAT/version_66/data/en/train_subset/train_au.txt']}
2024-06-04 16:06:06,306 - progress - INFO - 	Batch size: 8
2024-06-04 16:06:06,333 - progress - INFO - Creating dataloader for logs/en/ensemble/train/binary/b7/DAT/version_66/data/en/train_subset/test_us.txt
2024-06-04 16:06:06,334 - progress - INFO - 	Dataloader config: {'sample_rate': 16000, 'batch_size': 8, 'num_workers': 10, 'pin_memory': True, 'use_start_end_token': False, 'trim_silence': False, 'is_tarred': False, 'tarred_audio_filepaths': None, 'shuffle_n': 2048, 'bucketing_strategy': 'synced_randomized', 'bucketing_batch_size': None, 'return_sample_id': False, 'drop_last': False, 'asr_repo': 'whisper', 'shuffle': False, 'manifest_filepath': 'logs/en/ensemble/train/binary/b7/DAT/version_66/data/en/train_subset/test_us.txt'}
2024-06-04 16:06:06,334 - progress - INFO - 	Batch size: 8
2024-06-04 16:06:06,343 - progress - INFO - Creating dataloader for logs/en/ensemble/train/binary/b7/DAT/version_66/data/en/train_subset/test_ca.txt
2024-06-04 16:06:06,344 - progress - INFO - 	Dataloader config: {'sample_rate': 16000, 'batch_size': 8, 'num_workers': 10, 'pin_memory': True, 'use_start_end_token': False, 'trim_silence': False, 'is_tarred': False, 'tarred_audio_filepaths': None, 'shuffle_n': 2048, 'bucketing_strategy': 'synced_randomized', 'bucketing_batch_size': None, 'return_sample_id': False, 'drop_last': False, 'asr_repo': 'whisper', 'shuffle': False, 'manifest_filepath': 'logs/en/ensemble/train/binary/b7/DAT/version_66/data/en/train_subset/test_ca.txt'}
2024-06-04 16:06:06,344 - progress - INFO - 	Batch size: 8
2024-06-04 16:06:06,348 - progress - INFO - Creating dataloader for logs/en/ensemble/train/binary/b7/DAT/version_66/data/en/train_subset/test_uk.txt
2024-06-04 16:06:06,348 - progress - INFO - 	Dataloader config: {'sample_rate': 16000, 'batch_size': 8, 'num_workers': 10, 'pin_memory': True, 'use_start_end_token': False, 'trim_silence': False, 'is_tarred': False, 'tarred_audio_filepaths': None, 'shuffle_n': 2048, 'bucketing_strategy': 'synced_randomized', 'bucketing_batch_size': None, 'return_sample_id': False, 'drop_last': False, 'asr_repo': 'whisper', 'shuffle': False, 'manifest_filepath': 'logs/en/ensemble/train/binary/b7/DAT/version_66/data/en/train_subset/test_uk.txt'}
2024-06-04 16:06:06,349 - progress - INFO - 	Batch size: 8
2024-06-04 16:06:06,353 - progress - INFO - Creating dataloader for logs/en/ensemble/train/binary/b7/DAT/version_66/data/en/train_subset/test_in.txt
2024-06-04 16:06:06,354 - progress - INFO - 	Dataloader config: {'sample_rate': 16000, 'batch_size': 8, 'num_workers': 10, 'pin_memory': True, 'use_start_end_token': False, 'trim_silence': False, 'is_tarred': False, 'tarred_audio_filepaths': None, 'shuffle_n': 2048, 'bucketing_strategy': 'synced_randomized', 'bucketing_batch_size': None, 'return_sample_id': False, 'drop_last': False, 'asr_repo': 'whisper', 'shuffle': False, 'manifest_filepath': 'logs/en/ensemble/train/binary/b7/DAT/version_66/data/en/train_subset/test_in.txt'}
2024-06-04 16:06:06,355 - progress - INFO - 	Batch size: 8
2024-06-04 16:06:06,359 - progress - INFO - Creating dataloader for logs/en/ensemble/train/binary/b7/DAT/version_66/data/en/train_subset/test_de.txt
2024-06-04 16:06:06,360 - progress - INFO - 	Dataloader config: {'sample_rate': 16000, 'batch_size': 8, 'num_workers': 10, 'pin_memory': True, 'use_start_end_token': False, 'trim_silence': False, 'is_tarred': False, 'tarred_audio_filepaths': None, 'shuffle_n': 2048, 'bucketing_strategy': 'synced_randomized', 'bucketing_batch_size': None, 'return_sample_id': False, 'drop_last': False, 'asr_repo': 'whisper', 'shuffle': False, 'manifest_filepath': 'logs/en/ensemble/train/binary/b7/DAT/version_66/data/en/train_subset/test_de.txt'}
2024-06-04 16:06:06,360 - progress - INFO - 	Batch size: 8
2024-06-04 16:06:06,363 - progress - INFO - Creating dataloader for logs/en/ensemble/train/binary/b7/DAT/version_66/data/en/train_subset/test_au.txt
2024-06-04 16:06:06,364 - progress - INFO - 	Dataloader config: {'sample_rate': 16000, 'batch_size': 8, 'num_workers': 10, 'pin_memory': True, 'use_start_end_token': False, 'trim_silence': False, 'is_tarred': False, 'tarred_audio_filepaths': None, 'shuffle_n': 2048, 'bucketing_strategy': 'synced_randomized', 'bucketing_batch_size': None, 'return_sample_id': False, 'drop_last': False, 'asr_repo': 'whisper', 'shuffle': False, 'manifest_filepath': 'logs/en/ensemble/train/binary/b7/DAT/version_66/data/en/train_subset/test_au.txt'}
2024-06-04 16:06:06,365 - progress - INFO - 	Batch size: 8
2024-06-04 16:06:06,368 - progress - INFO - Creating dataloader for logs/en/ensemble/train/binary/b7/DAT/version_66/data/en/train_subset/test_hk.txt
2024-06-04 16:06:06,369 - progress - INFO - 	Dataloader config: {'sample_rate': 16000, 'batch_size': 8, 'num_workers': 10, 'pin_memory': True, 'use_start_end_token': False, 'trim_silence': False, 'is_tarred': False, 'tarred_audio_filepaths': None, 'shuffle_n': 2048, 'bucketing_strategy': 'synced_randomized', 'bucketing_batch_size': None, 'return_sample_id': False, 'drop_last': False, 'asr_repo': 'whisper', 'shuffle': False, 'manifest_filepath': 'logs/en/ensemble/train/binary/b7/DAT/version_66/data/en/train_subset/test_hk.txt'}
2024-06-04 16:06:06,370 - progress - INFO - 	Batch size: 8
2024-06-04 16:06:06,372 - progress - INFO - Creating dataloader for logs/en/ensemble/train/binary/b7/DAT/version_66/data/en/train_subset/test_ie.txt
2024-06-04 16:06:06,372 - progress - INFO - 	Dataloader config: {'sample_rate': 16000, 'batch_size': 8, 'num_workers': 10, 'pin_memory': True, 'use_start_end_token': False, 'trim_silence': False, 'is_tarred': False, 'tarred_audio_filepaths': None, 'shuffle_n': 2048, 'bucketing_strategy': 'synced_randomized', 'bucketing_batch_size': None, 'return_sample_id': False, 'drop_last': False, 'asr_repo': 'whisper', 'shuffle': False, 'manifest_filepath': 'logs/en/ensemble/train/binary/b7/DAT/version_66/data/en/train_subset/test_ie.txt'}
2024-06-04 16:06:06,373 - progress - INFO - 	Batch size: 8
2024-06-04 16:06:06,376 - progress - INFO - Creating dataloader for logs/en/ensemble/train/binary/b7/DAT/version_66/data/en/train_subset/test_ni.txt
2024-06-04 16:06:06,377 - progress - INFO - 	Dataloader config: {'sample_rate': 16000, 'batch_size': 8, 'num_workers': 10, 'pin_memory': True, 'use_start_end_token': False, 'trim_silence': False, 'is_tarred': False, 'tarred_audio_filepaths': None, 'shuffle_n': 2048, 'bucketing_strategy': 'synced_randomized', 'bucketing_batch_size': None, 'return_sample_id': False, 'drop_last': False, 'asr_repo': 'whisper', 'shuffle': False, 'manifest_filepath': 'logs/en/ensemble/train/binary/b7/DAT/version_66/data/en/train_subset/test_ni.txt'}
2024-06-04 16:06:06,378 - progress - INFO - 	Batch size: 8
2024-06-04 16:06:06,381 - progress - INFO - Creating dataloader for logs/en/ensemble/train/binary/b7/DAT/version_66/data/en/train_subset/test_nz.txt
2024-06-04 16:06:06,381 - progress - INFO - 	Dataloader config: {'sample_rate': 16000, 'batch_size': 8, 'num_workers': 10, 'pin_memory': True, 'use_start_end_token': False, 'trim_silence': False, 'is_tarred': False, 'tarred_audio_filepaths': None, 'shuffle_n': 2048, 'bucketing_strategy': 'synced_randomized', 'bucketing_batch_size': None, 'return_sample_id': False, 'drop_last': False, 'asr_repo': 'whisper', 'shuffle': False, 'manifest_filepath': 'logs/en/ensemble/train/binary/b7/DAT/version_66/data/en/train_subset/test_nz.txt'}
2024-06-04 16:06:06,382 - progress - INFO - 	Batch size: 8
2024-06-04 16:06:06,386 - progress - INFO - Creating dataloader for logs/en/ensemble/train/binary/b7/DAT/version_66/data/en/train_subset/test_ph.txt
2024-06-04 16:06:06,387 - progress - INFO - 	Dataloader config: {'sample_rate': 16000, 'batch_size': 8, 'num_workers': 10, 'pin_memory': True, 'use_start_end_token': False, 'trim_silence': False, 'is_tarred': False, 'tarred_audio_filepaths': None, 'shuffle_n': 2048, 'bucketing_strategy': 'synced_randomized', 'bucketing_batch_size': None, 'return_sample_id': False, 'drop_last': False, 'asr_repo': 'whisper', 'shuffle': False, 'manifest_filepath': 'logs/en/ensemble/train/binary/b7/DAT/version_66/data/en/train_subset/test_ph.txt'}
2024-06-04 16:06:06,387 - progress - INFO - 	Batch size: 8
2024-06-04 16:06:06,390 - progress - INFO - Creating dataloader for logs/en/ensemble/train/binary/b7/DAT/version_66/data/en/train_subset/test_sc.txt
2024-06-04 16:06:06,390 - progress - INFO - 	Dataloader config: {'sample_rate': 16000, 'batch_size': 8, 'num_workers': 10, 'pin_memory': True, 'use_start_end_token': False, 'trim_silence': False, 'is_tarred': False, 'tarred_audio_filepaths': None, 'shuffle_n': 2048, 'bucketing_strategy': 'synced_randomized', 'bucketing_batch_size': None, 'return_sample_id': False, 'drop_last': False, 'asr_repo': 'whisper', 'shuffle': False, 'manifest_filepath': 'logs/en/ensemble/train/binary/b7/DAT/version_66/data/en/train_subset/test_sc.txt'}
2024-06-04 16:06:06,391 - progress - INFO - 	Batch size: 8
2024-06-04 16:06:06,394 - progress - INFO - Creating dataloader for logs/en/ensemble/train/binary/b7/DAT/version_66/data/en/train_subset/test_sg.txt
2024-06-04 16:06:06,395 - progress - INFO - 	Dataloader config: {'sample_rate': 16000, 'batch_size': 8, 'num_workers': 10, 'pin_memory': True, 'use_start_end_token': False, 'trim_silence': False, 'is_tarred': False, 'tarred_audio_filepaths': None, 'shuffle_n': 2048, 'bucketing_strategy': 'synced_randomized', 'bucketing_batch_size': None, 'return_sample_id': False, 'drop_last': False, 'asr_repo': 'whisper', 'shuffle': False, 'manifest_filepath': 'logs/en/ensemble/train/binary/b7/DAT/version_66/data/en/train_subset/test_sg.txt'}
2024-06-04 16:06:06,396 - progress - INFO - 	Batch size: 8
2024-06-04 16:06:06,398 - progress - INFO - Creating dataloader for logs/en/ensemble/train/binary/b7/DAT/version_66/data/en/train_subset/test_za.txt
2024-06-04 16:06:06,399 - progress - INFO - 	Dataloader config: {'sample_rate': 16000, 'batch_size': 8, 'num_workers': 10, 'pin_memory': True, 'use_start_end_token': False, 'trim_silence': False, 'is_tarred': False, 'tarred_audio_filepaths': None, 'shuffle_n': 2048, 'bucketing_strategy': 'synced_randomized', 'bucketing_batch_size': None, 'return_sample_id': False, 'drop_last': False, 'asr_repo': 'whisper', 'shuffle': False, 'manifest_filepath': 'logs/en/ensemble/train/binary/b7/DAT/version_66/data/en/train_subset/test_za.txt'}
2024-06-04 16:06:06,400 - progress - INFO - 	Batch size: 8
