2024-06-08 11:26:50,640 - progress - INFO - Creating dataloader for logs/en/ensemble/train/binary/b7/DAT/version_76/data/en/train_subset/test_us.txt
2024-06-08 11:26:50,641 - progress - INFO - 	Dataloader config: {'sample_rate': 16000, 'batch_size': 8, 'num_workers': 10, 'pin_memory': True, 'use_start_end_token': False, 'trim_silence': False, 'is_tarred': False, 'tarred_audio_filepaths': None, 'shuffle_n': 2048, 'bucketing_strategy': 'synced_randomized', 'bucketing_batch_size': None, 'return_sample_id': False, 'drop_last': False, 'asr_repo': 'whisper', 'shuffle': False, 'manifest_filepath': 'logs/en/ensemble/train/binary/b7/DAT/version_76/data/en/train_subset/test_us.txt'}
2024-06-08 11:26:50,642 - progress - INFO - 	Batch size: 8
2024-06-08 11:26:50,851 - progress - INFO - Creating dataloader for logs/en/ensemble/train/binary/b7/DAT/version_76/data/en/train_subset/test_ca.txt
2024-06-08 11:26:50,852 - progress - INFO - 	Dataloader config: {'sample_rate': 16000, 'batch_size': 8, 'num_workers': 10, 'pin_memory': True, 'use_start_end_token': False, 'trim_silence': False, 'is_tarred': False, 'tarred_audio_filepaths': None, 'shuffle_n': 2048, 'bucketing_strategy': 'synced_randomized', 'bucketing_batch_size': None, 'return_sample_id': False, 'drop_last': False, 'asr_repo': 'whisper', 'shuffle': False, 'manifest_filepath': 'logs/en/ensemble/train/binary/b7/DAT/version_76/data/en/train_subset/test_ca.txt'}
2024-06-08 11:26:50,853 - progress - INFO - 	Batch size: 8
2024-06-08 11:26:50,858 - progress - INFO - Creating dataloader for logs/en/ensemble/train/binary/b7/DAT/version_76/data/en/train_subset/test_uk.txt
2024-06-08 11:26:50,859 - progress - INFO - 	Dataloader config: {'sample_rate': 16000, 'batch_size': 8, 'num_workers': 10, 'pin_memory': True, 'use_start_end_token': False, 'trim_silence': False, 'is_tarred': False, 'tarred_audio_filepaths': None, 'shuffle_n': 2048, 'bucketing_strategy': 'synced_randomized', 'bucketing_batch_size': None, 'return_sample_id': False, 'drop_last': False, 'asr_repo': 'whisper', 'shuffle': False, 'manifest_filepath': 'logs/en/ensemble/train/binary/b7/DAT/version_76/data/en/train_subset/test_uk.txt'}
2024-06-08 11:26:50,860 - progress - INFO - 	Batch size: 8
2024-06-08 11:26:50,864 - progress - INFO - Creating dataloader for logs/en/ensemble/train/binary/b7/DAT/version_76/data/en/train_subset/test_in.txt
2024-06-08 11:26:50,864 - progress - INFO - 	Dataloader config: {'sample_rate': 16000, 'batch_size': 8, 'num_workers': 10, 'pin_memory': True, 'use_start_end_token': False, 'trim_silence': False, 'is_tarred': False, 'tarred_audio_filepaths': None, 'shuffle_n': 2048, 'bucketing_strategy': 'synced_randomized', 'bucketing_batch_size': None, 'return_sample_id': False, 'drop_last': False, 'asr_repo': 'whisper', 'shuffle': False, 'manifest_filepath': 'logs/en/ensemble/train/binary/b7/DAT/version_76/data/en/train_subset/test_in.txt'}
2024-06-08 11:26:50,865 - progress - INFO - 	Batch size: 8
2024-06-08 11:26:50,869 - progress - INFO - Creating dataloader for logs/en/ensemble/train/binary/b7/DAT/version_76/data/en/train_subset/test_de.txt
2024-06-08 11:26:50,870 - progress - INFO - 	Dataloader config: {'sample_rate': 16000, 'batch_size': 8, 'num_workers': 10, 'pin_memory': True, 'use_start_end_token': False, 'trim_silence': False, 'is_tarred': False, 'tarred_audio_filepaths': None, 'shuffle_n': 2048, 'bucketing_strategy': 'synced_randomized', 'bucketing_batch_size': None, 'return_sample_id': False, 'drop_last': False, 'asr_repo': 'whisper', 'shuffle': False, 'manifest_filepath': 'logs/en/ensemble/train/binary/b7/DAT/version_76/data/en/train_subset/test_de.txt'}
2024-06-08 11:26:50,870 - progress - INFO - 	Batch size: 8
2024-06-08 11:26:50,874 - progress - INFO - Creating dataloader for logs/en/ensemble/train/binary/b7/DAT/version_76/data/en/train_subset/test_au.txt
2024-06-08 11:26:50,875 - progress - INFO - 	Dataloader config: {'sample_rate': 16000, 'batch_size': 8, 'num_workers': 10, 'pin_memory': True, 'use_start_end_token': False, 'trim_silence': False, 'is_tarred': False, 'tarred_audio_filepaths': None, 'shuffle_n': 2048, 'bucketing_strategy': 'synced_randomized', 'bucketing_batch_size': None, 'return_sample_id': False, 'drop_last': False, 'asr_repo': 'whisper', 'shuffle': False, 'manifest_filepath': 'logs/en/ensemble/train/binary/b7/DAT/version_76/data/en/train_subset/test_au.txt'}
2024-06-08 11:26:50,876 - progress - INFO - 	Batch size: 8
2024-06-08 11:26:50,879 - progress - INFO - Creating dataloader for logs/en/ensemble/train/binary/b7/DAT/version_76/data/en/train_subset/test_hk.txt
2024-06-08 11:26:50,880 - progress - INFO - 	Dataloader config: {'sample_rate': 16000, 'batch_size': 8, 'num_workers': 10, 'pin_memory': True, 'use_start_end_token': False, 'trim_silence': False, 'is_tarred': False, 'tarred_audio_filepaths': None, 'shuffle_n': 2048, 'bucketing_strategy': 'synced_randomized', 'bucketing_batch_size': None, 'return_sample_id': False, 'drop_last': False, 'asr_repo': 'whisper', 'shuffle': False, 'manifest_filepath': 'logs/en/ensemble/train/binary/b7/DAT/version_76/data/en/train_subset/test_hk.txt'}
2024-06-08 11:26:50,881 - progress - INFO - 	Batch size: 8
2024-06-08 11:26:50,884 - progress - INFO - Creating dataloader for logs/en/ensemble/train/binary/b7/DAT/version_76/data/en/train_subset/test_ie.txt
2024-06-08 11:26:50,885 - progress - INFO - 	Dataloader config: {'sample_rate': 16000, 'batch_size': 8, 'num_workers': 10, 'pin_memory': True, 'use_start_end_token': False, 'trim_silence': False, 'is_tarred': False, 'tarred_audio_filepaths': None, 'shuffle_n': 2048, 'bucketing_strategy': 'synced_randomized', 'bucketing_batch_size': None, 'return_sample_id': False, 'drop_last': False, 'asr_repo': 'whisper', 'shuffle': False, 'manifest_filepath': 'logs/en/ensemble/train/binary/b7/DAT/version_76/data/en/train_subset/test_ie.txt'}
2024-06-08 11:26:50,885 - progress - INFO - 	Batch size: 8
2024-06-08 11:26:50,888 - progress - INFO - Creating dataloader for logs/en/ensemble/train/binary/b7/DAT/version_76/data/en/train_subset/test_ni.txt
2024-06-08 11:26:50,889 - progress - INFO - 	Dataloader config: {'sample_rate': 16000, 'batch_size': 8, 'num_workers': 10, 'pin_memory': True, 'use_start_end_token': False, 'trim_silence': False, 'is_tarred': False, 'tarred_audio_filepaths': None, 'shuffle_n': 2048, 'bucketing_strategy': 'synced_randomized', 'bucketing_batch_size': None, 'return_sample_id': False, 'drop_last': False, 'asr_repo': 'whisper', 'shuffle': False, 'manifest_filepath': 'logs/en/ensemble/train/binary/b7/DAT/version_76/data/en/train_subset/test_ni.txt'}
2024-06-08 11:26:50,890 - progress - INFO - 	Batch size: 8
2024-06-08 11:26:50,892 - progress - INFO - Creating dataloader for logs/en/ensemble/train/binary/b7/DAT/version_76/data/en/train_subset/test_nz.txt
2024-06-08 11:26:50,893 - progress - INFO - 	Dataloader config: {'sample_rate': 16000, 'batch_size': 8, 'num_workers': 10, 'pin_memory': True, 'use_start_end_token': False, 'trim_silence': False, 'is_tarred': False, 'tarred_audio_filepaths': None, 'shuffle_n': 2048, 'bucketing_strategy': 'synced_randomized', 'bucketing_batch_size': None, 'return_sample_id': False, 'drop_last': False, 'asr_repo': 'whisper', 'shuffle': False, 'manifest_filepath': 'logs/en/ensemble/train/binary/b7/DAT/version_76/data/en/train_subset/test_nz.txt'}
2024-06-08 11:26:50,893 - progress - INFO - 	Batch size: 8
2024-06-08 11:26:50,896 - progress - INFO - Creating dataloader for logs/en/ensemble/train/binary/b7/DAT/version_76/data/en/train_subset/test_ph.txt
2024-06-08 11:26:50,897 - progress - INFO - 	Dataloader config: {'sample_rate': 16000, 'batch_size': 8, 'num_workers': 10, 'pin_memory': True, 'use_start_end_token': False, 'trim_silence': False, 'is_tarred': False, 'tarred_audio_filepaths': None, 'shuffle_n': 2048, 'bucketing_strategy': 'synced_randomized', 'bucketing_batch_size': None, 'return_sample_id': False, 'drop_last': False, 'asr_repo': 'whisper', 'shuffle': False, 'manifest_filepath': 'logs/en/ensemble/train/binary/b7/DAT/version_76/data/en/train_subset/test_ph.txt'}
2024-06-08 11:26:50,898 - progress - INFO - 	Batch size: 8
2024-06-08 11:26:50,901 - progress - INFO - Creating dataloader for logs/en/ensemble/train/binary/b7/DAT/version_76/data/en/train_subset/test_sc.txt
2024-06-08 11:26:50,902 - progress - INFO - 	Dataloader config: {'sample_rate': 16000, 'batch_size': 8, 'num_workers': 10, 'pin_memory': True, 'use_start_end_token': False, 'trim_silence': False, 'is_tarred': False, 'tarred_audio_filepaths': None, 'shuffle_n': 2048, 'bucketing_strategy': 'synced_randomized', 'bucketing_batch_size': None, 'return_sample_id': False, 'drop_last': False, 'asr_repo': 'whisper', 'shuffle': False, 'manifest_filepath': 'logs/en/ensemble/train/binary/b7/DAT/version_76/data/en/train_subset/test_sc.txt'}
2024-06-08 11:26:50,903 - progress - INFO - 	Batch size: 8
2024-06-08 11:26:50,906 - progress - INFO - Creating dataloader for logs/en/ensemble/train/binary/b7/DAT/version_76/data/en/train_subset/test_sg.txt
2024-06-08 11:26:50,907 - progress - INFO - 	Dataloader config: {'sample_rate': 16000, 'batch_size': 8, 'num_workers': 10, 'pin_memory': True, 'use_start_end_token': False, 'trim_silence': False, 'is_tarred': False, 'tarred_audio_filepaths': None, 'shuffle_n': 2048, 'bucketing_strategy': 'synced_randomized', 'bucketing_batch_size': None, 'return_sample_id': False, 'drop_last': False, 'asr_repo': 'whisper', 'shuffle': False, 'manifest_filepath': 'logs/en/ensemble/train/binary/b7/DAT/version_76/data/en/train_subset/test_sg.txt'}
2024-06-08 11:26:50,907 - progress - INFO - 	Batch size: 8
2024-06-08 11:26:50,910 - progress - INFO - Creating dataloader for logs/en/ensemble/train/binary/b7/DAT/version_76/data/en/train_subset/test_za.txt
2024-06-08 11:26:50,911 - progress - INFO - 	Dataloader config: {'sample_rate': 16000, 'batch_size': 8, 'num_workers': 10, 'pin_memory': True, 'use_start_end_token': False, 'trim_silence': False, 'is_tarred': False, 'tarred_audio_filepaths': None, 'shuffle_n': 2048, 'bucketing_strategy': 'synced_randomized', 'bucketing_batch_size': None, 'return_sample_id': False, 'drop_last': False, 'asr_repo': 'whisper', 'shuffle': False, 'manifest_filepath': 'logs/en/ensemble/train/binary/b7/DAT/version_76/data/en/train_subset/test_za.txt'}
2024-06-08 11:26:50,911 - progress - INFO - 	Batch size: 8
2024-06-08 11:35:27,701 - progress - INFO - Configuring optimizers
2024-06-08 11:35:27,723 - progress - INFO - Creating dataloader for ['logs/en/ensemble/train/binary/b7/DAT/version_76/data/en/train_subset/train_us.txt']
2024-06-08 11:35:27,724 - progress - INFO - 	Dataloader config: {'sample_rate': 16000, 'batch_size': 8, 'num_workers': 10, 'pin_memory': True, 'use_start_end_token': False, 'trim_silence': False, 'is_tarred': False, 'tarred_audio_filepaths': None, 'shuffle_n': 2048, 'bucketing_strategy': 'synced_randomized', 'bucketing_batch_size': None, 'return_sample_id': False, 'drop_last': False, 'asr_repo': 'whisper', 'shuffle': True, 'manifest_filepath': ['logs/en/ensemble/train/binary/b7/DAT/version_76/data/en/train_subset/train_us.txt']}
2024-06-08 11:35:27,725 - progress - INFO - 	Batch size: 8
2024-06-08 11:35:27,771 - progress - INFO - Creating dataloader for ['logs/en/ensemble/train/binary/b7/DAT/version_76/data/en/train_subset/train_ca.txt', 'logs/en/ensemble/train/binary/b7/DAT/version_76/data/en/train_subset/train_uk.txt', 'logs/en/ensemble/train/binary/b7/DAT/version_76/data/en/train_subset/train_in.txt', 'logs/en/ensemble/train/binary/b7/DAT/version_76/data/en/train_subset/train_de.txt', 'logs/en/ensemble/train/binary/b7/DAT/version_76/data/en/train_subset/train_au.txt']
2024-06-08 11:35:27,771 - progress - INFO - 	Dataloader config: {'sample_rate': 16000, 'batch_size': 8, 'num_workers': 10, 'pin_memory': True, 'use_start_end_token': False, 'trim_silence': False, 'is_tarred': False, 'tarred_audio_filepaths': None, 'shuffle_n': 2048, 'bucketing_strategy': 'synced_randomized', 'bucketing_batch_size': None, 'return_sample_id': False, 'drop_last': False, 'asr_repo': 'whisper', 'shuffle': True, 'manifest_filepath': ['logs/en/ensemble/train/binary/b7/DAT/version_76/data/en/train_subset/train_ca.txt', 'logs/en/ensemble/train/binary/b7/DAT/version_76/data/en/train_subset/train_uk.txt', 'logs/en/ensemble/train/binary/b7/DAT/version_76/data/en/train_subset/train_in.txt', 'logs/en/ensemble/train/binary/b7/DAT/version_76/data/en/train_subset/train_de.txt', 'logs/en/ensemble/train/binary/b7/DAT/version_76/data/en/train_subset/train_au.txt']}
2024-06-08 11:35:27,772 - progress - INFO - 	Batch size: 8
2024-06-08 11:35:27,875 - progress - INFO - Scheduler max. steps: 960
2024-06-08 11:35:27,886 - progress - INFO - Creating dataloader for ['logs/en/ensemble/train/binary/b7/DAT/version_76/data/en/train_subset/train_us.txt']
2024-06-08 11:35:27,886 - progress - INFO - 	Dataloader config: {'sample_rate': 16000, 'batch_size': 8, 'num_workers': 10, 'pin_memory': True, 'use_start_end_token': False, 'trim_silence': False, 'is_tarred': False, 'tarred_audio_filepaths': None, 'shuffle_n': 2048, 'bucketing_strategy': 'synced_randomized', 'bucketing_batch_size': None, 'return_sample_id': False, 'drop_last': False, 'asr_repo': 'whisper', 'shuffle': True, 'manifest_filepath': ['logs/en/ensemble/train/binary/b7/DAT/version_76/data/en/train_subset/train_us.txt']}
2024-06-08 11:35:27,887 - progress - INFO - 	Batch size: 8
2024-06-08 11:35:27,904 - progress - INFO - Creating dataloader for ['logs/en/ensemble/train/binary/b7/DAT/version_76/data/en/train_subset/train_ca.txt', 'logs/en/ensemble/train/binary/b7/DAT/version_76/data/en/train_subset/train_uk.txt', 'logs/en/ensemble/train/binary/b7/DAT/version_76/data/en/train_subset/train_in.txt', 'logs/en/ensemble/train/binary/b7/DAT/version_76/data/en/train_subset/train_de.txt', 'logs/en/ensemble/train/binary/b7/DAT/version_76/data/en/train_subset/train_au.txt']
2024-06-08 11:35:27,905 - progress - INFO - 	Dataloader config: {'sample_rate': 16000, 'batch_size': 8, 'num_workers': 10, 'pin_memory': True, 'use_start_end_token': False, 'trim_silence': False, 'is_tarred': False, 'tarred_audio_filepaths': None, 'shuffle_n': 2048, 'bucketing_strategy': 'synced_randomized', 'bucketing_batch_size': None, 'return_sample_id': False, 'drop_last': False, 'asr_repo': 'whisper', 'shuffle': True, 'manifest_filepath': ['logs/en/ensemble/train/binary/b7/DAT/version_76/data/en/train_subset/train_ca.txt', 'logs/en/ensemble/train/binary/b7/DAT/version_76/data/en/train_subset/train_uk.txt', 'logs/en/ensemble/train/binary/b7/DAT/version_76/data/en/train_subset/train_in.txt', 'logs/en/ensemble/train/binary/b7/DAT/version_76/data/en/train_subset/train_de.txt', 'logs/en/ensemble/train/binary/b7/DAT/version_76/data/en/train_subset/train_au.txt']}
2024-06-08 11:35:27,906 - progress - INFO - 	Batch size: 8
2024-06-08 11:35:27,929 - progress - INFO - Creating dataloader for logs/en/ensemble/train/binary/b7/DAT/version_76/data/en/train_subset/test_us.txt
2024-06-08 11:35:27,929 - progress - INFO - 	Dataloader config: {'sample_rate': 16000, 'batch_size': 8, 'num_workers': 10, 'pin_memory': True, 'use_start_end_token': False, 'trim_silence': False, 'is_tarred': False, 'tarred_audio_filepaths': None, 'shuffle_n': 2048, 'bucketing_strategy': 'synced_randomized', 'bucketing_batch_size': None, 'return_sample_id': False, 'drop_last': False, 'asr_repo': 'whisper', 'shuffle': False, 'manifest_filepath': 'logs/en/ensemble/train/binary/b7/DAT/version_76/data/en/train_subset/test_us.txt'}
2024-06-08 11:35:27,930 - progress - INFO - 	Batch size: 8
2024-06-08 11:35:27,938 - progress - INFO - Creating dataloader for logs/en/ensemble/train/binary/b7/DAT/version_76/data/en/train_subset/test_ca.txt
2024-06-08 11:35:27,938 - progress - INFO - 	Dataloader config: {'sample_rate': 16000, 'batch_size': 8, 'num_workers': 10, 'pin_memory': True, 'use_start_end_token': False, 'trim_silence': False, 'is_tarred': False, 'tarred_audio_filepaths': None, 'shuffle_n': 2048, 'bucketing_strategy': 'synced_randomized', 'bucketing_batch_size': None, 'return_sample_id': False, 'drop_last': False, 'asr_repo': 'whisper', 'shuffle': False, 'manifest_filepath': 'logs/en/ensemble/train/binary/b7/DAT/version_76/data/en/train_subset/test_ca.txt'}
2024-06-08 11:35:27,939 - progress - INFO - 	Batch size: 8
2024-06-08 11:35:27,942 - progress - INFO - Creating dataloader for logs/en/ensemble/train/binary/b7/DAT/version_76/data/en/train_subset/test_uk.txt
2024-06-08 11:35:27,943 - progress - INFO - 	Dataloader config: {'sample_rate': 16000, 'batch_size': 8, 'num_workers': 10, 'pin_memory': True, 'use_start_end_token': False, 'trim_silence': False, 'is_tarred': False, 'tarred_audio_filepaths': None, 'shuffle_n': 2048, 'bucketing_strategy': 'synced_randomized', 'bucketing_batch_size': None, 'return_sample_id': False, 'drop_last': False, 'asr_repo': 'whisper', 'shuffle': False, 'manifest_filepath': 'logs/en/ensemble/train/binary/b7/DAT/version_76/data/en/train_subset/test_uk.txt'}
2024-06-08 11:35:27,944 - progress - INFO - 	Batch size: 8
2024-06-08 11:35:27,947 - progress - INFO - Creating dataloader for logs/en/ensemble/train/binary/b7/DAT/version_76/data/en/train_subset/test_in.txt
2024-06-08 11:35:27,948 - progress - INFO - 	Dataloader config: {'sample_rate': 16000, 'batch_size': 8, 'num_workers': 10, 'pin_memory': True, 'use_start_end_token': False, 'trim_silence': False, 'is_tarred': False, 'tarred_audio_filepaths': None, 'shuffle_n': 2048, 'bucketing_strategy': 'synced_randomized', 'bucketing_batch_size': None, 'return_sample_id': False, 'drop_last': False, 'asr_repo': 'whisper', 'shuffle': False, 'manifest_filepath': 'logs/en/ensemble/train/binary/b7/DAT/version_76/data/en/train_subset/test_in.txt'}
2024-06-08 11:35:27,948 - progress - INFO - 	Batch size: 8
2024-06-08 11:35:27,952 - progress - INFO - Creating dataloader for logs/en/ensemble/train/binary/b7/DAT/version_76/data/en/train_subset/test_de.txt
2024-06-08 11:35:27,953 - progress - INFO - 	Dataloader config: {'sample_rate': 16000, 'batch_size': 8, 'num_workers': 10, 'pin_memory': True, 'use_start_end_token': False, 'trim_silence': False, 'is_tarred': False, 'tarred_audio_filepaths': None, 'shuffle_n': 2048, 'bucketing_strategy': 'synced_randomized', 'bucketing_batch_size': None, 'return_sample_id': False, 'drop_last': False, 'asr_repo': 'whisper', 'shuffle': False, 'manifest_filepath': 'logs/en/ensemble/train/binary/b7/DAT/version_76/data/en/train_subset/test_de.txt'}
2024-06-08 11:35:27,953 - progress - INFO - 	Batch size: 8
2024-06-08 11:35:27,956 - progress - INFO - Creating dataloader for logs/en/ensemble/train/binary/b7/DAT/version_76/data/en/train_subset/test_au.txt
2024-06-08 11:35:27,957 - progress - INFO - 	Dataloader config: {'sample_rate': 16000, 'batch_size': 8, 'num_workers': 10, 'pin_memory': True, 'use_start_end_token': False, 'trim_silence': False, 'is_tarred': False, 'tarred_audio_filepaths': None, 'shuffle_n': 2048, 'bucketing_strategy': 'synced_randomized', 'bucketing_batch_size': None, 'return_sample_id': False, 'drop_last': False, 'asr_repo': 'whisper', 'shuffle': False, 'manifest_filepath': 'logs/en/ensemble/train/binary/b7/DAT/version_76/data/en/train_subset/test_au.txt'}
2024-06-08 11:35:27,958 - progress - INFO - 	Batch size: 8
2024-06-08 11:35:27,961 - progress - INFO - Creating dataloader for logs/en/ensemble/train/binary/b7/DAT/version_76/data/en/train_subset/test_hk.txt
2024-06-08 11:35:27,962 - progress - INFO - 	Dataloader config: {'sample_rate': 16000, 'batch_size': 8, 'num_workers': 10, 'pin_memory': True, 'use_start_end_token': False, 'trim_silence': False, 'is_tarred': False, 'tarred_audio_filepaths': None, 'shuffle_n': 2048, 'bucketing_strategy': 'synced_randomized', 'bucketing_batch_size': None, 'return_sample_id': False, 'drop_last': False, 'asr_repo': 'whisper', 'shuffle': False, 'manifest_filepath': 'logs/en/ensemble/train/binary/b7/DAT/version_76/data/en/train_subset/test_hk.txt'}
2024-06-08 11:35:27,963 - progress - INFO - 	Batch size: 8
2024-06-08 11:35:27,965 - progress - INFO - Creating dataloader for logs/en/ensemble/train/binary/b7/DAT/version_76/data/en/train_subset/test_ie.txt
2024-06-08 11:35:27,966 - progress - INFO - 	Dataloader config: {'sample_rate': 16000, 'batch_size': 8, 'num_workers': 10, 'pin_memory': True, 'use_start_end_token': False, 'trim_silence': False, 'is_tarred': False, 'tarred_audio_filepaths': None, 'shuffle_n': 2048, 'bucketing_strategy': 'synced_randomized', 'bucketing_batch_size': None, 'return_sample_id': False, 'drop_last': False, 'asr_repo': 'whisper', 'shuffle': False, 'manifest_filepath': 'logs/en/ensemble/train/binary/b7/DAT/version_76/data/en/train_subset/test_ie.txt'}
2024-06-08 11:35:27,966 - progress - INFO - 	Batch size: 8
2024-06-08 11:35:27,969 - progress - INFO - Creating dataloader for logs/en/ensemble/train/binary/b7/DAT/version_76/data/en/train_subset/test_ni.txt
2024-06-08 11:35:27,970 - progress - INFO - 	Dataloader config: {'sample_rate': 16000, 'batch_size': 8, 'num_workers': 10, 'pin_memory': True, 'use_start_end_token': False, 'trim_silence': False, 'is_tarred': False, 'tarred_audio_filepaths': None, 'shuffle_n': 2048, 'bucketing_strategy': 'synced_randomized', 'bucketing_batch_size': None, 'return_sample_id': False, 'drop_last': False, 'asr_repo': 'whisper', 'shuffle': False, 'manifest_filepath': 'logs/en/ensemble/train/binary/b7/DAT/version_76/data/en/train_subset/test_ni.txt'}
2024-06-08 11:35:27,970 - progress - INFO - 	Batch size: 8
2024-06-08 11:35:27,973 - progress - INFO - Creating dataloader for logs/en/ensemble/train/binary/b7/DAT/version_76/data/en/train_subset/test_nz.txt
2024-06-08 11:35:27,973 - progress - INFO - 	Dataloader config: {'sample_rate': 16000, 'batch_size': 8, 'num_workers': 10, 'pin_memory': True, 'use_start_end_token': False, 'trim_silence': False, 'is_tarred': False, 'tarred_audio_filepaths': None, 'shuffle_n': 2048, 'bucketing_strategy': 'synced_randomized', 'bucketing_batch_size': None, 'return_sample_id': False, 'drop_last': False, 'asr_repo': 'whisper', 'shuffle': False, 'manifest_filepath': 'logs/en/ensemble/train/binary/b7/DAT/version_76/data/en/train_subset/test_nz.txt'}
2024-06-08 11:35:27,974 - progress - INFO - 	Batch size: 8
2024-06-08 11:35:27,977 - progress - INFO - Creating dataloader for logs/en/ensemble/train/binary/b7/DAT/version_76/data/en/train_subset/test_ph.txt
2024-06-08 11:35:27,978 - progress - INFO - 	Dataloader config: {'sample_rate': 16000, 'batch_size': 8, 'num_workers': 10, 'pin_memory': True, 'use_start_end_token': False, 'trim_silence': False, 'is_tarred': False, 'tarred_audio_filepaths': None, 'shuffle_n': 2048, 'bucketing_strategy': 'synced_randomized', 'bucketing_batch_size': None, 'return_sample_id': False, 'drop_last': False, 'asr_repo': 'whisper', 'shuffle': False, 'manifest_filepath': 'logs/en/ensemble/train/binary/b7/DAT/version_76/data/en/train_subset/test_ph.txt'}
2024-06-08 11:35:27,978 - progress - INFO - 	Batch size: 8
2024-06-08 11:35:27,981 - progress - INFO - Creating dataloader for logs/en/ensemble/train/binary/b7/DAT/version_76/data/en/train_subset/test_sc.txt
2024-06-08 11:35:27,982 - progress - INFO - 	Dataloader config: {'sample_rate': 16000, 'batch_size': 8, 'num_workers': 10, 'pin_memory': True, 'use_start_end_token': False, 'trim_silence': False, 'is_tarred': False, 'tarred_audio_filepaths': None, 'shuffle_n': 2048, 'bucketing_strategy': 'synced_randomized', 'bucketing_batch_size': None, 'return_sample_id': False, 'drop_last': False, 'asr_repo': 'whisper', 'shuffle': False, 'manifest_filepath': 'logs/en/ensemble/train/binary/b7/DAT/version_76/data/en/train_subset/test_sc.txt'}
2024-06-08 11:35:27,983 - progress - INFO - 	Batch size: 8
2024-06-08 11:35:27,986 - progress - INFO - Creating dataloader for logs/en/ensemble/train/binary/b7/DAT/version_76/data/en/train_subset/test_sg.txt
2024-06-08 11:35:27,986 - progress - INFO - 	Dataloader config: {'sample_rate': 16000, 'batch_size': 8, 'num_workers': 10, 'pin_memory': True, 'use_start_end_token': False, 'trim_silence': False, 'is_tarred': False, 'tarred_audio_filepaths': None, 'shuffle_n': 2048, 'bucketing_strategy': 'synced_randomized', 'bucketing_batch_size': None, 'return_sample_id': False, 'drop_last': False, 'asr_repo': 'whisper', 'shuffle': False, 'manifest_filepath': 'logs/en/ensemble/train/binary/b7/DAT/version_76/data/en/train_subset/test_sg.txt'}
2024-06-08 11:35:27,987 - progress - INFO - 	Batch size: 8
2024-06-08 11:35:27,989 - progress - INFO - Creating dataloader for logs/en/ensemble/train/binary/b7/DAT/version_76/data/en/train_subset/test_za.txt
2024-06-08 11:35:27,990 - progress - INFO - 	Dataloader config: {'sample_rate': 16000, 'batch_size': 8, 'num_workers': 10, 'pin_memory': True, 'use_start_end_token': False, 'trim_silence': False, 'is_tarred': False, 'tarred_audio_filepaths': None, 'shuffle_n': 2048, 'bucketing_strategy': 'synced_randomized', 'bucketing_batch_size': None, 'return_sample_id': False, 'drop_last': False, 'asr_repo': 'whisper', 'shuffle': False, 'manifest_filepath': 'logs/en/ensemble/train/binary/b7/DAT/version_76/data/en/train_subset/test_za.txt'}
2024-06-08 11:35:27,991 - progress - INFO - 	Batch size: 8
