2024-06-19 16:55:28,461 - progress - INFO - Creating dataloader for logs/en/ensemble/train/binary/b7/DAT/version_84/data/en/train_subset/test_us.txt
2024-06-19 16:55:28,463 - progress - INFO - 	Dataloader config: {'sample_rate': 16000, 'batch_size': 8, 'num_workers': 10, 'pin_memory': True, 'use_start_end_token': False, 'trim_silence': False, 'is_tarred': False, 'tarred_audio_filepaths': None, 'shuffle_n': 2048, 'bucketing_strategy': 'synced_randomized', 'bucketing_batch_size': None, 'return_sample_id': False, 'drop_last': False, 'asr_repo': 'whisper', 'shuffle': False, 'manifest_filepath': 'logs/en/ensemble/train/binary/b7/DAT/version_84/data/en/train_subset/test_us.txt'}
2024-06-19 16:55:28,464 - progress - INFO - 	Batch size: 8
2024-06-19 16:55:28,840 - progress - INFO - Creating dataloader for logs/en/ensemble/train/binary/b7/DAT/version_84/data/en/train_subset/test_ca.txt
2024-06-19 16:55:28,841 - progress - INFO - 	Dataloader config: {'sample_rate': 16000, 'batch_size': 8, 'num_workers': 10, 'pin_memory': True, 'use_start_end_token': False, 'trim_silence': False, 'is_tarred': False, 'tarred_audio_filepaths': None, 'shuffle_n': 2048, 'bucketing_strategy': 'synced_randomized', 'bucketing_batch_size': None, 'return_sample_id': False, 'drop_last': False, 'asr_repo': 'whisper', 'shuffle': False, 'manifest_filepath': 'logs/en/ensemble/train/binary/b7/DAT/version_84/data/en/train_subset/test_ca.txt'}
2024-06-19 16:55:28,842 - progress - INFO - 	Batch size: 8
2024-06-19 16:55:28,846 - progress - INFO - Creating dataloader for logs/en/ensemble/train/binary/b7/DAT/version_84/data/en/train_subset/test_uk.txt
2024-06-19 16:55:28,846 - progress - INFO - 	Dataloader config: {'sample_rate': 16000, 'batch_size': 8, 'num_workers': 10, 'pin_memory': True, 'use_start_end_token': False, 'trim_silence': False, 'is_tarred': False, 'tarred_audio_filepaths': None, 'shuffle_n': 2048, 'bucketing_strategy': 'synced_randomized', 'bucketing_batch_size': None, 'return_sample_id': False, 'drop_last': False, 'asr_repo': 'whisper', 'shuffle': False, 'manifest_filepath': 'logs/en/ensemble/train/binary/b7/DAT/version_84/data/en/train_subset/test_uk.txt'}
2024-06-19 16:55:28,847 - progress - INFO - 	Batch size: 8
2024-06-19 16:55:28,851 - progress - INFO - Creating dataloader for logs/en/ensemble/train/binary/b7/DAT/version_84/data/en/train_subset/test_in.txt
2024-06-19 16:55:28,852 - progress - INFO - 	Dataloader config: {'sample_rate': 16000, 'batch_size': 8, 'num_workers': 10, 'pin_memory': True, 'use_start_end_token': False, 'trim_silence': False, 'is_tarred': False, 'tarred_audio_filepaths': None, 'shuffle_n': 2048, 'bucketing_strategy': 'synced_randomized', 'bucketing_batch_size': None, 'return_sample_id': False, 'drop_last': False, 'asr_repo': 'whisper', 'shuffle': False, 'manifest_filepath': 'logs/en/ensemble/train/binary/b7/DAT/version_84/data/en/train_subset/test_in.txt'}
2024-06-19 16:55:28,853 - progress - INFO - 	Batch size: 8
2024-06-19 16:55:28,856 - progress - INFO - Creating dataloader for logs/en/ensemble/train/binary/b7/DAT/version_84/data/en/train_subset/test_de.txt
2024-06-19 16:55:28,857 - progress - INFO - 	Dataloader config: {'sample_rate': 16000, 'batch_size': 8, 'num_workers': 10, 'pin_memory': True, 'use_start_end_token': False, 'trim_silence': False, 'is_tarred': False, 'tarred_audio_filepaths': None, 'shuffle_n': 2048, 'bucketing_strategy': 'synced_randomized', 'bucketing_batch_size': None, 'return_sample_id': False, 'drop_last': False, 'asr_repo': 'whisper', 'shuffle': False, 'manifest_filepath': 'logs/en/ensemble/train/binary/b7/DAT/version_84/data/en/train_subset/test_de.txt'}
2024-06-19 16:55:28,858 - progress - INFO - 	Batch size: 8
2024-06-19 16:55:28,860 - progress - INFO - Creating dataloader for logs/en/ensemble/train/binary/b7/DAT/version_84/data/en/train_subset/test_au.txt
2024-06-19 16:55:28,861 - progress - INFO - 	Dataloader config: {'sample_rate': 16000, 'batch_size': 8, 'num_workers': 10, 'pin_memory': True, 'use_start_end_token': False, 'trim_silence': False, 'is_tarred': False, 'tarred_audio_filepaths': None, 'shuffle_n': 2048, 'bucketing_strategy': 'synced_randomized', 'bucketing_batch_size': None, 'return_sample_id': False, 'drop_last': False, 'asr_repo': 'whisper', 'shuffle': False, 'manifest_filepath': 'logs/en/ensemble/train/binary/b7/DAT/version_84/data/en/train_subset/test_au.txt'}
2024-06-19 16:55:28,862 - progress - INFO - 	Batch size: 8
2024-06-19 16:55:28,865 - progress - INFO - Creating dataloader for logs/en/ensemble/train/binary/b7/DAT/version_84/data/en/train_subset/test_hk.txt
2024-06-19 16:55:28,866 - progress - INFO - 	Dataloader config: {'sample_rate': 16000, 'batch_size': 8, 'num_workers': 10, 'pin_memory': True, 'use_start_end_token': False, 'trim_silence': False, 'is_tarred': False, 'tarred_audio_filepaths': None, 'shuffle_n': 2048, 'bucketing_strategy': 'synced_randomized', 'bucketing_batch_size': None, 'return_sample_id': False, 'drop_last': False, 'asr_repo': 'whisper', 'shuffle': False, 'manifest_filepath': 'logs/en/ensemble/train/binary/b7/DAT/version_84/data/en/train_subset/test_hk.txt'}
2024-06-19 16:55:28,867 - progress - INFO - 	Batch size: 8
2024-06-19 16:55:28,870 - progress - INFO - Creating dataloader for logs/en/ensemble/train/binary/b7/DAT/version_84/data/en/train_subset/test_ie.txt
2024-06-19 16:55:28,870 - progress - INFO - 	Dataloader config: {'sample_rate': 16000, 'batch_size': 8, 'num_workers': 10, 'pin_memory': True, 'use_start_end_token': False, 'trim_silence': False, 'is_tarred': False, 'tarred_audio_filepaths': None, 'shuffle_n': 2048, 'bucketing_strategy': 'synced_randomized', 'bucketing_batch_size': None, 'return_sample_id': False, 'drop_last': False, 'asr_repo': 'whisper', 'shuffle': False, 'manifest_filepath': 'logs/en/ensemble/train/binary/b7/DAT/version_84/data/en/train_subset/test_ie.txt'}
2024-06-19 16:55:28,871 - progress - INFO - 	Batch size: 8
2024-06-19 16:55:28,874 - progress - INFO - Creating dataloader for logs/en/ensemble/train/binary/b7/DAT/version_84/data/en/train_subset/test_ni.txt
2024-06-19 16:55:28,874 - progress - INFO - 	Dataloader config: {'sample_rate': 16000, 'batch_size': 8, 'num_workers': 10, 'pin_memory': True, 'use_start_end_token': False, 'trim_silence': False, 'is_tarred': False, 'tarred_audio_filepaths': None, 'shuffle_n': 2048, 'bucketing_strategy': 'synced_randomized', 'bucketing_batch_size': None, 'return_sample_id': False, 'drop_last': False, 'asr_repo': 'whisper', 'shuffle': False, 'manifest_filepath': 'logs/en/ensemble/train/binary/b7/DAT/version_84/data/en/train_subset/test_ni.txt'}
2024-06-19 16:55:28,875 - progress - INFO - 	Batch size: 8
2024-06-19 16:55:28,878 - progress - INFO - Creating dataloader for logs/en/ensemble/train/binary/b7/DAT/version_84/data/en/train_subset/test_nz.txt
2024-06-19 16:55:28,878 - progress - INFO - 	Dataloader config: {'sample_rate': 16000, 'batch_size': 8, 'num_workers': 10, 'pin_memory': True, 'use_start_end_token': False, 'trim_silence': False, 'is_tarred': False, 'tarred_audio_filepaths': None, 'shuffle_n': 2048, 'bucketing_strategy': 'synced_randomized', 'bucketing_batch_size': None, 'return_sample_id': False, 'drop_last': False, 'asr_repo': 'whisper', 'shuffle': False, 'manifest_filepath': 'logs/en/ensemble/train/binary/b7/DAT/version_84/data/en/train_subset/test_nz.txt'}
2024-06-19 16:55:28,879 - progress - INFO - 	Batch size: 8
2024-06-19 16:55:28,882 - progress - INFO - Creating dataloader for logs/en/ensemble/train/binary/b7/DAT/version_84/data/en/train_subset/test_ph.txt
2024-06-19 16:55:28,883 - progress - INFO - 	Dataloader config: {'sample_rate': 16000, 'batch_size': 8, 'num_workers': 10, 'pin_memory': True, 'use_start_end_token': False, 'trim_silence': False, 'is_tarred': False, 'tarred_audio_filepaths': None, 'shuffle_n': 2048, 'bucketing_strategy': 'synced_randomized', 'bucketing_batch_size': None, 'return_sample_id': False, 'drop_last': False, 'asr_repo': 'whisper', 'shuffle': False, 'manifest_filepath': 'logs/en/ensemble/train/binary/b7/DAT/version_84/data/en/train_subset/test_ph.txt'}
2024-06-19 16:55:28,884 - progress - INFO - 	Batch size: 8
2024-06-19 16:55:28,887 - progress - INFO - Creating dataloader for logs/en/ensemble/train/binary/b7/DAT/version_84/data/en/train_subset/test_sc.txt
2024-06-19 16:55:28,887 - progress - INFO - 	Dataloader config: {'sample_rate': 16000, 'batch_size': 8, 'num_workers': 10, 'pin_memory': True, 'use_start_end_token': False, 'trim_silence': False, 'is_tarred': False, 'tarred_audio_filepaths': None, 'shuffle_n': 2048, 'bucketing_strategy': 'synced_randomized', 'bucketing_batch_size': None, 'return_sample_id': False, 'drop_last': False, 'asr_repo': 'whisper', 'shuffle': False, 'manifest_filepath': 'logs/en/ensemble/train/binary/b7/DAT/version_84/data/en/train_subset/test_sc.txt'}
2024-06-19 16:55:28,888 - progress - INFO - 	Batch size: 8
2024-06-19 16:55:28,891 - progress - INFO - Creating dataloader for logs/en/ensemble/train/binary/b7/DAT/version_84/data/en/train_subset/test_sg.txt
2024-06-19 16:55:28,892 - progress - INFO - 	Dataloader config: {'sample_rate': 16000, 'batch_size': 8, 'num_workers': 10, 'pin_memory': True, 'use_start_end_token': False, 'trim_silence': False, 'is_tarred': False, 'tarred_audio_filepaths': None, 'shuffle_n': 2048, 'bucketing_strategy': 'synced_randomized', 'bucketing_batch_size': None, 'return_sample_id': False, 'drop_last': False, 'asr_repo': 'whisper', 'shuffle': False, 'manifest_filepath': 'logs/en/ensemble/train/binary/b7/DAT/version_84/data/en/train_subset/test_sg.txt'}
2024-06-19 16:55:28,893 - progress - INFO - 	Batch size: 8
2024-06-19 16:55:28,895 - progress - INFO - Creating dataloader for logs/en/ensemble/train/binary/b7/DAT/version_84/data/en/train_subset/test_za.txt
2024-06-19 16:55:28,896 - progress - INFO - 	Dataloader config: {'sample_rate': 16000, 'batch_size': 8, 'num_workers': 10, 'pin_memory': True, 'use_start_end_token': False, 'trim_silence': False, 'is_tarred': False, 'tarred_audio_filepaths': None, 'shuffle_n': 2048, 'bucketing_strategy': 'synced_randomized', 'bucketing_batch_size': None, 'return_sample_id': False, 'drop_last': False, 'asr_repo': 'whisper', 'shuffle': False, 'manifest_filepath': 'logs/en/ensemble/train/binary/b7/DAT/version_84/data/en/train_subset/test_za.txt'}
2024-06-19 16:55:28,897 - progress - INFO - 	Batch size: 8
2024-06-19 17:05:29,164 - progress - INFO - Configuring optimizers
2024-06-19 17:05:29,183 - progress - INFO - Creating dataloader for ['logs/en/ensemble/train/binary/b7/DAT/version_84/data/en/train_subset/train_us.txt']
2024-06-19 17:05:29,184 - progress - INFO - 	Dataloader config: {'sample_rate': 16000, 'batch_size': 8, 'num_workers': 10, 'pin_memory': True, 'use_start_end_token': False, 'trim_silence': False, 'is_tarred': False, 'tarred_audio_filepaths': None, 'shuffle_n': 2048, 'bucketing_strategy': 'synced_randomized', 'bucketing_batch_size': None, 'return_sample_id': False, 'drop_last': False, 'asr_repo': 'whisper', 'shuffle': True, 'manifest_filepath': ['logs/en/ensemble/train/binary/b7/DAT/version_84/data/en/train_subset/train_us.txt']}
2024-06-19 17:05:29,185 - progress - INFO - 	Batch size: 8
2024-06-19 17:05:29,234 - progress - INFO - Creating dataloader for ['logs/en/ensemble/train/binary/b7/DAT/version_84/data/en/train_subset/train_ca.txt', 'logs/en/ensemble/train/binary/b7/DAT/version_84/data/en/train_subset/train_uk.txt', 'logs/en/ensemble/train/binary/b7/DAT/version_84/data/en/train_subset/train_in.txt', 'logs/en/ensemble/train/binary/b7/DAT/version_84/data/en/train_subset/train_de.txt', 'logs/en/ensemble/train/binary/b7/DAT/version_84/data/en/train_subset/train_au.txt']
2024-06-19 17:05:29,235 - progress - INFO - 	Dataloader config: {'sample_rate': 16000, 'batch_size': 8, 'num_workers': 10, 'pin_memory': True, 'use_start_end_token': False, 'trim_silence': False, 'is_tarred': False, 'tarred_audio_filepaths': None, 'shuffle_n': 2048, 'bucketing_strategy': 'synced_randomized', 'bucketing_batch_size': None, 'return_sample_id': False, 'drop_last': False, 'asr_repo': 'whisper', 'shuffle': True, 'manifest_filepath': ['logs/en/ensemble/train/binary/b7/DAT/version_84/data/en/train_subset/train_ca.txt', 'logs/en/ensemble/train/binary/b7/DAT/version_84/data/en/train_subset/train_uk.txt', 'logs/en/ensemble/train/binary/b7/DAT/version_84/data/en/train_subset/train_in.txt', 'logs/en/ensemble/train/binary/b7/DAT/version_84/data/en/train_subset/train_de.txt', 'logs/en/ensemble/train/binary/b7/DAT/version_84/data/en/train_subset/train_au.txt']}
2024-06-19 17:05:29,236 - progress - INFO - 	Batch size: 8
2024-06-19 17:05:29,326 - progress - INFO - Scheduler max. steps: 960
2024-06-19 17:05:29,357 - progress - INFO - Creating dataloader for ['logs/en/ensemble/train/binary/b7/DAT/version_84/data/en/train_subset/train_us.txt']
2024-06-19 17:05:29,358 - progress - INFO - 	Dataloader config: {'sample_rate': 16000, 'batch_size': 8, 'num_workers': 10, 'pin_memory': True, 'use_start_end_token': False, 'trim_silence': False, 'is_tarred': False, 'tarred_audio_filepaths': None, 'shuffle_n': 2048, 'bucketing_strategy': 'synced_randomized', 'bucketing_batch_size': None, 'return_sample_id': False, 'drop_last': False, 'asr_repo': 'whisper', 'shuffle': True, 'manifest_filepath': ['logs/en/ensemble/train/binary/b7/DAT/version_84/data/en/train_subset/train_us.txt']}
2024-06-19 17:05:29,359 - progress - INFO - 	Batch size: 8
2024-06-19 17:05:29,390 - progress - INFO - Creating dataloader for ['logs/en/ensemble/train/binary/b7/DAT/version_84/data/en/train_subset/train_ca.txt', 'logs/en/ensemble/train/binary/b7/DAT/version_84/data/en/train_subset/train_uk.txt', 'logs/en/ensemble/train/binary/b7/DAT/version_84/data/en/train_subset/train_in.txt', 'logs/en/ensemble/train/binary/b7/DAT/version_84/data/en/train_subset/train_de.txt', 'logs/en/ensemble/train/binary/b7/DAT/version_84/data/en/train_subset/train_au.txt']
2024-06-19 17:05:29,391 - progress - INFO - 	Dataloader config: {'sample_rate': 16000, 'batch_size': 8, 'num_workers': 10, 'pin_memory': True, 'use_start_end_token': False, 'trim_silence': False, 'is_tarred': False, 'tarred_audio_filepaths': None, 'shuffle_n': 2048, 'bucketing_strategy': 'synced_randomized', 'bucketing_batch_size': None, 'return_sample_id': False, 'drop_last': False, 'asr_repo': 'whisper', 'shuffle': True, 'manifest_filepath': ['logs/en/ensemble/train/binary/b7/DAT/version_84/data/en/train_subset/train_ca.txt', 'logs/en/ensemble/train/binary/b7/DAT/version_84/data/en/train_subset/train_uk.txt', 'logs/en/ensemble/train/binary/b7/DAT/version_84/data/en/train_subset/train_in.txt', 'logs/en/ensemble/train/binary/b7/DAT/version_84/data/en/train_subset/train_de.txt', 'logs/en/ensemble/train/binary/b7/DAT/version_84/data/en/train_subset/train_au.txt']}
2024-06-19 17:05:29,392 - progress - INFO - 	Batch size: 8
2024-06-19 17:05:29,425 - progress - INFO - Creating dataloader for logs/en/ensemble/train/binary/b7/DAT/version_84/data/en/train_subset/test_us.txt
2024-06-19 17:05:29,426 - progress - INFO - 	Dataloader config: {'sample_rate': 16000, 'batch_size': 8, 'num_workers': 10, 'pin_memory': True, 'use_start_end_token': False, 'trim_silence': False, 'is_tarred': False, 'tarred_audio_filepaths': None, 'shuffle_n': 2048, 'bucketing_strategy': 'synced_randomized', 'bucketing_batch_size': None, 'return_sample_id': False, 'drop_last': False, 'asr_repo': 'whisper', 'shuffle': False, 'manifest_filepath': 'logs/en/ensemble/train/binary/b7/DAT/version_84/data/en/train_subset/test_us.txt'}
2024-06-19 17:05:29,426 - progress - INFO - 	Batch size: 8
2024-06-19 17:05:29,435 - progress - INFO - Creating dataloader for logs/en/ensemble/train/binary/b7/DAT/version_84/data/en/train_subset/test_ca.txt
2024-06-19 17:05:29,436 - progress - INFO - 	Dataloader config: {'sample_rate': 16000, 'batch_size': 8, 'num_workers': 10, 'pin_memory': True, 'use_start_end_token': False, 'trim_silence': False, 'is_tarred': False, 'tarred_audio_filepaths': None, 'shuffle_n': 2048, 'bucketing_strategy': 'synced_randomized', 'bucketing_batch_size': None, 'return_sample_id': False, 'drop_last': False, 'asr_repo': 'whisper', 'shuffle': False, 'manifest_filepath': 'logs/en/ensemble/train/binary/b7/DAT/version_84/data/en/train_subset/test_ca.txt'}
2024-06-19 17:05:29,437 - progress - INFO - 	Batch size: 8
2024-06-19 17:05:29,441 - progress - INFO - Creating dataloader for logs/en/ensemble/train/binary/b7/DAT/version_84/data/en/train_subset/test_uk.txt
2024-06-19 17:05:29,442 - progress - INFO - 	Dataloader config: {'sample_rate': 16000, 'batch_size': 8, 'num_workers': 10, 'pin_memory': True, 'use_start_end_token': False, 'trim_silence': False, 'is_tarred': False, 'tarred_audio_filepaths': None, 'shuffle_n': 2048, 'bucketing_strategy': 'synced_randomized', 'bucketing_batch_size': None, 'return_sample_id': False, 'drop_last': False, 'asr_repo': 'whisper', 'shuffle': False, 'manifest_filepath': 'logs/en/ensemble/train/binary/b7/DAT/version_84/data/en/train_subset/test_uk.txt'}
2024-06-19 17:05:29,443 - progress - INFO - 	Batch size: 8
2024-06-19 17:05:29,447 - progress - INFO - Creating dataloader for logs/en/ensemble/train/binary/b7/DAT/version_84/data/en/train_subset/test_in.txt
2024-06-19 17:05:29,448 - progress - INFO - 	Dataloader config: {'sample_rate': 16000, 'batch_size': 8, 'num_workers': 10, 'pin_memory': True, 'use_start_end_token': False, 'trim_silence': False, 'is_tarred': False, 'tarred_audio_filepaths': None, 'shuffle_n': 2048, 'bucketing_strategy': 'synced_randomized', 'bucketing_batch_size': None, 'return_sample_id': False, 'drop_last': False, 'asr_repo': 'whisper', 'shuffle': False, 'manifest_filepath': 'logs/en/ensemble/train/binary/b7/DAT/version_84/data/en/train_subset/test_in.txt'}
2024-06-19 17:05:29,449 - progress - INFO - 	Batch size: 8
2024-06-19 17:05:29,453 - progress - INFO - Creating dataloader for logs/en/ensemble/train/binary/b7/DAT/version_84/data/en/train_subset/test_de.txt
2024-06-19 17:05:29,454 - progress - INFO - 	Dataloader config: {'sample_rate': 16000, 'batch_size': 8, 'num_workers': 10, 'pin_memory': True, 'use_start_end_token': False, 'trim_silence': False, 'is_tarred': False, 'tarred_audio_filepaths': None, 'shuffle_n': 2048, 'bucketing_strategy': 'synced_randomized', 'bucketing_batch_size': None, 'return_sample_id': False, 'drop_last': False, 'asr_repo': 'whisper', 'shuffle': False, 'manifest_filepath': 'logs/en/ensemble/train/binary/b7/DAT/version_84/data/en/train_subset/test_de.txt'}
2024-06-19 17:05:29,455 - progress - INFO - 	Batch size: 8
2024-06-19 17:05:29,458 - progress - INFO - Creating dataloader for logs/en/ensemble/train/binary/b7/DAT/version_84/data/en/train_subset/test_au.txt
2024-06-19 17:05:29,459 - progress - INFO - 	Dataloader config: {'sample_rate': 16000, 'batch_size': 8, 'num_workers': 10, 'pin_memory': True, 'use_start_end_token': False, 'trim_silence': False, 'is_tarred': False, 'tarred_audio_filepaths': None, 'shuffle_n': 2048, 'bucketing_strategy': 'synced_randomized', 'bucketing_batch_size': None, 'return_sample_id': False, 'drop_last': False, 'asr_repo': 'whisper', 'shuffle': False, 'manifest_filepath': 'logs/en/ensemble/train/binary/b7/DAT/version_84/data/en/train_subset/test_au.txt'}
2024-06-19 17:05:29,459 - progress - INFO - 	Batch size: 8
2024-06-19 17:05:29,463 - progress - INFO - Creating dataloader for logs/en/ensemble/train/binary/b7/DAT/version_84/data/en/train_subset/test_hk.txt
2024-06-19 17:05:29,464 - progress - INFO - 	Dataloader config: {'sample_rate': 16000, 'batch_size': 8, 'num_workers': 10, 'pin_memory': True, 'use_start_end_token': False, 'trim_silence': False, 'is_tarred': False, 'tarred_audio_filepaths': None, 'shuffle_n': 2048, 'bucketing_strategy': 'synced_randomized', 'bucketing_batch_size': None, 'return_sample_id': False, 'drop_last': False, 'asr_repo': 'whisper', 'shuffle': False, 'manifest_filepath': 'logs/en/ensemble/train/binary/b7/DAT/version_84/data/en/train_subset/test_hk.txt'}
2024-06-19 17:05:29,464 - progress - INFO - 	Batch size: 8
2024-06-19 17:05:29,467 - progress - INFO - Creating dataloader for logs/en/ensemble/train/binary/b7/DAT/version_84/data/en/train_subset/test_ie.txt
2024-06-19 17:05:29,468 - progress - INFO - 	Dataloader config: {'sample_rate': 16000, 'batch_size': 8, 'num_workers': 10, 'pin_memory': True, 'use_start_end_token': False, 'trim_silence': False, 'is_tarred': False, 'tarred_audio_filepaths': None, 'shuffle_n': 2048, 'bucketing_strategy': 'synced_randomized', 'bucketing_batch_size': None, 'return_sample_id': False, 'drop_last': False, 'asr_repo': 'whisper', 'shuffle': False, 'manifest_filepath': 'logs/en/ensemble/train/binary/b7/DAT/version_84/data/en/train_subset/test_ie.txt'}
2024-06-19 17:05:29,469 - progress - INFO - 	Batch size: 8
2024-06-19 17:05:29,472 - progress - INFO - Creating dataloader for logs/en/ensemble/train/binary/b7/DAT/version_84/data/en/train_subset/test_ni.txt
2024-06-19 17:05:29,473 - progress - INFO - 	Dataloader config: {'sample_rate': 16000, 'batch_size': 8, 'num_workers': 10, 'pin_memory': True, 'use_start_end_token': False, 'trim_silence': False, 'is_tarred': False, 'tarred_audio_filepaths': None, 'shuffle_n': 2048, 'bucketing_strategy': 'synced_randomized', 'bucketing_batch_size': None, 'return_sample_id': False, 'drop_last': False, 'asr_repo': 'whisper', 'shuffle': False, 'manifest_filepath': 'logs/en/ensemble/train/binary/b7/DAT/version_84/data/en/train_subset/test_ni.txt'}
2024-06-19 17:05:29,474 - progress - INFO - 	Batch size: 8
2024-06-19 17:05:29,477 - progress - INFO - Creating dataloader for logs/en/ensemble/train/binary/b7/DAT/version_84/data/en/train_subset/test_nz.txt
2024-06-19 17:05:29,478 - progress - INFO - 	Dataloader config: {'sample_rate': 16000, 'batch_size': 8, 'num_workers': 10, 'pin_memory': True, 'use_start_end_token': False, 'trim_silence': False, 'is_tarred': False, 'tarred_audio_filepaths': None, 'shuffle_n': 2048, 'bucketing_strategy': 'synced_randomized', 'bucketing_batch_size': None, 'return_sample_id': False, 'drop_last': False, 'asr_repo': 'whisper', 'shuffle': False, 'manifest_filepath': 'logs/en/ensemble/train/binary/b7/DAT/version_84/data/en/train_subset/test_nz.txt'}
2024-06-19 17:05:29,479 - progress - INFO - 	Batch size: 8
2024-06-19 17:05:29,482 - progress - INFO - Creating dataloader for logs/en/ensemble/train/binary/b7/DAT/version_84/data/en/train_subset/test_ph.txt
2024-06-19 17:05:29,483 - progress - INFO - 	Dataloader config: {'sample_rate': 16000, 'batch_size': 8, 'num_workers': 10, 'pin_memory': True, 'use_start_end_token': False, 'trim_silence': False, 'is_tarred': False, 'tarred_audio_filepaths': None, 'shuffle_n': 2048, 'bucketing_strategy': 'synced_randomized', 'bucketing_batch_size': None, 'return_sample_id': False, 'drop_last': False, 'asr_repo': 'whisper', 'shuffle': False, 'manifest_filepath': 'logs/en/ensemble/train/binary/b7/DAT/version_84/data/en/train_subset/test_ph.txt'}
2024-06-19 17:05:29,484 - progress - INFO - 	Batch size: 8
2024-06-19 17:05:29,487 - progress - INFO - Creating dataloader for logs/en/ensemble/train/binary/b7/DAT/version_84/data/en/train_subset/test_sc.txt
2024-06-19 17:05:29,488 - progress - INFO - 	Dataloader config: {'sample_rate': 16000, 'batch_size': 8, 'num_workers': 10, 'pin_memory': True, 'use_start_end_token': False, 'trim_silence': False, 'is_tarred': False, 'tarred_audio_filepaths': None, 'shuffle_n': 2048, 'bucketing_strategy': 'synced_randomized', 'bucketing_batch_size': None, 'return_sample_id': False, 'drop_last': False, 'asr_repo': 'whisper', 'shuffle': False, 'manifest_filepath': 'logs/en/ensemble/train/binary/b7/DAT/version_84/data/en/train_subset/test_sc.txt'}
2024-06-19 17:05:29,489 - progress - INFO - 	Batch size: 8
2024-06-19 17:05:29,493 - progress - INFO - Creating dataloader for logs/en/ensemble/train/binary/b7/DAT/version_84/data/en/train_subset/test_sg.txt
2024-06-19 17:05:29,494 - progress - INFO - 	Dataloader config: {'sample_rate': 16000, 'batch_size': 8, 'num_workers': 10, 'pin_memory': True, 'use_start_end_token': False, 'trim_silence': False, 'is_tarred': False, 'tarred_audio_filepaths': None, 'shuffle_n': 2048, 'bucketing_strategy': 'synced_randomized', 'bucketing_batch_size': None, 'return_sample_id': False, 'drop_last': False, 'asr_repo': 'whisper', 'shuffle': False, 'manifest_filepath': 'logs/en/ensemble/train/binary/b7/DAT/version_84/data/en/train_subset/test_sg.txt'}
2024-06-19 17:05:29,495 - progress - INFO - 	Batch size: 8
2024-06-19 17:05:29,498 - progress - INFO - Creating dataloader for logs/en/ensemble/train/binary/b7/DAT/version_84/data/en/train_subset/test_za.txt
2024-06-19 17:05:29,498 - progress - INFO - 	Dataloader config: {'sample_rate': 16000, 'batch_size': 8, 'num_workers': 10, 'pin_memory': True, 'use_start_end_token': False, 'trim_silence': False, 'is_tarred': False, 'tarred_audio_filepaths': None, 'shuffle_n': 2048, 'bucketing_strategy': 'synced_randomized', 'bucketing_batch_size': None, 'return_sample_id': False, 'drop_last': False, 'asr_repo': 'whisper', 'shuffle': False, 'manifest_filepath': 'logs/en/ensemble/train/binary/b7/DAT/version_84/data/en/train_subset/test_za.txt'}
2024-06-19 17:05:29,499 - progress - INFO - 	Batch size: 8
