root@serv-3329:/netscratch/franzreb/NeMo# pip freeze
absl-py==1.4.0
aiofiles==23.1.0
aiohttp==3.8.4
aiosignal==1.3.1
alabaster==0.7.13
altair==4.2.2
aniso8601==9.0.1
antlr4-python3-runtime==4.9.3
anyio==3.6.2
apex==0.1
appdirs==1.4.4
argon2-cffi==21.3.0
argon2-cffi-bindings==21.2.0
asttokens==2.2.1
astunparse==1.6.3
async-timeout==4.0.2
attrdict==2.0.1
attrs==22.2.0
audioread==3.0.0
Babel==2.12.1
backcall==0.2.0
beautifulsoup4==4.11.2
black==19.10b0
bleach==6.0.0
blis==0.7.9
boto3==1.26.103
botocore==1.29.103
braceexpand==0.1.7
cachetools==5.3.0
catalogue==2.0.8
cdifflib==1.2.6
certifi==2022.12.7
cffi==1.15.1
charset-normalizer==3.1.0
click==8.0.2
cloudpickle @ file:///rapids/cloudpickle-2.2.1-py3-none-any.whl
cmake==3.24.1.1
colorama==0.4.6
comm==0.1.2
commonmark==0.9.1
confection==0.0.4
contourpy==1.0.7
cubinlinker @ file:///rapids/cubinlinker-0.2.2%2B2.g4de3e99-cp38-cp38-linux_x86_64.whl
cuda-python @ file:///rapids/cuda_python-12.1.0rc5%2B1.gc7fd38c.dirty-cp38-cp38-linux_x86_64.whl
cudf @ file:///rapids/cudf-23.2.0-cp38-cp38-linux_x86_64.whl
cugraph @ file:///rapids/cugraph-23.2.0-cp38-cp38-linux_x86_64.whl
cugraph-dgl @ file:///rapids/cugraph_dgl-23.2.0-py3-none-any.whl
cugraph-service-client @ file:///rapids/cugraph_service_client-23.2.0-py3-none-any.whl
cugraph-service-server @ file:///rapids/cugraph_service_server-23.2.0-py3-none-any.whl
cuml @ file:///rapids/cuml-23.2.0-cp38-cp38-linux_x86_64.whl
cupy-cuda12x @ file:///rapids/cupy_cuda12x-12.0.0b3-cp38-cp38-linux_x86_64.whl
cycler==0.11.0
cymem==2.0.7
Cython==0.29.33
dask @ file:///rapids/dask-2023.1.1-py3-none-any.whl
dask-cuda @ file:///rapids/dask_cuda-23.2.0-py3-none-any.whl
dask-cudf @ file:///rapids/dask_cudf-23.2.0-py3-none-any.whl
debugpy==1.6.6
decorator==5.1.1
defusedxml==0.7.1
Distance==0.1.3
distributed @ file:///rapids/distributed-2023.1.1-py3-none-any.whl
docker-pycreds==0.4.0
docopt==0.6.2
docutils==0.19
editdistance==0.6.2
einops==0.6.0
entrypoints==0.4
exceptiongroup==1.1.1
execnet==1.9.0
executing==1.2.0
expecttest==0.1.3
faiss-cpu==1.7.3
fastapi==0.95.0
fastjsonschema==2.16.3
fastrlock @ file:///rapids/fastrlock-0.8.1-cp38-cp38-manylinux_2_5_x86_64.manylinux1_x86_64.manylinux_2_24_x86_64.whl
fasttext==0.9.2
ffmpy==0.3.0
filelock==3.10.0
flash-attn @ git+https://github.com/ksivaman/flash-attention.git@7f1c81a5f33e18f22d1e2ba42681f0743bf58b92
Flask==2.2.3
Flask-RESTful==0.3.9
fonttools @ file:///rapids/fonttools-4.38.0-py3-none-any.whl
frozenlist==1.3.3
fsspec @ file:///rapids/fsspec-2023.1.0-py3-none-any.whl
ftfy==6.1.1
g2p-en==2.1.0
gast==0.4.0
gdown==4.7.1
gitdb==4.0.10
GitPython==3.1.31
google-auth==2.16.2
google-auth-oauthlib==0.4.6
gradio==3.24.0
gradio_client==0.0.5
graphsurgeon @ file:///workspace/TensorRT-8.5.3.1/graphsurgeon/graphsurgeon-0.4.6-py2.py3-none-any.whl
grpcio==1.51.3
h11==0.14.0
h5py==3.8.0
HeapDict @ file:///rapids/HeapDict-1.0.1-py3-none-any.whl
httpcore==0.16.3
httpx==0.23.3
huggingface-hub==0.13.3
hydra-core==1.2.0
hypothesis==5.35.1
idna==3.4
ijson==3.2.0.post0
imagesize==1.4.1
importlib-metadata==6.0.0
importlib-resources==5.12.0
inflect==6.0.2
iniconfig==2.0.0
intel-openmp==2021.4.0
ipadic==1.0.0
ipykernel==6.21.3
ipython==8.11.0
ipython-genutils==0.2.0
ipywidgets==8.0.6
isort==5.12.0
itsdangerous==2.1.2
jedi==0.18.2
jieba==0.42.1
Jinja2==3.1.2
jiwer==2.5.2
jmespath==1.0.1
joblib==1.2.0
json5==0.9.11
jsonschema==4.17.3
jupyter-tensorboard @ git+https://github.com/cliffwoolley/jupyter_tensorboard.git@ffa7e26138b82549453306e06b535a9ac36db17a
jupyter_client==8.0.3
jupyter_core==5.2.0
jupyterlab==2.3.2
jupyterlab-pygments==0.2.2
jupyterlab-server==1.2.0
jupyterlab-widgets==3.0.7
jupytext==1.14.5
kaldi-python-io==1.2.2
kaldiio==2.18.0
kiwisolver==1.4.4
kornia==0.6.11
langcodes==3.3.0
latexcodec==2.0.1
Levenshtein==0.20.9
librosa==0.9.2
lightning-utilities==0.8.0
linkify-it-py==2.0.0
lit==15.0.7
llvmlite==0.39.1
locket @ file:///rapids/locket-1.0.0-py2.py3-none-any.whl
loguru==0.6.0
lxml==4.9.2
Markdown==3.4.1
markdown-it-py==2.2.0
MarkupSafe==2.1.2
marshmallow==3.19.0
matplotlib @ file:///rapids/matplotlib-3.7.0-cp38-cp38-manylinux_2_12_x86_64.manylinux2010_x86_64.whl
matplotlib-inline==0.1.6
mdit-py-plugins==0.3.3
mdurl==0.1.2
mecab-python3==1.0.5
mistune==2.0.5
mkl==2021.1.1
mkl-devel==2021.1.1
mkl-include==2021.1.1
mock==5.0.1
mpmath==1.3.0
msgpack @ file:///rapids/msgpack-1.0.4-cp38-cp38-manylinux_2_17_x86_64.manylinux2014_x86_64.whl
multidict==6.0.4
murmurhash==1.0.9
nbclient==0.7.2
nbconvert==7.2.10
nbformat==5.7.3
nemo-text-processing==0.1.7rc0
-e git+https://github.com/NVIDIA/NeMo.git@ffd2da2456ba7a2dbbf6bed59a870c6eceea63d0#egg=nemo_toolkit
nest-asyncio==1.5.6
networkx==2.6.3
nltk==3.8.1
notebook==6.4.10
numba @ file:///rapids/numba-0.56.4%2B1.g9a03de713-cp38-cp38-linux_x86_64.whl
numpy==1.22.2
nvidia-dali-cuda110==1.23.0
nvidia-pyindex==1.0.9
nvtx @ file:///rapids/nvtx-0.2.5-cp38-cp38-linux_x86_64.whl
oauthlib==3.2.2
omegaconf==2.2.3
onnx @ file:///opt/pytorch/pytorch/third_party/onnx
OpenCC==1.1.6
opencv @ file:///opencv-4.6.0/modules/python/package
orjson==3.8.9
packaging==23.0
pandas @ file:///rapids/pandas-1.5.2-cp38-cp38-manylinux_2_17_x86_64.manylinux2014_x86_64.whl
pandocfilters==1.5.0
pangu==4.0.6.1
parameterized==0.9.0
parso==0.8.3
partd @ file:///rapids/partd-1.3.0-py3-none-any.whl
pathspec==0.11.1
pathtools==0.1.2
pathy==0.10.1
pexpect==4.8.0
pickleshare==0.7.5
Pillow @ file:///tmp/pillow-simd
pkgutil_resolve_name==1.3.10
plac==1.3.5
platformdirs==3.1.1
pluggy==1.0.0
ply @ file:///rapids/ply-3.11-py2.py3-none-any.whl
polygraphy==0.44.2
pooch==1.7.0
portalocker==2.7.0
preshed==3.0.8
prettytable==3.6.0
progress==1.6
prometheus-client==0.16.0
prompt-toolkit==3.0.38
protobuf==3.20.3
psutil==5.9.4
ptxcompiler @ file:///rapids/ptxcompiler-0.7.0%2B27.gbcb4096-cp38-cp38-linux_x86_64.whl
ptyprocess==0.7.0
pure-eval==0.2.2
pyannote.core==5.0.0
pyannote.database==5.0.0
pyannote.metrics==3.2.1
pyarrow @ file:///rapids/pyarrow-10.0.1.dev0%2Bga6eabc2b.d20230220-cp38-cp38-linux_x86_64.whl
pyasn1==0.4.8
pyasn1-modules==0.2.8
pybind11==2.10.3
pybtex==0.24.0
pybtex-docutils==1.0.2
pycocotools @ git+https://github.com/nvidia/cocoapi.git@8b8fd68576675c3ee77402e61672d65a7d826ddf#subdirectory=PythonAPI
pycparser==2.21
pydantic==1.10.6
pydub==0.25.1
Pygments==2.14.0
pylibcugraph @ file:///rapids/pylibcugraph-23.2.0-cp38-cp38-linux_x86_64.whl
pylibcugraphops @ file:///rapids/pylibcugraphops-23.2.0-cp38-cp38-linux_x86_64.whl
pylibraft @ file:///rapids/pylibraft-23.2.0-cp38-cp38-linux_x86_64.whl
pynini==2.1.5
pynvml @ file:///rapids/pynvml-11.5.0-py3-none-any.whl
pyparsing==3.0.9
pypinyin==0.48.0
pypinyin-dict==0.5.0
pyrsistent==0.19.3
PySocks==1.7.1
pytest==7.2.2
pytest-rerunfailures==11.1.2
pytest-runner==6.0.0
pytest-shard==0.1.2
pytest-xdist==3.2.1
python-dateutil==2.8.2
python-hostlist==1.23.0
python-multipart==0.0.6
pytorch-lightning==1.9.4
pytorch-quantization==2.1.2
pytz @ file:///rapids/pytz-2022.7.1-py2.py3-none-any.whl
PyYAML==5.4.1
pyzmq==25.0.1
raft-dask @ file:///rapids/raft_dask-23.2.0-cp38-cp38-linux_x86_64.whl
rapidfuzz==2.13.7
regex==2022.10.31
requests==2.28.2
requests-oauthlib==1.3.1
resampy==0.4.2
rfc3986==1.5.0
rich==12.6.0
rmm @ file:///rapids/rmm-23.2.0-cp38-cp38-linux_x86_64.whl
rouge-score==0.1.2
rsa==4.9
ruamel.yaml==0.17.21
ruamel.yaml.clib==0.2.7
s3transfer==0.6.0
sacrebleu==2.3.1
sacremoses==0.0.53
scikit-learn @ file:///rapids/scikit_learn-1.2.0-cp38-cp38-manylinux_2_17_x86_64.manylinux2014_x86_64.whl
scipy==1.6.3
seaborn @ file:///rapids/seaborn-0.12.2-py3-none-any.whl
semantic-version==2.10.0
Send2Trash==1.8.0
sentence-transformers==2.2.2
sentencepiece==0.1.97
sentry-sdk==1.18.0
setproctitle==1.3.2
shellingham==1.5.0.post1
six==1.16.0
smart-open==6.3.0
smmap==5.0.0
sniffio==1.3.0
snowballstemmer==2.2.0
sortedcontainers==2.4.0
soundfile==0.12.1
soupsieve==2.4
sox==1.4.1
spacy==3.5.1
spacy-legacy==3.0.12
spacy-loggers==1.0.4
Sphinx==6.1.3
sphinx-glpi-theme==0.3
sphinxcontrib-applehelp==1.0.4
sphinxcontrib-bibtex==2.5.0
sphinxcontrib-devhelp==1.0.2
sphinxcontrib-htmlhelp==2.0.1
sphinxcontrib-jsmath==1.0.1
sphinxcontrib-qthelp==1.0.3
sphinxcontrib-serializinghtml==1.1.5
srsly==2.4.6
stack-data==0.6.2
starlette==0.26.1
strings-udf @ file:///rapids/strings_udf-23.2.0-cp38-cp38-linux_x86_64.whl
sympy==1.11.1
tabulate==0.9.0
tbb==2021.8.0
tblib @ file:///rapids/tblib-1.7.0-py2.py3-none-any.whl
tensorboard==2.9.0
tensorboard-data-server==0.6.1
tensorboard-plugin-wit==1.8.1
tensorrt @ file:///workspace/TensorRT-8.5.3.1/python/tensorrt-8.5.3.1-cp38-none-linux_x86_64.whl
termcolor==2.2.0
terminado==0.17.1
text-unidecode==1.3
textdistance==4.5.0
texterrors==0.4.4
thinc==8.1.9
threadpoolctl==3.1.0
thriftpy2 @ file:///rapids/thriftpy2-0.4.16-cp38-cp38-linux_x86_64.whl
tinycss2==1.2.1
tokenizers==0.13.2
toml==0.10.2
tomli==2.0.1
toolz @ file:///rapids/toolz-0.12.0-py3-none-any.whl
torch==2.0.0a0+1767026
torch-tensorrt @ file:///opt/pytorch/torch_tensorrt/py/dist/torch_tensorrt-1.4.0.dev0-cp38-cp38-linux_x86_64.whl
torchmetrics==0.11.4
torchtext @ git+https://github.com/pytorch/text@fae8e8cabf7adcbbc2f09c0520216288fd53f33b
torchvision @ file:///opt/pytorch/vision
tornado==6.2
tqdm==4.65.0
traitlets==5.9.0
transformer-engine @ git+https://github.com/NVIDIA/TransformerEngine.git@f18e6773d9ed1aca1f497f6a2d3a927a21a372ea
transformers==4.27.4
treelite @ file:///rapids/treelite-3.1.0-cp38-cp38-linux_x86_64.whl
treelite-runtime @ file:///rapids/treelite_runtime-3.1.0-cp38-cp38-linux_x86_64.whl
triton @ file:///tmp/dist/triton-2.0.0-cp38-cp38-linux_x86_64.whl
typed-ast==1.5.4
typer==0.7.0
types-dataclasses==0.6.6
typing_extensions==4.5.0
uc-micro-py==1.0.1
ucx-py @ file:///rapids/ucx_py-0.30.0-cp38-cp38-linux_x86_64.whl
uff @ file:///workspace/TensorRT-8.5.3.1/uff/uff-0.6.9-py2.py3-none-any.whl
urllib3 @ file:///rapids/urllib3-1.26.14-py2.py3-none-any.whl
uvicorn==0.21.1
wandb==0.14.0
wasabi==1.1.1
wcwidth==0.2.6
webdataset==0.1.62
webencodings==0.5.1
websockets==10.4
Werkzeug==2.2.3
wget==3.2
widgetsnbextension==4.0.7
wrapt==1.15.0
xdoctest==1.0.2
xgboost @ file:///rapids/xgboost-1.7.1-cp38-cp38-linux_x86_64.whl
yarl==1.8.2
youtokentome==1.0.6
zict @ file:///rapids/zict-2.2.0-py2.py3-none-any.whl
zipp @ file:///rapids/zipp-3.14.0-py3-none-any.whl