2024-06-04 16:00:29,232 - progress - INFO - Creating dataloader for logs/en/ensemble/train/binary/b7/DAT/version_69/data/en/train_subset/test_us.txt
2024-06-04 16:00:29,233 - progress - INFO - 	Dataloader config: {'sample_rate': 16000, 'batch_size': 8, 'num_workers': 10, 'pin_memory': True, 'use_start_end_token': False, 'trim_silence': False, 'is_tarred': False, 'tarred_audio_filepaths': None, 'shuffle_n': 2048, 'bucketing_strategy': 'synced_randomized', 'bucketing_batch_size': None, 'return_sample_id': False, 'drop_last': False, 'asr_repo': 'whisper', 'shuffle': False, 'manifest_filepath': 'logs/en/ensemble/train/binary/b7/DAT/version_69/data/en/train_subset/test_us.txt'}
2024-06-04 16:00:29,234 - progress - INFO - 	Batch size: 8
2024-06-04 16:00:29,490 - progress - INFO - Creating dataloader for logs/en/ensemble/train/binary/b7/DAT/version_69/data/en/train_subset/test_ca.txt
2024-06-04 16:00:29,491 - progress - INFO - 	Dataloader config: {'sample_rate': 16000, 'batch_size': 8, 'num_workers': 10, 'pin_memory': True, 'use_start_end_token': False, 'trim_silence': False, 'is_tarred': False, 'tarred_audio_filepaths': None, 'shuffle_n': 2048, 'bucketing_strategy': 'synced_randomized', 'bucketing_batch_size': None, 'return_sample_id': False, 'drop_last': False, 'asr_repo': 'whisper', 'shuffle': False, 'manifest_filepath': 'logs/en/ensemble/train/binary/b7/DAT/version_69/data/en/train_subset/test_ca.txt'}
2024-06-04 16:00:29,492 - progress - INFO - 	Batch size: 8
2024-06-04 16:00:29,495 - progress - INFO - Creating dataloader for logs/en/ensemble/train/binary/b7/DAT/version_69/data/en/train_subset/test_uk.txt
2024-06-04 16:00:29,495 - progress - INFO - 	Dataloader config: {'sample_rate': 16000, 'batch_size': 8, 'num_workers': 10, 'pin_memory': True, 'use_start_end_token': False, 'trim_silence': False, 'is_tarred': False, 'tarred_audio_filepaths': None, 'shuffle_n': 2048, 'bucketing_strategy': 'synced_randomized', 'bucketing_batch_size': None, 'return_sample_id': False, 'drop_last': False, 'asr_repo': 'whisper', 'shuffle': False, 'manifest_filepath': 'logs/en/ensemble/train/binary/b7/DAT/version_69/data/en/train_subset/test_uk.txt'}
2024-06-04 16:00:29,496 - progress - INFO - 	Batch size: 8
2024-06-04 16:00:29,500 - progress - INFO - Creating dataloader for logs/en/ensemble/train/binary/b7/DAT/version_69/data/en/train_subset/test_in.txt
2024-06-04 16:00:29,501 - progress - INFO - 	Dataloader config: {'sample_rate': 16000, 'batch_size': 8, 'num_workers': 10, 'pin_memory': True, 'use_start_end_token': False, 'trim_silence': False, 'is_tarred': False, 'tarred_audio_filepaths': None, 'shuffle_n': 2048, 'bucketing_strategy': 'synced_randomized', 'bucketing_batch_size': None, 'return_sample_id': False, 'drop_last': False, 'asr_repo': 'whisper', 'shuffle': False, 'manifest_filepath': 'logs/en/ensemble/train/binary/b7/DAT/version_69/data/en/train_subset/test_in.txt'}
2024-06-04 16:00:29,502 - progress - INFO - 	Batch size: 8
2024-06-04 16:00:29,505 - progress - INFO - Creating dataloader for logs/en/ensemble/train/binary/b7/DAT/version_69/data/en/train_subset/test_de.txt
2024-06-04 16:00:29,507 - progress - INFO - 	Dataloader config: {'sample_rate': 16000, 'batch_size': 8, 'num_workers': 10, 'pin_memory': True, 'use_start_end_token': False, 'trim_silence': False, 'is_tarred': False, 'tarred_audio_filepaths': None, 'shuffle_n': 2048, 'bucketing_strategy': 'synced_randomized', 'bucketing_batch_size': None, 'return_sample_id': False, 'drop_last': False, 'asr_repo': 'whisper', 'shuffle': False, 'manifest_filepath': 'logs/en/ensemble/train/binary/b7/DAT/version_69/data/en/train_subset/test_de.txt'}
2024-06-04 16:00:29,507 - progress - INFO - 	Batch size: 8
2024-06-04 16:00:29,510 - progress - INFO - Creating dataloader for logs/en/ensemble/train/binary/b7/DAT/version_69/data/en/train_subset/test_au.txt
2024-06-04 16:00:29,511 - progress - INFO - 	Dataloader config: {'sample_rate': 16000, 'batch_size': 8, 'num_workers': 10, 'pin_memory': True, 'use_start_end_token': False, 'trim_silence': False, 'is_tarred': False, 'tarred_audio_filepaths': None, 'shuffle_n': 2048, 'bucketing_strategy': 'synced_randomized', 'bucketing_batch_size': None, 'return_sample_id': False, 'drop_last': False, 'asr_repo': 'whisper', 'shuffle': False, 'manifest_filepath': 'logs/en/ensemble/train/binary/b7/DAT/version_69/data/en/train_subset/test_au.txt'}
2024-06-04 16:00:29,512 - progress - INFO - 	Batch size: 8
2024-06-04 16:00:29,532 - progress - INFO - Creating dataloader for logs/en/ensemble/train/binary/b7/DAT/version_69/data/en/train_subset/test_hk.txt
2024-06-04 16:00:29,533 - progress - INFO - 	Dataloader config: {'sample_rate': 16000, 'batch_size': 8, 'num_workers': 10, 'pin_memory': True, 'use_start_end_token': False, 'trim_silence': False, 'is_tarred': False, 'tarred_audio_filepaths': None, 'shuffle_n': 2048, 'bucketing_strategy': 'synced_randomized', 'bucketing_batch_size': None, 'return_sample_id': False, 'drop_last': False, 'asr_repo': 'whisper', 'shuffle': False, 'manifest_filepath': 'logs/en/ensemble/train/binary/b7/DAT/version_69/data/en/train_subset/test_hk.txt'}
2024-06-04 16:00:29,534 - progress - INFO - 	Batch size: 8
2024-06-04 16:00:29,537 - progress - INFO - Creating dataloader for logs/en/ensemble/train/binary/b7/DAT/version_69/data/en/train_subset/test_ie.txt
2024-06-04 16:00:29,538 - progress - INFO - 	Dataloader config: {'sample_rate': 16000, 'batch_size': 8, 'num_workers': 10, 'pin_memory': True, 'use_start_end_token': False, 'trim_silence': False, 'is_tarred': False, 'tarred_audio_filepaths': None, 'shuffle_n': 2048, 'bucketing_strategy': 'synced_randomized', 'bucketing_batch_size': None, 'return_sample_id': False, 'drop_last': False, 'asr_repo': 'whisper', 'shuffle': False, 'manifest_filepath': 'logs/en/ensemble/train/binary/b7/DAT/version_69/data/en/train_subset/test_ie.txt'}
2024-06-04 16:00:29,539 - progress - INFO - 	Batch size: 8
2024-06-04 16:00:29,542 - progress - INFO - Creating dataloader for logs/en/ensemble/train/binary/b7/DAT/version_69/data/en/train_subset/test_ni.txt
2024-06-04 16:00:29,543 - progress - INFO - 	Dataloader config: {'sample_rate': 16000, 'batch_size': 8, 'num_workers': 10, 'pin_memory': True, 'use_start_end_token': False, 'trim_silence': False, 'is_tarred': False, 'tarred_audio_filepaths': None, 'shuffle_n': 2048, 'bucketing_strategy': 'synced_randomized', 'bucketing_batch_size': None, 'return_sample_id': False, 'drop_last': False, 'asr_repo': 'whisper', 'shuffle': False, 'manifest_filepath': 'logs/en/ensemble/train/binary/b7/DAT/version_69/data/en/train_subset/test_ni.txt'}
2024-06-04 16:00:29,544 - progress - INFO - 	Batch size: 8
2024-06-04 16:00:29,547 - progress - INFO - Creating dataloader for logs/en/ensemble/train/binary/b7/DAT/version_69/data/en/train_subset/test_nz.txt
2024-06-04 16:00:29,548 - progress - INFO - 	Dataloader config: {'sample_rate': 16000, 'batch_size': 8, 'num_workers': 10, 'pin_memory': True, 'use_start_end_token': False, 'trim_silence': False, 'is_tarred': False, 'tarred_audio_filepaths': None, 'shuffle_n': 2048, 'bucketing_strategy': 'synced_randomized', 'bucketing_batch_size': None, 'return_sample_id': False, 'drop_last': False, 'asr_repo': 'whisper', 'shuffle': False, 'manifest_filepath': 'logs/en/ensemble/train/binary/b7/DAT/version_69/data/en/train_subset/test_nz.txt'}
2024-06-04 16:00:29,549 - progress - INFO - 	Batch size: 8
2024-06-04 16:00:29,573 - progress - INFO - Creating dataloader for logs/en/ensemble/train/binary/b7/DAT/version_69/data/en/train_subset/test_ph.txt
2024-06-04 16:00:29,573 - progress - INFO - 	Dataloader config: {'sample_rate': 16000, 'batch_size': 8, 'num_workers': 10, 'pin_memory': True, 'use_start_end_token': False, 'trim_silence': False, 'is_tarred': False, 'tarred_audio_filepaths': None, 'shuffle_n': 2048, 'bucketing_strategy': 'synced_randomized', 'bucketing_batch_size': None, 'return_sample_id': False, 'drop_last': False, 'asr_repo': 'whisper', 'shuffle': False, 'manifest_filepath': 'logs/en/ensemble/train/binary/b7/DAT/version_69/data/en/train_subset/test_ph.txt'}
2024-06-04 16:00:29,574 - progress - INFO - 	Batch size: 8
2024-06-04 16:00:29,578 - progress - INFO - Creating dataloader for logs/en/ensemble/train/binary/b7/DAT/version_69/data/en/train_subset/test_sc.txt
2024-06-04 16:00:29,578 - progress - INFO - 	Dataloader config: {'sample_rate': 16000, 'batch_size': 8, 'num_workers': 10, 'pin_memory': True, 'use_start_end_token': False, 'trim_silence': False, 'is_tarred': False, 'tarred_audio_filepaths': None, 'shuffle_n': 2048, 'bucketing_strategy': 'synced_randomized', 'bucketing_batch_size': None, 'return_sample_id': False, 'drop_last': False, 'asr_repo': 'whisper', 'shuffle': False, 'manifest_filepath': 'logs/en/ensemble/train/binary/b7/DAT/version_69/data/en/train_subset/test_sc.txt'}
2024-06-04 16:00:29,579 - progress - INFO - 	Batch size: 8
2024-06-04 16:00:29,583 - progress - INFO - Creating dataloader for logs/en/ensemble/train/binary/b7/DAT/version_69/data/en/train_subset/test_sg.txt
2024-06-04 16:00:29,583 - progress - INFO - 	Dataloader config: {'sample_rate': 16000, 'batch_size': 8, 'num_workers': 10, 'pin_memory': True, 'use_start_end_token': False, 'trim_silence': False, 'is_tarred': False, 'tarred_audio_filepaths': None, 'shuffle_n': 2048, 'bucketing_strategy': 'synced_randomized', 'bucketing_batch_size': None, 'return_sample_id': False, 'drop_last': False, 'asr_repo': 'whisper', 'shuffle': False, 'manifest_filepath': 'logs/en/ensemble/train/binary/b7/DAT/version_69/data/en/train_subset/test_sg.txt'}
2024-06-04 16:00:29,584 - progress - INFO - 	Batch size: 8
2024-06-04 16:00:29,587 - progress - INFO - Creating dataloader for logs/en/ensemble/train/binary/b7/DAT/version_69/data/en/train_subset/test_za.txt
2024-06-04 16:00:29,588 - progress - INFO - 	Dataloader config: {'sample_rate': 16000, 'batch_size': 8, 'num_workers': 10, 'pin_memory': True, 'use_start_end_token': False, 'trim_silence': False, 'is_tarred': False, 'tarred_audio_filepaths': None, 'shuffle_n': 2048, 'bucketing_strategy': 'synced_randomized', 'bucketing_batch_size': None, 'return_sample_id': False, 'drop_last': False, 'asr_repo': 'whisper', 'shuffle': False, 'manifest_filepath': 'logs/en/ensemble/train/binary/b7/DAT/version_69/data/en/train_subset/test_za.txt'}
2024-06-04 16:00:29,589 - progress - INFO - 	Batch size: 8
2024-06-04 16:09:03,863 - progress - INFO - Configuring optimizers
2024-06-04 16:09:03,868 - progress - INFO - Creating dataloader for ['logs/en/ensemble/train/binary/b7/DAT/version_69/data/en/train_subset/train_us.txt']
2024-06-04 16:09:03,869 - progress - INFO - 	Dataloader config: {'sample_rate': 16000, 'batch_size': 8, 'num_workers': 10, 'pin_memory': True, 'use_start_end_token': False, 'trim_silence': False, 'is_tarred': False, 'tarred_audio_filepaths': None, 'shuffle_n': 2048, 'bucketing_strategy': 'synced_randomized', 'bucketing_batch_size': None, 'return_sample_id': False, 'drop_last': False, 'asr_repo': 'whisper', 'shuffle': True, 'manifest_filepath': ['logs/en/ensemble/train/binary/b7/DAT/version_69/data/en/train_subset/train_us.txt']}
2024-06-04 16:09:03,870 - progress - INFO - 	Batch size: 8
2024-06-04 16:09:03,936 - progress - INFO - Creating dataloader for ['logs/en/ensemble/train/binary/b7/DAT/version_69/data/en/train_subset/train_ca.txt', 'logs/en/ensemble/train/binary/b7/DAT/version_69/data/en/train_subset/train_uk.txt', 'logs/en/ensemble/train/binary/b7/DAT/version_69/data/en/train_subset/train_in.txt', 'logs/en/ensemble/train/binary/b7/DAT/version_69/data/en/train_subset/train_de.txt', 'logs/en/ensemble/train/binary/b7/DAT/version_69/data/en/train_subset/train_au.txt']
2024-06-04 16:09:03,937 - progress - INFO - 	Dataloader config: {'sample_rate': 16000, 'batch_size': 8, 'num_workers': 10, 'pin_memory': True, 'use_start_end_token': False, 'trim_silence': False, 'is_tarred': False, 'tarred_audio_filepaths': None, 'shuffle_n': 2048, 'bucketing_strategy': 'synced_randomized', 'bucketing_batch_size': None, 'return_sample_id': False, 'drop_last': False, 'asr_repo': 'whisper', 'shuffle': True, 'manifest_filepath': ['logs/en/ensemble/train/binary/b7/DAT/version_69/data/en/train_subset/train_ca.txt', 'logs/en/ensemble/train/binary/b7/DAT/version_69/data/en/train_subset/train_uk.txt', 'logs/en/ensemble/train/binary/b7/DAT/version_69/data/en/train_subset/train_in.txt', 'logs/en/ensemble/train/binary/b7/DAT/version_69/data/en/train_subset/train_de.txt', 'logs/en/ensemble/train/binary/b7/DAT/version_69/data/en/train_subset/train_au.txt']}
2024-06-04 16:09:03,938 - progress - INFO - 	Batch size: 8
2024-06-04 16:09:04,006 - progress - INFO - Scheduler max. steps: 960
2024-06-04 16:09:04,020 - progress - INFO - Creating dataloader for ['logs/en/ensemble/train/binary/b7/DAT/version_69/data/en/train_subset/train_us.txt']
2024-06-04 16:09:04,021 - progress - INFO - 	Dataloader config: {'sample_rate': 16000, 'batch_size': 8, 'num_workers': 10, 'pin_memory': True, 'use_start_end_token': False, 'trim_silence': False, 'is_tarred': False, 'tarred_audio_filepaths': None, 'shuffle_n': 2048, 'bucketing_strategy': 'synced_randomized', 'bucketing_batch_size': None, 'return_sample_id': False, 'drop_last': False, 'asr_repo': 'whisper', 'shuffle': True, 'manifest_filepath': ['logs/en/ensemble/train/binary/b7/DAT/version_69/data/en/train_subset/train_us.txt']}
2024-06-04 16:09:04,022 - progress - INFO - 	Batch size: 8
2024-06-04 16:09:04,039 - progress - INFO - Creating dataloader for ['logs/en/ensemble/train/binary/b7/DAT/version_69/data/en/train_subset/train_ca.txt', 'logs/en/ensemble/train/binary/b7/DAT/version_69/data/en/train_subset/train_uk.txt', 'logs/en/ensemble/train/binary/b7/DAT/version_69/data/en/train_subset/train_in.txt', 'logs/en/ensemble/train/binary/b7/DAT/version_69/data/en/train_subset/train_de.txt', 'logs/en/ensemble/train/binary/b7/DAT/version_69/data/en/train_subset/train_au.txt']
2024-06-04 16:09:04,040 - progress - INFO - 	Dataloader config: {'sample_rate': 16000, 'batch_size': 8, 'num_workers': 10, 'pin_memory': True, 'use_start_end_token': False, 'trim_silence': False, 'is_tarred': False, 'tarred_audio_filepaths': None, 'shuffle_n': 2048, 'bucketing_strategy': 'synced_randomized', 'bucketing_batch_size': None, 'return_sample_id': False, 'drop_last': False, 'asr_repo': 'whisper', 'shuffle': True, 'manifest_filepath': ['logs/en/ensemble/train/binary/b7/DAT/version_69/data/en/train_subset/train_ca.txt', 'logs/en/ensemble/train/binary/b7/DAT/version_69/data/en/train_subset/train_uk.txt', 'logs/en/ensemble/train/binary/b7/DAT/version_69/data/en/train_subset/train_in.txt', 'logs/en/ensemble/train/binary/b7/DAT/version_69/data/en/train_subset/train_de.txt', 'logs/en/ensemble/train/binary/b7/DAT/version_69/data/en/train_subset/train_au.txt']}
2024-06-04 16:09:04,041 - progress - INFO - 	Batch size: 8
2024-06-04 16:09:04,065 - progress - INFO - Creating dataloader for logs/en/ensemble/train/binary/b7/DAT/version_69/data/en/train_subset/test_us.txt
2024-06-04 16:09:04,066 - progress - INFO - 	Dataloader config: {'sample_rate': 16000, 'batch_size': 8, 'num_workers': 10, 'pin_memory': True, 'use_start_end_token': False, 'trim_silence': False, 'is_tarred': False, 'tarred_audio_filepaths': None, 'shuffle_n': 2048, 'bucketing_strategy': 'synced_randomized', 'bucketing_batch_size': None, 'return_sample_id': False, 'drop_last': False, 'asr_repo': 'whisper', 'shuffle': False, 'manifest_filepath': 'logs/en/ensemble/train/binary/b7/DAT/version_69/data/en/train_subset/test_us.txt'}
2024-06-04 16:09:04,067 - progress - INFO - 	Batch size: 8
2024-06-04 16:09:04,075 - progress - INFO - Creating dataloader for logs/en/ensemble/train/binary/b7/DAT/version_69/data/en/train_subset/test_ca.txt
2024-06-04 16:09:04,076 - progress - INFO - 	Dataloader config: {'sample_rate': 16000, 'batch_size': 8, 'num_workers': 10, 'pin_memory': True, 'use_start_end_token': False, 'trim_silence': False, 'is_tarred': False, 'tarred_audio_filepaths': None, 'shuffle_n': 2048, 'bucketing_strategy': 'synced_randomized', 'bucketing_batch_size': None, 'return_sample_id': False, 'drop_last': False, 'asr_repo': 'whisper', 'shuffle': False, 'manifest_filepath': 'logs/en/ensemble/train/binary/b7/DAT/version_69/data/en/train_subset/test_ca.txt'}
2024-06-04 16:09:04,076 - progress - INFO - 	Batch size: 8
2024-06-04 16:09:04,079 - progress - INFO - Creating dataloader for logs/en/ensemble/train/binary/b7/DAT/version_69/data/en/train_subset/test_uk.txt
2024-06-04 16:09:04,080 - progress - INFO - 	Dataloader config: {'sample_rate': 16000, 'batch_size': 8, 'num_workers': 10, 'pin_memory': True, 'use_start_end_token': False, 'trim_silence': False, 'is_tarred': False, 'tarred_audio_filepaths': None, 'shuffle_n': 2048, 'bucketing_strategy': 'synced_randomized', 'bucketing_batch_size': None, 'return_sample_id': False, 'drop_last': False, 'asr_repo': 'whisper', 'shuffle': False, 'manifest_filepath': 'logs/en/ensemble/train/binary/b7/DAT/version_69/data/en/train_subset/test_uk.txt'}
2024-06-04 16:09:04,081 - progress - INFO - 	Batch size: 8
2024-06-04 16:09:04,084 - progress - INFO - Creating dataloader for logs/en/ensemble/train/binary/b7/DAT/version_69/data/en/train_subset/test_in.txt
2024-06-04 16:09:04,085 - progress - INFO - 	Dataloader config: {'sample_rate': 16000, 'batch_size': 8, 'num_workers': 10, 'pin_memory': True, 'use_start_end_token': False, 'trim_silence': False, 'is_tarred': False, 'tarred_audio_filepaths': None, 'shuffle_n': 2048, 'bucketing_strategy': 'synced_randomized', 'bucketing_batch_size': None, 'return_sample_id': False, 'drop_last': False, 'asr_repo': 'whisper', 'shuffle': False, 'manifest_filepath': 'logs/en/ensemble/train/binary/b7/DAT/version_69/data/en/train_subset/test_in.txt'}
2024-06-04 16:09:04,086 - progress - INFO - 	Batch size: 8
2024-06-04 16:09:04,090 - progress - INFO - Creating dataloader for logs/en/ensemble/train/binary/b7/DAT/version_69/data/en/train_subset/test_de.txt
2024-06-04 16:09:04,090 - progress - INFO - 	Dataloader config: {'sample_rate': 16000, 'batch_size': 8, 'num_workers': 10, 'pin_memory': True, 'use_start_end_token': False, 'trim_silence': False, 'is_tarred': False, 'tarred_audio_filepaths': None, 'shuffle_n': 2048, 'bucketing_strategy': 'synced_randomized', 'bucketing_batch_size': None, 'return_sample_id': False, 'drop_last': False, 'asr_repo': 'whisper', 'shuffle': False, 'manifest_filepath': 'logs/en/ensemble/train/binary/b7/DAT/version_69/data/en/train_subset/test_de.txt'}
2024-06-04 16:09:04,091 - progress - INFO - 	Batch size: 8
2024-06-04 16:09:04,094 - progress - INFO - Creating dataloader for logs/en/ensemble/train/binary/b7/DAT/version_69/data/en/train_subset/test_au.txt
2024-06-04 16:09:04,094 - progress - INFO - 	Dataloader config: {'sample_rate': 16000, 'batch_size': 8, 'num_workers': 10, 'pin_memory': True, 'use_start_end_token': False, 'trim_silence': False, 'is_tarred': False, 'tarred_audio_filepaths': None, 'shuffle_n': 2048, 'bucketing_strategy': 'synced_randomized', 'bucketing_batch_size': None, 'return_sample_id': False, 'drop_last': False, 'asr_repo': 'whisper', 'shuffle': False, 'manifest_filepath': 'logs/en/ensemble/train/binary/b7/DAT/version_69/data/en/train_subset/test_au.txt'}
2024-06-04 16:09:04,095 - progress - INFO - 	Batch size: 8
2024-06-04 16:09:04,098 - progress - INFO - Creating dataloader for logs/en/ensemble/train/binary/b7/DAT/version_69/data/en/train_subset/test_hk.txt
2024-06-04 16:09:04,099 - progress - INFO - 	Dataloader config: {'sample_rate': 16000, 'batch_size': 8, 'num_workers': 10, 'pin_memory': True, 'use_start_end_token': False, 'trim_silence': False, 'is_tarred': False, 'tarred_audio_filepaths': None, 'shuffle_n': 2048, 'bucketing_strategy': 'synced_randomized', 'bucketing_batch_size': None, 'return_sample_id': False, 'drop_last': False, 'asr_repo': 'whisper', 'shuffle': False, 'manifest_filepath': 'logs/en/ensemble/train/binary/b7/DAT/version_69/data/en/train_subset/test_hk.txt'}
2024-06-04 16:09:04,100 - progress - INFO - 	Batch size: 8
2024-06-04 16:09:04,102 - progress - INFO - Creating dataloader for logs/en/ensemble/train/binary/b7/DAT/version_69/data/en/train_subset/test_ie.txt
2024-06-04 16:09:04,103 - progress - INFO - 	Dataloader config: {'sample_rate': 16000, 'batch_size': 8, 'num_workers': 10, 'pin_memory': True, 'use_start_end_token': False, 'trim_silence': False, 'is_tarred': False, 'tarred_audio_filepaths': None, 'shuffle_n': 2048, 'bucketing_strategy': 'synced_randomized', 'bucketing_batch_size': None, 'return_sample_id': False, 'drop_last': False, 'asr_repo': 'whisper', 'shuffle': False, 'manifest_filepath': 'logs/en/ensemble/train/binary/b7/DAT/version_69/data/en/train_subset/test_ie.txt'}
2024-06-04 16:09:04,103 - progress - INFO - 	Batch size: 8
2024-06-04 16:09:04,106 - progress - INFO - Creating dataloader for logs/en/ensemble/train/binary/b7/DAT/version_69/data/en/train_subset/test_ni.txt
2024-06-04 16:09:04,107 - progress - INFO - 	Dataloader config: {'sample_rate': 16000, 'batch_size': 8, 'num_workers': 10, 'pin_memory': True, 'use_start_end_token': False, 'trim_silence': False, 'is_tarred': False, 'tarred_audio_filepaths': None, 'shuffle_n': 2048, 'bucketing_strategy': 'synced_randomized', 'bucketing_batch_size': None, 'return_sample_id': False, 'drop_last': False, 'asr_repo': 'whisper', 'shuffle': False, 'manifest_filepath': 'logs/en/ensemble/train/binary/b7/DAT/version_69/data/en/train_subset/test_ni.txt'}
2024-06-04 16:09:04,108 - progress - INFO - 	Batch size: 8
2024-06-04 16:09:04,110 - progress - INFO - Creating dataloader for logs/en/ensemble/train/binary/b7/DAT/version_69/data/en/train_subset/test_nz.txt
2024-06-04 16:09:04,111 - progress - INFO - 	Dataloader config: {'sample_rate': 16000, 'batch_size': 8, 'num_workers': 10, 'pin_memory': True, 'use_start_end_token': False, 'trim_silence': False, 'is_tarred': False, 'tarred_audio_filepaths': None, 'shuffle_n': 2048, 'bucketing_strategy': 'synced_randomized', 'bucketing_batch_size': None, 'return_sample_id': False, 'drop_last': False, 'asr_repo': 'whisper', 'shuffle': False, 'manifest_filepath': 'logs/en/ensemble/train/binary/b7/DAT/version_69/data/en/train_subset/test_nz.txt'}
2024-06-04 16:09:04,111 - progress - INFO - 	Batch size: 8
2024-06-04 16:09:04,114 - progress - INFO - Creating dataloader for logs/en/ensemble/train/binary/b7/DAT/version_69/data/en/train_subset/test_ph.txt
2024-06-04 16:09:04,114 - progress - INFO - 	Dataloader config: {'sample_rate': 16000, 'batch_size': 8, 'num_workers': 10, 'pin_memory': True, 'use_start_end_token': False, 'trim_silence': False, 'is_tarred': False, 'tarred_audio_filepaths': None, 'shuffle_n': 2048, 'bucketing_strategy': 'synced_randomized', 'bucketing_batch_size': None, 'return_sample_id': False, 'drop_last': False, 'asr_repo': 'whisper', 'shuffle': False, 'manifest_filepath': 'logs/en/ensemble/train/binary/b7/DAT/version_69/data/en/train_subset/test_ph.txt'}
2024-06-04 16:09:04,115 - progress - INFO - 	Batch size: 8
2024-06-04 16:09:04,118 - progress - INFO - Creating dataloader for logs/en/ensemble/train/binary/b7/DAT/version_69/data/en/train_subset/test_sc.txt
2024-06-04 16:09:04,119 - progress - INFO - 	Dataloader config: {'sample_rate': 16000, 'batch_size': 8, 'num_workers': 10, 'pin_memory': True, 'use_start_end_token': False, 'trim_silence': False, 'is_tarred': False, 'tarred_audio_filepaths': None, 'shuffle_n': 2048, 'bucketing_strategy': 'synced_randomized', 'bucketing_batch_size': None, 'return_sample_id': False, 'drop_last': False, 'asr_repo': 'whisper', 'shuffle': False, 'manifest_filepath': 'logs/en/ensemble/train/binary/b7/DAT/version_69/data/en/train_subset/test_sc.txt'}
2024-06-04 16:09:04,119 - progress - INFO - 	Batch size: 8
2024-06-04 16:09:04,122 - progress - INFO - Creating dataloader for logs/en/ensemble/train/binary/b7/DAT/version_69/data/en/train_subset/test_sg.txt
2024-06-04 16:09:04,123 - progress - INFO - 	Dataloader config: {'sample_rate': 16000, 'batch_size': 8, 'num_workers': 10, 'pin_memory': True, 'use_start_end_token': False, 'trim_silence': False, 'is_tarred': False, 'tarred_audio_filepaths': None, 'shuffle_n': 2048, 'bucketing_strategy': 'synced_randomized', 'bucketing_batch_size': None, 'return_sample_id': False, 'drop_last': False, 'asr_repo': 'whisper', 'shuffle': False, 'manifest_filepath': 'logs/en/ensemble/train/binary/b7/DAT/version_69/data/en/train_subset/test_sg.txt'}
2024-06-04 16:09:04,124 - progress - INFO - 	Batch size: 8
2024-06-04 16:09:04,126 - progress - INFO - Creating dataloader for logs/en/ensemble/train/binary/b7/DAT/version_69/data/en/train_subset/test_za.txt
2024-06-04 16:09:04,127 - progress - INFO - 	Dataloader config: {'sample_rate': 16000, 'batch_size': 8, 'num_workers': 10, 'pin_memory': True, 'use_start_end_token': False, 'trim_silence': False, 'is_tarred': False, 'tarred_audio_filepaths': None, 'shuffle_n': 2048, 'bucketing_strategy': 'synced_randomized', 'bucketing_batch_size': None, 'return_sample_id': False, 'drop_last': False, 'asr_repo': 'whisper', 'shuffle': False, 'manifest_filepath': 'logs/en/ensemble/train/binary/b7/DAT/version_69/data/en/train_subset/test_za.txt'}
2024-06-04 16:09:04,127 - progress - INFO - 	Batch size: 8
