2024-05-14 13:39:20,200 - progress - INFO - Configuring optimizers
2024-05-14 13:39:20,203 - progress - INFO - Creating dataloader for ['logs/en/ac/train/binary/b7/version_7/data/en/train_subset/train_us.txt']
2024-05-14 13:39:20,205 - progress - INFO - 	Dataloader config: {'sample_rate': 16000, 'batch_size': 8, 'num_workers': 10, 'pin_memory': True, 'use_start_end_token': False, 'trim_silence': False, 'is_tarred': False, 'tarred_audio_filepaths': None, 'shuffle_n': 2048, 'bucketing_strategy': 'synced_randomized', 'bucketing_batch_size': None, 'return_sample_id': False, 'drop_last': False, 'asr_repo': 'whisper', 'shuffle': True, 'manifest_filepath': ['logs/en/ac/train/binary/b7/version_7/data/en/train_subset/train_us.txt']}
2024-05-14 13:39:20,206 - progress - INFO - 	Batch size: 8
2024-05-14 13:39:20,659 - progress - INFO - Creating dataloader for ['logs/en/ac/train/binary/b7/version_7/data/en/train_subset/train_ca.txt', 'logs/en/ac/train/binary/b7/version_7/data/en/train_subset/train_uk.txt', 'logs/en/ac/train/binary/b7/version_7/data/en/train_subset/train_in.txt', 'logs/en/ac/train/binary/b7/version_7/data/en/train_subset/train_de.txt', 'logs/en/ac/train/binary/b7/version_7/data/en/train_subset/train_au.txt']
2024-05-14 13:39:20,660 - progress - INFO - 	Dataloader config: {'sample_rate': 16000, 'batch_size': 8, 'num_workers': 10, 'pin_memory': True, 'use_start_end_token': False, 'trim_silence': False, 'is_tarred': False, 'tarred_audio_filepaths': None, 'shuffle_n': 2048, 'bucketing_strategy': 'synced_randomized', 'bucketing_batch_size': None, 'return_sample_id': False, 'drop_last': False, 'asr_repo': 'whisper', 'shuffle': True, 'manifest_filepath': ['logs/en/ac/train/binary/b7/version_7/data/en/train_subset/train_ca.txt', 'logs/en/ac/train/binary/b7/version_7/data/en/train_subset/train_uk.txt', 'logs/en/ac/train/binary/b7/version_7/data/en/train_subset/train_in.txt', 'logs/en/ac/train/binary/b7/version_7/data/en/train_subset/train_de.txt', 'logs/en/ac/train/binary/b7/version_7/data/en/train_subset/train_au.txt']}
2024-05-14 13:39:20,661 - progress - INFO - 	Batch size: 8
2024-05-14 13:39:22,205 - progress - INFO - Scheduler max. steps: 1536
2024-05-14 13:39:22,313 - progress - INFO - Creating dataloader for ['logs/en/ac/train/binary/b7/version_7/data/en/train_subset/train_us.txt']
2024-05-14 13:39:22,314 - progress - INFO - 	Dataloader config: {'sample_rate': 16000, 'batch_size': 8, 'num_workers': 10, 'pin_memory': True, 'use_start_end_token': False, 'trim_silence': False, 'is_tarred': False, 'tarred_audio_filepaths': None, 'shuffle_n': 2048, 'bucketing_strategy': 'synced_randomized', 'bucketing_batch_size': None, 'return_sample_id': False, 'drop_last': False, 'asr_repo': 'whisper', 'shuffle': True, 'manifest_filepath': ['logs/en/ac/train/binary/b7/version_7/data/en/train_subset/train_us.txt']}
2024-05-14 13:39:22,317 - progress - INFO - 	Batch size: 8
2024-05-14 13:39:22,371 - progress - INFO - Creating dataloader for ['logs/en/ac/train/binary/b7/version_7/data/en/train_subset/train_ca.txt', 'logs/en/ac/train/binary/b7/version_7/data/en/train_subset/train_uk.txt', 'logs/en/ac/train/binary/b7/version_7/data/en/train_subset/train_in.txt', 'logs/en/ac/train/binary/b7/version_7/data/en/train_subset/train_de.txt', 'logs/en/ac/train/binary/b7/version_7/data/en/train_subset/train_au.txt']
2024-05-14 13:39:22,372 - progress - INFO - 	Dataloader config: {'sample_rate': 16000, 'batch_size': 8, 'num_workers': 10, 'pin_memory': True, 'use_start_end_token': False, 'trim_silence': False, 'is_tarred': False, 'tarred_audio_filepaths': None, 'shuffle_n': 2048, 'bucketing_strategy': 'synced_randomized', 'bucketing_batch_size': None, 'return_sample_id': False, 'drop_last': False, 'asr_repo': 'whisper', 'shuffle': True, 'manifest_filepath': ['logs/en/ac/train/binary/b7/version_7/data/en/train_subset/train_ca.txt', 'logs/en/ac/train/binary/b7/version_7/data/en/train_subset/train_uk.txt', 'logs/en/ac/train/binary/b7/version_7/data/en/train_subset/train_in.txt', 'logs/en/ac/train/binary/b7/version_7/data/en/train_subset/train_de.txt', 'logs/en/ac/train/binary/b7/version_7/data/en/train_subset/train_au.txt']}
2024-05-14 13:39:22,374 - progress - INFO - 	Batch size: 8
2024-05-14 13:39:22,432 - progress - INFO - Creating dataloader for logs/en/ac/train/binary/b7/version_7/data/en/train_subset/test_us.txt
2024-05-14 13:39:22,433 - progress - INFO - 	Dataloader config: {'sample_rate': 16000, 'batch_size': 8, 'num_workers': 10, 'pin_memory': True, 'use_start_end_token': False, 'trim_silence': False, 'is_tarred': False, 'tarred_audio_filepaths': None, 'shuffle_n': 2048, 'bucketing_strategy': 'synced_randomized', 'bucketing_batch_size': None, 'return_sample_id': False, 'drop_last': False, 'asr_repo': 'whisper', 'shuffle': False, 'manifest_filepath': 'logs/en/ac/train/binary/b7/version_7/data/en/train_subset/test_us.txt'}
2024-05-14 13:39:22,434 - progress - INFO - 	Batch size: 8
2024-05-14 13:39:22,655 - progress - INFO - Creating dataloader for logs/en/ac/train/binary/b7/version_7/data/en/train_subset/test_ca.txt
2024-05-14 13:39:22,658 - progress - INFO - 	Dataloader config: {'sample_rate': 16000, 'batch_size': 8, 'num_workers': 10, 'pin_memory': True, 'use_start_end_token': False, 'trim_silence': False, 'is_tarred': False, 'tarred_audio_filepaths': None, 'shuffle_n': 2048, 'bucketing_strategy': 'synced_randomized', 'bucketing_batch_size': None, 'return_sample_id': False, 'drop_last': False, 'asr_repo': 'whisper', 'shuffle': False, 'manifest_filepath': 'logs/en/ac/train/binary/b7/version_7/data/en/train_subset/test_ca.txt'}
2024-05-14 13:39:22,660 - progress - INFO - 	Batch size: 8
2024-05-14 13:39:22,838 - progress - INFO - Creating dataloader for logs/en/ac/train/binary/b7/version_7/data/en/train_subset/test_uk.txt
2024-05-14 13:39:22,842 - progress - INFO - 	Dataloader config: {'sample_rate': 16000, 'batch_size': 8, 'num_workers': 10, 'pin_memory': True, 'use_start_end_token': False, 'trim_silence': False, 'is_tarred': False, 'tarred_audio_filepaths': None, 'shuffle_n': 2048, 'bucketing_strategy': 'synced_randomized', 'bucketing_batch_size': None, 'return_sample_id': False, 'drop_last': False, 'asr_repo': 'whisper', 'shuffle': False, 'manifest_filepath': 'logs/en/ac/train/binary/b7/version_7/data/en/train_subset/test_uk.txt'}
2024-05-14 13:39:22,846 - progress - INFO - 	Batch size: 8
2024-05-14 13:39:23,316 - progress - INFO - Creating dataloader for logs/en/ac/train/binary/b7/version_7/data/en/train_subset/test_in.txt
2024-05-14 13:39:23,319 - progress - INFO - 	Dataloader config: {'sample_rate': 16000, 'batch_size': 8, 'num_workers': 10, 'pin_memory': True, 'use_start_end_token': False, 'trim_silence': False, 'is_tarred': False, 'tarred_audio_filepaths': None, 'shuffle_n': 2048, 'bucketing_strategy': 'synced_randomized', 'bucketing_batch_size': None, 'return_sample_id': False, 'drop_last': False, 'asr_repo': 'whisper', 'shuffle': False, 'manifest_filepath': 'logs/en/ac/train/binary/b7/version_7/data/en/train_subset/test_in.txt'}
2024-05-14 13:39:23,322 - progress - INFO - 	Batch size: 8
2024-05-14 13:39:23,331 - progress - INFO - Creating dataloader for logs/en/ac/train/binary/b7/version_7/data/en/train_subset/test_de.txt
2024-05-14 13:39:23,334 - progress - INFO - 	Dataloader config: {'sample_rate': 16000, 'batch_size': 8, 'num_workers': 10, 'pin_memory': True, 'use_start_end_token': False, 'trim_silence': False, 'is_tarred': False, 'tarred_audio_filepaths': None, 'shuffle_n': 2048, 'bucketing_strategy': 'synced_randomized', 'bucketing_batch_size': None, 'return_sample_id': False, 'drop_last': False, 'asr_repo': 'whisper', 'shuffle': False, 'manifest_filepath': 'logs/en/ac/train/binary/b7/version_7/data/en/train_subset/test_de.txt'}
2024-05-14 13:39:23,337 - progress - INFO - 	Batch size: 8
2024-05-14 13:39:23,459 - progress - INFO - Creating dataloader for logs/en/ac/train/binary/b7/version_7/data/en/train_subset/test_au.txt
2024-05-14 13:39:23,462 - progress - INFO - 	Dataloader config: {'sample_rate': 16000, 'batch_size': 8, 'num_workers': 10, 'pin_memory': True, 'use_start_end_token': False, 'trim_silence': False, 'is_tarred': False, 'tarred_audio_filepaths': None, 'shuffle_n': 2048, 'bucketing_strategy': 'synced_randomized', 'bucketing_batch_size': None, 'return_sample_id': False, 'drop_last': False, 'asr_repo': 'whisper', 'shuffle': False, 'manifest_filepath': 'logs/en/ac/train/binary/b7/version_7/data/en/train_subset/test_au.txt'}
2024-05-14 13:39:23,465 - progress - INFO - 	Batch size: 8
2024-05-14 13:39:23,526 - progress - INFO - Creating dataloader for logs/en/ac/train/binary/b7/version_7/data/en/train_subset/test_hk.txt
2024-05-14 13:39:23,529 - progress - INFO - 	Dataloader config: {'sample_rate': 16000, 'batch_size': 8, 'num_workers': 10, 'pin_memory': True, 'use_start_end_token': False, 'trim_silence': False, 'is_tarred': False, 'tarred_audio_filepaths': None, 'shuffle_n': 2048, 'bucketing_strategy': 'synced_randomized', 'bucketing_batch_size': None, 'return_sample_id': False, 'drop_last': False, 'asr_repo': 'whisper', 'shuffle': False, 'manifest_filepath': 'logs/en/ac/train/binary/b7/version_7/data/en/train_subset/test_hk.txt'}
2024-05-14 13:39:23,532 - progress - INFO - 	Batch size: 8
2024-05-14 13:39:23,593 - progress - INFO - Creating dataloader for logs/en/ac/train/binary/b7/version_7/data/en/train_subset/test_ie.txt
2024-05-14 13:39:23,597 - progress - INFO - 	Dataloader config: {'sample_rate': 16000, 'batch_size': 8, 'num_workers': 10, 'pin_memory': True, 'use_start_end_token': False, 'trim_silence': False, 'is_tarred': False, 'tarred_audio_filepaths': None, 'shuffle_n': 2048, 'bucketing_strategy': 'synced_randomized', 'bucketing_batch_size': None, 'return_sample_id': False, 'drop_last': False, 'asr_repo': 'whisper', 'shuffle': False, 'manifest_filepath': 'logs/en/ac/train/binary/b7/version_7/data/en/train_subset/test_ie.txt'}
2024-05-14 13:39:23,600 - progress - INFO - 	Batch size: 8
2024-05-14 13:39:23,783 - progress - INFO - Creating dataloader for logs/en/ac/train/binary/b7/version_7/data/en/train_subset/test_ni.txt
2024-05-14 13:39:23,785 - progress - INFO - 	Dataloader config: {'sample_rate': 16000, 'batch_size': 8, 'num_workers': 10, 'pin_memory': True, 'use_start_end_token': False, 'trim_silence': False, 'is_tarred': False, 'tarred_audio_filepaths': None, 'shuffle_n': 2048, 'bucketing_strategy': 'synced_randomized', 'bucketing_batch_size': None, 'return_sample_id': False, 'drop_last': False, 'asr_repo': 'whisper', 'shuffle': False, 'manifest_filepath': 'logs/en/ac/train/binary/b7/version_7/data/en/train_subset/test_ni.txt'}
2024-05-14 13:39:23,789 - progress - INFO - 	Batch size: 8
2024-05-14 13:39:23,840 - progress - INFO - Creating dataloader for logs/en/ac/train/binary/b7/version_7/data/en/train_subset/test_nz.txt
2024-05-14 13:39:23,849 - progress - INFO - 	Dataloader config: {'sample_rate': 16000, 'batch_size': 8, 'num_workers': 10, 'pin_memory': True, 'use_start_end_token': False, 'trim_silence': False, 'is_tarred': False, 'tarred_audio_filepaths': None, 'shuffle_n': 2048, 'bucketing_strategy': 'synced_randomized', 'bucketing_batch_size': None, 'return_sample_id': False, 'drop_last': False, 'asr_repo': 'whisper', 'shuffle': False, 'manifest_filepath': 'logs/en/ac/train/binary/b7/version_7/data/en/train_subset/test_nz.txt'}
2024-05-14 13:39:23,871 - progress - INFO - 	Batch size: 8
2024-05-14 13:39:23,973 - progress - INFO - Creating dataloader for logs/en/ac/train/binary/b7/version_7/data/en/train_subset/test_ph.txt
2024-05-14 13:39:23,976 - progress - INFO - 	Dataloader config: {'sample_rate': 16000, 'batch_size': 8, 'num_workers': 10, 'pin_memory': True, 'use_start_end_token': False, 'trim_silence': False, 'is_tarred': False, 'tarred_audio_filepaths': None, 'shuffle_n': 2048, 'bucketing_strategy': 'synced_randomized', 'bucketing_batch_size': None, 'return_sample_id': False, 'drop_last': False, 'asr_repo': 'whisper', 'shuffle': False, 'manifest_filepath': 'logs/en/ac/train/binary/b7/version_7/data/en/train_subset/test_ph.txt'}
2024-05-14 13:39:23,977 - progress - INFO - 	Batch size: 8
2024-05-14 13:39:24,106 - progress - INFO - Creating dataloader for logs/en/ac/train/binary/b7/version_7/data/en/train_subset/test_sc.txt
2024-05-14 13:39:24,108 - progress - INFO - 	Dataloader config: {'sample_rate': 16000, 'batch_size': 8, 'num_workers': 10, 'pin_memory': True, 'use_start_end_token': False, 'trim_silence': False, 'is_tarred': False, 'tarred_audio_filepaths': None, 'shuffle_n': 2048, 'bucketing_strategy': 'synced_randomized', 'bucketing_batch_size': None, 'return_sample_id': False, 'drop_last': False, 'asr_repo': 'whisper', 'shuffle': False, 'manifest_filepath': 'logs/en/ac/train/binary/b7/version_7/data/en/train_subset/test_sc.txt'}
2024-05-14 13:39:24,110 - progress - INFO - 	Batch size: 8
2024-05-14 13:39:24,147 - progress - INFO - Creating dataloader for logs/en/ac/train/binary/b7/version_7/data/en/train_subset/test_sg.txt
2024-05-14 13:39:24,149 - progress - INFO - 	Dataloader config: {'sample_rate': 16000, 'batch_size': 8, 'num_workers': 10, 'pin_memory': True, 'use_start_end_token': False, 'trim_silence': False, 'is_tarred': False, 'tarred_audio_filepaths': None, 'shuffle_n': 2048, 'bucketing_strategy': 'synced_randomized', 'bucketing_batch_size': None, 'return_sample_id': False, 'drop_last': False, 'asr_repo': 'whisper', 'shuffle': False, 'manifest_filepath': 'logs/en/ac/train/binary/b7/version_7/data/en/train_subset/test_sg.txt'}
2024-05-14 13:39:24,151 - progress - INFO - 	Batch size: 8
2024-05-14 13:39:24,289 - progress - INFO - Creating dataloader for logs/en/ac/train/binary/b7/version_7/data/en/train_subset/test_za.txt
2024-05-14 13:39:24,290 - progress - INFO - 	Dataloader config: {'sample_rate': 16000, 'batch_size': 8, 'num_workers': 10, 'pin_memory': True, 'use_start_end_token': False, 'trim_silence': False, 'is_tarred': False, 'tarred_audio_filepaths': None, 'shuffle_n': 2048, 'bucketing_strategy': 'synced_randomized', 'bucketing_batch_size': None, 'return_sample_id': False, 'drop_last': False, 'asr_repo': 'whisper', 'shuffle': False, 'manifest_filepath': 'logs/en/ac/train/binary/b7/version_7/data/en/train_subset/test_za.txt'}
2024-05-14 13:39:24,291 - progress - INFO - 	Batch size: 8
