2024-06-19 16:54:28,120 - progress - INFO - Creating dataloader for logs/en/ensemble/train/binary/b7/DAT/version_83/data/en/train_subset/test_us.txt
2024-06-19 16:54:28,121 - progress - INFO - 	Dataloader config: {'sample_rate': 16000, 'batch_size': 8, 'num_workers': 10, 'pin_memory': True, 'use_start_end_token': False, 'trim_silence': False, 'is_tarred': False, 'tarred_audio_filepaths': None, 'shuffle_n': 2048, 'bucketing_strategy': 'synced_randomized', 'bucketing_batch_size': None, 'return_sample_id': False, 'drop_last': False, 'asr_repo': 'whisper', 'shuffle': False, 'manifest_filepath': 'logs/en/ensemble/train/binary/b7/DAT/version_83/data/en/train_subset/test_us.txt'}
2024-06-19 16:54:28,122 - progress - INFO - 	Batch size: 8
2024-06-19 16:54:28,341 - progress - INFO - Creating dataloader for logs/en/ensemble/train/binary/b7/DAT/version_83/data/en/train_subset/test_ca.txt
2024-06-19 16:54:28,342 - progress - INFO - 	Dataloader config: {'sample_rate': 16000, 'batch_size': 8, 'num_workers': 10, 'pin_memory': True, 'use_start_end_token': False, 'trim_silence': False, 'is_tarred': False, 'tarred_audio_filepaths': None, 'shuffle_n': 2048, 'bucketing_strategy': 'synced_randomized', 'bucketing_batch_size': None, 'return_sample_id': False, 'drop_last': False, 'asr_repo': 'whisper', 'shuffle': False, 'manifest_filepath': 'logs/en/ensemble/train/binary/b7/DAT/version_83/data/en/train_subset/test_ca.txt'}
2024-06-19 16:54:28,342 - progress - INFO - 	Batch size: 8
2024-06-19 16:54:28,345 - progress - INFO - Creating dataloader for logs/en/ensemble/train/binary/b7/DAT/version_83/data/en/train_subset/test_uk.txt
2024-06-19 16:54:28,346 - progress - INFO - 	Dataloader config: {'sample_rate': 16000, 'batch_size': 8, 'num_workers': 10, 'pin_memory': True, 'use_start_end_token': False, 'trim_silence': False, 'is_tarred': False, 'tarred_audio_filepaths': None, 'shuffle_n': 2048, 'bucketing_strategy': 'synced_randomized', 'bucketing_batch_size': None, 'return_sample_id': False, 'drop_last': False, 'asr_repo': 'whisper', 'shuffle': False, 'manifest_filepath': 'logs/en/ensemble/train/binary/b7/DAT/version_83/data/en/train_subset/test_uk.txt'}
2024-06-19 16:54:28,347 - progress - INFO - 	Batch size: 8
2024-06-19 16:54:28,350 - progress - INFO - Creating dataloader for logs/en/ensemble/train/binary/b7/DAT/version_83/data/en/train_subset/test_in.txt
2024-06-19 16:54:28,351 - progress - INFO - 	Dataloader config: {'sample_rate': 16000, 'batch_size': 8, 'num_workers': 10, 'pin_memory': True, 'use_start_end_token': False, 'trim_silence': False, 'is_tarred': False, 'tarred_audio_filepaths': None, 'shuffle_n': 2048, 'bucketing_strategy': 'synced_randomized', 'bucketing_batch_size': None, 'return_sample_id': False, 'drop_last': False, 'asr_repo': 'whisper', 'shuffle': False, 'manifest_filepath': 'logs/en/ensemble/train/binary/b7/DAT/version_83/data/en/train_subset/test_in.txt'}
2024-06-19 16:54:28,352 - progress - INFO - 	Batch size: 8
2024-06-19 16:54:28,356 - progress - INFO - Creating dataloader for logs/en/ensemble/train/binary/b7/DAT/version_83/data/en/train_subset/test_de.txt
2024-06-19 16:54:28,356 - progress - INFO - 	Dataloader config: {'sample_rate': 16000, 'batch_size': 8, 'num_workers': 10, 'pin_memory': True, 'use_start_end_token': False, 'trim_silence': False, 'is_tarred': False, 'tarred_audio_filepaths': None, 'shuffle_n': 2048, 'bucketing_strategy': 'synced_randomized', 'bucketing_batch_size': None, 'return_sample_id': False, 'drop_last': False, 'asr_repo': 'whisper', 'shuffle': False, 'manifest_filepath': 'logs/en/ensemble/train/binary/b7/DAT/version_83/data/en/train_subset/test_de.txt'}
2024-06-19 16:54:28,357 - progress - INFO - 	Batch size: 8
2024-06-19 16:54:28,360 - progress - INFO - Creating dataloader for logs/en/ensemble/train/binary/b7/DAT/version_83/data/en/train_subset/test_au.txt
2024-06-19 16:54:28,361 - progress - INFO - 	Dataloader config: {'sample_rate': 16000, 'batch_size': 8, 'num_workers': 10, 'pin_memory': True, 'use_start_end_token': False, 'trim_silence': False, 'is_tarred': False, 'tarred_audio_filepaths': None, 'shuffle_n': 2048, 'bucketing_strategy': 'synced_randomized', 'bucketing_batch_size': None, 'return_sample_id': False, 'drop_last': False, 'asr_repo': 'whisper', 'shuffle': False, 'manifest_filepath': 'logs/en/ensemble/train/binary/b7/DAT/version_83/data/en/train_subset/test_au.txt'}
2024-06-19 16:54:28,361 - progress - INFO - 	Batch size: 8
2024-06-19 16:54:28,364 - progress - INFO - Creating dataloader for logs/en/ensemble/train/binary/b7/DAT/version_83/data/en/train_subset/test_hk.txt
2024-06-19 16:54:28,365 - progress - INFO - 	Dataloader config: {'sample_rate': 16000, 'batch_size': 8, 'num_workers': 10, 'pin_memory': True, 'use_start_end_token': False, 'trim_silence': False, 'is_tarred': False, 'tarred_audio_filepaths': None, 'shuffle_n': 2048, 'bucketing_strategy': 'synced_randomized', 'bucketing_batch_size': None, 'return_sample_id': False, 'drop_last': False, 'asr_repo': 'whisper', 'shuffle': False, 'manifest_filepath': 'logs/en/ensemble/train/binary/b7/DAT/version_83/data/en/train_subset/test_hk.txt'}
2024-06-19 16:54:28,365 - progress - INFO - 	Batch size: 8
2024-06-19 16:54:28,368 - progress - INFO - Creating dataloader for logs/en/ensemble/train/binary/b7/DAT/version_83/data/en/train_subset/test_ie.txt
2024-06-19 16:54:28,368 - progress - INFO - 	Dataloader config: {'sample_rate': 16000, 'batch_size': 8, 'num_workers': 10, 'pin_memory': True, 'use_start_end_token': False, 'trim_silence': False, 'is_tarred': False, 'tarred_audio_filepaths': None, 'shuffle_n': 2048, 'bucketing_strategy': 'synced_randomized', 'bucketing_batch_size': None, 'return_sample_id': False, 'drop_last': False, 'asr_repo': 'whisper', 'shuffle': False, 'manifest_filepath': 'logs/en/ensemble/train/binary/b7/DAT/version_83/data/en/train_subset/test_ie.txt'}
2024-06-19 16:54:28,369 - progress - INFO - 	Batch size: 8
2024-06-19 16:54:28,371 - progress - INFO - Creating dataloader for logs/en/ensemble/train/binary/b7/DAT/version_83/data/en/train_subset/test_ni.txt
2024-06-19 16:54:28,372 - progress - INFO - 	Dataloader config: {'sample_rate': 16000, 'batch_size': 8, 'num_workers': 10, 'pin_memory': True, 'use_start_end_token': False, 'trim_silence': False, 'is_tarred': False, 'tarred_audio_filepaths': None, 'shuffle_n': 2048, 'bucketing_strategy': 'synced_randomized', 'bucketing_batch_size': None, 'return_sample_id': False, 'drop_last': False, 'asr_repo': 'whisper', 'shuffle': False, 'manifest_filepath': 'logs/en/ensemble/train/binary/b7/DAT/version_83/data/en/train_subset/test_ni.txt'}
2024-06-19 16:54:28,373 - progress - INFO - 	Batch size: 8
2024-06-19 16:54:28,375 - progress - INFO - Creating dataloader for logs/en/ensemble/train/binary/b7/DAT/version_83/data/en/train_subset/test_nz.txt
2024-06-19 16:54:28,376 - progress - INFO - 	Dataloader config: {'sample_rate': 16000, 'batch_size': 8, 'num_workers': 10, 'pin_memory': True, 'use_start_end_token': False, 'trim_silence': False, 'is_tarred': False, 'tarred_audio_filepaths': None, 'shuffle_n': 2048, 'bucketing_strategy': 'synced_randomized', 'bucketing_batch_size': None, 'return_sample_id': False, 'drop_last': False, 'asr_repo': 'whisper', 'shuffle': False, 'manifest_filepath': 'logs/en/ensemble/train/binary/b7/DAT/version_83/data/en/train_subset/test_nz.txt'}
2024-06-19 16:54:28,376 - progress - INFO - 	Batch size: 8
2024-06-19 16:54:28,379 - progress - INFO - Creating dataloader for logs/en/ensemble/train/binary/b7/DAT/version_83/data/en/train_subset/test_ph.txt
2024-06-19 16:54:28,379 - progress - INFO - 	Dataloader config: {'sample_rate': 16000, 'batch_size': 8, 'num_workers': 10, 'pin_memory': True, 'use_start_end_token': False, 'trim_silence': False, 'is_tarred': False, 'tarred_audio_filepaths': None, 'shuffle_n': 2048, 'bucketing_strategy': 'synced_randomized', 'bucketing_batch_size': None, 'return_sample_id': False, 'drop_last': False, 'asr_repo': 'whisper', 'shuffle': False, 'manifest_filepath': 'logs/en/ensemble/train/binary/b7/DAT/version_83/data/en/train_subset/test_ph.txt'}
2024-06-19 16:54:28,380 - progress - INFO - 	Batch size: 8
2024-06-19 16:54:28,383 - progress - INFO - Creating dataloader for logs/en/ensemble/train/binary/b7/DAT/version_83/data/en/train_subset/test_sc.txt
2024-06-19 16:54:28,383 - progress - INFO - 	Dataloader config: {'sample_rate': 16000, 'batch_size': 8, 'num_workers': 10, 'pin_memory': True, 'use_start_end_token': False, 'trim_silence': False, 'is_tarred': False, 'tarred_audio_filepaths': None, 'shuffle_n': 2048, 'bucketing_strategy': 'synced_randomized', 'bucketing_batch_size': None, 'return_sample_id': False, 'drop_last': False, 'asr_repo': 'whisper', 'shuffle': False, 'manifest_filepath': 'logs/en/ensemble/train/binary/b7/DAT/version_83/data/en/train_subset/test_sc.txt'}
2024-06-19 16:54:28,384 - progress - INFO - 	Batch size: 8
2024-06-19 16:54:28,387 - progress - INFO - Creating dataloader for logs/en/ensemble/train/binary/b7/DAT/version_83/data/en/train_subset/test_sg.txt
2024-06-19 16:54:28,387 - progress - INFO - 	Dataloader config: {'sample_rate': 16000, 'batch_size': 8, 'num_workers': 10, 'pin_memory': True, 'use_start_end_token': False, 'trim_silence': False, 'is_tarred': False, 'tarred_audio_filepaths': None, 'shuffle_n': 2048, 'bucketing_strategy': 'synced_randomized', 'bucketing_batch_size': None, 'return_sample_id': False, 'drop_last': False, 'asr_repo': 'whisper', 'shuffle': False, 'manifest_filepath': 'logs/en/ensemble/train/binary/b7/DAT/version_83/data/en/train_subset/test_sg.txt'}
2024-06-19 16:54:28,388 - progress - INFO - 	Batch size: 8
2024-06-19 16:54:28,390 - progress - INFO - Creating dataloader for logs/en/ensemble/train/binary/b7/DAT/version_83/data/en/train_subset/test_za.txt
2024-06-19 16:54:28,391 - progress - INFO - 	Dataloader config: {'sample_rate': 16000, 'batch_size': 8, 'num_workers': 10, 'pin_memory': True, 'use_start_end_token': False, 'trim_silence': False, 'is_tarred': False, 'tarred_audio_filepaths': None, 'shuffle_n': 2048, 'bucketing_strategy': 'synced_randomized', 'bucketing_batch_size': None, 'return_sample_id': False, 'drop_last': False, 'asr_repo': 'whisper', 'shuffle': False, 'manifest_filepath': 'logs/en/ensemble/train/binary/b7/DAT/version_83/data/en/train_subset/test_za.txt'}
2024-06-19 16:54:28,392 - progress - INFO - 	Batch size: 8
2024-06-19 17:03:16,461 - progress - INFO - Configuring optimizers
2024-06-19 17:03:16,479 - progress - INFO - Creating dataloader for ['logs/en/ensemble/train/binary/b7/DAT/version_83/data/en/train_subset/train_us.txt']
2024-06-19 17:03:16,480 - progress - INFO - 	Dataloader config: {'sample_rate': 16000, 'batch_size': 8, 'num_workers': 10, 'pin_memory': True, 'use_start_end_token': False, 'trim_silence': False, 'is_tarred': False, 'tarred_audio_filepaths': None, 'shuffle_n': 2048, 'bucketing_strategy': 'synced_randomized', 'bucketing_batch_size': None, 'return_sample_id': False, 'drop_last': False, 'asr_repo': 'whisper', 'shuffle': True, 'manifest_filepath': ['logs/en/ensemble/train/binary/b7/DAT/version_83/data/en/train_subset/train_us.txt']}
2024-06-19 17:03:16,481 - progress - INFO - 	Batch size: 8
2024-06-19 17:03:16,534 - progress - INFO - Creating dataloader for ['logs/en/ensemble/train/binary/b7/DAT/version_83/data/en/train_subset/train_ca.txt', 'logs/en/ensemble/train/binary/b7/DAT/version_83/data/en/train_subset/train_uk.txt', 'logs/en/ensemble/train/binary/b7/DAT/version_83/data/en/train_subset/train_in.txt', 'logs/en/ensemble/train/binary/b7/DAT/version_83/data/en/train_subset/train_de.txt', 'logs/en/ensemble/train/binary/b7/DAT/version_83/data/en/train_subset/train_au.txt']
2024-06-19 17:03:16,535 - progress - INFO - 	Dataloader config: {'sample_rate': 16000, 'batch_size': 8, 'num_workers': 10, 'pin_memory': True, 'use_start_end_token': False, 'trim_silence': False, 'is_tarred': False, 'tarred_audio_filepaths': None, 'shuffle_n': 2048, 'bucketing_strategy': 'synced_randomized', 'bucketing_batch_size': None, 'return_sample_id': False, 'drop_last': False, 'asr_repo': 'whisper', 'shuffle': True, 'manifest_filepath': ['logs/en/ensemble/train/binary/b7/DAT/version_83/data/en/train_subset/train_ca.txt', 'logs/en/ensemble/train/binary/b7/DAT/version_83/data/en/train_subset/train_uk.txt', 'logs/en/ensemble/train/binary/b7/DAT/version_83/data/en/train_subset/train_in.txt', 'logs/en/ensemble/train/binary/b7/DAT/version_83/data/en/train_subset/train_de.txt', 'logs/en/ensemble/train/binary/b7/DAT/version_83/data/en/train_subset/train_au.txt']}
2024-06-19 17:03:16,536 - progress - INFO - 	Batch size: 8
2024-06-19 17:03:16,702 - progress - INFO - Scheduler max. steps: 960
2024-06-19 17:03:16,715 - progress - INFO - Creating dataloader for ['logs/en/ensemble/train/binary/b7/DAT/version_83/data/en/train_subset/train_us.txt']
2024-06-19 17:03:16,716 - progress - INFO - 	Dataloader config: {'sample_rate': 16000, 'batch_size': 8, 'num_workers': 10, 'pin_memory': True, 'use_start_end_token': False, 'trim_silence': False, 'is_tarred': False, 'tarred_audio_filepaths': None, 'shuffle_n': 2048, 'bucketing_strategy': 'synced_randomized', 'bucketing_batch_size': None, 'return_sample_id': False, 'drop_last': False, 'asr_repo': 'whisper', 'shuffle': True, 'manifest_filepath': ['logs/en/ensemble/train/binary/b7/DAT/version_83/data/en/train_subset/train_us.txt']}
2024-06-19 17:03:16,717 - progress - INFO - 	Batch size: 8
2024-06-19 17:03:16,738 - progress - INFO - Creating dataloader for ['logs/en/ensemble/train/binary/b7/DAT/version_83/data/en/train_subset/train_ca.txt', 'logs/en/ensemble/train/binary/b7/DAT/version_83/data/en/train_subset/train_uk.txt', 'logs/en/ensemble/train/binary/b7/DAT/version_83/data/en/train_subset/train_in.txt', 'logs/en/ensemble/train/binary/b7/DAT/version_83/data/en/train_subset/train_de.txt', 'logs/en/ensemble/train/binary/b7/DAT/version_83/data/en/train_subset/train_au.txt']
2024-06-19 17:03:16,739 - progress - INFO - 	Dataloader config: {'sample_rate': 16000, 'batch_size': 8, 'num_workers': 10, 'pin_memory': True, 'use_start_end_token': False, 'trim_silence': False, 'is_tarred': False, 'tarred_audio_filepaths': None, 'shuffle_n': 2048, 'bucketing_strategy': 'synced_randomized', 'bucketing_batch_size': None, 'return_sample_id': False, 'drop_last': False, 'asr_repo': 'whisper', 'shuffle': True, 'manifest_filepath': ['logs/en/ensemble/train/binary/b7/DAT/version_83/data/en/train_subset/train_ca.txt', 'logs/en/ensemble/train/binary/b7/DAT/version_83/data/en/train_subset/train_uk.txt', 'logs/en/ensemble/train/binary/b7/DAT/version_83/data/en/train_subset/train_in.txt', 'logs/en/ensemble/train/binary/b7/DAT/version_83/data/en/train_subset/train_de.txt', 'logs/en/ensemble/train/binary/b7/DAT/version_83/data/en/train_subset/train_au.txt']}
2024-06-19 17:03:16,740 - progress - INFO - 	Batch size: 8
2024-06-19 17:03:16,767 - progress - INFO - Creating dataloader for logs/en/ensemble/train/binary/b7/DAT/version_83/data/en/train_subset/test_us.txt
2024-06-19 17:03:16,768 - progress - INFO - 	Dataloader config: {'sample_rate': 16000, 'batch_size': 8, 'num_workers': 10, 'pin_memory': True, 'use_start_end_token': False, 'trim_silence': False, 'is_tarred': False, 'tarred_audio_filepaths': None, 'shuffle_n': 2048, 'bucketing_strategy': 'synced_randomized', 'bucketing_batch_size': None, 'return_sample_id': False, 'drop_last': False, 'asr_repo': 'whisper', 'shuffle': False, 'manifest_filepath': 'logs/en/ensemble/train/binary/b7/DAT/version_83/data/en/train_subset/test_us.txt'}
2024-06-19 17:03:16,769 - progress - INFO - 	Batch size: 8
2024-06-19 17:03:16,776 - progress - INFO - Creating dataloader for logs/en/ensemble/train/binary/b7/DAT/version_83/data/en/train_subset/test_ca.txt
2024-06-19 17:03:16,777 - progress - INFO - 	Dataloader config: {'sample_rate': 16000, 'batch_size': 8, 'num_workers': 10, 'pin_memory': True, 'use_start_end_token': False, 'trim_silence': False, 'is_tarred': False, 'tarred_audio_filepaths': None, 'shuffle_n': 2048, 'bucketing_strategy': 'synced_randomized', 'bucketing_batch_size': None, 'return_sample_id': False, 'drop_last': False, 'asr_repo': 'whisper', 'shuffle': False, 'manifest_filepath': 'logs/en/ensemble/train/binary/b7/DAT/version_83/data/en/train_subset/test_ca.txt'}
2024-06-19 17:03:16,778 - progress - INFO - 	Batch size: 8
2024-06-19 17:03:16,781 - progress - INFO - Creating dataloader for logs/en/ensemble/train/binary/b7/DAT/version_83/data/en/train_subset/test_uk.txt
2024-06-19 17:03:16,782 - progress - INFO - 	Dataloader config: {'sample_rate': 16000, 'batch_size': 8, 'num_workers': 10, 'pin_memory': True, 'use_start_end_token': False, 'trim_silence': False, 'is_tarred': False, 'tarred_audio_filepaths': None, 'shuffle_n': 2048, 'bucketing_strategy': 'synced_randomized', 'bucketing_batch_size': None, 'return_sample_id': False, 'drop_last': False, 'asr_repo': 'whisper', 'shuffle': False, 'manifest_filepath': 'logs/en/ensemble/train/binary/b7/DAT/version_83/data/en/train_subset/test_uk.txt'}
2024-06-19 17:03:16,782 - progress - INFO - 	Batch size: 8
2024-06-19 17:03:16,786 - progress - INFO - Creating dataloader for logs/en/ensemble/train/binary/b7/DAT/version_83/data/en/train_subset/test_in.txt
2024-06-19 17:03:16,787 - progress - INFO - 	Dataloader config: {'sample_rate': 16000, 'batch_size': 8, 'num_workers': 10, 'pin_memory': True, 'use_start_end_token': False, 'trim_silence': False, 'is_tarred': False, 'tarred_audio_filepaths': None, 'shuffle_n': 2048, 'bucketing_strategy': 'synced_randomized', 'bucketing_batch_size': None, 'return_sample_id': False, 'drop_last': False, 'asr_repo': 'whisper', 'shuffle': False, 'manifest_filepath': 'logs/en/ensemble/train/binary/b7/DAT/version_83/data/en/train_subset/test_in.txt'}
2024-06-19 17:03:16,787 - progress - INFO - 	Batch size: 8
2024-06-19 17:03:16,791 - progress - INFO - Creating dataloader for logs/en/ensemble/train/binary/b7/DAT/version_83/data/en/train_subset/test_de.txt
2024-06-19 17:03:16,792 - progress - INFO - 	Dataloader config: {'sample_rate': 16000, 'batch_size': 8, 'num_workers': 10, 'pin_memory': True, 'use_start_end_token': False, 'trim_silence': False, 'is_tarred': False, 'tarred_audio_filepaths': None, 'shuffle_n': 2048, 'bucketing_strategy': 'synced_randomized', 'bucketing_batch_size': None, 'return_sample_id': False, 'drop_last': False, 'asr_repo': 'whisper', 'shuffle': False, 'manifest_filepath': 'logs/en/ensemble/train/binary/b7/DAT/version_83/data/en/train_subset/test_de.txt'}
2024-06-19 17:03:16,793 - progress - INFO - 	Batch size: 8
2024-06-19 17:03:16,796 - progress - INFO - Creating dataloader for logs/en/ensemble/train/binary/b7/DAT/version_83/data/en/train_subset/test_au.txt
2024-06-19 17:03:16,797 - progress - INFO - 	Dataloader config: {'sample_rate': 16000, 'batch_size': 8, 'num_workers': 10, 'pin_memory': True, 'use_start_end_token': False, 'trim_silence': False, 'is_tarred': False, 'tarred_audio_filepaths': None, 'shuffle_n': 2048, 'bucketing_strategy': 'synced_randomized', 'bucketing_batch_size': None, 'return_sample_id': False, 'drop_last': False, 'asr_repo': 'whisper', 'shuffle': False, 'manifest_filepath': 'logs/en/ensemble/train/binary/b7/DAT/version_83/data/en/train_subset/test_au.txt'}
2024-06-19 17:03:16,798 - progress - INFO - 	Batch size: 8
2024-06-19 17:03:16,801 - progress - INFO - Creating dataloader for logs/en/ensemble/train/binary/b7/DAT/version_83/data/en/train_subset/test_hk.txt
2024-06-19 17:03:16,801 - progress - INFO - 	Dataloader config: {'sample_rate': 16000, 'batch_size': 8, 'num_workers': 10, 'pin_memory': True, 'use_start_end_token': False, 'trim_silence': False, 'is_tarred': False, 'tarred_audio_filepaths': None, 'shuffle_n': 2048, 'bucketing_strategy': 'synced_randomized', 'bucketing_batch_size': None, 'return_sample_id': False, 'drop_last': False, 'asr_repo': 'whisper', 'shuffle': False, 'manifest_filepath': 'logs/en/ensemble/train/binary/b7/DAT/version_83/data/en/train_subset/test_hk.txt'}
2024-06-19 17:03:16,802 - progress - INFO - 	Batch size: 8
2024-06-19 17:03:16,804 - progress - INFO - Creating dataloader for logs/en/ensemble/train/binary/b7/DAT/version_83/data/en/train_subset/test_ie.txt
2024-06-19 17:03:16,805 - progress - INFO - 	Dataloader config: {'sample_rate': 16000, 'batch_size': 8, 'num_workers': 10, 'pin_memory': True, 'use_start_end_token': False, 'trim_silence': False, 'is_tarred': False, 'tarred_audio_filepaths': None, 'shuffle_n': 2048, 'bucketing_strategy': 'synced_randomized', 'bucketing_batch_size': None, 'return_sample_id': False, 'drop_last': False, 'asr_repo': 'whisper', 'shuffle': False, 'manifest_filepath': 'logs/en/ensemble/train/binary/b7/DAT/version_83/data/en/train_subset/test_ie.txt'}
2024-06-19 17:03:16,806 - progress - INFO - 	Batch size: 8
2024-06-19 17:03:16,809 - progress - INFO - Creating dataloader for logs/en/ensemble/train/binary/b7/DAT/version_83/data/en/train_subset/test_ni.txt
2024-06-19 17:03:16,809 - progress - INFO - 	Dataloader config: {'sample_rate': 16000, 'batch_size': 8, 'num_workers': 10, 'pin_memory': True, 'use_start_end_token': False, 'trim_silence': False, 'is_tarred': False, 'tarred_audio_filepaths': None, 'shuffle_n': 2048, 'bucketing_strategy': 'synced_randomized', 'bucketing_batch_size': None, 'return_sample_id': False, 'drop_last': False, 'asr_repo': 'whisper', 'shuffle': False, 'manifest_filepath': 'logs/en/ensemble/train/binary/b7/DAT/version_83/data/en/train_subset/test_ni.txt'}
2024-06-19 17:03:16,810 - progress - INFO - 	Batch size: 8
2024-06-19 17:03:16,812 - progress - INFO - Creating dataloader for logs/en/ensemble/train/binary/b7/DAT/version_83/data/en/train_subset/test_nz.txt
2024-06-19 17:03:16,813 - progress - INFO - 	Dataloader config: {'sample_rate': 16000, 'batch_size': 8, 'num_workers': 10, 'pin_memory': True, 'use_start_end_token': False, 'trim_silence': False, 'is_tarred': False, 'tarred_audio_filepaths': None, 'shuffle_n': 2048, 'bucketing_strategy': 'synced_randomized', 'bucketing_batch_size': None, 'return_sample_id': False, 'drop_last': False, 'asr_repo': 'whisper', 'shuffle': False, 'manifest_filepath': 'logs/en/ensemble/train/binary/b7/DAT/version_83/data/en/train_subset/test_nz.txt'}
2024-06-19 17:03:16,814 - progress - INFO - 	Batch size: 8
2024-06-19 17:03:16,816 - progress - INFO - Creating dataloader for logs/en/ensemble/train/binary/b7/DAT/version_83/data/en/train_subset/test_ph.txt
2024-06-19 17:03:16,818 - progress - INFO - 	Dataloader config: {'sample_rate': 16000, 'batch_size': 8, 'num_workers': 10, 'pin_memory': True, 'use_start_end_token': False, 'trim_silence': False, 'is_tarred': False, 'tarred_audio_filepaths': None, 'shuffle_n': 2048, 'bucketing_strategy': 'synced_randomized', 'bucketing_batch_size': None, 'return_sample_id': False, 'drop_last': False, 'asr_repo': 'whisper', 'shuffle': False, 'manifest_filepath': 'logs/en/ensemble/train/binary/b7/DAT/version_83/data/en/train_subset/test_ph.txt'}
2024-06-19 17:03:16,818 - progress - INFO - 	Batch size: 8
2024-06-19 17:03:16,821 - progress - INFO - Creating dataloader for logs/en/ensemble/train/binary/b7/DAT/version_83/data/en/train_subset/test_sc.txt
2024-06-19 17:03:16,822 - progress - INFO - 	Dataloader config: {'sample_rate': 16000, 'batch_size': 8, 'num_workers': 10, 'pin_memory': True, 'use_start_end_token': False, 'trim_silence': False, 'is_tarred': False, 'tarred_audio_filepaths': None, 'shuffle_n': 2048, 'bucketing_strategy': 'synced_randomized', 'bucketing_batch_size': None, 'return_sample_id': False, 'drop_last': False, 'asr_repo': 'whisper', 'shuffle': False, 'manifest_filepath': 'logs/en/ensemble/train/binary/b7/DAT/version_83/data/en/train_subset/test_sc.txt'}
2024-06-19 17:03:16,822 - progress - INFO - 	Batch size: 8
2024-06-19 17:03:16,826 - progress - INFO - Creating dataloader for logs/en/ensemble/train/binary/b7/DAT/version_83/data/en/train_subset/test_sg.txt
2024-06-19 17:03:16,827 - progress - INFO - 	Dataloader config: {'sample_rate': 16000, 'batch_size': 8, 'num_workers': 10, 'pin_memory': True, 'use_start_end_token': False, 'trim_silence': False, 'is_tarred': False, 'tarred_audio_filepaths': None, 'shuffle_n': 2048, 'bucketing_strategy': 'synced_randomized', 'bucketing_batch_size': None, 'return_sample_id': False, 'drop_last': False, 'asr_repo': 'whisper', 'shuffle': False, 'manifest_filepath': 'logs/en/ensemble/train/binary/b7/DAT/version_83/data/en/train_subset/test_sg.txt'}
2024-06-19 17:03:16,827 - progress - INFO - 	Batch size: 8
2024-06-19 17:03:16,829 - progress - INFO - Creating dataloader for logs/en/ensemble/train/binary/b7/DAT/version_83/data/en/train_subset/test_za.txt
2024-06-19 17:03:16,830 - progress - INFO - 	Dataloader config: {'sample_rate': 16000, 'batch_size': 8, 'num_workers': 10, 'pin_memory': True, 'use_start_end_token': False, 'trim_silence': False, 'is_tarred': False, 'tarred_audio_filepaths': None, 'shuffle_n': 2048, 'bucketing_strategy': 'synced_randomized', 'bucketing_batch_size': None, 'return_sample_id': False, 'drop_last': False, 'asr_repo': 'whisper', 'shuffle': False, 'manifest_filepath': 'logs/en/ensemble/train/binary/b7/DAT/version_83/data/en/train_subset/test_za.txt'}
2024-06-19 17:03:16,831 - progress - INFO - 	Batch size: 8
