2024-06-03 13:24:17,410 - progress - INFO - Creating dataloader for logs/en/ensemble/train/binary/b7/DAT/version_60/data/en/train_subset/test_us.txt
2024-06-03 13:24:17,411 - progress - INFO - 	Dataloader config: {'sample_rate': 16000, 'batch_size': 8, 'num_workers': 10, 'pin_memory': True, 'use_start_end_token': False, 'trim_silence': False, 'is_tarred': False, 'tarred_audio_filepaths': None, 'shuffle_n': 2048, 'bucketing_strategy': 'synced_randomized', 'bucketing_batch_size': None, 'return_sample_id': False, 'drop_last': False, 'asr_repo': 'whisper', 'shuffle': False, 'manifest_filepath': 'logs/en/ensemble/train/binary/b7/DAT/version_60/data/en/train_subset/test_us.txt'}
2024-06-03 13:24:17,412 - progress - INFO - 	Batch size: 8
2024-06-03 13:24:17,751 - progress - INFO - Creating dataloader for logs/en/ensemble/train/binary/b7/DAT/version_60/data/en/train_subset/test_ca.txt
2024-06-03 13:24:17,751 - progress - INFO - 	Dataloader config: {'sample_rate': 16000, 'batch_size': 8, 'num_workers': 10, 'pin_memory': True, 'use_start_end_token': False, 'trim_silence': False, 'is_tarred': False, 'tarred_audio_filepaths': None, 'shuffle_n': 2048, 'bucketing_strategy': 'synced_randomized', 'bucketing_batch_size': None, 'return_sample_id': False, 'drop_last': False, 'asr_repo': 'whisper', 'shuffle': False, 'manifest_filepath': 'logs/en/ensemble/train/binary/b7/DAT/version_60/data/en/train_subset/test_ca.txt'}
2024-06-03 13:24:17,752 - progress - INFO - 	Batch size: 8
2024-06-03 13:24:17,774 - progress - INFO - Creating dataloader for logs/en/ensemble/train/binary/b7/DAT/version_60/data/en/train_subset/test_uk.txt
2024-06-03 13:24:17,774 - progress - INFO - 	Dataloader config: {'sample_rate': 16000, 'batch_size': 8, 'num_workers': 10, 'pin_memory': True, 'use_start_end_token': False, 'trim_silence': False, 'is_tarred': False, 'tarred_audio_filepaths': None, 'shuffle_n': 2048, 'bucketing_strategy': 'synced_randomized', 'bucketing_batch_size': None, 'return_sample_id': False, 'drop_last': False, 'asr_repo': 'whisper', 'shuffle': False, 'manifest_filepath': 'logs/en/ensemble/train/binary/b7/DAT/version_60/data/en/train_subset/test_uk.txt'}
2024-06-03 13:24:17,775 - progress - INFO - 	Batch size: 8
2024-06-03 13:24:17,799 - progress - INFO - Creating dataloader for logs/en/ensemble/train/binary/b7/DAT/version_60/data/en/train_subset/test_in.txt
2024-06-03 13:24:17,800 - progress - INFO - 	Dataloader config: {'sample_rate': 16000, 'batch_size': 8, 'num_workers': 10, 'pin_memory': True, 'use_start_end_token': False, 'trim_silence': False, 'is_tarred': False, 'tarred_audio_filepaths': None, 'shuffle_n': 2048, 'bucketing_strategy': 'synced_randomized', 'bucketing_batch_size': None, 'return_sample_id': False, 'drop_last': False, 'asr_repo': 'whisper', 'shuffle': False, 'manifest_filepath': 'logs/en/ensemble/train/binary/b7/DAT/version_60/data/en/train_subset/test_in.txt'}
2024-06-03 13:24:17,801 - progress - INFO - 	Batch size: 8
2024-06-03 13:24:17,823 - progress - INFO - Creating dataloader for logs/en/ensemble/train/binary/b7/DAT/version_60/data/en/train_subset/test_de.txt
2024-06-03 13:24:17,824 - progress - INFO - 	Dataloader config: {'sample_rate': 16000, 'batch_size': 8, 'num_workers': 10, 'pin_memory': True, 'use_start_end_token': False, 'trim_silence': False, 'is_tarred': False, 'tarred_audio_filepaths': None, 'shuffle_n': 2048, 'bucketing_strategy': 'synced_randomized', 'bucketing_batch_size': None, 'return_sample_id': False, 'drop_last': False, 'asr_repo': 'whisper', 'shuffle': False, 'manifest_filepath': 'logs/en/ensemble/train/binary/b7/DAT/version_60/data/en/train_subset/test_de.txt'}
2024-06-03 13:24:17,825 - progress - INFO - 	Batch size: 8
2024-06-03 13:24:17,828 - progress - INFO - Creating dataloader for logs/en/ensemble/train/binary/b7/DAT/version_60/data/en/train_subset/test_au.txt
2024-06-03 13:24:17,829 - progress - INFO - 	Dataloader config: {'sample_rate': 16000, 'batch_size': 8, 'num_workers': 10, 'pin_memory': True, 'use_start_end_token': False, 'trim_silence': False, 'is_tarred': False, 'tarred_audio_filepaths': None, 'shuffle_n': 2048, 'bucketing_strategy': 'synced_randomized', 'bucketing_batch_size': None, 'return_sample_id': False, 'drop_last': False, 'asr_repo': 'whisper', 'shuffle': False, 'manifest_filepath': 'logs/en/ensemble/train/binary/b7/DAT/version_60/data/en/train_subset/test_au.txt'}
2024-06-03 13:24:17,830 - progress - INFO - 	Batch size: 8
2024-06-03 13:24:17,834 - progress - INFO - Creating dataloader for logs/en/ensemble/train/binary/b7/DAT/version_60/data/en/train_subset/test_hk.txt
2024-06-03 13:24:17,834 - progress - INFO - 	Dataloader config: {'sample_rate': 16000, 'batch_size': 8, 'num_workers': 10, 'pin_memory': True, 'use_start_end_token': False, 'trim_silence': False, 'is_tarred': False, 'tarred_audio_filepaths': None, 'shuffle_n': 2048, 'bucketing_strategy': 'synced_randomized', 'bucketing_batch_size': None, 'return_sample_id': False, 'drop_last': False, 'asr_repo': 'whisper', 'shuffle': False, 'manifest_filepath': 'logs/en/ensemble/train/binary/b7/DAT/version_60/data/en/train_subset/test_hk.txt'}
2024-06-03 13:24:17,835 - progress - INFO - 	Batch size: 8
2024-06-03 13:24:17,873 - progress - INFO - Creating dataloader for logs/en/ensemble/train/binary/b7/DAT/version_60/data/en/train_subset/test_ie.txt
2024-06-03 13:24:17,874 - progress - INFO - 	Dataloader config: {'sample_rate': 16000, 'batch_size': 8, 'num_workers': 10, 'pin_memory': True, 'use_start_end_token': False, 'trim_silence': False, 'is_tarred': False, 'tarred_audio_filepaths': None, 'shuffle_n': 2048, 'bucketing_strategy': 'synced_randomized', 'bucketing_batch_size': None, 'return_sample_id': False, 'drop_last': False, 'asr_repo': 'whisper', 'shuffle': False, 'manifest_filepath': 'logs/en/ensemble/train/binary/b7/DAT/version_60/data/en/train_subset/test_ie.txt'}
2024-06-03 13:24:17,874 - progress - INFO - 	Batch size: 8
2024-06-03 13:24:17,894 - progress - INFO - Creating dataloader for logs/en/ensemble/train/binary/b7/DAT/version_60/data/en/train_subset/test_ni.txt
2024-06-03 13:24:17,895 - progress - INFO - 	Dataloader config: {'sample_rate': 16000, 'batch_size': 8, 'num_workers': 10, 'pin_memory': True, 'use_start_end_token': False, 'trim_silence': False, 'is_tarred': False, 'tarred_audio_filepaths': None, 'shuffle_n': 2048, 'bucketing_strategy': 'synced_randomized', 'bucketing_batch_size': None, 'return_sample_id': False, 'drop_last': False, 'asr_repo': 'whisper', 'shuffle': False, 'manifest_filepath': 'logs/en/ensemble/train/binary/b7/DAT/version_60/data/en/train_subset/test_ni.txt'}
2024-06-03 13:24:17,896 - progress - INFO - 	Batch size: 8
2024-06-03 13:24:17,911 - progress - INFO - Creating dataloader for logs/en/ensemble/train/binary/b7/DAT/version_60/data/en/train_subset/test_nz.txt
2024-06-03 13:24:17,912 - progress - INFO - 	Dataloader config: {'sample_rate': 16000, 'batch_size': 8, 'num_workers': 10, 'pin_memory': True, 'use_start_end_token': False, 'trim_silence': False, 'is_tarred': False, 'tarred_audio_filepaths': None, 'shuffle_n': 2048, 'bucketing_strategy': 'synced_randomized', 'bucketing_batch_size': None, 'return_sample_id': False, 'drop_last': False, 'asr_repo': 'whisper', 'shuffle': False, 'manifest_filepath': 'logs/en/ensemble/train/binary/b7/DAT/version_60/data/en/train_subset/test_nz.txt'}
2024-06-03 13:24:17,913 - progress - INFO - 	Batch size: 8
2024-06-03 13:24:17,945 - progress - INFO - Creating dataloader for logs/en/ensemble/train/binary/b7/DAT/version_60/data/en/train_subset/test_ph.txt
2024-06-03 13:24:17,946 - progress - INFO - 	Dataloader config: {'sample_rate': 16000, 'batch_size': 8, 'num_workers': 10, 'pin_memory': True, 'use_start_end_token': False, 'trim_silence': False, 'is_tarred': False, 'tarred_audio_filepaths': None, 'shuffle_n': 2048, 'bucketing_strategy': 'synced_randomized', 'bucketing_batch_size': None, 'return_sample_id': False, 'drop_last': False, 'asr_repo': 'whisper', 'shuffle': False, 'manifest_filepath': 'logs/en/ensemble/train/binary/b7/DAT/version_60/data/en/train_subset/test_ph.txt'}
2024-06-03 13:24:17,947 - progress - INFO - 	Batch size: 8
2024-06-03 13:24:17,967 - progress - INFO - Creating dataloader for logs/en/ensemble/train/binary/b7/DAT/version_60/data/en/train_subset/test_sc.txt
2024-06-03 13:24:17,967 - progress - INFO - 	Dataloader config: {'sample_rate': 16000, 'batch_size': 8, 'num_workers': 10, 'pin_memory': True, 'use_start_end_token': False, 'trim_silence': False, 'is_tarred': False, 'tarred_audio_filepaths': None, 'shuffle_n': 2048, 'bucketing_strategy': 'synced_randomized', 'bucketing_batch_size': None, 'return_sample_id': False, 'drop_last': False, 'asr_repo': 'whisper', 'shuffle': False, 'manifest_filepath': 'logs/en/ensemble/train/binary/b7/DAT/version_60/data/en/train_subset/test_sc.txt'}
2024-06-03 13:24:17,968 - progress - INFO - 	Batch size: 8
2024-06-03 13:24:17,973 - progress - INFO - Creating dataloader for logs/en/ensemble/train/binary/b7/DAT/version_60/data/en/train_subset/test_sg.txt
2024-06-03 13:24:17,974 - progress - INFO - 	Dataloader config: {'sample_rate': 16000, 'batch_size': 8, 'num_workers': 10, 'pin_memory': True, 'use_start_end_token': False, 'trim_silence': False, 'is_tarred': False, 'tarred_audio_filepaths': None, 'shuffle_n': 2048, 'bucketing_strategy': 'synced_randomized', 'bucketing_batch_size': None, 'return_sample_id': False, 'drop_last': False, 'asr_repo': 'whisper', 'shuffle': False, 'manifest_filepath': 'logs/en/ensemble/train/binary/b7/DAT/version_60/data/en/train_subset/test_sg.txt'}
2024-06-03 13:24:17,975 - progress - INFO - 	Batch size: 8
2024-06-03 13:24:17,996 - progress - INFO - Creating dataloader for logs/en/ensemble/train/binary/b7/DAT/version_60/data/en/train_subset/test_za.txt
2024-06-03 13:24:17,997 - progress - INFO - 	Dataloader config: {'sample_rate': 16000, 'batch_size': 8, 'num_workers': 10, 'pin_memory': True, 'use_start_end_token': False, 'trim_silence': False, 'is_tarred': False, 'tarred_audio_filepaths': None, 'shuffle_n': 2048, 'bucketing_strategy': 'synced_randomized', 'bucketing_batch_size': None, 'return_sample_id': False, 'drop_last': False, 'asr_repo': 'whisper', 'shuffle': False, 'manifest_filepath': 'logs/en/ensemble/train/binary/b7/DAT/version_60/data/en/train_subset/test_za.txt'}
2024-06-03 13:24:17,997 - progress - INFO - 	Batch size: 8
2024-06-03 13:33:14,286 - progress - INFO - Configuring optimizers
2024-06-03 13:33:14,306 - progress - INFO - Creating dataloader for ['logs/en/ensemble/train/binary/b7/DAT/version_60/data/en/train_subset/train_us.txt']
2024-06-03 13:33:14,306 - progress - INFO - 	Dataloader config: {'sample_rate': 16000, 'batch_size': 8, 'num_workers': 10, 'pin_memory': True, 'use_start_end_token': False, 'trim_silence': False, 'is_tarred': False, 'tarred_audio_filepaths': None, 'shuffle_n': 2048, 'bucketing_strategy': 'synced_randomized', 'bucketing_batch_size': None, 'return_sample_id': False, 'drop_last': False, 'asr_repo': 'whisper', 'shuffle': True, 'manifest_filepath': ['logs/en/ensemble/train/binary/b7/DAT/version_60/data/en/train_subset/train_us.txt']}
2024-06-03 13:33:14,307 - progress - INFO - 	Batch size: 8
2024-06-03 13:33:14,403 - progress - INFO - Creating dataloader for ['logs/en/ensemble/train/binary/b7/DAT/version_60/data/en/train_subset/train_ca.txt', 'logs/en/ensemble/train/binary/b7/DAT/version_60/data/en/train_subset/train_uk.txt', 'logs/en/ensemble/train/binary/b7/DAT/version_60/data/en/train_subset/train_in.txt', 'logs/en/ensemble/train/binary/b7/DAT/version_60/data/en/train_subset/train_de.txt', 'logs/en/ensemble/train/binary/b7/DAT/version_60/data/en/train_subset/train_au.txt']
2024-06-03 13:33:14,403 - progress - INFO - 	Dataloader config: {'sample_rate': 16000, 'batch_size': 8, 'num_workers': 10, 'pin_memory': True, 'use_start_end_token': False, 'trim_silence': False, 'is_tarred': False, 'tarred_audio_filepaths': None, 'shuffle_n': 2048, 'bucketing_strategy': 'synced_randomized', 'bucketing_batch_size': None, 'return_sample_id': False, 'drop_last': False, 'asr_repo': 'whisper', 'shuffle': True, 'manifest_filepath': ['logs/en/ensemble/train/binary/b7/DAT/version_60/data/en/train_subset/train_ca.txt', 'logs/en/ensemble/train/binary/b7/DAT/version_60/data/en/train_subset/train_uk.txt', 'logs/en/ensemble/train/binary/b7/DAT/version_60/data/en/train_subset/train_in.txt', 'logs/en/ensemble/train/binary/b7/DAT/version_60/data/en/train_subset/train_de.txt', 'logs/en/ensemble/train/binary/b7/DAT/version_60/data/en/train_subset/train_au.txt']}
2024-06-03 13:33:14,404 - progress - INFO - 	Batch size: 8
2024-06-03 13:33:14,660 - progress - INFO - Scheduler max. steps: 1920
2024-06-03 13:33:14,673 - progress - INFO - Creating dataloader for ['logs/en/ensemble/train/binary/b7/DAT/version_60/data/en/train_subset/train_us.txt']
2024-06-03 13:33:14,674 - progress - INFO - 	Dataloader config: {'sample_rate': 16000, 'batch_size': 8, 'num_workers': 10, 'pin_memory': True, 'use_start_end_token': False, 'trim_silence': False, 'is_tarred': False, 'tarred_audio_filepaths': None, 'shuffle_n': 2048, 'bucketing_strategy': 'synced_randomized', 'bucketing_batch_size': None, 'return_sample_id': False, 'drop_last': False, 'asr_repo': 'whisper', 'shuffle': True, 'manifest_filepath': ['logs/en/ensemble/train/binary/b7/DAT/version_60/data/en/train_subset/train_us.txt']}
2024-06-03 13:33:14,675 - progress - INFO - 	Batch size: 8
2024-06-03 13:33:14,693 - progress - INFO - Creating dataloader for ['logs/en/ensemble/train/binary/b7/DAT/version_60/data/en/train_subset/train_ca.txt', 'logs/en/ensemble/train/binary/b7/DAT/version_60/data/en/train_subset/train_uk.txt', 'logs/en/ensemble/train/binary/b7/DAT/version_60/data/en/train_subset/train_in.txt', 'logs/en/ensemble/train/binary/b7/DAT/version_60/data/en/train_subset/train_de.txt', 'logs/en/ensemble/train/binary/b7/DAT/version_60/data/en/train_subset/train_au.txt']
2024-06-03 13:33:14,694 - progress - INFO - 	Dataloader config: {'sample_rate': 16000, 'batch_size': 8, 'num_workers': 10, 'pin_memory': True, 'use_start_end_token': False, 'trim_silence': False, 'is_tarred': False, 'tarred_audio_filepaths': None, 'shuffle_n': 2048, 'bucketing_strategy': 'synced_randomized', 'bucketing_batch_size': None, 'return_sample_id': False, 'drop_last': False, 'asr_repo': 'whisper', 'shuffle': True, 'manifest_filepath': ['logs/en/ensemble/train/binary/b7/DAT/version_60/data/en/train_subset/train_ca.txt', 'logs/en/ensemble/train/binary/b7/DAT/version_60/data/en/train_subset/train_uk.txt', 'logs/en/ensemble/train/binary/b7/DAT/version_60/data/en/train_subset/train_in.txt', 'logs/en/ensemble/train/binary/b7/DAT/version_60/data/en/train_subset/train_de.txt', 'logs/en/ensemble/train/binary/b7/DAT/version_60/data/en/train_subset/train_au.txt']}
2024-06-03 13:33:14,696 - progress - INFO - 	Batch size: 8
2024-06-03 13:33:14,728 - progress - INFO - Creating dataloader for logs/en/ensemble/train/binary/b7/DAT/version_60/data/en/train_subset/test_us.txt
2024-06-03 13:33:14,729 - progress - INFO - 	Dataloader config: {'sample_rate': 16000, 'batch_size': 8, 'num_workers': 10, 'pin_memory': True, 'use_start_end_token': False, 'trim_silence': False, 'is_tarred': False, 'tarred_audio_filepaths': None, 'shuffle_n': 2048, 'bucketing_strategy': 'synced_randomized', 'bucketing_batch_size': None, 'return_sample_id': False, 'drop_last': False, 'asr_repo': 'whisper', 'shuffle': False, 'manifest_filepath': 'logs/en/ensemble/train/binary/b7/DAT/version_60/data/en/train_subset/test_us.txt'}
2024-06-03 13:33:14,731 - progress - INFO - 	Batch size: 8
2024-06-03 13:33:14,739 - progress - INFO - Creating dataloader for logs/en/ensemble/train/binary/b7/DAT/version_60/data/en/train_subset/test_ca.txt
2024-06-03 13:33:14,740 - progress - INFO - 	Dataloader config: {'sample_rate': 16000, 'batch_size': 8, 'num_workers': 10, 'pin_memory': True, 'use_start_end_token': False, 'trim_silence': False, 'is_tarred': False, 'tarred_audio_filepaths': None, 'shuffle_n': 2048, 'bucketing_strategy': 'synced_randomized', 'bucketing_batch_size': None, 'return_sample_id': False, 'drop_last': False, 'asr_repo': 'whisper', 'shuffle': False, 'manifest_filepath': 'logs/en/ensemble/train/binary/b7/DAT/version_60/data/en/train_subset/test_ca.txt'}
2024-06-03 13:33:14,741 - progress - INFO - 	Batch size: 8
2024-06-03 13:33:14,746 - progress - INFO - Creating dataloader for logs/en/ensemble/train/binary/b7/DAT/version_60/data/en/train_subset/test_uk.txt
2024-06-03 13:33:14,747 - progress - INFO - 	Dataloader config: {'sample_rate': 16000, 'batch_size': 8, 'num_workers': 10, 'pin_memory': True, 'use_start_end_token': False, 'trim_silence': False, 'is_tarred': False, 'tarred_audio_filepaths': None, 'shuffle_n': 2048, 'bucketing_strategy': 'synced_randomized', 'bucketing_batch_size': None, 'return_sample_id': False, 'drop_last': False, 'asr_repo': 'whisper', 'shuffle': False, 'manifest_filepath': 'logs/en/ensemble/train/binary/b7/DAT/version_60/data/en/train_subset/test_uk.txt'}
2024-06-03 13:33:14,749 - progress - INFO - 	Batch size: 8
2024-06-03 13:33:14,754 - progress - INFO - Creating dataloader for logs/en/ensemble/train/binary/b7/DAT/version_60/data/en/train_subset/test_in.txt
2024-06-03 13:33:14,755 - progress - INFO - 	Dataloader config: {'sample_rate': 16000, 'batch_size': 8, 'num_workers': 10, 'pin_memory': True, 'use_start_end_token': False, 'trim_silence': False, 'is_tarred': False, 'tarred_audio_filepaths': None, 'shuffle_n': 2048, 'bucketing_strategy': 'synced_randomized', 'bucketing_batch_size': None, 'return_sample_id': False, 'drop_last': False, 'asr_repo': 'whisper', 'shuffle': False, 'manifest_filepath': 'logs/en/ensemble/train/binary/b7/DAT/version_60/data/en/train_subset/test_in.txt'}
2024-06-03 13:33:14,757 - progress - INFO - 	Batch size: 8
2024-06-03 13:33:14,762 - progress - INFO - Creating dataloader for logs/en/ensemble/train/binary/b7/DAT/version_60/data/en/train_subset/test_de.txt
2024-06-03 13:33:14,764 - progress - INFO - 	Dataloader config: {'sample_rate': 16000, 'batch_size': 8, 'num_workers': 10, 'pin_memory': True, 'use_start_end_token': False, 'trim_silence': False, 'is_tarred': False, 'tarred_audio_filepaths': None, 'shuffle_n': 2048, 'bucketing_strategy': 'synced_randomized', 'bucketing_batch_size': None, 'return_sample_id': False, 'drop_last': False, 'asr_repo': 'whisper', 'shuffle': False, 'manifest_filepath': 'logs/en/ensemble/train/binary/b7/DAT/version_60/data/en/train_subset/test_de.txt'}
2024-06-03 13:33:14,765 - progress - INFO - 	Batch size: 8
2024-06-03 13:33:14,770 - progress - INFO - Creating dataloader for logs/en/ensemble/train/binary/b7/DAT/version_60/data/en/train_subset/test_au.txt
2024-06-03 13:33:14,772 - progress - INFO - 	Dataloader config: {'sample_rate': 16000, 'batch_size': 8, 'num_workers': 10, 'pin_memory': True, 'use_start_end_token': False, 'trim_silence': False, 'is_tarred': False, 'tarred_audio_filepaths': None, 'shuffle_n': 2048, 'bucketing_strategy': 'synced_randomized', 'bucketing_batch_size': None, 'return_sample_id': False, 'drop_last': False, 'asr_repo': 'whisper', 'shuffle': False, 'manifest_filepath': 'logs/en/ensemble/train/binary/b7/DAT/version_60/data/en/train_subset/test_au.txt'}
2024-06-03 13:33:14,773 - progress - INFO - 	Batch size: 8
2024-06-03 13:33:14,777 - progress - INFO - Creating dataloader for logs/en/ensemble/train/binary/b7/DAT/version_60/data/en/train_subset/test_hk.txt
2024-06-03 13:33:14,779 - progress - INFO - 	Dataloader config: {'sample_rate': 16000, 'batch_size': 8, 'num_workers': 10, 'pin_memory': True, 'use_start_end_token': False, 'trim_silence': False, 'is_tarred': False, 'tarred_audio_filepaths': None, 'shuffle_n': 2048, 'bucketing_strategy': 'synced_randomized', 'bucketing_batch_size': None, 'return_sample_id': False, 'drop_last': False, 'asr_repo': 'whisper', 'shuffle': False, 'manifest_filepath': 'logs/en/ensemble/train/binary/b7/DAT/version_60/data/en/train_subset/test_hk.txt'}
2024-06-03 13:33:14,780 - progress - INFO - 	Batch size: 8
2024-06-03 13:33:14,785 - progress - INFO - Creating dataloader for logs/en/ensemble/train/binary/b7/DAT/version_60/data/en/train_subset/test_ie.txt
2024-06-03 13:33:14,787 - progress - INFO - 	Dataloader config: {'sample_rate': 16000, 'batch_size': 8, 'num_workers': 10, 'pin_memory': True, 'use_start_end_token': False, 'trim_silence': False, 'is_tarred': False, 'tarred_audio_filepaths': None, 'shuffle_n': 2048, 'bucketing_strategy': 'synced_randomized', 'bucketing_batch_size': None, 'return_sample_id': False, 'drop_last': False, 'asr_repo': 'whisper', 'shuffle': False, 'manifest_filepath': 'logs/en/ensemble/train/binary/b7/DAT/version_60/data/en/train_subset/test_ie.txt'}
2024-06-03 13:33:14,789 - progress - INFO - 	Batch size: 8
2024-06-03 13:33:14,793 - progress - INFO - Creating dataloader for logs/en/ensemble/train/binary/b7/DAT/version_60/data/en/train_subset/test_ni.txt
2024-06-03 13:33:14,795 - progress - INFO - 	Dataloader config: {'sample_rate': 16000, 'batch_size': 8, 'num_workers': 10, 'pin_memory': True, 'use_start_end_token': False, 'trim_silence': False, 'is_tarred': False, 'tarred_audio_filepaths': None, 'shuffle_n': 2048, 'bucketing_strategy': 'synced_randomized', 'bucketing_batch_size': None, 'return_sample_id': False, 'drop_last': False, 'asr_repo': 'whisper', 'shuffle': False, 'manifest_filepath': 'logs/en/ensemble/train/binary/b7/DAT/version_60/data/en/train_subset/test_ni.txt'}
2024-06-03 13:33:14,796 - progress - INFO - 	Batch size: 8
2024-06-03 13:33:14,801 - progress - INFO - Creating dataloader for logs/en/ensemble/train/binary/b7/DAT/version_60/data/en/train_subset/test_nz.txt
2024-06-03 13:33:14,804 - progress - INFO - 	Dataloader config: {'sample_rate': 16000, 'batch_size': 8, 'num_workers': 10, 'pin_memory': True, 'use_start_end_token': False, 'trim_silence': False, 'is_tarred': False, 'tarred_audio_filepaths': None, 'shuffle_n': 2048, 'bucketing_strategy': 'synced_randomized', 'bucketing_batch_size': None, 'return_sample_id': False, 'drop_last': False, 'asr_repo': 'whisper', 'shuffle': False, 'manifest_filepath': 'logs/en/ensemble/train/binary/b7/DAT/version_60/data/en/train_subset/test_nz.txt'}
2024-06-03 13:33:14,805 - progress - INFO - 	Batch size: 8
2024-06-03 13:33:14,810 - progress - INFO - Creating dataloader for logs/en/ensemble/train/binary/b7/DAT/version_60/data/en/train_subset/test_ph.txt
2024-06-03 13:33:14,812 - progress - INFO - 	Dataloader config: {'sample_rate': 16000, 'batch_size': 8, 'num_workers': 10, 'pin_memory': True, 'use_start_end_token': False, 'trim_silence': False, 'is_tarred': False, 'tarred_audio_filepaths': None, 'shuffle_n': 2048, 'bucketing_strategy': 'synced_randomized', 'bucketing_batch_size': None, 'return_sample_id': False, 'drop_last': False, 'asr_repo': 'whisper', 'shuffle': False, 'manifest_filepath': 'logs/en/ensemble/train/binary/b7/DAT/version_60/data/en/train_subset/test_ph.txt'}
2024-06-03 13:33:14,814 - progress - INFO - 	Batch size: 8
2024-06-03 13:33:14,818 - progress - INFO - Creating dataloader for logs/en/ensemble/train/binary/b7/DAT/version_60/data/en/train_subset/test_sc.txt
2024-06-03 13:33:14,819 - progress - INFO - 	Dataloader config: {'sample_rate': 16000, 'batch_size': 8, 'num_workers': 10, 'pin_memory': True, 'use_start_end_token': False, 'trim_silence': False, 'is_tarred': False, 'tarred_audio_filepaths': None, 'shuffle_n': 2048, 'bucketing_strategy': 'synced_randomized', 'bucketing_batch_size': None, 'return_sample_id': False, 'drop_last': False, 'asr_repo': 'whisper', 'shuffle': False, 'manifest_filepath': 'logs/en/ensemble/train/binary/b7/DAT/version_60/data/en/train_subset/test_sc.txt'}
2024-06-03 13:33:14,821 - progress - INFO - 	Batch size: 8
2024-06-03 13:33:14,826 - progress - INFO - Creating dataloader for logs/en/ensemble/train/binary/b7/DAT/version_60/data/en/train_subset/test_sg.txt
2024-06-03 13:33:14,827 - progress - INFO - 	Dataloader config: {'sample_rate': 16000, 'batch_size': 8, 'num_workers': 10, 'pin_memory': True, 'use_start_end_token': False, 'trim_silence': False, 'is_tarred': False, 'tarred_audio_filepaths': None, 'shuffle_n': 2048, 'bucketing_strategy': 'synced_randomized', 'bucketing_batch_size': None, 'return_sample_id': False, 'drop_last': False, 'asr_repo': 'whisper', 'shuffle': False, 'manifest_filepath': 'logs/en/ensemble/train/binary/b7/DAT/version_60/data/en/train_subset/test_sg.txt'}
2024-06-03 13:33:14,829 - progress - INFO - 	Batch size: 8
2024-06-03 13:33:14,833 - progress - INFO - Creating dataloader for logs/en/ensemble/train/binary/b7/DAT/version_60/data/en/train_subset/test_za.txt
2024-06-03 13:33:14,834 - progress - INFO - 	Dataloader config: {'sample_rate': 16000, 'batch_size': 8, 'num_workers': 10, 'pin_memory': True, 'use_start_end_token': False, 'trim_silence': False, 'is_tarred': False, 'tarred_audio_filepaths': None, 'shuffle_n': 2048, 'bucketing_strategy': 'synced_randomized', 'bucketing_batch_size': None, 'return_sample_id': False, 'drop_last': False, 'asr_repo': 'whisper', 'shuffle': False, 'manifest_filepath': 'logs/en/ensemble/train/binary/b7/DAT/version_60/data/en/train_subset/test_za.txt'}
2024-06-03 13:33:14,836 - progress - INFO - 	Batch size: 8
