2024-06-17 16:58:41,820 - progress - INFO - Creating dataloader for logs/en/ensemble/train/binary/b7/DAT/version_80/data/en/train_subset/test_us.txt
2024-06-17 16:58:41,821 - progress - INFO - 	Dataloader config: {'sample_rate': 16000, 'batch_size': 8, 'num_workers': 10, 'pin_memory': True, 'use_start_end_token': False, 'trim_silence': False, 'is_tarred': False, 'tarred_audio_filepaths': None, 'shuffle_n': 2048, 'bucketing_strategy': 'synced_randomized', 'bucketing_batch_size': None, 'return_sample_id': False, 'drop_last': False, 'asr_repo': 'whisper', 'shuffle': False, 'manifest_filepath': 'logs/en/ensemble/train/binary/b7/DAT/version_80/data/en/train_subset/test_us.txt'}
2024-06-17 16:58:41,821 - progress - INFO - 	Batch size: 8
2024-06-17 16:58:42,036 - progress - INFO - Creating dataloader for logs/en/ensemble/train/binary/b7/DAT/version_80/data/en/train_subset/test_ca.txt
2024-06-17 16:58:42,037 - progress - INFO - 	Dataloader config: {'sample_rate': 16000, 'batch_size': 8, 'num_workers': 10, 'pin_memory': True, 'use_start_end_token': False, 'trim_silence': False, 'is_tarred': False, 'tarred_audio_filepaths': None, 'shuffle_n': 2048, 'bucketing_strategy': 'synced_randomized', 'bucketing_batch_size': None, 'return_sample_id': False, 'drop_last': False, 'asr_repo': 'whisper', 'shuffle': False, 'manifest_filepath': 'logs/en/ensemble/train/binary/b7/DAT/version_80/data/en/train_subset/test_ca.txt'}
2024-06-17 16:58:42,038 - progress - INFO - 	Batch size: 8
2024-06-17 16:58:42,041 - progress - INFO - Creating dataloader for logs/en/ensemble/train/binary/b7/DAT/version_80/data/en/train_subset/test_uk.txt
2024-06-17 16:58:42,041 - progress - INFO - 	Dataloader config: {'sample_rate': 16000, 'batch_size': 8, 'num_workers': 10, 'pin_memory': True, 'use_start_end_token': False, 'trim_silence': False, 'is_tarred': False, 'tarred_audio_filepaths': None, 'shuffle_n': 2048, 'bucketing_strategy': 'synced_randomized', 'bucketing_batch_size': None, 'return_sample_id': False, 'drop_last': False, 'asr_repo': 'whisper', 'shuffle': False, 'manifest_filepath': 'logs/en/ensemble/train/binary/b7/DAT/version_80/data/en/train_subset/test_uk.txt'}
2024-06-17 16:58:42,042 - progress - INFO - 	Batch size: 8
2024-06-17 16:58:42,045 - progress - INFO - Creating dataloader for logs/en/ensemble/train/binary/b7/DAT/version_80/data/en/train_subset/test_in.txt
2024-06-17 16:58:42,046 - progress - INFO - 	Dataloader config: {'sample_rate': 16000, 'batch_size': 8, 'num_workers': 10, 'pin_memory': True, 'use_start_end_token': False, 'trim_silence': False, 'is_tarred': False, 'tarred_audio_filepaths': None, 'shuffle_n': 2048, 'bucketing_strategy': 'synced_randomized', 'bucketing_batch_size': None, 'return_sample_id': False, 'drop_last': False, 'asr_repo': 'whisper', 'shuffle': False, 'manifest_filepath': 'logs/en/ensemble/train/binary/b7/DAT/version_80/data/en/train_subset/test_in.txt'}
2024-06-17 16:58:42,046 - progress - INFO - 	Batch size: 8
2024-06-17 16:58:42,049 - progress - INFO - Creating dataloader for logs/en/ensemble/train/binary/b7/DAT/version_80/data/en/train_subset/test_de.txt
2024-06-17 16:58:42,050 - progress - INFO - 	Dataloader config: {'sample_rate': 16000, 'batch_size': 8, 'num_workers': 10, 'pin_memory': True, 'use_start_end_token': False, 'trim_silence': False, 'is_tarred': False, 'tarred_audio_filepaths': None, 'shuffle_n': 2048, 'bucketing_strategy': 'synced_randomized', 'bucketing_batch_size': None, 'return_sample_id': False, 'drop_last': False, 'asr_repo': 'whisper', 'shuffle': False, 'manifest_filepath': 'logs/en/ensemble/train/binary/b7/DAT/version_80/data/en/train_subset/test_de.txt'}
2024-06-17 16:58:42,050 - progress - INFO - 	Batch size: 8
2024-06-17 16:58:42,053 - progress - INFO - Creating dataloader for logs/en/ensemble/train/binary/b7/DAT/version_80/data/en/train_subset/test_au.txt
2024-06-17 16:58:42,054 - progress - INFO - 	Dataloader config: {'sample_rate': 16000, 'batch_size': 8, 'num_workers': 10, 'pin_memory': True, 'use_start_end_token': False, 'trim_silence': False, 'is_tarred': False, 'tarred_audio_filepaths': None, 'shuffle_n': 2048, 'bucketing_strategy': 'synced_randomized', 'bucketing_batch_size': None, 'return_sample_id': False, 'drop_last': False, 'asr_repo': 'whisper', 'shuffle': False, 'manifest_filepath': 'logs/en/ensemble/train/binary/b7/DAT/version_80/data/en/train_subset/test_au.txt'}
2024-06-17 16:58:42,054 - progress - INFO - 	Batch size: 8
2024-06-17 16:58:42,056 - progress - INFO - Creating dataloader for logs/en/ensemble/train/binary/b7/DAT/version_80/data/en/train_subset/test_hk.txt
2024-06-17 16:58:42,057 - progress - INFO - 	Dataloader config: {'sample_rate': 16000, 'batch_size': 8, 'num_workers': 10, 'pin_memory': True, 'use_start_end_token': False, 'trim_silence': False, 'is_tarred': False, 'tarred_audio_filepaths': None, 'shuffle_n': 2048, 'bucketing_strategy': 'synced_randomized', 'bucketing_batch_size': None, 'return_sample_id': False, 'drop_last': False, 'asr_repo': 'whisper', 'shuffle': False, 'manifest_filepath': 'logs/en/ensemble/train/binary/b7/DAT/version_80/data/en/train_subset/test_hk.txt'}
2024-06-17 16:58:42,057 - progress - INFO - 	Batch size: 8
2024-06-17 16:58:42,059 - progress - INFO - Creating dataloader for logs/en/ensemble/train/binary/b7/DAT/version_80/data/en/train_subset/test_ie.txt
2024-06-17 16:58:42,060 - progress - INFO - 	Dataloader config: {'sample_rate': 16000, 'batch_size': 8, 'num_workers': 10, 'pin_memory': True, 'use_start_end_token': False, 'trim_silence': False, 'is_tarred': False, 'tarred_audio_filepaths': None, 'shuffle_n': 2048, 'bucketing_strategy': 'synced_randomized', 'bucketing_batch_size': None, 'return_sample_id': False, 'drop_last': False, 'asr_repo': 'whisper', 'shuffle': False, 'manifest_filepath': 'logs/en/ensemble/train/binary/b7/DAT/version_80/data/en/train_subset/test_ie.txt'}
2024-06-17 16:58:42,061 - progress - INFO - 	Batch size: 8
2024-06-17 16:58:42,063 - progress - INFO - Creating dataloader for logs/en/ensemble/train/binary/b7/DAT/version_80/data/en/train_subset/test_ni.txt
2024-06-17 16:58:42,064 - progress - INFO - 	Dataloader config: {'sample_rate': 16000, 'batch_size': 8, 'num_workers': 10, 'pin_memory': True, 'use_start_end_token': False, 'trim_silence': False, 'is_tarred': False, 'tarred_audio_filepaths': None, 'shuffle_n': 2048, 'bucketing_strategy': 'synced_randomized', 'bucketing_batch_size': None, 'return_sample_id': False, 'drop_last': False, 'asr_repo': 'whisper', 'shuffle': False, 'manifest_filepath': 'logs/en/ensemble/train/binary/b7/DAT/version_80/data/en/train_subset/test_ni.txt'}
2024-06-17 16:58:42,064 - progress - INFO - 	Batch size: 8
2024-06-17 16:58:42,066 - progress - INFO - Creating dataloader for logs/en/ensemble/train/binary/b7/DAT/version_80/data/en/train_subset/test_nz.txt
2024-06-17 16:58:42,067 - progress - INFO - 	Dataloader config: {'sample_rate': 16000, 'batch_size': 8, 'num_workers': 10, 'pin_memory': True, 'use_start_end_token': False, 'trim_silence': False, 'is_tarred': False, 'tarred_audio_filepaths': None, 'shuffle_n': 2048, 'bucketing_strategy': 'synced_randomized', 'bucketing_batch_size': None, 'return_sample_id': False, 'drop_last': False, 'asr_repo': 'whisper', 'shuffle': False, 'manifest_filepath': 'logs/en/ensemble/train/binary/b7/DAT/version_80/data/en/train_subset/test_nz.txt'}
2024-06-17 16:58:42,068 - progress - INFO - 	Batch size: 8
2024-06-17 16:58:42,070 - progress - INFO - Creating dataloader for logs/en/ensemble/train/binary/b7/DAT/version_80/data/en/train_subset/test_ph.txt
2024-06-17 16:58:42,070 - progress - INFO - 	Dataloader config: {'sample_rate': 16000, 'batch_size': 8, 'num_workers': 10, 'pin_memory': True, 'use_start_end_token': False, 'trim_silence': False, 'is_tarred': False, 'tarred_audio_filepaths': None, 'shuffle_n': 2048, 'bucketing_strategy': 'synced_randomized', 'bucketing_batch_size': None, 'return_sample_id': False, 'drop_last': False, 'asr_repo': 'whisper', 'shuffle': False, 'manifest_filepath': 'logs/en/ensemble/train/binary/b7/DAT/version_80/data/en/train_subset/test_ph.txt'}
2024-06-17 16:58:42,071 - progress - INFO - 	Batch size: 8
2024-06-17 16:58:42,073 - progress - INFO - Creating dataloader for logs/en/ensemble/train/binary/b7/DAT/version_80/data/en/train_subset/test_sc.txt
2024-06-17 16:58:42,074 - progress - INFO - 	Dataloader config: {'sample_rate': 16000, 'batch_size': 8, 'num_workers': 10, 'pin_memory': True, 'use_start_end_token': False, 'trim_silence': False, 'is_tarred': False, 'tarred_audio_filepaths': None, 'shuffle_n': 2048, 'bucketing_strategy': 'synced_randomized', 'bucketing_batch_size': None, 'return_sample_id': False, 'drop_last': False, 'asr_repo': 'whisper', 'shuffle': False, 'manifest_filepath': 'logs/en/ensemble/train/binary/b7/DAT/version_80/data/en/train_subset/test_sc.txt'}
2024-06-17 16:58:42,074 - progress - INFO - 	Batch size: 8
2024-06-17 16:58:42,077 - progress - INFO - Creating dataloader for logs/en/ensemble/train/binary/b7/DAT/version_80/data/en/train_subset/test_sg.txt
2024-06-17 16:58:42,078 - progress - INFO - 	Dataloader config: {'sample_rate': 16000, 'batch_size': 8, 'num_workers': 10, 'pin_memory': True, 'use_start_end_token': False, 'trim_silence': False, 'is_tarred': False, 'tarred_audio_filepaths': None, 'shuffle_n': 2048, 'bucketing_strategy': 'synced_randomized', 'bucketing_batch_size': None, 'return_sample_id': False, 'drop_last': False, 'asr_repo': 'whisper', 'shuffle': False, 'manifest_filepath': 'logs/en/ensemble/train/binary/b7/DAT/version_80/data/en/train_subset/test_sg.txt'}
2024-06-17 16:58:42,079 - progress - INFO - 	Batch size: 8
2024-06-17 16:58:42,081 - progress - INFO - Creating dataloader for logs/en/ensemble/train/binary/b7/DAT/version_80/data/en/train_subset/test_za.txt
2024-06-17 16:58:42,081 - progress - INFO - 	Dataloader config: {'sample_rate': 16000, 'batch_size': 8, 'num_workers': 10, 'pin_memory': True, 'use_start_end_token': False, 'trim_silence': False, 'is_tarred': False, 'tarred_audio_filepaths': None, 'shuffle_n': 2048, 'bucketing_strategy': 'synced_randomized', 'bucketing_batch_size': None, 'return_sample_id': False, 'drop_last': False, 'asr_repo': 'whisper', 'shuffle': False, 'manifest_filepath': 'logs/en/ensemble/train/binary/b7/DAT/version_80/data/en/train_subset/test_za.txt'}
2024-06-17 16:58:42,082 - progress - INFO - 	Batch size: 8
2024-06-17 17:07:20,481 - progress - INFO - Configuring optimizers
2024-06-17 17:07:20,485 - progress - INFO - Creating dataloader for ['logs/en/ensemble/train/binary/b7/DAT/version_80/data/en/train_subset/train_us.txt']
2024-06-17 17:07:20,486 - progress - INFO - 	Dataloader config: {'sample_rate': 16000, 'batch_size': 8, 'num_workers': 10, 'pin_memory': True, 'use_start_end_token': False, 'trim_silence': False, 'is_tarred': False, 'tarred_audio_filepaths': None, 'shuffle_n': 2048, 'bucketing_strategy': 'synced_randomized', 'bucketing_batch_size': None, 'return_sample_id': False, 'drop_last': False, 'asr_repo': 'whisper', 'shuffle': True, 'manifest_filepath': ['logs/en/ensemble/train/binary/b7/DAT/version_80/data/en/train_subset/train_us.txt']}
2024-06-17 17:07:20,487 - progress - INFO - 	Batch size: 8
2024-06-17 17:07:20,618 - progress - INFO - Creating dataloader for ['logs/en/ensemble/train/binary/b7/DAT/version_80/data/en/train_subset/train_ca.txt', 'logs/en/ensemble/train/binary/b7/DAT/version_80/data/en/train_subset/train_uk.txt', 'logs/en/ensemble/train/binary/b7/DAT/version_80/data/en/train_subset/train_in.txt', 'logs/en/ensemble/train/binary/b7/DAT/version_80/data/en/train_subset/train_de.txt', 'logs/en/ensemble/train/binary/b7/DAT/version_80/data/en/train_subset/train_au.txt']
2024-06-17 17:07:20,619 - progress - INFO - 	Dataloader config: {'sample_rate': 16000, 'batch_size': 8, 'num_workers': 10, 'pin_memory': True, 'use_start_end_token': False, 'trim_silence': False, 'is_tarred': False, 'tarred_audio_filepaths': None, 'shuffle_n': 2048, 'bucketing_strategy': 'synced_randomized', 'bucketing_batch_size': None, 'return_sample_id': False, 'drop_last': False, 'asr_repo': 'whisper', 'shuffle': True, 'manifest_filepath': ['logs/en/ensemble/train/binary/b7/DAT/version_80/data/en/train_subset/train_ca.txt', 'logs/en/ensemble/train/binary/b7/DAT/version_80/data/en/train_subset/train_uk.txt', 'logs/en/ensemble/train/binary/b7/DAT/version_80/data/en/train_subset/train_in.txt', 'logs/en/ensemble/train/binary/b7/DAT/version_80/data/en/train_subset/train_de.txt', 'logs/en/ensemble/train/binary/b7/DAT/version_80/data/en/train_subset/train_au.txt']}
2024-06-17 17:07:20,620 - progress - INFO - 	Batch size: 8
2024-06-17 17:07:20,782 - progress - INFO - Scheduler max. steps: 960
2024-06-17 17:07:20,793 - progress - INFO - Creating dataloader for ['logs/en/ensemble/train/binary/b7/DAT/version_80/data/en/train_subset/train_us.txt']
2024-06-17 17:07:20,794 - progress - INFO - 	Dataloader config: {'sample_rate': 16000, 'batch_size': 8, 'num_workers': 10, 'pin_memory': True, 'use_start_end_token': False, 'trim_silence': False, 'is_tarred': False, 'tarred_audio_filepaths': None, 'shuffle_n': 2048, 'bucketing_strategy': 'synced_randomized', 'bucketing_batch_size': None, 'return_sample_id': False, 'drop_last': False, 'asr_repo': 'whisper', 'shuffle': True, 'manifest_filepath': ['logs/en/ensemble/train/binary/b7/DAT/version_80/data/en/train_subset/train_us.txt']}
2024-06-17 17:07:20,794 - progress - INFO - 	Batch size: 8
2024-06-17 17:07:20,812 - progress - INFO - Creating dataloader for ['logs/en/ensemble/train/binary/b7/DAT/version_80/data/en/train_subset/train_ca.txt', 'logs/en/ensemble/train/binary/b7/DAT/version_80/data/en/train_subset/train_uk.txt', 'logs/en/ensemble/train/binary/b7/DAT/version_80/data/en/train_subset/train_in.txt', 'logs/en/ensemble/train/binary/b7/DAT/version_80/data/en/train_subset/train_de.txt', 'logs/en/ensemble/train/binary/b7/DAT/version_80/data/en/train_subset/train_au.txt']
2024-06-17 17:07:20,813 - progress - INFO - 	Dataloader config: {'sample_rate': 16000, 'batch_size': 8, 'num_workers': 10, 'pin_memory': True, 'use_start_end_token': False, 'trim_silence': False, 'is_tarred': False, 'tarred_audio_filepaths': None, 'shuffle_n': 2048, 'bucketing_strategy': 'synced_randomized', 'bucketing_batch_size': None, 'return_sample_id': False, 'drop_last': False, 'asr_repo': 'whisper', 'shuffle': True, 'manifest_filepath': ['logs/en/ensemble/train/binary/b7/DAT/version_80/data/en/train_subset/train_ca.txt', 'logs/en/ensemble/train/binary/b7/DAT/version_80/data/en/train_subset/train_uk.txt', 'logs/en/ensemble/train/binary/b7/DAT/version_80/data/en/train_subset/train_in.txt', 'logs/en/ensemble/train/binary/b7/DAT/version_80/data/en/train_subset/train_de.txt', 'logs/en/ensemble/train/binary/b7/DAT/version_80/data/en/train_subset/train_au.txt']}
2024-06-17 17:07:20,814 - progress - INFO - 	Batch size: 8
2024-06-17 17:07:20,836 - progress - INFO - Creating dataloader for logs/en/ensemble/train/binary/b7/DAT/version_80/data/en/train_subset/test_us.txt
2024-06-17 17:07:20,836 - progress - INFO - 	Dataloader config: {'sample_rate': 16000, 'batch_size': 8, 'num_workers': 10, 'pin_memory': True, 'use_start_end_token': False, 'trim_silence': False, 'is_tarred': False, 'tarred_audio_filepaths': None, 'shuffle_n': 2048, 'bucketing_strategy': 'synced_randomized', 'bucketing_batch_size': None, 'return_sample_id': False, 'drop_last': False, 'asr_repo': 'whisper', 'shuffle': False, 'manifest_filepath': 'logs/en/ensemble/train/binary/b7/DAT/version_80/data/en/train_subset/test_us.txt'}
2024-06-17 17:07:20,837 - progress - INFO - 	Batch size: 8
2024-06-17 17:07:20,843 - progress - INFO - Creating dataloader for logs/en/ensemble/train/binary/b7/DAT/version_80/data/en/train_subset/test_ca.txt
2024-06-17 17:07:20,844 - progress - INFO - 	Dataloader config: {'sample_rate': 16000, 'batch_size': 8, 'num_workers': 10, 'pin_memory': True, 'use_start_end_token': False, 'trim_silence': False, 'is_tarred': False, 'tarred_audio_filepaths': None, 'shuffle_n': 2048, 'bucketing_strategy': 'synced_randomized', 'bucketing_batch_size': None, 'return_sample_id': False, 'drop_last': False, 'asr_repo': 'whisper', 'shuffle': False, 'manifest_filepath': 'logs/en/ensemble/train/binary/b7/DAT/version_80/data/en/train_subset/test_ca.txt'}
2024-06-17 17:07:20,845 - progress - INFO - 	Batch size: 8
2024-06-17 17:07:20,847 - progress - INFO - Creating dataloader for logs/en/ensemble/train/binary/b7/DAT/version_80/data/en/train_subset/test_uk.txt
2024-06-17 17:07:20,848 - progress - INFO - 	Dataloader config: {'sample_rate': 16000, 'batch_size': 8, 'num_workers': 10, 'pin_memory': True, 'use_start_end_token': False, 'trim_silence': False, 'is_tarred': False, 'tarred_audio_filepaths': None, 'shuffle_n': 2048, 'bucketing_strategy': 'synced_randomized', 'bucketing_batch_size': None, 'return_sample_id': False, 'drop_last': False, 'asr_repo': 'whisper', 'shuffle': False, 'manifest_filepath': 'logs/en/ensemble/train/binary/b7/DAT/version_80/data/en/train_subset/test_uk.txt'}
2024-06-17 17:07:20,848 - progress - INFO - 	Batch size: 8
2024-06-17 17:07:20,852 - progress - INFO - Creating dataloader for logs/en/ensemble/train/binary/b7/DAT/version_80/data/en/train_subset/test_in.txt
2024-06-17 17:07:20,852 - progress - INFO - 	Dataloader config: {'sample_rate': 16000, 'batch_size': 8, 'num_workers': 10, 'pin_memory': True, 'use_start_end_token': False, 'trim_silence': False, 'is_tarred': False, 'tarred_audio_filepaths': None, 'shuffle_n': 2048, 'bucketing_strategy': 'synced_randomized', 'bucketing_batch_size': None, 'return_sample_id': False, 'drop_last': False, 'asr_repo': 'whisper', 'shuffle': False, 'manifest_filepath': 'logs/en/ensemble/train/binary/b7/DAT/version_80/data/en/train_subset/test_in.txt'}
2024-06-17 17:07:20,853 - progress - INFO - 	Batch size: 8
2024-06-17 17:07:20,855 - progress - INFO - Creating dataloader for logs/en/ensemble/train/binary/b7/DAT/version_80/data/en/train_subset/test_de.txt
2024-06-17 17:07:20,856 - progress - INFO - 	Dataloader config: {'sample_rate': 16000, 'batch_size': 8, 'num_workers': 10, 'pin_memory': True, 'use_start_end_token': False, 'trim_silence': False, 'is_tarred': False, 'tarred_audio_filepaths': None, 'shuffle_n': 2048, 'bucketing_strategy': 'synced_randomized', 'bucketing_batch_size': None, 'return_sample_id': False, 'drop_last': False, 'asr_repo': 'whisper', 'shuffle': False, 'manifest_filepath': 'logs/en/ensemble/train/binary/b7/DAT/version_80/data/en/train_subset/test_de.txt'}
2024-06-17 17:07:20,857 - progress - INFO - 	Batch size: 8
2024-06-17 17:07:20,859 - progress - INFO - Creating dataloader for logs/en/ensemble/train/binary/b7/DAT/version_80/data/en/train_subset/test_au.txt
2024-06-17 17:07:20,860 - progress - INFO - 	Dataloader config: {'sample_rate': 16000, 'batch_size': 8, 'num_workers': 10, 'pin_memory': True, 'use_start_end_token': False, 'trim_silence': False, 'is_tarred': False, 'tarred_audio_filepaths': None, 'shuffle_n': 2048, 'bucketing_strategy': 'synced_randomized', 'bucketing_batch_size': None, 'return_sample_id': False, 'drop_last': False, 'asr_repo': 'whisper', 'shuffle': False, 'manifest_filepath': 'logs/en/ensemble/train/binary/b7/DAT/version_80/data/en/train_subset/test_au.txt'}
2024-06-17 17:07:20,861 - progress - INFO - 	Batch size: 8
2024-06-17 17:07:20,863 - progress - INFO - Creating dataloader for logs/en/ensemble/train/binary/b7/DAT/version_80/data/en/train_subset/test_hk.txt
2024-06-17 17:07:20,864 - progress - INFO - 	Dataloader config: {'sample_rate': 16000, 'batch_size': 8, 'num_workers': 10, 'pin_memory': True, 'use_start_end_token': False, 'trim_silence': False, 'is_tarred': False, 'tarred_audio_filepaths': None, 'shuffle_n': 2048, 'bucketing_strategy': 'synced_randomized', 'bucketing_batch_size': None, 'return_sample_id': False, 'drop_last': False, 'asr_repo': 'whisper', 'shuffle': False, 'manifest_filepath': 'logs/en/ensemble/train/binary/b7/DAT/version_80/data/en/train_subset/test_hk.txt'}
2024-06-17 17:07:20,864 - progress - INFO - 	Batch size: 8
2024-06-17 17:07:20,866 - progress - INFO - Creating dataloader for logs/en/ensemble/train/binary/b7/DAT/version_80/data/en/train_subset/test_ie.txt
2024-06-17 17:07:20,867 - progress - INFO - 	Dataloader config: {'sample_rate': 16000, 'batch_size': 8, 'num_workers': 10, 'pin_memory': True, 'use_start_end_token': False, 'trim_silence': False, 'is_tarred': False, 'tarred_audio_filepaths': None, 'shuffle_n': 2048, 'bucketing_strategy': 'synced_randomized', 'bucketing_batch_size': None, 'return_sample_id': False, 'drop_last': False, 'asr_repo': 'whisper', 'shuffle': False, 'manifest_filepath': 'logs/en/ensemble/train/binary/b7/DAT/version_80/data/en/train_subset/test_ie.txt'}
2024-06-17 17:07:20,868 - progress - INFO - 	Batch size: 8
2024-06-17 17:07:20,870 - progress - INFO - Creating dataloader for logs/en/ensemble/train/binary/b7/DAT/version_80/data/en/train_subset/test_ni.txt
2024-06-17 17:07:20,871 - progress - INFO - 	Dataloader config: {'sample_rate': 16000, 'batch_size': 8, 'num_workers': 10, 'pin_memory': True, 'use_start_end_token': False, 'trim_silence': False, 'is_tarred': False, 'tarred_audio_filepaths': None, 'shuffle_n': 2048, 'bucketing_strategy': 'synced_randomized', 'bucketing_batch_size': None, 'return_sample_id': False, 'drop_last': False, 'asr_repo': 'whisper', 'shuffle': False, 'manifest_filepath': 'logs/en/ensemble/train/binary/b7/DAT/version_80/data/en/train_subset/test_ni.txt'}
2024-06-17 17:07:20,871 - progress - INFO - 	Batch size: 8
2024-06-17 17:07:20,873 - progress - INFO - Creating dataloader for logs/en/ensemble/train/binary/b7/DAT/version_80/data/en/train_subset/test_nz.txt
2024-06-17 17:07:20,874 - progress - INFO - 	Dataloader config: {'sample_rate': 16000, 'batch_size': 8, 'num_workers': 10, 'pin_memory': True, 'use_start_end_token': False, 'trim_silence': False, 'is_tarred': False, 'tarred_audio_filepaths': None, 'shuffle_n': 2048, 'bucketing_strategy': 'synced_randomized', 'bucketing_batch_size': None, 'return_sample_id': False, 'drop_last': False, 'asr_repo': 'whisper', 'shuffle': False, 'manifest_filepath': 'logs/en/ensemble/train/binary/b7/DAT/version_80/data/en/train_subset/test_nz.txt'}
2024-06-17 17:07:20,875 - progress - INFO - 	Batch size: 8
2024-06-17 17:07:20,877 - progress - INFO - Creating dataloader for logs/en/ensemble/train/binary/b7/DAT/version_80/data/en/train_subset/test_ph.txt
2024-06-17 17:07:20,878 - progress - INFO - 	Dataloader config: {'sample_rate': 16000, 'batch_size': 8, 'num_workers': 10, 'pin_memory': True, 'use_start_end_token': False, 'trim_silence': False, 'is_tarred': False, 'tarred_audio_filepaths': None, 'shuffle_n': 2048, 'bucketing_strategy': 'synced_randomized', 'bucketing_batch_size': None, 'return_sample_id': False, 'drop_last': False, 'asr_repo': 'whisper', 'shuffle': False, 'manifest_filepath': 'logs/en/ensemble/train/binary/b7/DAT/version_80/data/en/train_subset/test_ph.txt'}
2024-06-17 17:07:20,878 - progress - INFO - 	Batch size: 8
2024-06-17 17:07:20,880 - progress - INFO - Creating dataloader for logs/en/ensemble/train/binary/b7/DAT/version_80/data/en/train_subset/test_sc.txt
2024-06-17 17:07:20,881 - progress - INFO - 	Dataloader config: {'sample_rate': 16000, 'batch_size': 8, 'num_workers': 10, 'pin_memory': True, 'use_start_end_token': False, 'trim_silence': False, 'is_tarred': False, 'tarred_audio_filepaths': None, 'shuffle_n': 2048, 'bucketing_strategy': 'synced_randomized', 'bucketing_batch_size': None, 'return_sample_id': False, 'drop_last': False, 'asr_repo': 'whisper', 'shuffle': False, 'manifest_filepath': 'logs/en/ensemble/train/binary/b7/DAT/version_80/data/en/train_subset/test_sc.txt'}
2024-06-17 17:07:20,881 - progress - INFO - 	Batch size: 8
2024-06-17 17:07:20,884 - progress - INFO - Creating dataloader for logs/en/ensemble/train/binary/b7/DAT/version_80/data/en/train_subset/test_sg.txt
2024-06-17 17:07:20,885 - progress - INFO - 	Dataloader config: {'sample_rate': 16000, 'batch_size': 8, 'num_workers': 10, 'pin_memory': True, 'use_start_end_token': False, 'trim_silence': False, 'is_tarred': False, 'tarred_audio_filepaths': None, 'shuffle_n': 2048, 'bucketing_strategy': 'synced_randomized', 'bucketing_batch_size': None, 'return_sample_id': False, 'drop_last': False, 'asr_repo': 'whisper', 'shuffle': False, 'manifest_filepath': 'logs/en/ensemble/train/binary/b7/DAT/version_80/data/en/train_subset/test_sg.txt'}
2024-06-17 17:07:20,885 - progress - INFO - 	Batch size: 8
2024-06-17 17:07:20,887 - progress - INFO - Creating dataloader for logs/en/ensemble/train/binary/b7/DAT/version_80/data/en/train_subset/test_za.txt
2024-06-17 17:07:20,888 - progress - INFO - 	Dataloader config: {'sample_rate': 16000, 'batch_size': 8, 'num_workers': 10, 'pin_memory': True, 'use_start_end_token': False, 'trim_silence': False, 'is_tarred': False, 'tarred_audio_filepaths': None, 'shuffle_n': 2048, 'bucketing_strategy': 'synced_randomized', 'bucketing_batch_size': None, 'return_sample_id': False, 'drop_last': False, 'asr_repo': 'whisper', 'shuffle': False, 'manifest_filepath': 'logs/en/ensemble/train/binary/b7/DAT/version_80/data/en/train_subset/test_za.txt'}
2024-06-17 17:07:20,888 - progress - INFO - 	Batch size: 8
