2024-06-08 11:20:58,789 - progress - INFO - Creating dataloader for logs/en/ensemble/train/binary/b7/DAT/version_72/data/en/train_subset/test_us.txt
2024-06-08 11:20:58,790 - progress - INFO - 	Dataloader config: {'sample_rate': 16000, 'batch_size': 8, 'num_workers': 10, 'pin_memory': True, 'use_start_end_token': False, 'trim_silence': False, 'is_tarred': False, 'tarred_audio_filepaths': None, 'shuffle_n': 2048, 'bucketing_strategy': 'synced_randomized', 'bucketing_batch_size': None, 'return_sample_id': False, 'drop_last': False, 'asr_repo': 'whisper', 'shuffle': False, 'manifest_filepath': 'logs/en/ensemble/train/binary/b7/DAT/version_72/data/en/train_subset/test_us.txt'}
2024-06-08 11:20:58,791 - progress - INFO - 	Batch size: 8
2024-06-08 11:20:59,000 - progress - INFO - Creating dataloader for logs/en/ensemble/train/binary/b7/DAT/version_72/data/en/train_subset/test_ca.txt
2024-06-08 11:20:59,001 - progress - INFO - 	Dataloader config: {'sample_rate': 16000, 'batch_size': 8, 'num_workers': 10, 'pin_memory': True, 'use_start_end_token': False, 'trim_silence': False, 'is_tarred': False, 'tarred_audio_filepaths': None, 'shuffle_n': 2048, 'bucketing_strategy': 'synced_randomized', 'bucketing_batch_size': None, 'return_sample_id': False, 'drop_last': False, 'asr_repo': 'whisper', 'shuffle': False, 'manifest_filepath': 'logs/en/ensemble/train/binary/b7/DAT/version_72/data/en/train_subset/test_ca.txt'}
2024-06-08 11:20:59,001 - progress - INFO - 	Batch size: 8
2024-06-08 11:20:59,005 - progress - INFO - Creating dataloader for logs/en/ensemble/train/binary/b7/DAT/version_72/data/en/train_subset/test_uk.txt
2024-06-08 11:20:59,006 - progress - INFO - 	Dataloader config: {'sample_rate': 16000, 'batch_size': 8, 'num_workers': 10, 'pin_memory': True, 'use_start_end_token': False, 'trim_silence': False, 'is_tarred': False, 'tarred_audio_filepaths': None, 'shuffle_n': 2048, 'bucketing_strategy': 'synced_randomized', 'bucketing_batch_size': None, 'return_sample_id': False, 'drop_last': False, 'asr_repo': 'whisper', 'shuffle': False, 'manifest_filepath': 'logs/en/ensemble/train/binary/b7/DAT/version_72/data/en/train_subset/test_uk.txt'}
2024-06-08 11:20:59,007 - progress - INFO - 	Batch size: 8
2024-06-08 11:20:59,021 - progress - INFO - Creating dataloader for logs/en/ensemble/train/binary/b7/DAT/version_72/data/en/train_subset/test_in.txt
2024-06-08 11:20:59,022 - progress - INFO - 	Dataloader config: {'sample_rate': 16000, 'batch_size': 8, 'num_workers': 10, 'pin_memory': True, 'use_start_end_token': False, 'trim_silence': False, 'is_tarred': False, 'tarred_audio_filepaths': None, 'shuffle_n': 2048, 'bucketing_strategy': 'synced_randomized', 'bucketing_batch_size': None, 'return_sample_id': False, 'drop_last': False, 'asr_repo': 'whisper', 'shuffle': False, 'manifest_filepath': 'logs/en/ensemble/train/binary/b7/DAT/version_72/data/en/train_subset/test_in.txt'}
2024-06-08 11:20:59,022 - progress - INFO - 	Batch size: 8
2024-06-08 11:20:59,026 - progress - INFO - Creating dataloader for logs/en/ensemble/train/binary/b7/DAT/version_72/data/en/train_subset/test_de.txt
2024-06-08 11:20:59,027 - progress - INFO - 	Dataloader config: {'sample_rate': 16000, 'batch_size': 8, 'num_workers': 10, 'pin_memory': True, 'use_start_end_token': False, 'trim_silence': False, 'is_tarred': False, 'tarred_audio_filepaths': None, 'shuffle_n': 2048, 'bucketing_strategy': 'synced_randomized', 'bucketing_batch_size': None, 'return_sample_id': False, 'drop_last': False, 'asr_repo': 'whisper', 'shuffle': False, 'manifest_filepath': 'logs/en/ensemble/train/binary/b7/DAT/version_72/data/en/train_subset/test_de.txt'}
2024-06-08 11:20:59,028 - progress - INFO - 	Batch size: 8
2024-06-08 11:20:59,032 - progress - INFO - Creating dataloader for logs/en/ensemble/train/binary/b7/DAT/version_72/data/en/train_subset/test_au.txt
2024-06-08 11:20:59,033 - progress - INFO - 	Dataloader config: {'sample_rate': 16000, 'batch_size': 8, 'num_workers': 10, 'pin_memory': True, 'use_start_end_token': False, 'trim_silence': False, 'is_tarred': False, 'tarred_audio_filepaths': None, 'shuffle_n': 2048, 'bucketing_strategy': 'synced_randomized', 'bucketing_batch_size': None, 'return_sample_id': False, 'drop_last': False, 'asr_repo': 'whisper', 'shuffle': False, 'manifest_filepath': 'logs/en/ensemble/train/binary/b7/DAT/version_72/data/en/train_subset/test_au.txt'}
2024-06-08 11:20:59,034 - progress - INFO - 	Batch size: 8
2024-06-08 11:20:59,037 - progress - INFO - Creating dataloader for logs/en/ensemble/train/binary/b7/DAT/version_72/data/en/train_subset/test_hk.txt
2024-06-08 11:20:59,038 - progress - INFO - 	Dataloader config: {'sample_rate': 16000, 'batch_size': 8, 'num_workers': 10, 'pin_memory': True, 'use_start_end_token': False, 'trim_silence': False, 'is_tarred': False, 'tarred_audio_filepaths': None, 'shuffle_n': 2048, 'bucketing_strategy': 'synced_randomized', 'bucketing_batch_size': None, 'return_sample_id': False, 'drop_last': False, 'asr_repo': 'whisper', 'shuffle': False, 'manifest_filepath': 'logs/en/ensemble/train/binary/b7/DAT/version_72/data/en/train_subset/test_hk.txt'}
2024-06-08 11:20:59,039 - progress - INFO - 	Batch size: 8
2024-06-08 11:20:59,041 - progress - INFO - Creating dataloader for logs/en/ensemble/train/binary/b7/DAT/version_72/data/en/train_subset/test_ie.txt
2024-06-08 11:20:59,042 - progress - INFO - 	Dataloader config: {'sample_rate': 16000, 'batch_size': 8, 'num_workers': 10, 'pin_memory': True, 'use_start_end_token': False, 'trim_silence': False, 'is_tarred': False, 'tarred_audio_filepaths': None, 'shuffle_n': 2048, 'bucketing_strategy': 'synced_randomized', 'bucketing_batch_size': None, 'return_sample_id': False, 'drop_last': False, 'asr_repo': 'whisper', 'shuffle': False, 'manifest_filepath': 'logs/en/ensemble/train/binary/b7/DAT/version_72/data/en/train_subset/test_ie.txt'}
2024-06-08 11:20:59,043 - progress - INFO - 	Batch size: 8
2024-06-08 11:20:59,046 - progress - INFO - Creating dataloader for logs/en/ensemble/train/binary/b7/DAT/version_72/data/en/train_subset/test_ni.txt
2024-06-08 11:20:59,047 - progress - INFO - 	Dataloader config: {'sample_rate': 16000, 'batch_size': 8, 'num_workers': 10, 'pin_memory': True, 'use_start_end_token': False, 'trim_silence': False, 'is_tarred': False, 'tarred_audio_filepaths': None, 'shuffle_n': 2048, 'bucketing_strategy': 'synced_randomized', 'bucketing_batch_size': None, 'return_sample_id': False, 'drop_last': False, 'asr_repo': 'whisper', 'shuffle': False, 'manifest_filepath': 'logs/en/ensemble/train/binary/b7/DAT/version_72/data/en/train_subset/test_ni.txt'}
2024-06-08 11:20:59,047 - progress - INFO - 	Batch size: 8
2024-06-08 11:20:59,051 - progress - INFO - Creating dataloader for logs/en/ensemble/train/binary/b7/DAT/version_72/data/en/train_subset/test_nz.txt
2024-06-08 11:20:59,052 - progress - INFO - 	Dataloader config: {'sample_rate': 16000, 'batch_size': 8, 'num_workers': 10, 'pin_memory': True, 'use_start_end_token': False, 'trim_silence': False, 'is_tarred': False, 'tarred_audio_filepaths': None, 'shuffle_n': 2048, 'bucketing_strategy': 'synced_randomized', 'bucketing_batch_size': None, 'return_sample_id': False, 'drop_last': False, 'asr_repo': 'whisper', 'shuffle': False, 'manifest_filepath': 'logs/en/ensemble/train/binary/b7/DAT/version_72/data/en/train_subset/test_nz.txt'}
2024-06-08 11:20:59,053 - progress - INFO - 	Batch size: 8
2024-06-08 11:20:59,056 - progress - INFO - Creating dataloader for logs/en/ensemble/train/binary/b7/DAT/version_72/data/en/train_subset/test_ph.txt
2024-06-08 11:20:59,056 - progress - INFO - 	Dataloader config: {'sample_rate': 16000, 'batch_size': 8, 'num_workers': 10, 'pin_memory': True, 'use_start_end_token': False, 'trim_silence': False, 'is_tarred': False, 'tarred_audio_filepaths': None, 'shuffle_n': 2048, 'bucketing_strategy': 'synced_randomized', 'bucketing_batch_size': None, 'return_sample_id': False, 'drop_last': False, 'asr_repo': 'whisper', 'shuffle': False, 'manifest_filepath': 'logs/en/ensemble/train/binary/b7/DAT/version_72/data/en/train_subset/test_ph.txt'}
2024-06-08 11:20:59,057 - progress - INFO - 	Batch size: 8
2024-06-08 11:20:59,061 - progress - INFO - Creating dataloader for logs/en/ensemble/train/binary/b7/DAT/version_72/data/en/train_subset/test_sc.txt
2024-06-08 11:20:59,061 - progress - INFO - 	Dataloader config: {'sample_rate': 16000, 'batch_size': 8, 'num_workers': 10, 'pin_memory': True, 'use_start_end_token': False, 'trim_silence': False, 'is_tarred': False, 'tarred_audio_filepaths': None, 'shuffle_n': 2048, 'bucketing_strategy': 'synced_randomized', 'bucketing_batch_size': None, 'return_sample_id': False, 'drop_last': False, 'asr_repo': 'whisper', 'shuffle': False, 'manifest_filepath': 'logs/en/ensemble/train/binary/b7/DAT/version_72/data/en/train_subset/test_sc.txt'}
2024-06-08 11:20:59,062 - progress - INFO - 	Batch size: 8
2024-06-08 11:20:59,066 - progress - INFO - Creating dataloader for logs/en/ensemble/train/binary/b7/DAT/version_72/data/en/train_subset/test_sg.txt
2024-06-08 11:20:59,067 - progress - INFO - 	Dataloader config: {'sample_rate': 16000, 'batch_size': 8, 'num_workers': 10, 'pin_memory': True, 'use_start_end_token': False, 'trim_silence': False, 'is_tarred': False, 'tarred_audio_filepaths': None, 'shuffle_n': 2048, 'bucketing_strategy': 'synced_randomized', 'bucketing_batch_size': None, 'return_sample_id': False, 'drop_last': False, 'asr_repo': 'whisper', 'shuffle': False, 'manifest_filepath': 'logs/en/ensemble/train/binary/b7/DAT/version_72/data/en/train_subset/test_sg.txt'}
2024-06-08 11:20:59,068 - progress - INFO - 	Batch size: 8
2024-06-08 11:20:59,071 - progress - INFO - Creating dataloader for logs/en/ensemble/train/binary/b7/DAT/version_72/data/en/train_subset/test_za.txt
2024-06-08 11:20:59,072 - progress - INFO - 	Dataloader config: {'sample_rate': 16000, 'batch_size': 8, 'num_workers': 10, 'pin_memory': True, 'use_start_end_token': False, 'trim_silence': False, 'is_tarred': False, 'tarred_audio_filepaths': None, 'shuffle_n': 2048, 'bucketing_strategy': 'synced_randomized', 'bucketing_batch_size': None, 'return_sample_id': False, 'drop_last': False, 'asr_repo': 'whisper', 'shuffle': False, 'manifest_filepath': 'logs/en/ensemble/train/binary/b7/DAT/version_72/data/en/train_subset/test_za.txt'}
2024-06-08 11:20:59,072 - progress - INFO - 	Batch size: 8
2024-06-08 11:29:37,662 - progress - INFO - Configuring optimizers
2024-06-08 11:29:37,668 - progress - INFO - Creating dataloader for ['logs/en/ensemble/train/binary/b7/DAT/version_72/data/en/train_subset/train_us.txt']
2024-06-08 11:29:37,669 - progress - INFO - 	Dataloader config: {'sample_rate': 16000, 'batch_size': 8, 'num_workers': 10, 'pin_memory': True, 'use_start_end_token': False, 'trim_silence': False, 'is_tarred': False, 'tarred_audio_filepaths': None, 'shuffle_n': 2048, 'bucketing_strategy': 'synced_randomized', 'bucketing_batch_size': None, 'return_sample_id': False, 'drop_last': False, 'asr_repo': 'whisper', 'shuffle': True, 'manifest_filepath': ['logs/en/ensemble/train/binary/b7/DAT/version_72/data/en/train_subset/train_us.txt']}
2024-06-08 11:29:37,669 - progress - INFO - 	Batch size: 8
2024-06-08 11:29:37,717 - progress - INFO - Creating dataloader for ['logs/en/ensemble/train/binary/b7/DAT/version_72/data/en/train_subset/train_ca.txt', 'logs/en/ensemble/train/binary/b7/DAT/version_72/data/en/train_subset/train_uk.txt', 'logs/en/ensemble/train/binary/b7/DAT/version_72/data/en/train_subset/train_in.txt', 'logs/en/ensemble/train/binary/b7/DAT/version_72/data/en/train_subset/train_de.txt', 'logs/en/ensemble/train/binary/b7/DAT/version_72/data/en/train_subset/train_au.txt']
2024-06-08 11:29:37,718 - progress - INFO - 	Dataloader config: {'sample_rate': 16000, 'batch_size': 8, 'num_workers': 10, 'pin_memory': True, 'use_start_end_token': False, 'trim_silence': False, 'is_tarred': False, 'tarred_audio_filepaths': None, 'shuffle_n': 2048, 'bucketing_strategy': 'synced_randomized', 'bucketing_batch_size': None, 'return_sample_id': False, 'drop_last': False, 'asr_repo': 'whisper', 'shuffle': True, 'manifest_filepath': ['logs/en/ensemble/train/binary/b7/DAT/version_72/data/en/train_subset/train_ca.txt', 'logs/en/ensemble/train/binary/b7/DAT/version_72/data/en/train_subset/train_uk.txt', 'logs/en/ensemble/train/binary/b7/DAT/version_72/data/en/train_subset/train_in.txt', 'logs/en/ensemble/train/binary/b7/DAT/version_72/data/en/train_subset/train_de.txt', 'logs/en/ensemble/train/binary/b7/DAT/version_72/data/en/train_subset/train_au.txt']}
2024-06-08 11:29:37,719 - progress - INFO - 	Batch size: 8
2024-06-08 11:29:37,907 - progress - INFO - Scheduler max. steps: 960
2024-06-08 11:29:37,918 - progress - INFO - Creating dataloader for ['logs/en/ensemble/train/binary/b7/DAT/version_72/data/en/train_subset/train_us.txt']
2024-06-08 11:29:37,918 - progress - INFO - 	Dataloader config: {'sample_rate': 16000, 'batch_size': 8, 'num_workers': 10, 'pin_memory': True, 'use_start_end_token': False, 'trim_silence': False, 'is_tarred': False, 'tarred_audio_filepaths': None, 'shuffle_n': 2048, 'bucketing_strategy': 'synced_randomized', 'bucketing_batch_size': None, 'return_sample_id': False, 'drop_last': False, 'asr_repo': 'whisper', 'shuffle': True, 'manifest_filepath': ['logs/en/ensemble/train/binary/b7/DAT/version_72/data/en/train_subset/train_us.txt']}
2024-06-08 11:29:37,919 - progress - INFO - 	Batch size: 8
2024-06-08 11:29:37,945 - progress - INFO - Creating dataloader for ['logs/en/ensemble/train/binary/b7/DAT/version_72/data/en/train_subset/train_ca.txt', 'logs/en/ensemble/train/binary/b7/DAT/version_72/data/en/train_subset/train_uk.txt', 'logs/en/ensemble/train/binary/b7/DAT/version_72/data/en/train_subset/train_in.txt', 'logs/en/ensemble/train/binary/b7/DAT/version_72/data/en/train_subset/train_de.txt', 'logs/en/ensemble/train/binary/b7/DAT/version_72/data/en/train_subset/train_au.txt']
2024-06-08 11:29:37,946 - progress - INFO - 	Dataloader config: {'sample_rate': 16000, 'batch_size': 8, 'num_workers': 10, 'pin_memory': True, 'use_start_end_token': False, 'trim_silence': False, 'is_tarred': False, 'tarred_audio_filepaths': None, 'shuffle_n': 2048, 'bucketing_strategy': 'synced_randomized', 'bucketing_batch_size': None, 'return_sample_id': False, 'drop_last': False, 'asr_repo': 'whisper', 'shuffle': True, 'manifest_filepath': ['logs/en/ensemble/train/binary/b7/DAT/version_72/data/en/train_subset/train_ca.txt', 'logs/en/ensemble/train/binary/b7/DAT/version_72/data/en/train_subset/train_uk.txt', 'logs/en/ensemble/train/binary/b7/DAT/version_72/data/en/train_subset/train_in.txt', 'logs/en/ensemble/train/binary/b7/DAT/version_72/data/en/train_subset/train_de.txt', 'logs/en/ensemble/train/binary/b7/DAT/version_72/data/en/train_subset/train_au.txt']}
2024-06-08 11:29:37,946 - progress - INFO - 	Batch size: 8
2024-06-08 11:29:37,980 - progress - INFO - Creating dataloader for logs/en/ensemble/train/binary/b7/DAT/version_72/data/en/train_subset/test_us.txt
2024-06-08 11:29:37,980 - progress - INFO - 	Dataloader config: {'sample_rate': 16000, 'batch_size': 8, 'num_workers': 10, 'pin_memory': True, 'use_start_end_token': False, 'trim_silence': False, 'is_tarred': False, 'tarred_audio_filepaths': None, 'shuffle_n': 2048, 'bucketing_strategy': 'synced_randomized', 'bucketing_batch_size': None, 'return_sample_id': False, 'drop_last': False, 'asr_repo': 'whisper', 'shuffle': False, 'manifest_filepath': 'logs/en/ensemble/train/binary/b7/DAT/version_72/data/en/train_subset/test_us.txt'}
2024-06-08 11:29:37,981 - progress - INFO - 	Batch size: 8
2024-06-08 11:29:37,990 - progress - INFO - Creating dataloader for logs/en/ensemble/train/binary/b7/DAT/version_72/data/en/train_subset/test_ca.txt
2024-06-08 11:29:37,991 - progress - INFO - 	Dataloader config: {'sample_rate': 16000, 'batch_size': 8, 'num_workers': 10, 'pin_memory': True, 'use_start_end_token': False, 'trim_silence': False, 'is_tarred': False, 'tarred_audio_filepaths': None, 'shuffle_n': 2048, 'bucketing_strategy': 'synced_randomized', 'bucketing_batch_size': None, 'return_sample_id': False, 'drop_last': False, 'asr_repo': 'whisper', 'shuffle': False, 'manifest_filepath': 'logs/en/ensemble/train/binary/b7/DAT/version_72/data/en/train_subset/test_ca.txt'}
2024-06-08 11:29:37,992 - progress - INFO - 	Batch size: 8
2024-06-08 11:29:37,995 - progress - INFO - Creating dataloader for logs/en/ensemble/train/binary/b7/DAT/version_72/data/en/train_subset/test_uk.txt
2024-06-08 11:29:37,996 - progress - INFO - 	Dataloader config: {'sample_rate': 16000, 'batch_size': 8, 'num_workers': 10, 'pin_memory': True, 'use_start_end_token': False, 'trim_silence': False, 'is_tarred': False, 'tarred_audio_filepaths': None, 'shuffle_n': 2048, 'bucketing_strategy': 'synced_randomized', 'bucketing_batch_size': None, 'return_sample_id': False, 'drop_last': False, 'asr_repo': 'whisper', 'shuffle': False, 'manifest_filepath': 'logs/en/ensemble/train/binary/b7/DAT/version_72/data/en/train_subset/test_uk.txt'}
2024-06-08 11:29:37,997 - progress - INFO - 	Batch size: 8
2024-06-08 11:29:38,001 - progress - INFO - Creating dataloader for logs/en/ensemble/train/binary/b7/DAT/version_72/data/en/train_subset/test_in.txt
2024-06-08 11:29:38,001 - progress - INFO - 	Dataloader config: {'sample_rate': 16000, 'batch_size': 8, 'num_workers': 10, 'pin_memory': True, 'use_start_end_token': False, 'trim_silence': False, 'is_tarred': False, 'tarred_audio_filepaths': None, 'shuffle_n': 2048, 'bucketing_strategy': 'synced_randomized', 'bucketing_batch_size': None, 'return_sample_id': False, 'drop_last': False, 'asr_repo': 'whisper', 'shuffle': False, 'manifest_filepath': 'logs/en/ensemble/train/binary/b7/DAT/version_72/data/en/train_subset/test_in.txt'}
2024-06-08 11:29:38,002 - progress - INFO - 	Batch size: 8
2024-06-08 11:29:38,005 - progress - INFO - Creating dataloader for logs/en/ensemble/train/binary/b7/DAT/version_72/data/en/train_subset/test_de.txt
2024-06-08 11:29:38,006 - progress - INFO - 	Dataloader config: {'sample_rate': 16000, 'batch_size': 8, 'num_workers': 10, 'pin_memory': True, 'use_start_end_token': False, 'trim_silence': False, 'is_tarred': False, 'tarred_audio_filepaths': None, 'shuffle_n': 2048, 'bucketing_strategy': 'synced_randomized', 'bucketing_batch_size': None, 'return_sample_id': False, 'drop_last': False, 'asr_repo': 'whisper', 'shuffle': False, 'manifest_filepath': 'logs/en/ensemble/train/binary/b7/DAT/version_72/data/en/train_subset/test_de.txt'}
2024-06-08 11:29:38,007 - progress - INFO - 	Batch size: 8
2024-06-08 11:29:38,010 - progress - INFO - Creating dataloader for logs/en/ensemble/train/binary/b7/DAT/version_72/data/en/train_subset/test_au.txt
2024-06-08 11:29:38,011 - progress - INFO - 	Dataloader config: {'sample_rate': 16000, 'batch_size': 8, 'num_workers': 10, 'pin_memory': True, 'use_start_end_token': False, 'trim_silence': False, 'is_tarred': False, 'tarred_audio_filepaths': None, 'shuffle_n': 2048, 'bucketing_strategy': 'synced_randomized', 'bucketing_batch_size': None, 'return_sample_id': False, 'drop_last': False, 'asr_repo': 'whisper', 'shuffle': False, 'manifest_filepath': 'logs/en/ensemble/train/binary/b7/DAT/version_72/data/en/train_subset/test_au.txt'}
2024-06-08 11:29:38,012 - progress - INFO - 	Batch size: 8
2024-06-08 11:29:38,014 - progress - INFO - Creating dataloader for logs/en/ensemble/train/binary/b7/DAT/version_72/data/en/train_subset/test_hk.txt
2024-06-08 11:29:38,015 - progress - INFO - 	Dataloader config: {'sample_rate': 16000, 'batch_size': 8, 'num_workers': 10, 'pin_memory': True, 'use_start_end_token': False, 'trim_silence': False, 'is_tarred': False, 'tarred_audio_filepaths': None, 'shuffle_n': 2048, 'bucketing_strategy': 'synced_randomized', 'bucketing_batch_size': None, 'return_sample_id': False, 'drop_last': False, 'asr_repo': 'whisper', 'shuffle': False, 'manifest_filepath': 'logs/en/ensemble/train/binary/b7/DAT/version_72/data/en/train_subset/test_hk.txt'}
2024-06-08 11:29:38,016 - progress - INFO - 	Batch size: 8
2024-06-08 11:29:38,018 - progress - INFO - Creating dataloader for logs/en/ensemble/train/binary/b7/DAT/version_72/data/en/train_subset/test_ie.txt
2024-06-08 11:29:38,019 - progress - INFO - 	Dataloader config: {'sample_rate': 16000, 'batch_size': 8, 'num_workers': 10, 'pin_memory': True, 'use_start_end_token': False, 'trim_silence': False, 'is_tarred': False, 'tarred_audio_filepaths': None, 'shuffle_n': 2048, 'bucketing_strategy': 'synced_randomized', 'bucketing_batch_size': None, 'return_sample_id': False, 'drop_last': False, 'asr_repo': 'whisper', 'shuffle': False, 'manifest_filepath': 'logs/en/ensemble/train/binary/b7/DAT/version_72/data/en/train_subset/test_ie.txt'}
2024-06-08 11:29:38,020 - progress - INFO - 	Batch size: 8
2024-06-08 11:29:38,022 - progress - INFO - Creating dataloader for logs/en/ensemble/train/binary/b7/DAT/version_72/data/en/train_subset/test_ni.txt
2024-06-08 11:29:38,023 - progress - INFO - 	Dataloader config: {'sample_rate': 16000, 'batch_size': 8, 'num_workers': 10, 'pin_memory': True, 'use_start_end_token': False, 'trim_silence': False, 'is_tarred': False, 'tarred_audio_filepaths': None, 'shuffle_n': 2048, 'bucketing_strategy': 'synced_randomized', 'bucketing_batch_size': None, 'return_sample_id': False, 'drop_last': False, 'asr_repo': 'whisper', 'shuffle': False, 'manifest_filepath': 'logs/en/ensemble/train/binary/b7/DAT/version_72/data/en/train_subset/test_ni.txt'}
2024-06-08 11:29:38,023 - progress - INFO - 	Batch size: 8
2024-06-08 11:29:38,026 - progress - INFO - Creating dataloader for logs/en/ensemble/train/binary/b7/DAT/version_72/data/en/train_subset/test_nz.txt
2024-06-08 11:29:38,027 - progress - INFO - 	Dataloader config: {'sample_rate': 16000, 'batch_size': 8, 'num_workers': 10, 'pin_memory': True, 'use_start_end_token': False, 'trim_silence': False, 'is_tarred': False, 'tarred_audio_filepaths': None, 'shuffle_n': 2048, 'bucketing_strategy': 'synced_randomized', 'bucketing_batch_size': None, 'return_sample_id': False, 'drop_last': False, 'asr_repo': 'whisper', 'shuffle': False, 'manifest_filepath': 'logs/en/ensemble/train/binary/b7/DAT/version_72/data/en/train_subset/test_nz.txt'}
2024-06-08 11:29:38,028 - progress - INFO - 	Batch size: 8
2024-06-08 11:29:38,030 - progress - INFO - Creating dataloader for logs/en/ensemble/train/binary/b7/DAT/version_72/data/en/train_subset/test_ph.txt
2024-06-08 11:29:38,031 - progress - INFO - 	Dataloader config: {'sample_rate': 16000, 'batch_size': 8, 'num_workers': 10, 'pin_memory': True, 'use_start_end_token': False, 'trim_silence': False, 'is_tarred': False, 'tarred_audio_filepaths': None, 'shuffle_n': 2048, 'bucketing_strategy': 'synced_randomized', 'bucketing_batch_size': None, 'return_sample_id': False, 'drop_last': False, 'asr_repo': 'whisper', 'shuffle': False, 'manifest_filepath': 'logs/en/ensemble/train/binary/b7/DAT/version_72/data/en/train_subset/test_ph.txt'}
2024-06-08 11:29:38,032 - progress - INFO - 	Batch size: 8
2024-06-08 11:29:38,035 - progress - INFO - Creating dataloader for logs/en/ensemble/train/binary/b7/DAT/version_72/data/en/train_subset/test_sc.txt
2024-06-08 11:29:38,035 - progress - INFO - 	Dataloader config: {'sample_rate': 16000, 'batch_size': 8, 'num_workers': 10, 'pin_memory': True, 'use_start_end_token': False, 'trim_silence': False, 'is_tarred': False, 'tarred_audio_filepaths': None, 'shuffle_n': 2048, 'bucketing_strategy': 'synced_randomized', 'bucketing_batch_size': None, 'return_sample_id': False, 'drop_last': False, 'asr_repo': 'whisper', 'shuffle': False, 'manifest_filepath': 'logs/en/ensemble/train/binary/b7/DAT/version_72/data/en/train_subset/test_sc.txt'}
2024-06-08 11:29:38,036 - progress - INFO - 	Batch size: 8
2024-06-08 11:29:38,039 - progress - INFO - Creating dataloader for logs/en/ensemble/train/binary/b7/DAT/version_72/data/en/train_subset/test_sg.txt
2024-06-08 11:29:38,040 - progress - INFO - 	Dataloader config: {'sample_rate': 16000, 'batch_size': 8, 'num_workers': 10, 'pin_memory': True, 'use_start_end_token': False, 'trim_silence': False, 'is_tarred': False, 'tarred_audio_filepaths': None, 'shuffle_n': 2048, 'bucketing_strategy': 'synced_randomized', 'bucketing_batch_size': None, 'return_sample_id': False, 'drop_last': False, 'asr_repo': 'whisper', 'shuffle': False, 'manifest_filepath': 'logs/en/ensemble/train/binary/b7/DAT/version_72/data/en/train_subset/test_sg.txt'}
2024-06-08 11:29:38,041 - progress - INFO - 	Batch size: 8
2024-06-08 11:29:38,043 - progress - INFO - Creating dataloader for logs/en/ensemble/train/binary/b7/DAT/version_72/data/en/train_subset/test_za.txt
2024-06-08 11:29:38,044 - progress - INFO - 	Dataloader config: {'sample_rate': 16000, 'batch_size': 8, 'num_workers': 10, 'pin_memory': True, 'use_start_end_token': False, 'trim_silence': False, 'is_tarred': False, 'tarred_audio_filepaths': None, 'shuffle_n': 2048, 'bucketing_strategy': 'synced_randomized', 'bucketing_batch_size': None, 'return_sample_id': False, 'drop_last': False, 'asr_repo': 'whisper', 'shuffle': False, 'manifest_filepath': 'logs/en/ensemble/train/binary/b7/DAT/version_72/data/en/train_subset/test_za.txt'}
2024-06-08 11:29:38,045 - progress - INFO - 	Batch size: 8
