2024-05-14 14:27:37,077 - progress - INFO - Configuring optimizers
2024-05-14 14:27:37,081 - progress - INFO - Creating dataloader for ['logs/en/ac/train/binary/b7/version_9/data/en/train_subset/train_us.txt']
2024-05-14 14:27:37,084 - progress - INFO - 	Dataloader config: {'sample_rate': 16000, 'batch_size': 96, 'num_workers': 10, 'pin_memory': True, 'use_start_end_token': False, 'trim_silence': False, 'is_tarred': False, 'tarred_audio_filepaths': None, 'shuffle_n': 2048, 'bucketing_strategy': 'synced_randomized', 'bucketing_batch_size': None, 'return_sample_id': False, 'drop_last': False, 'asr_repo': 'whisper', 'shuffle': True, 'manifest_filepath': ['logs/en/ac/train/binary/b7/version_9/data/en/train_subset/train_us.txt']}
2024-05-14 14:27:37,087 - progress - INFO - 	Batch size: 96
2024-05-14 14:27:37,416 - progress - INFO - Creating dataloader for ['logs/en/ac/train/binary/b7/version_9/data/en/train_subset/train_ca.txt', 'logs/en/ac/train/binary/b7/version_9/data/en/train_subset/train_uk.txt', 'logs/en/ac/train/binary/b7/version_9/data/en/train_subset/train_in.txt', 'logs/en/ac/train/binary/b7/version_9/data/en/train_subset/train_de.txt', 'logs/en/ac/train/binary/b7/version_9/data/en/train_subset/train_au.txt']
2024-05-14 14:27:37,417 - progress - INFO - 	Dataloader config: {'sample_rate': 16000, 'batch_size': 96, 'num_workers': 10, 'pin_memory': True, 'use_start_end_token': False, 'trim_silence': False, 'is_tarred': False, 'tarred_audio_filepaths': None, 'shuffle_n': 2048, 'bucketing_strategy': 'synced_randomized', 'bucketing_batch_size': None, 'return_sample_id': False, 'drop_last': False, 'asr_repo': 'whisper', 'shuffle': True, 'manifest_filepath': ['logs/en/ac/train/binary/b7/version_9/data/en/train_subset/train_ca.txt', 'logs/en/ac/train/binary/b7/version_9/data/en/train_subset/train_uk.txt', 'logs/en/ac/train/binary/b7/version_9/data/en/train_subset/train_in.txt', 'logs/en/ac/train/binary/b7/version_9/data/en/train_subset/train_de.txt', 'logs/en/ac/train/binary/b7/version_9/data/en/train_subset/train_au.txt']}
2024-05-14 14:27:37,420 - progress - INFO - 	Batch size: 96
2024-05-14 14:27:37,973 - progress - INFO - Scheduler max. steps: 128
2024-05-14 14:27:38,078 - progress - INFO - Creating dataloader for ['logs/en/ac/train/binary/b7/version_9/data/en/train_subset/train_us.txt']
2024-05-14 14:27:38,082 - progress - INFO - 	Dataloader config: {'sample_rate': 16000, 'batch_size': 96, 'num_workers': 10, 'pin_memory': True, 'use_start_end_token': False, 'trim_silence': False, 'is_tarred': False, 'tarred_audio_filepaths': None, 'shuffle_n': 2048, 'bucketing_strategy': 'synced_randomized', 'bucketing_batch_size': None, 'return_sample_id': False, 'drop_last': False, 'asr_repo': 'whisper', 'shuffle': True, 'manifest_filepath': ['logs/en/ac/train/binary/b7/version_9/data/en/train_subset/train_us.txt']}
2024-05-14 14:27:38,087 - progress - INFO - 	Batch size: 96
2024-05-14 14:27:38,119 - progress - INFO - Creating dataloader for ['logs/en/ac/train/binary/b7/version_9/data/en/train_subset/train_ca.txt', 'logs/en/ac/train/binary/b7/version_9/data/en/train_subset/train_uk.txt', 'logs/en/ac/train/binary/b7/version_9/data/en/train_subset/train_in.txt', 'logs/en/ac/train/binary/b7/version_9/data/en/train_subset/train_de.txt', 'logs/en/ac/train/binary/b7/version_9/data/en/train_subset/train_au.txt']
2024-05-14 14:27:38,120 - progress - INFO - 	Dataloader config: {'sample_rate': 16000, 'batch_size': 96, 'num_workers': 10, 'pin_memory': True, 'use_start_end_token': False, 'trim_silence': False, 'is_tarred': False, 'tarred_audio_filepaths': None, 'shuffle_n': 2048, 'bucketing_strategy': 'synced_randomized', 'bucketing_batch_size': None, 'return_sample_id': False, 'drop_last': False, 'asr_repo': 'whisper', 'shuffle': True, 'manifest_filepath': ['logs/en/ac/train/binary/b7/version_9/data/en/train_subset/train_ca.txt', 'logs/en/ac/train/binary/b7/version_9/data/en/train_subset/train_uk.txt', 'logs/en/ac/train/binary/b7/version_9/data/en/train_subset/train_in.txt', 'logs/en/ac/train/binary/b7/version_9/data/en/train_subset/train_de.txt', 'logs/en/ac/train/binary/b7/version_9/data/en/train_subset/train_au.txt']}
2024-05-14 14:27:38,121 - progress - INFO - 	Batch size: 96
2024-05-14 14:27:38,165 - progress - INFO - Creating dataloader for logs/en/ac/train/binary/b7/version_9/data/en/train_subset/test_us.txt
2024-05-14 14:27:38,166 - progress - INFO - 	Dataloader config: {'sample_rate': 16000, 'batch_size': 96, 'num_workers': 10, 'pin_memory': True, 'use_start_end_token': False, 'trim_silence': False, 'is_tarred': False, 'tarred_audio_filepaths': None, 'shuffle_n': 2048, 'bucketing_strategy': 'synced_randomized', 'bucketing_batch_size': None, 'return_sample_id': False, 'drop_last': False, 'asr_repo': 'whisper', 'shuffle': False, 'manifest_filepath': 'logs/en/ac/train/binary/b7/version_9/data/en/train_subset/test_us.txt'}
2024-05-14 14:27:38,169 - progress - INFO - 	Batch size: 96
2024-05-14 14:27:38,369 - progress - INFO - Creating dataloader for logs/en/ac/train/binary/b7/version_9/data/en/train_subset/test_ca.txt
2024-05-14 14:27:38,370 - progress - INFO - 	Dataloader config: {'sample_rate': 16000, 'batch_size': 96, 'num_workers': 10, 'pin_memory': True, 'use_start_end_token': False, 'trim_silence': False, 'is_tarred': False, 'tarred_audio_filepaths': None, 'shuffle_n': 2048, 'bucketing_strategy': 'synced_randomized', 'bucketing_batch_size': None, 'return_sample_id': False, 'drop_last': False, 'asr_repo': 'whisper', 'shuffle': False, 'manifest_filepath': 'logs/en/ac/train/binary/b7/version_9/data/en/train_subset/test_ca.txt'}
2024-05-14 14:27:38,371 - progress - INFO - 	Batch size: 96
2024-05-14 14:27:38,374 - progress - INFO - Creating dataloader for logs/en/ac/train/binary/b7/version_9/data/en/train_subset/test_uk.txt
2024-05-14 14:27:38,376 - progress - INFO - 	Dataloader config: {'sample_rate': 16000, 'batch_size': 96, 'num_workers': 10, 'pin_memory': True, 'use_start_end_token': False, 'trim_silence': False, 'is_tarred': False, 'tarred_audio_filepaths': None, 'shuffle_n': 2048, 'bucketing_strategy': 'synced_randomized', 'bucketing_batch_size': None, 'return_sample_id': False, 'drop_last': False, 'asr_repo': 'whisper', 'shuffle': False, 'manifest_filepath': 'logs/en/ac/train/binary/b7/version_9/data/en/train_subset/test_uk.txt'}
2024-05-14 14:27:38,378 - progress - INFO - 	Batch size: 96
2024-05-14 14:27:38,449 - progress - INFO - Creating dataloader for logs/en/ac/train/binary/b7/version_9/data/en/train_subset/test_in.txt
2024-05-14 14:27:38,451 - progress - INFO - 	Dataloader config: {'sample_rate': 16000, 'batch_size': 96, 'num_workers': 10, 'pin_memory': True, 'use_start_end_token': False, 'trim_silence': False, 'is_tarred': False, 'tarred_audio_filepaths': None, 'shuffle_n': 2048, 'bucketing_strategy': 'synced_randomized', 'bucketing_batch_size': None, 'return_sample_id': False, 'drop_last': False, 'asr_repo': 'whisper', 'shuffle': False, 'manifest_filepath': 'logs/en/ac/train/binary/b7/version_9/data/en/train_subset/test_in.txt'}
2024-05-14 14:27:38,452 - progress - INFO - 	Batch size: 96
2024-05-14 14:27:38,541 - progress - INFO - Creating dataloader for logs/en/ac/train/binary/b7/version_9/data/en/train_subset/test_de.txt
2024-05-14 14:27:38,543 - progress - INFO - 	Dataloader config: {'sample_rate': 16000, 'batch_size': 96, 'num_workers': 10, 'pin_memory': True, 'use_start_end_token': False, 'trim_silence': False, 'is_tarred': False, 'tarred_audio_filepaths': None, 'shuffle_n': 2048, 'bucketing_strategy': 'synced_randomized', 'bucketing_batch_size': None, 'return_sample_id': False, 'drop_last': False, 'asr_repo': 'whisper', 'shuffle': False, 'manifest_filepath': 'logs/en/ac/train/binary/b7/version_9/data/en/train_subset/test_de.txt'}
2024-05-14 14:27:38,544 - progress - INFO - 	Batch size: 96
2024-05-14 14:27:38,618 - progress - INFO - Creating dataloader for logs/en/ac/train/binary/b7/version_9/data/en/train_subset/test_au.txt
2024-05-14 14:27:38,620 - progress - INFO - 	Dataloader config: {'sample_rate': 16000, 'batch_size': 96, 'num_workers': 10, 'pin_memory': True, 'use_start_end_token': False, 'trim_silence': False, 'is_tarred': False, 'tarred_audio_filepaths': None, 'shuffle_n': 2048, 'bucketing_strategy': 'synced_randomized', 'bucketing_batch_size': None, 'return_sample_id': False, 'drop_last': False, 'asr_repo': 'whisper', 'shuffle': False, 'manifest_filepath': 'logs/en/ac/train/binary/b7/version_9/data/en/train_subset/test_au.txt'}
2024-05-14 14:27:38,621 - progress - INFO - 	Batch size: 96
2024-05-14 14:27:38,627 - progress - INFO - Creating dataloader for logs/en/ac/train/binary/b7/version_9/data/en/train_subset/test_hk.txt
2024-05-14 14:27:38,628 - progress - INFO - 	Dataloader config: {'sample_rate': 16000, 'batch_size': 96, 'num_workers': 10, 'pin_memory': True, 'use_start_end_token': False, 'trim_silence': False, 'is_tarred': False, 'tarred_audio_filepaths': None, 'shuffle_n': 2048, 'bucketing_strategy': 'synced_randomized', 'bucketing_batch_size': None, 'return_sample_id': False, 'drop_last': False, 'asr_repo': 'whisper', 'shuffle': False, 'manifest_filepath': 'logs/en/ac/train/binary/b7/version_9/data/en/train_subset/test_hk.txt'}
2024-05-14 14:27:38,629 - progress - INFO - 	Batch size: 96
2024-05-14 14:27:38,710 - progress - INFO - Creating dataloader for logs/en/ac/train/binary/b7/version_9/data/en/train_subset/test_ie.txt
2024-05-14 14:27:38,713 - progress - INFO - 	Dataloader config: {'sample_rate': 16000, 'batch_size': 96, 'num_workers': 10, 'pin_memory': True, 'use_start_end_token': False, 'trim_silence': False, 'is_tarred': False, 'tarred_audio_filepaths': None, 'shuffle_n': 2048, 'bucketing_strategy': 'synced_randomized', 'bucketing_batch_size': None, 'return_sample_id': False, 'drop_last': False, 'asr_repo': 'whisper', 'shuffle': False, 'manifest_filepath': 'logs/en/ac/train/binary/b7/version_9/data/en/train_subset/test_ie.txt'}
2024-05-14 14:27:38,714 - progress - INFO - 	Batch size: 96
2024-05-14 14:27:38,967 - progress - INFO - Creating dataloader for logs/en/ac/train/binary/b7/version_9/data/en/train_subset/test_ni.txt
2024-05-14 14:27:38,968 - progress - INFO - 	Dataloader config: {'sample_rate': 16000, 'batch_size': 96, 'num_workers': 10, 'pin_memory': True, 'use_start_end_token': False, 'trim_silence': False, 'is_tarred': False, 'tarred_audio_filepaths': None, 'shuffle_n': 2048, 'bucketing_strategy': 'synced_randomized', 'bucketing_batch_size': None, 'return_sample_id': False, 'drop_last': False, 'asr_repo': 'whisper', 'shuffle': False, 'manifest_filepath': 'logs/en/ac/train/binary/b7/version_9/data/en/train_subset/test_ni.txt'}
2024-05-14 14:27:38,970 - progress - INFO - 	Batch size: 96
2024-05-14 14:27:39,085 - progress - INFO - Creating dataloader for logs/en/ac/train/binary/b7/version_9/data/en/train_subset/test_nz.txt
2024-05-14 14:27:39,086 - progress - INFO - 	Dataloader config: {'sample_rate': 16000, 'batch_size': 96, 'num_workers': 10, 'pin_memory': True, 'use_start_end_token': False, 'trim_silence': False, 'is_tarred': False, 'tarred_audio_filepaths': None, 'shuffle_n': 2048, 'bucketing_strategy': 'synced_randomized', 'bucketing_batch_size': None, 'return_sample_id': False, 'drop_last': False, 'asr_repo': 'whisper', 'shuffle': False, 'manifest_filepath': 'logs/en/ac/train/binary/b7/version_9/data/en/train_subset/test_nz.txt'}
2024-05-14 14:27:39,088 - progress - INFO - 	Batch size: 96
2024-05-14 14:27:39,093 - progress - INFO - Creating dataloader for logs/en/ac/train/binary/b7/version_9/data/en/train_subset/test_ph.txt
2024-05-14 14:27:39,094 - progress - INFO - 	Dataloader config: {'sample_rate': 16000, 'batch_size': 96, 'num_workers': 10, 'pin_memory': True, 'use_start_end_token': False, 'trim_silence': False, 'is_tarred': False, 'tarred_audio_filepaths': None, 'shuffle_n': 2048, 'bucketing_strategy': 'synced_randomized', 'bucketing_batch_size': None, 'return_sample_id': False, 'drop_last': False, 'asr_repo': 'whisper', 'shuffle': False, 'manifest_filepath': 'logs/en/ac/train/binary/b7/version_9/data/en/train_subset/test_ph.txt'}
2024-05-14 14:27:39,095 - progress - INFO - 	Batch size: 96
2024-05-14 14:27:39,235 - progress - INFO - Creating dataloader for logs/en/ac/train/binary/b7/version_9/data/en/train_subset/test_sc.txt
2024-05-14 14:27:39,235 - progress - INFO - 	Dataloader config: {'sample_rate': 16000, 'batch_size': 96, 'num_workers': 10, 'pin_memory': True, 'use_start_end_token': False, 'trim_silence': False, 'is_tarred': False, 'tarred_audio_filepaths': None, 'shuffle_n': 2048, 'bucketing_strategy': 'synced_randomized', 'bucketing_batch_size': None, 'return_sample_id': False, 'drop_last': False, 'asr_repo': 'whisper', 'shuffle': False, 'manifest_filepath': 'logs/en/ac/train/binary/b7/version_9/data/en/train_subset/test_sc.txt'}
2024-05-14 14:27:39,236 - progress - INFO - 	Batch size: 96
2024-05-14 14:27:39,244 - progress - INFO - Creating dataloader for logs/en/ac/train/binary/b7/version_9/data/en/train_subset/test_sg.txt
2024-05-14 14:27:39,246 - progress - INFO - 	Dataloader config: {'sample_rate': 16000, 'batch_size': 96, 'num_workers': 10, 'pin_memory': True, 'use_start_end_token': False, 'trim_silence': False, 'is_tarred': False, 'tarred_audio_filepaths': None, 'shuffle_n': 2048, 'bucketing_strategy': 'synced_randomized', 'bucketing_batch_size': None, 'return_sample_id': False, 'drop_last': False, 'asr_repo': 'whisper', 'shuffle': False, 'manifest_filepath': 'logs/en/ac/train/binary/b7/version_9/data/en/train_subset/test_sg.txt'}
2024-05-14 14:27:39,248 - progress - INFO - 	Batch size: 96
2024-05-14 14:27:39,435 - progress - INFO - Creating dataloader for logs/en/ac/train/binary/b7/version_9/data/en/train_subset/test_za.txt
2024-05-14 14:27:39,436 - progress - INFO - 	Dataloader config: {'sample_rate': 16000, 'batch_size': 96, 'num_workers': 10, 'pin_memory': True, 'use_start_end_token': False, 'trim_silence': False, 'is_tarred': False, 'tarred_audio_filepaths': None, 'shuffle_n': 2048, 'bucketing_strategy': 'synced_randomized', 'bucketing_batch_size': None, 'return_sample_id': False, 'drop_last': False, 'asr_repo': 'whisper', 'shuffle': False, 'manifest_filepath': 'logs/en/ac/train/binary/b7/version_9/data/en/train_subset/test_za.txt'}
2024-05-14 14:27:39,437 - progress - INFO - 	Batch size: 96
