2024-06-19 16:52:32,967 - progress - INFO - Creating dataloader for logs/en/ensemble/train/binary/b7/DAT/version_81/data/en/train_subset/test_us.txt
2024-06-19 16:52:32,968 - progress - INFO - 	Dataloader config: {'sample_rate': 16000, 'batch_size': 8, 'num_workers': 10, 'pin_memory': True, 'use_start_end_token': False, 'trim_silence': False, 'is_tarred': False, 'tarred_audio_filepaths': None, 'shuffle_n': 2048, 'bucketing_strategy': 'synced_randomized', 'bucketing_batch_size': None, 'return_sample_id': False, 'drop_last': False, 'asr_repo': 'whisper', 'shuffle': False, 'manifest_filepath': 'logs/en/ensemble/train/binary/b7/DAT/version_81/data/en/train_subset/test_us.txt'}
2024-06-19 16:52:32,969 - progress - INFO - 	Batch size: 8
2024-06-19 16:52:33,218 - progress - INFO - Creating dataloader for logs/en/ensemble/train/binary/b7/DAT/version_81/data/en/train_subset/test_ca.txt
2024-06-19 16:52:33,218 - progress - INFO - 	Dataloader config: {'sample_rate': 16000, 'batch_size': 8, 'num_workers': 10, 'pin_memory': True, 'use_start_end_token': False, 'trim_silence': False, 'is_tarred': False, 'tarred_audio_filepaths': None, 'shuffle_n': 2048, 'bucketing_strategy': 'synced_randomized', 'bucketing_batch_size': None, 'return_sample_id': False, 'drop_last': False, 'asr_repo': 'whisper', 'shuffle': False, 'manifest_filepath': 'logs/en/ensemble/train/binary/b7/DAT/version_81/data/en/train_subset/test_ca.txt'}
2024-06-19 16:52:33,219 - progress - INFO - 	Batch size: 8
2024-06-19 16:52:33,222 - progress - INFO - Creating dataloader for logs/en/ensemble/train/binary/b7/DAT/version_81/data/en/train_subset/test_uk.txt
2024-06-19 16:52:33,222 - progress - INFO - 	Dataloader config: {'sample_rate': 16000, 'batch_size': 8, 'num_workers': 10, 'pin_memory': True, 'use_start_end_token': False, 'trim_silence': False, 'is_tarred': False, 'tarred_audio_filepaths': None, 'shuffle_n': 2048, 'bucketing_strategy': 'synced_randomized', 'bucketing_batch_size': None, 'return_sample_id': False, 'drop_last': False, 'asr_repo': 'whisper', 'shuffle': False, 'manifest_filepath': 'logs/en/ensemble/train/binary/b7/DAT/version_81/data/en/train_subset/test_uk.txt'}
2024-06-19 16:52:33,223 - progress - INFO - 	Batch size: 8
2024-06-19 16:52:33,227 - progress - INFO - Creating dataloader for logs/en/ensemble/train/binary/b7/DAT/version_81/data/en/train_subset/test_in.txt
2024-06-19 16:52:33,227 - progress - INFO - 	Dataloader config: {'sample_rate': 16000, 'batch_size': 8, 'num_workers': 10, 'pin_memory': True, 'use_start_end_token': False, 'trim_silence': False, 'is_tarred': False, 'tarred_audio_filepaths': None, 'shuffle_n': 2048, 'bucketing_strategy': 'synced_randomized', 'bucketing_batch_size': None, 'return_sample_id': False, 'drop_last': False, 'asr_repo': 'whisper', 'shuffle': False, 'manifest_filepath': 'logs/en/ensemble/train/binary/b7/DAT/version_81/data/en/train_subset/test_in.txt'}
2024-06-19 16:52:33,228 - progress - INFO - 	Batch size: 8
2024-06-19 16:52:33,230 - progress - INFO - Creating dataloader for logs/en/ensemble/train/binary/b7/DAT/version_81/data/en/train_subset/test_de.txt
2024-06-19 16:52:33,231 - progress - INFO - 	Dataloader config: {'sample_rate': 16000, 'batch_size': 8, 'num_workers': 10, 'pin_memory': True, 'use_start_end_token': False, 'trim_silence': False, 'is_tarred': False, 'tarred_audio_filepaths': None, 'shuffle_n': 2048, 'bucketing_strategy': 'synced_randomized', 'bucketing_batch_size': None, 'return_sample_id': False, 'drop_last': False, 'asr_repo': 'whisper', 'shuffle': False, 'manifest_filepath': 'logs/en/ensemble/train/binary/b7/DAT/version_81/data/en/train_subset/test_de.txt'}
2024-06-19 16:52:33,231 - progress - INFO - 	Batch size: 8
2024-06-19 16:52:33,234 - progress - INFO - Creating dataloader for logs/en/ensemble/train/binary/b7/DAT/version_81/data/en/train_subset/test_au.txt
2024-06-19 16:52:33,234 - progress - INFO - 	Dataloader config: {'sample_rate': 16000, 'batch_size': 8, 'num_workers': 10, 'pin_memory': True, 'use_start_end_token': False, 'trim_silence': False, 'is_tarred': False, 'tarred_audio_filepaths': None, 'shuffle_n': 2048, 'bucketing_strategy': 'synced_randomized', 'bucketing_batch_size': None, 'return_sample_id': False, 'drop_last': False, 'asr_repo': 'whisper', 'shuffle': False, 'manifest_filepath': 'logs/en/ensemble/train/binary/b7/DAT/version_81/data/en/train_subset/test_au.txt'}
2024-06-19 16:52:33,235 - progress - INFO - 	Batch size: 8
2024-06-19 16:52:33,237 - progress - INFO - Creating dataloader for logs/en/ensemble/train/binary/b7/DAT/version_81/data/en/train_subset/test_hk.txt
2024-06-19 16:52:33,238 - progress - INFO - 	Dataloader config: {'sample_rate': 16000, 'batch_size': 8, 'num_workers': 10, 'pin_memory': True, 'use_start_end_token': False, 'trim_silence': False, 'is_tarred': False, 'tarred_audio_filepaths': None, 'shuffle_n': 2048, 'bucketing_strategy': 'synced_randomized', 'bucketing_batch_size': None, 'return_sample_id': False, 'drop_last': False, 'asr_repo': 'whisper', 'shuffle': False, 'manifest_filepath': 'logs/en/ensemble/train/binary/b7/DAT/version_81/data/en/train_subset/test_hk.txt'}
2024-06-19 16:52:33,239 - progress - INFO - 	Batch size: 8
2024-06-19 16:52:33,241 - progress - INFO - Creating dataloader for logs/en/ensemble/train/binary/b7/DAT/version_81/data/en/train_subset/test_ie.txt
2024-06-19 16:52:33,241 - progress - INFO - 	Dataloader config: {'sample_rate': 16000, 'batch_size': 8, 'num_workers': 10, 'pin_memory': True, 'use_start_end_token': False, 'trim_silence': False, 'is_tarred': False, 'tarred_audio_filepaths': None, 'shuffle_n': 2048, 'bucketing_strategy': 'synced_randomized', 'bucketing_batch_size': None, 'return_sample_id': False, 'drop_last': False, 'asr_repo': 'whisper', 'shuffle': False, 'manifest_filepath': 'logs/en/ensemble/train/binary/b7/DAT/version_81/data/en/train_subset/test_ie.txt'}
2024-06-19 16:52:33,242 - progress - INFO - 	Batch size: 8
2024-06-19 16:52:33,245 - progress - INFO - Creating dataloader for logs/en/ensemble/train/binary/b7/DAT/version_81/data/en/train_subset/test_ni.txt
2024-06-19 16:52:33,245 - progress - INFO - 	Dataloader config: {'sample_rate': 16000, 'batch_size': 8, 'num_workers': 10, 'pin_memory': True, 'use_start_end_token': False, 'trim_silence': False, 'is_tarred': False, 'tarred_audio_filepaths': None, 'shuffle_n': 2048, 'bucketing_strategy': 'synced_randomized', 'bucketing_batch_size': None, 'return_sample_id': False, 'drop_last': False, 'asr_repo': 'whisper', 'shuffle': False, 'manifest_filepath': 'logs/en/ensemble/train/binary/b7/DAT/version_81/data/en/train_subset/test_ni.txt'}
2024-06-19 16:52:33,246 - progress - INFO - 	Batch size: 8
2024-06-19 16:52:33,248 - progress - INFO - Creating dataloader for logs/en/ensemble/train/binary/b7/DAT/version_81/data/en/train_subset/test_nz.txt
2024-06-19 16:52:33,249 - progress - INFO - 	Dataloader config: {'sample_rate': 16000, 'batch_size': 8, 'num_workers': 10, 'pin_memory': True, 'use_start_end_token': False, 'trim_silence': False, 'is_tarred': False, 'tarred_audio_filepaths': None, 'shuffle_n': 2048, 'bucketing_strategy': 'synced_randomized', 'bucketing_batch_size': None, 'return_sample_id': False, 'drop_last': False, 'asr_repo': 'whisper', 'shuffle': False, 'manifest_filepath': 'logs/en/ensemble/train/binary/b7/DAT/version_81/data/en/train_subset/test_nz.txt'}
2024-06-19 16:52:33,249 - progress - INFO - 	Batch size: 8
2024-06-19 16:52:33,252 - progress - INFO - Creating dataloader for logs/en/ensemble/train/binary/b7/DAT/version_81/data/en/train_subset/test_ph.txt
2024-06-19 16:52:33,253 - progress - INFO - 	Dataloader config: {'sample_rate': 16000, 'batch_size': 8, 'num_workers': 10, 'pin_memory': True, 'use_start_end_token': False, 'trim_silence': False, 'is_tarred': False, 'tarred_audio_filepaths': None, 'shuffle_n': 2048, 'bucketing_strategy': 'synced_randomized', 'bucketing_batch_size': None, 'return_sample_id': False, 'drop_last': False, 'asr_repo': 'whisper', 'shuffle': False, 'manifest_filepath': 'logs/en/ensemble/train/binary/b7/DAT/version_81/data/en/train_subset/test_ph.txt'}
2024-06-19 16:52:33,253 - progress - INFO - 	Batch size: 8
2024-06-19 16:52:33,256 - progress - INFO - Creating dataloader for logs/en/ensemble/train/binary/b7/DAT/version_81/data/en/train_subset/test_sc.txt
2024-06-19 16:52:33,256 - progress - INFO - 	Dataloader config: {'sample_rate': 16000, 'batch_size': 8, 'num_workers': 10, 'pin_memory': True, 'use_start_end_token': False, 'trim_silence': False, 'is_tarred': False, 'tarred_audio_filepaths': None, 'shuffle_n': 2048, 'bucketing_strategy': 'synced_randomized', 'bucketing_batch_size': None, 'return_sample_id': False, 'drop_last': False, 'asr_repo': 'whisper', 'shuffle': False, 'manifest_filepath': 'logs/en/ensemble/train/binary/b7/DAT/version_81/data/en/train_subset/test_sc.txt'}
2024-06-19 16:52:33,257 - progress - INFO - 	Batch size: 8
2024-06-19 16:52:33,259 - progress - INFO - Creating dataloader for logs/en/ensemble/train/binary/b7/DAT/version_81/data/en/train_subset/test_sg.txt
2024-06-19 16:52:33,260 - progress - INFO - 	Dataloader config: {'sample_rate': 16000, 'batch_size': 8, 'num_workers': 10, 'pin_memory': True, 'use_start_end_token': False, 'trim_silence': False, 'is_tarred': False, 'tarred_audio_filepaths': None, 'shuffle_n': 2048, 'bucketing_strategy': 'synced_randomized', 'bucketing_batch_size': None, 'return_sample_id': False, 'drop_last': False, 'asr_repo': 'whisper', 'shuffle': False, 'manifest_filepath': 'logs/en/ensemble/train/binary/b7/DAT/version_81/data/en/train_subset/test_sg.txt'}
2024-06-19 16:52:33,261 - progress - INFO - 	Batch size: 8
2024-06-19 16:52:33,263 - progress - INFO - Creating dataloader for logs/en/ensemble/train/binary/b7/DAT/version_81/data/en/train_subset/test_za.txt
2024-06-19 16:52:33,263 - progress - INFO - 	Dataloader config: {'sample_rate': 16000, 'batch_size': 8, 'num_workers': 10, 'pin_memory': True, 'use_start_end_token': False, 'trim_silence': False, 'is_tarred': False, 'tarred_audio_filepaths': None, 'shuffle_n': 2048, 'bucketing_strategy': 'synced_randomized', 'bucketing_batch_size': None, 'return_sample_id': False, 'drop_last': False, 'asr_repo': 'whisper', 'shuffle': False, 'manifest_filepath': 'logs/en/ensemble/train/binary/b7/DAT/version_81/data/en/train_subset/test_za.txt'}
2024-06-19 16:52:33,264 - progress - INFO - 	Batch size: 8
2024-06-19 17:01:01,616 - progress - INFO - Configuring optimizers
2024-06-19 17:01:01,621 - progress - INFO - Creating dataloader for ['logs/en/ensemble/train/binary/b7/DAT/version_81/data/en/train_subset/train_us.txt']
2024-06-19 17:01:01,621 - progress - INFO - 	Dataloader config: {'sample_rate': 16000, 'batch_size': 8, 'num_workers': 10, 'pin_memory': True, 'use_start_end_token': False, 'trim_silence': False, 'is_tarred': False, 'tarred_audio_filepaths': None, 'shuffle_n': 2048, 'bucketing_strategy': 'synced_randomized', 'bucketing_batch_size': None, 'return_sample_id': False, 'drop_last': False, 'asr_repo': 'whisper', 'shuffle': True, 'manifest_filepath': ['logs/en/ensemble/train/binary/b7/DAT/version_81/data/en/train_subset/train_us.txt']}
2024-06-19 17:01:01,622 - progress - INFO - 	Batch size: 8
2024-06-19 17:01:01,661 - progress - INFO - Creating dataloader for ['logs/en/ensemble/train/binary/b7/DAT/version_81/data/en/train_subset/train_ca.txt', 'logs/en/ensemble/train/binary/b7/DAT/version_81/data/en/train_subset/train_uk.txt', 'logs/en/ensemble/train/binary/b7/DAT/version_81/data/en/train_subset/train_in.txt', 'logs/en/ensemble/train/binary/b7/DAT/version_81/data/en/train_subset/train_de.txt', 'logs/en/ensemble/train/binary/b7/DAT/version_81/data/en/train_subset/train_au.txt']
2024-06-19 17:01:01,662 - progress - INFO - 	Dataloader config: {'sample_rate': 16000, 'batch_size': 8, 'num_workers': 10, 'pin_memory': True, 'use_start_end_token': False, 'trim_silence': False, 'is_tarred': False, 'tarred_audio_filepaths': None, 'shuffle_n': 2048, 'bucketing_strategy': 'synced_randomized', 'bucketing_batch_size': None, 'return_sample_id': False, 'drop_last': False, 'asr_repo': 'whisper', 'shuffle': True, 'manifest_filepath': ['logs/en/ensemble/train/binary/b7/DAT/version_81/data/en/train_subset/train_ca.txt', 'logs/en/ensemble/train/binary/b7/DAT/version_81/data/en/train_subset/train_uk.txt', 'logs/en/ensemble/train/binary/b7/DAT/version_81/data/en/train_subset/train_in.txt', 'logs/en/ensemble/train/binary/b7/DAT/version_81/data/en/train_subset/train_de.txt', 'logs/en/ensemble/train/binary/b7/DAT/version_81/data/en/train_subset/train_au.txt']}
2024-06-19 17:01:01,662 - progress - INFO - 	Batch size: 8
2024-06-19 17:01:01,762 - progress - INFO - Scheduler max. steps: 960
2024-06-19 17:01:01,775 - progress - INFO - Creating dataloader for ['logs/en/ensemble/train/binary/b7/DAT/version_81/data/en/train_subset/train_us.txt']
2024-06-19 17:01:01,775 - progress - INFO - 	Dataloader config: {'sample_rate': 16000, 'batch_size': 8, 'num_workers': 10, 'pin_memory': True, 'use_start_end_token': False, 'trim_silence': False, 'is_tarred': False, 'tarred_audio_filepaths': None, 'shuffle_n': 2048, 'bucketing_strategy': 'synced_randomized', 'bucketing_batch_size': None, 'return_sample_id': False, 'drop_last': False, 'asr_repo': 'whisper', 'shuffle': True, 'manifest_filepath': ['logs/en/ensemble/train/binary/b7/DAT/version_81/data/en/train_subset/train_us.txt']}
2024-06-19 17:01:01,776 - progress - INFO - 	Batch size: 8
2024-06-19 17:01:01,793 - progress - INFO - Creating dataloader for ['logs/en/ensemble/train/binary/b7/DAT/version_81/data/en/train_subset/train_ca.txt', 'logs/en/ensemble/train/binary/b7/DAT/version_81/data/en/train_subset/train_uk.txt', 'logs/en/ensemble/train/binary/b7/DAT/version_81/data/en/train_subset/train_in.txt', 'logs/en/ensemble/train/binary/b7/DAT/version_81/data/en/train_subset/train_de.txt', 'logs/en/ensemble/train/binary/b7/DAT/version_81/data/en/train_subset/train_au.txt']
2024-06-19 17:01:01,794 - progress - INFO - 	Dataloader config: {'sample_rate': 16000, 'batch_size': 8, 'num_workers': 10, 'pin_memory': True, 'use_start_end_token': False, 'trim_silence': False, 'is_tarred': False, 'tarred_audio_filepaths': None, 'shuffle_n': 2048, 'bucketing_strategy': 'synced_randomized', 'bucketing_batch_size': None, 'return_sample_id': False, 'drop_last': False, 'asr_repo': 'whisper', 'shuffle': True, 'manifest_filepath': ['logs/en/ensemble/train/binary/b7/DAT/version_81/data/en/train_subset/train_ca.txt', 'logs/en/ensemble/train/binary/b7/DAT/version_81/data/en/train_subset/train_uk.txt', 'logs/en/ensemble/train/binary/b7/DAT/version_81/data/en/train_subset/train_in.txt', 'logs/en/ensemble/train/binary/b7/DAT/version_81/data/en/train_subset/train_de.txt', 'logs/en/ensemble/train/binary/b7/DAT/version_81/data/en/train_subset/train_au.txt']}
2024-06-19 17:01:01,794 - progress - INFO - 	Batch size: 8
2024-06-19 17:01:01,815 - progress - INFO - Creating dataloader for logs/en/ensemble/train/binary/b7/DAT/version_81/data/en/train_subset/test_us.txt
2024-06-19 17:01:01,816 - progress - INFO - 	Dataloader config: {'sample_rate': 16000, 'batch_size': 8, 'num_workers': 10, 'pin_memory': True, 'use_start_end_token': False, 'trim_silence': False, 'is_tarred': False, 'tarred_audio_filepaths': None, 'shuffle_n': 2048, 'bucketing_strategy': 'synced_randomized', 'bucketing_batch_size': None, 'return_sample_id': False, 'drop_last': False, 'asr_repo': 'whisper', 'shuffle': False, 'manifest_filepath': 'logs/en/ensemble/train/binary/b7/DAT/version_81/data/en/train_subset/test_us.txt'}
2024-06-19 17:01:01,817 - progress - INFO - 	Batch size: 8
2024-06-19 17:01:01,823 - progress - INFO - Creating dataloader for logs/en/ensemble/train/binary/b7/DAT/version_81/data/en/train_subset/test_ca.txt
2024-06-19 17:01:01,823 - progress - INFO - 	Dataloader config: {'sample_rate': 16000, 'batch_size': 8, 'num_workers': 10, 'pin_memory': True, 'use_start_end_token': False, 'trim_silence': False, 'is_tarred': False, 'tarred_audio_filepaths': None, 'shuffle_n': 2048, 'bucketing_strategy': 'synced_randomized', 'bucketing_batch_size': None, 'return_sample_id': False, 'drop_last': False, 'asr_repo': 'whisper', 'shuffle': False, 'manifest_filepath': 'logs/en/ensemble/train/binary/b7/DAT/version_81/data/en/train_subset/test_ca.txt'}
2024-06-19 17:01:01,824 - progress - INFO - 	Batch size: 8
2024-06-19 17:01:01,826 - progress - INFO - Creating dataloader for logs/en/ensemble/train/binary/b7/DAT/version_81/data/en/train_subset/test_uk.txt
2024-06-19 17:01:01,827 - progress - INFO - 	Dataloader config: {'sample_rate': 16000, 'batch_size': 8, 'num_workers': 10, 'pin_memory': True, 'use_start_end_token': False, 'trim_silence': False, 'is_tarred': False, 'tarred_audio_filepaths': None, 'shuffle_n': 2048, 'bucketing_strategy': 'synced_randomized', 'bucketing_batch_size': None, 'return_sample_id': False, 'drop_last': False, 'asr_repo': 'whisper', 'shuffle': False, 'manifest_filepath': 'logs/en/ensemble/train/binary/b7/DAT/version_81/data/en/train_subset/test_uk.txt'}
2024-06-19 17:01:01,827 - progress - INFO - 	Batch size: 8
2024-06-19 17:01:01,831 - progress - INFO - Creating dataloader for logs/en/ensemble/train/binary/b7/DAT/version_81/data/en/train_subset/test_in.txt
2024-06-19 17:01:01,832 - progress - INFO - 	Dataloader config: {'sample_rate': 16000, 'batch_size': 8, 'num_workers': 10, 'pin_memory': True, 'use_start_end_token': False, 'trim_silence': False, 'is_tarred': False, 'tarred_audio_filepaths': None, 'shuffle_n': 2048, 'bucketing_strategy': 'synced_randomized', 'bucketing_batch_size': None, 'return_sample_id': False, 'drop_last': False, 'asr_repo': 'whisper', 'shuffle': False, 'manifest_filepath': 'logs/en/ensemble/train/binary/b7/DAT/version_81/data/en/train_subset/test_in.txt'}
2024-06-19 17:01:01,832 - progress - INFO - 	Batch size: 8
2024-06-19 17:01:01,835 - progress - INFO - Creating dataloader for logs/en/ensemble/train/binary/b7/DAT/version_81/data/en/train_subset/test_de.txt
2024-06-19 17:01:01,836 - progress - INFO - 	Dataloader config: {'sample_rate': 16000, 'batch_size': 8, 'num_workers': 10, 'pin_memory': True, 'use_start_end_token': False, 'trim_silence': False, 'is_tarred': False, 'tarred_audio_filepaths': None, 'shuffle_n': 2048, 'bucketing_strategy': 'synced_randomized', 'bucketing_batch_size': None, 'return_sample_id': False, 'drop_last': False, 'asr_repo': 'whisper', 'shuffle': False, 'manifest_filepath': 'logs/en/ensemble/train/binary/b7/DAT/version_81/data/en/train_subset/test_de.txt'}
2024-06-19 17:01:01,836 - progress - INFO - 	Batch size: 8
2024-06-19 17:01:01,838 - progress - INFO - Creating dataloader for logs/en/ensemble/train/binary/b7/DAT/version_81/data/en/train_subset/test_au.txt
2024-06-19 17:01:01,839 - progress - INFO - 	Dataloader config: {'sample_rate': 16000, 'batch_size': 8, 'num_workers': 10, 'pin_memory': True, 'use_start_end_token': False, 'trim_silence': False, 'is_tarred': False, 'tarred_audio_filepaths': None, 'shuffle_n': 2048, 'bucketing_strategy': 'synced_randomized', 'bucketing_batch_size': None, 'return_sample_id': False, 'drop_last': False, 'asr_repo': 'whisper', 'shuffle': False, 'manifest_filepath': 'logs/en/ensemble/train/binary/b7/DAT/version_81/data/en/train_subset/test_au.txt'}
2024-06-19 17:01:01,840 - progress - INFO - 	Batch size: 8
2024-06-19 17:01:01,842 - progress - INFO - Creating dataloader for logs/en/ensemble/train/binary/b7/DAT/version_81/data/en/train_subset/test_hk.txt
2024-06-19 17:01:01,843 - progress - INFO - 	Dataloader config: {'sample_rate': 16000, 'batch_size': 8, 'num_workers': 10, 'pin_memory': True, 'use_start_end_token': False, 'trim_silence': False, 'is_tarred': False, 'tarred_audio_filepaths': None, 'shuffle_n': 2048, 'bucketing_strategy': 'synced_randomized', 'bucketing_batch_size': None, 'return_sample_id': False, 'drop_last': False, 'asr_repo': 'whisper', 'shuffle': False, 'manifest_filepath': 'logs/en/ensemble/train/binary/b7/DAT/version_81/data/en/train_subset/test_hk.txt'}
2024-06-19 17:01:01,843 - progress - INFO - 	Batch size: 8
2024-06-19 17:01:01,846 - progress - INFO - Creating dataloader for logs/en/ensemble/train/binary/b7/DAT/version_81/data/en/train_subset/test_ie.txt
2024-06-19 17:01:01,846 - progress - INFO - 	Dataloader config: {'sample_rate': 16000, 'batch_size': 8, 'num_workers': 10, 'pin_memory': True, 'use_start_end_token': False, 'trim_silence': False, 'is_tarred': False, 'tarred_audio_filepaths': None, 'shuffle_n': 2048, 'bucketing_strategy': 'synced_randomized', 'bucketing_batch_size': None, 'return_sample_id': False, 'drop_last': False, 'asr_repo': 'whisper', 'shuffle': False, 'manifest_filepath': 'logs/en/ensemble/train/binary/b7/DAT/version_81/data/en/train_subset/test_ie.txt'}
2024-06-19 17:01:01,847 - progress - INFO - 	Batch size: 8
2024-06-19 17:01:01,849 - progress - INFO - Creating dataloader for logs/en/ensemble/train/binary/b7/DAT/version_81/data/en/train_subset/test_ni.txt
2024-06-19 17:01:01,850 - progress - INFO - 	Dataloader config: {'sample_rate': 16000, 'batch_size': 8, 'num_workers': 10, 'pin_memory': True, 'use_start_end_token': False, 'trim_silence': False, 'is_tarred': False, 'tarred_audio_filepaths': None, 'shuffle_n': 2048, 'bucketing_strategy': 'synced_randomized', 'bucketing_batch_size': None, 'return_sample_id': False, 'drop_last': False, 'asr_repo': 'whisper', 'shuffle': False, 'manifest_filepath': 'logs/en/ensemble/train/binary/b7/DAT/version_81/data/en/train_subset/test_ni.txt'}
2024-06-19 17:01:01,850 - progress - INFO - 	Batch size: 8
2024-06-19 17:01:01,853 - progress - INFO - Creating dataloader for logs/en/ensemble/train/binary/b7/DAT/version_81/data/en/train_subset/test_nz.txt
2024-06-19 17:01:01,854 - progress - INFO - 	Dataloader config: {'sample_rate': 16000, 'batch_size': 8, 'num_workers': 10, 'pin_memory': True, 'use_start_end_token': False, 'trim_silence': False, 'is_tarred': False, 'tarred_audio_filepaths': None, 'shuffle_n': 2048, 'bucketing_strategy': 'synced_randomized', 'bucketing_batch_size': None, 'return_sample_id': False, 'drop_last': False, 'asr_repo': 'whisper', 'shuffle': False, 'manifest_filepath': 'logs/en/ensemble/train/binary/b7/DAT/version_81/data/en/train_subset/test_nz.txt'}
2024-06-19 17:01:01,854 - progress - INFO - 	Batch size: 8
2024-06-19 17:01:01,857 - progress - INFO - Creating dataloader for logs/en/ensemble/train/binary/b7/DAT/version_81/data/en/train_subset/test_ph.txt
2024-06-19 17:01:01,857 - progress - INFO - 	Dataloader config: {'sample_rate': 16000, 'batch_size': 8, 'num_workers': 10, 'pin_memory': True, 'use_start_end_token': False, 'trim_silence': False, 'is_tarred': False, 'tarred_audio_filepaths': None, 'shuffle_n': 2048, 'bucketing_strategy': 'synced_randomized', 'bucketing_batch_size': None, 'return_sample_id': False, 'drop_last': False, 'asr_repo': 'whisper', 'shuffle': False, 'manifest_filepath': 'logs/en/ensemble/train/binary/b7/DAT/version_81/data/en/train_subset/test_ph.txt'}
2024-06-19 17:01:01,858 - progress - INFO - 	Batch size: 8
2024-06-19 17:01:01,860 - progress - INFO - Creating dataloader for logs/en/ensemble/train/binary/b7/DAT/version_81/data/en/train_subset/test_sc.txt
2024-06-19 17:01:01,861 - progress - INFO - 	Dataloader config: {'sample_rate': 16000, 'batch_size': 8, 'num_workers': 10, 'pin_memory': True, 'use_start_end_token': False, 'trim_silence': False, 'is_tarred': False, 'tarred_audio_filepaths': None, 'shuffle_n': 2048, 'bucketing_strategy': 'synced_randomized', 'bucketing_batch_size': None, 'return_sample_id': False, 'drop_last': False, 'asr_repo': 'whisper', 'shuffle': False, 'manifest_filepath': 'logs/en/ensemble/train/binary/b7/DAT/version_81/data/en/train_subset/test_sc.txt'}
2024-06-19 17:01:01,862 - progress - INFO - 	Batch size: 8
2024-06-19 17:01:01,865 - progress - INFO - Creating dataloader for logs/en/ensemble/train/binary/b7/DAT/version_81/data/en/train_subset/test_sg.txt
2024-06-19 17:01:01,865 - progress - INFO - 	Dataloader config: {'sample_rate': 16000, 'batch_size': 8, 'num_workers': 10, 'pin_memory': True, 'use_start_end_token': False, 'trim_silence': False, 'is_tarred': False, 'tarred_audio_filepaths': None, 'shuffle_n': 2048, 'bucketing_strategy': 'synced_randomized', 'bucketing_batch_size': None, 'return_sample_id': False, 'drop_last': False, 'asr_repo': 'whisper', 'shuffle': False, 'manifest_filepath': 'logs/en/ensemble/train/binary/b7/DAT/version_81/data/en/train_subset/test_sg.txt'}
2024-06-19 17:01:01,866 - progress - INFO - 	Batch size: 8
2024-06-19 17:01:01,868 - progress - INFO - Creating dataloader for logs/en/ensemble/train/binary/b7/DAT/version_81/data/en/train_subset/test_za.txt
2024-06-19 17:01:01,869 - progress - INFO - 	Dataloader config: {'sample_rate': 16000, 'batch_size': 8, 'num_workers': 10, 'pin_memory': True, 'use_start_end_token': False, 'trim_silence': False, 'is_tarred': False, 'tarred_audio_filepaths': None, 'shuffle_n': 2048, 'bucketing_strategy': 'synced_randomized', 'bucketing_batch_size': None, 'return_sample_id': False, 'drop_last': False, 'asr_repo': 'whisper', 'shuffle': False, 'manifest_filepath': 'logs/en/ensemble/train/binary/b7/DAT/version_81/data/en/train_subset/test_za.txt'}
2024-06-19 17:01:01,870 - progress - INFO - 	Batch size: 8
