2023-07-27 10:36:43,797 - progress - INFO - Creating dataloader for logs/en/asr/train/version_8/data/en/train_split/test_us.txt
2023-07-27 10:36:43,798 - progress - INFO - 	Dataloader config: {'sample_rate': 16000, 'batch_size': 12, 'num_workers': 10, 'pin_memory': True, 'use_start_end_token': False, 'trim_silence': False, 'is_tarred': False, 'tarred_audio_filepaths': None, 'shuffle_n': 2048, 'bucketing_strategy': 'synced_randomized', 'bucketing_batch_size': None, 'return_sample_id': False, 'drop_last': False, 'asr_repo': 'whisper', 'shuffle': False, 'manifest_filepath': 'logs/en/asr/train/version_8/data/en/train_split/test_us.txt'}
2023-07-27 10:36:43,799 - progress - INFO - 	Batch size: 12
2023-07-27 10:36:44,215 - progress - INFO - Creating dataloader for logs/en/asr/train/version_8/data/en/train_split/test_ca.txt
2023-07-27 10:36:44,216 - progress - INFO - 	Dataloader config: {'sample_rate': 16000, 'batch_size': 12, 'num_workers': 10, 'pin_memory': True, 'use_start_end_token': False, 'trim_silence': False, 'is_tarred': False, 'tarred_audio_filepaths': None, 'shuffle_n': 2048, 'bucketing_strategy': 'synced_randomized', 'bucketing_batch_size': None, 'return_sample_id': False, 'drop_last': False, 'asr_repo': 'whisper', 'shuffle': False, 'manifest_filepath': 'logs/en/asr/train/version_8/data/en/train_split/test_ca.txt'}
2023-07-27 10:36:44,217 - progress - INFO - 	Batch size: 12
2023-07-27 10:36:44,226 - progress - INFO - Creating dataloader for logs/en/asr/train/version_8/data/en/train_split/test_uk.txt
2023-07-27 10:36:44,227 - progress - INFO - 	Dataloader config: {'sample_rate': 16000, 'batch_size': 12, 'num_workers': 10, 'pin_memory': True, 'use_start_end_token': False, 'trim_silence': False, 'is_tarred': False, 'tarred_audio_filepaths': None, 'shuffle_n': 2048, 'bucketing_strategy': 'synced_randomized', 'bucketing_batch_size': None, 'return_sample_id': False, 'drop_last': False, 'asr_repo': 'whisper', 'shuffle': False, 'manifest_filepath': 'logs/en/asr/train/version_8/data/en/train_split/test_uk.txt'}
2023-07-27 10:36:44,228 - progress - INFO - 	Batch size: 12
2023-07-27 10:36:44,247 - progress - INFO - Creating dataloader for logs/en/asr/train/version_8/data/en/train_split/test_in.txt
2023-07-27 10:36:44,248 - progress - INFO - 	Dataloader config: {'sample_rate': 16000, 'batch_size': 12, 'num_workers': 10, 'pin_memory': True, 'use_start_end_token': False, 'trim_silence': False, 'is_tarred': False, 'tarred_audio_filepaths': None, 'shuffle_n': 2048, 'bucketing_strategy': 'synced_randomized', 'bucketing_batch_size': None, 'return_sample_id': False, 'drop_last': False, 'asr_repo': 'whisper', 'shuffle': False, 'manifest_filepath': 'logs/en/asr/train/version_8/data/en/train_split/test_in.txt'}
2023-07-27 10:36:44,248 - progress - INFO - 	Batch size: 12
2023-07-27 10:36:44,264 - progress - INFO - Creating dataloader for logs/en/asr/train/version_8/data/en/train_split/test_de.txt
2023-07-27 10:36:44,264 - progress - INFO - 	Dataloader config: {'sample_rate': 16000, 'batch_size': 12, 'num_workers': 10, 'pin_memory': True, 'use_start_end_token': False, 'trim_silence': False, 'is_tarred': False, 'tarred_audio_filepaths': None, 'shuffle_n': 2048, 'bucketing_strategy': 'synced_randomized', 'bucketing_batch_size': None, 'return_sample_id': False, 'drop_last': False, 'asr_repo': 'whisper', 'shuffle': False, 'manifest_filepath': 'logs/en/asr/train/version_8/data/en/train_split/test_de.txt'}
2023-07-27 10:36:44,265 - progress - INFO - 	Batch size: 12
2023-07-27 10:36:44,273 - progress - INFO - Creating dataloader for logs/en/asr/train/version_8/data/en/train_split/test_au.txt
2023-07-27 10:36:44,273 - progress - INFO - 	Dataloader config: {'sample_rate': 16000, 'batch_size': 12, 'num_workers': 10, 'pin_memory': True, 'use_start_end_token': False, 'trim_silence': False, 'is_tarred': False, 'tarred_audio_filepaths': None, 'shuffle_n': 2048, 'bucketing_strategy': 'synced_randomized', 'bucketing_batch_size': None, 'return_sample_id': False, 'drop_last': False, 'asr_repo': 'whisper', 'shuffle': False, 'manifest_filepath': 'logs/en/asr/train/version_8/data/en/train_split/test_au.txt'}
2023-07-27 10:36:44,274 - progress - INFO - 	Batch size: 12
2023-07-27 10:36:44,283 - progress - INFO - Creating dataloader for logs/en/asr/train/version_8/data/en/train_split/test_hk.txt
2023-07-27 10:36:44,284 - progress - INFO - 	Dataloader config: {'sample_rate': 16000, 'batch_size': 12, 'num_workers': 10, 'pin_memory': True, 'use_start_end_token': False, 'trim_silence': False, 'is_tarred': False, 'tarred_audio_filepaths': None, 'shuffle_n': 2048, 'bucketing_strategy': 'synced_randomized', 'bucketing_batch_size': None, 'return_sample_id': False, 'drop_last': False, 'asr_repo': 'whisper', 'shuffle': False, 'manifest_filepath': 'logs/en/asr/train/version_8/data/en/train_split/test_hk.txt'}
2023-07-27 10:36:44,285 - progress - INFO - 	Batch size: 12
2023-07-27 10:36:44,289 - progress - INFO - Creating dataloader for logs/en/asr/train/version_8/data/en/train_split/test_ie.txt
2023-07-27 10:36:44,290 - progress - INFO - 	Dataloader config: {'sample_rate': 16000, 'batch_size': 12, 'num_workers': 10, 'pin_memory': True, 'use_start_end_token': False, 'trim_silence': False, 'is_tarred': False, 'tarred_audio_filepaths': None, 'shuffle_n': 2048, 'bucketing_strategy': 'synced_randomized', 'bucketing_batch_size': None, 'return_sample_id': False, 'drop_last': False, 'asr_repo': 'whisper', 'shuffle': False, 'manifest_filepath': 'logs/en/asr/train/version_8/data/en/train_split/test_ie.txt'}
2023-07-27 10:36:44,291 - progress - INFO - 	Batch size: 12
2023-07-27 10:36:44,300 - progress - INFO - Creating dataloader for logs/en/asr/train/version_8/data/en/train_split/test_ni.txt
2023-07-27 10:36:44,301 - progress - INFO - 	Dataloader config: {'sample_rate': 16000, 'batch_size': 12, 'num_workers': 10, 'pin_memory': True, 'use_start_end_token': False, 'trim_silence': False, 'is_tarred': False, 'tarred_audio_filepaths': None, 'shuffle_n': 2048, 'bucketing_strategy': 'synced_randomized', 'bucketing_batch_size': None, 'return_sample_id': False, 'drop_last': False, 'asr_repo': 'whisper', 'shuffle': False, 'manifest_filepath': 'logs/en/asr/train/version_8/data/en/train_split/test_ni.txt'}
2023-07-27 10:36:44,301 - progress - INFO - 	Batch size: 12
2023-07-27 10:36:44,310 - progress - INFO - Creating dataloader for logs/en/asr/train/version_8/data/en/train_split/test_nz.txt
2023-07-27 10:36:44,310 - progress - INFO - 	Dataloader config: {'sample_rate': 16000, 'batch_size': 12, 'num_workers': 10, 'pin_memory': True, 'use_start_end_token': False, 'trim_silence': False, 'is_tarred': False, 'tarred_audio_filepaths': None, 'shuffle_n': 2048, 'bucketing_strategy': 'synced_randomized', 'bucketing_batch_size': None, 'return_sample_id': False, 'drop_last': False, 'asr_repo': 'whisper', 'shuffle': False, 'manifest_filepath': 'logs/en/asr/train/version_8/data/en/train_split/test_nz.txt'}
2023-07-27 10:36:44,311 - progress - INFO - 	Batch size: 12
2023-07-27 10:36:44,321 - progress - INFO - Creating dataloader for logs/en/asr/train/version_8/data/en/train_split/test_ph.txt
2023-07-27 10:36:44,322 - progress - INFO - 	Dataloader config: {'sample_rate': 16000, 'batch_size': 12, 'num_workers': 10, 'pin_memory': True, 'use_start_end_token': False, 'trim_silence': False, 'is_tarred': False, 'tarred_audio_filepaths': None, 'shuffle_n': 2048, 'bucketing_strategy': 'synced_randomized', 'bucketing_batch_size': None, 'return_sample_id': False, 'drop_last': False, 'asr_repo': 'whisper', 'shuffle': False, 'manifest_filepath': 'logs/en/asr/train/version_8/data/en/train_split/test_ph.txt'}
2023-07-27 10:36:44,322 - progress - INFO - 	Batch size: 12
2023-07-27 10:36:44,328 - progress - INFO - Creating dataloader for logs/en/asr/train/version_8/data/en/train_split/test_sc.txt
2023-07-27 10:36:44,328 - progress - INFO - 	Dataloader config: {'sample_rate': 16000, 'batch_size': 12, 'num_workers': 10, 'pin_memory': True, 'use_start_end_token': False, 'trim_silence': False, 'is_tarred': False, 'tarred_audio_filepaths': None, 'shuffle_n': 2048, 'bucketing_strategy': 'synced_randomized', 'bucketing_batch_size': None, 'return_sample_id': False, 'drop_last': False, 'asr_repo': 'whisper', 'shuffle': False, 'manifest_filepath': 'logs/en/asr/train/version_8/data/en/train_split/test_sc.txt'}
2023-07-27 10:36:44,329 - progress - INFO - 	Batch size: 12
2023-07-27 10:36:44,341 - progress - INFO - Creating dataloader for logs/en/asr/train/version_8/data/en/train_split/test_sg.txt
2023-07-27 10:36:44,342 - progress - INFO - 	Dataloader config: {'sample_rate': 16000, 'batch_size': 12, 'num_workers': 10, 'pin_memory': True, 'use_start_end_token': False, 'trim_silence': False, 'is_tarred': False, 'tarred_audio_filepaths': None, 'shuffle_n': 2048, 'bucketing_strategy': 'synced_randomized', 'bucketing_batch_size': None, 'return_sample_id': False, 'drop_last': False, 'asr_repo': 'whisper', 'shuffle': False, 'manifest_filepath': 'logs/en/asr/train/version_8/data/en/train_split/test_sg.txt'}
2023-07-27 10:36:44,342 - progress - INFO - 	Batch size: 12
2023-07-27 10:36:44,347 - progress - INFO - Creating dataloader for logs/en/asr/train/version_8/data/en/train_split/test_za.txt
2023-07-27 10:36:44,347 - progress - INFO - 	Dataloader config: {'sample_rate': 16000, 'batch_size': 12, 'num_workers': 10, 'pin_memory': True, 'use_start_end_token': False, 'trim_silence': False, 'is_tarred': False, 'tarred_audio_filepaths': None, 'shuffle_n': 2048, 'bucketing_strategy': 'synced_randomized', 'bucketing_batch_size': None, 'return_sample_id': False, 'drop_last': False, 'asr_repo': 'whisper', 'shuffle': False, 'manifest_filepath': 'logs/en/asr/train/version_8/data/en/train_split/test_za.txt'}
2023-07-27 10:36:44,348 - progress - INFO - 	Batch size: 12
2023-07-27 10:40:07,398 - progress - INFO - Configuring optimizers
2023-07-27 10:40:07,431 - progress - INFO - Creating dataloader for ['logs/en/asr/train/version_8/data/en/train_split/train_us.txt', 'logs/en/asr/train/version_8/data/en/train_split/train_ca.txt', 'logs/en/asr/train/version_8/data/en/train_split/train_uk.txt', 'logs/en/asr/train/version_8/data/en/train_split/train_in.txt', 'logs/en/asr/train/version_8/data/en/train_split/train_de.txt', 'logs/en/asr/train/version_8/data/en/train_split/train_au.txt']
2023-07-27 10:40:07,431 - progress - INFO - 	Dataloader config: {'sample_rate': 16000, 'batch_size': 12, 'num_workers': 10, 'pin_memory': True, 'use_start_end_token': False, 'trim_silence': False, 'is_tarred': False, 'tarred_audio_filepaths': None, 'shuffle_n': 2048, 'bucketing_strategy': 'synced_randomized', 'bucketing_batch_size': None, 'return_sample_id': False, 'drop_last': False, 'asr_repo': 'whisper', 'shuffle': False, 'manifest_filepath': ['logs/en/asr/train/version_8/data/en/train_split/train_us.txt', 'logs/en/asr/train/version_8/data/en/train_split/train_ca.txt', 'logs/en/asr/train/version_8/data/en/train_split/train_uk.txt', 'logs/en/asr/train/version_8/data/en/train_split/train_in.txt', 'logs/en/asr/train/version_8/data/en/train_split/train_de.txt', 'logs/en/asr/train/version_8/data/en/train_split/train_au.txt']}
2023-07-27 10:40:07,432 - progress - INFO - 	Batch size: 12
2023-07-27 10:40:08,807 - progress - INFO - Creating dataloader for logs/en/asr/train/version_8/data/en/train_split/test_us.txt
2023-07-27 10:40:08,808 - progress - INFO - 	Dataloader config: {'sample_rate': 16000, 'batch_size': 12, 'num_workers': 10, 'pin_memory': True, 'use_start_end_token': False, 'trim_silence': False, 'is_tarred': False, 'tarred_audio_filepaths': None, 'shuffle_n': 2048, 'bucketing_strategy': 'synced_randomized', 'bucketing_batch_size': None, 'return_sample_id': False, 'drop_last': False, 'asr_repo': 'whisper', 'shuffle': False, 'manifest_filepath': 'logs/en/asr/train/version_8/data/en/train_split/test_us.txt'}
2023-07-27 10:40:08,809 - progress - INFO - 	Batch size: 12
2023-07-27 10:40:08,864 - progress - INFO - Creating dataloader for logs/en/asr/train/version_8/data/en/train_split/test_ca.txt
2023-07-27 10:40:08,865 - progress - INFO - 	Dataloader config: {'sample_rate': 16000, 'batch_size': 12, 'num_workers': 10, 'pin_memory': True, 'use_start_end_token': False, 'trim_silence': False, 'is_tarred': False, 'tarred_audio_filepaths': None, 'shuffle_n': 2048, 'bucketing_strategy': 'synced_randomized', 'bucketing_batch_size': None, 'return_sample_id': False, 'drop_last': False, 'asr_repo': 'whisper', 'shuffle': False, 'manifest_filepath': 'logs/en/asr/train/version_8/data/en/train_split/test_ca.txt'}
2023-07-27 10:40:08,866 - progress - INFO - 	Batch size: 12
2023-07-27 10:40:08,877 - progress - INFO - Creating dataloader for logs/en/asr/train/version_8/data/en/train_split/test_uk.txt
2023-07-27 10:40:08,877 - progress - INFO - 	Dataloader config: {'sample_rate': 16000, 'batch_size': 12, 'num_workers': 10, 'pin_memory': True, 'use_start_end_token': False, 'trim_silence': False, 'is_tarred': False, 'tarred_audio_filepaths': None, 'shuffle_n': 2048, 'bucketing_strategy': 'synced_randomized', 'bucketing_batch_size': None, 'return_sample_id': False, 'drop_last': False, 'asr_repo': 'whisper', 'shuffle': False, 'manifest_filepath': 'logs/en/asr/train/version_8/data/en/train_split/test_uk.txt'}
2023-07-27 10:40:08,878 - progress - INFO - 	Batch size: 12
2023-07-27 10:40:08,897 - progress - INFO - Creating dataloader for logs/en/asr/train/version_8/data/en/train_split/test_in.txt
2023-07-27 10:40:08,898 - progress - INFO - 	Dataloader config: {'sample_rate': 16000, 'batch_size': 12, 'num_workers': 10, 'pin_memory': True, 'use_start_end_token': False, 'trim_silence': False, 'is_tarred': False, 'tarred_audio_filepaths': None, 'shuffle_n': 2048, 'bucketing_strategy': 'synced_randomized', 'bucketing_batch_size': None, 'return_sample_id': False, 'drop_last': False, 'asr_repo': 'whisper', 'shuffle': False, 'manifest_filepath': 'logs/en/asr/train/version_8/data/en/train_split/test_in.txt'}
2023-07-27 10:40:08,898 - progress - INFO - 	Batch size: 12
2023-07-27 10:40:08,913 - progress - INFO - Creating dataloader for logs/en/asr/train/version_8/data/en/train_split/test_de.txt
2023-07-27 10:40:08,914 - progress - INFO - 	Dataloader config: {'sample_rate': 16000, 'batch_size': 12, 'num_workers': 10, 'pin_memory': True, 'use_start_end_token': False, 'trim_silence': False, 'is_tarred': False, 'tarred_audio_filepaths': None, 'shuffle_n': 2048, 'bucketing_strategy': 'synced_randomized', 'bucketing_batch_size': None, 'return_sample_id': False, 'drop_last': False, 'asr_repo': 'whisper', 'shuffle': False, 'manifest_filepath': 'logs/en/asr/train/version_8/data/en/train_split/test_de.txt'}
2023-07-27 10:40:08,915 - progress - INFO - 	Batch size: 12
2023-07-27 10:40:08,922 - progress - INFO - Creating dataloader for logs/en/asr/train/version_8/data/en/train_split/test_au.txt
2023-07-27 10:40:08,923 - progress - INFO - 	Dataloader config: {'sample_rate': 16000, 'batch_size': 12, 'num_workers': 10, 'pin_memory': True, 'use_start_end_token': False, 'trim_silence': False, 'is_tarred': False, 'tarred_audio_filepaths': None, 'shuffle_n': 2048, 'bucketing_strategy': 'synced_randomized', 'bucketing_batch_size': None, 'return_sample_id': False, 'drop_last': False, 'asr_repo': 'whisper', 'shuffle': False, 'manifest_filepath': 'logs/en/asr/train/version_8/data/en/train_split/test_au.txt'}
2023-07-27 10:40:08,923 - progress - INFO - 	Batch size: 12
2023-07-27 10:40:08,932 - progress - INFO - Creating dataloader for logs/en/asr/train/version_8/data/en/train_split/test_hk.txt
2023-07-27 10:40:08,933 - progress - INFO - 	Dataloader config: {'sample_rate': 16000, 'batch_size': 12, 'num_workers': 10, 'pin_memory': True, 'use_start_end_token': False, 'trim_silence': False, 'is_tarred': False, 'tarred_audio_filepaths': None, 'shuffle_n': 2048, 'bucketing_strategy': 'synced_randomized', 'bucketing_batch_size': None, 'return_sample_id': False, 'drop_last': False, 'asr_repo': 'whisper', 'shuffle': False, 'manifest_filepath': 'logs/en/asr/train/version_8/data/en/train_split/test_hk.txt'}
2023-07-27 10:40:08,933 - progress - INFO - 	Batch size: 12
2023-07-27 10:40:08,938 - progress - INFO - Creating dataloader for logs/en/asr/train/version_8/data/en/train_split/test_ie.txt
2023-07-27 10:40:08,938 - progress - INFO - 	Dataloader config: {'sample_rate': 16000, 'batch_size': 12, 'num_workers': 10, 'pin_memory': True, 'use_start_end_token': False, 'trim_silence': False, 'is_tarred': False, 'tarred_audio_filepaths': None, 'shuffle_n': 2048, 'bucketing_strategy': 'synced_randomized', 'bucketing_batch_size': None, 'return_sample_id': False, 'drop_last': False, 'asr_repo': 'whisper', 'shuffle': False, 'manifest_filepath': 'logs/en/asr/train/version_8/data/en/train_split/test_ie.txt'}
2023-07-27 10:40:08,939 - progress - INFO - 	Batch size: 12
2023-07-27 10:40:08,947 - progress - INFO - Creating dataloader for logs/en/asr/train/version_8/data/en/train_split/test_ni.txt
2023-07-27 10:40:08,947 - progress - INFO - 	Dataloader config: {'sample_rate': 16000, 'batch_size': 12, 'num_workers': 10, 'pin_memory': True, 'use_start_end_token': False, 'trim_silence': False, 'is_tarred': False, 'tarred_audio_filepaths': None, 'shuffle_n': 2048, 'bucketing_strategy': 'synced_randomized', 'bucketing_batch_size': None, 'return_sample_id': False, 'drop_last': False, 'asr_repo': 'whisper', 'shuffle': False, 'manifest_filepath': 'logs/en/asr/train/version_8/data/en/train_split/test_ni.txt'}
2023-07-27 10:40:08,948 - progress - INFO - 	Batch size: 12
2023-07-27 10:40:08,954 - progress - INFO - Creating dataloader for logs/en/asr/train/version_8/data/en/train_split/test_nz.txt
2023-07-27 10:40:08,954 - progress - INFO - 	Dataloader config: {'sample_rate': 16000, 'batch_size': 12, 'num_workers': 10, 'pin_memory': True, 'use_start_end_token': False, 'trim_silence': False, 'is_tarred': False, 'tarred_audio_filepaths': None, 'shuffle_n': 2048, 'bucketing_strategy': 'synced_randomized', 'bucketing_batch_size': None, 'return_sample_id': False, 'drop_last': False, 'asr_repo': 'whisper', 'shuffle': False, 'manifest_filepath': 'logs/en/asr/train/version_8/data/en/train_split/test_nz.txt'}
2023-07-27 10:40:08,955 - progress - INFO - 	Batch size: 12
2023-07-27 10:40:08,965 - progress - INFO - Creating dataloader for logs/en/asr/train/version_8/data/en/train_split/test_ph.txt
2023-07-27 10:40:08,966 - progress - INFO - 	Dataloader config: {'sample_rate': 16000, 'batch_size': 12, 'num_workers': 10, 'pin_memory': True, 'use_start_end_token': False, 'trim_silence': False, 'is_tarred': False, 'tarred_audio_filepaths': None, 'shuffle_n': 2048, 'bucketing_strategy': 'synced_randomized', 'bucketing_batch_size': None, 'return_sample_id': False, 'drop_last': False, 'asr_repo': 'whisper', 'shuffle': False, 'manifest_filepath': 'logs/en/asr/train/version_8/data/en/train_split/test_ph.txt'}
2023-07-27 10:40:08,967 - progress - INFO - 	Batch size: 12
2023-07-27 10:40:08,972 - progress - INFO - Creating dataloader for logs/en/asr/train/version_8/data/en/train_split/test_sc.txt
2023-07-27 10:40:08,973 - progress - INFO - 	Dataloader config: {'sample_rate': 16000, 'batch_size': 12, 'num_workers': 10, 'pin_memory': True, 'use_start_end_token': False, 'trim_silence': False, 'is_tarred': False, 'tarred_audio_filepaths': None, 'shuffle_n': 2048, 'bucketing_strategy': 'synced_randomized', 'bucketing_batch_size': None, 'return_sample_id': False, 'drop_last': False, 'asr_repo': 'whisper', 'shuffle': False, 'manifest_filepath': 'logs/en/asr/train/version_8/data/en/train_split/test_sc.txt'}
2023-07-27 10:40:08,973 - progress - INFO - 	Batch size: 12
2023-07-27 10:40:08,987 - progress - INFO - Creating dataloader for logs/en/asr/train/version_8/data/en/train_split/test_sg.txt
2023-07-27 10:40:08,987 - progress - INFO - 	Dataloader config: {'sample_rate': 16000, 'batch_size': 12, 'num_workers': 10, 'pin_memory': True, 'use_start_end_token': False, 'trim_silence': False, 'is_tarred': False, 'tarred_audio_filepaths': None, 'shuffle_n': 2048, 'bucketing_strategy': 'synced_randomized', 'bucketing_batch_size': None, 'return_sample_id': False, 'drop_last': False, 'asr_repo': 'whisper', 'shuffle': False, 'manifest_filepath': 'logs/en/asr/train/version_8/data/en/train_split/test_sg.txt'}
2023-07-27 10:40:08,988 - progress - INFO - 	Batch size: 12
2023-07-27 10:40:08,992 - progress - INFO - Creating dataloader for logs/en/asr/train/version_8/data/en/train_split/test_za.txt
2023-07-27 10:40:08,992 - progress - INFO - 	Dataloader config: {'sample_rate': 16000, 'batch_size': 12, 'num_workers': 10, 'pin_memory': True, 'use_start_end_token': False, 'trim_silence': False, 'is_tarred': False, 'tarred_audio_filepaths': None, 'shuffle_n': 2048, 'bucketing_strategy': 'synced_randomized', 'bucketing_batch_size': None, 'return_sample_id': False, 'drop_last': False, 'asr_repo': 'whisper', 'shuffle': False, 'manifest_filepath': 'logs/en/asr/train/version_8/data/en/train_split/test_za.txt'}
2023-07-27 10:40:08,993 - progress - INFO - 	Batch size: 12
