2024-06-04 15:59:45,622 - progress - INFO - Creating dataloader for logs/en/ensemble/train/binary/b7/DAT/version_68/data/en/train_subset/test_us.txt
2024-06-04 15:59:45,623 - progress - INFO - 	Dataloader config: {'sample_rate': 16000, 'batch_size': 8, 'num_workers': 10, 'pin_memory': True, 'use_start_end_token': False, 'trim_silence': False, 'is_tarred': False, 'tarred_audio_filepaths': None, 'shuffle_n': 2048, 'bucketing_strategy': 'synced_randomized', 'bucketing_batch_size': None, 'return_sample_id': False, 'drop_last': False, 'asr_repo': 'whisper', 'shuffle': False, 'manifest_filepath': 'logs/en/ensemble/train/binary/b7/DAT/version_68/data/en/train_subset/test_us.txt'}
2024-06-04 15:59:45,624 - progress - INFO - 	Batch size: 8
2024-06-04 15:59:45,877 - progress - INFO - Creating dataloader for logs/en/ensemble/train/binary/b7/DAT/version_68/data/en/train_subset/test_ca.txt
2024-06-04 15:59:45,878 - progress - INFO - 	Dataloader config: {'sample_rate': 16000, 'batch_size': 8, 'num_workers': 10, 'pin_memory': True, 'use_start_end_token': False, 'trim_silence': False, 'is_tarred': False, 'tarred_audio_filepaths': None, 'shuffle_n': 2048, 'bucketing_strategy': 'synced_randomized', 'bucketing_batch_size': None, 'return_sample_id': False, 'drop_last': False, 'asr_repo': 'whisper', 'shuffle': False, 'manifest_filepath': 'logs/en/ensemble/train/binary/b7/DAT/version_68/data/en/train_subset/test_ca.txt'}
2024-06-04 15:59:45,878 - progress - INFO - 	Batch size: 8
2024-06-04 15:59:45,881 - progress - INFO - Creating dataloader for logs/en/ensemble/train/binary/b7/DAT/version_68/data/en/train_subset/test_uk.txt
2024-06-04 15:59:45,882 - progress - INFO - 	Dataloader config: {'sample_rate': 16000, 'batch_size': 8, 'num_workers': 10, 'pin_memory': True, 'use_start_end_token': False, 'trim_silence': False, 'is_tarred': False, 'tarred_audio_filepaths': None, 'shuffle_n': 2048, 'bucketing_strategy': 'synced_randomized', 'bucketing_batch_size': None, 'return_sample_id': False, 'drop_last': False, 'asr_repo': 'whisper', 'shuffle': False, 'manifest_filepath': 'logs/en/ensemble/train/binary/b7/DAT/version_68/data/en/train_subset/test_uk.txt'}
2024-06-04 15:59:45,882 - progress - INFO - 	Batch size: 8
2024-06-04 15:59:45,886 - progress - INFO - Creating dataloader for logs/en/ensemble/train/binary/b7/DAT/version_68/data/en/train_subset/test_in.txt
2024-06-04 15:59:45,887 - progress - INFO - 	Dataloader config: {'sample_rate': 16000, 'batch_size': 8, 'num_workers': 10, 'pin_memory': True, 'use_start_end_token': False, 'trim_silence': False, 'is_tarred': False, 'tarred_audio_filepaths': None, 'shuffle_n': 2048, 'bucketing_strategy': 'synced_randomized', 'bucketing_batch_size': None, 'return_sample_id': False, 'drop_last': False, 'asr_repo': 'whisper', 'shuffle': False, 'manifest_filepath': 'logs/en/ensemble/train/binary/b7/DAT/version_68/data/en/train_subset/test_in.txt'}
2024-06-04 15:59:45,887 - progress - INFO - 	Batch size: 8
2024-06-04 15:59:45,890 - progress - INFO - Creating dataloader for logs/en/ensemble/train/binary/b7/DAT/version_68/data/en/train_subset/test_de.txt
2024-06-04 15:59:45,891 - progress - INFO - 	Dataloader config: {'sample_rate': 16000, 'batch_size': 8, 'num_workers': 10, 'pin_memory': True, 'use_start_end_token': False, 'trim_silence': False, 'is_tarred': False, 'tarred_audio_filepaths': None, 'shuffle_n': 2048, 'bucketing_strategy': 'synced_randomized', 'bucketing_batch_size': None, 'return_sample_id': False, 'drop_last': False, 'asr_repo': 'whisper', 'shuffle': False, 'manifest_filepath': 'logs/en/ensemble/train/binary/b7/DAT/version_68/data/en/train_subset/test_de.txt'}
2024-06-04 15:59:45,892 - progress - INFO - 	Batch size: 8
2024-06-04 15:59:45,894 - progress - INFO - Creating dataloader for logs/en/ensemble/train/binary/b7/DAT/version_68/data/en/train_subset/test_au.txt
2024-06-04 15:59:45,895 - progress - INFO - 	Dataloader config: {'sample_rate': 16000, 'batch_size': 8, 'num_workers': 10, 'pin_memory': True, 'use_start_end_token': False, 'trim_silence': False, 'is_tarred': False, 'tarred_audio_filepaths': None, 'shuffle_n': 2048, 'bucketing_strategy': 'synced_randomized', 'bucketing_batch_size': None, 'return_sample_id': False, 'drop_last': False, 'asr_repo': 'whisper', 'shuffle': False, 'manifest_filepath': 'logs/en/ensemble/train/binary/b7/DAT/version_68/data/en/train_subset/test_au.txt'}
2024-06-04 15:59:45,895 - progress - INFO - 	Batch size: 8
2024-06-04 15:59:45,898 - progress - INFO - Creating dataloader for logs/en/ensemble/train/binary/b7/DAT/version_68/data/en/train_subset/test_hk.txt
2024-06-04 15:59:45,898 - progress - INFO - 	Dataloader config: {'sample_rate': 16000, 'batch_size': 8, 'num_workers': 10, 'pin_memory': True, 'use_start_end_token': False, 'trim_silence': False, 'is_tarred': False, 'tarred_audio_filepaths': None, 'shuffle_n': 2048, 'bucketing_strategy': 'synced_randomized', 'bucketing_batch_size': None, 'return_sample_id': False, 'drop_last': False, 'asr_repo': 'whisper', 'shuffle': False, 'manifest_filepath': 'logs/en/ensemble/train/binary/b7/DAT/version_68/data/en/train_subset/test_hk.txt'}
2024-06-04 15:59:45,899 - progress - INFO - 	Batch size: 8
2024-06-04 15:59:45,902 - progress - INFO - Creating dataloader for logs/en/ensemble/train/binary/b7/DAT/version_68/data/en/train_subset/test_ie.txt
2024-06-04 15:59:45,902 - progress - INFO - 	Dataloader config: {'sample_rate': 16000, 'batch_size': 8, 'num_workers': 10, 'pin_memory': True, 'use_start_end_token': False, 'trim_silence': False, 'is_tarred': False, 'tarred_audio_filepaths': None, 'shuffle_n': 2048, 'bucketing_strategy': 'synced_randomized', 'bucketing_batch_size': None, 'return_sample_id': False, 'drop_last': False, 'asr_repo': 'whisper', 'shuffle': False, 'manifest_filepath': 'logs/en/ensemble/train/binary/b7/DAT/version_68/data/en/train_subset/test_ie.txt'}
2024-06-04 15:59:45,903 - progress - INFO - 	Batch size: 8
2024-06-04 15:59:45,905 - progress - INFO - Creating dataloader for logs/en/ensemble/train/binary/b7/DAT/version_68/data/en/train_subset/test_ni.txt
2024-06-04 15:59:45,906 - progress - INFO - 	Dataloader config: {'sample_rate': 16000, 'batch_size': 8, 'num_workers': 10, 'pin_memory': True, 'use_start_end_token': False, 'trim_silence': False, 'is_tarred': False, 'tarred_audio_filepaths': None, 'shuffle_n': 2048, 'bucketing_strategy': 'synced_randomized', 'bucketing_batch_size': None, 'return_sample_id': False, 'drop_last': False, 'asr_repo': 'whisper', 'shuffle': False, 'manifest_filepath': 'logs/en/ensemble/train/binary/b7/DAT/version_68/data/en/train_subset/test_ni.txt'}
2024-06-04 15:59:45,907 - progress - INFO - 	Batch size: 8
2024-06-04 15:59:45,909 - progress - INFO - Creating dataloader for logs/en/ensemble/train/binary/b7/DAT/version_68/data/en/train_subset/test_nz.txt
2024-06-04 15:59:45,909 - progress - INFO - 	Dataloader config: {'sample_rate': 16000, 'batch_size': 8, 'num_workers': 10, 'pin_memory': True, 'use_start_end_token': False, 'trim_silence': False, 'is_tarred': False, 'tarred_audio_filepaths': None, 'shuffle_n': 2048, 'bucketing_strategy': 'synced_randomized', 'bucketing_batch_size': None, 'return_sample_id': False, 'drop_last': False, 'asr_repo': 'whisper', 'shuffle': False, 'manifest_filepath': 'logs/en/ensemble/train/binary/b7/DAT/version_68/data/en/train_subset/test_nz.txt'}
2024-06-04 15:59:45,910 - progress - INFO - 	Batch size: 8
2024-06-04 15:59:45,913 - progress - INFO - Creating dataloader for logs/en/ensemble/train/binary/b7/DAT/version_68/data/en/train_subset/test_ph.txt
2024-06-04 15:59:45,913 - progress - INFO - 	Dataloader config: {'sample_rate': 16000, 'batch_size': 8, 'num_workers': 10, 'pin_memory': True, 'use_start_end_token': False, 'trim_silence': False, 'is_tarred': False, 'tarred_audio_filepaths': None, 'shuffle_n': 2048, 'bucketing_strategy': 'synced_randomized', 'bucketing_batch_size': None, 'return_sample_id': False, 'drop_last': False, 'asr_repo': 'whisper', 'shuffle': False, 'manifest_filepath': 'logs/en/ensemble/train/binary/b7/DAT/version_68/data/en/train_subset/test_ph.txt'}
2024-06-04 15:59:45,914 - progress - INFO - 	Batch size: 8
2024-06-04 15:59:45,916 - progress - INFO - Creating dataloader for logs/en/ensemble/train/binary/b7/DAT/version_68/data/en/train_subset/test_sc.txt
2024-06-04 15:59:45,917 - progress - INFO - 	Dataloader config: {'sample_rate': 16000, 'batch_size': 8, 'num_workers': 10, 'pin_memory': True, 'use_start_end_token': False, 'trim_silence': False, 'is_tarred': False, 'tarred_audio_filepaths': None, 'shuffle_n': 2048, 'bucketing_strategy': 'synced_randomized', 'bucketing_batch_size': None, 'return_sample_id': False, 'drop_last': False, 'asr_repo': 'whisper', 'shuffle': False, 'manifest_filepath': 'logs/en/ensemble/train/binary/b7/DAT/version_68/data/en/train_subset/test_sc.txt'}
2024-06-04 15:59:45,917 - progress - INFO - 	Batch size: 8
2024-06-04 15:59:45,920 - progress - INFO - Creating dataloader for logs/en/ensemble/train/binary/b7/DAT/version_68/data/en/train_subset/test_sg.txt
2024-06-04 15:59:45,921 - progress - INFO - 	Dataloader config: {'sample_rate': 16000, 'batch_size': 8, 'num_workers': 10, 'pin_memory': True, 'use_start_end_token': False, 'trim_silence': False, 'is_tarred': False, 'tarred_audio_filepaths': None, 'shuffle_n': 2048, 'bucketing_strategy': 'synced_randomized', 'bucketing_batch_size': None, 'return_sample_id': False, 'drop_last': False, 'asr_repo': 'whisper', 'shuffle': False, 'manifest_filepath': 'logs/en/ensemble/train/binary/b7/DAT/version_68/data/en/train_subset/test_sg.txt'}
2024-06-04 15:59:45,922 - progress - INFO - 	Batch size: 8
2024-06-04 15:59:45,924 - progress - INFO - Creating dataloader for logs/en/ensemble/train/binary/b7/DAT/version_68/data/en/train_subset/test_za.txt
2024-06-04 15:59:45,925 - progress - INFO - 	Dataloader config: {'sample_rate': 16000, 'batch_size': 8, 'num_workers': 10, 'pin_memory': True, 'use_start_end_token': False, 'trim_silence': False, 'is_tarred': False, 'tarred_audio_filepaths': None, 'shuffle_n': 2048, 'bucketing_strategy': 'synced_randomized', 'bucketing_batch_size': None, 'return_sample_id': False, 'drop_last': False, 'asr_repo': 'whisper', 'shuffle': False, 'manifest_filepath': 'logs/en/ensemble/train/binary/b7/DAT/version_68/data/en/train_subset/test_za.txt'}
2024-06-04 15:59:45,925 - progress - INFO - 	Batch size: 8
2024-06-04 16:08:32,994 - progress - INFO - Configuring optimizers
2024-06-04 16:08:32,999 - progress - INFO - Creating dataloader for ['logs/en/ensemble/train/binary/b7/DAT/version_68/data/en/train_subset/train_us.txt']
2024-06-04 16:08:33,000 - progress - INFO - 	Dataloader config: {'sample_rate': 16000, 'batch_size': 8, 'num_workers': 10, 'pin_memory': True, 'use_start_end_token': False, 'trim_silence': False, 'is_tarred': False, 'tarred_audio_filepaths': None, 'shuffle_n': 2048, 'bucketing_strategy': 'synced_randomized', 'bucketing_batch_size': None, 'return_sample_id': False, 'drop_last': False, 'asr_repo': 'whisper', 'shuffle': True, 'manifest_filepath': ['logs/en/ensemble/train/binary/b7/DAT/version_68/data/en/train_subset/train_us.txt']}
2024-06-04 16:08:33,001 - progress - INFO - 	Batch size: 8
2024-06-04 16:08:33,063 - progress - INFO - Creating dataloader for ['logs/en/ensemble/train/binary/b7/DAT/version_68/data/en/train_subset/train_ca.txt', 'logs/en/ensemble/train/binary/b7/DAT/version_68/data/en/train_subset/train_uk.txt', 'logs/en/ensemble/train/binary/b7/DAT/version_68/data/en/train_subset/train_in.txt', 'logs/en/ensemble/train/binary/b7/DAT/version_68/data/en/train_subset/train_de.txt', 'logs/en/ensemble/train/binary/b7/DAT/version_68/data/en/train_subset/train_au.txt']
2024-06-04 16:08:33,064 - progress - INFO - 	Dataloader config: {'sample_rate': 16000, 'batch_size': 8, 'num_workers': 10, 'pin_memory': True, 'use_start_end_token': False, 'trim_silence': False, 'is_tarred': False, 'tarred_audio_filepaths': None, 'shuffle_n': 2048, 'bucketing_strategy': 'synced_randomized', 'bucketing_batch_size': None, 'return_sample_id': False, 'drop_last': False, 'asr_repo': 'whisper', 'shuffle': True, 'manifest_filepath': ['logs/en/ensemble/train/binary/b7/DAT/version_68/data/en/train_subset/train_ca.txt', 'logs/en/ensemble/train/binary/b7/DAT/version_68/data/en/train_subset/train_uk.txt', 'logs/en/ensemble/train/binary/b7/DAT/version_68/data/en/train_subset/train_in.txt', 'logs/en/ensemble/train/binary/b7/DAT/version_68/data/en/train_subset/train_de.txt', 'logs/en/ensemble/train/binary/b7/DAT/version_68/data/en/train_subset/train_au.txt']}
2024-06-04 16:08:33,065 - progress - INFO - 	Batch size: 8
2024-06-04 16:08:33,159 - progress - INFO - Scheduler max. steps: 960
2024-06-04 16:08:33,172 - progress - INFO - Creating dataloader for ['logs/en/ensemble/train/binary/b7/DAT/version_68/data/en/train_subset/train_us.txt']
2024-06-04 16:08:33,173 - progress - INFO - 	Dataloader config: {'sample_rate': 16000, 'batch_size': 8, 'num_workers': 10, 'pin_memory': True, 'use_start_end_token': False, 'trim_silence': False, 'is_tarred': False, 'tarred_audio_filepaths': None, 'shuffle_n': 2048, 'bucketing_strategy': 'synced_randomized', 'bucketing_batch_size': None, 'return_sample_id': False, 'drop_last': False, 'asr_repo': 'whisper', 'shuffle': True, 'manifest_filepath': ['logs/en/ensemble/train/binary/b7/DAT/version_68/data/en/train_subset/train_us.txt']}
2024-06-04 16:08:33,174 - progress - INFO - 	Batch size: 8
2024-06-04 16:08:33,194 - progress - INFO - Creating dataloader for ['logs/en/ensemble/train/binary/b7/DAT/version_68/data/en/train_subset/train_ca.txt', 'logs/en/ensemble/train/binary/b7/DAT/version_68/data/en/train_subset/train_uk.txt', 'logs/en/ensemble/train/binary/b7/DAT/version_68/data/en/train_subset/train_in.txt', 'logs/en/ensemble/train/binary/b7/DAT/version_68/data/en/train_subset/train_de.txt', 'logs/en/ensemble/train/binary/b7/DAT/version_68/data/en/train_subset/train_au.txt']
2024-06-04 16:08:33,195 - progress - INFO - 	Dataloader config: {'sample_rate': 16000, 'batch_size': 8, 'num_workers': 10, 'pin_memory': True, 'use_start_end_token': False, 'trim_silence': False, 'is_tarred': False, 'tarred_audio_filepaths': None, 'shuffle_n': 2048, 'bucketing_strategy': 'synced_randomized', 'bucketing_batch_size': None, 'return_sample_id': False, 'drop_last': False, 'asr_repo': 'whisper', 'shuffle': True, 'manifest_filepath': ['logs/en/ensemble/train/binary/b7/DAT/version_68/data/en/train_subset/train_ca.txt', 'logs/en/ensemble/train/binary/b7/DAT/version_68/data/en/train_subset/train_uk.txt', 'logs/en/ensemble/train/binary/b7/DAT/version_68/data/en/train_subset/train_in.txt', 'logs/en/ensemble/train/binary/b7/DAT/version_68/data/en/train_subset/train_de.txt', 'logs/en/ensemble/train/binary/b7/DAT/version_68/data/en/train_subset/train_au.txt']}
2024-06-04 16:08:33,195 - progress - INFO - 	Batch size: 8
2024-06-04 16:08:33,224 - progress - INFO - Creating dataloader for logs/en/ensemble/train/binary/b7/DAT/version_68/data/en/train_subset/test_us.txt
2024-06-04 16:08:33,224 - progress - INFO - 	Dataloader config: {'sample_rate': 16000, 'batch_size': 8, 'num_workers': 10, 'pin_memory': True, 'use_start_end_token': False, 'trim_silence': False, 'is_tarred': False, 'tarred_audio_filepaths': None, 'shuffle_n': 2048, 'bucketing_strategy': 'synced_randomized', 'bucketing_batch_size': None, 'return_sample_id': False, 'drop_last': False, 'asr_repo': 'whisper', 'shuffle': False, 'manifest_filepath': 'logs/en/ensemble/train/binary/b7/DAT/version_68/data/en/train_subset/test_us.txt'}
2024-06-04 16:08:33,225 - progress - INFO - 	Batch size: 8
2024-06-04 16:08:33,234 - progress - INFO - Creating dataloader for logs/en/ensemble/train/binary/b7/DAT/version_68/data/en/train_subset/test_ca.txt
2024-06-04 16:08:33,235 - progress - INFO - 	Dataloader config: {'sample_rate': 16000, 'batch_size': 8, 'num_workers': 10, 'pin_memory': True, 'use_start_end_token': False, 'trim_silence': False, 'is_tarred': False, 'tarred_audio_filepaths': None, 'shuffle_n': 2048, 'bucketing_strategy': 'synced_randomized', 'bucketing_batch_size': None, 'return_sample_id': False, 'drop_last': False, 'asr_repo': 'whisper', 'shuffle': False, 'manifest_filepath': 'logs/en/ensemble/train/binary/b7/DAT/version_68/data/en/train_subset/test_ca.txt'}
2024-06-04 16:08:33,236 - progress - INFO - 	Batch size: 8
2024-06-04 16:08:33,238 - progress - INFO - Creating dataloader for logs/en/ensemble/train/binary/b7/DAT/version_68/data/en/train_subset/test_uk.txt
2024-06-04 16:08:33,239 - progress - INFO - 	Dataloader config: {'sample_rate': 16000, 'batch_size': 8, 'num_workers': 10, 'pin_memory': True, 'use_start_end_token': False, 'trim_silence': False, 'is_tarred': False, 'tarred_audio_filepaths': None, 'shuffle_n': 2048, 'bucketing_strategy': 'synced_randomized', 'bucketing_batch_size': None, 'return_sample_id': False, 'drop_last': False, 'asr_repo': 'whisper', 'shuffle': False, 'manifest_filepath': 'logs/en/ensemble/train/binary/b7/DAT/version_68/data/en/train_subset/test_uk.txt'}
2024-06-04 16:08:33,240 - progress - INFO - 	Batch size: 8
2024-06-04 16:08:33,244 - progress - INFO - Creating dataloader for logs/en/ensemble/train/binary/b7/DAT/version_68/data/en/train_subset/test_in.txt
2024-06-04 16:08:33,245 - progress - INFO - 	Dataloader config: {'sample_rate': 16000, 'batch_size': 8, 'num_workers': 10, 'pin_memory': True, 'use_start_end_token': False, 'trim_silence': False, 'is_tarred': False, 'tarred_audio_filepaths': None, 'shuffle_n': 2048, 'bucketing_strategy': 'synced_randomized', 'bucketing_batch_size': None, 'return_sample_id': False, 'drop_last': False, 'asr_repo': 'whisper', 'shuffle': False, 'manifest_filepath': 'logs/en/ensemble/train/binary/b7/DAT/version_68/data/en/train_subset/test_in.txt'}
2024-06-04 16:08:33,246 - progress - INFO - 	Batch size: 8
2024-06-04 16:08:33,249 - progress - INFO - Creating dataloader for logs/en/ensemble/train/binary/b7/DAT/version_68/data/en/train_subset/test_de.txt
2024-06-04 16:08:33,250 - progress - INFO - 	Dataloader config: {'sample_rate': 16000, 'batch_size': 8, 'num_workers': 10, 'pin_memory': True, 'use_start_end_token': False, 'trim_silence': False, 'is_tarred': False, 'tarred_audio_filepaths': None, 'shuffle_n': 2048, 'bucketing_strategy': 'synced_randomized', 'bucketing_batch_size': None, 'return_sample_id': False, 'drop_last': False, 'asr_repo': 'whisper', 'shuffle': False, 'manifest_filepath': 'logs/en/ensemble/train/binary/b7/DAT/version_68/data/en/train_subset/test_de.txt'}
2024-06-04 16:08:33,251 - progress - INFO - 	Batch size: 8
2024-06-04 16:08:33,254 - progress - INFO - Creating dataloader for logs/en/ensemble/train/binary/b7/DAT/version_68/data/en/train_subset/test_au.txt
2024-06-04 16:08:33,255 - progress - INFO - 	Dataloader config: {'sample_rate': 16000, 'batch_size': 8, 'num_workers': 10, 'pin_memory': True, 'use_start_end_token': False, 'trim_silence': False, 'is_tarred': False, 'tarred_audio_filepaths': None, 'shuffle_n': 2048, 'bucketing_strategy': 'synced_randomized', 'bucketing_batch_size': None, 'return_sample_id': False, 'drop_last': False, 'asr_repo': 'whisper', 'shuffle': False, 'manifest_filepath': 'logs/en/ensemble/train/binary/b7/DAT/version_68/data/en/train_subset/test_au.txt'}
2024-06-04 16:08:33,256 - progress - INFO - 	Batch size: 8
2024-06-04 16:08:33,259 - progress - INFO - Creating dataloader for logs/en/ensemble/train/binary/b7/DAT/version_68/data/en/train_subset/test_hk.txt
2024-06-04 16:08:33,260 - progress - INFO - 	Dataloader config: {'sample_rate': 16000, 'batch_size': 8, 'num_workers': 10, 'pin_memory': True, 'use_start_end_token': False, 'trim_silence': False, 'is_tarred': False, 'tarred_audio_filepaths': None, 'shuffle_n': 2048, 'bucketing_strategy': 'synced_randomized', 'bucketing_batch_size': None, 'return_sample_id': False, 'drop_last': False, 'asr_repo': 'whisper', 'shuffle': False, 'manifest_filepath': 'logs/en/ensemble/train/binary/b7/DAT/version_68/data/en/train_subset/test_hk.txt'}
2024-06-04 16:08:33,261 - progress - INFO - 	Batch size: 8
2024-06-04 16:08:33,263 - progress - INFO - Creating dataloader for logs/en/ensemble/train/binary/b7/DAT/version_68/data/en/train_subset/test_ie.txt
2024-06-04 16:08:33,264 - progress - INFO - 	Dataloader config: {'sample_rate': 16000, 'batch_size': 8, 'num_workers': 10, 'pin_memory': True, 'use_start_end_token': False, 'trim_silence': False, 'is_tarred': False, 'tarred_audio_filepaths': None, 'shuffle_n': 2048, 'bucketing_strategy': 'synced_randomized', 'bucketing_batch_size': None, 'return_sample_id': False, 'drop_last': False, 'asr_repo': 'whisper', 'shuffle': False, 'manifest_filepath': 'logs/en/ensemble/train/binary/b7/DAT/version_68/data/en/train_subset/test_ie.txt'}
2024-06-04 16:08:33,265 - progress - INFO - 	Batch size: 8
2024-06-04 16:08:33,269 - progress - INFO - Creating dataloader for logs/en/ensemble/train/binary/b7/DAT/version_68/data/en/train_subset/test_ni.txt
2024-06-04 16:08:33,270 - progress - INFO - 	Dataloader config: {'sample_rate': 16000, 'batch_size': 8, 'num_workers': 10, 'pin_memory': True, 'use_start_end_token': False, 'trim_silence': False, 'is_tarred': False, 'tarred_audio_filepaths': None, 'shuffle_n': 2048, 'bucketing_strategy': 'synced_randomized', 'bucketing_batch_size': None, 'return_sample_id': False, 'drop_last': False, 'asr_repo': 'whisper', 'shuffle': False, 'manifest_filepath': 'logs/en/ensemble/train/binary/b7/DAT/version_68/data/en/train_subset/test_ni.txt'}
2024-06-04 16:08:33,271 - progress - INFO - 	Batch size: 8
2024-06-04 16:08:33,273 - progress - INFO - Creating dataloader for logs/en/ensemble/train/binary/b7/DAT/version_68/data/en/train_subset/test_nz.txt
2024-06-04 16:08:33,275 - progress - INFO - 	Dataloader config: {'sample_rate': 16000, 'batch_size': 8, 'num_workers': 10, 'pin_memory': True, 'use_start_end_token': False, 'trim_silence': False, 'is_tarred': False, 'tarred_audio_filepaths': None, 'shuffle_n': 2048, 'bucketing_strategy': 'synced_randomized', 'bucketing_batch_size': None, 'return_sample_id': False, 'drop_last': False, 'asr_repo': 'whisper', 'shuffle': False, 'manifest_filepath': 'logs/en/ensemble/train/binary/b7/DAT/version_68/data/en/train_subset/test_nz.txt'}
2024-06-04 16:08:33,276 - progress - INFO - 	Batch size: 8
2024-06-04 16:08:33,279 - progress - INFO - Creating dataloader for logs/en/ensemble/train/binary/b7/DAT/version_68/data/en/train_subset/test_ph.txt
2024-06-04 16:08:33,280 - progress - INFO - 	Dataloader config: {'sample_rate': 16000, 'batch_size': 8, 'num_workers': 10, 'pin_memory': True, 'use_start_end_token': False, 'trim_silence': False, 'is_tarred': False, 'tarred_audio_filepaths': None, 'shuffle_n': 2048, 'bucketing_strategy': 'synced_randomized', 'bucketing_batch_size': None, 'return_sample_id': False, 'drop_last': False, 'asr_repo': 'whisper', 'shuffle': False, 'manifest_filepath': 'logs/en/ensemble/train/binary/b7/DAT/version_68/data/en/train_subset/test_ph.txt'}
2024-06-04 16:08:33,281 - progress - INFO - 	Batch size: 8
2024-06-04 16:08:33,283 - progress - INFO - Creating dataloader for logs/en/ensemble/train/binary/b7/DAT/version_68/data/en/train_subset/test_sc.txt
2024-06-04 16:08:33,284 - progress - INFO - 	Dataloader config: {'sample_rate': 16000, 'batch_size': 8, 'num_workers': 10, 'pin_memory': True, 'use_start_end_token': False, 'trim_silence': False, 'is_tarred': False, 'tarred_audio_filepaths': None, 'shuffle_n': 2048, 'bucketing_strategy': 'synced_randomized', 'bucketing_batch_size': None, 'return_sample_id': False, 'drop_last': False, 'asr_repo': 'whisper', 'shuffle': False, 'manifest_filepath': 'logs/en/ensemble/train/binary/b7/DAT/version_68/data/en/train_subset/test_sc.txt'}
2024-06-04 16:08:33,285 - progress - INFO - 	Batch size: 8
2024-06-04 16:08:33,288 - progress - INFO - Creating dataloader for logs/en/ensemble/train/binary/b7/DAT/version_68/data/en/train_subset/test_sg.txt
2024-06-04 16:08:33,289 - progress - INFO - 	Dataloader config: {'sample_rate': 16000, 'batch_size': 8, 'num_workers': 10, 'pin_memory': True, 'use_start_end_token': False, 'trim_silence': False, 'is_tarred': False, 'tarred_audio_filepaths': None, 'shuffle_n': 2048, 'bucketing_strategy': 'synced_randomized', 'bucketing_batch_size': None, 'return_sample_id': False, 'drop_last': False, 'asr_repo': 'whisper', 'shuffle': False, 'manifest_filepath': 'logs/en/ensemble/train/binary/b7/DAT/version_68/data/en/train_subset/test_sg.txt'}
2024-06-04 16:08:33,290 - progress - INFO - 	Batch size: 8
2024-06-04 16:08:33,292 - progress - INFO - Creating dataloader for logs/en/ensemble/train/binary/b7/DAT/version_68/data/en/train_subset/test_za.txt
2024-06-04 16:08:33,293 - progress - INFO - 	Dataloader config: {'sample_rate': 16000, 'batch_size': 8, 'num_workers': 10, 'pin_memory': True, 'use_start_end_token': False, 'trim_silence': False, 'is_tarred': False, 'tarred_audio_filepaths': None, 'shuffle_n': 2048, 'bucketing_strategy': 'synced_randomized', 'bucketing_batch_size': None, 'return_sample_id': False, 'drop_last': False, 'asr_repo': 'whisper', 'shuffle': False, 'manifest_filepath': 'logs/en/ensemble/train/binary/b7/DAT/version_68/data/en/train_subset/test_za.txt'}
2024-06-04 16:08:33,294 - progress - INFO - 	Batch size: 8
