2024-06-08 11:19:55,586 - progress - INFO - Creating dataloader for logs/en/ensemble/train/binary/b7/DAT/version_71/data/en/train_subset/test_us.txt
2024-06-08 11:19:55,588 - progress - INFO - 	Dataloader config: {'sample_rate': 16000, 'batch_size': 8, 'num_workers': 10, 'pin_memory': True, 'use_start_end_token': False, 'trim_silence': False, 'is_tarred': False, 'tarred_audio_filepaths': None, 'shuffle_n': 2048, 'bucketing_strategy': 'synced_randomized', 'bucketing_batch_size': None, 'return_sample_id': False, 'drop_last': False, 'asr_repo': 'whisper', 'shuffle': False, 'manifest_filepath': 'logs/en/ensemble/train/binary/b7/DAT/version_71/data/en/train_subset/test_us.txt'}
2024-06-08 11:19:55,588 - progress - INFO - 	Batch size: 8
2024-06-08 11:19:55,805 - progress - INFO - Creating dataloader for logs/en/ensemble/train/binary/b7/DAT/version_71/data/en/train_subset/test_ca.txt
2024-06-08 11:19:55,806 - progress - INFO - 	Dataloader config: {'sample_rate': 16000, 'batch_size': 8, 'num_workers': 10, 'pin_memory': True, 'use_start_end_token': False, 'trim_silence': False, 'is_tarred': False, 'tarred_audio_filepaths': None, 'shuffle_n': 2048, 'bucketing_strategy': 'synced_randomized', 'bucketing_batch_size': None, 'return_sample_id': False, 'drop_last': False, 'asr_repo': 'whisper', 'shuffle': False, 'manifest_filepath': 'logs/en/ensemble/train/binary/b7/DAT/version_71/data/en/train_subset/test_ca.txt'}
2024-06-08 11:19:55,807 - progress - INFO - 	Batch size: 8
2024-06-08 11:19:55,810 - progress - INFO - Creating dataloader for logs/en/ensemble/train/binary/b7/DAT/version_71/data/en/train_subset/test_uk.txt
2024-06-08 11:19:55,811 - progress - INFO - 	Dataloader config: {'sample_rate': 16000, 'batch_size': 8, 'num_workers': 10, 'pin_memory': True, 'use_start_end_token': False, 'trim_silence': False, 'is_tarred': False, 'tarred_audio_filepaths': None, 'shuffle_n': 2048, 'bucketing_strategy': 'synced_randomized', 'bucketing_batch_size': None, 'return_sample_id': False, 'drop_last': False, 'asr_repo': 'whisper', 'shuffle': False, 'manifest_filepath': 'logs/en/ensemble/train/binary/b7/DAT/version_71/data/en/train_subset/test_uk.txt'}
2024-06-08 11:19:55,811 - progress - INFO - 	Batch size: 8
2024-06-08 11:19:55,815 - progress - INFO - Creating dataloader for logs/en/ensemble/train/binary/b7/DAT/version_71/data/en/train_subset/test_in.txt
2024-06-08 11:19:55,816 - progress - INFO - 	Dataloader config: {'sample_rate': 16000, 'batch_size': 8, 'num_workers': 10, 'pin_memory': True, 'use_start_end_token': False, 'trim_silence': False, 'is_tarred': False, 'tarred_audio_filepaths': None, 'shuffle_n': 2048, 'bucketing_strategy': 'synced_randomized', 'bucketing_batch_size': None, 'return_sample_id': False, 'drop_last': False, 'asr_repo': 'whisper', 'shuffle': False, 'manifest_filepath': 'logs/en/ensemble/train/binary/b7/DAT/version_71/data/en/train_subset/test_in.txt'}
2024-06-08 11:19:55,817 - progress - INFO - 	Batch size: 8
2024-06-08 11:19:55,820 - progress - INFO - Creating dataloader for logs/en/ensemble/train/binary/b7/DAT/version_71/data/en/train_subset/test_de.txt
2024-06-08 11:19:55,821 - progress - INFO - 	Dataloader config: {'sample_rate': 16000, 'batch_size': 8, 'num_workers': 10, 'pin_memory': True, 'use_start_end_token': False, 'trim_silence': False, 'is_tarred': False, 'tarred_audio_filepaths': None, 'shuffle_n': 2048, 'bucketing_strategy': 'synced_randomized', 'bucketing_batch_size': None, 'return_sample_id': False, 'drop_last': False, 'asr_repo': 'whisper', 'shuffle': False, 'manifest_filepath': 'logs/en/ensemble/train/binary/b7/DAT/version_71/data/en/train_subset/test_de.txt'}
2024-06-08 11:19:55,822 - progress - INFO - 	Batch size: 8
2024-06-08 11:19:55,825 - progress - INFO - Creating dataloader for logs/en/ensemble/train/binary/b7/DAT/version_71/data/en/train_subset/test_au.txt
2024-06-08 11:19:55,826 - progress - INFO - 	Dataloader config: {'sample_rate': 16000, 'batch_size': 8, 'num_workers': 10, 'pin_memory': True, 'use_start_end_token': False, 'trim_silence': False, 'is_tarred': False, 'tarred_audio_filepaths': None, 'shuffle_n': 2048, 'bucketing_strategy': 'synced_randomized', 'bucketing_batch_size': None, 'return_sample_id': False, 'drop_last': False, 'asr_repo': 'whisper', 'shuffle': False, 'manifest_filepath': 'logs/en/ensemble/train/binary/b7/DAT/version_71/data/en/train_subset/test_au.txt'}
2024-06-08 11:19:55,827 - progress - INFO - 	Batch size: 8
2024-06-08 11:19:55,830 - progress - INFO - Creating dataloader for logs/en/ensemble/train/binary/b7/DAT/version_71/data/en/train_subset/test_hk.txt
2024-06-08 11:19:55,831 - progress - INFO - 	Dataloader config: {'sample_rate': 16000, 'batch_size': 8, 'num_workers': 10, 'pin_memory': True, 'use_start_end_token': False, 'trim_silence': False, 'is_tarred': False, 'tarred_audio_filepaths': None, 'shuffle_n': 2048, 'bucketing_strategy': 'synced_randomized', 'bucketing_batch_size': None, 'return_sample_id': False, 'drop_last': False, 'asr_repo': 'whisper', 'shuffle': False, 'manifest_filepath': 'logs/en/ensemble/train/binary/b7/DAT/version_71/data/en/train_subset/test_hk.txt'}
2024-06-08 11:19:55,831 - progress - INFO - 	Batch size: 8
2024-06-08 11:19:55,834 - progress - INFO - Creating dataloader for logs/en/ensemble/train/binary/b7/DAT/version_71/data/en/train_subset/test_ie.txt
2024-06-08 11:19:55,835 - progress - INFO - 	Dataloader config: {'sample_rate': 16000, 'batch_size': 8, 'num_workers': 10, 'pin_memory': True, 'use_start_end_token': False, 'trim_silence': False, 'is_tarred': False, 'tarred_audio_filepaths': None, 'shuffle_n': 2048, 'bucketing_strategy': 'synced_randomized', 'bucketing_batch_size': None, 'return_sample_id': False, 'drop_last': False, 'asr_repo': 'whisper', 'shuffle': False, 'manifest_filepath': 'logs/en/ensemble/train/binary/b7/DAT/version_71/data/en/train_subset/test_ie.txt'}
2024-06-08 11:19:55,836 - progress - INFO - 	Batch size: 8
2024-06-08 11:19:55,839 - progress - INFO - Creating dataloader for logs/en/ensemble/train/binary/b7/DAT/version_71/data/en/train_subset/test_ni.txt
2024-06-08 11:19:55,840 - progress - INFO - 	Dataloader config: {'sample_rate': 16000, 'batch_size': 8, 'num_workers': 10, 'pin_memory': True, 'use_start_end_token': False, 'trim_silence': False, 'is_tarred': False, 'tarred_audio_filepaths': None, 'shuffle_n': 2048, 'bucketing_strategy': 'synced_randomized', 'bucketing_batch_size': None, 'return_sample_id': False, 'drop_last': False, 'asr_repo': 'whisper', 'shuffle': False, 'manifest_filepath': 'logs/en/ensemble/train/binary/b7/DAT/version_71/data/en/train_subset/test_ni.txt'}
2024-06-08 11:19:55,840 - progress - INFO - 	Batch size: 8
2024-06-08 11:19:55,844 - progress - INFO - Creating dataloader for logs/en/ensemble/train/binary/b7/DAT/version_71/data/en/train_subset/test_nz.txt
2024-06-08 11:19:55,844 - progress - INFO - 	Dataloader config: {'sample_rate': 16000, 'batch_size': 8, 'num_workers': 10, 'pin_memory': True, 'use_start_end_token': False, 'trim_silence': False, 'is_tarred': False, 'tarred_audio_filepaths': None, 'shuffle_n': 2048, 'bucketing_strategy': 'synced_randomized', 'bucketing_batch_size': None, 'return_sample_id': False, 'drop_last': False, 'asr_repo': 'whisper', 'shuffle': False, 'manifest_filepath': 'logs/en/ensemble/train/binary/b7/DAT/version_71/data/en/train_subset/test_nz.txt'}
2024-06-08 11:19:55,845 - progress - INFO - 	Batch size: 8
2024-06-08 11:19:55,848 - progress - INFO - Creating dataloader for logs/en/ensemble/train/binary/b7/DAT/version_71/data/en/train_subset/test_ph.txt
2024-06-08 11:19:55,849 - progress - INFO - 	Dataloader config: {'sample_rate': 16000, 'batch_size': 8, 'num_workers': 10, 'pin_memory': True, 'use_start_end_token': False, 'trim_silence': False, 'is_tarred': False, 'tarred_audio_filepaths': None, 'shuffle_n': 2048, 'bucketing_strategy': 'synced_randomized', 'bucketing_batch_size': None, 'return_sample_id': False, 'drop_last': False, 'asr_repo': 'whisper', 'shuffle': False, 'manifest_filepath': 'logs/en/ensemble/train/binary/b7/DAT/version_71/data/en/train_subset/test_ph.txt'}
2024-06-08 11:19:55,850 - progress - INFO - 	Batch size: 8
2024-06-08 11:19:55,853 - progress - INFO - Creating dataloader for logs/en/ensemble/train/binary/b7/DAT/version_71/data/en/train_subset/test_sc.txt
2024-06-08 11:19:55,853 - progress - INFO - 	Dataloader config: {'sample_rate': 16000, 'batch_size': 8, 'num_workers': 10, 'pin_memory': True, 'use_start_end_token': False, 'trim_silence': False, 'is_tarred': False, 'tarred_audio_filepaths': None, 'shuffle_n': 2048, 'bucketing_strategy': 'synced_randomized', 'bucketing_batch_size': None, 'return_sample_id': False, 'drop_last': False, 'asr_repo': 'whisper', 'shuffle': False, 'manifest_filepath': 'logs/en/ensemble/train/binary/b7/DAT/version_71/data/en/train_subset/test_sc.txt'}
2024-06-08 11:19:55,854 - progress - INFO - 	Batch size: 8
2024-06-08 11:19:55,858 - progress - INFO - Creating dataloader for logs/en/ensemble/train/binary/b7/DAT/version_71/data/en/train_subset/test_sg.txt
2024-06-08 11:19:55,858 - progress - INFO - 	Dataloader config: {'sample_rate': 16000, 'batch_size': 8, 'num_workers': 10, 'pin_memory': True, 'use_start_end_token': False, 'trim_silence': False, 'is_tarred': False, 'tarred_audio_filepaths': None, 'shuffle_n': 2048, 'bucketing_strategy': 'synced_randomized', 'bucketing_batch_size': None, 'return_sample_id': False, 'drop_last': False, 'asr_repo': 'whisper', 'shuffle': False, 'manifest_filepath': 'logs/en/ensemble/train/binary/b7/DAT/version_71/data/en/train_subset/test_sg.txt'}
2024-06-08 11:19:55,859 - progress - INFO - 	Batch size: 8
2024-06-08 11:19:55,862 - progress - INFO - Creating dataloader for logs/en/ensemble/train/binary/b7/DAT/version_71/data/en/train_subset/test_za.txt
2024-06-08 11:19:55,862 - progress - INFO - 	Dataloader config: {'sample_rate': 16000, 'batch_size': 8, 'num_workers': 10, 'pin_memory': True, 'use_start_end_token': False, 'trim_silence': False, 'is_tarred': False, 'tarred_audio_filepaths': None, 'shuffle_n': 2048, 'bucketing_strategy': 'synced_randomized', 'bucketing_batch_size': None, 'return_sample_id': False, 'drop_last': False, 'asr_repo': 'whisper', 'shuffle': False, 'manifest_filepath': 'logs/en/ensemble/train/binary/b7/DAT/version_71/data/en/train_subset/test_za.txt'}
2024-06-08 11:19:55,863 - progress - INFO - 	Batch size: 8
2024-06-08 11:28:37,569 - progress - INFO - Configuring optimizers
2024-06-08 11:28:37,587 - progress - INFO - Creating dataloader for ['logs/en/ensemble/train/binary/b7/DAT/version_71/data/en/train_subset/train_us.txt']
2024-06-08 11:28:37,588 - progress - INFO - 	Dataloader config: {'sample_rate': 16000, 'batch_size': 8, 'num_workers': 10, 'pin_memory': True, 'use_start_end_token': False, 'trim_silence': False, 'is_tarred': False, 'tarred_audio_filepaths': None, 'shuffle_n': 2048, 'bucketing_strategy': 'synced_randomized', 'bucketing_batch_size': None, 'return_sample_id': False, 'drop_last': False, 'asr_repo': 'whisper', 'shuffle': True, 'manifest_filepath': ['logs/en/ensemble/train/binary/b7/DAT/version_71/data/en/train_subset/train_us.txt']}
2024-06-08 11:28:37,589 - progress - INFO - 	Batch size: 8
2024-06-08 11:28:37,636 - progress - INFO - Creating dataloader for ['logs/en/ensemble/train/binary/b7/DAT/version_71/data/en/train_subset/train_ca.txt', 'logs/en/ensemble/train/binary/b7/DAT/version_71/data/en/train_subset/train_uk.txt', 'logs/en/ensemble/train/binary/b7/DAT/version_71/data/en/train_subset/train_in.txt', 'logs/en/ensemble/train/binary/b7/DAT/version_71/data/en/train_subset/train_de.txt', 'logs/en/ensemble/train/binary/b7/DAT/version_71/data/en/train_subset/train_au.txt']
2024-06-08 11:28:37,637 - progress - INFO - 	Dataloader config: {'sample_rate': 16000, 'batch_size': 8, 'num_workers': 10, 'pin_memory': True, 'use_start_end_token': False, 'trim_silence': False, 'is_tarred': False, 'tarred_audio_filepaths': None, 'shuffle_n': 2048, 'bucketing_strategy': 'synced_randomized', 'bucketing_batch_size': None, 'return_sample_id': False, 'drop_last': False, 'asr_repo': 'whisper', 'shuffle': True, 'manifest_filepath': ['logs/en/ensemble/train/binary/b7/DAT/version_71/data/en/train_subset/train_ca.txt', 'logs/en/ensemble/train/binary/b7/DAT/version_71/data/en/train_subset/train_uk.txt', 'logs/en/ensemble/train/binary/b7/DAT/version_71/data/en/train_subset/train_in.txt', 'logs/en/ensemble/train/binary/b7/DAT/version_71/data/en/train_subset/train_de.txt', 'logs/en/ensemble/train/binary/b7/DAT/version_71/data/en/train_subset/train_au.txt']}
2024-06-08 11:28:37,638 - progress - INFO - 	Batch size: 8
2024-06-08 11:28:37,741 - progress - INFO - Scheduler max. steps: 960
2024-06-08 11:28:37,752 - progress - INFO - Creating dataloader for ['logs/en/ensemble/train/binary/b7/DAT/version_71/data/en/train_subset/train_us.txt']
2024-06-08 11:28:37,753 - progress - INFO - 	Dataloader config: {'sample_rate': 16000, 'batch_size': 8, 'num_workers': 10, 'pin_memory': True, 'use_start_end_token': False, 'trim_silence': False, 'is_tarred': False, 'tarred_audio_filepaths': None, 'shuffle_n': 2048, 'bucketing_strategy': 'synced_randomized', 'bucketing_batch_size': None, 'return_sample_id': False, 'drop_last': False, 'asr_repo': 'whisper', 'shuffle': True, 'manifest_filepath': ['logs/en/ensemble/train/binary/b7/DAT/version_71/data/en/train_subset/train_us.txt']}
2024-06-08 11:28:37,754 - progress - INFO - 	Batch size: 8
2024-06-08 11:28:37,773 - progress - INFO - Creating dataloader for ['logs/en/ensemble/train/binary/b7/DAT/version_71/data/en/train_subset/train_ca.txt', 'logs/en/ensemble/train/binary/b7/DAT/version_71/data/en/train_subset/train_uk.txt', 'logs/en/ensemble/train/binary/b7/DAT/version_71/data/en/train_subset/train_in.txt', 'logs/en/ensemble/train/binary/b7/DAT/version_71/data/en/train_subset/train_de.txt', 'logs/en/ensemble/train/binary/b7/DAT/version_71/data/en/train_subset/train_au.txt']
2024-06-08 11:28:37,774 - progress - INFO - 	Dataloader config: {'sample_rate': 16000, 'batch_size': 8, 'num_workers': 10, 'pin_memory': True, 'use_start_end_token': False, 'trim_silence': False, 'is_tarred': False, 'tarred_audio_filepaths': None, 'shuffle_n': 2048, 'bucketing_strategy': 'synced_randomized', 'bucketing_batch_size': None, 'return_sample_id': False, 'drop_last': False, 'asr_repo': 'whisper', 'shuffle': True, 'manifest_filepath': ['logs/en/ensemble/train/binary/b7/DAT/version_71/data/en/train_subset/train_ca.txt', 'logs/en/ensemble/train/binary/b7/DAT/version_71/data/en/train_subset/train_uk.txt', 'logs/en/ensemble/train/binary/b7/DAT/version_71/data/en/train_subset/train_in.txt', 'logs/en/ensemble/train/binary/b7/DAT/version_71/data/en/train_subset/train_de.txt', 'logs/en/ensemble/train/binary/b7/DAT/version_71/data/en/train_subset/train_au.txt']}
2024-06-08 11:28:37,775 - progress - INFO - 	Batch size: 8
2024-06-08 11:28:37,800 - progress - INFO - Creating dataloader for logs/en/ensemble/train/binary/b7/DAT/version_71/data/en/train_subset/test_us.txt
2024-06-08 11:28:37,801 - progress - INFO - 	Dataloader config: {'sample_rate': 16000, 'batch_size': 8, 'num_workers': 10, 'pin_memory': True, 'use_start_end_token': False, 'trim_silence': False, 'is_tarred': False, 'tarred_audio_filepaths': None, 'shuffle_n': 2048, 'bucketing_strategy': 'synced_randomized', 'bucketing_batch_size': None, 'return_sample_id': False, 'drop_last': False, 'asr_repo': 'whisper', 'shuffle': False, 'manifest_filepath': 'logs/en/ensemble/train/binary/b7/DAT/version_71/data/en/train_subset/test_us.txt'}
2024-06-08 11:28:37,802 - progress - INFO - 	Batch size: 8
2024-06-08 11:28:37,810 - progress - INFO - Creating dataloader for logs/en/ensemble/train/binary/b7/DAT/version_71/data/en/train_subset/test_ca.txt
2024-06-08 11:28:37,810 - progress - INFO - 	Dataloader config: {'sample_rate': 16000, 'batch_size': 8, 'num_workers': 10, 'pin_memory': True, 'use_start_end_token': False, 'trim_silence': False, 'is_tarred': False, 'tarred_audio_filepaths': None, 'shuffle_n': 2048, 'bucketing_strategy': 'synced_randomized', 'bucketing_batch_size': None, 'return_sample_id': False, 'drop_last': False, 'asr_repo': 'whisper', 'shuffle': False, 'manifest_filepath': 'logs/en/ensemble/train/binary/b7/DAT/version_71/data/en/train_subset/test_ca.txt'}
2024-06-08 11:28:37,811 - progress - INFO - 	Batch size: 8
2024-06-08 11:28:37,814 - progress - INFO - Creating dataloader for logs/en/ensemble/train/binary/b7/DAT/version_71/data/en/train_subset/test_uk.txt
2024-06-08 11:28:37,815 - progress - INFO - 	Dataloader config: {'sample_rate': 16000, 'batch_size': 8, 'num_workers': 10, 'pin_memory': True, 'use_start_end_token': False, 'trim_silence': False, 'is_tarred': False, 'tarred_audio_filepaths': None, 'shuffle_n': 2048, 'bucketing_strategy': 'synced_randomized', 'bucketing_batch_size': None, 'return_sample_id': False, 'drop_last': False, 'asr_repo': 'whisper', 'shuffle': False, 'manifest_filepath': 'logs/en/ensemble/train/binary/b7/DAT/version_71/data/en/train_subset/test_uk.txt'}
2024-06-08 11:28:37,815 - progress - INFO - 	Batch size: 8
2024-06-08 11:28:37,819 - progress - INFO - Creating dataloader for logs/en/ensemble/train/binary/b7/DAT/version_71/data/en/train_subset/test_in.txt
2024-06-08 11:28:37,820 - progress - INFO - 	Dataloader config: {'sample_rate': 16000, 'batch_size': 8, 'num_workers': 10, 'pin_memory': True, 'use_start_end_token': False, 'trim_silence': False, 'is_tarred': False, 'tarred_audio_filepaths': None, 'shuffle_n': 2048, 'bucketing_strategy': 'synced_randomized', 'bucketing_batch_size': None, 'return_sample_id': False, 'drop_last': False, 'asr_repo': 'whisper', 'shuffle': False, 'manifest_filepath': 'logs/en/ensemble/train/binary/b7/DAT/version_71/data/en/train_subset/test_in.txt'}
2024-06-08 11:28:37,821 - progress - INFO - 	Batch size: 8
2024-06-08 11:28:37,824 - progress - INFO - Creating dataloader for logs/en/ensemble/train/binary/b7/DAT/version_71/data/en/train_subset/test_de.txt
2024-06-08 11:28:37,825 - progress - INFO - 	Dataloader config: {'sample_rate': 16000, 'batch_size': 8, 'num_workers': 10, 'pin_memory': True, 'use_start_end_token': False, 'trim_silence': False, 'is_tarred': False, 'tarred_audio_filepaths': None, 'shuffle_n': 2048, 'bucketing_strategy': 'synced_randomized', 'bucketing_batch_size': None, 'return_sample_id': False, 'drop_last': False, 'asr_repo': 'whisper', 'shuffle': False, 'manifest_filepath': 'logs/en/ensemble/train/binary/b7/DAT/version_71/data/en/train_subset/test_de.txt'}
2024-06-08 11:28:37,826 - progress - INFO - 	Batch size: 8
2024-06-08 11:28:37,829 - progress - INFO - Creating dataloader for logs/en/ensemble/train/binary/b7/DAT/version_71/data/en/train_subset/test_au.txt
2024-06-08 11:28:37,830 - progress - INFO - 	Dataloader config: {'sample_rate': 16000, 'batch_size': 8, 'num_workers': 10, 'pin_memory': True, 'use_start_end_token': False, 'trim_silence': False, 'is_tarred': False, 'tarred_audio_filepaths': None, 'shuffle_n': 2048, 'bucketing_strategy': 'synced_randomized', 'bucketing_batch_size': None, 'return_sample_id': False, 'drop_last': False, 'asr_repo': 'whisper', 'shuffle': False, 'manifest_filepath': 'logs/en/ensemble/train/binary/b7/DAT/version_71/data/en/train_subset/test_au.txt'}
2024-06-08 11:28:37,831 - progress - INFO - 	Batch size: 8
2024-06-08 11:28:37,834 - progress - INFO - Creating dataloader for logs/en/ensemble/train/binary/b7/DAT/version_71/data/en/train_subset/test_hk.txt
2024-06-08 11:28:37,835 - progress - INFO - 	Dataloader config: {'sample_rate': 16000, 'batch_size': 8, 'num_workers': 10, 'pin_memory': True, 'use_start_end_token': False, 'trim_silence': False, 'is_tarred': False, 'tarred_audio_filepaths': None, 'shuffle_n': 2048, 'bucketing_strategy': 'synced_randomized', 'bucketing_batch_size': None, 'return_sample_id': False, 'drop_last': False, 'asr_repo': 'whisper', 'shuffle': False, 'manifest_filepath': 'logs/en/ensemble/train/binary/b7/DAT/version_71/data/en/train_subset/test_hk.txt'}
2024-06-08 11:28:37,835 - progress - INFO - 	Batch size: 8
2024-06-08 11:28:37,838 - progress - INFO - Creating dataloader for logs/en/ensemble/train/binary/b7/DAT/version_71/data/en/train_subset/test_ie.txt
2024-06-08 11:28:37,839 - progress - INFO - 	Dataloader config: {'sample_rate': 16000, 'batch_size': 8, 'num_workers': 10, 'pin_memory': True, 'use_start_end_token': False, 'trim_silence': False, 'is_tarred': False, 'tarred_audio_filepaths': None, 'shuffle_n': 2048, 'bucketing_strategy': 'synced_randomized', 'bucketing_batch_size': None, 'return_sample_id': False, 'drop_last': False, 'asr_repo': 'whisper', 'shuffle': False, 'manifest_filepath': 'logs/en/ensemble/train/binary/b7/DAT/version_71/data/en/train_subset/test_ie.txt'}
2024-06-08 11:28:37,840 - progress - INFO - 	Batch size: 8
2024-06-08 11:28:37,843 - progress - INFO - Creating dataloader for logs/en/ensemble/train/binary/b7/DAT/version_71/data/en/train_subset/test_ni.txt
2024-06-08 11:28:37,844 - progress - INFO - 	Dataloader config: {'sample_rate': 16000, 'batch_size': 8, 'num_workers': 10, 'pin_memory': True, 'use_start_end_token': False, 'trim_silence': False, 'is_tarred': False, 'tarred_audio_filepaths': None, 'shuffle_n': 2048, 'bucketing_strategy': 'synced_randomized', 'bucketing_batch_size': None, 'return_sample_id': False, 'drop_last': False, 'asr_repo': 'whisper', 'shuffle': False, 'manifest_filepath': 'logs/en/ensemble/train/binary/b7/DAT/version_71/data/en/train_subset/test_ni.txt'}
2024-06-08 11:28:37,845 - progress - INFO - 	Batch size: 8
2024-06-08 11:28:37,848 - progress - INFO - Creating dataloader for logs/en/ensemble/train/binary/b7/DAT/version_71/data/en/train_subset/test_nz.txt
2024-06-08 11:28:37,849 - progress - INFO - 	Dataloader config: {'sample_rate': 16000, 'batch_size': 8, 'num_workers': 10, 'pin_memory': True, 'use_start_end_token': False, 'trim_silence': False, 'is_tarred': False, 'tarred_audio_filepaths': None, 'shuffle_n': 2048, 'bucketing_strategy': 'synced_randomized', 'bucketing_batch_size': None, 'return_sample_id': False, 'drop_last': False, 'asr_repo': 'whisper', 'shuffle': False, 'manifest_filepath': 'logs/en/ensemble/train/binary/b7/DAT/version_71/data/en/train_subset/test_nz.txt'}
2024-06-08 11:28:37,850 - progress - INFO - 	Batch size: 8
2024-06-08 11:28:37,854 - progress - INFO - Creating dataloader for logs/en/ensemble/train/binary/b7/DAT/version_71/data/en/train_subset/test_ph.txt
2024-06-08 11:28:37,855 - progress - INFO - 	Dataloader config: {'sample_rate': 16000, 'batch_size': 8, 'num_workers': 10, 'pin_memory': True, 'use_start_end_token': False, 'trim_silence': False, 'is_tarred': False, 'tarred_audio_filepaths': None, 'shuffle_n': 2048, 'bucketing_strategy': 'synced_randomized', 'bucketing_batch_size': None, 'return_sample_id': False, 'drop_last': False, 'asr_repo': 'whisper', 'shuffle': False, 'manifest_filepath': 'logs/en/ensemble/train/binary/b7/DAT/version_71/data/en/train_subset/test_ph.txt'}
2024-06-08 11:28:37,855 - progress - INFO - 	Batch size: 8
2024-06-08 11:28:37,858 - progress - INFO - Creating dataloader for logs/en/ensemble/train/binary/b7/DAT/version_71/data/en/train_subset/test_sc.txt
2024-06-08 11:28:37,858 - progress - INFO - 	Dataloader config: {'sample_rate': 16000, 'batch_size': 8, 'num_workers': 10, 'pin_memory': True, 'use_start_end_token': False, 'trim_silence': False, 'is_tarred': False, 'tarred_audio_filepaths': None, 'shuffle_n': 2048, 'bucketing_strategy': 'synced_randomized', 'bucketing_batch_size': None, 'return_sample_id': False, 'drop_last': False, 'asr_repo': 'whisper', 'shuffle': False, 'manifest_filepath': 'logs/en/ensemble/train/binary/b7/DAT/version_71/data/en/train_subset/test_sc.txt'}
2024-06-08 11:28:37,859 - progress - INFO - 	Batch size: 8
2024-06-08 11:28:37,863 - progress - INFO - Creating dataloader for logs/en/ensemble/train/binary/b7/DAT/version_71/data/en/train_subset/test_sg.txt
2024-06-08 11:28:37,864 - progress - INFO - 	Dataloader config: {'sample_rate': 16000, 'batch_size': 8, 'num_workers': 10, 'pin_memory': True, 'use_start_end_token': False, 'trim_silence': False, 'is_tarred': False, 'tarred_audio_filepaths': None, 'shuffle_n': 2048, 'bucketing_strategy': 'synced_randomized', 'bucketing_batch_size': None, 'return_sample_id': False, 'drop_last': False, 'asr_repo': 'whisper', 'shuffle': False, 'manifest_filepath': 'logs/en/ensemble/train/binary/b7/DAT/version_71/data/en/train_subset/test_sg.txt'}
2024-06-08 11:28:37,865 - progress - INFO - 	Batch size: 8
2024-06-08 11:28:37,867 - progress - INFO - Creating dataloader for logs/en/ensemble/train/binary/b7/DAT/version_71/data/en/train_subset/test_za.txt
2024-06-08 11:28:37,868 - progress - INFO - 	Dataloader config: {'sample_rate': 16000, 'batch_size': 8, 'num_workers': 10, 'pin_memory': True, 'use_start_end_token': False, 'trim_silence': False, 'is_tarred': False, 'tarred_audio_filepaths': None, 'shuffle_n': 2048, 'bucketing_strategy': 'synced_randomized', 'bucketing_batch_size': None, 'return_sample_id': False, 'drop_last': False, 'asr_repo': 'whisper', 'shuffle': False, 'manifest_filepath': 'logs/en/ensemble/train/binary/b7/DAT/version_71/data/en/train_subset/test_za.txt'}
2024-06-08 11:28:37,869 - progress - INFO - 	Batch size: 8
