2023-06-23 11:44:14,333 - progress - INFO - Configuring optimizers
2023-06-23 11:44:14,351 - progress - INFO - Creating dataloader for ['logs/en/asr/train/version_10/data/en/train_split/train_us.txt', 'logs/en/asr/train/version_10/data/en/train_split/train_ca.txt', 'logs/en/asr/train/version_10/data/en/train_split/train_uk.txt', 'logs/en/asr/train/version_10/data/en/train_split/train_in.txt', 'logs/en/asr/train/version_10/data/en/train_split/train_de.txt', 'logs/en/asr/train/version_10/data/en/train_split/train_au.txt']
2023-06-23 11:44:14,351 - progress - INFO - 	Dataloader config: {'sample_rate': 16000, 'batch_size': 12, 'num_workers': 10, 'pin_memory': True, 'use_start_end_token': False, 'trim_silence': False, 'is_tarred': False, 'tarred_audio_filepaths': None, 'shuffle_n': 2048, 'bucketing_strategy': 'synced_randomized', 'bucketing_batch_size': None, 'return_sample_id': False, 'drop_last': False, 'shuffle': True, 'manifest_filepath': ['logs/en/asr/train/version_10/data/en/train_split/train_us.txt', 'logs/en/asr/train/version_10/data/en/train_split/train_ca.txt', 'logs/en/asr/train/version_10/data/en/train_split/train_uk.txt', 'logs/en/asr/train/version_10/data/en/train_split/train_in.txt', 'logs/en/asr/train/version_10/data/en/train_split/train_de.txt', 'logs/en/asr/train/version_10/data/en/train_split/train_au.txt']}
2023-06-23 11:44:14,352 - progress - INFO - 	Batch size: 12
2023-06-23 11:45:58,002 - progress - INFO - Creating dataloader for logs/en/asr/train/version_10/data/en/train_split/test_us.txt
2023-06-23 11:45:58,003 - progress - INFO - 	Dataloader config: {'sample_rate': 16000, 'batch_size': 12, 'num_workers': 10, 'pin_memory': True, 'use_start_end_token': False, 'trim_silence': False, 'is_tarred': False, 'tarred_audio_filepaths': None, 'shuffle_n': 2048, 'bucketing_strategy': 'synced_randomized', 'bucketing_batch_size': None, 'return_sample_id': False, 'drop_last': False, 'shuffle': False, 'manifest_filepath': 'logs/en/asr/train/version_10/data/en/train_split/test_us.txt'}
2023-06-23 11:45:58,003 - progress - INFO - 	Batch size: 12
2023-06-23 11:46:13,336 - progress - INFO - Creating dataloader for logs/en/asr/train/version_10/data/en/train_split/test_ca.txt
2023-06-23 11:46:13,337 - progress - INFO - 	Dataloader config: {'sample_rate': 16000, 'batch_size': 12, 'num_workers': 10, 'pin_memory': True, 'use_start_end_token': False, 'trim_silence': False, 'is_tarred': False, 'tarred_audio_filepaths': None, 'shuffle_n': 2048, 'bucketing_strategy': 'synced_randomized', 'bucketing_batch_size': None, 'return_sample_id': False, 'drop_last': False, 'shuffle': False, 'manifest_filepath': 'logs/en/asr/train/version_10/data/en/train_split/test_ca.txt'}
2023-06-23 11:46:13,337 - progress - INFO - 	Batch size: 12
2023-06-23 11:46:15,097 - progress - INFO - Creating dataloader for logs/en/asr/train/version_10/data/en/train_split/test_uk.txt
2023-06-23 11:46:15,099 - progress - INFO - 	Dataloader config: {'sample_rate': 16000, 'batch_size': 12, 'num_workers': 10, 'pin_memory': True, 'use_start_end_token': False, 'trim_silence': False, 'is_tarred': False, 'tarred_audio_filepaths': None, 'shuffle_n': 2048, 'bucketing_strategy': 'synced_randomized', 'bucketing_batch_size': None, 'return_sample_id': False, 'drop_last': False, 'shuffle': False, 'manifest_filepath': 'logs/en/asr/train/version_10/data/en/train_split/test_uk.txt'}
2023-06-23 11:46:15,099 - progress - INFO - 	Batch size: 12
2023-06-23 11:46:20,191 - progress - INFO - Creating dataloader for logs/en/asr/train/version_10/data/en/train_split/test_in.txt
2023-06-23 11:46:20,192 - progress - INFO - 	Dataloader config: {'sample_rate': 16000, 'batch_size': 12, 'num_workers': 10, 'pin_memory': True, 'use_start_end_token': False, 'trim_silence': False, 'is_tarred': False, 'tarred_audio_filepaths': None, 'shuffle_n': 2048, 'bucketing_strategy': 'synced_randomized', 'bucketing_batch_size': None, 'return_sample_id': False, 'drop_last': False, 'shuffle': False, 'manifest_filepath': 'logs/en/asr/train/version_10/data/en/train_split/test_in.txt'}
2023-06-23 11:46:20,193 - progress - INFO - 	Batch size: 12
2023-06-23 11:46:24,091 - progress - INFO - Creating dataloader for logs/en/asr/train/version_10/data/en/train_split/test_de.txt
2023-06-23 11:46:24,092 - progress - INFO - 	Dataloader config: {'sample_rate': 16000, 'batch_size': 12, 'num_workers': 10, 'pin_memory': True, 'use_start_end_token': False, 'trim_silence': False, 'is_tarred': False, 'tarred_audio_filepaths': None, 'shuffle_n': 2048, 'bucketing_strategy': 'synced_randomized', 'bucketing_batch_size': None, 'return_sample_id': False, 'drop_last': False, 'shuffle': False, 'manifest_filepath': 'logs/en/asr/train/version_10/data/en/train_split/test_de.txt'}
2023-06-23 11:46:24,092 - progress - INFO - 	Batch size: 12
2023-06-23 11:46:25,552 - progress - INFO - Creating dataloader for logs/en/asr/train/version_10/data/en/train_split/test_au.txt
2023-06-23 11:46:25,553 - progress - INFO - 	Dataloader config: {'sample_rate': 16000, 'batch_size': 12, 'num_workers': 10, 'pin_memory': True, 'use_start_end_token': False, 'trim_silence': False, 'is_tarred': False, 'tarred_audio_filepaths': None, 'shuffle_n': 2048, 'bucketing_strategy': 'synced_randomized', 'bucketing_batch_size': None, 'return_sample_id': False, 'drop_last': False, 'shuffle': False, 'manifest_filepath': 'logs/en/asr/train/version_10/data/en/train_split/test_au.txt'}
2023-06-23 11:46:25,554 - progress - INFO - 	Batch size: 12
2023-06-23 11:46:27,499 - progress - INFO - Creating dataloader for logs/en/asr/train/version_10/data/en/train_split/test_hk.txt
2023-06-23 11:46:27,500 - progress - INFO - 	Dataloader config: {'sample_rate': 16000, 'batch_size': 12, 'num_workers': 10, 'pin_memory': True, 'use_start_end_token': False, 'trim_silence': False, 'is_tarred': False, 'tarred_audio_filepaths': None, 'shuffle_n': 2048, 'bucketing_strategy': 'synced_randomized', 'bucketing_batch_size': None, 'return_sample_id': False, 'drop_last': False, 'shuffle': False, 'manifest_filepath': 'logs/en/asr/train/version_10/data/en/train_split/test_hk.txt'}
2023-06-23 11:46:27,501 - progress - INFO - 	Batch size: 12
2023-06-23 11:46:28,808 - progress - INFO - Creating dataloader for logs/en/asr/train/version_10/data/en/train_split/test_ie.txt
2023-06-23 11:46:28,808 - progress - INFO - 	Dataloader config: {'sample_rate': 16000, 'batch_size': 12, 'num_workers': 10, 'pin_memory': True, 'use_start_end_token': False, 'trim_silence': False, 'is_tarred': False, 'tarred_audio_filepaths': None, 'shuffle_n': 2048, 'bucketing_strategy': 'synced_randomized', 'bucketing_batch_size': None, 'return_sample_id': False, 'drop_last': False, 'shuffle': False, 'manifest_filepath': 'logs/en/asr/train/version_10/data/en/train_split/test_ie.txt'}
2023-06-23 11:46:28,809 - progress - INFO - 	Batch size: 12
2023-06-23 11:46:30,057 - progress - INFO - Creating dataloader for logs/en/asr/train/version_10/data/en/train_split/test_ni.txt
2023-06-23 11:46:30,058 - progress - INFO - 	Dataloader config: {'sample_rate': 16000, 'batch_size': 12, 'num_workers': 10, 'pin_memory': True, 'use_start_end_token': False, 'trim_silence': False, 'is_tarred': False, 'tarred_audio_filepaths': None, 'shuffle_n': 2048, 'bucketing_strategy': 'synced_randomized', 'bucketing_batch_size': None, 'return_sample_id': False, 'drop_last': False, 'shuffle': False, 'manifest_filepath': 'logs/en/asr/train/version_10/data/en/train_split/test_ni.txt'}
2023-06-23 11:46:30,058 - progress - INFO - 	Batch size: 12
2023-06-23 11:46:31,077 - progress - INFO - Creating dataloader for logs/en/asr/train/version_10/data/en/train_split/test_nz.txt
2023-06-23 11:46:31,077 - progress - INFO - 	Dataloader config: {'sample_rate': 16000, 'batch_size': 12, 'num_workers': 10, 'pin_memory': True, 'use_start_end_token': False, 'trim_silence': False, 'is_tarred': False, 'tarred_audio_filepaths': None, 'shuffle_n': 2048, 'bucketing_strategy': 'synced_randomized', 'bucketing_batch_size': None, 'return_sample_id': False, 'drop_last': False, 'shuffle': False, 'manifest_filepath': 'logs/en/asr/train/version_10/data/en/train_split/test_nz.txt'}
2023-06-23 11:46:31,078 - progress - INFO - 	Batch size: 12
2023-06-23 11:46:33,108 - progress - INFO - Creating dataloader for logs/en/asr/train/version_10/data/en/train_split/test_ph.txt
2023-06-23 11:46:33,109 - progress - INFO - 	Dataloader config: {'sample_rate': 16000, 'batch_size': 12, 'num_workers': 10, 'pin_memory': True, 'use_start_end_token': False, 'trim_silence': False, 'is_tarred': False, 'tarred_audio_filepaths': None, 'shuffle_n': 2048, 'bucketing_strategy': 'synced_randomized', 'bucketing_batch_size': None, 'return_sample_id': False, 'drop_last': False, 'shuffle': False, 'manifest_filepath': 'logs/en/asr/train/version_10/data/en/train_split/test_ph.txt'}
2023-06-23 11:46:33,109 - progress - INFO - 	Batch size: 12
2023-06-23 11:46:33,780 - progress - INFO - Creating dataloader for logs/en/asr/train/version_10/data/en/train_split/test_sc.txt
2023-06-23 11:46:33,781 - progress - INFO - 	Dataloader config: {'sample_rate': 16000, 'batch_size': 12, 'num_workers': 10, 'pin_memory': True, 'use_start_end_token': False, 'trim_silence': False, 'is_tarred': False, 'tarred_audio_filepaths': None, 'shuffle_n': 2048, 'bucketing_strategy': 'synced_randomized', 'bucketing_batch_size': None, 'return_sample_id': False, 'drop_last': False, 'shuffle': False, 'manifest_filepath': 'logs/en/asr/train/version_10/data/en/train_split/test_sc.txt'}
2023-06-23 11:46:33,782 - progress - INFO - 	Batch size: 12
2023-06-23 11:46:36,515 - progress - INFO - Creating dataloader for logs/en/asr/train/version_10/data/en/train_split/test_sg.txt
2023-06-23 11:46:36,515 - progress - INFO - 	Dataloader config: {'sample_rate': 16000, 'batch_size': 12, 'num_workers': 10, 'pin_memory': True, 'use_start_end_token': False, 'trim_silence': False, 'is_tarred': False, 'tarred_audio_filepaths': None, 'shuffle_n': 2048, 'bucketing_strategy': 'synced_randomized', 'bucketing_batch_size': None, 'return_sample_id': False, 'drop_last': False, 'shuffle': False, 'manifest_filepath': 'logs/en/asr/train/version_10/data/en/train_split/test_sg.txt'}
2023-06-23 11:46:36,516 - progress - INFO - 	Batch size: 12
2023-06-23 11:46:37,081 - progress - INFO - Creating dataloader for logs/en/asr/train/version_10/data/en/train_split/test_za.txt
2023-06-23 11:46:37,082 - progress - INFO - 	Dataloader config: {'sample_rate': 16000, 'batch_size': 12, 'num_workers': 10, 'pin_memory': True, 'use_start_end_token': False, 'trim_silence': False, 'is_tarred': False, 'tarred_audio_filepaths': None, 'shuffle_n': 2048, 'bucketing_strategy': 'synced_randomized', 'bucketing_batch_size': None, 'return_sample_id': False, 'drop_last': False, 'shuffle': False, 'manifest_filepath': 'logs/en/asr/train/version_10/data/en/train_split/test_za.txt'}
2023-06-23 11:46:37,082 - progress - INFO - 	Batch size: 12
2023-06-23 13:28:21,813 - progress - WARNING - Error on batch 5876: The size of tensor a (657) must match the size of tensor b (448) at non-singleton dimension 1
2023-06-23 14:09:18,909 - progress - WARNING - Error on batch 8227: The size of tensor a (2136) must match the size of tensor b (448) at non-singleton dimension 1
2023-06-23 14:29:16,407 - progress - WARNING - Error on batch 9372: The size of tensor a (1331) must match the size of tensor b (448) at non-singleton dimension 1
2023-06-23 15:38:59,073 - progress - WARNING - Error on batch 13375: The size of tensor a (1352) must match the size of tensor b (448) at non-singleton dimension 1
2023-06-23 16:04:43,698 - progress - WARNING - Error on batch 14862: The size of tensor a (7697) must match the size of tensor b (448) at non-singleton dimension 1
2023-06-23 16:24:43,053 - progress - WARNING - Error on batch 16018: The size of tensor a (596) must match the size of tensor b (448) at non-singleton dimension 1
2023-06-23 16:29:38,411 - progress - WARNING - Error on batch 16303: The size of tensor a (984) must match the size of tensor b (448) at non-singleton dimension 1
2023-06-23 17:11:32,489 - progress - WARNING - Error on batch 18724: The size of tensor a (1909) must match the size of tensor b (448) at non-singleton dimension 1
2023-06-23 20:36:50,650 - progress - WARNING - Error on batch 30532: The size of tensor a (722) must match the size of tensor b (448) at non-singleton dimension 1
2023-06-23 20:50:01,976 - progress - WARNING - Error on batch 31290: The size of tensor a (2954) must match the size of tensor b (448) at non-singleton dimension 1
2023-06-23 21:21:38,002 - progress - WARNING - Error on batch 33106: The size of tensor a (1494) must match the size of tensor b (448) at non-singleton dimension 1
2023-06-23 23:52:41,841 - progress - WARNING - Error on batch 41826: The size of tensor a (2716) must match the size of tensor b (448) at non-singleton dimension 1
2023-06-24 01:55:35,389 - progress - WARNING - Error on batch 48933: The size of tensor a (2753) must match the size of tensor b (448) at non-singleton dimension 1
2023-06-24 03:20:31,898 - progress - WARNING - Error on batch 3053: The size of tensor a (1331) must match the size of tensor b (448) at non-singleton dimension 1
2023-06-24 03:35:05,894 - progress - WARNING - Error on batch 3900: The size of tensor a (2136) must match the size of tensor b (448) at non-singleton dimension 1
2023-06-24 04:24:15,965 - progress - WARNING - Error on batch 6779: The size of tensor a (1352) must match the size of tensor b (448) at non-singleton dimension 1
2023-06-24 07:31:32,167 - progress - WARNING - Error on batch 17761: The size of tensor a (984) must match the size of tensor b (448) at non-singleton dimension 1
2023-06-24 07:34:24,522 - progress - WARNING - Error on batch 17930: The size of tensor a (1494) must match the size of tensor b (448) at non-singleton dimension 1
2023-06-24 09:02:44,493 - progress - WARNING - Error on batch 23108: The size of tensor a (2716) must match the size of tensor b (448) at non-singleton dimension 1
2023-06-24 11:08:58,441 - progress - WARNING - Error on batch 30503: The size of tensor a (7697) must match the size of tensor b (448) at non-singleton dimension 1
2023-06-24 13:22:22,698 - progress - WARNING - Error on batch 38304: The size of tensor a (2954) must match the size of tensor b (448) at non-singleton dimension 1
2023-06-24 13:50:56,305 - progress - WARNING - Error on batch 39979: The size of tensor a (2753) must match the size of tensor b (448) at non-singleton dimension 1
2023-06-24 14:58:20,346 - progress - WARNING - Error on batch 43933: The size of tensor a (596) must match the size of tensor b (448) at non-singleton dimension 1
2023-06-24 15:16:03,938 - progress - WARNING - Error on batch 44973: The size of tensor a (722) must match the size of tensor b (448) at non-singleton dimension 1
2023-06-24 15:51:36,933 - progress - WARNING - Error on batch 47058: The size of tensor a (657) must match the size of tensor b (448) at non-singleton dimension 1
2023-06-24 16:21:31,050 - progress - WARNING - Error on batch 48811: The size of tensor a (1909) must match the size of tensor b (448) at non-singleton dimension 1
