2024-06-08 11:22:00,798 - progress - INFO - Creating dataloader for logs/en/ensemble/train/binary/b7/DAT/version_73/data/en/train_subset/test_us.txt
2024-06-08 11:22:00,800 - progress - INFO - 	Dataloader config: {'sample_rate': 16000, 'batch_size': 8, 'num_workers': 10, 'pin_memory': True, 'use_start_end_token': False, 'trim_silence': False, 'is_tarred': False, 'tarred_audio_filepaths': None, 'shuffle_n': 2048, 'bucketing_strategy': 'synced_randomized', 'bucketing_batch_size': None, 'return_sample_id': False, 'drop_last': False, 'asr_repo': 'whisper', 'shuffle': False, 'manifest_filepath': 'logs/en/ensemble/train/binary/b7/DAT/version_73/data/en/train_subset/test_us.txt'}
2024-06-08 11:22:00,800 - progress - INFO - 	Batch size: 8
2024-06-08 11:22:01,004 - progress - INFO - Creating dataloader for logs/en/ensemble/train/binary/b7/DAT/version_73/data/en/train_subset/test_ca.txt
2024-06-08 11:22:01,005 - progress - INFO - 	Dataloader config: {'sample_rate': 16000, 'batch_size': 8, 'num_workers': 10, 'pin_memory': True, 'use_start_end_token': False, 'trim_silence': False, 'is_tarred': False, 'tarred_audio_filepaths': None, 'shuffle_n': 2048, 'bucketing_strategy': 'synced_randomized', 'bucketing_batch_size': None, 'return_sample_id': False, 'drop_last': False, 'asr_repo': 'whisper', 'shuffle': False, 'manifest_filepath': 'logs/en/ensemble/train/binary/b7/DAT/version_73/data/en/train_subset/test_ca.txt'}
2024-06-08 11:22:01,006 - progress - INFO - 	Batch size: 8
2024-06-08 11:22:01,010 - progress - INFO - Creating dataloader for logs/en/ensemble/train/binary/b7/DAT/version_73/data/en/train_subset/test_uk.txt
2024-06-08 11:22:01,011 - progress - INFO - 	Dataloader config: {'sample_rate': 16000, 'batch_size': 8, 'num_workers': 10, 'pin_memory': True, 'use_start_end_token': False, 'trim_silence': False, 'is_tarred': False, 'tarred_audio_filepaths': None, 'shuffle_n': 2048, 'bucketing_strategy': 'synced_randomized', 'bucketing_batch_size': None, 'return_sample_id': False, 'drop_last': False, 'asr_repo': 'whisper', 'shuffle': False, 'manifest_filepath': 'logs/en/ensemble/train/binary/b7/DAT/version_73/data/en/train_subset/test_uk.txt'}
2024-06-08 11:22:01,012 - progress - INFO - 	Batch size: 8
2024-06-08 11:22:01,016 - progress - INFO - Creating dataloader for logs/en/ensemble/train/binary/b7/DAT/version_73/data/en/train_subset/test_in.txt
2024-06-08 11:22:01,017 - progress - INFO - 	Dataloader config: {'sample_rate': 16000, 'batch_size': 8, 'num_workers': 10, 'pin_memory': True, 'use_start_end_token': False, 'trim_silence': False, 'is_tarred': False, 'tarred_audio_filepaths': None, 'shuffle_n': 2048, 'bucketing_strategy': 'synced_randomized', 'bucketing_batch_size': None, 'return_sample_id': False, 'drop_last': False, 'asr_repo': 'whisper', 'shuffle': False, 'manifest_filepath': 'logs/en/ensemble/train/binary/b7/DAT/version_73/data/en/train_subset/test_in.txt'}
2024-06-08 11:22:01,018 - progress - INFO - 	Batch size: 8
2024-06-08 11:22:01,022 - progress - INFO - Creating dataloader for logs/en/ensemble/train/binary/b7/DAT/version_73/data/en/train_subset/test_de.txt
2024-06-08 11:22:01,023 - progress - INFO - 	Dataloader config: {'sample_rate': 16000, 'batch_size': 8, 'num_workers': 10, 'pin_memory': True, 'use_start_end_token': False, 'trim_silence': False, 'is_tarred': False, 'tarred_audio_filepaths': None, 'shuffle_n': 2048, 'bucketing_strategy': 'synced_randomized', 'bucketing_batch_size': None, 'return_sample_id': False, 'drop_last': False, 'asr_repo': 'whisper', 'shuffle': False, 'manifest_filepath': 'logs/en/ensemble/train/binary/b7/DAT/version_73/data/en/train_subset/test_de.txt'}
2024-06-08 11:22:01,023 - progress - INFO - 	Batch size: 8
2024-06-08 11:22:01,026 - progress - INFO - Creating dataloader for logs/en/ensemble/train/binary/b7/DAT/version_73/data/en/train_subset/test_au.txt
2024-06-08 11:22:01,027 - progress - INFO - 	Dataloader config: {'sample_rate': 16000, 'batch_size': 8, 'num_workers': 10, 'pin_memory': True, 'use_start_end_token': False, 'trim_silence': False, 'is_tarred': False, 'tarred_audio_filepaths': None, 'shuffle_n': 2048, 'bucketing_strategy': 'synced_randomized', 'bucketing_batch_size': None, 'return_sample_id': False, 'drop_last': False, 'asr_repo': 'whisper', 'shuffle': False, 'manifest_filepath': 'logs/en/ensemble/train/binary/b7/DAT/version_73/data/en/train_subset/test_au.txt'}
2024-06-08 11:22:01,028 - progress - INFO - 	Batch size: 8
2024-06-08 11:22:01,032 - progress - INFO - Creating dataloader for logs/en/ensemble/train/binary/b7/DAT/version_73/data/en/train_subset/test_hk.txt
2024-06-08 11:22:01,033 - progress - INFO - 	Dataloader config: {'sample_rate': 16000, 'batch_size': 8, 'num_workers': 10, 'pin_memory': True, 'use_start_end_token': False, 'trim_silence': False, 'is_tarred': False, 'tarred_audio_filepaths': None, 'shuffle_n': 2048, 'bucketing_strategy': 'synced_randomized', 'bucketing_batch_size': None, 'return_sample_id': False, 'drop_last': False, 'asr_repo': 'whisper', 'shuffle': False, 'manifest_filepath': 'logs/en/ensemble/train/binary/b7/DAT/version_73/data/en/train_subset/test_hk.txt'}
2024-06-08 11:22:01,034 - progress - INFO - 	Batch size: 8
2024-06-08 11:22:01,036 - progress - INFO - Creating dataloader for logs/en/ensemble/train/binary/b7/DAT/version_73/data/en/train_subset/test_ie.txt
2024-06-08 11:22:01,037 - progress - INFO - 	Dataloader config: {'sample_rate': 16000, 'batch_size': 8, 'num_workers': 10, 'pin_memory': True, 'use_start_end_token': False, 'trim_silence': False, 'is_tarred': False, 'tarred_audio_filepaths': None, 'shuffle_n': 2048, 'bucketing_strategy': 'synced_randomized', 'bucketing_batch_size': None, 'return_sample_id': False, 'drop_last': False, 'asr_repo': 'whisper', 'shuffle': False, 'manifest_filepath': 'logs/en/ensemble/train/binary/b7/DAT/version_73/data/en/train_subset/test_ie.txt'}
2024-06-08 11:22:01,038 - progress - INFO - 	Batch size: 8
2024-06-08 11:22:01,041 - progress - INFO - Creating dataloader for logs/en/ensemble/train/binary/b7/DAT/version_73/data/en/train_subset/test_ni.txt
2024-06-08 11:22:01,042 - progress - INFO - 	Dataloader config: {'sample_rate': 16000, 'batch_size': 8, 'num_workers': 10, 'pin_memory': True, 'use_start_end_token': False, 'trim_silence': False, 'is_tarred': False, 'tarred_audio_filepaths': None, 'shuffle_n': 2048, 'bucketing_strategy': 'synced_randomized', 'bucketing_batch_size': None, 'return_sample_id': False, 'drop_last': False, 'asr_repo': 'whisper', 'shuffle': False, 'manifest_filepath': 'logs/en/ensemble/train/binary/b7/DAT/version_73/data/en/train_subset/test_ni.txt'}
2024-06-08 11:22:01,043 - progress - INFO - 	Batch size: 8
2024-06-08 11:22:01,046 - progress - INFO - Creating dataloader for logs/en/ensemble/train/binary/b7/DAT/version_73/data/en/train_subset/test_nz.txt
2024-06-08 11:22:01,047 - progress - INFO - 	Dataloader config: {'sample_rate': 16000, 'batch_size': 8, 'num_workers': 10, 'pin_memory': True, 'use_start_end_token': False, 'trim_silence': False, 'is_tarred': False, 'tarred_audio_filepaths': None, 'shuffle_n': 2048, 'bucketing_strategy': 'synced_randomized', 'bucketing_batch_size': None, 'return_sample_id': False, 'drop_last': False, 'asr_repo': 'whisper', 'shuffle': False, 'manifest_filepath': 'logs/en/ensemble/train/binary/b7/DAT/version_73/data/en/train_subset/test_nz.txt'}
2024-06-08 11:22:01,048 - progress - INFO - 	Batch size: 8
2024-06-08 11:22:01,052 - progress - INFO - Creating dataloader for logs/en/ensemble/train/binary/b7/DAT/version_73/data/en/train_subset/test_ph.txt
2024-06-08 11:22:01,053 - progress - INFO - 	Dataloader config: {'sample_rate': 16000, 'batch_size': 8, 'num_workers': 10, 'pin_memory': True, 'use_start_end_token': False, 'trim_silence': False, 'is_tarred': False, 'tarred_audio_filepaths': None, 'shuffle_n': 2048, 'bucketing_strategy': 'synced_randomized', 'bucketing_batch_size': None, 'return_sample_id': False, 'drop_last': False, 'asr_repo': 'whisper', 'shuffle': False, 'manifest_filepath': 'logs/en/ensemble/train/binary/b7/DAT/version_73/data/en/train_subset/test_ph.txt'}
2024-06-08 11:22:01,054 - progress - INFO - 	Batch size: 8
2024-06-08 11:22:01,058 - progress - INFO - Creating dataloader for logs/en/ensemble/train/binary/b7/DAT/version_73/data/en/train_subset/test_sc.txt
2024-06-08 11:22:01,059 - progress - INFO - 	Dataloader config: {'sample_rate': 16000, 'batch_size': 8, 'num_workers': 10, 'pin_memory': True, 'use_start_end_token': False, 'trim_silence': False, 'is_tarred': False, 'tarred_audio_filepaths': None, 'shuffle_n': 2048, 'bucketing_strategy': 'synced_randomized', 'bucketing_batch_size': None, 'return_sample_id': False, 'drop_last': False, 'asr_repo': 'whisper', 'shuffle': False, 'manifest_filepath': 'logs/en/ensemble/train/binary/b7/DAT/version_73/data/en/train_subset/test_sc.txt'}
2024-06-08 11:22:01,060 - progress - INFO - 	Batch size: 8
2024-06-08 11:22:01,063 - progress - INFO - Creating dataloader for logs/en/ensemble/train/binary/b7/DAT/version_73/data/en/train_subset/test_sg.txt
2024-06-08 11:22:01,064 - progress - INFO - 	Dataloader config: {'sample_rate': 16000, 'batch_size': 8, 'num_workers': 10, 'pin_memory': True, 'use_start_end_token': False, 'trim_silence': False, 'is_tarred': False, 'tarred_audio_filepaths': None, 'shuffle_n': 2048, 'bucketing_strategy': 'synced_randomized', 'bucketing_batch_size': None, 'return_sample_id': False, 'drop_last': False, 'asr_repo': 'whisper', 'shuffle': False, 'manifest_filepath': 'logs/en/ensemble/train/binary/b7/DAT/version_73/data/en/train_subset/test_sg.txt'}
2024-06-08 11:22:01,065 - progress - INFO - 	Batch size: 8
2024-06-08 11:22:01,069 - progress - INFO - Creating dataloader for logs/en/ensemble/train/binary/b7/DAT/version_73/data/en/train_subset/test_za.txt
2024-06-08 11:22:01,070 - progress - INFO - 	Dataloader config: {'sample_rate': 16000, 'batch_size': 8, 'num_workers': 10, 'pin_memory': True, 'use_start_end_token': False, 'trim_silence': False, 'is_tarred': False, 'tarred_audio_filepaths': None, 'shuffle_n': 2048, 'bucketing_strategy': 'synced_randomized', 'bucketing_batch_size': None, 'return_sample_id': False, 'drop_last': False, 'asr_repo': 'whisper', 'shuffle': False, 'manifest_filepath': 'logs/en/ensemble/train/binary/b7/DAT/version_73/data/en/train_subset/test_za.txt'}
2024-06-08 11:22:01,070 - progress - INFO - 	Batch size: 8
2024-06-08 11:30:36,441 - progress - INFO - Configuring optimizers
2024-06-08 11:30:36,445 - progress - INFO - Creating dataloader for ['logs/en/ensemble/train/binary/b7/DAT/version_73/data/en/train_subset/train_us.txt']
2024-06-08 11:30:36,446 - progress - INFO - 	Dataloader config: {'sample_rate': 16000, 'batch_size': 8, 'num_workers': 10, 'pin_memory': True, 'use_start_end_token': False, 'trim_silence': False, 'is_tarred': False, 'tarred_audio_filepaths': None, 'shuffle_n': 2048, 'bucketing_strategy': 'synced_randomized', 'bucketing_batch_size': None, 'return_sample_id': False, 'drop_last': False, 'asr_repo': 'whisper', 'shuffle': True, 'manifest_filepath': ['logs/en/ensemble/train/binary/b7/DAT/version_73/data/en/train_subset/train_us.txt']}
2024-06-08 11:30:36,447 - progress - INFO - 	Batch size: 8
2024-06-08 11:30:36,494 - progress - INFO - Creating dataloader for ['logs/en/ensemble/train/binary/b7/DAT/version_73/data/en/train_subset/train_ca.txt', 'logs/en/ensemble/train/binary/b7/DAT/version_73/data/en/train_subset/train_uk.txt', 'logs/en/ensemble/train/binary/b7/DAT/version_73/data/en/train_subset/train_in.txt', 'logs/en/ensemble/train/binary/b7/DAT/version_73/data/en/train_subset/train_de.txt', 'logs/en/ensemble/train/binary/b7/DAT/version_73/data/en/train_subset/train_au.txt']
2024-06-08 11:30:36,495 - progress - INFO - 	Dataloader config: {'sample_rate': 16000, 'batch_size': 8, 'num_workers': 10, 'pin_memory': True, 'use_start_end_token': False, 'trim_silence': False, 'is_tarred': False, 'tarred_audio_filepaths': None, 'shuffle_n': 2048, 'bucketing_strategy': 'synced_randomized', 'bucketing_batch_size': None, 'return_sample_id': False, 'drop_last': False, 'asr_repo': 'whisper', 'shuffle': True, 'manifest_filepath': ['logs/en/ensemble/train/binary/b7/DAT/version_73/data/en/train_subset/train_ca.txt', 'logs/en/ensemble/train/binary/b7/DAT/version_73/data/en/train_subset/train_uk.txt', 'logs/en/ensemble/train/binary/b7/DAT/version_73/data/en/train_subset/train_in.txt', 'logs/en/ensemble/train/binary/b7/DAT/version_73/data/en/train_subset/train_de.txt', 'logs/en/ensemble/train/binary/b7/DAT/version_73/data/en/train_subset/train_au.txt']}
2024-06-08 11:30:36,496 - progress - INFO - 	Batch size: 8
2024-06-08 11:30:36,598 - progress - INFO - Scheduler max. steps: 960
2024-06-08 11:30:36,609 - progress - INFO - Creating dataloader for ['logs/en/ensemble/train/binary/b7/DAT/version_73/data/en/train_subset/train_us.txt']
2024-06-08 11:30:36,610 - progress - INFO - 	Dataloader config: {'sample_rate': 16000, 'batch_size': 8, 'num_workers': 10, 'pin_memory': True, 'use_start_end_token': False, 'trim_silence': False, 'is_tarred': False, 'tarred_audio_filepaths': None, 'shuffle_n': 2048, 'bucketing_strategy': 'synced_randomized', 'bucketing_batch_size': None, 'return_sample_id': False, 'drop_last': False, 'asr_repo': 'whisper', 'shuffle': True, 'manifest_filepath': ['logs/en/ensemble/train/binary/b7/DAT/version_73/data/en/train_subset/train_us.txt']}
2024-06-08 11:30:36,611 - progress - INFO - 	Batch size: 8
2024-06-08 11:30:36,629 - progress - INFO - Creating dataloader for ['logs/en/ensemble/train/binary/b7/DAT/version_73/data/en/train_subset/train_ca.txt', 'logs/en/ensemble/train/binary/b7/DAT/version_73/data/en/train_subset/train_uk.txt', 'logs/en/ensemble/train/binary/b7/DAT/version_73/data/en/train_subset/train_in.txt', 'logs/en/ensemble/train/binary/b7/DAT/version_73/data/en/train_subset/train_de.txt', 'logs/en/ensemble/train/binary/b7/DAT/version_73/data/en/train_subset/train_au.txt']
2024-06-08 11:30:36,630 - progress - INFO - 	Dataloader config: {'sample_rate': 16000, 'batch_size': 8, 'num_workers': 10, 'pin_memory': True, 'use_start_end_token': False, 'trim_silence': False, 'is_tarred': False, 'tarred_audio_filepaths': None, 'shuffle_n': 2048, 'bucketing_strategy': 'synced_randomized', 'bucketing_batch_size': None, 'return_sample_id': False, 'drop_last': False, 'asr_repo': 'whisper', 'shuffle': True, 'manifest_filepath': ['logs/en/ensemble/train/binary/b7/DAT/version_73/data/en/train_subset/train_ca.txt', 'logs/en/ensemble/train/binary/b7/DAT/version_73/data/en/train_subset/train_uk.txt', 'logs/en/ensemble/train/binary/b7/DAT/version_73/data/en/train_subset/train_in.txt', 'logs/en/ensemble/train/binary/b7/DAT/version_73/data/en/train_subset/train_de.txt', 'logs/en/ensemble/train/binary/b7/DAT/version_73/data/en/train_subset/train_au.txt']}
2024-06-08 11:30:36,631 - progress - INFO - 	Batch size: 8
2024-06-08 11:30:36,656 - progress - INFO - Creating dataloader for logs/en/ensemble/train/binary/b7/DAT/version_73/data/en/train_subset/test_us.txt
2024-06-08 11:30:36,657 - progress - INFO - 	Dataloader config: {'sample_rate': 16000, 'batch_size': 8, 'num_workers': 10, 'pin_memory': True, 'use_start_end_token': False, 'trim_silence': False, 'is_tarred': False, 'tarred_audio_filepaths': None, 'shuffle_n': 2048, 'bucketing_strategy': 'synced_randomized', 'bucketing_batch_size': None, 'return_sample_id': False, 'drop_last': False, 'asr_repo': 'whisper', 'shuffle': False, 'manifest_filepath': 'logs/en/ensemble/train/binary/b7/DAT/version_73/data/en/train_subset/test_us.txt'}
2024-06-08 11:30:36,658 - progress - INFO - 	Batch size: 8
2024-06-08 11:30:36,664 - progress - INFO - Creating dataloader for logs/en/ensemble/train/binary/b7/DAT/version_73/data/en/train_subset/test_ca.txt
2024-06-08 11:30:36,665 - progress - INFO - 	Dataloader config: {'sample_rate': 16000, 'batch_size': 8, 'num_workers': 10, 'pin_memory': True, 'use_start_end_token': False, 'trim_silence': False, 'is_tarred': False, 'tarred_audio_filepaths': None, 'shuffle_n': 2048, 'bucketing_strategy': 'synced_randomized', 'bucketing_batch_size': None, 'return_sample_id': False, 'drop_last': False, 'asr_repo': 'whisper', 'shuffle': False, 'manifest_filepath': 'logs/en/ensemble/train/binary/b7/DAT/version_73/data/en/train_subset/test_ca.txt'}
2024-06-08 11:30:36,665 - progress - INFO - 	Batch size: 8
2024-06-08 11:30:36,669 - progress - INFO - Creating dataloader for logs/en/ensemble/train/binary/b7/DAT/version_73/data/en/train_subset/test_uk.txt
2024-06-08 11:30:36,670 - progress - INFO - 	Dataloader config: {'sample_rate': 16000, 'batch_size': 8, 'num_workers': 10, 'pin_memory': True, 'use_start_end_token': False, 'trim_silence': False, 'is_tarred': False, 'tarred_audio_filepaths': None, 'shuffle_n': 2048, 'bucketing_strategy': 'synced_randomized', 'bucketing_batch_size': None, 'return_sample_id': False, 'drop_last': False, 'asr_repo': 'whisper', 'shuffle': False, 'manifest_filepath': 'logs/en/ensemble/train/binary/b7/DAT/version_73/data/en/train_subset/test_uk.txt'}
2024-06-08 11:30:36,670 - progress - INFO - 	Batch size: 8
2024-06-08 11:30:36,675 - progress - INFO - Creating dataloader for logs/en/ensemble/train/binary/b7/DAT/version_73/data/en/train_subset/test_in.txt
2024-06-08 11:30:36,676 - progress - INFO - 	Dataloader config: {'sample_rate': 16000, 'batch_size': 8, 'num_workers': 10, 'pin_memory': True, 'use_start_end_token': False, 'trim_silence': False, 'is_tarred': False, 'tarred_audio_filepaths': None, 'shuffle_n': 2048, 'bucketing_strategy': 'synced_randomized', 'bucketing_batch_size': None, 'return_sample_id': False, 'drop_last': False, 'asr_repo': 'whisper', 'shuffle': False, 'manifest_filepath': 'logs/en/ensemble/train/binary/b7/DAT/version_73/data/en/train_subset/test_in.txt'}
2024-06-08 11:30:36,677 - progress - INFO - 	Batch size: 8
2024-06-08 11:30:36,680 - progress - INFO - Creating dataloader for logs/en/ensemble/train/binary/b7/DAT/version_73/data/en/train_subset/test_de.txt
2024-06-08 11:30:36,681 - progress - INFO - 	Dataloader config: {'sample_rate': 16000, 'batch_size': 8, 'num_workers': 10, 'pin_memory': True, 'use_start_end_token': False, 'trim_silence': False, 'is_tarred': False, 'tarred_audio_filepaths': None, 'shuffle_n': 2048, 'bucketing_strategy': 'synced_randomized', 'bucketing_batch_size': None, 'return_sample_id': False, 'drop_last': False, 'asr_repo': 'whisper', 'shuffle': False, 'manifest_filepath': 'logs/en/ensemble/train/binary/b7/DAT/version_73/data/en/train_subset/test_de.txt'}
2024-06-08 11:30:36,682 - progress - INFO - 	Batch size: 8
2024-06-08 11:30:36,685 - progress - INFO - Creating dataloader for logs/en/ensemble/train/binary/b7/DAT/version_73/data/en/train_subset/test_au.txt
2024-06-08 11:30:36,686 - progress - INFO - 	Dataloader config: {'sample_rate': 16000, 'batch_size': 8, 'num_workers': 10, 'pin_memory': True, 'use_start_end_token': False, 'trim_silence': False, 'is_tarred': False, 'tarred_audio_filepaths': None, 'shuffle_n': 2048, 'bucketing_strategy': 'synced_randomized', 'bucketing_batch_size': None, 'return_sample_id': False, 'drop_last': False, 'asr_repo': 'whisper', 'shuffle': False, 'manifest_filepath': 'logs/en/ensemble/train/binary/b7/DAT/version_73/data/en/train_subset/test_au.txt'}
2024-06-08 11:30:36,687 - progress - INFO - 	Batch size: 8
2024-06-08 11:30:36,690 - progress - INFO - Creating dataloader for logs/en/ensemble/train/binary/b7/DAT/version_73/data/en/train_subset/test_hk.txt
2024-06-08 11:30:36,691 - progress - INFO - 	Dataloader config: {'sample_rate': 16000, 'batch_size': 8, 'num_workers': 10, 'pin_memory': True, 'use_start_end_token': False, 'trim_silence': False, 'is_tarred': False, 'tarred_audio_filepaths': None, 'shuffle_n': 2048, 'bucketing_strategy': 'synced_randomized', 'bucketing_batch_size': None, 'return_sample_id': False, 'drop_last': False, 'asr_repo': 'whisper', 'shuffle': False, 'manifest_filepath': 'logs/en/ensemble/train/binary/b7/DAT/version_73/data/en/train_subset/test_hk.txt'}
2024-06-08 11:30:36,692 - progress - INFO - 	Batch size: 8
2024-06-08 11:30:36,695 - progress - INFO - Creating dataloader for logs/en/ensemble/train/binary/b7/DAT/version_73/data/en/train_subset/test_ie.txt
2024-06-08 11:30:36,696 - progress - INFO - 	Dataloader config: {'sample_rate': 16000, 'batch_size': 8, 'num_workers': 10, 'pin_memory': True, 'use_start_end_token': False, 'trim_silence': False, 'is_tarred': False, 'tarred_audio_filepaths': None, 'shuffle_n': 2048, 'bucketing_strategy': 'synced_randomized', 'bucketing_batch_size': None, 'return_sample_id': False, 'drop_last': False, 'asr_repo': 'whisper', 'shuffle': False, 'manifest_filepath': 'logs/en/ensemble/train/binary/b7/DAT/version_73/data/en/train_subset/test_ie.txt'}
2024-06-08 11:30:36,696 - progress - INFO - 	Batch size: 8
2024-06-08 11:30:36,699 - progress - INFO - Creating dataloader for logs/en/ensemble/train/binary/b7/DAT/version_73/data/en/train_subset/test_ni.txt
2024-06-08 11:30:36,700 - progress - INFO - 	Dataloader config: {'sample_rate': 16000, 'batch_size': 8, 'num_workers': 10, 'pin_memory': True, 'use_start_end_token': False, 'trim_silence': False, 'is_tarred': False, 'tarred_audio_filepaths': None, 'shuffle_n': 2048, 'bucketing_strategy': 'synced_randomized', 'bucketing_batch_size': None, 'return_sample_id': False, 'drop_last': False, 'asr_repo': 'whisper', 'shuffle': False, 'manifest_filepath': 'logs/en/ensemble/train/binary/b7/DAT/version_73/data/en/train_subset/test_ni.txt'}
2024-06-08 11:30:36,701 - progress - INFO - 	Batch size: 8
2024-06-08 11:30:36,704 - progress - INFO - Creating dataloader for logs/en/ensemble/train/binary/b7/DAT/version_73/data/en/train_subset/test_nz.txt
2024-06-08 11:30:36,705 - progress - INFO - 	Dataloader config: {'sample_rate': 16000, 'batch_size': 8, 'num_workers': 10, 'pin_memory': True, 'use_start_end_token': False, 'trim_silence': False, 'is_tarred': False, 'tarred_audio_filepaths': None, 'shuffle_n': 2048, 'bucketing_strategy': 'synced_randomized', 'bucketing_batch_size': None, 'return_sample_id': False, 'drop_last': False, 'asr_repo': 'whisper', 'shuffle': False, 'manifest_filepath': 'logs/en/ensemble/train/binary/b7/DAT/version_73/data/en/train_subset/test_nz.txt'}
2024-06-08 11:30:36,706 - progress - INFO - 	Batch size: 8
2024-06-08 11:30:36,709 - progress - INFO - Creating dataloader for logs/en/ensemble/train/binary/b7/DAT/version_73/data/en/train_subset/test_ph.txt
2024-06-08 11:30:36,710 - progress - INFO - 	Dataloader config: {'sample_rate': 16000, 'batch_size': 8, 'num_workers': 10, 'pin_memory': True, 'use_start_end_token': False, 'trim_silence': False, 'is_tarred': False, 'tarred_audio_filepaths': None, 'shuffle_n': 2048, 'bucketing_strategy': 'synced_randomized', 'bucketing_batch_size': None, 'return_sample_id': False, 'drop_last': False, 'asr_repo': 'whisper', 'shuffle': False, 'manifest_filepath': 'logs/en/ensemble/train/binary/b7/DAT/version_73/data/en/train_subset/test_ph.txt'}
2024-06-08 11:30:36,711 - progress - INFO - 	Batch size: 8
2024-06-08 11:30:36,713 - progress - INFO - Creating dataloader for logs/en/ensemble/train/binary/b7/DAT/version_73/data/en/train_subset/test_sc.txt
2024-06-08 11:30:36,714 - progress - INFO - 	Dataloader config: {'sample_rate': 16000, 'batch_size': 8, 'num_workers': 10, 'pin_memory': True, 'use_start_end_token': False, 'trim_silence': False, 'is_tarred': False, 'tarred_audio_filepaths': None, 'shuffle_n': 2048, 'bucketing_strategy': 'synced_randomized', 'bucketing_batch_size': None, 'return_sample_id': False, 'drop_last': False, 'asr_repo': 'whisper', 'shuffle': False, 'manifest_filepath': 'logs/en/ensemble/train/binary/b7/DAT/version_73/data/en/train_subset/test_sc.txt'}
2024-06-08 11:30:36,714 - progress - INFO - 	Batch size: 8
2024-06-08 11:30:36,717 - progress - INFO - Creating dataloader for logs/en/ensemble/train/binary/b7/DAT/version_73/data/en/train_subset/test_sg.txt
2024-06-08 11:30:36,718 - progress - INFO - 	Dataloader config: {'sample_rate': 16000, 'batch_size': 8, 'num_workers': 10, 'pin_memory': True, 'use_start_end_token': False, 'trim_silence': False, 'is_tarred': False, 'tarred_audio_filepaths': None, 'shuffle_n': 2048, 'bucketing_strategy': 'synced_randomized', 'bucketing_batch_size': None, 'return_sample_id': False, 'drop_last': False, 'asr_repo': 'whisper', 'shuffle': False, 'manifest_filepath': 'logs/en/ensemble/train/binary/b7/DAT/version_73/data/en/train_subset/test_sg.txt'}
2024-06-08 11:30:36,719 - progress - INFO - 	Batch size: 8
2024-06-08 11:30:36,722 - progress - INFO - Creating dataloader for logs/en/ensemble/train/binary/b7/DAT/version_73/data/en/train_subset/test_za.txt
2024-06-08 11:30:36,722 - progress - INFO - 	Dataloader config: {'sample_rate': 16000, 'batch_size': 8, 'num_workers': 10, 'pin_memory': True, 'use_start_end_token': False, 'trim_silence': False, 'is_tarred': False, 'tarred_audio_filepaths': None, 'shuffle_n': 2048, 'bucketing_strategy': 'synced_randomized', 'bucketing_batch_size': None, 'return_sample_id': False, 'drop_last': False, 'asr_repo': 'whisper', 'shuffle': False, 'manifest_filepath': 'logs/en/ensemble/train/binary/b7/DAT/version_73/data/en/train_subset/test_za.txt'}
2024-06-08 11:30:36,723 - progress - INFO - 	Batch size: 8
