2024-06-08 11:23:19,316 - progress - INFO - Creating dataloader for logs/en/ensemble/train/binary/b7/DAT/version_74/data/en/train_subset/test_us.txt
2024-06-08 11:23:19,317 - progress - INFO - 	Dataloader config: {'sample_rate': 16000, 'batch_size': 8, 'num_workers': 10, 'pin_memory': True, 'use_start_end_token': False, 'trim_silence': False, 'is_tarred': False, 'tarred_audio_filepaths': None, 'shuffle_n': 2048, 'bucketing_strategy': 'synced_randomized', 'bucketing_batch_size': None, 'return_sample_id': False, 'drop_last': False, 'asr_repo': 'whisper', 'shuffle': False, 'manifest_filepath': 'logs/en/ensemble/train/binary/b7/DAT/version_74/data/en/train_subset/test_us.txt'}
2024-06-08 11:23:19,318 - progress - INFO - 	Batch size: 8
2024-06-08 11:23:19,514 - progress - INFO - Creating dataloader for logs/en/ensemble/train/binary/b7/DAT/version_74/data/en/train_subset/test_ca.txt
2024-06-08 11:23:19,515 - progress - INFO - 	Dataloader config: {'sample_rate': 16000, 'batch_size': 8, 'num_workers': 10, 'pin_memory': True, 'use_start_end_token': False, 'trim_silence': False, 'is_tarred': False, 'tarred_audio_filepaths': None, 'shuffle_n': 2048, 'bucketing_strategy': 'synced_randomized', 'bucketing_batch_size': None, 'return_sample_id': False, 'drop_last': False, 'asr_repo': 'whisper', 'shuffle': False, 'manifest_filepath': 'logs/en/ensemble/train/binary/b7/DAT/version_74/data/en/train_subset/test_ca.txt'}
2024-06-08 11:23:19,516 - progress - INFO - 	Batch size: 8
2024-06-08 11:23:19,519 - progress - INFO - Creating dataloader for logs/en/ensemble/train/binary/b7/DAT/version_74/data/en/train_subset/test_uk.txt
2024-06-08 11:23:19,520 - progress - INFO - 	Dataloader config: {'sample_rate': 16000, 'batch_size': 8, 'num_workers': 10, 'pin_memory': True, 'use_start_end_token': False, 'trim_silence': False, 'is_tarred': False, 'tarred_audio_filepaths': None, 'shuffle_n': 2048, 'bucketing_strategy': 'synced_randomized', 'bucketing_batch_size': None, 'return_sample_id': False, 'drop_last': False, 'asr_repo': 'whisper', 'shuffle': False, 'manifest_filepath': 'logs/en/ensemble/train/binary/b7/DAT/version_74/data/en/train_subset/test_uk.txt'}
2024-06-08 11:23:19,521 - progress - INFO - 	Batch size: 8
2024-06-08 11:23:19,524 - progress - INFO - Creating dataloader for logs/en/ensemble/train/binary/b7/DAT/version_74/data/en/train_subset/test_in.txt
2024-06-08 11:23:19,525 - progress - INFO - 	Dataloader config: {'sample_rate': 16000, 'batch_size': 8, 'num_workers': 10, 'pin_memory': True, 'use_start_end_token': False, 'trim_silence': False, 'is_tarred': False, 'tarred_audio_filepaths': None, 'shuffle_n': 2048, 'bucketing_strategy': 'synced_randomized', 'bucketing_batch_size': None, 'return_sample_id': False, 'drop_last': False, 'asr_repo': 'whisper', 'shuffle': False, 'manifest_filepath': 'logs/en/ensemble/train/binary/b7/DAT/version_74/data/en/train_subset/test_in.txt'}
2024-06-08 11:23:19,526 - progress - INFO - 	Batch size: 8
2024-06-08 11:23:19,529 - progress - INFO - Creating dataloader for logs/en/ensemble/train/binary/b7/DAT/version_74/data/en/train_subset/test_de.txt
2024-06-08 11:23:19,530 - progress - INFO - 	Dataloader config: {'sample_rate': 16000, 'batch_size': 8, 'num_workers': 10, 'pin_memory': True, 'use_start_end_token': False, 'trim_silence': False, 'is_tarred': False, 'tarred_audio_filepaths': None, 'shuffle_n': 2048, 'bucketing_strategy': 'synced_randomized', 'bucketing_batch_size': None, 'return_sample_id': False, 'drop_last': False, 'asr_repo': 'whisper', 'shuffle': False, 'manifest_filepath': 'logs/en/ensemble/train/binary/b7/DAT/version_74/data/en/train_subset/test_de.txt'}
2024-06-08 11:23:19,530 - progress - INFO - 	Batch size: 8
2024-06-08 11:23:19,533 - progress - INFO - Creating dataloader for logs/en/ensemble/train/binary/b7/DAT/version_74/data/en/train_subset/test_au.txt
2024-06-08 11:23:19,534 - progress - INFO - 	Dataloader config: {'sample_rate': 16000, 'batch_size': 8, 'num_workers': 10, 'pin_memory': True, 'use_start_end_token': False, 'trim_silence': False, 'is_tarred': False, 'tarred_audio_filepaths': None, 'shuffle_n': 2048, 'bucketing_strategy': 'synced_randomized', 'bucketing_batch_size': None, 'return_sample_id': False, 'drop_last': False, 'asr_repo': 'whisper', 'shuffle': False, 'manifest_filepath': 'logs/en/ensemble/train/binary/b7/DAT/version_74/data/en/train_subset/test_au.txt'}
2024-06-08 11:23:19,534 - progress - INFO - 	Batch size: 8
2024-06-08 11:23:19,537 - progress - INFO - Creating dataloader for logs/en/ensemble/train/binary/b7/DAT/version_74/data/en/train_subset/test_hk.txt
2024-06-08 11:23:19,538 - progress - INFO - 	Dataloader config: {'sample_rate': 16000, 'batch_size': 8, 'num_workers': 10, 'pin_memory': True, 'use_start_end_token': False, 'trim_silence': False, 'is_tarred': False, 'tarred_audio_filepaths': None, 'shuffle_n': 2048, 'bucketing_strategy': 'synced_randomized', 'bucketing_batch_size': None, 'return_sample_id': False, 'drop_last': False, 'asr_repo': 'whisper', 'shuffle': False, 'manifest_filepath': 'logs/en/ensemble/train/binary/b7/DAT/version_74/data/en/train_subset/test_hk.txt'}
2024-06-08 11:23:19,538 - progress - INFO - 	Batch size: 8
2024-06-08 11:23:19,542 - progress - INFO - Creating dataloader for logs/en/ensemble/train/binary/b7/DAT/version_74/data/en/train_subset/test_ie.txt
2024-06-08 11:23:19,542 - progress - INFO - 	Dataloader config: {'sample_rate': 16000, 'batch_size': 8, 'num_workers': 10, 'pin_memory': True, 'use_start_end_token': False, 'trim_silence': False, 'is_tarred': False, 'tarred_audio_filepaths': None, 'shuffle_n': 2048, 'bucketing_strategy': 'synced_randomized', 'bucketing_batch_size': None, 'return_sample_id': False, 'drop_last': False, 'asr_repo': 'whisper', 'shuffle': False, 'manifest_filepath': 'logs/en/ensemble/train/binary/b7/DAT/version_74/data/en/train_subset/test_ie.txt'}
2024-06-08 11:23:19,544 - progress - INFO - 	Batch size: 8
2024-06-08 11:23:19,547 - progress - INFO - Creating dataloader for logs/en/ensemble/train/binary/b7/DAT/version_74/data/en/train_subset/test_ni.txt
2024-06-08 11:23:19,547 - progress - INFO - 	Dataloader config: {'sample_rate': 16000, 'batch_size': 8, 'num_workers': 10, 'pin_memory': True, 'use_start_end_token': False, 'trim_silence': False, 'is_tarred': False, 'tarred_audio_filepaths': None, 'shuffle_n': 2048, 'bucketing_strategy': 'synced_randomized', 'bucketing_batch_size': None, 'return_sample_id': False, 'drop_last': False, 'asr_repo': 'whisper', 'shuffle': False, 'manifest_filepath': 'logs/en/ensemble/train/binary/b7/DAT/version_74/data/en/train_subset/test_ni.txt'}
2024-06-08 11:23:19,552 - progress - INFO - 	Batch size: 8
2024-06-08 11:23:19,555 - progress - INFO - Creating dataloader for logs/en/ensemble/train/binary/b7/DAT/version_74/data/en/train_subset/test_nz.txt
2024-06-08 11:23:19,556 - progress - INFO - 	Dataloader config: {'sample_rate': 16000, 'batch_size': 8, 'num_workers': 10, 'pin_memory': True, 'use_start_end_token': False, 'trim_silence': False, 'is_tarred': False, 'tarred_audio_filepaths': None, 'shuffle_n': 2048, 'bucketing_strategy': 'synced_randomized', 'bucketing_batch_size': None, 'return_sample_id': False, 'drop_last': False, 'asr_repo': 'whisper', 'shuffle': False, 'manifest_filepath': 'logs/en/ensemble/train/binary/b7/DAT/version_74/data/en/train_subset/test_nz.txt'}
2024-06-08 11:23:19,557 - progress - INFO - 	Batch size: 8
2024-06-08 11:23:19,559 - progress - INFO - Creating dataloader for logs/en/ensemble/train/binary/b7/DAT/version_74/data/en/train_subset/test_ph.txt
2024-06-08 11:23:19,560 - progress - INFO - 	Dataloader config: {'sample_rate': 16000, 'batch_size': 8, 'num_workers': 10, 'pin_memory': True, 'use_start_end_token': False, 'trim_silence': False, 'is_tarred': False, 'tarred_audio_filepaths': None, 'shuffle_n': 2048, 'bucketing_strategy': 'synced_randomized', 'bucketing_batch_size': None, 'return_sample_id': False, 'drop_last': False, 'asr_repo': 'whisper', 'shuffle': False, 'manifest_filepath': 'logs/en/ensemble/train/binary/b7/DAT/version_74/data/en/train_subset/test_ph.txt'}
2024-06-08 11:23:19,561 - progress - INFO - 	Batch size: 8
2024-06-08 11:23:19,564 - progress - INFO - Creating dataloader for logs/en/ensemble/train/binary/b7/DAT/version_74/data/en/train_subset/test_sc.txt
2024-06-08 11:23:19,565 - progress - INFO - 	Dataloader config: {'sample_rate': 16000, 'batch_size': 8, 'num_workers': 10, 'pin_memory': True, 'use_start_end_token': False, 'trim_silence': False, 'is_tarred': False, 'tarred_audio_filepaths': None, 'shuffle_n': 2048, 'bucketing_strategy': 'synced_randomized', 'bucketing_batch_size': None, 'return_sample_id': False, 'drop_last': False, 'asr_repo': 'whisper', 'shuffle': False, 'manifest_filepath': 'logs/en/ensemble/train/binary/b7/DAT/version_74/data/en/train_subset/test_sc.txt'}
2024-06-08 11:23:19,565 - progress - INFO - 	Batch size: 8
2024-06-08 11:23:19,568 - progress - INFO - Creating dataloader for logs/en/ensemble/train/binary/b7/DAT/version_74/data/en/train_subset/test_sg.txt
2024-06-08 11:23:19,569 - progress - INFO - 	Dataloader config: {'sample_rate': 16000, 'batch_size': 8, 'num_workers': 10, 'pin_memory': True, 'use_start_end_token': False, 'trim_silence': False, 'is_tarred': False, 'tarred_audio_filepaths': None, 'shuffle_n': 2048, 'bucketing_strategy': 'synced_randomized', 'bucketing_batch_size': None, 'return_sample_id': False, 'drop_last': False, 'asr_repo': 'whisper', 'shuffle': False, 'manifest_filepath': 'logs/en/ensemble/train/binary/b7/DAT/version_74/data/en/train_subset/test_sg.txt'}
2024-06-08 11:23:19,570 - progress - INFO - 	Batch size: 8
2024-06-08 11:23:19,572 - progress - INFO - Creating dataloader for logs/en/ensemble/train/binary/b7/DAT/version_74/data/en/train_subset/test_za.txt
2024-06-08 11:23:19,573 - progress - INFO - 	Dataloader config: {'sample_rate': 16000, 'batch_size': 8, 'num_workers': 10, 'pin_memory': True, 'use_start_end_token': False, 'trim_silence': False, 'is_tarred': False, 'tarred_audio_filepaths': None, 'shuffle_n': 2048, 'bucketing_strategy': 'synced_randomized', 'bucketing_batch_size': None, 'return_sample_id': False, 'drop_last': False, 'asr_repo': 'whisper', 'shuffle': False, 'manifest_filepath': 'logs/en/ensemble/train/binary/b7/DAT/version_74/data/en/train_subset/test_za.txt'}
2024-06-08 11:23:19,574 - progress - INFO - 	Batch size: 8
2024-06-08 11:31:55,165 - progress - INFO - Configuring optimizers
2024-06-08 11:31:55,169 - progress - INFO - Creating dataloader for ['logs/en/ensemble/train/binary/b7/DAT/version_74/data/en/train_subset/train_us.txt']
2024-06-08 11:31:55,170 - progress - INFO - 	Dataloader config: {'sample_rate': 16000, 'batch_size': 8, 'num_workers': 10, 'pin_memory': True, 'use_start_end_token': False, 'trim_silence': False, 'is_tarred': False, 'tarred_audio_filepaths': None, 'shuffle_n': 2048, 'bucketing_strategy': 'synced_randomized', 'bucketing_batch_size': None, 'return_sample_id': False, 'drop_last': False, 'asr_repo': 'whisper', 'shuffle': True, 'manifest_filepath': ['logs/en/ensemble/train/binary/b7/DAT/version_74/data/en/train_subset/train_us.txt']}
2024-06-08 11:31:55,171 - progress - INFO - 	Batch size: 8
2024-06-08 11:31:55,241 - progress - INFO - Creating dataloader for ['logs/en/ensemble/train/binary/b7/DAT/version_74/data/en/train_subset/train_ca.txt', 'logs/en/ensemble/train/binary/b7/DAT/version_74/data/en/train_subset/train_uk.txt', 'logs/en/ensemble/train/binary/b7/DAT/version_74/data/en/train_subset/train_in.txt', 'logs/en/ensemble/train/binary/b7/DAT/version_74/data/en/train_subset/train_de.txt', 'logs/en/ensemble/train/binary/b7/DAT/version_74/data/en/train_subset/train_au.txt']
2024-06-08 11:31:55,242 - progress - INFO - 	Dataloader config: {'sample_rate': 16000, 'batch_size': 8, 'num_workers': 10, 'pin_memory': True, 'use_start_end_token': False, 'trim_silence': False, 'is_tarred': False, 'tarred_audio_filepaths': None, 'shuffle_n': 2048, 'bucketing_strategy': 'synced_randomized', 'bucketing_batch_size': None, 'return_sample_id': False, 'drop_last': False, 'asr_repo': 'whisper', 'shuffle': True, 'manifest_filepath': ['logs/en/ensemble/train/binary/b7/DAT/version_74/data/en/train_subset/train_ca.txt', 'logs/en/ensemble/train/binary/b7/DAT/version_74/data/en/train_subset/train_uk.txt', 'logs/en/ensemble/train/binary/b7/DAT/version_74/data/en/train_subset/train_in.txt', 'logs/en/ensemble/train/binary/b7/DAT/version_74/data/en/train_subset/train_de.txt', 'logs/en/ensemble/train/binary/b7/DAT/version_74/data/en/train_subset/train_au.txt']}
2024-06-08 11:31:55,242 - progress - INFO - 	Batch size: 8
2024-06-08 11:31:55,352 - progress - INFO - Scheduler max. steps: 960
2024-06-08 11:31:55,363 - progress - INFO - Creating dataloader for ['logs/en/ensemble/train/binary/b7/DAT/version_74/data/en/train_subset/train_us.txt']
2024-06-08 11:31:55,364 - progress - INFO - 	Dataloader config: {'sample_rate': 16000, 'batch_size': 8, 'num_workers': 10, 'pin_memory': True, 'use_start_end_token': False, 'trim_silence': False, 'is_tarred': False, 'tarred_audio_filepaths': None, 'shuffle_n': 2048, 'bucketing_strategy': 'synced_randomized', 'bucketing_batch_size': None, 'return_sample_id': False, 'drop_last': False, 'asr_repo': 'whisper', 'shuffle': True, 'manifest_filepath': ['logs/en/ensemble/train/binary/b7/DAT/version_74/data/en/train_subset/train_us.txt']}
2024-06-08 11:31:55,364 - progress - INFO - 	Batch size: 8
2024-06-08 11:31:55,383 - progress - INFO - Creating dataloader for ['logs/en/ensemble/train/binary/b7/DAT/version_74/data/en/train_subset/train_ca.txt', 'logs/en/ensemble/train/binary/b7/DAT/version_74/data/en/train_subset/train_uk.txt', 'logs/en/ensemble/train/binary/b7/DAT/version_74/data/en/train_subset/train_in.txt', 'logs/en/ensemble/train/binary/b7/DAT/version_74/data/en/train_subset/train_de.txt', 'logs/en/ensemble/train/binary/b7/DAT/version_74/data/en/train_subset/train_au.txt']
2024-06-08 11:31:55,383 - progress - INFO - 	Dataloader config: {'sample_rate': 16000, 'batch_size': 8, 'num_workers': 10, 'pin_memory': True, 'use_start_end_token': False, 'trim_silence': False, 'is_tarred': False, 'tarred_audio_filepaths': None, 'shuffle_n': 2048, 'bucketing_strategy': 'synced_randomized', 'bucketing_batch_size': None, 'return_sample_id': False, 'drop_last': False, 'asr_repo': 'whisper', 'shuffle': True, 'manifest_filepath': ['logs/en/ensemble/train/binary/b7/DAT/version_74/data/en/train_subset/train_ca.txt', 'logs/en/ensemble/train/binary/b7/DAT/version_74/data/en/train_subset/train_uk.txt', 'logs/en/ensemble/train/binary/b7/DAT/version_74/data/en/train_subset/train_in.txt', 'logs/en/ensemble/train/binary/b7/DAT/version_74/data/en/train_subset/train_de.txt', 'logs/en/ensemble/train/binary/b7/DAT/version_74/data/en/train_subset/train_au.txt']}
2024-06-08 11:31:55,384 - progress - INFO - 	Batch size: 8
2024-06-08 11:31:55,408 - progress - INFO - Creating dataloader for logs/en/ensemble/train/binary/b7/DAT/version_74/data/en/train_subset/test_us.txt
2024-06-08 11:31:55,409 - progress - INFO - 	Dataloader config: {'sample_rate': 16000, 'batch_size': 8, 'num_workers': 10, 'pin_memory': True, 'use_start_end_token': False, 'trim_silence': False, 'is_tarred': False, 'tarred_audio_filepaths': None, 'shuffle_n': 2048, 'bucketing_strategy': 'synced_randomized', 'bucketing_batch_size': None, 'return_sample_id': False, 'drop_last': False, 'asr_repo': 'whisper', 'shuffle': False, 'manifest_filepath': 'logs/en/ensemble/train/binary/b7/DAT/version_74/data/en/train_subset/test_us.txt'}
2024-06-08 11:31:55,409 - progress - INFO - 	Batch size: 8
2024-06-08 11:31:55,417 - progress - INFO - Creating dataloader for logs/en/ensemble/train/binary/b7/DAT/version_74/data/en/train_subset/test_ca.txt
2024-06-08 11:31:55,417 - progress - INFO - 	Dataloader config: {'sample_rate': 16000, 'batch_size': 8, 'num_workers': 10, 'pin_memory': True, 'use_start_end_token': False, 'trim_silence': False, 'is_tarred': False, 'tarred_audio_filepaths': None, 'shuffle_n': 2048, 'bucketing_strategy': 'synced_randomized', 'bucketing_batch_size': None, 'return_sample_id': False, 'drop_last': False, 'asr_repo': 'whisper', 'shuffle': False, 'manifest_filepath': 'logs/en/ensemble/train/binary/b7/DAT/version_74/data/en/train_subset/test_ca.txt'}
2024-06-08 11:31:55,418 - progress - INFO - 	Batch size: 8
2024-06-08 11:31:55,421 - progress - INFO - Creating dataloader for logs/en/ensemble/train/binary/b7/DAT/version_74/data/en/train_subset/test_uk.txt
2024-06-08 11:31:55,422 - progress - INFO - 	Dataloader config: {'sample_rate': 16000, 'batch_size': 8, 'num_workers': 10, 'pin_memory': True, 'use_start_end_token': False, 'trim_silence': False, 'is_tarred': False, 'tarred_audio_filepaths': None, 'shuffle_n': 2048, 'bucketing_strategy': 'synced_randomized', 'bucketing_batch_size': None, 'return_sample_id': False, 'drop_last': False, 'asr_repo': 'whisper', 'shuffle': False, 'manifest_filepath': 'logs/en/ensemble/train/binary/b7/DAT/version_74/data/en/train_subset/test_uk.txt'}
2024-06-08 11:31:55,422 - progress - INFO - 	Batch size: 8
2024-06-08 11:31:55,426 - progress - INFO - Creating dataloader for logs/en/ensemble/train/binary/b7/DAT/version_74/data/en/train_subset/test_in.txt
2024-06-08 11:31:55,427 - progress - INFO - 	Dataloader config: {'sample_rate': 16000, 'batch_size': 8, 'num_workers': 10, 'pin_memory': True, 'use_start_end_token': False, 'trim_silence': False, 'is_tarred': False, 'tarred_audio_filepaths': None, 'shuffle_n': 2048, 'bucketing_strategy': 'synced_randomized', 'bucketing_batch_size': None, 'return_sample_id': False, 'drop_last': False, 'asr_repo': 'whisper', 'shuffle': False, 'manifest_filepath': 'logs/en/ensemble/train/binary/b7/DAT/version_74/data/en/train_subset/test_in.txt'}
2024-06-08 11:31:55,428 - progress - INFO - 	Batch size: 8
2024-06-08 11:31:55,432 - progress - INFO - Creating dataloader for logs/en/ensemble/train/binary/b7/DAT/version_74/data/en/train_subset/test_de.txt
2024-06-08 11:31:55,433 - progress - INFO - 	Dataloader config: {'sample_rate': 16000, 'batch_size': 8, 'num_workers': 10, 'pin_memory': True, 'use_start_end_token': False, 'trim_silence': False, 'is_tarred': False, 'tarred_audio_filepaths': None, 'shuffle_n': 2048, 'bucketing_strategy': 'synced_randomized', 'bucketing_batch_size': None, 'return_sample_id': False, 'drop_last': False, 'asr_repo': 'whisper', 'shuffle': False, 'manifest_filepath': 'logs/en/ensemble/train/binary/b7/DAT/version_74/data/en/train_subset/test_de.txt'}
2024-06-08 11:31:55,434 - progress - INFO - 	Batch size: 8
2024-06-08 11:31:55,436 - progress - INFO - Creating dataloader for logs/en/ensemble/train/binary/b7/DAT/version_74/data/en/train_subset/test_au.txt
2024-06-08 11:31:55,437 - progress - INFO - 	Dataloader config: {'sample_rate': 16000, 'batch_size': 8, 'num_workers': 10, 'pin_memory': True, 'use_start_end_token': False, 'trim_silence': False, 'is_tarred': False, 'tarred_audio_filepaths': None, 'shuffle_n': 2048, 'bucketing_strategy': 'synced_randomized', 'bucketing_batch_size': None, 'return_sample_id': False, 'drop_last': False, 'asr_repo': 'whisper', 'shuffle': False, 'manifest_filepath': 'logs/en/ensemble/train/binary/b7/DAT/version_74/data/en/train_subset/test_au.txt'}
2024-06-08 11:31:55,437 - progress - INFO - 	Batch size: 8
2024-06-08 11:31:55,440 - progress - INFO - Creating dataloader for logs/en/ensemble/train/binary/b7/DAT/version_74/data/en/train_subset/test_hk.txt
2024-06-08 11:31:55,441 - progress - INFO - 	Dataloader config: {'sample_rate': 16000, 'batch_size': 8, 'num_workers': 10, 'pin_memory': True, 'use_start_end_token': False, 'trim_silence': False, 'is_tarred': False, 'tarred_audio_filepaths': None, 'shuffle_n': 2048, 'bucketing_strategy': 'synced_randomized', 'bucketing_batch_size': None, 'return_sample_id': False, 'drop_last': False, 'asr_repo': 'whisper', 'shuffle': False, 'manifest_filepath': 'logs/en/ensemble/train/binary/b7/DAT/version_74/data/en/train_subset/test_hk.txt'}
2024-06-08 11:31:55,441 - progress - INFO - 	Batch size: 8
2024-06-08 11:31:55,444 - progress - INFO - Creating dataloader for logs/en/ensemble/train/binary/b7/DAT/version_74/data/en/train_subset/test_ie.txt
2024-06-08 11:31:55,445 - progress - INFO - 	Dataloader config: {'sample_rate': 16000, 'batch_size': 8, 'num_workers': 10, 'pin_memory': True, 'use_start_end_token': False, 'trim_silence': False, 'is_tarred': False, 'tarred_audio_filepaths': None, 'shuffle_n': 2048, 'bucketing_strategy': 'synced_randomized', 'bucketing_batch_size': None, 'return_sample_id': False, 'drop_last': False, 'asr_repo': 'whisper', 'shuffle': False, 'manifest_filepath': 'logs/en/ensemble/train/binary/b7/DAT/version_74/data/en/train_subset/test_ie.txt'}
2024-06-08 11:31:55,445 - progress - INFO - 	Batch size: 8
2024-06-08 11:31:55,448 - progress - INFO - Creating dataloader for logs/en/ensemble/train/binary/b7/DAT/version_74/data/en/train_subset/test_ni.txt
2024-06-08 11:31:55,448 - progress - INFO - 	Dataloader config: {'sample_rate': 16000, 'batch_size': 8, 'num_workers': 10, 'pin_memory': True, 'use_start_end_token': False, 'trim_silence': False, 'is_tarred': False, 'tarred_audio_filepaths': None, 'shuffle_n': 2048, 'bucketing_strategy': 'synced_randomized', 'bucketing_batch_size': None, 'return_sample_id': False, 'drop_last': False, 'asr_repo': 'whisper', 'shuffle': False, 'manifest_filepath': 'logs/en/ensemble/train/binary/b7/DAT/version_74/data/en/train_subset/test_ni.txt'}
2024-06-08 11:31:55,449 - progress - INFO - 	Batch size: 8
2024-06-08 11:31:55,452 - progress - INFO - Creating dataloader for logs/en/ensemble/train/binary/b7/DAT/version_74/data/en/train_subset/test_nz.txt
2024-06-08 11:31:55,453 - progress - INFO - 	Dataloader config: {'sample_rate': 16000, 'batch_size': 8, 'num_workers': 10, 'pin_memory': True, 'use_start_end_token': False, 'trim_silence': False, 'is_tarred': False, 'tarred_audio_filepaths': None, 'shuffle_n': 2048, 'bucketing_strategy': 'synced_randomized', 'bucketing_batch_size': None, 'return_sample_id': False, 'drop_last': False, 'asr_repo': 'whisper', 'shuffle': False, 'manifest_filepath': 'logs/en/ensemble/train/binary/b7/DAT/version_74/data/en/train_subset/test_nz.txt'}
2024-06-08 11:31:55,453 - progress - INFO - 	Batch size: 8
2024-06-08 11:31:55,456 - progress - INFO - Creating dataloader for logs/en/ensemble/train/binary/b7/DAT/version_74/data/en/train_subset/test_ph.txt
2024-06-08 11:31:55,456 - progress - INFO - 	Dataloader config: {'sample_rate': 16000, 'batch_size': 8, 'num_workers': 10, 'pin_memory': True, 'use_start_end_token': False, 'trim_silence': False, 'is_tarred': False, 'tarred_audio_filepaths': None, 'shuffle_n': 2048, 'bucketing_strategy': 'synced_randomized', 'bucketing_batch_size': None, 'return_sample_id': False, 'drop_last': False, 'asr_repo': 'whisper', 'shuffle': False, 'manifest_filepath': 'logs/en/ensemble/train/binary/b7/DAT/version_74/data/en/train_subset/test_ph.txt'}
2024-06-08 11:31:55,457 - progress - INFO - 	Batch size: 8
2024-06-08 11:31:55,460 - progress - INFO - Creating dataloader for logs/en/ensemble/train/binary/b7/DAT/version_74/data/en/train_subset/test_sc.txt
2024-06-08 11:31:55,461 - progress - INFO - 	Dataloader config: {'sample_rate': 16000, 'batch_size': 8, 'num_workers': 10, 'pin_memory': True, 'use_start_end_token': False, 'trim_silence': False, 'is_tarred': False, 'tarred_audio_filepaths': None, 'shuffle_n': 2048, 'bucketing_strategy': 'synced_randomized', 'bucketing_batch_size': None, 'return_sample_id': False, 'drop_last': False, 'asr_repo': 'whisper', 'shuffle': False, 'manifest_filepath': 'logs/en/ensemble/train/binary/b7/DAT/version_74/data/en/train_subset/test_sc.txt'}
2024-06-08 11:31:55,461 - progress - INFO - 	Batch size: 8
2024-06-08 11:31:55,465 - progress - INFO - Creating dataloader for logs/en/ensemble/train/binary/b7/DAT/version_74/data/en/train_subset/test_sg.txt
2024-06-08 11:31:55,465 - progress - INFO - 	Dataloader config: {'sample_rate': 16000, 'batch_size': 8, 'num_workers': 10, 'pin_memory': True, 'use_start_end_token': False, 'trim_silence': False, 'is_tarred': False, 'tarred_audio_filepaths': None, 'shuffle_n': 2048, 'bucketing_strategy': 'synced_randomized', 'bucketing_batch_size': None, 'return_sample_id': False, 'drop_last': False, 'asr_repo': 'whisper', 'shuffle': False, 'manifest_filepath': 'logs/en/ensemble/train/binary/b7/DAT/version_74/data/en/train_subset/test_sg.txt'}
2024-06-08 11:31:55,466 - progress - INFO - 	Batch size: 8
2024-06-08 11:31:55,468 - progress - INFO - Creating dataloader for logs/en/ensemble/train/binary/b7/DAT/version_74/data/en/train_subset/test_za.txt
2024-06-08 11:31:55,469 - progress - INFO - 	Dataloader config: {'sample_rate': 16000, 'batch_size': 8, 'num_workers': 10, 'pin_memory': True, 'use_start_end_token': False, 'trim_silence': False, 'is_tarred': False, 'tarred_audio_filepaths': None, 'shuffle_n': 2048, 'bucketing_strategy': 'synced_randomized', 'bucketing_batch_size': None, 'return_sample_id': False, 'drop_last': False, 'asr_repo': 'whisper', 'shuffle': False, 'manifest_filepath': 'logs/en/ensemble/train/binary/b7/DAT/version_74/data/en/train_subset/test_za.txt'}
2024-06-08 11:31:55,469 - progress - INFO - 	Batch size: 8
