2024-06-03 13:48:21,842 - progress - INFO - Creating dataloader for logs/en/ensemble/train/binary/b7/DAT/version_62/data/en/train_subset/test_us.txt
2024-06-03 13:48:21,843 - progress - INFO - 	Dataloader config: {'sample_rate': 16000, 'batch_size': 8, 'num_workers': 10, 'pin_memory': True, 'use_start_end_token': False, 'trim_silence': False, 'is_tarred': False, 'tarred_audio_filepaths': None, 'shuffle_n': 2048, 'bucketing_strategy': 'synced_randomized', 'bucketing_batch_size': None, 'return_sample_id': False, 'drop_last': False, 'asr_repo': 'whisper', 'shuffle': False, 'manifest_filepath': 'logs/en/ensemble/train/binary/b7/DAT/version_62/data/en/train_subset/test_us.txt'}
2024-06-03 13:48:21,844 - progress - INFO - 	Batch size: 8
2024-06-03 13:48:22,115 - progress - INFO - Creating dataloader for logs/en/ensemble/train/binary/b7/DAT/version_62/data/en/train_subset/test_ca.txt
2024-06-03 13:48:22,116 - progress - INFO - 	Dataloader config: {'sample_rate': 16000, 'batch_size': 8, 'num_workers': 10, 'pin_memory': True, 'use_start_end_token': False, 'trim_silence': False, 'is_tarred': False, 'tarred_audio_filepaths': None, 'shuffle_n': 2048, 'bucketing_strategy': 'synced_randomized', 'bucketing_batch_size': None, 'return_sample_id': False, 'drop_last': False, 'asr_repo': 'whisper', 'shuffle': False, 'manifest_filepath': 'logs/en/ensemble/train/binary/b7/DAT/version_62/data/en/train_subset/test_ca.txt'}
2024-06-03 13:48:22,116 - progress - INFO - 	Batch size: 8
2024-06-03 13:48:22,138 - progress - INFO - Creating dataloader for logs/en/ensemble/train/binary/b7/DAT/version_62/data/en/train_subset/test_uk.txt
2024-06-03 13:48:22,138 - progress - INFO - 	Dataloader config: {'sample_rate': 16000, 'batch_size': 8, 'num_workers': 10, 'pin_memory': True, 'use_start_end_token': False, 'trim_silence': False, 'is_tarred': False, 'tarred_audio_filepaths': None, 'shuffle_n': 2048, 'bucketing_strategy': 'synced_randomized', 'bucketing_batch_size': None, 'return_sample_id': False, 'drop_last': False, 'asr_repo': 'whisper', 'shuffle': False, 'manifest_filepath': 'logs/en/ensemble/train/binary/b7/DAT/version_62/data/en/train_subset/test_uk.txt'}
2024-06-03 13:48:22,139 - progress - INFO - 	Batch size: 8
2024-06-03 13:48:22,166 - progress - INFO - Creating dataloader for logs/en/ensemble/train/binary/b7/DAT/version_62/data/en/train_subset/test_in.txt
2024-06-03 13:48:22,167 - progress - INFO - 	Dataloader config: {'sample_rate': 16000, 'batch_size': 8, 'num_workers': 10, 'pin_memory': True, 'use_start_end_token': False, 'trim_silence': False, 'is_tarred': False, 'tarred_audio_filepaths': None, 'shuffle_n': 2048, 'bucketing_strategy': 'synced_randomized', 'bucketing_batch_size': None, 'return_sample_id': False, 'drop_last': False, 'asr_repo': 'whisper', 'shuffle': False, 'manifest_filepath': 'logs/en/ensemble/train/binary/b7/DAT/version_62/data/en/train_subset/test_in.txt'}
2024-06-03 13:48:22,168 - progress - INFO - 	Batch size: 8
2024-06-03 13:48:22,187 - progress - INFO - Creating dataloader for logs/en/ensemble/train/binary/b7/DAT/version_62/data/en/train_subset/test_de.txt
2024-06-03 13:48:22,188 - progress - INFO - 	Dataloader config: {'sample_rate': 16000, 'batch_size': 8, 'num_workers': 10, 'pin_memory': True, 'use_start_end_token': False, 'trim_silence': False, 'is_tarred': False, 'tarred_audio_filepaths': None, 'shuffle_n': 2048, 'bucketing_strategy': 'synced_randomized', 'bucketing_batch_size': None, 'return_sample_id': False, 'drop_last': False, 'asr_repo': 'whisper', 'shuffle': False, 'manifest_filepath': 'logs/en/ensemble/train/binary/b7/DAT/version_62/data/en/train_subset/test_de.txt'}
2024-06-03 13:48:22,188 - progress - INFO - 	Batch size: 8
2024-06-03 13:48:22,191 - progress - INFO - Creating dataloader for logs/en/ensemble/train/binary/b7/DAT/version_62/data/en/train_subset/test_au.txt
2024-06-03 13:48:22,192 - progress - INFO - 	Dataloader config: {'sample_rate': 16000, 'batch_size': 8, 'num_workers': 10, 'pin_memory': True, 'use_start_end_token': False, 'trim_silence': False, 'is_tarred': False, 'tarred_audio_filepaths': None, 'shuffle_n': 2048, 'bucketing_strategy': 'synced_randomized', 'bucketing_batch_size': None, 'return_sample_id': False, 'drop_last': False, 'asr_repo': 'whisper', 'shuffle': False, 'manifest_filepath': 'logs/en/ensemble/train/binary/b7/DAT/version_62/data/en/train_subset/test_au.txt'}
2024-06-03 13:48:22,192 - progress - INFO - 	Batch size: 8
2024-06-03 13:48:22,221 - progress - INFO - Creating dataloader for logs/en/ensemble/train/binary/b7/DAT/version_62/data/en/train_subset/test_hk.txt
2024-06-03 13:48:22,221 - progress - INFO - 	Dataloader config: {'sample_rate': 16000, 'batch_size': 8, 'num_workers': 10, 'pin_memory': True, 'use_start_end_token': False, 'trim_silence': False, 'is_tarred': False, 'tarred_audio_filepaths': None, 'shuffle_n': 2048, 'bucketing_strategy': 'synced_randomized', 'bucketing_batch_size': None, 'return_sample_id': False, 'drop_last': False, 'asr_repo': 'whisper', 'shuffle': False, 'manifest_filepath': 'logs/en/ensemble/train/binary/b7/DAT/version_62/data/en/train_subset/test_hk.txt'}
2024-06-03 13:48:22,222 - progress - INFO - 	Batch size: 8
2024-06-03 13:48:22,245 - progress - INFO - Creating dataloader for logs/en/ensemble/train/binary/b7/DAT/version_62/data/en/train_subset/test_ie.txt
2024-06-03 13:48:22,246 - progress - INFO - 	Dataloader config: {'sample_rate': 16000, 'batch_size': 8, 'num_workers': 10, 'pin_memory': True, 'use_start_end_token': False, 'trim_silence': False, 'is_tarred': False, 'tarred_audio_filepaths': None, 'shuffle_n': 2048, 'bucketing_strategy': 'synced_randomized', 'bucketing_batch_size': None, 'return_sample_id': False, 'drop_last': False, 'asr_repo': 'whisper', 'shuffle': False, 'manifest_filepath': 'logs/en/ensemble/train/binary/b7/DAT/version_62/data/en/train_subset/test_ie.txt'}
2024-06-03 13:48:22,247 - progress - INFO - 	Batch size: 8
2024-06-03 13:48:22,267 - progress - INFO - Creating dataloader for logs/en/ensemble/train/binary/b7/DAT/version_62/data/en/train_subset/test_ni.txt
2024-06-03 13:48:22,268 - progress - INFO - 	Dataloader config: {'sample_rate': 16000, 'batch_size': 8, 'num_workers': 10, 'pin_memory': True, 'use_start_end_token': False, 'trim_silence': False, 'is_tarred': False, 'tarred_audio_filepaths': None, 'shuffle_n': 2048, 'bucketing_strategy': 'synced_randomized', 'bucketing_batch_size': None, 'return_sample_id': False, 'drop_last': False, 'asr_repo': 'whisper', 'shuffle': False, 'manifest_filepath': 'logs/en/ensemble/train/binary/b7/DAT/version_62/data/en/train_subset/test_ni.txt'}
2024-06-03 13:48:22,268 - progress - INFO - 	Batch size: 8
2024-06-03 13:48:22,284 - progress - INFO - Creating dataloader for logs/en/ensemble/train/binary/b7/DAT/version_62/data/en/train_subset/test_nz.txt
2024-06-03 13:48:22,285 - progress - INFO - 	Dataloader config: {'sample_rate': 16000, 'batch_size': 8, 'num_workers': 10, 'pin_memory': True, 'use_start_end_token': False, 'trim_silence': False, 'is_tarred': False, 'tarred_audio_filepaths': None, 'shuffle_n': 2048, 'bucketing_strategy': 'synced_randomized', 'bucketing_batch_size': None, 'return_sample_id': False, 'drop_last': False, 'asr_repo': 'whisper', 'shuffle': False, 'manifest_filepath': 'logs/en/ensemble/train/binary/b7/DAT/version_62/data/en/train_subset/test_nz.txt'}
2024-06-03 13:48:22,285 - progress - INFO - 	Batch size: 8
2024-06-03 13:48:22,305 - progress - INFO - Creating dataloader for logs/en/ensemble/train/binary/b7/DAT/version_62/data/en/train_subset/test_ph.txt
2024-06-03 13:48:22,306 - progress - INFO - 	Dataloader config: {'sample_rate': 16000, 'batch_size': 8, 'num_workers': 10, 'pin_memory': True, 'use_start_end_token': False, 'trim_silence': False, 'is_tarred': False, 'tarred_audio_filepaths': None, 'shuffle_n': 2048, 'bucketing_strategy': 'synced_randomized', 'bucketing_batch_size': None, 'return_sample_id': False, 'drop_last': False, 'asr_repo': 'whisper', 'shuffle': False, 'manifest_filepath': 'logs/en/ensemble/train/binary/b7/DAT/version_62/data/en/train_subset/test_ph.txt'}
2024-06-03 13:48:22,306 - progress - INFO - 	Batch size: 8
2024-06-03 13:48:22,330 - progress - INFO - Creating dataloader for logs/en/ensemble/train/binary/b7/DAT/version_62/data/en/train_subset/test_sc.txt
2024-06-03 13:48:22,331 - progress - INFO - 	Dataloader config: {'sample_rate': 16000, 'batch_size': 8, 'num_workers': 10, 'pin_memory': True, 'use_start_end_token': False, 'trim_silence': False, 'is_tarred': False, 'tarred_audio_filepaths': None, 'shuffle_n': 2048, 'bucketing_strategy': 'synced_randomized', 'bucketing_batch_size': None, 'return_sample_id': False, 'drop_last': False, 'asr_repo': 'whisper', 'shuffle': False, 'manifest_filepath': 'logs/en/ensemble/train/binary/b7/DAT/version_62/data/en/train_subset/test_sc.txt'}
2024-06-03 13:48:22,331 - progress - INFO - 	Batch size: 8
2024-06-03 13:48:22,361 - progress - INFO - Creating dataloader for logs/en/ensemble/train/binary/b7/DAT/version_62/data/en/train_subset/test_sg.txt
2024-06-03 13:48:22,361 - progress - INFO - 	Dataloader config: {'sample_rate': 16000, 'batch_size': 8, 'num_workers': 10, 'pin_memory': True, 'use_start_end_token': False, 'trim_silence': False, 'is_tarred': False, 'tarred_audio_filepaths': None, 'shuffle_n': 2048, 'bucketing_strategy': 'synced_randomized', 'bucketing_batch_size': None, 'return_sample_id': False, 'drop_last': False, 'asr_repo': 'whisper', 'shuffle': False, 'manifest_filepath': 'logs/en/ensemble/train/binary/b7/DAT/version_62/data/en/train_subset/test_sg.txt'}
2024-06-03 13:48:22,362 - progress - INFO - 	Batch size: 8
2024-06-03 13:48:22,378 - progress - INFO - Creating dataloader for logs/en/ensemble/train/binary/b7/DAT/version_62/data/en/train_subset/test_za.txt
2024-06-03 13:48:22,379 - progress - INFO - 	Dataloader config: {'sample_rate': 16000, 'batch_size': 8, 'num_workers': 10, 'pin_memory': True, 'use_start_end_token': False, 'trim_silence': False, 'is_tarred': False, 'tarred_audio_filepaths': None, 'shuffle_n': 2048, 'bucketing_strategy': 'synced_randomized', 'bucketing_batch_size': None, 'return_sample_id': False, 'drop_last': False, 'asr_repo': 'whisper', 'shuffle': False, 'manifest_filepath': 'logs/en/ensemble/train/binary/b7/DAT/version_62/data/en/train_subset/test_za.txt'}
2024-06-03 13:48:22,380 - progress - INFO - 	Batch size: 8
2024-06-03 13:56:45,993 - progress - INFO - Configuring optimizers
2024-06-03 13:56:46,022 - progress - INFO - Creating dataloader for ['logs/en/ensemble/train/binary/b7/DAT/version_62/data/en/train_subset/train_us.txt']
2024-06-03 13:56:46,023 - progress - INFO - 	Dataloader config: {'sample_rate': 16000, 'batch_size': 8, 'num_workers': 10, 'pin_memory': True, 'use_start_end_token': False, 'trim_silence': False, 'is_tarred': False, 'tarred_audio_filepaths': None, 'shuffle_n': 2048, 'bucketing_strategy': 'synced_randomized', 'bucketing_batch_size': None, 'return_sample_id': False, 'drop_last': False, 'asr_repo': 'whisper', 'shuffle': True, 'manifest_filepath': ['logs/en/ensemble/train/binary/b7/DAT/version_62/data/en/train_subset/train_us.txt']}
2024-06-03 13:56:46,023 - progress - INFO - 	Batch size: 8
2024-06-03 13:56:46,119 - progress - INFO - Creating dataloader for ['logs/en/ensemble/train/binary/b7/DAT/version_62/data/en/train_subset/train_ca.txt', 'logs/en/ensemble/train/binary/b7/DAT/version_62/data/en/train_subset/train_uk.txt', 'logs/en/ensemble/train/binary/b7/DAT/version_62/data/en/train_subset/train_in.txt', 'logs/en/ensemble/train/binary/b7/DAT/version_62/data/en/train_subset/train_de.txt', 'logs/en/ensemble/train/binary/b7/DAT/version_62/data/en/train_subset/train_au.txt']
2024-06-03 13:56:46,120 - progress - INFO - 	Dataloader config: {'sample_rate': 16000, 'batch_size': 8, 'num_workers': 10, 'pin_memory': True, 'use_start_end_token': False, 'trim_silence': False, 'is_tarred': False, 'tarred_audio_filepaths': None, 'shuffle_n': 2048, 'bucketing_strategy': 'synced_randomized', 'bucketing_batch_size': None, 'return_sample_id': False, 'drop_last': False, 'asr_repo': 'whisper', 'shuffle': True, 'manifest_filepath': ['logs/en/ensemble/train/binary/b7/DAT/version_62/data/en/train_subset/train_ca.txt', 'logs/en/ensemble/train/binary/b7/DAT/version_62/data/en/train_subset/train_uk.txt', 'logs/en/ensemble/train/binary/b7/DAT/version_62/data/en/train_subset/train_in.txt', 'logs/en/ensemble/train/binary/b7/DAT/version_62/data/en/train_subset/train_de.txt', 'logs/en/ensemble/train/binary/b7/DAT/version_62/data/en/train_subset/train_au.txt']}
2024-06-03 13:56:46,121 - progress - INFO - 	Batch size: 8
2024-06-03 13:56:46,426 - progress - INFO - Scheduler max. steps: 1920
2024-06-03 13:56:46,438 - progress - INFO - Creating dataloader for ['logs/en/ensemble/train/binary/b7/DAT/version_62/data/en/train_subset/train_us.txt']
2024-06-03 13:56:46,439 - progress - INFO - 	Dataloader config: {'sample_rate': 16000, 'batch_size': 8, 'num_workers': 10, 'pin_memory': True, 'use_start_end_token': False, 'trim_silence': False, 'is_tarred': False, 'tarred_audio_filepaths': None, 'shuffle_n': 2048, 'bucketing_strategy': 'synced_randomized', 'bucketing_batch_size': None, 'return_sample_id': False, 'drop_last': False, 'asr_repo': 'whisper', 'shuffle': True, 'manifest_filepath': ['logs/en/ensemble/train/binary/b7/DAT/version_62/data/en/train_subset/train_us.txt']}
2024-06-03 13:56:46,440 - progress - INFO - 	Batch size: 8
2024-06-03 13:56:46,458 - progress - INFO - Creating dataloader for ['logs/en/ensemble/train/binary/b7/DAT/version_62/data/en/train_subset/train_ca.txt', 'logs/en/ensemble/train/binary/b7/DAT/version_62/data/en/train_subset/train_uk.txt', 'logs/en/ensemble/train/binary/b7/DAT/version_62/data/en/train_subset/train_in.txt', 'logs/en/ensemble/train/binary/b7/DAT/version_62/data/en/train_subset/train_de.txt', 'logs/en/ensemble/train/binary/b7/DAT/version_62/data/en/train_subset/train_au.txt']
2024-06-03 13:56:46,458 - progress - INFO - 	Dataloader config: {'sample_rate': 16000, 'batch_size': 8, 'num_workers': 10, 'pin_memory': True, 'use_start_end_token': False, 'trim_silence': False, 'is_tarred': False, 'tarred_audio_filepaths': None, 'shuffle_n': 2048, 'bucketing_strategy': 'synced_randomized', 'bucketing_batch_size': None, 'return_sample_id': False, 'drop_last': False, 'asr_repo': 'whisper', 'shuffle': True, 'manifest_filepath': ['logs/en/ensemble/train/binary/b7/DAT/version_62/data/en/train_subset/train_ca.txt', 'logs/en/ensemble/train/binary/b7/DAT/version_62/data/en/train_subset/train_uk.txt', 'logs/en/ensemble/train/binary/b7/DAT/version_62/data/en/train_subset/train_in.txt', 'logs/en/ensemble/train/binary/b7/DAT/version_62/data/en/train_subset/train_de.txt', 'logs/en/ensemble/train/binary/b7/DAT/version_62/data/en/train_subset/train_au.txt']}
2024-06-03 13:56:46,459 - progress - INFO - 	Batch size: 8
2024-06-03 13:56:46,484 - progress - INFO - Creating dataloader for logs/en/ensemble/train/binary/b7/DAT/version_62/data/en/train_subset/test_us.txt
2024-06-03 13:56:46,485 - progress - INFO - 	Dataloader config: {'sample_rate': 16000, 'batch_size': 8, 'num_workers': 10, 'pin_memory': True, 'use_start_end_token': False, 'trim_silence': False, 'is_tarred': False, 'tarred_audio_filepaths': None, 'shuffle_n': 2048, 'bucketing_strategy': 'synced_randomized', 'bucketing_batch_size': None, 'return_sample_id': False, 'drop_last': False, 'asr_repo': 'whisper', 'shuffle': False, 'manifest_filepath': 'logs/en/ensemble/train/binary/b7/DAT/version_62/data/en/train_subset/test_us.txt'}
2024-06-03 13:56:46,485 - progress - INFO - 	Batch size: 8
2024-06-03 13:56:46,491 - progress - INFO - Creating dataloader for logs/en/ensemble/train/binary/b7/DAT/version_62/data/en/train_subset/test_ca.txt
2024-06-03 13:56:46,492 - progress - INFO - 	Dataloader config: {'sample_rate': 16000, 'batch_size': 8, 'num_workers': 10, 'pin_memory': True, 'use_start_end_token': False, 'trim_silence': False, 'is_tarred': False, 'tarred_audio_filepaths': None, 'shuffle_n': 2048, 'bucketing_strategy': 'synced_randomized', 'bucketing_batch_size': None, 'return_sample_id': False, 'drop_last': False, 'asr_repo': 'whisper', 'shuffle': False, 'manifest_filepath': 'logs/en/ensemble/train/binary/b7/DAT/version_62/data/en/train_subset/test_ca.txt'}
2024-06-03 13:56:46,493 - progress - INFO - 	Batch size: 8
2024-06-03 13:56:46,496 - progress - INFO - Creating dataloader for logs/en/ensemble/train/binary/b7/DAT/version_62/data/en/train_subset/test_uk.txt
2024-06-03 13:56:46,498 - progress - INFO - 	Dataloader config: {'sample_rate': 16000, 'batch_size': 8, 'num_workers': 10, 'pin_memory': True, 'use_start_end_token': False, 'trim_silence': False, 'is_tarred': False, 'tarred_audio_filepaths': None, 'shuffle_n': 2048, 'bucketing_strategy': 'synced_randomized', 'bucketing_batch_size': None, 'return_sample_id': False, 'drop_last': False, 'asr_repo': 'whisper', 'shuffle': False, 'manifest_filepath': 'logs/en/ensemble/train/binary/b7/DAT/version_62/data/en/train_subset/test_uk.txt'}
2024-06-03 13:56:46,498 - progress - INFO - 	Batch size: 8
2024-06-03 13:56:46,502 - progress - INFO - Creating dataloader for logs/en/ensemble/train/binary/b7/DAT/version_62/data/en/train_subset/test_in.txt
2024-06-03 13:56:46,502 - progress - INFO - 	Dataloader config: {'sample_rate': 16000, 'batch_size': 8, 'num_workers': 10, 'pin_memory': True, 'use_start_end_token': False, 'trim_silence': False, 'is_tarred': False, 'tarred_audio_filepaths': None, 'shuffle_n': 2048, 'bucketing_strategy': 'synced_randomized', 'bucketing_batch_size': None, 'return_sample_id': False, 'drop_last': False, 'asr_repo': 'whisper', 'shuffle': False, 'manifest_filepath': 'logs/en/ensemble/train/binary/b7/DAT/version_62/data/en/train_subset/test_in.txt'}
2024-06-03 13:56:46,503 - progress - INFO - 	Batch size: 8
2024-06-03 13:56:46,507 - progress - INFO - Creating dataloader for logs/en/ensemble/train/binary/b7/DAT/version_62/data/en/train_subset/test_de.txt
2024-06-03 13:56:46,507 - progress - INFO - 	Dataloader config: {'sample_rate': 16000, 'batch_size': 8, 'num_workers': 10, 'pin_memory': True, 'use_start_end_token': False, 'trim_silence': False, 'is_tarred': False, 'tarred_audio_filepaths': None, 'shuffle_n': 2048, 'bucketing_strategy': 'synced_randomized', 'bucketing_batch_size': None, 'return_sample_id': False, 'drop_last': False, 'asr_repo': 'whisper', 'shuffle': False, 'manifest_filepath': 'logs/en/ensemble/train/binary/b7/DAT/version_62/data/en/train_subset/test_de.txt'}
2024-06-03 13:56:46,508 - progress - INFO - 	Batch size: 8
2024-06-03 13:56:46,511 - progress - INFO - Creating dataloader for logs/en/ensemble/train/binary/b7/DAT/version_62/data/en/train_subset/test_au.txt
2024-06-03 13:56:46,512 - progress - INFO - 	Dataloader config: {'sample_rate': 16000, 'batch_size': 8, 'num_workers': 10, 'pin_memory': True, 'use_start_end_token': False, 'trim_silence': False, 'is_tarred': False, 'tarred_audio_filepaths': None, 'shuffle_n': 2048, 'bucketing_strategy': 'synced_randomized', 'bucketing_batch_size': None, 'return_sample_id': False, 'drop_last': False, 'asr_repo': 'whisper', 'shuffle': False, 'manifest_filepath': 'logs/en/ensemble/train/binary/b7/DAT/version_62/data/en/train_subset/test_au.txt'}
2024-06-03 13:56:46,512 - progress - INFO - 	Batch size: 8
2024-06-03 13:56:46,515 - progress - INFO - Creating dataloader for logs/en/ensemble/train/binary/b7/DAT/version_62/data/en/train_subset/test_hk.txt
2024-06-03 13:56:46,516 - progress - INFO - 	Dataloader config: {'sample_rate': 16000, 'batch_size': 8, 'num_workers': 10, 'pin_memory': True, 'use_start_end_token': False, 'trim_silence': False, 'is_tarred': False, 'tarred_audio_filepaths': None, 'shuffle_n': 2048, 'bucketing_strategy': 'synced_randomized', 'bucketing_batch_size': None, 'return_sample_id': False, 'drop_last': False, 'asr_repo': 'whisper', 'shuffle': False, 'manifest_filepath': 'logs/en/ensemble/train/binary/b7/DAT/version_62/data/en/train_subset/test_hk.txt'}
2024-06-03 13:56:46,516 - progress - INFO - 	Batch size: 8
2024-06-03 13:56:46,519 - progress - INFO - Creating dataloader for logs/en/ensemble/train/binary/b7/DAT/version_62/data/en/train_subset/test_ie.txt
2024-06-03 13:56:46,519 - progress - INFO - 	Dataloader config: {'sample_rate': 16000, 'batch_size': 8, 'num_workers': 10, 'pin_memory': True, 'use_start_end_token': False, 'trim_silence': False, 'is_tarred': False, 'tarred_audio_filepaths': None, 'shuffle_n': 2048, 'bucketing_strategy': 'synced_randomized', 'bucketing_batch_size': None, 'return_sample_id': False, 'drop_last': False, 'asr_repo': 'whisper', 'shuffle': False, 'manifest_filepath': 'logs/en/ensemble/train/binary/b7/DAT/version_62/data/en/train_subset/test_ie.txt'}
2024-06-03 13:56:46,520 - progress - INFO - 	Batch size: 8
2024-06-03 13:56:46,522 - progress - INFO - Creating dataloader for logs/en/ensemble/train/binary/b7/DAT/version_62/data/en/train_subset/test_ni.txt
2024-06-03 13:56:46,523 - progress - INFO - 	Dataloader config: {'sample_rate': 16000, 'batch_size': 8, 'num_workers': 10, 'pin_memory': True, 'use_start_end_token': False, 'trim_silence': False, 'is_tarred': False, 'tarred_audio_filepaths': None, 'shuffle_n': 2048, 'bucketing_strategy': 'synced_randomized', 'bucketing_batch_size': None, 'return_sample_id': False, 'drop_last': False, 'asr_repo': 'whisper', 'shuffle': False, 'manifest_filepath': 'logs/en/ensemble/train/binary/b7/DAT/version_62/data/en/train_subset/test_ni.txt'}
2024-06-03 13:56:46,524 - progress - INFO - 	Batch size: 8
2024-06-03 13:56:46,526 - progress - INFO - Creating dataloader for logs/en/ensemble/train/binary/b7/DAT/version_62/data/en/train_subset/test_nz.txt
2024-06-03 13:56:46,527 - progress - INFO - 	Dataloader config: {'sample_rate': 16000, 'batch_size': 8, 'num_workers': 10, 'pin_memory': True, 'use_start_end_token': False, 'trim_silence': False, 'is_tarred': False, 'tarred_audio_filepaths': None, 'shuffle_n': 2048, 'bucketing_strategy': 'synced_randomized', 'bucketing_batch_size': None, 'return_sample_id': False, 'drop_last': False, 'asr_repo': 'whisper', 'shuffle': False, 'manifest_filepath': 'logs/en/ensemble/train/binary/b7/DAT/version_62/data/en/train_subset/test_nz.txt'}
2024-06-03 13:56:46,527 - progress - INFO - 	Batch size: 8
2024-06-03 13:56:46,530 - progress - INFO - Creating dataloader for logs/en/ensemble/train/binary/b7/DAT/version_62/data/en/train_subset/test_ph.txt
2024-06-03 13:56:46,531 - progress - INFO - 	Dataloader config: {'sample_rate': 16000, 'batch_size': 8, 'num_workers': 10, 'pin_memory': True, 'use_start_end_token': False, 'trim_silence': False, 'is_tarred': False, 'tarred_audio_filepaths': None, 'shuffle_n': 2048, 'bucketing_strategy': 'synced_randomized', 'bucketing_batch_size': None, 'return_sample_id': False, 'drop_last': False, 'asr_repo': 'whisper', 'shuffle': False, 'manifest_filepath': 'logs/en/ensemble/train/binary/b7/DAT/version_62/data/en/train_subset/test_ph.txt'}
2024-06-03 13:56:46,532 - progress - INFO - 	Batch size: 8
2024-06-03 13:56:46,535 - progress - INFO - Creating dataloader for logs/en/ensemble/train/binary/b7/DAT/version_62/data/en/train_subset/test_sc.txt
2024-06-03 13:56:46,536 - progress - INFO - 	Dataloader config: {'sample_rate': 16000, 'batch_size': 8, 'num_workers': 10, 'pin_memory': True, 'use_start_end_token': False, 'trim_silence': False, 'is_tarred': False, 'tarred_audio_filepaths': None, 'shuffle_n': 2048, 'bucketing_strategy': 'synced_randomized', 'bucketing_batch_size': None, 'return_sample_id': False, 'drop_last': False, 'asr_repo': 'whisper', 'shuffle': False, 'manifest_filepath': 'logs/en/ensemble/train/binary/b7/DAT/version_62/data/en/train_subset/test_sc.txt'}
2024-06-03 13:56:46,536 - progress - INFO - 	Batch size: 8
2024-06-03 13:56:46,539 - progress - INFO - Creating dataloader for logs/en/ensemble/train/binary/b7/DAT/version_62/data/en/train_subset/test_sg.txt
2024-06-03 13:56:46,540 - progress - INFO - 	Dataloader config: {'sample_rate': 16000, 'batch_size': 8, 'num_workers': 10, 'pin_memory': True, 'use_start_end_token': False, 'trim_silence': False, 'is_tarred': False, 'tarred_audio_filepaths': None, 'shuffle_n': 2048, 'bucketing_strategy': 'synced_randomized', 'bucketing_batch_size': None, 'return_sample_id': False, 'drop_last': False, 'asr_repo': 'whisper', 'shuffle': False, 'manifest_filepath': 'logs/en/ensemble/train/binary/b7/DAT/version_62/data/en/train_subset/test_sg.txt'}
2024-06-03 13:56:46,541 - progress - INFO - 	Batch size: 8
2024-06-03 13:56:46,543 - progress - INFO - Creating dataloader for logs/en/ensemble/train/binary/b7/DAT/version_62/data/en/train_subset/test_za.txt
2024-06-03 13:56:46,544 - progress - INFO - 	Dataloader config: {'sample_rate': 16000, 'batch_size': 8, 'num_workers': 10, 'pin_memory': True, 'use_start_end_token': False, 'trim_silence': False, 'is_tarred': False, 'tarred_audio_filepaths': None, 'shuffle_n': 2048, 'bucketing_strategy': 'synced_randomized', 'bucketing_batch_size': None, 'return_sample_id': False, 'drop_last': False, 'asr_repo': 'whisper', 'shuffle': False, 'manifest_filepath': 'logs/en/ensemble/train/binary/b7/DAT/version_62/data/en/train_subset/test_za.txt'}
2024-06-03 13:56:46,545 - progress - INFO - 	Batch size: 8
