2024-05-14 11:50:46,249 - progress - INFO - Configuring optimizers
2024-05-14 11:50:46,255 - progress - INFO - Creating dataloader for ['logs/en/ac/train/binary/b7/version_4/data/en/train_subset/train_us.txt']
2024-05-14 11:50:46,258 - progress - INFO - 	Dataloader config: {'sample_rate': 16000, 'batch_size': 96, 'num_workers': 10, 'pin_memory': True, 'use_start_end_token': False, 'trim_silence': False, 'is_tarred': False, 'tarred_audio_filepaths': None, 'shuffle_n': 2048, 'bucketing_strategy': 'synced_randomized', 'bucketing_batch_size': None, 'return_sample_id': False, 'drop_last': False, 'asr_repo': 'whisper', 'shuffle': True, 'manifest_filepath': ['logs/en/ac/train/binary/b7/version_4/data/en/train_subset/train_us.txt']}
2024-05-14 11:50:46,260 - progress - INFO - 	Batch size: 96
2024-05-14 11:50:46,757 - progress - INFO - Creating dataloader for ['logs/en/ac/train/binary/b7/version_4/data/en/train_subset/train_ca.txt', 'logs/en/ac/train/binary/b7/version_4/data/en/train_subset/train_uk.txt', 'logs/en/ac/train/binary/b7/version_4/data/en/train_subset/train_in.txt', 'logs/en/ac/train/binary/b7/version_4/data/en/train_subset/train_de.txt', 'logs/en/ac/train/binary/b7/version_4/data/en/train_subset/train_au.txt']
2024-05-14 11:50:46,760 - progress - INFO - 	Dataloader config: {'sample_rate': 16000, 'batch_size': 96, 'num_workers': 10, 'pin_memory': True, 'use_start_end_token': False, 'trim_silence': False, 'is_tarred': False, 'tarred_audio_filepaths': None, 'shuffle_n': 2048, 'bucketing_strategy': 'synced_randomized', 'bucketing_batch_size': None, 'return_sample_id': False, 'drop_last': False, 'asr_repo': 'whisper', 'shuffle': True, 'manifest_filepath': ['logs/en/ac/train/binary/b7/version_4/data/en/train_subset/train_ca.txt', 'logs/en/ac/train/binary/b7/version_4/data/en/train_subset/train_uk.txt', 'logs/en/ac/train/binary/b7/version_4/data/en/train_subset/train_in.txt', 'logs/en/ac/train/binary/b7/version_4/data/en/train_subset/train_de.txt', 'logs/en/ac/train/binary/b7/version_4/data/en/train_subset/train_au.txt']}
2024-05-14 11:50:46,764 - progress - INFO - 	Batch size: 96
2024-05-14 11:50:47,273 - progress - INFO - Scheduler max. steps: 1280
2024-05-14 11:50:47,377 - progress - INFO - Creating dataloader for ['logs/en/ac/train/binary/b7/version_4/data/en/train_subset/train_us.txt']
2024-05-14 11:50:47,379 - progress - INFO - 	Dataloader config: {'sample_rate': 16000, 'batch_size': 96, 'num_workers': 10, 'pin_memory': True, 'use_start_end_token': False, 'trim_silence': False, 'is_tarred': False, 'tarred_audio_filepaths': None, 'shuffle_n': 2048, 'bucketing_strategy': 'synced_randomized', 'bucketing_batch_size': None, 'return_sample_id': False, 'drop_last': False, 'asr_repo': 'whisper', 'shuffle': True, 'manifest_filepath': ['logs/en/ac/train/binary/b7/version_4/data/en/train_subset/train_us.txt']}
2024-05-14 11:50:47,382 - progress - INFO - 	Batch size: 96
2024-05-14 11:50:47,503 - progress - INFO - Creating dataloader for ['logs/en/ac/train/binary/b7/version_4/data/en/train_subset/train_ca.txt', 'logs/en/ac/train/binary/b7/version_4/data/en/train_subset/train_uk.txt', 'logs/en/ac/train/binary/b7/version_4/data/en/train_subset/train_in.txt', 'logs/en/ac/train/binary/b7/version_4/data/en/train_subset/train_de.txt', 'logs/en/ac/train/binary/b7/version_4/data/en/train_subset/train_au.txt']
2024-05-14 11:50:47,506 - progress - INFO - 	Dataloader config: {'sample_rate': 16000, 'batch_size': 96, 'num_workers': 10, 'pin_memory': True, 'use_start_end_token': False, 'trim_silence': False, 'is_tarred': False, 'tarred_audio_filepaths': None, 'shuffle_n': 2048, 'bucketing_strategy': 'synced_randomized', 'bucketing_batch_size': None, 'return_sample_id': False, 'drop_last': False, 'asr_repo': 'whisper', 'shuffle': True, 'manifest_filepath': ['logs/en/ac/train/binary/b7/version_4/data/en/train_subset/train_ca.txt', 'logs/en/ac/train/binary/b7/version_4/data/en/train_subset/train_uk.txt', 'logs/en/ac/train/binary/b7/version_4/data/en/train_subset/train_in.txt', 'logs/en/ac/train/binary/b7/version_4/data/en/train_subset/train_de.txt', 'logs/en/ac/train/binary/b7/version_4/data/en/train_subset/train_au.txt']}
2024-05-14 11:50:47,512 - progress - INFO - 	Batch size: 96
2024-05-14 11:50:47,660 - progress - INFO - Creating dataloader for logs/en/ac/train/binary/b7/version_4/data/en/train_subset/test_us.txt
2024-05-14 11:50:47,670 - progress - INFO - 	Dataloader config: {'sample_rate': 16000, 'batch_size': 96, 'num_workers': 10, 'pin_memory': True, 'use_start_end_token': False, 'trim_silence': False, 'is_tarred': False, 'tarred_audio_filepaths': None, 'shuffle_n': 2048, 'bucketing_strategy': 'synced_randomized', 'bucketing_batch_size': None, 'return_sample_id': False, 'drop_last': False, 'asr_repo': 'whisper', 'shuffle': False, 'manifest_filepath': 'logs/en/ac/train/binary/b7/version_4/data/en/train_subset/test_us.txt'}
2024-05-14 11:50:47,679 - progress - INFO - 	Batch size: 96
2024-05-14 11:50:47,782 - progress - INFO - Creating dataloader for logs/en/ac/train/binary/b7/version_4/data/en/train_subset/test_ca.txt
2024-05-14 11:50:47,788 - progress - INFO - 	Dataloader config: {'sample_rate': 16000, 'batch_size': 96, 'num_workers': 10, 'pin_memory': True, 'use_start_end_token': False, 'trim_silence': False, 'is_tarred': False, 'tarred_audio_filepaths': None, 'shuffle_n': 2048, 'bucketing_strategy': 'synced_randomized', 'bucketing_batch_size': None, 'return_sample_id': False, 'drop_last': False, 'asr_repo': 'whisper', 'shuffle': False, 'manifest_filepath': 'logs/en/ac/train/binary/b7/version_4/data/en/train_subset/test_ca.txt'}
2024-05-14 11:50:47,794 - progress - INFO - 	Batch size: 96
2024-05-14 11:50:48,064 - progress - INFO - Creating dataloader for logs/en/ac/train/binary/b7/version_4/data/en/train_subset/test_uk.txt
2024-05-14 11:50:48,068 - progress - INFO - 	Dataloader config: {'sample_rate': 16000, 'batch_size': 96, 'num_workers': 10, 'pin_memory': True, 'use_start_end_token': False, 'trim_silence': False, 'is_tarred': False, 'tarred_audio_filepaths': None, 'shuffle_n': 2048, 'bucketing_strategy': 'synced_randomized', 'bucketing_batch_size': None, 'return_sample_id': False, 'drop_last': False, 'asr_repo': 'whisper', 'shuffle': False, 'manifest_filepath': 'logs/en/ac/train/binary/b7/version_4/data/en/train_subset/test_uk.txt'}
2024-05-14 11:50:48,071 - progress - INFO - 	Batch size: 96
2024-05-14 11:50:48,080 - progress - INFO - Creating dataloader for logs/en/ac/train/binary/b7/version_4/data/en/train_subset/test_in.txt
2024-05-14 11:50:48,085 - progress - INFO - 	Dataloader config: {'sample_rate': 16000, 'batch_size': 96, 'num_workers': 10, 'pin_memory': True, 'use_start_end_token': False, 'trim_silence': False, 'is_tarred': False, 'tarred_audio_filepaths': None, 'shuffle_n': 2048, 'bucketing_strategy': 'synced_randomized', 'bucketing_batch_size': None, 'return_sample_id': False, 'drop_last': False, 'asr_repo': 'whisper', 'shuffle': False, 'manifest_filepath': 'logs/en/ac/train/binary/b7/version_4/data/en/train_subset/test_in.txt'}
2024-05-14 11:50:48,089 - progress - INFO - 	Batch size: 96
2024-05-14 11:50:48,109 - progress - INFO - Creating dataloader for logs/en/ac/train/binary/b7/version_4/data/en/train_subset/test_de.txt
2024-05-14 11:50:48,115 - progress - INFO - 	Dataloader config: {'sample_rate': 16000, 'batch_size': 96, 'num_workers': 10, 'pin_memory': True, 'use_start_end_token': False, 'trim_silence': False, 'is_tarred': False, 'tarred_audio_filepaths': None, 'shuffle_n': 2048, 'bucketing_strategy': 'synced_randomized', 'bucketing_batch_size': None, 'return_sample_id': False, 'drop_last': False, 'asr_repo': 'whisper', 'shuffle': False, 'manifest_filepath': 'logs/en/ac/train/binary/b7/version_4/data/en/train_subset/test_de.txt'}
2024-05-14 11:50:48,120 - progress - INFO - 	Batch size: 96
2024-05-14 11:50:48,141 - progress - INFO - Creating dataloader for logs/en/ac/train/binary/b7/version_4/data/en/train_subset/test_au.txt
2024-05-14 11:50:48,146 - progress - INFO - 	Dataloader config: {'sample_rate': 16000, 'batch_size': 96, 'num_workers': 10, 'pin_memory': True, 'use_start_end_token': False, 'trim_silence': False, 'is_tarred': False, 'tarred_audio_filepaths': None, 'shuffle_n': 2048, 'bucketing_strategy': 'synced_randomized', 'bucketing_batch_size': None, 'return_sample_id': False, 'drop_last': False, 'asr_repo': 'whisper', 'shuffle': False, 'manifest_filepath': 'logs/en/ac/train/binary/b7/version_4/data/en/train_subset/test_au.txt'}
2024-05-14 11:50:48,150 - progress - INFO - 	Batch size: 96
2024-05-14 11:50:48,248 - progress - INFO - Creating dataloader for logs/en/ac/train/binary/b7/version_4/data/en/train_subset/test_hk.txt
2024-05-14 11:50:48,253 - progress - INFO - 	Dataloader config: {'sample_rate': 16000, 'batch_size': 96, 'num_workers': 10, 'pin_memory': True, 'use_start_end_token': False, 'trim_silence': False, 'is_tarred': False, 'tarred_audio_filepaths': None, 'shuffle_n': 2048, 'bucketing_strategy': 'synced_randomized', 'bucketing_batch_size': None, 'return_sample_id': False, 'drop_last': False, 'asr_repo': 'whisper', 'shuffle': False, 'manifest_filepath': 'logs/en/ac/train/binary/b7/version_4/data/en/train_subset/test_hk.txt'}
2024-05-14 11:50:48,255 - progress - INFO - 	Batch size: 96
2024-05-14 11:50:48,266 - progress - INFO - Creating dataloader for logs/en/ac/train/binary/b7/version_4/data/en/train_subset/test_ie.txt
2024-05-14 11:50:48,269 - progress - INFO - 	Dataloader config: {'sample_rate': 16000, 'batch_size': 96, 'num_workers': 10, 'pin_memory': True, 'use_start_end_token': False, 'trim_silence': False, 'is_tarred': False, 'tarred_audio_filepaths': None, 'shuffle_n': 2048, 'bucketing_strategy': 'synced_randomized', 'bucketing_batch_size': None, 'return_sample_id': False, 'drop_last': False, 'asr_repo': 'whisper', 'shuffle': False, 'manifest_filepath': 'logs/en/ac/train/binary/b7/version_4/data/en/train_subset/test_ie.txt'}
2024-05-14 11:50:48,273 - progress - INFO - 	Batch size: 96
2024-05-14 11:50:48,299 - progress - INFO - Creating dataloader for logs/en/ac/train/binary/b7/version_4/data/en/train_subset/test_ni.txt
2024-05-14 11:50:48,301 - progress - INFO - 	Dataloader config: {'sample_rate': 16000, 'batch_size': 96, 'num_workers': 10, 'pin_memory': True, 'use_start_end_token': False, 'trim_silence': False, 'is_tarred': False, 'tarred_audio_filepaths': None, 'shuffle_n': 2048, 'bucketing_strategy': 'synced_randomized', 'bucketing_batch_size': None, 'return_sample_id': False, 'drop_last': False, 'asr_repo': 'whisper', 'shuffle': False, 'manifest_filepath': 'logs/en/ac/train/binary/b7/version_4/data/en/train_subset/test_ni.txt'}
2024-05-14 11:50:48,304 - progress - INFO - 	Batch size: 96
2024-05-14 11:50:48,355 - progress - INFO - Creating dataloader for logs/en/ac/train/binary/b7/version_4/data/en/train_subset/test_nz.txt
2024-05-14 11:50:48,357 - progress - INFO - 	Dataloader config: {'sample_rate': 16000, 'batch_size': 96, 'num_workers': 10, 'pin_memory': True, 'use_start_end_token': False, 'trim_silence': False, 'is_tarred': False, 'tarred_audio_filepaths': None, 'shuffle_n': 2048, 'bucketing_strategy': 'synced_randomized', 'bucketing_batch_size': None, 'return_sample_id': False, 'drop_last': False, 'asr_repo': 'whisper', 'shuffle': False, 'manifest_filepath': 'logs/en/ac/train/binary/b7/version_4/data/en/train_subset/test_nz.txt'}
2024-05-14 11:50:48,362 - progress - INFO - 	Batch size: 96
2024-05-14 11:50:48,372 - progress - INFO - Creating dataloader for logs/en/ac/train/binary/b7/version_4/data/en/train_subset/test_ph.txt
2024-05-14 11:50:48,374 - progress - INFO - 	Dataloader config: {'sample_rate': 16000, 'batch_size': 96, 'num_workers': 10, 'pin_memory': True, 'use_start_end_token': False, 'trim_silence': False, 'is_tarred': False, 'tarred_audio_filepaths': None, 'shuffle_n': 2048, 'bucketing_strategy': 'synced_randomized', 'bucketing_batch_size': None, 'return_sample_id': False, 'drop_last': False, 'asr_repo': 'whisper', 'shuffle': False, 'manifest_filepath': 'logs/en/ac/train/binary/b7/version_4/data/en/train_subset/test_ph.txt'}
2024-05-14 11:50:48,378 - progress - INFO - 	Batch size: 96
2024-05-14 11:50:48,384 - progress - INFO - Creating dataloader for logs/en/ac/train/binary/b7/version_4/data/en/train_subset/test_sc.txt
2024-05-14 11:50:48,389 - progress - INFO - 	Dataloader config: {'sample_rate': 16000, 'batch_size': 96, 'num_workers': 10, 'pin_memory': True, 'use_start_end_token': False, 'trim_silence': False, 'is_tarred': False, 'tarred_audio_filepaths': None, 'shuffle_n': 2048, 'bucketing_strategy': 'synced_randomized', 'bucketing_batch_size': None, 'return_sample_id': False, 'drop_last': False, 'asr_repo': 'whisper', 'shuffle': False, 'manifest_filepath': 'logs/en/ac/train/binary/b7/version_4/data/en/train_subset/test_sc.txt'}
2024-05-14 11:50:48,395 - progress - INFO - 	Batch size: 96
2024-05-14 11:50:48,402 - progress - INFO - Creating dataloader for logs/en/ac/train/binary/b7/version_4/data/en/train_subset/test_sg.txt
2024-05-14 11:50:48,407 - progress - INFO - 	Dataloader config: {'sample_rate': 16000, 'batch_size': 96, 'num_workers': 10, 'pin_memory': True, 'use_start_end_token': False, 'trim_silence': False, 'is_tarred': False, 'tarred_audio_filepaths': None, 'shuffle_n': 2048, 'bucketing_strategy': 'synced_randomized', 'bucketing_batch_size': None, 'return_sample_id': False, 'drop_last': False, 'asr_repo': 'whisper', 'shuffle': False, 'manifest_filepath': 'logs/en/ac/train/binary/b7/version_4/data/en/train_subset/test_sg.txt'}
2024-05-14 11:50:48,411 - progress - INFO - 	Batch size: 96
2024-05-14 11:50:48,418 - progress - INFO - Creating dataloader for logs/en/ac/train/binary/b7/version_4/data/en/train_subset/test_za.txt
2024-05-14 11:50:48,423 - progress - INFO - 	Dataloader config: {'sample_rate': 16000, 'batch_size': 96, 'num_workers': 10, 'pin_memory': True, 'use_start_end_token': False, 'trim_silence': False, 'is_tarred': False, 'tarred_audio_filepaths': None, 'shuffle_n': 2048, 'bucketing_strategy': 'synced_randomized', 'bucketing_batch_size': None, 'return_sample_id': False, 'drop_last': False, 'asr_repo': 'whisper', 'shuffle': False, 'manifest_filepath': 'logs/en/ac/train/binary/b7/version_4/data/en/train_subset/test_za.txt'}
2024-05-14 11:50:48,428 - progress - INFO - 	Batch size: 96
