2024-06-02 18:51:53,477 - progress - INFO - Configuring optimizers
2024-06-02 18:51:53,485 - progress - INFO - Creating dataloader for ['logs/en/ac/train/binary/b7/version_47/data/en/train_subset/train_us.txt']
2024-06-02 18:51:53,492 - progress - INFO - 	Dataloader config: {'sample_rate': 16000, 'batch_size': 96, 'num_workers': 10, 'pin_memory': True, 'use_start_end_token': False, 'trim_silence': False, 'is_tarred': False, 'tarred_audio_filepaths': None, 'shuffle_n': 2048, 'bucketing_strategy': 'synced_randomized', 'bucketing_batch_size': None, 'return_sample_id': False, 'drop_last': False, 'asr_repo': 'whisper', 'shuffle': True, 'manifest_filepath': ['logs/en/ac/train/binary/b7/version_47/data/en/train_subset/train_us.txt']}
2024-06-02 18:51:53,501 - progress - INFO - 	Batch size: 96
2024-06-02 18:51:53,866 - progress - INFO - Creating dataloader for ['logs/en/ac/train/binary/b7/version_47/data/en/train_subset/train_ca.txt', 'logs/en/ac/train/binary/b7/version_47/data/en/train_subset/train_uk.txt', 'logs/en/ac/train/binary/b7/version_47/data/en/train_subset/train_in.txt', 'logs/en/ac/train/binary/b7/version_47/data/en/train_subset/train_de.txt', 'logs/en/ac/train/binary/b7/version_47/data/en/train_subset/train_au.txt']
2024-06-02 18:51:53,873 - progress - INFO - 	Dataloader config: {'sample_rate': 16000, 'batch_size': 96, 'num_workers': 10, 'pin_memory': True, 'use_start_end_token': False, 'trim_silence': False, 'is_tarred': False, 'tarred_audio_filepaths': None, 'shuffle_n': 2048, 'bucketing_strategy': 'synced_randomized', 'bucketing_batch_size': None, 'return_sample_id': False, 'drop_last': False, 'asr_repo': 'whisper', 'shuffle': True, 'manifest_filepath': ['logs/en/ac/train/binary/b7/version_47/data/en/train_subset/train_ca.txt', 'logs/en/ac/train/binary/b7/version_47/data/en/train_subset/train_uk.txt', 'logs/en/ac/train/binary/b7/version_47/data/en/train_subset/train_in.txt', 'logs/en/ac/train/binary/b7/version_47/data/en/train_subset/train_de.txt', 'logs/en/ac/train/binary/b7/version_47/data/en/train_subset/train_au.txt']}
2024-06-02 18:51:53,879 - progress - INFO - 	Batch size: 96
2024-06-02 18:51:54,065 - progress - INFO - Scheduler max. steps: 1280
2024-06-02 18:51:54,185 - progress - INFO - Creating dataloader for ['logs/en/ac/train/binary/b7/version_47/data/en/train_subset/train_us.txt']
2024-06-02 18:51:54,193 - progress - INFO - 	Dataloader config: {'sample_rate': 16000, 'batch_size': 96, 'num_workers': 10, 'pin_memory': True, 'use_start_end_token': False, 'trim_silence': False, 'is_tarred': False, 'tarred_audio_filepaths': None, 'shuffle_n': 2048, 'bucketing_strategy': 'synced_randomized', 'bucketing_batch_size': None, 'return_sample_id': False, 'drop_last': False, 'asr_repo': 'whisper', 'shuffle': True, 'manifest_filepath': ['logs/en/ac/train/binary/b7/version_47/data/en/train_subset/train_us.txt']}
2024-06-02 18:51:54,202 - progress - INFO - 	Batch size: 96
2024-06-02 18:51:54,235 - progress - INFO - Creating dataloader for ['logs/en/ac/train/binary/b7/version_47/data/en/train_subset/train_ca.txt', 'logs/en/ac/train/binary/b7/version_47/data/en/train_subset/train_uk.txt', 'logs/en/ac/train/binary/b7/version_47/data/en/train_subset/train_in.txt', 'logs/en/ac/train/binary/b7/version_47/data/en/train_subset/train_de.txt', 'logs/en/ac/train/binary/b7/version_47/data/en/train_subset/train_au.txt']
2024-06-02 18:51:54,240 - progress - INFO - 	Dataloader config: {'sample_rate': 16000, 'batch_size': 96, 'num_workers': 10, 'pin_memory': True, 'use_start_end_token': False, 'trim_silence': False, 'is_tarred': False, 'tarred_audio_filepaths': None, 'shuffle_n': 2048, 'bucketing_strategy': 'synced_randomized', 'bucketing_batch_size': None, 'return_sample_id': False, 'drop_last': False, 'asr_repo': 'whisper', 'shuffle': True, 'manifest_filepath': ['logs/en/ac/train/binary/b7/version_47/data/en/train_subset/train_ca.txt', 'logs/en/ac/train/binary/b7/version_47/data/en/train_subset/train_uk.txt', 'logs/en/ac/train/binary/b7/version_47/data/en/train_subset/train_in.txt', 'logs/en/ac/train/binary/b7/version_47/data/en/train_subset/train_de.txt', 'logs/en/ac/train/binary/b7/version_47/data/en/train_subset/train_au.txt']}
2024-06-02 18:51:54,249 - progress - INFO - 	Batch size: 96
2024-06-02 18:51:54,315 - progress - INFO - Creating dataloader for logs/en/ac/train/binary/b7/version_47/data/en/train_subset/test_us.txt
2024-06-02 18:51:54,323 - progress - INFO - 	Dataloader config: {'sample_rate': 16000, 'batch_size': 96, 'num_workers': 10, 'pin_memory': True, 'use_start_end_token': False, 'trim_silence': False, 'is_tarred': False, 'tarred_audio_filepaths': None, 'shuffle_n': 2048, 'bucketing_strategy': 'synced_randomized', 'bucketing_batch_size': None, 'return_sample_id': False, 'drop_last': False, 'asr_repo': 'whisper', 'shuffle': False, 'manifest_filepath': 'logs/en/ac/train/binary/b7/version_47/data/en/train_subset/test_us.txt'}
2024-06-02 18:51:54,331 - progress - INFO - 	Batch size: 96
2024-06-02 18:51:54,381 - progress - INFO - Creating dataloader for logs/en/ac/train/binary/b7/version_47/data/en/train_subset/test_ca.txt
2024-06-02 18:51:54,386 - progress - INFO - 	Dataloader config: {'sample_rate': 16000, 'batch_size': 96, 'num_workers': 10, 'pin_memory': True, 'use_start_end_token': False, 'trim_silence': False, 'is_tarred': False, 'tarred_audio_filepaths': None, 'shuffle_n': 2048, 'bucketing_strategy': 'synced_randomized', 'bucketing_batch_size': None, 'return_sample_id': False, 'drop_last': False, 'asr_repo': 'whisper', 'shuffle': False, 'manifest_filepath': 'logs/en/ac/train/binary/b7/version_47/data/en/train_subset/test_ca.txt'}
2024-06-02 18:51:54,392 - progress - INFO - 	Batch size: 96
2024-06-02 18:51:54,438 - progress - INFO - Creating dataloader for logs/en/ac/train/binary/b7/version_47/data/en/train_subset/test_uk.txt
2024-06-02 18:51:54,445 - progress - INFO - 	Dataloader config: {'sample_rate': 16000, 'batch_size': 96, 'num_workers': 10, 'pin_memory': True, 'use_start_end_token': False, 'trim_silence': False, 'is_tarred': False, 'tarred_audio_filepaths': None, 'shuffle_n': 2048, 'bucketing_strategy': 'synced_randomized', 'bucketing_batch_size': None, 'return_sample_id': False, 'drop_last': False, 'asr_repo': 'whisper', 'shuffle': False, 'manifest_filepath': 'logs/en/ac/train/binary/b7/version_47/data/en/train_subset/test_uk.txt'}
2024-06-02 18:51:54,451 - progress - INFO - 	Batch size: 96
2024-06-02 18:51:54,706 - progress - INFO - Creating dataloader for logs/en/ac/train/binary/b7/version_47/data/en/train_subset/test_in.txt
2024-06-02 18:51:54,712 - progress - INFO - 	Dataloader config: {'sample_rate': 16000, 'batch_size': 96, 'num_workers': 10, 'pin_memory': True, 'use_start_end_token': False, 'trim_silence': False, 'is_tarred': False, 'tarred_audio_filepaths': None, 'shuffle_n': 2048, 'bucketing_strategy': 'synced_randomized', 'bucketing_batch_size': None, 'return_sample_id': False, 'drop_last': False, 'asr_repo': 'whisper', 'shuffle': False, 'manifest_filepath': 'logs/en/ac/train/binary/b7/version_47/data/en/train_subset/test_in.txt'}
2024-06-02 18:51:54,719 - progress - INFO - 	Batch size: 96
2024-06-02 18:51:54,748 - progress - INFO - Creating dataloader for logs/en/ac/train/binary/b7/version_47/data/en/train_subset/test_de.txt
2024-06-02 18:51:54,755 - progress - INFO - 	Dataloader config: {'sample_rate': 16000, 'batch_size': 96, 'num_workers': 10, 'pin_memory': True, 'use_start_end_token': False, 'trim_silence': False, 'is_tarred': False, 'tarred_audio_filepaths': None, 'shuffle_n': 2048, 'bucketing_strategy': 'synced_randomized', 'bucketing_batch_size': None, 'return_sample_id': False, 'drop_last': False, 'asr_repo': 'whisper', 'shuffle': False, 'manifest_filepath': 'logs/en/ac/train/binary/b7/version_47/data/en/train_subset/test_de.txt'}
2024-06-02 18:51:54,762 - progress - INFO - 	Batch size: 96
2024-06-02 18:51:54,797 - progress - INFO - Creating dataloader for logs/en/ac/train/binary/b7/version_47/data/en/train_subset/test_au.txt
2024-06-02 18:51:54,804 - progress - INFO - 	Dataloader config: {'sample_rate': 16000, 'batch_size': 96, 'num_workers': 10, 'pin_memory': True, 'use_start_end_token': False, 'trim_silence': False, 'is_tarred': False, 'tarred_audio_filepaths': None, 'shuffle_n': 2048, 'bucketing_strategy': 'synced_randomized', 'bucketing_batch_size': None, 'return_sample_id': False, 'drop_last': False, 'asr_repo': 'whisper', 'shuffle': False, 'manifest_filepath': 'logs/en/ac/train/binary/b7/version_47/data/en/train_subset/test_au.txt'}
2024-06-02 18:51:54,810 - progress - INFO - 	Batch size: 96
2024-06-02 18:51:54,841 - progress - INFO - Creating dataloader for logs/en/ac/train/binary/b7/version_47/data/en/train_subset/test_hk.txt
2024-06-02 18:51:54,847 - progress - INFO - 	Dataloader config: {'sample_rate': 16000, 'batch_size': 96, 'num_workers': 10, 'pin_memory': True, 'use_start_end_token': False, 'trim_silence': False, 'is_tarred': False, 'tarred_audio_filepaths': None, 'shuffle_n': 2048, 'bucketing_strategy': 'synced_randomized', 'bucketing_batch_size': None, 'return_sample_id': False, 'drop_last': False, 'asr_repo': 'whisper', 'shuffle': False, 'manifest_filepath': 'logs/en/ac/train/binary/b7/version_47/data/en/train_subset/test_hk.txt'}
2024-06-02 18:51:54,853 - progress - INFO - 	Batch size: 96
2024-06-02 18:51:54,886 - progress - INFO - Creating dataloader for logs/en/ac/train/binary/b7/version_47/data/en/train_subset/test_ie.txt
2024-06-02 18:51:54,894 - progress - INFO - 	Dataloader config: {'sample_rate': 16000, 'batch_size': 96, 'num_workers': 10, 'pin_memory': True, 'use_start_end_token': False, 'trim_silence': False, 'is_tarred': False, 'tarred_audio_filepaths': None, 'shuffle_n': 2048, 'bucketing_strategy': 'synced_randomized', 'bucketing_batch_size': None, 'return_sample_id': False, 'drop_last': False, 'asr_repo': 'whisper', 'shuffle': False, 'manifest_filepath': 'logs/en/ac/train/binary/b7/version_47/data/en/train_subset/test_ie.txt'}
2024-06-02 18:51:54,899 - progress - INFO - 	Batch size: 96
2024-06-02 18:51:54,943 - progress - INFO - Creating dataloader for logs/en/ac/train/binary/b7/version_47/data/en/train_subset/test_ni.txt
2024-06-02 18:51:54,952 - progress - INFO - 	Dataloader config: {'sample_rate': 16000, 'batch_size': 96, 'num_workers': 10, 'pin_memory': True, 'use_start_end_token': False, 'trim_silence': False, 'is_tarred': False, 'tarred_audio_filepaths': None, 'shuffle_n': 2048, 'bucketing_strategy': 'synced_randomized', 'bucketing_batch_size': None, 'return_sample_id': False, 'drop_last': False, 'asr_repo': 'whisper', 'shuffle': False, 'manifest_filepath': 'logs/en/ac/train/binary/b7/version_47/data/en/train_subset/test_ni.txt'}
2024-06-02 18:51:54,958 - progress - INFO - 	Batch size: 96
2024-06-02 18:51:55,583 - progress - INFO - Creating dataloader for logs/en/ac/train/binary/b7/version_47/data/en/train_subset/test_nz.txt
2024-06-02 18:51:55,592 - progress - INFO - 	Dataloader config: {'sample_rate': 16000, 'batch_size': 96, 'num_workers': 10, 'pin_memory': True, 'use_start_end_token': False, 'trim_silence': False, 'is_tarred': False, 'tarred_audio_filepaths': None, 'shuffle_n': 2048, 'bucketing_strategy': 'synced_randomized', 'bucketing_batch_size': None, 'return_sample_id': False, 'drop_last': False, 'asr_repo': 'whisper', 'shuffle': False, 'manifest_filepath': 'logs/en/ac/train/binary/b7/version_47/data/en/train_subset/test_nz.txt'}
2024-06-02 18:51:55,599 - progress - INFO - 	Batch size: 96
2024-06-02 18:51:55,660 - progress - INFO - Creating dataloader for logs/en/ac/train/binary/b7/version_47/data/en/train_subset/test_ph.txt
2024-06-02 18:51:55,668 - progress - INFO - 	Dataloader config: {'sample_rate': 16000, 'batch_size': 96, 'num_workers': 10, 'pin_memory': True, 'use_start_end_token': False, 'trim_silence': False, 'is_tarred': False, 'tarred_audio_filepaths': None, 'shuffle_n': 2048, 'bucketing_strategy': 'synced_randomized', 'bucketing_batch_size': None, 'return_sample_id': False, 'drop_last': False, 'asr_repo': 'whisper', 'shuffle': False, 'manifest_filepath': 'logs/en/ac/train/binary/b7/version_47/data/en/train_subset/test_ph.txt'}
2024-06-02 18:51:55,675 - progress - INFO - 	Batch size: 96
2024-06-02 18:51:55,695 - progress - INFO - Creating dataloader for logs/en/ac/train/binary/b7/version_47/data/en/train_subset/test_sc.txt
2024-06-02 18:51:55,701 - progress - INFO - 	Dataloader config: {'sample_rate': 16000, 'batch_size': 96, 'num_workers': 10, 'pin_memory': True, 'use_start_end_token': False, 'trim_silence': False, 'is_tarred': False, 'tarred_audio_filepaths': None, 'shuffle_n': 2048, 'bucketing_strategy': 'synced_randomized', 'bucketing_batch_size': None, 'return_sample_id': False, 'drop_last': False, 'asr_repo': 'whisper', 'shuffle': False, 'manifest_filepath': 'logs/en/ac/train/binary/b7/version_47/data/en/train_subset/test_sc.txt'}
2024-06-02 18:51:55,706 - progress - INFO - 	Batch size: 96
2024-06-02 18:51:55,760 - progress - INFO - Creating dataloader for logs/en/ac/train/binary/b7/version_47/data/en/train_subset/test_sg.txt
2024-06-02 18:51:55,768 - progress - INFO - 	Dataloader config: {'sample_rate': 16000, 'batch_size': 96, 'num_workers': 10, 'pin_memory': True, 'use_start_end_token': False, 'trim_silence': False, 'is_tarred': False, 'tarred_audio_filepaths': None, 'shuffle_n': 2048, 'bucketing_strategy': 'synced_randomized', 'bucketing_batch_size': None, 'return_sample_id': False, 'drop_last': False, 'asr_repo': 'whisper', 'shuffle': False, 'manifest_filepath': 'logs/en/ac/train/binary/b7/version_47/data/en/train_subset/test_sg.txt'}
2024-06-02 18:51:55,774 - progress - INFO - 	Batch size: 96
2024-06-02 18:51:55,814 - progress - INFO - Creating dataloader for logs/en/ac/train/binary/b7/version_47/data/en/train_subset/test_za.txt
2024-06-02 18:51:55,821 - progress - INFO - 	Dataloader config: {'sample_rate': 16000, 'batch_size': 96, 'num_workers': 10, 'pin_memory': True, 'use_start_end_token': False, 'trim_silence': False, 'is_tarred': False, 'tarred_audio_filepaths': None, 'shuffle_n': 2048, 'bucketing_strategy': 'synced_randomized', 'bucketing_batch_size': None, 'return_sample_id': False, 'drop_last': False, 'asr_repo': 'whisper', 'shuffle': False, 'manifest_filepath': 'logs/en/ac/train/binary/b7/version_47/data/en/train_subset/test_za.txt'}
2024-06-02 18:51:55,828 - progress - INFO - 	Batch size: 96
