2024-06-11 12:23:27,582 - progress - INFO - Creating dataloader for logs/en/ensemble/train/binary/b7/DAT/version_79/data/en/train_subset/test_us.txt
2024-06-11 12:23:27,617 - progress - INFO - 	Dataloader config: {'sample_rate': 16000, 'batch_size': 8, 'num_workers': 10, 'pin_memory': True, 'use_start_end_token': False, 'trim_silence': False, 'is_tarred': False, 'tarred_audio_filepaths': None, 'shuffle_n': 2048, 'bucketing_strategy': 'synced_randomized', 'bucketing_batch_size': None, 'return_sample_id': False, 'drop_last': False, 'asr_repo': 'whisper', 'shuffle': False, 'manifest_filepath': 'logs/en/ensemble/train/binary/b7/DAT/version_79/data/en/train_subset/test_us.txt'}
2024-06-11 12:23:27,617 - progress - INFO - 	Batch size: 8
2024-06-11 12:23:27,822 - progress - INFO - Creating dataloader for logs/en/ensemble/train/binary/b7/DAT/version_79/data/en/train_subset/test_ca.txt
2024-06-11 12:23:27,823 - progress - INFO - 	Dataloader config: {'sample_rate': 16000, 'batch_size': 8, 'num_workers': 10, 'pin_memory': True, 'use_start_end_token': False, 'trim_silence': False, 'is_tarred': False, 'tarred_audio_filepaths': None, 'shuffle_n': 2048, 'bucketing_strategy': 'synced_randomized', 'bucketing_batch_size': None, 'return_sample_id': False, 'drop_last': False, 'asr_repo': 'whisper', 'shuffle': False, 'manifest_filepath': 'logs/en/ensemble/train/binary/b7/DAT/version_79/data/en/train_subset/test_ca.txt'}
2024-06-11 12:23:27,824 - progress - INFO - 	Batch size: 8
2024-06-11 12:23:27,827 - progress - INFO - Creating dataloader for logs/en/ensemble/train/binary/b7/DAT/version_79/data/en/train_subset/test_uk.txt
2024-06-11 12:23:27,827 - progress - INFO - 	Dataloader config: {'sample_rate': 16000, 'batch_size': 8, 'num_workers': 10, 'pin_memory': True, 'use_start_end_token': False, 'trim_silence': False, 'is_tarred': False, 'tarred_audio_filepaths': None, 'shuffle_n': 2048, 'bucketing_strategy': 'synced_randomized', 'bucketing_batch_size': None, 'return_sample_id': False, 'drop_last': False, 'asr_repo': 'whisper', 'shuffle': False, 'manifest_filepath': 'logs/en/ensemble/train/binary/b7/DAT/version_79/data/en/train_subset/test_uk.txt'}
2024-06-11 12:23:27,828 - progress - INFO - 	Batch size: 8
2024-06-11 12:23:27,831 - progress - INFO - Creating dataloader for logs/en/ensemble/train/binary/b7/DAT/version_79/data/en/train_subset/test_in.txt
2024-06-11 12:23:27,832 - progress - INFO - 	Dataloader config: {'sample_rate': 16000, 'batch_size': 8, 'num_workers': 10, 'pin_memory': True, 'use_start_end_token': False, 'trim_silence': False, 'is_tarred': False, 'tarred_audio_filepaths': None, 'shuffle_n': 2048, 'bucketing_strategy': 'synced_randomized', 'bucketing_batch_size': None, 'return_sample_id': False, 'drop_last': False, 'asr_repo': 'whisper', 'shuffle': False, 'manifest_filepath': 'logs/en/ensemble/train/binary/b7/DAT/version_79/data/en/train_subset/test_in.txt'}
2024-06-11 12:23:27,832 - progress - INFO - 	Batch size: 8
2024-06-11 12:23:27,835 - progress - INFO - Creating dataloader for logs/en/ensemble/train/binary/b7/DAT/version_79/data/en/train_subset/test_de.txt
2024-06-11 12:23:27,836 - progress - INFO - 	Dataloader config: {'sample_rate': 16000, 'batch_size': 8, 'num_workers': 10, 'pin_memory': True, 'use_start_end_token': False, 'trim_silence': False, 'is_tarred': False, 'tarred_audio_filepaths': None, 'shuffle_n': 2048, 'bucketing_strategy': 'synced_randomized', 'bucketing_batch_size': None, 'return_sample_id': False, 'drop_last': False, 'asr_repo': 'whisper', 'shuffle': False, 'manifest_filepath': 'logs/en/ensemble/train/binary/b7/DAT/version_79/data/en/train_subset/test_de.txt'}
2024-06-11 12:23:27,837 - progress - INFO - 	Batch size: 8
2024-06-11 12:23:27,839 - progress - INFO - Creating dataloader for logs/en/ensemble/train/binary/b7/DAT/version_79/data/en/train_subset/test_au.txt
2024-06-11 12:23:27,840 - progress - INFO - 	Dataloader config: {'sample_rate': 16000, 'batch_size': 8, 'num_workers': 10, 'pin_memory': True, 'use_start_end_token': False, 'trim_silence': False, 'is_tarred': False, 'tarred_audio_filepaths': None, 'shuffle_n': 2048, 'bucketing_strategy': 'synced_randomized', 'bucketing_batch_size': None, 'return_sample_id': False, 'drop_last': False, 'asr_repo': 'whisper', 'shuffle': False, 'manifest_filepath': 'logs/en/ensemble/train/binary/b7/DAT/version_79/data/en/train_subset/test_au.txt'}
2024-06-11 12:23:27,841 - progress - INFO - 	Batch size: 8
2024-06-11 12:23:27,843 - progress - INFO - Creating dataloader for logs/en/ensemble/train/binary/b7/DAT/version_79/data/en/train_subset/test_hk.txt
2024-06-11 12:23:27,844 - progress - INFO - 	Dataloader config: {'sample_rate': 16000, 'batch_size': 8, 'num_workers': 10, 'pin_memory': True, 'use_start_end_token': False, 'trim_silence': False, 'is_tarred': False, 'tarred_audio_filepaths': None, 'shuffle_n': 2048, 'bucketing_strategy': 'synced_randomized', 'bucketing_batch_size': None, 'return_sample_id': False, 'drop_last': False, 'asr_repo': 'whisper', 'shuffle': False, 'manifest_filepath': 'logs/en/ensemble/train/binary/b7/DAT/version_79/data/en/train_subset/test_hk.txt'}
2024-06-11 12:23:27,844 - progress - INFO - 	Batch size: 8
2024-06-11 12:23:27,846 - progress - INFO - Creating dataloader for logs/en/ensemble/train/binary/b7/DAT/version_79/data/en/train_subset/test_ie.txt
2024-06-11 12:23:27,847 - progress - INFO - 	Dataloader config: {'sample_rate': 16000, 'batch_size': 8, 'num_workers': 10, 'pin_memory': True, 'use_start_end_token': False, 'trim_silence': False, 'is_tarred': False, 'tarred_audio_filepaths': None, 'shuffle_n': 2048, 'bucketing_strategy': 'synced_randomized', 'bucketing_batch_size': None, 'return_sample_id': False, 'drop_last': False, 'asr_repo': 'whisper', 'shuffle': False, 'manifest_filepath': 'logs/en/ensemble/train/binary/b7/DAT/version_79/data/en/train_subset/test_ie.txt'}
2024-06-11 12:23:27,848 - progress - INFO - 	Batch size: 8
2024-06-11 12:23:27,850 - progress - INFO - Creating dataloader for logs/en/ensemble/train/binary/b7/DAT/version_79/data/en/train_subset/test_ni.txt
2024-06-11 12:23:27,851 - progress - INFO - 	Dataloader config: {'sample_rate': 16000, 'batch_size': 8, 'num_workers': 10, 'pin_memory': True, 'use_start_end_token': False, 'trim_silence': False, 'is_tarred': False, 'tarred_audio_filepaths': None, 'shuffle_n': 2048, 'bucketing_strategy': 'synced_randomized', 'bucketing_batch_size': None, 'return_sample_id': False, 'drop_last': False, 'asr_repo': 'whisper', 'shuffle': False, 'manifest_filepath': 'logs/en/ensemble/train/binary/b7/DAT/version_79/data/en/train_subset/test_ni.txt'}
2024-06-11 12:23:27,851 - progress - INFO - 	Batch size: 8
2024-06-11 12:23:27,854 - progress - INFO - Creating dataloader for logs/en/ensemble/train/binary/b7/DAT/version_79/data/en/train_subset/test_nz.txt
2024-06-11 12:23:27,854 - progress - INFO - 	Dataloader config: {'sample_rate': 16000, 'batch_size': 8, 'num_workers': 10, 'pin_memory': True, 'use_start_end_token': False, 'trim_silence': False, 'is_tarred': False, 'tarred_audio_filepaths': None, 'shuffle_n': 2048, 'bucketing_strategy': 'synced_randomized', 'bucketing_batch_size': None, 'return_sample_id': False, 'drop_last': False, 'asr_repo': 'whisper', 'shuffle': False, 'manifest_filepath': 'logs/en/ensemble/train/binary/b7/DAT/version_79/data/en/train_subset/test_nz.txt'}
2024-06-11 12:23:27,855 - progress - INFO - 	Batch size: 8
2024-06-11 12:23:27,858 - progress - INFO - Creating dataloader for logs/en/ensemble/train/binary/b7/DAT/version_79/data/en/train_subset/test_ph.txt
2024-06-11 12:23:27,858 - progress - INFO - 	Dataloader config: {'sample_rate': 16000, 'batch_size': 8, 'num_workers': 10, 'pin_memory': True, 'use_start_end_token': False, 'trim_silence': False, 'is_tarred': False, 'tarred_audio_filepaths': None, 'shuffle_n': 2048, 'bucketing_strategy': 'synced_randomized', 'bucketing_batch_size': None, 'return_sample_id': False, 'drop_last': False, 'asr_repo': 'whisper', 'shuffle': False, 'manifest_filepath': 'logs/en/ensemble/train/binary/b7/DAT/version_79/data/en/train_subset/test_ph.txt'}
2024-06-11 12:23:27,859 - progress - INFO - 	Batch size: 8
2024-06-11 12:23:27,861 - progress - INFO - Creating dataloader for logs/en/ensemble/train/binary/b7/DAT/version_79/data/en/train_subset/test_sc.txt
2024-06-11 12:23:27,861 - progress - INFO - 	Dataloader config: {'sample_rate': 16000, 'batch_size': 8, 'num_workers': 10, 'pin_memory': True, 'use_start_end_token': False, 'trim_silence': False, 'is_tarred': False, 'tarred_audio_filepaths': None, 'shuffle_n': 2048, 'bucketing_strategy': 'synced_randomized', 'bucketing_batch_size': None, 'return_sample_id': False, 'drop_last': False, 'asr_repo': 'whisper', 'shuffle': False, 'manifest_filepath': 'logs/en/ensemble/train/binary/b7/DAT/version_79/data/en/train_subset/test_sc.txt'}
2024-06-11 12:23:27,862 - progress - INFO - 	Batch size: 8
2024-06-11 12:23:27,865 - progress - INFO - Creating dataloader for logs/en/ensemble/train/binary/b7/DAT/version_79/data/en/train_subset/test_sg.txt
2024-06-11 12:23:27,865 - progress - INFO - 	Dataloader config: {'sample_rate': 16000, 'batch_size': 8, 'num_workers': 10, 'pin_memory': True, 'use_start_end_token': False, 'trim_silence': False, 'is_tarred': False, 'tarred_audio_filepaths': None, 'shuffle_n': 2048, 'bucketing_strategy': 'synced_randomized', 'bucketing_batch_size': None, 'return_sample_id': False, 'drop_last': False, 'asr_repo': 'whisper', 'shuffle': False, 'manifest_filepath': 'logs/en/ensemble/train/binary/b7/DAT/version_79/data/en/train_subset/test_sg.txt'}
2024-06-11 12:23:27,866 - progress - INFO - 	Batch size: 8
2024-06-11 12:23:27,868 - progress - INFO - Creating dataloader for logs/en/ensemble/train/binary/b7/DAT/version_79/data/en/train_subset/test_za.txt
2024-06-11 12:23:27,869 - progress - INFO - 	Dataloader config: {'sample_rate': 16000, 'batch_size': 8, 'num_workers': 10, 'pin_memory': True, 'use_start_end_token': False, 'trim_silence': False, 'is_tarred': False, 'tarred_audio_filepaths': None, 'shuffle_n': 2048, 'bucketing_strategy': 'synced_randomized', 'bucketing_batch_size': None, 'return_sample_id': False, 'drop_last': False, 'asr_repo': 'whisper', 'shuffle': False, 'manifest_filepath': 'logs/en/ensemble/train/binary/b7/DAT/version_79/data/en/train_subset/test_za.txt'}
2024-06-11 12:23:27,869 - progress - INFO - 	Batch size: 8
2024-06-11 12:32:11,844 - progress - INFO - Configuring optimizers
2024-06-11 12:32:11,876 - progress - INFO - Creating dataloader for ['logs/en/ensemble/train/binary/b7/DAT/version_79/data/en/train_subset/train_us.txt']
2024-06-11 12:32:11,877 - progress - INFO - 	Dataloader config: {'sample_rate': 16000, 'batch_size': 8, 'num_workers': 10, 'pin_memory': True, 'use_start_end_token': False, 'trim_silence': False, 'is_tarred': False, 'tarred_audio_filepaths': None, 'shuffle_n': 2048, 'bucketing_strategy': 'synced_randomized', 'bucketing_batch_size': None, 'return_sample_id': False, 'drop_last': False, 'asr_repo': 'whisper', 'shuffle': True, 'manifest_filepath': ['logs/en/ensemble/train/binary/b7/DAT/version_79/data/en/train_subset/train_us.txt']}
2024-06-11 12:32:11,878 - progress - INFO - 	Batch size: 8
2024-06-11 12:32:11,922 - progress - INFO - Creating dataloader for ['logs/en/ensemble/train/binary/b7/DAT/version_79/data/en/train_subset/train_ca.txt', 'logs/en/ensemble/train/binary/b7/DAT/version_79/data/en/train_subset/train_uk.txt', 'logs/en/ensemble/train/binary/b7/DAT/version_79/data/en/train_subset/train_in.txt', 'logs/en/ensemble/train/binary/b7/DAT/version_79/data/en/train_subset/train_de.txt', 'logs/en/ensemble/train/binary/b7/DAT/version_79/data/en/train_subset/train_au.txt']
2024-06-11 12:32:11,923 - progress - INFO - 	Dataloader config: {'sample_rate': 16000, 'batch_size': 8, 'num_workers': 10, 'pin_memory': True, 'use_start_end_token': False, 'trim_silence': False, 'is_tarred': False, 'tarred_audio_filepaths': None, 'shuffle_n': 2048, 'bucketing_strategy': 'synced_randomized', 'bucketing_batch_size': None, 'return_sample_id': False, 'drop_last': False, 'asr_repo': 'whisper', 'shuffle': True, 'manifest_filepath': ['logs/en/ensemble/train/binary/b7/DAT/version_79/data/en/train_subset/train_ca.txt', 'logs/en/ensemble/train/binary/b7/DAT/version_79/data/en/train_subset/train_uk.txt', 'logs/en/ensemble/train/binary/b7/DAT/version_79/data/en/train_subset/train_in.txt', 'logs/en/ensemble/train/binary/b7/DAT/version_79/data/en/train_subset/train_de.txt', 'logs/en/ensemble/train/binary/b7/DAT/version_79/data/en/train_subset/train_au.txt']}
2024-06-11 12:32:11,924 - progress - INFO - 	Batch size: 8
2024-06-11 12:32:12,022 - progress - INFO - Scheduler max. steps: 960
2024-06-11 12:32:12,033 - progress - INFO - Creating dataloader for ['logs/en/ensemble/train/binary/b7/DAT/version_79/data/en/train_subset/train_us.txt']
2024-06-11 12:32:12,033 - progress - INFO - 	Dataloader config: {'sample_rate': 16000, 'batch_size': 8, 'num_workers': 10, 'pin_memory': True, 'use_start_end_token': False, 'trim_silence': False, 'is_tarred': False, 'tarred_audio_filepaths': None, 'shuffle_n': 2048, 'bucketing_strategy': 'synced_randomized', 'bucketing_batch_size': None, 'return_sample_id': False, 'drop_last': False, 'asr_repo': 'whisper', 'shuffle': True, 'manifest_filepath': ['logs/en/ensemble/train/binary/b7/DAT/version_79/data/en/train_subset/train_us.txt']}
2024-06-11 12:32:12,034 - progress - INFO - 	Batch size: 8
2024-06-11 12:32:12,052 - progress - INFO - Creating dataloader for ['logs/en/ensemble/train/binary/b7/DAT/version_79/data/en/train_subset/train_ca.txt', 'logs/en/ensemble/train/binary/b7/DAT/version_79/data/en/train_subset/train_uk.txt', 'logs/en/ensemble/train/binary/b7/DAT/version_79/data/en/train_subset/train_in.txt', 'logs/en/ensemble/train/binary/b7/DAT/version_79/data/en/train_subset/train_de.txt', 'logs/en/ensemble/train/binary/b7/DAT/version_79/data/en/train_subset/train_au.txt']
2024-06-11 12:32:12,052 - progress - INFO - 	Dataloader config: {'sample_rate': 16000, 'batch_size': 8, 'num_workers': 10, 'pin_memory': True, 'use_start_end_token': False, 'trim_silence': False, 'is_tarred': False, 'tarred_audio_filepaths': None, 'shuffle_n': 2048, 'bucketing_strategy': 'synced_randomized', 'bucketing_batch_size': None, 'return_sample_id': False, 'drop_last': False, 'asr_repo': 'whisper', 'shuffle': True, 'manifest_filepath': ['logs/en/ensemble/train/binary/b7/DAT/version_79/data/en/train_subset/train_ca.txt', 'logs/en/ensemble/train/binary/b7/DAT/version_79/data/en/train_subset/train_uk.txt', 'logs/en/ensemble/train/binary/b7/DAT/version_79/data/en/train_subset/train_in.txt', 'logs/en/ensemble/train/binary/b7/DAT/version_79/data/en/train_subset/train_de.txt', 'logs/en/ensemble/train/binary/b7/DAT/version_79/data/en/train_subset/train_au.txt']}
2024-06-11 12:32:12,053 - progress - INFO - 	Batch size: 8
2024-06-11 12:32:12,076 - progress - INFO - Creating dataloader for logs/en/ensemble/train/binary/b7/DAT/version_79/data/en/train_subset/test_us.txt
2024-06-11 12:32:12,077 - progress - INFO - 	Dataloader config: {'sample_rate': 16000, 'batch_size': 8, 'num_workers': 10, 'pin_memory': True, 'use_start_end_token': False, 'trim_silence': False, 'is_tarred': False, 'tarred_audio_filepaths': None, 'shuffle_n': 2048, 'bucketing_strategy': 'synced_randomized', 'bucketing_batch_size': None, 'return_sample_id': False, 'drop_last': False, 'asr_repo': 'whisper', 'shuffle': False, 'manifest_filepath': 'logs/en/ensemble/train/binary/b7/DAT/version_79/data/en/train_subset/test_us.txt'}
2024-06-11 12:32:12,077 - progress - INFO - 	Batch size: 8
2024-06-11 12:32:12,084 - progress - INFO - Creating dataloader for logs/en/ensemble/train/binary/b7/DAT/version_79/data/en/train_subset/test_ca.txt
2024-06-11 12:32:12,084 - progress - INFO - 	Dataloader config: {'sample_rate': 16000, 'batch_size': 8, 'num_workers': 10, 'pin_memory': True, 'use_start_end_token': False, 'trim_silence': False, 'is_tarred': False, 'tarred_audio_filepaths': None, 'shuffle_n': 2048, 'bucketing_strategy': 'synced_randomized', 'bucketing_batch_size': None, 'return_sample_id': False, 'drop_last': False, 'asr_repo': 'whisper', 'shuffle': False, 'manifest_filepath': 'logs/en/ensemble/train/binary/b7/DAT/version_79/data/en/train_subset/test_ca.txt'}
2024-06-11 12:32:12,085 - progress - INFO - 	Batch size: 8
2024-06-11 12:32:12,088 - progress - INFO - Creating dataloader for logs/en/ensemble/train/binary/b7/DAT/version_79/data/en/train_subset/test_uk.txt
2024-06-11 12:32:12,088 - progress - INFO - 	Dataloader config: {'sample_rate': 16000, 'batch_size': 8, 'num_workers': 10, 'pin_memory': True, 'use_start_end_token': False, 'trim_silence': False, 'is_tarred': False, 'tarred_audio_filepaths': None, 'shuffle_n': 2048, 'bucketing_strategy': 'synced_randomized', 'bucketing_batch_size': None, 'return_sample_id': False, 'drop_last': False, 'asr_repo': 'whisper', 'shuffle': False, 'manifest_filepath': 'logs/en/ensemble/train/binary/b7/DAT/version_79/data/en/train_subset/test_uk.txt'}
2024-06-11 12:32:12,089 - progress - INFO - 	Batch size: 8
2024-06-11 12:32:12,093 - progress - INFO - Creating dataloader for logs/en/ensemble/train/binary/b7/DAT/version_79/data/en/train_subset/test_in.txt
2024-06-11 12:32:12,093 - progress - INFO - 	Dataloader config: {'sample_rate': 16000, 'batch_size': 8, 'num_workers': 10, 'pin_memory': True, 'use_start_end_token': False, 'trim_silence': False, 'is_tarred': False, 'tarred_audio_filepaths': None, 'shuffle_n': 2048, 'bucketing_strategy': 'synced_randomized', 'bucketing_batch_size': None, 'return_sample_id': False, 'drop_last': False, 'asr_repo': 'whisper', 'shuffle': False, 'manifest_filepath': 'logs/en/ensemble/train/binary/b7/DAT/version_79/data/en/train_subset/test_in.txt'}
2024-06-11 12:32:12,094 - progress - INFO - 	Batch size: 8
2024-06-11 12:32:12,097 - progress - INFO - Creating dataloader for logs/en/ensemble/train/binary/b7/DAT/version_79/data/en/train_subset/test_de.txt
2024-06-11 12:32:12,098 - progress - INFO - 	Dataloader config: {'sample_rate': 16000, 'batch_size': 8, 'num_workers': 10, 'pin_memory': True, 'use_start_end_token': False, 'trim_silence': False, 'is_tarred': False, 'tarred_audio_filepaths': None, 'shuffle_n': 2048, 'bucketing_strategy': 'synced_randomized', 'bucketing_batch_size': None, 'return_sample_id': False, 'drop_last': False, 'asr_repo': 'whisper', 'shuffle': False, 'manifest_filepath': 'logs/en/ensemble/train/binary/b7/DAT/version_79/data/en/train_subset/test_de.txt'}
2024-06-11 12:32:12,098 - progress - INFO - 	Batch size: 8
2024-06-11 12:32:12,101 - progress - INFO - Creating dataloader for logs/en/ensemble/train/binary/b7/DAT/version_79/data/en/train_subset/test_au.txt
2024-06-11 12:32:12,102 - progress - INFO - 	Dataloader config: {'sample_rate': 16000, 'batch_size': 8, 'num_workers': 10, 'pin_memory': True, 'use_start_end_token': False, 'trim_silence': False, 'is_tarred': False, 'tarred_audio_filepaths': None, 'shuffle_n': 2048, 'bucketing_strategy': 'synced_randomized', 'bucketing_batch_size': None, 'return_sample_id': False, 'drop_last': False, 'asr_repo': 'whisper', 'shuffle': False, 'manifest_filepath': 'logs/en/ensemble/train/binary/b7/DAT/version_79/data/en/train_subset/test_au.txt'}
2024-06-11 12:32:12,103 - progress - INFO - 	Batch size: 8
2024-06-11 12:32:12,105 - progress - INFO - Creating dataloader for logs/en/ensemble/train/binary/b7/DAT/version_79/data/en/train_subset/test_hk.txt
2024-06-11 12:32:12,106 - progress - INFO - 	Dataloader config: {'sample_rate': 16000, 'batch_size': 8, 'num_workers': 10, 'pin_memory': True, 'use_start_end_token': False, 'trim_silence': False, 'is_tarred': False, 'tarred_audio_filepaths': None, 'shuffle_n': 2048, 'bucketing_strategy': 'synced_randomized', 'bucketing_batch_size': None, 'return_sample_id': False, 'drop_last': False, 'asr_repo': 'whisper', 'shuffle': False, 'manifest_filepath': 'logs/en/ensemble/train/binary/b7/DAT/version_79/data/en/train_subset/test_hk.txt'}
2024-06-11 12:32:12,107 - progress - INFO - 	Batch size: 8
2024-06-11 12:32:12,109 - progress - INFO - Creating dataloader for logs/en/ensemble/train/binary/b7/DAT/version_79/data/en/train_subset/test_ie.txt
2024-06-11 12:32:12,109 - progress - INFO - 	Dataloader config: {'sample_rate': 16000, 'batch_size': 8, 'num_workers': 10, 'pin_memory': True, 'use_start_end_token': False, 'trim_silence': False, 'is_tarred': False, 'tarred_audio_filepaths': None, 'shuffle_n': 2048, 'bucketing_strategy': 'synced_randomized', 'bucketing_batch_size': None, 'return_sample_id': False, 'drop_last': False, 'asr_repo': 'whisper', 'shuffle': False, 'manifest_filepath': 'logs/en/ensemble/train/binary/b7/DAT/version_79/data/en/train_subset/test_ie.txt'}
2024-06-11 12:32:12,110 - progress - INFO - 	Batch size: 8
2024-06-11 12:32:12,112 - progress - INFO - Creating dataloader for logs/en/ensemble/train/binary/b7/DAT/version_79/data/en/train_subset/test_ni.txt
2024-06-11 12:32:12,113 - progress - INFO - 	Dataloader config: {'sample_rate': 16000, 'batch_size': 8, 'num_workers': 10, 'pin_memory': True, 'use_start_end_token': False, 'trim_silence': False, 'is_tarred': False, 'tarred_audio_filepaths': None, 'shuffle_n': 2048, 'bucketing_strategy': 'synced_randomized', 'bucketing_batch_size': None, 'return_sample_id': False, 'drop_last': False, 'asr_repo': 'whisper', 'shuffle': False, 'manifest_filepath': 'logs/en/ensemble/train/binary/b7/DAT/version_79/data/en/train_subset/test_ni.txt'}
2024-06-11 12:32:12,114 - progress - INFO - 	Batch size: 8
2024-06-11 12:32:12,117 - progress - INFO - Creating dataloader for logs/en/ensemble/train/binary/b7/DAT/version_79/data/en/train_subset/test_nz.txt
2024-06-11 12:32:12,120 - progress - INFO - 	Dataloader config: {'sample_rate': 16000, 'batch_size': 8, 'num_workers': 10, 'pin_memory': True, 'use_start_end_token': False, 'trim_silence': False, 'is_tarred': False, 'tarred_audio_filepaths': None, 'shuffle_n': 2048, 'bucketing_strategy': 'synced_randomized', 'bucketing_batch_size': None, 'return_sample_id': False, 'drop_last': False, 'asr_repo': 'whisper', 'shuffle': False, 'manifest_filepath': 'logs/en/ensemble/train/binary/b7/DAT/version_79/data/en/train_subset/test_nz.txt'}
2024-06-11 12:32:12,121 - progress - INFO - 	Batch size: 8
2024-06-11 12:32:12,124 - progress - INFO - Creating dataloader for logs/en/ensemble/train/binary/b7/DAT/version_79/data/en/train_subset/test_ph.txt
2024-06-11 12:32:12,125 - progress - INFO - 	Dataloader config: {'sample_rate': 16000, 'batch_size': 8, 'num_workers': 10, 'pin_memory': True, 'use_start_end_token': False, 'trim_silence': False, 'is_tarred': False, 'tarred_audio_filepaths': None, 'shuffle_n': 2048, 'bucketing_strategy': 'synced_randomized', 'bucketing_batch_size': None, 'return_sample_id': False, 'drop_last': False, 'asr_repo': 'whisper', 'shuffle': False, 'manifest_filepath': 'logs/en/ensemble/train/binary/b7/DAT/version_79/data/en/train_subset/test_ph.txt'}
2024-06-11 12:32:12,125 - progress - INFO - 	Batch size: 8
2024-06-11 12:32:12,127 - progress - INFO - Creating dataloader for logs/en/ensemble/train/binary/b7/DAT/version_79/data/en/train_subset/test_sc.txt
2024-06-11 12:32:12,128 - progress - INFO - 	Dataloader config: {'sample_rate': 16000, 'batch_size': 8, 'num_workers': 10, 'pin_memory': True, 'use_start_end_token': False, 'trim_silence': False, 'is_tarred': False, 'tarred_audio_filepaths': None, 'shuffle_n': 2048, 'bucketing_strategy': 'synced_randomized', 'bucketing_batch_size': None, 'return_sample_id': False, 'drop_last': False, 'asr_repo': 'whisper', 'shuffle': False, 'manifest_filepath': 'logs/en/ensemble/train/binary/b7/DAT/version_79/data/en/train_subset/test_sc.txt'}
2024-06-11 12:32:12,129 - progress - INFO - 	Batch size: 8
2024-06-11 12:32:12,132 - progress - INFO - Creating dataloader for logs/en/ensemble/train/binary/b7/DAT/version_79/data/en/train_subset/test_sg.txt
2024-06-11 12:32:12,132 - progress - INFO - 	Dataloader config: {'sample_rate': 16000, 'batch_size': 8, 'num_workers': 10, 'pin_memory': True, 'use_start_end_token': False, 'trim_silence': False, 'is_tarred': False, 'tarred_audio_filepaths': None, 'shuffle_n': 2048, 'bucketing_strategy': 'synced_randomized', 'bucketing_batch_size': None, 'return_sample_id': False, 'drop_last': False, 'asr_repo': 'whisper', 'shuffle': False, 'manifest_filepath': 'logs/en/ensemble/train/binary/b7/DAT/version_79/data/en/train_subset/test_sg.txt'}
2024-06-11 12:32:12,133 - progress - INFO - 	Batch size: 8
2024-06-11 12:32:12,135 - progress - INFO - Creating dataloader for logs/en/ensemble/train/binary/b7/DAT/version_79/data/en/train_subset/test_za.txt
2024-06-11 12:32:12,135 - progress - INFO - 	Dataloader config: {'sample_rate': 16000, 'batch_size': 8, 'num_workers': 10, 'pin_memory': True, 'use_start_end_token': False, 'trim_silence': False, 'is_tarred': False, 'tarred_audio_filepaths': None, 'shuffle_n': 2048, 'bucketing_strategy': 'synced_randomized', 'bucketing_batch_size': None, 'return_sample_id': False, 'drop_last': False, 'asr_repo': 'whisper', 'shuffle': False, 'manifest_filepath': 'logs/en/ensemble/train/binary/b7/DAT/version_79/data/en/train_subset/test_za.txt'}
2024-06-11 12:32:12,136 - progress - INFO - 	Batch size: 8
