2024-06-03 13:53:59,265 - progress - INFO - Creating dataloader for logs/en/ensemble/train/binary/b7/DAT/version_64/data/en/train_subset/test_us.txt
2024-06-03 13:53:59,266 - progress - INFO - 	Dataloader config: {'sample_rate': 16000, 'batch_size': 8, 'num_workers': 10, 'pin_memory': True, 'use_start_end_token': False, 'trim_silence': False, 'is_tarred': False, 'tarred_audio_filepaths': None, 'shuffle_n': 2048, 'bucketing_strategy': 'synced_randomized', 'bucketing_batch_size': None, 'return_sample_id': False, 'drop_last': False, 'asr_repo': 'whisper', 'shuffle': False, 'manifest_filepath': 'logs/en/ensemble/train/binary/b7/DAT/version_64/data/en/train_subset/test_us.txt'}
2024-06-03 13:53:59,267 - progress - INFO - 	Batch size: 8
2024-06-03 13:53:59,601 - progress - INFO - Creating dataloader for logs/en/ensemble/train/binary/b7/DAT/version_64/data/en/train_subset/test_ca.txt
2024-06-03 13:53:59,602 - progress - INFO - 	Dataloader config: {'sample_rate': 16000, 'batch_size': 8, 'num_workers': 10, 'pin_memory': True, 'use_start_end_token': False, 'trim_silence': False, 'is_tarred': False, 'tarred_audio_filepaths': None, 'shuffle_n': 2048, 'bucketing_strategy': 'synced_randomized', 'bucketing_batch_size': None, 'return_sample_id': False, 'drop_last': False, 'asr_repo': 'whisper', 'shuffle': False, 'manifest_filepath': 'logs/en/ensemble/train/binary/b7/DAT/version_64/data/en/train_subset/test_ca.txt'}
2024-06-03 13:53:59,603 - progress - INFO - 	Batch size: 8
2024-06-03 13:54:00,008 - progress - INFO - Creating dataloader for logs/en/ensemble/train/binary/b7/DAT/version_64/data/en/train_subset/test_uk.txt
2024-06-03 13:54:00,009 - progress - INFO - 	Dataloader config: {'sample_rate': 16000, 'batch_size': 8, 'num_workers': 10, 'pin_memory': True, 'use_start_end_token': False, 'trim_silence': False, 'is_tarred': False, 'tarred_audio_filepaths': None, 'shuffle_n': 2048, 'bucketing_strategy': 'synced_randomized', 'bucketing_batch_size': None, 'return_sample_id': False, 'drop_last': False, 'asr_repo': 'whisper', 'shuffle': False, 'manifest_filepath': 'logs/en/ensemble/train/binary/b7/DAT/version_64/data/en/train_subset/test_uk.txt'}
2024-06-03 13:54:00,010 - progress - INFO - 	Batch size: 8
2024-06-03 13:54:00,034 - progress - INFO - Creating dataloader for logs/en/ensemble/train/binary/b7/DAT/version_64/data/en/train_subset/test_in.txt
2024-06-03 13:54:00,035 - progress - INFO - 	Dataloader config: {'sample_rate': 16000, 'batch_size': 8, 'num_workers': 10, 'pin_memory': True, 'use_start_end_token': False, 'trim_silence': False, 'is_tarred': False, 'tarred_audio_filepaths': None, 'shuffle_n': 2048, 'bucketing_strategy': 'synced_randomized', 'bucketing_batch_size': None, 'return_sample_id': False, 'drop_last': False, 'asr_repo': 'whisper', 'shuffle': False, 'manifest_filepath': 'logs/en/ensemble/train/binary/b7/DAT/version_64/data/en/train_subset/test_in.txt'}
2024-06-03 13:54:00,036 - progress - INFO - 	Batch size: 8
2024-06-03 13:54:00,056 - progress - INFO - Creating dataloader for logs/en/ensemble/train/binary/b7/DAT/version_64/data/en/train_subset/test_de.txt
2024-06-03 13:54:00,057 - progress - INFO - 	Dataloader config: {'sample_rate': 16000, 'batch_size': 8, 'num_workers': 10, 'pin_memory': True, 'use_start_end_token': False, 'trim_silence': False, 'is_tarred': False, 'tarred_audio_filepaths': None, 'shuffle_n': 2048, 'bucketing_strategy': 'synced_randomized', 'bucketing_batch_size': None, 'return_sample_id': False, 'drop_last': False, 'asr_repo': 'whisper', 'shuffle': False, 'manifest_filepath': 'logs/en/ensemble/train/binary/b7/DAT/version_64/data/en/train_subset/test_de.txt'}
2024-06-03 13:54:00,058 - progress - INFO - 	Batch size: 8
2024-06-03 13:54:00,081 - progress - INFO - Creating dataloader for logs/en/ensemble/train/binary/b7/DAT/version_64/data/en/train_subset/test_au.txt
2024-06-03 13:54:00,082 - progress - INFO - 	Dataloader config: {'sample_rate': 16000, 'batch_size': 8, 'num_workers': 10, 'pin_memory': True, 'use_start_end_token': False, 'trim_silence': False, 'is_tarred': False, 'tarred_audio_filepaths': None, 'shuffle_n': 2048, 'bucketing_strategy': 'synced_randomized', 'bucketing_batch_size': None, 'return_sample_id': False, 'drop_last': False, 'asr_repo': 'whisper', 'shuffle': False, 'manifest_filepath': 'logs/en/ensemble/train/binary/b7/DAT/version_64/data/en/train_subset/test_au.txt'}
2024-06-03 13:54:00,083 - progress - INFO - 	Batch size: 8
2024-06-03 13:54:00,118 - progress - INFO - Creating dataloader for logs/en/ensemble/train/binary/b7/DAT/version_64/data/en/train_subset/test_hk.txt
2024-06-03 13:54:00,120 - progress - INFO - 	Dataloader config: {'sample_rate': 16000, 'batch_size': 8, 'num_workers': 10, 'pin_memory': True, 'use_start_end_token': False, 'trim_silence': False, 'is_tarred': False, 'tarred_audio_filepaths': None, 'shuffle_n': 2048, 'bucketing_strategy': 'synced_randomized', 'bucketing_batch_size': None, 'return_sample_id': False, 'drop_last': False, 'asr_repo': 'whisper', 'shuffle': False, 'manifest_filepath': 'logs/en/ensemble/train/binary/b7/DAT/version_64/data/en/train_subset/test_hk.txt'}
2024-06-03 13:54:00,121 - progress - INFO - 	Batch size: 8
2024-06-03 13:54:00,137 - progress - INFO - Creating dataloader for logs/en/ensemble/train/binary/b7/DAT/version_64/data/en/train_subset/test_ie.txt
2024-06-03 13:54:00,138 - progress - INFO - 	Dataloader config: {'sample_rate': 16000, 'batch_size': 8, 'num_workers': 10, 'pin_memory': True, 'use_start_end_token': False, 'trim_silence': False, 'is_tarred': False, 'tarred_audio_filepaths': None, 'shuffle_n': 2048, 'bucketing_strategy': 'synced_randomized', 'bucketing_batch_size': None, 'return_sample_id': False, 'drop_last': False, 'asr_repo': 'whisper', 'shuffle': False, 'manifest_filepath': 'logs/en/ensemble/train/binary/b7/DAT/version_64/data/en/train_subset/test_ie.txt'}
2024-06-03 13:54:00,138 - progress - INFO - 	Batch size: 8
2024-06-03 13:54:00,152 - progress - INFO - Creating dataloader for logs/en/ensemble/train/binary/b7/DAT/version_64/data/en/train_subset/test_ni.txt
2024-06-03 13:54:00,153 - progress - INFO - 	Dataloader config: {'sample_rate': 16000, 'batch_size': 8, 'num_workers': 10, 'pin_memory': True, 'use_start_end_token': False, 'trim_silence': False, 'is_tarred': False, 'tarred_audio_filepaths': None, 'shuffle_n': 2048, 'bucketing_strategy': 'synced_randomized', 'bucketing_batch_size': None, 'return_sample_id': False, 'drop_last': False, 'asr_repo': 'whisper', 'shuffle': False, 'manifest_filepath': 'logs/en/ensemble/train/binary/b7/DAT/version_64/data/en/train_subset/test_ni.txt'}
2024-06-03 13:54:00,154 - progress - INFO - 	Batch size: 8
2024-06-03 13:54:00,183 - progress - INFO - Creating dataloader for logs/en/ensemble/train/binary/b7/DAT/version_64/data/en/train_subset/test_nz.txt
2024-06-03 13:54:00,184 - progress - INFO - 	Dataloader config: {'sample_rate': 16000, 'batch_size': 8, 'num_workers': 10, 'pin_memory': True, 'use_start_end_token': False, 'trim_silence': False, 'is_tarred': False, 'tarred_audio_filepaths': None, 'shuffle_n': 2048, 'bucketing_strategy': 'synced_randomized', 'bucketing_batch_size': None, 'return_sample_id': False, 'drop_last': False, 'asr_repo': 'whisper', 'shuffle': False, 'manifest_filepath': 'logs/en/ensemble/train/binary/b7/DAT/version_64/data/en/train_subset/test_nz.txt'}
2024-06-03 13:54:00,185 - progress - INFO - 	Batch size: 8
2024-06-03 13:54:00,190 - progress - INFO - Creating dataloader for logs/en/ensemble/train/binary/b7/DAT/version_64/data/en/train_subset/test_ph.txt
2024-06-03 13:54:00,191 - progress - INFO - 	Dataloader config: {'sample_rate': 16000, 'batch_size': 8, 'num_workers': 10, 'pin_memory': True, 'use_start_end_token': False, 'trim_silence': False, 'is_tarred': False, 'tarred_audio_filepaths': None, 'shuffle_n': 2048, 'bucketing_strategy': 'synced_randomized', 'bucketing_batch_size': None, 'return_sample_id': False, 'drop_last': False, 'asr_repo': 'whisper', 'shuffle': False, 'manifest_filepath': 'logs/en/ensemble/train/binary/b7/DAT/version_64/data/en/train_subset/test_ph.txt'}
2024-06-03 13:54:00,192 - progress - INFO - 	Batch size: 8
2024-06-03 13:54:00,209 - progress - INFO - Creating dataloader for logs/en/ensemble/train/binary/b7/DAT/version_64/data/en/train_subset/test_sc.txt
2024-06-03 13:54:00,210 - progress - INFO - 	Dataloader config: {'sample_rate': 16000, 'batch_size': 8, 'num_workers': 10, 'pin_memory': True, 'use_start_end_token': False, 'trim_silence': False, 'is_tarred': False, 'tarred_audio_filepaths': None, 'shuffle_n': 2048, 'bucketing_strategy': 'synced_randomized', 'bucketing_batch_size': None, 'return_sample_id': False, 'drop_last': False, 'asr_repo': 'whisper', 'shuffle': False, 'manifest_filepath': 'logs/en/ensemble/train/binary/b7/DAT/version_64/data/en/train_subset/test_sc.txt'}
2024-06-03 13:54:00,211 - progress - INFO - 	Batch size: 8
2024-06-03 13:54:00,231 - progress - INFO - Creating dataloader for logs/en/ensemble/train/binary/b7/DAT/version_64/data/en/train_subset/test_sg.txt
2024-06-03 13:54:00,232 - progress - INFO - 	Dataloader config: {'sample_rate': 16000, 'batch_size': 8, 'num_workers': 10, 'pin_memory': True, 'use_start_end_token': False, 'trim_silence': False, 'is_tarred': False, 'tarred_audio_filepaths': None, 'shuffle_n': 2048, 'bucketing_strategy': 'synced_randomized', 'bucketing_batch_size': None, 'return_sample_id': False, 'drop_last': False, 'asr_repo': 'whisper', 'shuffle': False, 'manifest_filepath': 'logs/en/ensemble/train/binary/b7/DAT/version_64/data/en/train_subset/test_sg.txt'}
2024-06-03 13:54:00,233 - progress - INFO - 	Batch size: 8
2024-06-03 13:54:00,254 - progress - INFO - Creating dataloader for logs/en/ensemble/train/binary/b7/DAT/version_64/data/en/train_subset/test_za.txt
2024-06-03 13:54:00,255 - progress - INFO - 	Dataloader config: {'sample_rate': 16000, 'batch_size': 8, 'num_workers': 10, 'pin_memory': True, 'use_start_end_token': False, 'trim_silence': False, 'is_tarred': False, 'tarred_audio_filepaths': None, 'shuffle_n': 2048, 'bucketing_strategy': 'synced_randomized', 'bucketing_batch_size': None, 'return_sample_id': False, 'drop_last': False, 'asr_repo': 'whisper', 'shuffle': False, 'manifest_filepath': 'logs/en/ensemble/train/binary/b7/DAT/version_64/data/en/train_subset/test_za.txt'}
2024-06-03 13:54:00,256 - progress - INFO - 	Batch size: 8
2024-06-03 14:05:26,977 - progress - INFO - Configuring optimizers
2024-06-03 14:05:26,999 - progress - INFO - Creating dataloader for ['logs/en/ensemble/train/binary/b7/DAT/version_64/data/en/train_subset/train_us.txt']
2024-06-03 14:05:27,000 - progress - INFO - 	Dataloader config: {'sample_rate': 16000, 'batch_size': 8, 'num_workers': 10, 'pin_memory': True, 'use_start_end_token': False, 'trim_silence': False, 'is_tarred': False, 'tarred_audio_filepaths': None, 'shuffle_n': 2048, 'bucketing_strategy': 'synced_randomized', 'bucketing_batch_size': None, 'return_sample_id': False, 'drop_last': False, 'asr_repo': 'whisper', 'shuffle': True, 'manifest_filepath': ['logs/en/ensemble/train/binary/b7/DAT/version_64/data/en/train_subset/train_us.txt']}
2024-06-03 14:05:27,000 - progress - INFO - 	Batch size: 8
2024-06-03 14:05:27,126 - progress - INFO - Creating dataloader for ['logs/en/ensemble/train/binary/b7/DAT/version_64/data/en/train_subset/train_ca.txt', 'logs/en/ensemble/train/binary/b7/DAT/version_64/data/en/train_subset/train_uk.txt', 'logs/en/ensemble/train/binary/b7/DAT/version_64/data/en/train_subset/train_in.txt', 'logs/en/ensemble/train/binary/b7/DAT/version_64/data/en/train_subset/train_de.txt', 'logs/en/ensemble/train/binary/b7/DAT/version_64/data/en/train_subset/train_au.txt']
2024-06-03 14:05:27,127 - progress - INFO - 	Dataloader config: {'sample_rate': 16000, 'batch_size': 8, 'num_workers': 10, 'pin_memory': True, 'use_start_end_token': False, 'trim_silence': False, 'is_tarred': False, 'tarred_audio_filepaths': None, 'shuffle_n': 2048, 'bucketing_strategy': 'synced_randomized', 'bucketing_batch_size': None, 'return_sample_id': False, 'drop_last': False, 'asr_repo': 'whisper', 'shuffle': True, 'manifest_filepath': ['logs/en/ensemble/train/binary/b7/DAT/version_64/data/en/train_subset/train_ca.txt', 'logs/en/ensemble/train/binary/b7/DAT/version_64/data/en/train_subset/train_uk.txt', 'logs/en/ensemble/train/binary/b7/DAT/version_64/data/en/train_subset/train_in.txt', 'logs/en/ensemble/train/binary/b7/DAT/version_64/data/en/train_subset/train_de.txt', 'logs/en/ensemble/train/binary/b7/DAT/version_64/data/en/train_subset/train_au.txt']}
2024-06-03 14:05:27,127 - progress - INFO - 	Batch size: 8
2024-06-03 14:05:27,407 - progress - INFO - Scheduler max. steps: 1920
2024-06-03 14:05:27,419 - progress - INFO - Creating dataloader for ['logs/en/ensemble/train/binary/b7/DAT/version_64/data/en/train_subset/train_us.txt']
2024-06-03 14:05:27,420 - progress - INFO - 	Dataloader config: {'sample_rate': 16000, 'batch_size': 8, 'num_workers': 10, 'pin_memory': True, 'use_start_end_token': False, 'trim_silence': False, 'is_tarred': False, 'tarred_audio_filepaths': None, 'shuffle_n': 2048, 'bucketing_strategy': 'synced_randomized', 'bucketing_batch_size': None, 'return_sample_id': False, 'drop_last': False, 'asr_repo': 'whisper', 'shuffle': True, 'manifest_filepath': ['logs/en/ensemble/train/binary/b7/DAT/version_64/data/en/train_subset/train_us.txt']}
2024-06-03 14:05:27,421 - progress - INFO - 	Batch size: 8
2024-06-03 14:05:27,439 - progress - INFO - Creating dataloader for ['logs/en/ensemble/train/binary/b7/DAT/version_64/data/en/train_subset/train_ca.txt', 'logs/en/ensemble/train/binary/b7/DAT/version_64/data/en/train_subset/train_uk.txt', 'logs/en/ensemble/train/binary/b7/DAT/version_64/data/en/train_subset/train_in.txt', 'logs/en/ensemble/train/binary/b7/DAT/version_64/data/en/train_subset/train_de.txt', 'logs/en/ensemble/train/binary/b7/DAT/version_64/data/en/train_subset/train_au.txt']
2024-06-03 14:05:27,439 - progress - INFO - 	Dataloader config: {'sample_rate': 16000, 'batch_size': 8, 'num_workers': 10, 'pin_memory': True, 'use_start_end_token': False, 'trim_silence': False, 'is_tarred': False, 'tarred_audio_filepaths': None, 'shuffle_n': 2048, 'bucketing_strategy': 'synced_randomized', 'bucketing_batch_size': None, 'return_sample_id': False, 'drop_last': False, 'asr_repo': 'whisper', 'shuffle': True, 'manifest_filepath': ['logs/en/ensemble/train/binary/b7/DAT/version_64/data/en/train_subset/train_ca.txt', 'logs/en/ensemble/train/binary/b7/DAT/version_64/data/en/train_subset/train_uk.txt', 'logs/en/ensemble/train/binary/b7/DAT/version_64/data/en/train_subset/train_in.txt', 'logs/en/ensemble/train/binary/b7/DAT/version_64/data/en/train_subset/train_de.txt', 'logs/en/ensemble/train/binary/b7/DAT/version_64/data/en/train_subset/train_au.txt']}
2024-06-03 14:05:27,440 - progress - INFO - 	Batch size: 8
2024-06-03 14:05:27,465 - progress - INFO - Creating dataloader for logs/en/ensemble/train/binary/b7/DAT/version_64/data/en/train_subset/test_us.txt
2024-06-03 14:05:27,465 - progress - INFO - 	Dataloader config: {'sample_rate': 16000, 'batch_size': 8, 'num_workers': 10, 'pin_memory': True, 'use_start_end_token': False, 'trim_silence': False, 'is_tarred': False, 'tarred_audio_filepaths': None, 'shuffle_n': 2048, 'bucketing_strategy': 'synced_randomized', 'bucketing_batch_size': None, 'return_sample_id': False, 'drop_last': False, 'asr_repo': 'whisper', 'shuffle': False, 'manifest_filepath': 'logs/en/ensemble/train/binary/b7/DAT/version_64/data/en/train_subset/test_us.txt'}
2024-06-03 14:05:27,466 - progress - INFO - 	Batch size: 8
2024-06-03 14:05:27,473 - progress - INFO - Creating dataloader for logs/en/ensemble/train/binary/b7/DAT/version_64/data/en/train_subset/test_ca.txt
2024-06-03 14:05:27,474 - progress - INFO - 	Dataloader config: {'sample_rate': 16000, 'batch_size': 8, 'num_workers': 10, 'pin_memory': True, 'use_start_end_token': False, 'trim_silence': False, 'is_tarred': False, 'tarred_audio_filepaths': None, 'shuffle_n': 2048, 'bucketing_strategy': 'synced_randomized', 'bucketing_batch_size': None, 'return_sample_id': False, 'drop_last': False, 'asr_repo': 'whisper', 'shuffle': False, 'manifest_filepath': 'logs/en/ensemble/train/binary/b7/DAT/version_64/data/en/train_subset/test_ca.txt'}
2024-06-03 14:05:27,474 - progress - INFO - 	Batch size: 8
2024-06-03 14:05:27,477 - progress - INFO - Creating dataloader for logs/en/ensemble/train/binary/b7/DAT/version_64/data/en/train_subset/test_uk.txt
2024-06-03 14:05:27,478 - progress - INFO - 	Dataloader config: {'sample_rate': 16000, 'batch_size': 8, 'num_workers': 10, 'pin_memory': True, 'use_start_end_token': False, 'trim_silence': False, 'is_tarred': False, 'tarred_audio_filepaths': None, 'shuffle_n': 2048, 'bucketing_strategy': 'synced_randomized', 'bucketing_batch_size': None, 'return_sample_id': False, 'drop_last': False, 'asr_repo': 'whisper', 'shuffle': False, 'manifest_filepath': 'logs/en/ensemble/train/binary/b7/DAT/version_64/data/en/train_subset/test_uk.txt'}
2024-06-03 14:05:27,479 - progress - INFO - 	Batch size: 8
2024-06-03 14:05:27,482 - progress - INFO - Creating dataloader for logs/en/ensemble/train/binary/b7/DAT/version_64/data/en/train_subset/test_in.txt
2024-06-03 14:05:27,483 - progress - INFO - 	Dataloader config: {'sample_rate': 16000, 'batch_size': 8, 'num_workers': 10, 'pin_memory': True, 'use_start_end_token': False, 'trim_silence': False, 'is_tarred': False, 'tarred_audio_filepaths': None, 'shuffle_n': 2048, 'bucketing_strategy': 'synced_randomized', 'bucketing_batch_size': None, 'return_sample_id': False, 'drop_last': False, 'asr_repo': 'whisper', 'shuffle': False, 'manifest_filepath': 'logs/en/ensemble/train/binary/b7/DAT/version_64/data/en/train_subset/test_in.txt'}
2024-06-03 14:05:27,484 - progress - INFO - 	Batch size: 8
2024-06-03 14:05:27,487 - progress - INFO - Creating dataloader for logs/en/ensemble/train/binary/b7/DAT/version_64/data/en/train_subset/test_de.txt
2024-06-03 14:05:27,488 - progress - INFO - 	Dataloader config: {'sample_rate': 16000, 'batch_size': 8, 'num_workers': 10, 'pin_memory': True, 'use_start_end_token': False, 'trim_silence': False, 'is_tarred': False, 'tarred_audio_filepaths': None, 'shuffle_n': 2048, 'bucketing_strategy': 'synced_randomized', 'bucketing_batch_size': None, 'return_sample_id': False, 'drop_last': False, 'asr_repo': 'whisper', 'shuffle': False, 'manifest_filepath': 'logs/en/ensemble/train/binary/b7/DAT/version_64/data/en/train_subset/test_de.txt'}
2024-06-03 14:05:27,489 - progress - INFO - 	Batch size: 8
2024-06-03 14:05:27,491 - progress - INFO - Creating dataloader for logs/en/ensemble/train/binary/b7/DAT/version_64/data/en/train_subset/test_au.txt
2024-06-03 14:05:27,492 - progress - INFO - 	Dataloader config: {'sample_rate': 16000, 'batch_size': 8, 'num_workers': 10, 'pin_memory': True, 'use_start_end_token': False, 'trim_silence': False, 'is_tarred': False, 'tarred_audio_filepaths': None, 'shuffle_n': 2048, 'bucketing_strategy': 'synced_randomized', 'bucketing_batch_size': None, 'return_sample_id': False, 'drop_last': False, 'asr_repo': 'whisper', 'shuffle': False, 'manifest_filepath': 'logs/en/ensemble/train/binary/b7/DAT/version_64/data/en/train_subset/test_au.txt'}
2024-06-03 14:05:27,493 - progress - INFO - 	Batch size: 8
2024-06-03 14:05:27,496 - progress - INFO - Creating dataloader for logs/en/ensemble/train/binary/b7/DAT/version_64/data/en/train_subset/test_hk.txt
2024-06-03 14:05:27,497 - progress - INFO - 	Dataloader config: {'sample_rate': 16000, 'batch_size': 8, 'num_workers': 10, 'pin_memory': True, 'use_start_end_token': False, 'trim_silence': False, 'is_tarred': False, 'tarred_audio_filepaths': None, 'shuffle_n': 2048, 'bucketing_strategy': 'synced_randomized', 'bucketing_batch_size': None, 'return_sample_id': False, 'drop_last': False, 'asr_repo': 'whisper', 'shuffle': False, 'manifest_filepath': 'logs/en/ensemble/train/binary/b7/DAT/version_64/data/en/train_subset/test_hk.txt'}
2024-06-03 14:05:27,497 - progress - INFO - 	Batch size: 8
2024-06-03 14:05:27,500 - progress - INFO - Creating dataloader for logs/en/ensemble/train/binary/b7/DAT/version_64/data/en/train_subset/test_ie.txt
2024-06-03 14:05:27,501 - progress - INFO - 	Dataloader config: {'sample_rate': 16000, 'batch_size': 8, 'num_workers': 10, 'pin_memory': True, 'use_start_end_token': False, 'trim_silence': False, 'is_tarred': False, 'tarred_audio_filepaths': None, 'shuffle_n': 2048, 'bucketing_strategy': 'synced_randomized', 'bucketing_batch_size': None, 'return_sample_id': False, 'drop_last': False, 'asr_repo': 'whisper', 'shuffle': False, 'manifest_filepath': 'logs/en/ensemble/train/binary/b7/DAT/version_64/data/en/train_subset/test_ie.txt'}
2024-06-03 14:05:27,502 - progress - INFO - 	Batch size: 8
2024-06-03 14:05:27,504 - progress - INFO - Creating dataloader for logs/en/ensemble/train/binary/b7/DAT/version_64/data/en/train_subset/test_ni.txt
2024-06-03 14:05:27,505 - progress - INFO - 	Dataloader config: {'sample_rate': 16000, 'batch_size': 8, 'num_workers': 10, 'pin_memory': True, 'use_start_end_token': False, 'trim_silence': False, 'is_tarred': False, 'tarred_audio_filepaths': None, 'shuffle_n': 2048, 'bucketing_strategy': 'synced_randomized', 'bucketing_batch_size': None, 'return_sample_id': False, 'drop_last': False, 'asr_repo': 'whisper', 'shuffle': False, 'manifest_filepath': 'logs/en/ensemble/train/binary/b7/DAT/version_64/data/en/train_subset/test_ni.txt'}
2024-06-03 14:05:27,505 - progress - INFO - 	Batch size: 8
2024-06-03 14:05:27,508 - progress - INFO - Creating dataloader for logs/en/ensemble/train/binary/b7/DAT/version_64/data/en/train_subset/test_nz.txt
2024-06-03 14:05:27,509 - progress - INFO - 	Dataloader config: {'sample_rate': 16000, 'batch_size': 8, 'num_workers': 10, 'pin_memory': True, 'use_start_end_token': False, 'trim_silence': False, 'is_tarred': False, 'tarred_audio_filepaths': None, 'shuffle_n': 2048, 'bucketing_strategy': 'synced_randomized', 'bucketing_batch_size': None, 'return_sample_id': False, 'drop_last': False, 'asr_repo': 'whisper', 'shuffle': False, 'manifest_filepath': 'logs/en/ensemble/train/binary/b7/DAT/version_64/data/en/train_subset/test_nz.txt'}
2024-06-03 14:05:27,509 - progress - INFO - 	Batch size: 8
2024-06-03 14:05:27,513 - progress - INFO - Creating dataloader for logs/en/ensemble/train/binary/b7/DAT/version_64/data/en/train_subset/test_ph.txt
2024-06-03 14:05:27,513 - progress - INFO - 	Dataloader config: {'sample_rate': 16000, 'batch_size': 8, 'num_workers': 10, 'pin_memory': True, 'use_start_end_token': False, 'trim_silence': False, 'is_tarred': False, 'tarred_audio_filepaths': None, 'shuffle_n': 2048, 'bucketing_strategy': 'synced_randomized', 'bucketing_batch_size': None, 'return_sample_id': False, 'drop_last': False, 'asr_repo': 'whisper', 'shuffle': False, 'manifest_filepath': 'logs/en/ensemble/train/binary/b7/DAT/version_64/data/en/train_subset/test_ph.txt'}
2024-06-03 14:05:27,514 - progress - INFO - 	Batch size: 8
2024-06-03 14:05:27,516 - progress - INFO - Creating dataloader for logs/en/ensemble/train/binary/b7/DAT/version_64/data/en/train_subset/test_sc.txt
2024-06-03 14:05:27,517 - progress - INFO - 	Dataloader config: {'sample_rate': 16000, 'batch_size': 8, 'num_workers': 10, 'pin_memory': True, 'use_start_end_token': False, 'trim_silence': False, 'is_tarred': False, 'tarred_audio_filepaths': None, 'shuffle_n': 2048, 'bucketing_strategy': 'synced_randomized', 'bucketing_batch_size': None, 'return_sample_id': False, 'drop_last': False, 'asr_repo': 'whisper', 'shuffle': False, 'manifest_filepath': 'logs/en/ensemble/train/binary/b7/DAT/version_64/data/en/train_subset/test_sc.txt'}
2024-06-03 14:05:27,518 - progress - INFO - 	Batch size: 8
2024-06-03 14:05:27,521 - progress - INFO - Creating dataloader for logs/en/ensemble/train/binary/b7/DAT/version_64/data/en/train_subset/test_sg.txt
2024-06-03 14:05:27,521 - progress - INFO - 	Dataloader config: {'sample_rate': 16000, 'batch_size': 8, 'num_workers': 10, 'pin_memory': True, 'use_start_end_token': False, 'trim_silence': False, 'is_tarred': False, 'tarred_audio_filepaths': None, 'shuffle_n': 2048, 'bucketing_strategy': 'synced_randomized', 'bucketing_batch_size': None, 'return_sample_id': False, 'drop_last': False, 'asr_repo': 'whisper', 'shuffle': False, 'manifest_filepath': 'logs/en/ensemble/train/binary/b7/DAT/version_64/data/en/train_subset/test_sg.txt'}
2024-06-03 14:05:27,522 - progress - INFO - 	Batch size: 8
2024-06-03 14:05:27,524 - progress - INFO - Creating dataloader for logs/en/ensemble/train/binary/b7/DAT/version_64/data/en/train_subset/test_za.txt
2024-06-03 14:05:27,525 - progress - INFO - 	Dataloader config: {'sample_rate': 16000, 'batch_size': 8, 'num_workers': 10, 'pin_memory': True, 'use_start_end_token': False, 'trim_silence': False, 'is_tarred': False, 'tarred_audio_filepaths': None, 'shuffle_n': 2048, 'bucketing_strategy': 'synced_randomized', 'bucketing_batch_size': None, 'return_sample_id': False, 'drop_last': False, 'asr_repo': 'whisper', 'shuffle': False, 'manifest_filepath': 'logs/en/ensemble/train/binary/b7/DAT/version_64/data/en/train_subset/test_za.txt'}
2024-06-03 14:05:27,526 - progress - INFO - 	Batch size: 8
