2024-06-03 13:46:26,260 - progress - INFO - Creating dataloader for logs/en/ensemble/train/binary/b7/DAT/version_61/data/en/train_subset/test_us.txt
2024-06-03 13:46:26,261 - progress - INFO - 	Dataloader config: {'sample_rate': 16000, 'batch_size': 8, 'num_workers': 10, 'pin_memory': True, 'use_start_end_token': False, 'trim_silence': False, 'is_tarred': False, 'tarred_audio_filepaths': None, 'shuffle_n': 2048, 'bucketing_strategy': 'synced_randomized', 'bucketing_batch_size': None, 'return_sample_id': False, 'drop_last': False, 'asr_repo': 'whisper', 'shuffle': False, 'manifest_filepath': 'logs/en/ensemble/train/binary/b7/DAT/version_61/data/en/train_subset/test_us.txt'}
2024-06-03 13:46:26,262 - progress - INFO - 	Batch size: 8
2024-06-03 13:46:26,611 - progress - INFO - Creating dataloader for logs/en/ensemble/train/binary/b7/DAT/version_61/data/en/train_subset/test_ca.txt
2024-06-03 13:46:26,612 - progress - INFO - 	Dataloader config: {'sample_rate': 16000, 'batch_size': 8, 'num_workers': 10, 'pin_memory': True, 'use_start_end_token': False, 'trim_silence': False, 'is_tarred': False, 'tarred_audio_filepaths': None, 'shuffle_n': 2048, 'bucketing_strategy': 'synced_randomized', 'bucketing_batch_size': None, 'return_sample_id': False, 'drop_last': False, 'asr_repo': 'whisper', 'shuffle': False, 'manifest_filepath': 'logs/en/ensemble/train/binary/b7/DAT/version_61/data/en/train_subset/test_ca.txt'}
2024-06-03 13:46:26,613 - progress - INFO - 	Batch size: 8
2024-06-03 13:46:26,632 - progress - INFO - Creating dataloader for logs/en/ensemble/train/binary/b7/DAT/version_61/data/en/train_subset/test_uk.txt
2024-06-03 13:46:26,632 - progress - INFO - 	Dataloader config: {'sample_rate': 16000, 'batch_size': 8, 'num_workers': 10, 'pin_memory': True, 'use_start_end_token': False, 'trim_silence': False, 'is_tarred': False, 'tarred_audio_filepaths': None, 'shuffle_n': 2048, 'bucketing_strategy': 'synced_randomized', 'bucketing_batch_size': None, 'return_sample_id': False, 'drop_last': False, 'asr_repo': 'whisper', 'shuffle': False, 'manifest_filepath': 'logs/en/ensemble/train/binary/b7/DAT/version_61/data/en/train_subset/test_uk.txt'}
2024-06-03 13:46:26,633 - progress - INFO - 	Batch size: 8
2024-06-03 13:46:26,647 - progress - INFO - Creating dataloader for logs/en/ensemble/train/binary/b7/DAT/version_61/data/en/train_subset/test_in.txt
2024-06-03 13:46:26,648 - progress - INFO - 	Dataloader config: {'sample_rate': 16000, 'batch_size': 8, 'num_workers': 10, 'pin_memory': True, 'use_start_end_token': False, 'trim_silence': False, 'is_tarred': False, 'tarred_audio_filepaths': None, 'shuffle_n': 2048, 'bucketing_strategy': 'synced_randomized', 'bucketing_batch_size': None, 'return_sample_id': False, 'drop_last': False, 'asr_repo': 'whisper', 'shuffle': False, 'manifest_filepath': 'logs/en/ensemble/train/binary/b7/DAT/version_61/data/en/train_subset/test_in.txt'}
2024-06-03 13:46:26,649 - progress - INFO - 	Batch size: 8
2024-06-03 13:46:26,681 - progress - INFO - Creating dataloader for logs/en/ensemble/train/binary/b7/DAT/version_61/data/en/train_subset/test_de.txt
2024-06-03 13:46:26,682 - progress - INFO - 	Dataloader config: {'sample_rate': 16000, 'batch_size': 8, 'num_workers': 10, 'pin_memory': True, 'use_start_end_token': False, 'trim_silence': False, 'is_tarred': False, 'tarred_audio_filepaths': None, 'shuffle_n': 2048, 'bucketing_strategy': 'synced_randomized', 'bucketing_batch_size': None, 'return_sample_id': False, 'drop_last': False, 'asr_repo': 'whisper', 'shuffle': False, 'manifest_filepath': 'logs/en/ensemble/train/binary/b7/DAT/version_61/data/en/train_subset/test_de.txt'}
2024-06-03 13:46:26,683 - progress - INFO - 	Batch size: 8
2024-06-03 13:46:26,700 - progress - INFO - Creating dataloader for logs/en/ensemble/train/binary/b7/DAT/version_61/data/en/train_subset/test_au.txt
2024-06-03 13:46:26,701 - progress - INFO - 	Dataloader config: {'sample_rate': 16000, 'batch_size': 8, 'num_workers': 10, 'pin_memory': True, 'use_start_end_token': False, 'trim_silence': False, 'is_tarred': False, 'tarred_audio_filepaths': None, 'shuffle_n': 2048, 'bucketing_strategy': 'synced_randomized', 'bucketing_batch_size': None, 'return_sample_id': False, 'drop_last': False, 'asr_repo': 'whisper', 'shuffle': False, 'manifest_filepath': 'logs/en/ensemble/train/binary/b7/DAT/version_61/data/en/train_subset/test_au.txt'}
2024-06-03 13:46:26,701 - progress - INFO - 	Batch size: 8
2024-06-03 13:46:26,740 - progress - INFO - Creating dataloader for logs/en/ensemble/train/binary/b7/DAT/version_61/data/en/train_subset/test_hk.txt
2024-06-03 13:46:26,741 - progress - INFO - 	Dataloader config: {'sample_rate': 16000, 'batch_size': 8, 'num_workers': 10, 'pin_memory': True, 'use_start_end_token': False, 'trim_silence': False, 'is_tarred': False, 'tarred_audio_filepaths': None, 'shuffle_n': 2048, 'bucketing_strategy': 'synced_randomized', 'bucketing_batch_size': None, 'return_sample_id': False, 'drop_last': False, 'asr_repo': 'whisper', 'shuffle': False, 'manifest_filepath': 'logs/en/ensemble/train/binary/b7/DAT/version_61/data/en/train_subset/test_hk.txt'}
2024-06-03 13:46:26,742 - progress - INFO - 	Batch size: 8
2024-06-03 13:46:26,762 - progress - INFO - Creating dataloader for logs/en/ensemble/train/binary/b7/DAT/version_61/data/en/train_subset/test_ie.txt
2024-06-03 13:46:26,763 - progress - INFO - 	Dataloader config: {'sample_rate': 16000, 'batch_size': 8, 'num_workers': 10, 'pin_memory': True, 'use_start_end_token': False, 'trim_silence': False, 'is_tarred': False, 'tarred_audio_filepaths': None, 'shuffle_n': 2048, 'bucketing_strategy': 'synced_randomized', 'bucketing_batch_size': None, 'return_sample_id': False, 'drop_last': False, 'asr_repo': 'whisper', 'shuffle': False, 'manifest_filepath': 'logs/en/ensemble/train/binary/b7/DAT/version_61/data/en/train_subset/test_ie.txt'}
2024-06-03 13:46:26,764 - progress - INFO - 	Batch size: 8
2024-06-03 13:46:26,789 - progress - INFO - Creating dataloader for logs/en/ensemble/train/binary/b7/DAT/version_61/data/en/train_subset/test_ni.txt
2024-06-03 13:46:26,790 - progress - INFO - 	Dataloader config: {'sample_rate': 16000, 'batch_size': 8, 'num_workers': 10, 'pin_memory': True, 'use_start_end_token': False, 'trim_silence': False, 'is_tarred': False, 'tarred_audio_filepaths': None, 'shuffle_n': 2048, 'bucketing_strategy': 'synced_randomized', 'bucketing_batch_size': None, 'return_sample_id': False, 'drop_last': False, 'asr_repo': 'whisper', 'shuffle': False, 'manifest_filepath': 'logs/en/ensemble/train/binary/b7/DAT/version_61/data/en/train_subset/test_ni.txt'}
2024-06-03 13:46:26,791 - progress - INFO - 	Batch size: 8
2024-06-03 13:46:26,808 - progress - INFO - Creating dataloader for logs/en/ensemble/train/binary/b7/DAT/version_61/data/en/train_subset/test_nz.txt
2024-06-03 13:46:26,809 - progress - INFO - 	Dataloader config: {'sample_rate': 16000, 'batch_size': 8, 'num_workers': 10, 'pin_memory': True, 'use_start_end_token': False, 'trim_silence': False, 'is_tarred': False, 'tarred_audio_filepaths': None, 'shuffle_n': 2048, 'bucketing_strategy': 'synced_randomized', 'bucketing_batch_size': None, 'return_sample_id': False, 'drop_last': False, 'asr_repo': 'whisper', 'shuffle': False, 'manifest_filepath': 'logs/en/ensemble/train/binary/b7/DAT/version_61/data/en/train_subset/test_nz.txt'}
2024-06-03 13:46:26,810 - progress - INFO - 	Batch size: 8
2024-06-03 13:46:26,833 - progress - INFO - Creating dataloader for logs/en/ensemble/train/binary/b7/DAT/version_61/data/en/train_subset/test_ph.txt
2024-06-03 13:46:26,834 - progress - INFO - 	Dataloader config: {'sample_rate': 16000, 'batch_size': 8, 'num_workers': 10, 'pin_memory': True, 'use_start_end_token': False, 'trim_silence': False, 'is_tarred': False, 'tarred_audio_filepaths': None, 'shuffle_n': 2048, 'bucketing_strategy': 'synced_randomized', 'bucketing_batch_size': None, 'return_sample_id': False, 'drop_last': False, 'asr_repo': 'whisper', 'shuffle': False, 'manifest_filepath': 'logs/en/ensemble/train/binary/b7/DAT/version_61/data/en/train_subset/test_ph.txt'}
2024-06-03 13:46:26,834 - progress - INFO - 	Batch size: 8
2024-06-03 13:46:26,861 - progress - INFO - Creating dataloader for logs/en/ensemble/train/binary/b7/DAT/version_61/data/en/train_subset/test_sc.txt
2024-06-03 13:46:26,861 - progress - INFO - 	Dataloader config: {'sample_rate': 16000, 'batch_size': 8, 'num_workers': 10, 'pin_memory': True, 'use_start_end_token': False, 'trim_silence': False, 'is_tarred': False, 'tarred_audio_filepaths': None, 'shuffle_n': 2048, 'bucketing_strategy': 'synced_randomized', 'bucketing_batch_size': None, 'return_sample_id': False, 'drop_last': False, 'asr_repo': 'whisper', 'shuffle': False, 'manifest_filepath': 'logs/en/ensemble/train/binary/b7/DAT/version_61/data/en/train_subset/test_sc.txt'}
2024-06-03 13:46:26,862 - progress - INFO - 	Batch size: 8
2024-06-03 13:46:26,903 - progress - INFO - Creating dataloader for logs/en/ensemble/train/binary/b7/DAT/version_61/data/en/train_subset/test_sg.txt
2024-06-03 13:46:26,904 - progress - INFO - 	Dataloader config: {'sample_rate': 16000, 'batch_size': 8, 'num_workers': 10, 'pin_memory': True, 'use_start_end_token': False, 'trim_silence': False, 'is_tarred': False, 'tarred_audio_filepaths': None, 'shuffle_n': 2048, 'bucketing_strategy': 'synced_randomized', 'bucketing_batch_size': None, 'return_sample_id': False, 'drop_last': False, 'asr_repo': 'whisper', 'shuffle': False, 'manifest_filepath': 'logs/en/ensemble/train/binary/b7/DAT/version_61/data/en/train_subset/test_sg.txt'}
2024-06-03 13:46:26,905 - progress - INFO - 	Batch size: 8
2024-06-03 13:46:26,917 - progress - INFO - Creating dataloader for logs/en/ensemble/train/binary/b7/DAT/version_61/data/en/train_subset/test_za.txt
2024-06-03 13:46:26,918 - progress - INFO - 	Dataloader config: {'sample_rate': 16000, 'batch_size': 8, 'num_workers': 10, 'pin_memory': True, 'use_start_end_token': False, 'trim_silence': False, 'is_tarred': False, 'tarred_audio_filepaths': None, 'shuffle_n': 2048, 'bucketing_strategy': 'synced_randomized', 'bucketing_batch_size': None, 'return_sample_id': False, 'drop_last': False, 'asr_repo': 'whisper', 'shuffle': False, 'manifest_filepath': 'logs/en/ensemble/train/binary/b7/DAT/version_61/data/en/train_subset/test_za.txt'}
2024-06-03 13:46:26,919 - progress - INFO - 	Batch size: 8
2024-06-03 13:54:52,287 - progress - INFO - Configuring optimizers
2024-06-03 13:54:52,309 - progress - INFO - Creating dataloader for ['logs/en/ensemble/train/binary/b7/DAT/version_61/data/en/train_subset/train_us.txt']
2024-06-03 13:54:52,310 - progress - INFO - 	Dataloader config: {'sample_rate': 16000, 'batch_size': 8, 'num_workers': 10, 'pin_memory': True, 'use_start_end_token': False, 'trim_silence': False, 'is_tarred': False, 'tarred_audio_filepaths': None, 'shuffle_n': 2048, 'bucketing_strategy': 'synced_randomized', 'bucketing_batch_size': None, 'return_sample_id': False, 'drop_last': False, 'asr_repo': 'whisper', 'shuffle': True, 'manifest_filepath': ['logs/en/ensemble/train/binary/b7/DAT/version_61/data/en/train_subset/train_us.txt']}
2024-06-03 13:54:52,311 - progress - INFO - 	Batch size: 8
2024-06-03 13:54:52,439 - progress - INFO - Creating dataloader for ['logs/en/ensemble/train/binary/b7/DAT/version_61/data/en/train_subset/train_ca.txt', 'logs/en/ensemble/train/binary/b7/DAT/version_61/data/en/train_subset/train_uk.txt', 'logs/en/ensemble/train/binary/b7/DAT/version_61/data/en/train_subset/train_in.txt', 'logs/en/ensemble/train/binary/b7/DAT/version_61/data/en/train_subset/train_de.txt', 'logs/en/ensemble/train/binary/b7/DAT/version_61/data/en/train_subset/train_au.txt']
2024-06-03 13:54:52,439 - progress - INFO - 	Dataloader config: {'sample_rate': 16000, 'batch_size': 8, 'num_workers': 10, 'pin_memory': True, 'use_start_end_token': False, 'trim_silence': False, 'is_tarred': False, 'tarred_audio_filepaths': None, 'shuffle_n': 2048, 'bucketing_strategy': 'synced_randomized', 'bucketing_batch_size': None, 'return_sample_id': False, 'drop_last': False, 'asr_repo': 'whisper', 'shuffle': True, 'manifest_filepath': ['logs/en/ensemble/train/binary/b7/DAT/version_61/data/en/train_subset/train_ca.txt', 'logs/en/ensemble/train/binary/b7/DAT/version_61/data/en/train_subset/train_uk.txt', 'logs/en/ensemble/train/binary/b7/DAT/version_61/data/en/train_subset/train_in.txt', 'logs/en/ensemble/train/binary/b7/DAT/version_61/data/en/train_subset/train_de.txt', 'logs/en/ensemble/train/binary/b7/DAT/version_61/data/en/train_subset/train_au.txt']}
2024-06-03 13:54:52,440 - progress - INFO - 	Batch size: 8
2024-06-03 13:54:52,826 - progress - INFO - Scheduler max. steps: 1920
2024-06-03 13:54:52,838 - progress - INFO - Creating dataloader for ['logs/en/ensemble/train/binary/b7/DAT/version_61/data/en/train_subset/train_us.txt']
2024-06-03 13:54:52,839 - progress - INFO - 	Dataloader config: {'sample_rate': 16000, 'batch_size': 8, 'num_workers': 10, 'pin_memory': True, 'use_start_end_token': False, 'trim_silence': False, 'is_tarred': False, 'tarred_audio_filepaths': None, 'shuffle_n': 2048, 'bucketing_strategy': 'synced_randomized', 'bucketing_batch_size': None, 'return_sample_id': False, 'drop_last': False, 'asr_repo': 'whisper', 'shuffle': True, 'manifest_filepath': ['logs/en/ensemble/train/binary/b7/DAT/version_61/data/en/train_subset/train_us.txt']}
2024-06-03 13:54:52,839 - progress - INFO - 	Batch size: 8
2024-06-03 13:54:52,859 - progress - INFO - Creating dataloader for ['logs/en/ensemble/train/binary/b7/DAT/version_61/data/en/train_subset/train_ca.txt', 'logs/en/ensemble/train/binary/b7/DAT/version_61/data/en/train_subset/train_uk.txt', 'logs/en/ensemble/train/binary/b7/DAT/version_61/data/en/train_subset/train_in.txt', 'logs/en/ensemble/train/binary/b7/DAT/version_61/data/en/train_subset/train_de.txt', 'logs/en/ensemble/train/binary/b7/DAT/version_61/data/en/train_subset/train_au.txt']
2024-06-03 13:54:52,860 - progress - INFO - 	Dataloader config: {'sample_rate': 16000, 'batch_size': 8, 'num_workers': 10, 'pin_memory': True, 'use_start_end_token': False, 'trim_silence': False, 'is_tarred': False, 'tarred_audio_filepaths': None, 'shuffle_n': 2048, 'bucketing_strategy': 'synced_randomized', 'bucketing_batch_size': None, 'return_sample_id': False, 'drop_last': False, 'asr_repo': 'whisper', 'shuffle': True, 'manifest_filepath': ['logs/en/ensemble/train/binary/b7/DAT/version_61/data/en/train_subset/train_ca.txt', 'logs/en/ensemble/train/binary/b7/DAT/version_61/data/en/train_subset/train_uk.txt', 'logs/en/ensemble/train/binary/b7/DAT/version_61/data/en/train_subset/train_in.txt', 'logs/en/ensemble/train/binary/b7/DAT/version_61/data/en/train_subset/train_de.txt', 'logs/en/ensemble/train/binary/b7/DAT/version_61/data/en/train_subset/train_au.txt']}
2024-06-03 13:54:52,860 - progress - INFO - 	Batch size: 8
2024-06-03 13:54:52,886 - progress - INFO - Creating dataloader for logs/en/ensemble/train/binary/b7/DAT/version_61/data/en/train_subset/test_us.txt
2024-06-03 13:54:52,888 - progress - INFO - 	Dataloader config: {'sample_rate': 16000, 'batch_size': 8, 'num_workers': 10, 'pin_memory': True, 'use_start_end_token': False, 'trim_silence': False, 'is_tarred': False, 'tarred_audio_filepaths': None, 'shuffle_n': 2048, 'bucketing_strategy': 'synced_randomized', 'bucketing_batch_size': None, 'return_sample_id': False, 'drop_last': False, 'asr_repo': 'whisper', 'shuffle': False, 'manifest_filepath': 'logs/en/ensemble/train/binary/b7/DAT/version_61/data/en/train_subset/test_us.txt'}
2024-06-03 13:54:52,888 - progress - INFO - 	Batch size: 8
2024-06-03 13:54:52,895 - progress - INFO - Creating dataloader for logs/en/ensemble/train/binary/b7/DAT/version_61/data/en/train_subset/test_ca.txt
2024-06-03 13:54:52,896 - progress - INFO - 	Dataloader config: {'sample_rate': 16000, 'batch_size': 8, 'num_workers': 10, 'pin_memory': True, 'use_start_end_token': False, 'trim_silence': False, 'is_tarred': False, 'tarred_audio_filepaths': None, 'shuffle_n': 2048, 'bucketing_strategy': 'synced_randomized', 'bucketing_batch_size': None, 'return_sample_id': False, 'drop_last': False, 'asr_repo': 'whisper', 'shuffle': False, 'manifest_filepath': 'logs/en/ensemble/train/binary/b7/DAT/version_61/data/en/train_subset/test_ca.txt'}
2024-06-03 13:54:52,897 - progress - INFO - 	Batch size: 8
2024-06-03 13:54:52,900 - progress - INFO - Creating dataloader for logs/en/ensemble/train/binary/b7/DAT/version_61/data/en/train_subset/test_uk.txt
2024-06-03 13:54:52,900 - progress - INFO - 	Dataloader config: {'sample_rate': 16000, 'batch_size': 8, 'num_workers': 10, 'pin_memory': True, 'use_start_end_token': False, 'trim_silence': False, 'is_tarred': False, 'tarred_audio_filepaths': None, 'shuffle_n': 2048, 'bucketing_strategy': 'synced_randomized', 'bucketing_batch_size': None, 'return_sample_id': False, 'drop_last': False, 'asr_repo': 'whisper', 'shuffle': False, 'manifest_filepath': 'logs/en/ensemble/train/binary/b7/DAT/version_61/data/en/train_subset/test_uk.txt'}
2024-06-03 13:54:52,901 - progress - INFO - 	Batch size: 8
2024-06-03 13:54:52,905 - progress - INFO - Creating dataloader for logs/en/ensemble/train/binary/b7/DAT/version_61/data/en/train_subset/test_in.txt
2024-06-03 13:54:52,906 - progress - INFO - 	Dataloader config: {'sample_rate': 16000, 'batch_size': 8, 'num_workers': 10, 'pin_memory': True, 'use_start_end_token': False, 'trim_silence': False, 'is_tarred': False, 'tarred_audio_filepaths': None, 'shuffle_n': 2048, 'bucketing_strategy': 'synced_randomized', 'bucketing_batch_size': None, 'return_sample_id': False, 'drop_last': False, 'asr_repo': 'whisper', 'shuffle': False, 'manifest_filepath': 'logs/en/ensemble/train/binary/b7/DAT/version_61/data/en/train_subset/test_in.txt'}
2024-06-03 13:54:52,907 - progress - INFO - 	Batch size: 8
2024-06-03 13:54:52,911 - progress - INFO - Creating dataloader for logs/en/ensemble/train/binary/b7/DAT/version_61/data/en/train_subset/test_de.txt
2024-06-03 13:54:52,912 - progress - INFO - 	Dataloader config: {'sample_rate': 16000, 'batch_size': 8, 'num_workers': 10, 'pin_memory': True, 'use_start_end_token': False, 'trim_silence': False, 'is_tarred': False, 'tarred_audio_filepaths': None, 'shuffle_n': 2048, 'bucketing_strategy': 'synced_randomized', 'bucketing_batch_size': None, 'return_sample_id': False, 'drop_last': False, 'asr_repo': 'whisper', 'shuffle': False, 'manifest_filepath': 'logs/en/ensemble/train/binary/b7/DAT/version_61/data/en/train_subset/test_de.txt'}
2024-06-03 13:54:52,912 - progress - INFO - 	Batch size: 8
2024-06-03 13:54:52,915 - progress - INFO - Creating dataloader for logs/en/ensemble/train/binary/b7/DAT/version_61/data/en/train_subset/test_au.txt
2024-06-03 13:54:52,915 - progress - INFO - 	Dataloader config: {'sample_rate': 16000, 'batch_size': 8, 'num_workers': 10, 'pin_memory': True, 'use_start_end_token': False, 'trim_silence': False, 'is_tarred': False, 'tarred_audio_filepaths': None, 'shuffle_n': 2048, 'bucketing_strategy': 'synced_randomized', 'bucketing_batch_size': None, 'return_sample_id': False, 'drop_last': False, 'asr_repo': 'whisper', 'shuffle': False, 'manifest_filepath': 'logs/en/ensemble/train/binary/b7/DAT/version_61/data/en/train_subset/test_au.txt'}
2024-06-03 13:54:52,916 - progress - INFO - 	Batch size: 8
2024-06-03 13:54:52,919 - progress - INFO - Creating dataloader for logs/en/ensemble/train/binary/b7/DAT/version_61/data/en/train_subset/test_hk.txt
2024-06-03 13:54:52,920 - progress - INFO - 	Dataloader config: {'sample_rate': 16000, 'batch_size': 8, 'num_workers': 10, 'pin_memory': True, 'use_start_end_token': False, 'trim_silence': False, 'is_tarred': False, 'tarred_audio_filepaths': None, 'shuffle_n': 2048, 'bucketing_strategy': 'synced_randomized', 'bucketing_batch_size': None, 'return_sample_id': False, 'drop_last': False, 'asr_repo': 'whisper', 'shuffle': False, 'manifest_filepath': 'logs/en/ensemble/train/binary/b7/DAT/version_61/data/en/train_subset/test_hk.txt'}
2024-06-03 13:54:52,920 - progress - INFO - 	Batch size: 8
2024-06-03 13:54:52,924 - progress - INFO - Creating dataloader for logs/en/ensemble/train/binary/b7/DAT/version_61/data/en/train_subset/test_ie.txt
2024-06-03 13:54:52,925 - progress - INFO - 	Dataloader config: {'sample_rate': 16000, 'batch_size': 8, 'num_workers': 10, 'pin_memory': True, 'use_start_end_token': False, 'trim_silence': False, 'is_tarred': False, 'tarred_audio_filepaths': None, 'shuffle_n': 2048, 'bucketing_strategy': 'synced_randomized', 'bucketing_batch_size': None, 'return_sample_id': False, 'drop_last': False, 'asr_repo': 'whisper', 'shuffle': False, 'manifest_filepath': 'logs/en/ensemble/train/binary/b7/DAT/version_61/data/en/train_subset/test_ie.txt'}
2024-06-03 13:54:52,926 - progress - INFO - 	Batch size: 8
2024-06-03 13:54:52,929 - progress - INFO - Creating dataloader for logs/en/ensemble/train/binary/b7/DAT/version_61/data/en/train_subset/test_ni.txt
2024-06-03 13:54:52,930 - progress - INFO - 	Dataloader config: {'sample_rate': 16000, 'batch_size': 8, 'num_workers': 10, 'pin_memory': True, 'use_start_end_token': False, 'trim_silence': False, 'is_tarred': False, 'tarred_audio_filepaths': None, 'shuffle_n': 2048, 'bucketing_strategy': 'synced_randomized', 'bucketing_batch_size': None, 'return_sample_id': False, 'drop_last': False, 'asr_repo': 'whisper', 'shuffle': False, 'manifest_filepath': 'logs/en/ensemble/train/binary/b7/DAT/version_61/data/en/train_subset/test_ni.txt'}
2024-06-03 13:54:52,931 - progress - INFO - 	Batch size: 8
2024-06-03 13:54:52,933 - progress - INFO - Creating dataloader for logs/en/ensemble/train/binary/b7/DAT/version_61/data/en/train_subset/test_nz.txt
2024-06-03 13:54:52,934 - progress - INFO - 	Dataloader config: {'sample_rate': 16000, 'batch_size': 8, 'num_workers': 10, 'pin_memory': True, 'use_start_end_token': False, 'trim_silence': False, 'is_tarred': False, 'tarred_audio_filepaths': None, 'shuffle_n': 2048, 'bucketing_strategy': 'synced_randomized', 'bucketing_batch_size': None, 'return_sample_id': False, 'drop_last': False, 'asr_repo': 'whisper', 'shuffle': False, 'manifest_filepath': 'logs/en/ensemble/train/binary/b7/DAT/version_61/data/en/train_subset/test_nz.txt'}
2024-06-03 13:54:52,935 - progress - INFO - 	Batch size: 8
2024-06-03 13:54:52,939 - progress - INFO - Creating dataloader for logs/en/ensemble/train/binary/b7/DAT/version_61/data/en/train_subset/test_ph.txt
2024-06-03 13:54:52,939 - progress - INFO - 	Dataloader config: {'sample_rate': 16000, 'batch_size': 8, 'num_workers': 10, 'pin_memory': True, 'use_start_end_token': False, 'trim_silence': False, 'is_tarred': False, 'tarred_audio_filepaths': None, 'shuffle_n': 2048, 'bucketing_strategy': 'synced_randomized', 'bucketing_batch_size': None, 'return_sample_id': False, 'drop_last': False, 'asr_repo': 'whisper', 'shuffle': False, 'manifest_filepath': 'logs/en/ensemble/train/binary/b7/DAT/version_61/data/en/train_subset/test_ph.txt'}
2024-06-03 13:54:52,940 - progress - INFO - 	Batch size: 8
2024-06-03 13:54:52,942 - progress - INFO - Creating dataloader for logs/en/ensemble/train/binary/b7/DAT/version_61/data/en/train_subset/test_sc.txt
2024-06-03 13:54:52,943 - progress - INFO - 	Dataloader config: {'sample_rate': 16000, 'batch_size': 8, 'num_workers': 10, 'pin_memory': True, 'use_start_end_token': False, 'trim_silence': False, 'is_tarred': False, 'tarred_audio_filepaths': None, 'shuffle_n': 2048, 'bucketing_strategy': 'synced_randomized', 'bucketing_batch_size': None, 'return_sample_id': False, 'drop_last': False, 'asr_repo': 'whisper', 'shuffle': False, 'manifest_filepath': 'logs/en/ensemble/train/binary/b7/DAT/version_61/data/en/train_subset/test_sc.txt'}
2024-06-03 13:54:52,944 - progress - INFO - 	Batch size: 8
2024-06-03 13:54:52,948 - progress - INFO - Creating dataloader for logs/en/ensemble/train/binary/b7/DAT/version_61/data/en/train_subset/test_sg.txt
2024-06-03 13:54:52,949 - progress - INFO - 	Dataloader config: {'sample_rate': 16000, 'batch_size': 8, 'num_workers': 10, 'pin_memory': True, 'use_start_end_token': False, 'trim_silence': False, 'is_tarred': False, 'tarred_audio_filepaths': None, 'shuffle_n': 2048, 'bucketing_strategy': 'synced_randomized', 'bucketing_batch_size': None, 'return_sample_id': False, 'drop_last': False, 'asr_repo': 'whisper', 'shuffle': False, 'manifest_filepath': 'logs/en/ensemble/train/binary/b7/DAT/version_61/data/en/train_subset/test_sg.txt'}
2024-06-03 13:54:52,950 - progress - INFO - 	Batch size: 8
2024-06-03 13:54:52,952 - progress - INFO - Creating dataloader for logs/en/ensemble/train/binary/b7/DAT/version_61/data/en/train_subset/test_za.txt
2024-06-03 13:54:52,953 - progress - INFO - 	Dataloader config: {'sample_rate': 16000, 'batch_size': 8, 'num_workers': 10, 'pin_memory': True, 'use_start_end_token': False, 'trim_silence': False, 'is_tarred': False, 'tarred_audio_filepaths': None, 'shuffle_n': 2048, 'bucketing_strategy': 'synced_randomized', 'bucketing_batch_size': None, 'return_sample_id': False, 'drop_last': False, 'asr_repo': 'whisper', 'shuffle': False, 'manifest_filepath': 'logs/en/ensemble/train/binary/b7/DAT/version_61/data/en/train_subset/test_za.txt'}
2024-06-03 13:54:52,955 - progress - INFO - 	Batch size: 8
