2024-06-20 23:00:58,786 - progress - INFO - Creating dataloader for logs/en/ensemble/train/binary/b7/DAT/version_89/data/en/train_subset/test_us.txt
2024-06-20 23:00:58,787 - progress - INFO - 	Dataloader config: {'sample_rate': 16000, 'batch_size': 8, 'num_workers': 10, 'pin_memory': True, 'use_start_end_token': False, 'trim_silence': False, 'is_tarred': False, 'tarred_audio_filepaths': None, 'shuffle_n': 2048, 'bucketing_strategy': 'synced_randomized', 'bucketing_batch_size': None, 'return_sample_id': False, 'drop_last': False, 'asr_repo': 'whisper', 'shuffle': False, 'manifest_filepath': 'logs/en/ensemble/train/binary/b7/DAT/version_89/data/en/train_subset/test_us.txt'}
2024-06-20 23:00:58,788 - progress - INFO - 	Batch size: 8
2024-06-20 23:00:59,067 - progress - INFO - Creating dataloader for logs/en/ensemble/train/binary/b7/DAT/version_89/data/en/train_subset/test_ca.txt
2024-06-20 23:00:59,067 - progress - INFO - 	Dataloader config: {'sample_rate': 16000, 'batch_size': 8, 'num_workers': 10, 'pin_memory': True, 'use_start_end_token': False, 'trim_silence': False, 'is_tarred': False, 'tarred_audio_filepaths': None, 'shuffle_n': 2048, 'bucketing_strategy': 'synced_randomized', 'bucketing_batch_size': None, 'return_sample_id': False, 'drop_last': False, 'asr_repo': 'whisper', 'shuffle': False, 'manifest_filepath': 'logs/en/ensemble/train/binary/b7/DAT/version_89/data/en/train_subset/test_ca.txt'}
2024-06-20 23:00:59,068 - progress - INFO - 	Batch size: 8
2024-06-20 23:00:59,071 - progress - INFO - Creating dataloader for logs/en/ensemble/train/binary/b7/DAT/version_89/data/en/train_subset/test_uk.txt
2024-06-20 23:00:59,072 - progress - INFO - 	Dataloader config: {'sample_rate': 16000, 'batch_size': 8, 'num_workers': 10, 'pin_memory': True, 'use_start_end_token': False, 'trim_silence': False, 'is_tarred': False, 'tarred_audio_filepaths': None, 'shuffle_n': 2048, 'bucketing_strategy': 'synced_randomized', 'bucketing_batch_size': None, 'return_sample_id': False, 'drop_last': False, 'asr_repo': 'whisper', 'shuffle': False, 'manifest_filepath': 'logs/en/ensemble/train/binary/b7/DAT/version_89/data/en/train_subset/test_uk.txt'}
2024-06-20 23:00:59,072 - progress - INFO - 	Batch size: 8
2024-06-20 23:00:59,076 - progress - INFO - Creating dataloader for logs/en/ensemble/train/binary/b7/DAT/version_89/data/en/train_subset/test_in.txt
2024-06-20 23:00:59,077 - progress - INFO - 	Dataloader config: {'sample_rate': 16000, 'batch_size': 8, 'num_workers': 10, 'pin_memory': True, 'use_start_end_token': False, 'trim_silence': False, 'is_tarred': False, 'tarred_audio_filepaths': None, 'shuffle_n': 2048, 'bucketing_strategy': 'synced_randomized', 'bucketing_batch_size': None, 'return_sample_id': False, 'drop_last': False, 'asr_repo': 'whisper', 'shuffle': False, 'manifest_filepath': 'logs/en/ensemble/train/binary/b7/DAT/version_89/data/en/train_subset/test_in.txt'}
2024-06-20 23:00:59,077 - progress - INFO - 	Batch size: 8
2024-06-20 23:00:59,080 - progress - INFO - Creating dataloader for logs/en/ensemble/train/binary/b7/DAT/version_89/data/en/train_subset/test_de.txt
2024-06-20 23:00:59,081 - progress - INFO - 	Dataloader config: {'sample_rate': 16000, 'batch_size': 8, 'num_workers': 10, 'pin_memory': True, 'use_start_end_token': False, 'trim_silence': False, 'is_tarred': False, 'tarred_audio_filepaths': None, 'shuffle_n': 2048, 'bucketing_strategy': 'synced_randomized', 'bucketing_batch_size': None, 'return_sample_id': False, 'drop_last': False, 'asr_repo': 'whisper', 'shuffle': False, 'manifest_filepath': 'logs/en/ensemble/train/binary/b7/DAT/version_89/data/en/train_subset/test_de.txt'}
2024-06-20 23:00:59,082 - progress - INFO - 	Batch size: 8
2024-06-20 23:00:59,084 - progress - INFO - Creating dataloader for logs/en/ensemble/train/binary/b7/DAT/version_89/data/en/train_subset/test_au.txt
2024-06-20 23:00:59,085 - progress - INFO - 	Dataloader config: {'sample_rate': 16000, 'batch_size': 8, 'num_workers': 10, 'pin_memory': True, 'use_start_end_token': False, 'trim_silence': False, 'is_tarred': False, 'tarred_audio_filepaths': None, 'shuffle_n': 2048, 'bucketing_strategy': 'synced_randomized', 'bucketing_batch_size': None, 'return_sample_id': False, 'drop_last': False, 'asr_repo': 'whisper', 'shuffle': False, 'manifest_filepath': 'logs/en/ensemble/train/binary/b7/DAT/version_89/data/en/train_subset/test_au.txt'}
2024-06-20 23:00:59,085 - progress - INFO - 	Batch size: 8
2024-06-20 23:00:59,088 - progress - INFO - Creating dataloader for logs/en/ensemble/train/binary/b7/DAT/version_89/data/en/train_subset/test_hk.txt
2024-06-20 23:00:59,089 - progress - INFO - 	Dataloader config: {'sample_rate': 16000, 'batch_size': 8, 'num_workers': 10, 'pin_memory': True, 'use_start_end_token': False, 'trim_silence': False, 'is_tarred': False, 'tarred_audio_filepaths': None, 'shuffle_n': 2048, 'bucketing_strategy': 'synced_randomized', 'bucketing_batch_size': None, 'return_sample_id': False, 'drop_last': False, 'asr_repo': 'whisper', 'shuffle': False, 'manifest_filepath': 'logs/en/ensemble/train/binary/b7/DAT/version_89/data/en/train_subset/test_hk.txt'}
2024-06-20 23:00:59,089 - progress - INFO - 	Batch size: 8
2024-06-20 23:00:59,092 - progress - INFO - Creating dataloader for logs/en/ensemble/train/binary/b7/DAT/version_89/data/en/train_subset/test_ie.txt
2024-06-20 23:00:59,092 - progress - INFO - 	Dataloader config: {'sample_rate': 16000, 'batch_size': 8, 'num_workers': 10, 'pin_memory': True, 'use_start_end_token': False, 'trim_silence': False, 'is_tarred': False, 'tarred_audio_filepaths': None, 'shuffle_n': 2048, 'bucketing_strategy': 'synced_randomized', 'bucketing_batch_size': None, 'return_sample_id': False, 'drop_last': False, 'asr_repo': 'whisper', 'shuffle': False, 'manifest_filepath': 'logs/en/ensemble/train/binary/b7/DAT/version_89/data/en/train_subset/test_ie.txt'}
2024-06-20 23:00:59,093 - progress - INFO - 	Batch size: 8
2024-06-20 23:00:59,096 - progress - INFO - Creating dataloader for logs/en/ensemble/train/binary/b7/DAT/version_89/data/en/train_subset/test_ni.txt
2024-06-20 23:00:59,096 - progress - INFO - 	Dataloader config: {'sample_rate': 16000, 'batch_size': 8, 'num_workers': 10, 'pin_memory': True, 'use_start_end_token': False, 'trim_silence': False, 'is_tarred': False, 'tarred_audio_filepaths': None, 'shuffle_n': 2048, 'bucketing_strategy': 'synced_randomized', 'bucketing_batch_size': None, 'return_sample_id': False, 'drop_last': False, 'asr_repo': 'whisper', 'shuffle': False, 'manifest_filepath': 'logs/en/ensemble/train/binary/b7/DAT/version_89/data/en/train_subset/test_ni.txt'}
2024-06-20 23:00:59,097 - progress - INFO - 	Batch size: 8
2024-06-20 23:00:59,099 - progress - INFO - Creating dataloader for logs/en/ensemble/train/binary/b7/DAT/version_89/data/en/train_subset/test_nz.txt
2024-06-20 23:00:59,100 - progress - INFO - 	Dataloader config: {'sample_rate': 16000, 'batch_size': 8, 'num_workers': 10, 'pin_memory': True, 'use_start_end_token': False, 'trim_silence': False, 'is_tarred': False, 'tarred_audio_filepaths': None, 'shuffle_n': 2048, 'bucketing_strategy': 'synced_randomized', 'bucketing_batch_size': None, 'return_sample_id': False, 'drop_last': False, 'asr_repo': 'whisper', 'shuffle': False, 'manifest_filepath': 'logs/en/ensemble/train/binary/b7/DAT/version_89/data/en/train_subset/test_nz.txt'}
2024-06-20 23:00:59,101 - progress - INFO - 	Batch size: 8
2024-06-20 23:00:59,103 - progress - INFO - Creating dataloader for logs/en/ensemble/train/binary/b7/DAT/version_89/data/en/train_subset/test_ph.txt
2024-06-20 23:00:59,104 - progress - INFO - 	Dataloader config: {'sample_rate': 16000, 'batch_size': 8, 'num_workers': 10, 'pin_memory': True, 'use_start_end_token': False, 'trim_silence': False, 'is_tarred': False, 'tarred_audio_filepaths': None, 'shuffle_n': 2048, 'bucketing_strategy': 'synced_randomized', 'bucketing_batch_size': None, 'return_sample_id': False, 'drop_last': False, 'asr_repo': 'whisper', 'shuffle': False, 'manifest_filepath': 'logs/en/ensemble/train/binary/b7/DAT/version_89/data/en/train_subset/test_ph.txt'}
2024-06-20 23:00:59,105 - progress - INFO - 	Batch size: 8
2024-06-20 23:00:59,108 - progress - INFO - Creating dataloader for logs/en/ensemble/train/binary/b7/DAT/version_89/data/en/train_subset/test_sc.txt
2024-06-20 23:00:59,108 - progress - INFO - 	Dataloader config: {'sample_rate': 16000, 'batch_size': 8, 'num_workers': 10, 'pin_memory': True, 'use_start_end_token': False, 'trim_silence': False, 'is_tarred': False, 'tarred_audio_filepaths': None, 'shuffle_n': 2048, 'bucketing_strategy': 'synced_randomized', 'bucketing_batch_size': None, 'return_sample_id': False, 'drop_last': False, 'asr_repo': 'whisper', 'shuffle': False, 'manifest_filepath': 'logs/en/ensemble/train/binary/b7/DAT/version_89/data/en/train_subset/test_sc.txt'}
2024-06-20 23:00:59,109 - progress - INFO - 	Batch size: 8
2024-06-20 23:00:59,112 - progress - INFO - Creating dataloader for logs/en/ensemble/train/binary/b7/DAT/version_89/data/en/train_subset/test_sg.txt
2024-06-20 23:00:59,113 - progress - INFO - 	Dataloader config: {'sample_rate': 16000, 'batch_size': 8, 'num_workers': 10, 'pin_memory': True, 'use_start_end_token': False, 'trim_silence': False, 'is_tarred': False, 'tarred_audio_filepaths': None, 'shuffle_n': 2048, 'bucketing_strategy': 'synced_randomized', 'bucketing_batch_size': None, 'return_sample_id': False, 'drop_last': False, 'asr_repo': 'whisper', 'shuffle': False, 'manifest_filepath': 'logs/en/ensemble/train/binary/b7/DAT/version_89/data/en/train_subset/test_sg.txt'}
2024-06-20 23:00:59,113 - progress - INFO - 	Batch size: 8
2024-06-20 23:00:59,115 - progress - INFO - Creating dataloader for logs/en/ensemble/train/binary/b7/DAT/version_89/data/en/train_subset/test_za.txt
2024-06-20 23:00:59,116 - progress - INFO - 	Dataloader config: {'sample_rate': 16000, 'batch_size': 8, 'num_workers': 10, 'pin_memory': True, 'use_start_end_token': False, 'trim_silence': False, 'is_tarred': False, 'tarred_audio_filepaths': None, 'shuffle_n': 2048, 'bucketing_strategy': 'synced_randomized', 'bucketing_batch_size': None, 'return_sample_id': False, 'drop_last': False, 'asr_repo': 'whisper', 'shuffle': False, 'manifest_filepath': 'logs/en/ensemble/train/binary/b7/DAT/version_89/data/en/train_subset/test_za.txt'}
2024-06-20 23:00:59,117 - progress - INFO - 	Batch size: 8
2024-06-20 23:09:21,288 - progress - INFO - Configuring optimizers
2024-06-20 23:09:21,308 - progress - INFO - Creating dataloader for ['logs/en/ensemble/train/binary/b7/DAT/version_89/data/en/train_subset/train_us.txt']
2024-06-20 23:09:21,309 - progress - INFO - 	Dataloader config: {'sample_rate': 16000, 'batch_size': 8, 'num_workers': 10, 'pin_memory': True, 'use_start_end_token': False, 'trim_silence': False, 'is_tarred': False, 'tarred_audio_filepaths': None, 'shuffle_n': 2048, 'bucketing_strategy': 'synced_randomized', 'bucketing_batch_size': None, 'return_sample_id': False, 'drop_last': False, 'asr_repo': 'whisper', 'shuffle': True, 'manifest_filepath': ['logs/en/ensemble/train/binary/b7/DAT/version_89/data/en/train_subset/train_us.txt']}
2024-06-20 23:09:21,309 - progress - INFO - 	Batch size: 8
2024-06-20 23:09:21,432 - progress - INFO - Creating dataloader for ['logs/en/ensemble/train/binary/b7/DAT/version_89/data/en/train_subset/train_ca.txt', 'logs/en/ensemble/train/binary/b7/DAT/version_89/data/en/train_subset/train_uk.txt', 'logs/en/ensemble/train/binary/b7/DAT/version_89/data/en/train_subset/train_in.txt', 'logs/en/ensemble/train/binary/b7/DAT/version_89/data/en/train_subset/train_de.txt', 'logs/en/ensemble/train/binary/b7/DAT/version_89/data/en/train_subset/train_au.txt']
2024-06-20 23:09:21,433 - progress - INFO - 	Dataloader config: {'sample_rate': 16000, 'batch_size': 8, 'num_workers': 10, 'pin_memory': True, 'use_start_end_token': False, 'trim_silence': False, 'is_tarred': False, 'tarred_audio_filepaths': None, 'shuffle_n': 2048, 'bucketing_strategy': 'synced_randomized', 'bucketing_batch_size': None, 'return_sample_id': False, 'drop_last': False, 'asr_repo': 'whisper', 'shuffle': True, 'manifest_filepath': ['logs/en/ensemble/train/binary/b7/DAT/version_89/data/en/train_subset/train_ca.txt', 'logs/en/ensemble/train/binary/b7/DAT/version_89/data/en/train_subset/train_uk.txt', 'logs/en/ensemble/train/binary/b7/DAT/version_89/data/en/train_subset/train_in.txt', 'logs/en/ensemble/train/binary/b7/DAT/version_89/data/en/train_subset/train_de.txt', 'logs/en/ensemble/train/binary/b7/DAT/version_89/data/en/train_subset/train_au.txt']}
2024-06-20 23:09:21,433 - progress - INFO - 	Batch size: 8
2024-06-20 23:09:22,164 - progress - INFO - Scheduler max. steps: 960
2024-06-20 23:09:22,178 - progress - INFO - Creating dataloader for ['logs/en/ensemble/train/binary/b7/DAT/version_89/data/en/train_subset/train_us.txt']
2024-06-20 23:09:22,179 - progress - INFO - 	Dataloader config: {'sample_rate': 16000, 'batch_size': 8, 'num_workers': 10, 'pin_memory': True, 'use_start_end_token': False, 'trim_silence': False, 'is_tarred': False, 'tarred_audio_filepaths': None, 'shuffle_n': 2048, 'bucketing_strategy': 'synced_randomized', 'bucketing_batch_size': None, 'return_sample_id': False, 'drop_last': False, 'asr_repo': 'whisper', 'shuffle': True, 'manifest_filepath': ['logs/en/ensemble/train/binary/b7/DAT/version_89/data/en/train_subset/train_us.txt']}
2024-06-20 23:09:22,180 - progress - INFO - 	Batch size: 8
2024-06-20 23:09:22,207 - progress - INFO - Creating dataloader for ['logs/en/ensemble/train/binary/b7/DAT/version_89/data/en/train_subset/train_ca.txt', 'logs/en/ensemble/train/binary/b7/DAT/version_89/data/en/train_subset/train_uk.txt', 'logs/en/ensemble/train/binary/b7/DAT/version_89/data/en/train_subset/train_in.txt', 'logs/en/ensemble/train/binary/b7/DAT/version_89/data/en/train_subset/train_de.txt', 'logs/en/ensemble/train/binary/b7/DAT/version_89/data/en/train_subset/train_au.txt']
2024-06-20 23:09:22,208 - progress - INFO - 	Dataloader config: {'sample_rate': 16000, 'batch_size': 8, 'num_workers': 10, 'pin_memory': True, 'use_start_end_token': False, 'trim_silence': False, 'is_tarred': False, 'tarred_audio_filepaths': None, 'shuffle_n': 2048, 'bucketing_strategy': 'synced_randomized', 'bucketing_batch_size': None, 'return_sample_id': False, 'drop_last': False, 'asr_repo': 'whisper', 'shuffle': True, 'manifest_filepath': ['logs/en/ensemble/train/binary/b7/DAT/version_89/data/en/train_subset/train_ca.txt', 'logs/en/ensemble/train/binary/b7/DAT/version_89/data/en/train_subset/train_uk.txt', 'logs/en/ensemble/train/binary/b7/DAT/version_89/data/en/train_subset/train_in.txt', 'logs/en/ensemble/train/binary/b7/DAT/version_89/data/en/train_subset/train_de.txt', 'logs/en/ensemble/train/binary/b7/DAT/version_89/data/en/train_subset/train_au.txt']}
2024-06-20 23:09:22,209 - progress - INFO - 	Batch size: 8
2024-06-20 23:09:22,241 - progress - INFO - Creating dataloader for logs/en/ensemble/train/binary/b7/DAT/version_89/data/en/train_subset/test_us.txt
2024-06-20 23:09:22,241 - progress - INFO - 	Dataloader config: {'sample_rate': 16000, 'batch_size': 8, 'num_workers': 10, 'pin_memory': True, 'use_start_end_token': False, 'trim_silence': False, 'is_tarred': False, 'tarred_audio_filepaths': None, 'shuffle_n': 2048, 'bucketing_strategy': 'synced_randomized', 'bucketing_batch_size': None, 'return_sample_id': False, 'drop_last': False, 'asr_repo': 'whisper', 'shuffle': False, 'manifest_filepath': 'logs/en/ensemble/train/binary/b7/DAT/version_89/data/en/train_subset/test_us.txt'}
2024-06-20 23:09:22,242 - progress - INFO - 	Batch size: 8
2024-06-20 23:09:22,250 - progress - INFO - Creating dataloader for logs/en/ensemble/train/binary/b7/DAT/version_89/data/en/train_subset/test_ca.txt
2024-06-20 23:09:22,251 - progress - INFO - 	Dataloader config: {'sample_rate': 16000, 'batch_size': 8, 'num_workers': 10, 'pin_memory': True, 'use_start_end_token': False, 'trim_silence': False, 'is_tarred': False, 'tarred_audio_filepaths': None, 'shuffle_n': 2048, 'bucketing_strategy': 'synced_randomized', 'bucketing_batch_size': None, 'return_sample_id': False, 'drop_last': False, 'asr_repo': 'whisper', 'shuffle': False, 'manifest_filepath': 'logs/en/ensemble/train/binary/b7/DAT/version_89/data/en/train_subset/test_ca.txt'}
2024-06-20 23:09:22,251 - progress - INFO - 	Batch size: 8
2024-06-20 23:09:22,254 - progress - INFO - Creating dataloader for logs/en/ensemble/train/binary/b7/DAT/version_89/data/en/train_subset/test_uk.txt
2024-06-20 23:09:22,255 - progress - INFO - 	Dataloader config: {'sample_rate': 16000, 'batch_size': 8, 'num_workers': 10, 'pin_memory': True, 'use_start_end_token': False, 'trim_silence': False, 'is_tarred': False, 'tarred_audio_filepaths': None, 'shuffle_n': 2048, 'bucketing_strategy': 'synced_randomized', 'bucketing_batch_size': None, 'return_sample_id': False, 'drop_last': False, 'asr_repo': 'whisper', 'shuffle': False, 'manifest_filepath': 'logs/en/ensemble/train/binary/b7/DAT/version_89/data/en/train_subset/test_uk.txt'}
2024-06-20 23:09:22,256 - progress - INFO - 	Batch size: 8
2024-06-20 23:09:22,260 - progress - INFO - Creating dataloader for logs/en/ensemble/train/binary/b7/DAT/version_89/data/en/train_subset/test_in.txt
2024-06-20 23:09:22,260 - progress - INFO - 	Dataloader config: {'sample_rate': 16000, 'batch_size': 8, 'num_workers': 10, 'pin_memory': True, 'use_start_end_token': False, 'trim_silence': False, 'is_tarred': False, 'tarred_audio_filepaths': None, 'shuffle_n': 2048, 'bucketing_strategy': 'synced_randomized', 'bucketing_batch_size': None, 'return_sample_id': False, 'drop_last': False, 'asr_repo': 'whisper', 'shuffle': False, 'manifest_filepath': 'logs/en/ensemble/train/binary/b7/DAT/version_89/data/en/train_subset/test_in.txt'}
2024-06-20 23:09:22,261 - progress - INFO - 	Batch size: 8
2024-06-20 23:09:22,264 - progress - INFO - Creating dataloader for logs/en/ensemble/train/binary/b7/DAT/version_89/data/en/train_subset/test_de.txt
2024-06-20 23:09:22,265 - progress - INFO - 	Dataloader config: {'sample_rate': 16000, 'batch_size': 8, 'num_workers': 10, 'pin_memory': True, 'use_start_end_token': False, 'trim_silence': False, 'is_tarred': False, 'tarred_audio_filepaths': None, 'shuffle_n': 2048, 'bucketing_strategy': 'synced_randomized', 'bucketing_batch_size': None, 'return_sample_id': False, 'drop_last': False, 'asr_repo': 'whisper', 'shuffle': False, 'manifest_filepath': 'logs/en/ensemble/train/binary/b7/DAT/version_89/data/en/train_subset/test_de.txt'}
2024-06-20 23:09:22,265 - progress - INFO - 	Batch size: 8
2024-06-20 23:09:22,268 - progress - INFO - Creating dataloader for logs/en/ensemble/train/binary/b7/DAT/version_89/data/en/train_subset/test_au.txt
2024-06-20 23:09:22,269 - progress - INFO - 	Dataloader config: {'sample_rate': 16000, 'batch_size': 8, 'num_workers': 10, 'pin_memory': True, 'use_start_end_token': False, 'trim_silence': False, 'is_tarred': False, 'tarred_audio_filepaths': None, 'shuffle_n': 2048, 'bucketing_strategy': 'synced_randomized', 'bucketing_batch_size': None, 'return_sample_id': False, 'drop_last': False, 'asr_repo': 'whisper', 'shuffle': False, 'manifest_filepath': 'logs/en/ensemble/train/binary/b7/DAT/version_89/data/en/train_subset/test_au.txt'}
2024-06-20 23:09:22,269 - progress - INFO - 	Batch size: 8
2024-06-20 23:09:22,272 - progress - INFO - Creating dataloader for logs/en/ensemble/train/binary/b7/DAT/version_89/data/en/train_subset/test_hk.txt
2024-06-20 23:09:22,273 - progress - INFO - 	Dataloader config: {'sample_rate': 16000, 'batch_size': 8, 'num_workers': 10, 'pin_memory': True, 'use_start_end_token': False, 'trim_silence': False, 'is_tarred': False, 'tarred_audio_filepaths': None, 'shuffle_n': 2048, 'bucketing_strategy': 'synced_randomized', 'bucketing_batch_size': None, 'return_sample_id': False, 'drop_last': False, 'asr_repo': 'whisper', 'shuffle': False, 'manifest_filepath': 'logs/en/ensemble/train/binary/b7/DAT/version_89/data/en/train_subset/test_hk.txt'}
2024-06-20 23:09:22,273 - progress - INFO - 	Batch size: 8
2024-06-20 23:09:22,277 - progress - INFO - Creating dataloader for logs/en/ensemble/train/binary/b7/DAT/version_89/data/en/train_subset/test_ie.txt
2024-06-20 23:09:22,277 - progress - INFO - 	Dataloader config: {'sample_rate': 16000, 'batch_size': 8, 'num_workers': 10, 'pin_memory': True, 'use_start_end_token': False, 'trim_silence': False, 'is_tarred': False, 'tarred_audio_filepaths': None, 'shuffle_n': 2048, 'bucketing_strategy': 'synced_randomized', 'bucketing_batch_size': None, 'return_sample_id': False, 'drop_last': False, 'asr_repo': 'whisper', 'shuffle': False, 'manifest_filepath': 'logs/en/ensemble/train/binary/b7/DAT/version_89/data/en/train_subset/test_ie.txt'}
2024-06-20 23:09:22,278 - progress - INFO - 	Batch size: 8
2024-06-20 23:09:22,280 - progress - INFO - Creating dataloader for logs/en/ensemble/train/binary/b7/DAT/version_89/data/en/train_subset/test_ni.txt
2024-06-20 23:09:22,281 - progress - INFO - 	Dataloader config: {'sample_rate': 16000, 'batch_size': 8, 'num_workers': 10, 'pin_memory': True, 'use_start_end_token': False, 'trim_silence': False, 'is_tarred': False, 'tarred_audio_filepaths': None, 'shuffle_n': 2048, 'bucketing_strategy': 'synced_randomized', 'bucketing_batch_size': None, 'return_sample_id': False, 'drop_last': False, 'asr_repo': 'whisper', 'shuffle': False, 'manifest_filepath': 'logs/en/ensemble/train/binary/b7/DAT/version_89/data/en/train_subset/test_ni.txt'}
2024-06-20 23:09:22,282 - progress - INFO - 	Batch size: 8
2024-06-20 23:09:22,285 - progress - INFO - Creating dataloader for logs/en/ensemble/train/binary/b7/DAT/version_89/data/en/train_subset/test_nz.txt
2024-06-20 23:09:22,285 - progress - INFO - 	Dataloader config: {'sample_rate': 16000, 'batch_size': 8, 'num_workers': 10, 'pin_memory': True, 'use_start_end_token': False, 'trim_silence': False, 'is_tarred': False, 'tarred_audio_filepaths': None, 'shuffle_n': 2048, 'bucketing_strategy': 'synced_randomized', 'bucketing_batch_size': None, 'return_sample_id': False, 'drop_last': False, 'asr_repo': 'whisper', 'shuffle': False, 'manifest_filepath': 'logs/en/ensemble/train/binary/b7/DAT/version_89/data/en/train_subset/test_nz.txt'}
2024-06-20 23:09:22,286 - progress - INFO - 	Batch size: 8
2024-06-20 23:09:22,289 - progress - INFO - Creating dataloader for logs/en/ensemble/train/binary/b7/DAT/version_89/data/en/train_subset/test_ph.txt
2024-06-20 23:09:22,289 - progress - INFO - 	Dataloader config: {'sample_rate': 16000, 'batch_size': 8, 'num_workers': 10, 'pin_memory': True, 'use_start_end_token': False, 'trim_silence': False, 'is_tarred': False, 'tarred_audio_filepaths': None, 'shuffle_n': 2048, 'bucketing_strategy': 'synced_randomized', 'bucketing_batch_size': None, 'return_sample_id': False, 'drop_last': False, 'asr_repo': 'whisper', 'shuffle': False, 'manifest_filepath': 'logs/en/ensemble/train/binary/b7/DAT/version_89/data/en/train_subset/test_ph.txt'}
2024-06-20 23:09:22,290 - progress - INFO - 	Batch size: 8
2024-06-20 23:09:22,292 - progress - INFO - Creating dataloader for logs/en/ensemble/train/binary/b7/DAT/version_89/data/en/train_subset/test_sc.txt
2024-06-20 23:09:22,293 - progress - INFO - 	Dataloader config: {'sample_rate': 16000, 'batch_size': 8, 'num_workers': 10, 'pin_memory': True, 'use_start_end_token': False, 'trim_silence': False, 'is_tarred': False, 'tarred_audio_filepaths': None, 'shuffle_n': 2048, 'bucketing_strategy': 'synced_randomized', 'bucketing_batch_size': None, 'return_sample_id': False, 'drop_last': False, 'asr_repo': 'whisper', 'shuffle': False, 'manifest_filepath': 'logs/en/ensemble/train/binary/b7/DAT/version_89/data/en/train_subset/test_sc.txt'}
2024-06-20 23:09:22,294 - progress - INFO - 	Batch size: 8
2024-06-20 23:09:22,298 - progress - INFO - Creating dataloader for logs/en/ensemble/train/binary/b7/DAT/version_89/data/en/train_subset/test_sg.txt
2024-06-20 23:09:22,298 - progress - INFO - 	Dataloader config: {'sample_rate': 16000, 'batch_size': 8, 'num_workers': 10, 'pin_memory': True, 'use_start_end_token': False, 'trim_silence': False, 'is_tarred': False, 'tarred_audio_filepaths': None, 'shuffle_n': 2048, 'bucketing_strategy': 'synced_randomized', 'bucketing_batch_size': None, 'return_sample_id': False, 'drop_last': False, 'asr_repo': 'whisper', 'shuffle': False, 'manifest_filepath': 'logs/en/ensemble/train/binary/b7/DAT/version_89/data/en/train_subset/test_sg.txt'}
2024-06-20 23:09:22,299 - progress - INFO - 	Batch size: 8
2024-06-20 23:09:22,301 - progress - INFO - Creating dataloader for logs/en/ensemble/train/binary/b7/DAT/version_89/data/en/train_subset/test_za.txt
2024-06-20 23:09:22,302 - progress - INFO - 	Dataloader config: {'sample_rate': 16000, 'batch_size': 8, 'num_workers': 10, 'pin_memory': True, 'use_start_end_token': False, 'trim_silence': False, 'is_tarred': False, 'tarred_audio_filepaths': None, 'shuffle_n': 2048, 'bucketing_strategy': 'synced_randomized', 'bucketing_batch_size': None, 'return_sample_id': False, 'drop_last': False, 'asr_repo': 'whisper', 'shuffle': False, 'manifest_filepath': 'logs/en/ensemble/train/binary/b7/DAT/version_89/data/en/train_subset/test_za.txt'}
2024-06-20 23:09:22,303 - progress - INFO - 	Batch size: 8
