2024-06-20 22:59:07,626 - progress - INFO - Creating dataloader for logs/en/ensemble/train/binary/b7/DAT/version_87/data/en/train_subset/test_us.txt
2024-06-20 22:59:07,627 - progress - INFO - 	Dataloader config: {'sample_rate': 16000, 'batch_size': 8, 'num_workers': 10, 'pin_memory': True, 'use_start_end_token': False, 'trim_silence': False, 'is_tarred': False, 'tarred_audio_filepaths': None, 'shuffle_n': 2048, 'bucketing_strategy': 'synced_randomized', 'bucketing_batch_size': None, 'return_sample_id': False, 'drop_last': False, 'asr_repo': 'whisper', 'shuffle': False, 'manifest_filepath': 'logs/en/ensemble/train/binary/b7/DAT/version_87/data/en/train_subset/test_us.txt'}
2024-06-20 22:59:07,628 - progress - INFO - 	Batch size: 8
2024-06-20 22:59:07,909 - progress - INFO - Creating dataloader for logs/en/ensemble/train/binary/b7/DAT/version_87/data/en/train_subset/test_ca.txt
2024-06-20 22:59:07,910 - progress - INFO - 	Dataloader config: {'sample_rate': 16000, 'batch_size': 8, 'num_workers': 10, 'pin_memory': True, 'use_start_end_token': False, 'trim_silence': False, 'is_tarred': False, 'tarred_audio_filepaths': None, 'shuffle_n': 2048, 'bucketing_strategy': 'synced_randomized', 'bucketing_batch_size': None, 'return_sample_id': False, 'drop_last': False, 'asr_repo': 'whisper', 'shuffle': False, 'manifest_filepath': 'logs/en/ensemble/train/binary/b7/DAT/version_87/data/en/train_subset/test_ca.txt'}
2024-06-20 22:59:07,911 - progress - INFO - 	Batch size: 8
2024-06-20 22:59:07,914 - progress - INFO - Creating dataloader for logs/en/ensemble/train/binary/b7/DAT/version_87/data/en/train_subset/test_uk.txt
2024-06-20 22:59:07,915 - progress - INFO - 	Dataloader config: {'sample_rate': 16000, 'batch_size': 8, 'num_workers': 10, 'pin_memory': True, 'use_start_end_token': False, 'trim_silence': False, 'is_tarred': False, 'tarred_audio_filepaths': None, 'shuffle_n': 2048, 'bucketing_strategy': 'synced_randomized', 'bucketing_batch_size': None, 'return_sample_id': False, 'drop_last': False, 'asr_repo': 'whisper', 'shuffle': False, 'manifest_filepath': 'logs/en/ensemble/train/binary/b7/DAT/version_87/data/en/train_subset/test_uk.txt'}
2024-06-20 22:59:07,916 - progress - INFO - 	Batch size: 8
2024-06-20 22:59:07,920 - progress - INFO - Creating dataloader for logs/en/ensemble/train/binary/b7/DAT/version_87/data/en/train_subset/test_in.txt
2024-06-20 22:59:07,921 - progress - INFO - 	Dataloader config: {'sample_rate': 16000, 'batch_size': 8, 'num_workers': 10, 'pin_memory': True, 'use_start_end_token': False, 'trim_silence': False, 'is_tarred': False, 'tarred_audio_filepaths': None, 'shuffle_n': 2048, 'bucketing_strategy': 'synced_randomized', 'bucketing_batch_size': None, 'return_sample_id': False, 'drop_last': False, 'asr_repo': 'whisper', 'shuffle': False, 'manifest_filepath': 'logs/en/ensemble/train/binary/b7/DAT/version_87/data/en/train_subset/test_in.txt'}
2024-06-20 22:59:07,922 - progress - INFO - 	Batch size: 8
2024-06-20 22:59:07,925 - progress - INFO - Creating dataloader for logs/en/ensemble/train/binary/b7/DAT/version_87/data/en/train_subset/test_de.txt
2024-06-20 22:59:07,926 - progress - INFO - 	Dataloader config: {'sample_rate': 16000, 'batch_size': 8, 'num_workers': 10, 'pin_memory': True, 'use_start_end_token': False, 'trim_silence': False, 'is_tarred': False, 'tarred_audio_filepaths': None, 'shuffle_n': 2048, 'bucketing_strategy': 'synced_randomized', 'bucketing_batch_size': None, 'return_sample_id': False, 'drop_last': False, 'asr_repo': 'whisper', 'shuffle': False, 'manifest_filepath': 'logs/en/ensemble/train/binary/b7/DAT/version_87/data/en/train_subset/test_de.txt'}
2024-06-20 22:59:07,927 - progress - INFO - 	Batch size: 8
2024-06-20 22:59:07,930 - progress - INFO - Creating dataloader for logs/en/ensemble/train/binary/b7/DAT/version_87/data/en/train_subset/test_au.txt
2024-06-20 22:59:07,931 - progress - INFO - 	Dataloader config: {'sample_rate': 16000, 'batch_size': 8, 'num_workers': 10, 'pin_memory': True, 'use_start_end_token': False, 'trim_silence': False, 'is_tarred': False, 'tarred_audio_filepaths': None, 'shuffle_n': 2048, 'bucketing_strategy': 'synced_randomized', 'bucketing_batch_size': None, 'return_sample_id': False, 'drop_last': False, 'asr_repo': 'whisper', 'shuffle': False, 'manifest_filepath': 'logs/en/ensemble/train/binary/b7/DAT/version_87/data/en/train_subset/test_au.txt'}
2024-06-20 22:59:07,931 - progress - INFO - 	Batch size: 8
2024-06-20 22:59:07,934 - progress - INFO - Creating dataloader for logs/en/ensemble/train/binary/b7/DAT/version_87/data/en/train_subset/test_hk.txt
2024-06-20 22:59:07,935 - progress - INFO - 	Dataloader config: {'sample_rate': 16000, 'batch_size': 8, 'num_workers': 10, 'pin_memory': True, 'use_start_end_token': False, 'trim_silence': False, 'is_tarred': False, 'tarred_audio_filepaths': None, 'shuffle_n': 2048, 'bucketing_strategy': 'synced_randomized', 'bucketing_batch_size': None, 'return_sample_id': False, 'drop_last': False, 'asr_repo': 'whisper', 'shuffle': False, 'manifest_filepath': 'logs/en/ensemble/train/binary/b7/DAT/version_87/data/en/train_subset/test_hk.txt'}
2024-06-20 22:59:07,935 - progress - INFO - 	Batch size: 8
2024-06-20 22:59:07,938 - progress - INFO - Creating dataloader for logs/en/ensemble/train/binary/b7/DAT/version_87/data/en/train_subset/test_ie.txt
2024-06-20 22:59:07,939 - progress - INFO - 	Dataloader config: {'sample_rate': 16000, 'batch_size': 8, 'num_workers': 10, 'pin_memory': True, 'use_start_end_token': False, 'trim_silence': False, 'is_tarred': False, 'tarred_audio_filepaths': None, 'shuffle_n': 2048, 'bucketing_strategy': 'synced_randomized', 'bucketing_batch_size': None, 'return_sample_id': False, 'drop_last': False, 'asr_repo': 'whisper', 'shuffle': False, 'manifest_filepath': 'logs/en/ensemble/train/binary/b7/DAT/version_87/data/en/train_subset/test_ie.txt'}
2024-06-20 22:59:07,939 - progress - INFO - 	Batch size: 8
2024-06-20 22:59:07,942 - progress - INFO - Creating dataloader for logs/en/ensemble/train/binary/b7/DAT/version_87/data/en/train_subset/test_ni.txt
2024-06-20 22:59:07,943 - progress - INFO - 	Dataloader config: {'sample_rate': 16000, 'batch_size': 8, 'num_workers': 10, 'pin_memory': True, 'use_start_end_token': False, 'trim_silence': False, 'is_tarred': False, 'tarred_audio_filepaths': None, 'shuffle_n': 2048, 'bucketing_strategy': 'synced_randomized', 'bucketing_batch_size': None, 'return_sample_id': False, 'drop_last': False, 'asr_repo': 'whisper', 'shuffle': False, 'manifest_filepath': 'logs/en/ensemble/train/binary/b7/DAT/version_87/data/en/train_subset/test_ni.txt'}
2024-06-20 22:59:07,944 - progress - INFO - 	Batch size: 8
2024-06-20 22:59:07,946 - progress - INFO - Creating dataloader for logs/en/ensemble/train/binary/b7/DAT/version_87/data/en/train_subset/test_nz.txt
2024-06-20 22:59:07,947 - progress - INFO - 	Dataloader config: {'sample_rate': 16000, 'batch_size': 8, 'num_workers': 10, 'pin_memory': True, 'use_start_end_token': False, 'trim_silence': False, 'is_tarred': False, 'tarred_audio_filepaths': None, 'shuffle_n': 2048, 'bucketing_strategy': 'synced_randomized', 'bucketing_batch_size': None, 'return_sample_id': False, 'drop_last': False, 'asr_repo': 'whisper', 'shuffle': False, 'manifest_filepath': 'logs/en/ensemble/train/binary/b7/DAT/version_87/data/en/train_subset/test_nz.txt'}
2024-06-20 22:59:07,948 - progress - INFO - 	Batch size: 8
2024-06-20 22:59:07,951 - progress - INFO - Creating dataloader for logs/en/ensemble/train/binary/b7/DAT/version_87/data/en/train_subset/test_ph.txt
2024-06-20 22:59:07,952 - progress - INFO - 	Dataloader config: {'sample_rate': 16000, 'batch_size': 8, 'num_workers': 10, 'pin_memory': True, 'use_start_end_token': False, 'trim_silence': False, 'is_tarred': False, 'tarred_audio_filepaths': None, 'shuffle_n': 2048, 'bucketing_strategy': 'synced_randomized', 'bucketing_batch_size': None, 'return_sample_id': False, 'drop_last': False, 'asr_repo': 'whisper', 'shuffle': False, 'manifest_filepath': 'logs/en/ensemble/train/binary/b7/DAT/version_87/data/en/train_subset/test_ph.txt'}
2024-06-20 22:59:07,952 - progress - INFO - 	Batch size: 8
2024-06-20 22:59:07,955 - progress - INFO - Creating dataloader for logs/en/ensemble/train/binary/b7/DAT/version_87/data/en/train_subset/test_sc.txt
2024-06-20 22:59:07,956 - progress - INFO - 	Dataloader config: {'sample_rate': 16000, 'batch_size': 8, 'num_workers': 10, 'pin_memory': True, 'use_start_end_token': False, 'trim_silence': False, 'is_tarred': False, 'tarred_audio_filepaths': None, 'shuffle_n': 2048, 'bucketing_strategy': 'synced_randomized', 'bucketing_batch_size': None, 'return_sample_id': False, 'drop_last': False, 'asr_repo': 'whisper', 'shuffle': False, 'manifest_filepath': 'logs/en/ensemble/train/binary/b7/DAT/version_87/data/en/train_subset/test_sc.txt'}
2024-06-20 22:59:07,956 - progress - INFO - 	Batch size: 8
2024-06-20 22:59:07,960 - progress - INFO - Creating dataloader for logs/en/ensemble/train/binary/b7/DAT/version_87/data/en/train_subset/test_sg.txt
2024-06-20 22:59:07,960 - progress - INFO - 	Dataloader config: {'sample_rate': 16000, 'batch_size': 8, 'num_workers': 10, 'pin_memory': True, 'use_start_end_token': False, 'trim_silence': False, 'is_tarred': False, 'tarred_audio_filepaths': None, 'shuffle_n': 2048, 'bucketing_strategy': 'synced_randomized', 'bucketing_batch_size': None, 'return_sample_id': False, 'drop_last': False, 'asr_repo': 'whisper', 'shuffle': False, 'manifest_filepath': 'logs/en/ensemble/train/binary/b7/DAT/version_87/data/en/train_subset/test_sg.txt'}
2024-06-20 22:59:07,961 - progress - INFO - 	Batch size: 8
2024-06-20 22:59:07,964 - progress - INFO - Creating dataloader for logs/en/ensemble/train/binary/b7/DAT/version_87/data/en/train_subset/test_za.txt
2024-06-20 22:59:07,964 - progress - INFO - 	Dataloader config: {'sample_rate': 16000, 'batch_size': 8, 'num_workers': 10, 'pin_memory': True, 'use_start_end_token': False, 'trim_silence': False, 'is_tarred': False, 'tarred_audio_filepaths': None, 'shuffle_n': 2048, 'bucketing_strategy': 'synced_randomized', 'bucketing_batch_size': None, 'return_sample_id': False, 'drop_last': False, 'asr_repo': 'whisper', 'shuffle': False, 'manifest_filepath': 'logs/en/ensemble/train/binary/b7/DAT/version_87/data/en/train_subset/test_za.txt'}
2024-06-20 22:59:07,965 - progress - INFO - 	Batch size: 8
2024-06-20 23:07:30,290 - progress - INFO - Configuring optimizers
2024-06-20 23:07:30,309 - progress - INFO - Creating dataloader for ['logs/en/ensemble/train/binary/b7/DAT/version_87/data/en/train_subset/train_us.txt']
2024-06-20 23:07:30,310 - progress - INFO - 	Dataloader config: {'sample_rate': 16000, 'batch_size': 8, 'num_workers': 10, 'pin_memory': True, 'use_start_end_token': False, 'trim_silence': False, 'is_tarred': False, 'tarred_audio_filepaths': None, 'shuffle_n': 2048, 'bucketing_strategy': 'synced_randomized', 'bucketing_batch_size': None, 'return_sample_id': False, 'drop_last': False, 'asr_repo': 'whisper', 'shuffle': True, 'manifest_filepath': ['logs/en/ensemble/train/binary/b7/DAT/version_87/data/en/train_subset/train_us.txt']}
2024-06-20 23:07:30,311 - progress - INFO - 	Batch size: 8
2024-06-20 23:07:30,410 - progress - INFO - Creating dataloader for ['logs/en/ensemble/train/binary/b7/DAT/version_87/data/en/train_subset/train_ca.txt', 'logs/en/ensemble/train/binary/b7/DAT/version_87/data/en/train_subset/train_uk.txt', 'logs/en/ensemble/train/binary/b7/DAT/version_87/data/en/train_subset/train_in.txt', 'logs/en/ensemble/train/binary/b7/DAT/version_87/data/en/train_subset/train_de.txt', 'logs/en/ensemble/train/binary/b7/DAT/version_87/data/en/train_subset/train_au.txt']
2024-06-20 23:07:30,410 - progress - INFO - 	Dataloader config: {'sample_rate': 16000, 'batch_size': 8, 'num_workers': 10, 'pin_memory': True, 'use_start_end_token': False, 'trim_silence': False, 'is_tarred': False, 'tarred_audio_filepaths': None, 'shuffle_n': 2048, 'bucketing_strategy': 'synced_randomized', 'bucketing_batch_size': None, 'return_sample_id': False, 'drop_last': False, 'asr_repo': 'whisper', 'shuffle': True, 'manifest_filepath': ['logs/en/ensemble/train/binary/b7/DAT/version_87/data/en/train_subset/train_ca.txt', 'logs/en/ensemble/train/binary/b7/DAT/version_87/data/en/train_subset/train_uk.txt', 'logs/en/ensemble/train/binary/b7/DAT/version_87/data/en/train_subset/train_in.txt', 'logs/en/ensemble/train/binary/b7/DAT/version_87/data/en/train_subset/train_de.txt', 'logs/en/ensemble/train/binary/b7/DAT/version_87/data/en/train_subset/train_au.txt']}
2024-06-20 23:07:30,411 - progress - INFO - 	Batch size: 8
2024-06-20 23:07:30,708 - progress - INFO - Scheduler max. steps: 960
2024-06-20 23:07:30,722 - progress - INFO - Creating dataloader for ['logs/en/ensemble/train/binary/b7/DAT/version_87/data/en/train_subset/train_us.txt']
2024-06-20 23:07:30,724 - progress - INFO - 	Dataloader config: {'sample_rate': 16000, 'batch_size': 8, 'num_workers': 10, 'pin_memory': True, 'use_start_end_token': False, 'trim_silence': False, 'is_tarred': False, 'tarred_audio_filepaths': None, 'shuffle_n': 2048, 'bucketing_strategy': 'synced_randomized', 'bucketing_batch_size': None, 'return_sample_id': False, 'drop_last': False, 'asr_repo': 'whisper', 'shuffle': True, 'manifest_filepath': ['logs/en/ensemble/train/binary/b7/DAT/version_87/data/en/train_subset/train_us.txt']}
2024-06-20 23:07:30,724 - progress - INFO - 	Batch size: 8
2024-06-20 23:07:30,746 - progress - INFO - Creating dataloader for ['logs/en/ensemble/train/binary/b7/DAT/version_87/data/en/train_subset/train_ca.txt', 'logs/en/ensemble/train/binary/b7/DAT/version_87/data/en/train_subset/train_uk.txt', 'logs/en/ensemble/train/binary/b7/DAT/version_87/data/en/train_subset/train_in.txt', 'logs/en/ensemble/train/binary/b7/DAT/version_87/data/en/train_subset/train_de.txt', 'logs/en/ensemble/train/binary/b7/DAT/version_87/data/en/train_subset/train_au.txt']
2024-06-20 23:07:30,747 - progress - INFO - 	Dataloader config: {'sample_rate': 16000, 'batch_size': 8, 'num_workers': 10, 'pin_memory': True, 'use_start_end_token': False, 'trim_silence': False, 'is_tarred': False, 'tarred_audio_filepaths': None, 'shuffle_n': 2048, 'bucketing_strategy': 'synced_randomized', 'bucketing_batch_size': None, 'return_sample_id': False, 'drop_last': False, 'asr_repo': 'whisper', 'shuffle': True, 'manifest_filepath': ['logs/en/ensemble/train/binary/b7/DAT/version_87/data/en/train_subset/train_ca.txt', 'logs/en/ensemble/train/binary/b7/DAT/version_87/data/en/train_subset/train_uk.txt', 'logs/en/ensemble/train/binary/b7/DAT/version_87/data/en/train_subset/train_in.txt', 'logs/en/ensemble/train/binary/b7/DAT/version_87/data/en/train_subset/train_de.txt', 'logs/en/ensemble/train/binary/b7/DAT/version_87/data/en/train_subset/train_au.txt']}
2024-06-20 23:07:30,748 - progress - INFO - 	Batch size: 8
2024-06-20 23:07:30,777 - progress - INFO - Creating dataloader for logs/en/ensemble/train/binary/b7/DAT/version_87/data/en/train_subset/test_us.txt
2024-06-20 23:07:30,783 - progress - INFO - 	Dataloader config: {'sample_rate': 16000, 'batch_size': 8, 'num_workers': 10, 'pin_memory': True, 'use_start_end_token': False, 'trim_silence': False, 'is_tarred': False, 'tarred_audio_filepaths': None, 'shuffle_n': 2048, 'bucketing_strategy': 'synced_randomized', 'bucketing_batch_size': None, 'return_sample_id': False, 'drop_last': False, 'asr_repo': 'whisper', 'shuffle': False, 'manifest_filepath': 'logs/en/ensemble/train/binary/b7/DAT/version_87/data/en/train_subset/test_us.txt'}
2024-06-20 23:07:30,784 - progress - INFO - 	Batch size: 8
2024-06-20 23:07:30,793 - progress - INFO - Creating dataloader for logs/en/ensemble/train/binary/b7/DAT/version_87/data/en/train_subset/test_ca.txt
2024-06-20 23:07:30,794 - progress - INFO - 	Dataloader config: {'sample_rate': 16000, 'batch_size': 8, 'num_workers': 10, 'pin_memory': True, 'use_start_end_token': False, 'trim_silence': False, 'is_tarred': False, 'tarred_audio_filepaths': None, 'shuffle_n': 2048, 'bucketing_strategy': 'synced_randomized', 'bucketing_batch_size': None, 'return_sample_id': False, 'drop_last': False, 'asr_repo': 'whisper', 'shuffle': False, 'manifest_filepath': 'logs/en/ensemble/train/binary/b7/DAT/version_87/data/en/train_subset/test_ca.txt'}
2024-06-20 23:07:30,794 - progress - INFO - 	Batch size: 8
2024-06-20 23:07:30,798 - progress - INFO - Creating dataloader for logs/en/ensemble/train/binary/b7/DAT/version_87/data/en/train_subset/test_uk.txt
2024-06-20 23:07:30,799 - progress - INFO - 	Dataloader config: {'sample_rate': 16000, 'batch_size': 8, 'num_workers': 10, 'pin_memory': True, 'use_start_end_token': False, 'trim_silence': False, 'is_tarred': False, 'tarred_audio_filepaths': None, 'shuffle_n': 2048, 'bucketing_strategy': 'synced_randomized', 'bucketing_batch_size': None, 'return_sample_id': False, 'drop_last': False, 'asr_repo': 'whisper', 'shuffle': False, 'manifest_filepath': 'logs/en/ensemble/train/binary/b7/DAT/version_87/data/en/train_subset/test_uk.txt'}
2024-06-20 23:07:30,806 - progress - INFO - 	Batch size: 8
2024-06-20 23:07:30,810 - progress - INFO - Creating dataloader for logs/en/ensemble/train/binary/b7/DAT/version_87/data/en/train_subset/test_in.txt
2024-06-20 23:07:30,811 - progress - INFO - 	Dataloader config: {'sample_rate': 16000, 'batch_size': 8, 'num_workers': 10, 'pin_memory': True, 'use_start_end_token': False, 'trim_silence': False, 'is_tarred': False, 'tarred_audio_filepaths': None, 'shuffle_n': 2048, 'bucketing_strategy': 'synced_randomized', 'bucketing_batch_size': None, 'return_sample_id': False, 'drop_last': False, 'asr_repo': 'whisper', 'shuffle': False, 'manifest_filepath': 'logs/en/ensemble/train/binary/b7/DAT/version_87/data/en/train_subset/test_in.txt'}
2024-06-20 23:07:30,812 - progress - INFO - 	Batch size: 8
2024-06-20 23:07:30,815 - progress - INFO - Creating dataloader for logs/en/ensemble/train/binary/b7/DAT/version_87/data/en/train_subset/test_de.txt
2024-06-20 23:07:30,816 - progress - INFO - 	Dataloader config: {'sample_rate': 16000, 'batch_size': 8, 'num_workers': 10, 'pin_memory': True, 'use_start_end_token': False, 'trim_silence': False, 'is_tarred': False, 'tarred_audio_filepaths': None, 'shuffle_n': 2048, 'bucketing_strategy': 'synced_randomized', 'bucketing_batch_size': None, 'return_sample_id': False, 'drop_last': False, 'asr_repo': 'whisper', 'shuffle': False, 'manifest_filepath': 'logs/en/ensemble/train/binary/b7/DAT/version_87/data/en/train_subset/test_de.txt'}
2024-06-20 23:07:30,817 - progress - INFO - 	Batch size: 8
2024-06-20 23:07:30,820 - progress - INFO - Creating dataloader for logs/en/ensemble/train/binary/b7/DAT/version_87/data/en/train_subset/test_au.txt
2024-06-20 23:07:30,821 - progress - INFO - 	Dataloader config: {'sample_rate': 16000, 'batch_size': 8, 'num_workers': 10, 'pin_memory': True, 'use_start_end_token': False, 'trim_silence': False, 'is_tarred': False, 'tarred_audio_filepaths': None, 'shuffle_n': 2048, 'bucketing_strategy': 'synced_randomized', 'bucketing_batch_size': None, 'return_sample_id': False, 'drop_last': False, 'asr_repo': 'whisper', 'shuffle': False, 'manifest_filepath': 'logs/en/ensemble/train/binary/b7/DAT/version_87/data/en/train_subset/test_au.txt'}
2024-06-20 23:07:30,822 - progress - INFO - 	Batch size: 8
2024-06-20 23:07:30,825 - progress - INFO - Creating dataloader for logs/en/ensemble/train/binary/b7/DAT/version_87/data/en/train_subset/test_hk.txt
2024-06-20 23:07:30,826 - progress - INFO - 	Dataloader config: {'sample_rate': 16000, 'batch_size': 8, 'num_workers': 10, 'pin_memory': True, 'use_start_end_token': False, 'trim_silence': False, 'is_tarred': False, 'tarred_audio_filepaths': None, 'shuffle_n': 2048, 'bucketing_strategy': 'synced_randomized', 'bucketing_batch_size': None, 'return_sample_id': False, 'drop_last': False, 'asr_repo': 'whisper', 'shuffle': False, 'manifest_filepath': 'logs/en/ensemble/train/binary/b7/DAT/version_87/data/en/train_subset/test_hk.txt'}
2024-06-20 23:07:30,827 - progress - INFO - 	Batch size: 8
2024-06-20 23:07:30,829 - progress - INFO - Creating dataloader for logs/en/ensemble/train/binary/b7/DAT/version_87/data/en/train_subset/test_ie.txt
2024-06-20 23:07:30,830 - progress - INFO - 	Dataloader config: {'sample_rate': 16000, 'batch_size': 8, 'num_workers': 10, 'pin_memory': True, 'use_start_end_token': False, 'trim_silence': False, 'is_tarred': False, 'tarred_audio_filepaths': None, 'shuffle_n': 2048, 'bucketing_strategy': 'synced_randomized', 'bucketing_batch_size': None, 'return_sample_id': False, 'drop_last': False, 'asr_repo': 'whisper', 'shuffle': False, 'manifest_filepath': 'logs/en/ensemble/train/binary/b7/DAT/version_87/data/en/train_subset/test_ie.txt'}
2024-06-20 23:07:30,831 - progress - INFO - 	Batch size: 8
2024-06-20 23:07:30,834 - progress - INFO - Creating dataloader for logs/en/ensemble/train/binary/b7/DAT/version_87/data/en/train_subset/test_ni.txt
2024-06-20 23:07:30,835 - progress - INFO - 	Dataloader config: {'sample_rate': 16000, 'batch_size': 8, 'num_workers': 10, 'pin_memory': True, 'use_start_end_token': False, 'trim_silence': False, 'is_tarred': False, 'tarred_audio_filepaths': None, 'shuffle_n': 2048, 'bucketing_strategy': 'synced_randomized', 'bucketing_batch_size': None, 'return_sample_id': False, 'drop_last': False, 'asr_repo': 'whisper', 'shuffle': False, 'manifest_filepath': 'logs/en/ensemble/train/binary/b7/DAT/version_87/data/en/train_subset/test_ni.txt'}
2024-06-20 23:07:30,835 - progress - INFO - 	Batch size: 8
2024-06-20 23:07:30,838 - progress - INFO - Creating dataloader for logs/en/ensemble/train/binary/b7/DAT/version_87/data/en/train_subset/test_nz.txt
2024-06-20 23:07:30,839 - progress - INFO - 	Dataloader config: {'sample_rate': 16000, 'batch_size': 8, 'num_workers': 10, 'pin_memory': True, 'use_start_end_token': False, 'trim_silence': False, 'is_tarred': False, 'tarred_audio_filepaths': None, 'shuffle_n': 2048, 'bucketing_strategy': 'synced_randomized', 'bucketing_batch_size': None, 'return_sample_id': False, 'drop_last': False, 'asr_repo': 'whisper', 'shuffle': False, 'manifest_filepath': 'logs/en/ensemble/train/binary/b7/DAT/version_87/data/en/train_subset/test_nz.txt'}
2024-06-20 23:07:30,839 - progress - INFO - 	Batch size: 8
2024-06-20 23:07:30,842 - progress - INFO - Creating dataloader for logs/en/ensemble/train/binary/b7/DAT/version_87/data/en/train_subset/test_ph.txt
2024-06-20 23:07:30,843 - progress - INFO - 	Dataloader config: {'sample_rate': 16000, 'batch_size': 8, 'num_workers': 10, 'pin_memory': True, 'use_start_end_token': False, 'trim_silence': False, 'is_tarred': False, 'tarred_audio_filepaths': None, 'shuffle_n': 2048, 'bucketing_strategy': 'synced_randomized', 'bucketing_batch_size': None, 'return_sample_id': False, 'drop_last': False, 'asr_repo': 'whisper', 'shuffle': False, 'manifest_filepath': 'logs/en/ensemble/train/binary/b7/DAT/version_87/data/en/train_subset/test_ph.txt'}
2024-06-20 23:07:30,844 - progress - INFO - 	Batch size: 8
2024-06-20 23:07:30,846 - progress - INFO - Creating dataloader for logs/en/ensemble/train/binary/b7/DAT/version_87/data/en/train_subset/test_sc.txt
2024-06-20 23:07:30,847 - progress - INFO - 	Dataloader config: {'sample_rate': 16000, 'batch_size': 8, 'num_workers': 10, 'pin_memory': True, 'use_start_end_token': False, 'trim_silence': False, 'is_tarred': False, 'tarred_audio_filepaths': None, 'shuffle_n': 2048, 'bucketing_strategy': 'synced_randomized', 'bucketing_batch_size': None, 'return_sample_id': False, 'drop_last': False, 'asr_repo': 'whisper', 'shuffle': False, 'manifest_filepath': 'logs/en/ensemble/train/binary/b7/DAT/version_87/data/en/train_subset/test_sc.txt'}
2024-06-20 23:07:30,848 - progress - INFO - 	Batch size: 8
2024-06-20 23:07:30,851 - progress - INFO - Creating dataloader for logs/en/ensemble/train/binary/b7/DAT/version_87/data/en/train_subset/test_sg.txt
2024-06-20 23:07:30,852 - progress - INFO - 	Dataloader config: {'sample_rate': 16000, 'batch_size': 8, 'num_workers': 10, 'pin_memory': True, 'use_start_end_token': False, 'trim_silence': False, 'is_tarred': False, 'tarred_audio_filepaths': None, 'shuffle_n': 2048, 'bucketing_strategy': 'synced_randomized', 'bucketing_batch_size': None, 'return_sample_id': False, 'drop_last': False, 'asr_repo': 'whisper', 'shuffle': False, 'manifest_filepath': 'logs/en/ensemble/train/binary/b7/DAT/version_87/data/en/train_subset/test_sg.txt'}
2024-06-20 23:07:30,853 - progress - INFO - 	Batch size: 8
2024-06-20 23:07:30,855 - progress - INFO - Creating dataloader for logs/en/ensemble/train/binary/b7/DAT/version_87/data/en/train_subset/test_za.txt
2024-06-20 23:07:30,855 - progress - INFO - 	Dataloader config: {'sample_rate': 16000, 'batch_size': 8, 'num_workers': 10, 'pin_memory': True, 'use_start_end_token': False, 'trim_silence': False, 'is_tarred': False, 'tarred_audio_filepaths': None, 'shuffle_n': 2048, 'bucketing_strategy': 'synced_randomized', 'bucketing_batch_size': None, 'return_sample_id': False, 'drop_last': False, 'asr_repo': 'whisper', 'shuffle': False, 'manifest_filepath': 'logs/en/ensemble/train/binary/b7/DAT/version_87/data/en/train_subset/test_za.txt'}
2024-06-20 23:07:30,856 - progress - INFO - 	Batch size: 8
