2024-07-05 13:14:44,629 - progress - INFO - Creating dataloader for logs/en/ensemble/train/binary/b7/DAT/version_96/data/en/train_subset/test_us.txt
2024-07-05 13:14:44,630 - progress - INFO - 	Dataloader config: {'sample_rate': 16000, 'batch_size': 8, 'num_workers': 10, 'pin_memory': True, 'use_start_end_token': False, 'trim_silence': False, 'is_tarred': False, 'tarred_audio_filepaths': None, 'shuffle_n': 2048, 'bucketing_strategy': 'synced_randomized', 'bucketing_batch_size': None, 'return_sample_id': False, 'drop_last': False, 'asr_repo': 'whisper', 'shuffle': False, 'manifest_filepath': 'logs/en/ensemble/train/binary/b7/DAT/version_96/data/en/train_subset/test_us.txt'}
2024-07-05 13:14:44,631 - progress - INFO - 	Batch size: 8
2024-07-05 13:14:45,072 - progress - INFO - Creating dataloader for logs/en/ensemble/train/binary/b7/DAT/version_96/data/en/train_subset/test_ca.txt
2024-07-05 13:14:45,074 - progress - INFO - 	Dataloader config: {'sample_rate': 16000, 'batch_size': 8, 'num_workers': 10, 'pin_memory': True, 'use_start_end_token': False, 'trim_silence': False, 'is_tarred': False, 'tarred_audio_filepaths': None, 'shuffle_n': 2048, 'bucketing_strategy': 'synced_randomized', 'bucketing_batch_size': None, 'return_sample_id': False, 'drop_last': False, 'asr_repo': 'whisper', 'shuffle': False, 'manifest_filepath': 'logs/en/ensemble/train/binary/b7/DAT/version_96/data/en/train_subset/test_ca.txt'}
2024-07-05 13:14:45,075 - progress - INFO - 	Batch size: 8
2024-07-05 13:14:45,081 - progress - INFO - Creating dataloader for logs/en/ensemble/train/binary/b7/DAT/version_96/data/en/train_subset/test_uk.txt
2024-07-05 13:14:45,082 - progress - INFO - 	Dataloader config: {'sample_rate': 16000, 'batch_size': 8, 'num_workers': 10, 'pin_memory': True, 'use_start_end_token': False, 'trim_silence': False, 'is_tarred': False, 'tarred_audio_filepaths': None, 'shuffle_n': 2048, 'bucketing_strategy': 'synced_randomized', 'bucketing_batch_size': None, 'return_sample_id': False, 'drop_last': False, 'asr_repo': 'whisper', 'shuffle': False, 'manifest_filepath': 'logs/en/ensemble/train/binary/b7/DAT/version_96/data/en/train_subset/test_uk.txt'}
2024-07-05 13:14:45,083 - progress - INFO - 	Batch size: 8
2024-07-05 13:14:45,088 - progress - INFO - Creating dataloader for logs/en/ensemble/train/binary/b7/DAT/version_96/data/en/train_subset/test_in.txt
2024-07-05 13:14:45,089 - progress - INFO - 	Dataloader config: {'sample_rate': 16000, 'batch_size': 8, 'num_workers': 10, 'pin_memory': True, 'use_start_end_token': False, 'trim_silence': False, 'is_tarred': False, 'tarred_audio_filepaths': None, 'shuffle_n': 2048, 'bucketing_strategy': 'synced_randomized', 'bucketing_batch_size': None, 'return_sample_id': False, 'drop_last': False, 'asr_repo': 'whisper', 'shuffle': False, 'manifest_filepath': 'logs/en/ensemble/train/binary/b7/DAT/version_96/data/en/train_subset/test_in.txt'}
2024-07-05 13:14:45,090 - progress - INFO - 	Batch size: 8
2024-07-05 13:14:45,094 - progress - INFO - Creating dataloader for logs/en/ensemble/train/binary/b7/DAT/version_96/data/en/train_subset/test_de.txt
2024-07-05 13:14:45,095 - progress - INFO - 	Dataloader config: {'sample_rate': 16000, 'batch_size': 8, 'num_workers': 10, 'pin_memory': True, 'use_start_end_token': False, 'trim_silence': False, 'is_tarred': False, 'tarred_audio_filepaths': None, 'shuffle_n': 2048, 'bucketing_strategy': 'synced_randomized', 'bucketing_batch_size': None, 'return_sample_id': False, 'drop_last': False, 'asr_repo': 'whisper', 'shuffle': False, 'manifest_filepath': 'logs/en/ensemble/train/binary/b7/DAT/version_96/data/en/train_subset/test_de.txt'}
2024-07-05 13:14:45,096 - progress - INFO - 	Batch size: 8
2024-07-05 13:14:45,100 - progress - INFO - Creating dataloader for logs/en/ensemble/train/binary/b7/DAT/version_96/data/en/train_subset/test_au.txt
2024-07-05 13:14:45,101 - progress - INFO - 	Dataloader config: {'sample_rate': 16000, 'batch_size': 8, 'num_workers': 10, 'pin_memory': True, 'use_start_end_token': False, 'trim_silence': False, 'is_tarred': False, 'tarred_audio_filepaths': None, 'shuffle_n': 2048, 'bucketing_strategy': 'synced_randomized', 'bucketing_batch_size': None, 'return_sample_id': False, 'drop_last': False, 'asr_repo': 'whisper', 'shuffle': False, 'manifest_filepath': 'logs/en/ensemble/train/binary/b7/DAT/version_96/data/en/train_subset/test_au.txt'}
2024-07-05 13:14:45,102 - progress - INFO - 	Batch size: 8
2024-07-05 13:14:45,105 - progress - INFO - Creating dataloader for logs/en/ensemble/train/binary/b7/DAT/version_96/data/en/train_subset/test_hk.txt
2024-07-05 13:14:45,106 - progress - INFO - 	Dataloader config: {'sample_rate': 16000, 'batch_size': 8, 'num_workers': 10, 'pin_memory': True, 'use_start_end_token': False, 'trim_silence': False, 'is_tarred': False, 'tarred_audio_filepaths': None, 'shuffle_n': 2048, 'bucketing_strategy': 'synced_randomized', 'bucketing_batch_size': None, 'return_sample_id': False, 'drop_last': False, 'asr_repo': 'whisper', 'shuffle': False, 'manifest_filepath': 'logs/en/ensemble/train/binary/b7/DAT/version_96/data/en/train_subset/test_hk.txt'}
2024-07-05 13:14:45,107 - progress - INFO - 	Batch size: 8
2024-07-05 13:14:45,110 - progress - INFO - Creating dataloader for logs/en/ensemble/train/binary/b7/DAT/version_96/data/en/train_subset/test_ie.txt
2024-07-05 13:14:45,111 - progress - INFO - 	Dataloader config: {'sample_rate': 16000, 'batch_size': 8, 'num_workers': 10, 'pin_memory': True, 'use_start_end_token': False, 'trim_silence': False, 'is_tarred': False, 'tarred_audio_filepaths': None, 'shuffle_n': 2048, 'bucketing_strategy': 'synced_randomized', 'bucketing_batch_size': None, 'return_sample_id': False, 'drop_last': False, 'asr_repo': 'whisper', 'shuffle': False, 'manifest_filepath': 'logs/en/ensemble/train/binary/b7/DAT/version_96/data/en/train_subset/test_ie.txt'}
2024-07-05 13:14:45,112 - progress - INFO - 	Batch size: 8
2024-07-05 13:14:45,147 - progress - INFO - Creating dataloader for logs/en/ensemble/train/binary/b7/DAT/version_96/data/en/train_subset/test_ni.txt
2024-07-05 13:14:45,148 - progress - INFO - 	Dataloader config: {'sample_rate': 16000, 'batch_size': 8, 'num_workers': 10, 'pin_memory': True, 'use_start_end_token': False, 'trim_silence': False, 'is_tarred': False, 'tarred_audio_filepaths': None, 'shuffle_n': 2048, 'bucketing_strategy': 'synced_randomized', 'bucketing_batch_size': None, 'return_sample_id': False, 'drop_last': False, 'asr_repo': 'whisper', 'shuffle': False, 'manifest_filepath': 'logs/en/ensemble/train/binary/b7/DAT/version_96/data/en/train_subset/test_ni.txt'}
2024-07-05 13:14:45,149 - progress - INFO - 	Batch size: 8
2024-07-05 13:14:45,153 - progress - INFO - Creating dataloader for logs/en/ensemble/train/binary/b7/DAT/version_96/data/en/train_subset/test_nz.txt
2024-07-05 13:14:45,154 - progress - INFO - 	Dataloader config: {'sample_rate': 16000, 'batch_size': 8, 'num_workers': 10, 'pin_memory': True, 'use_start_end_token': False, 'trim_silence': False, 'is_tarred': False, 'tarred_audio_filepaths': None, 'shuffle_n': 2048, 'bucketing_strategy': 'synced_randomized', 'bucketing_batch_size': None, 'return_sample_id': False, 'drop_last': False, 'asr_repo': 'whisper', 'shuffle': False, 'manifest_filepath': 'logs/en/ensemble/train/binary/b7/DAT/version_96/data/en/train_subset/test_nz.txt'}
2024-07-05 13:14:45,155 - progress - INFO - 	Batch size: 8
2024-07-05 13:14:45,159 - progress - INFO - Creating dataloader for logs/en/ensemble/train/binary/b7/DAT/version_96/data/en/train_subset/test_ph.txt
2024-07-05 13:14:45,160 - progress - INFO - 	Dataloader config: {'sample_rate': 16000, 'batch_size': 8, 'num_workers': 10, 'pin_memory': True, 'use_start_end_token': False, 'trim_silence': False, 'is_tarred': False, 'tarred_audio_filepaths': None, 'shuffle_n': 2048, 'bucketing_strategy': 'synced_randomized', 'bucketing_batch_size': None, 'return_sample_id': False, 'drop_last': False, 'asr_repo': 'whisper', 'shuffle': False, 'manifest_filepath': 'logs/en/ensemble/train/binary/b7/DAT/version_96/data/en/train_subset/test_ph.txt'}
2024-07-05 13:14:45,161 - progress - INFO - 	Batch size: 8
2024-07-05 13:14:45,164 - progress - INFO - Creating dataloader for logs/en/ensemble/train/binary/b7/DAT/version_96/data/en/train_subset/test_sc.txt
2024-07-05 13:14:45,165 - progress - INFO - 	Dataloader config: {'sample_rate': 16000, 'batch_size': 8, 'num_workers': 10, 'pin_memory': True, 'use_start_end_token': False, 'trim_silence': False, 'is_tarred': False, 'tarred_audio_filepaths': None, 'shuffle_n': 2048, 'bucketing_strategy': 'synced_randomized', 'bucketing_batch_size': None, 'return_sample_id': False, 'drop_last': False, 'asr_repo': 'whisper', 'shuffle': False, 'manifest_filepath': 'logs/en/ensemble/train/binary/b7/DAT/version_96/data/en/train_subset/test_sc.txt'}
2024-07-05 13:14:45,166 - progress - INFO - 	Batch size: 8
2024-07-05 13:14:45,218 - progress - INFO - Creating dataloader for logs/en/ensemble/train/binary/b7/DAT/version_96/data/en/train_subset/test_sg.txt
2024-07-05 13:14:45,219 - progress - INFO - 	Dataloader config: {'sample_rate': 16000, 'batch_size': 8, 'num_workers': 10, 'pin_memory': True, 'use_start_end_token': False, 'trim_silence': False, 'is_tarred': False, 'tarred_audio_filepaths': None, 'shuffle_n': 2048, 'bucketing_strategy': 'synced_randomized', 'bucketing_batch_size': None, 'return_sample_id': False, 'drop_last': False, 'asr_repo': 'whisper', 'shuffle': False, 'manifest_filepath': 'logs/en/ensemble/train/binary/b7/DAT/version_96/data/en/train_subset/test_sg.txt'}
2024-07-05 13:14:45,220 - progress - INFO - 	Batch size: 8
2024-07-05 13:14:45,224 - progress - INFO - Creating dataloader for logs/en/ensemble/train/binary/b7/DAT/version_96/data/en/train_subset/test_za.txt
2024-07-05 13:14:45,225 - progress - INFO - 	Dataloader config: {'sample_rate': 16000, 'batch_size': 8, 'num_workers': 10, 'pin_memory': True, 'use_start_end_token': False, 'trim_silence': False, 'is_tarred': False, 'tarred_audio_filepaths': None, 'shuffle_n': 2048, 'bucketing_strategy': 'synced_randomized', 'bucketing_batch_size': None, 'return_sample_id': False, 'drop_last': False, 'asr_repo': 'whisper', 'shuffle': False, 'manifest_filepath': 'logs/en/ensemble/train/binary/b7/DAT/version_96/data/en/train_subset/test_za.txt'}
2024-07-05 13:14:45,226 - progress - INFO - 	Batch size: 8
2024-07-05 13:23:03,921 - progress - INFO - Configuring optimizers
2024-07-05 13:23:03,945 - progress - INFO - Creating dataloader for ['logs/en/ensemble/train/binary/b7/DAT/version_96/data/en/train_subset/train_us.txt']
2024-07-05 13:23:03,946 - progress - INFO - 	Dataloader config: {'sample_rate': 16000, 'batch_size': 8, 'num_workers': 10, 'pin_memory': True, 'use_start_end_token': False, 'trim_silence': False, 'is_tarred': False, 'tarred_audio_filepaths': None, 'shuffle_n': 2048, 'bucketing_strategy': 'synced_randomized', 'bucketing_batch_size': None, 'return_sample_id': False, 'drop_last': False, 'asr_repo': 'whisper', 'shuffle': True, 'manifest_filepath': ['logs/en/ensemble/train/binary/b7/DAT/version_96/data/en/train_subset/train_us.txt']}
2024-07-05 13:23:03,947 - progress - INFO - 	Batch size: 8
2024-07-05 13:23:04,046 - progress - INFO - Creating dataloader for ['logs/en/ensemble/train/binary/b7/DAT/version_96/data/en/train_subset/train_ca.txt', 'logs/en/ensemble/train/binary/b7/DAT/version_96/data/en/train_subset/train_uk.txt', 'logs/en/ensemble/train/binary/b7/DAT/version_96/data/en/train_subset/train_in.txt', 'logs/en/ensemble/train/binary/b7/DAT/version_96/data/en/train_subset/train_de.txt', 'logs/en/ensemble/train/binary/b7/DAT/version_96/data/en/train_subset/train_au.txt']
2024-07-05 13:23:04,047 - progress - INFO - 	Dataloader config: {'sample_rate': 16000, 'batch_size': 8, 'num_workers': 10, 'pin_memory': True, 'use_start_end_token': False, 'trim_silence': False, 'is_tarred': False, 'tarred_audio_filepaths': None, 'shuffle_n': 2048, 'bucketing_strategy': 'synced_randomized', 'bucketing_batch_size': None, 'return_sample_id': False, 'drop_last': False, 'asr_repo': 'whisper', 'shuffle': True, 'manifest_filepath': ['logs/en/ensemble/train/binary/b7/DAT/version_96/data/en/train_subset/train_ca.txt', 'logs/en/ensemble/train/binary/b7/DAT/version_96/data/en/train_subset/train_uk.txt', 'logs/en/ensemble/train/binary/b7/DAT/version_96/data/en/train_subset/train_in.txt', 'logs/en/ensemble/train/binary/b7/DAT/version_96/data/en/train_subset/train_de.txt', 'logs/en/ensemble/train/binary/b7/DAT/version_96/data/en/train_subset/train_au.txt']}
2024-07-05 13:23:04,048 - progress - INFO - 	Batch size: 8
2024-07-05 13:23:04,118 - progress - INFO - Scheduler max. steps: 960
2024-07-05 13:23:04,138 - progress - INFO - Creating dataloader for ['logs/en/ensemble/train/binary/b7/DAT/version_96/data/en/train_subset/train_us.txt']
2024-07-05 13:23:04,139 - progress - INFO - 	Dataloader config: {'sample_rate': 16000, 'batch_size': 8, 'num_workers': 10, 'pin_memory': True, 'use_start_end_token': False, 'trim_silence': False, 'is_tarred': False, 'tarred_audio_filepaths': None, 'shuffle_n': 2048, 'bucketing_strategy': 'synced_randomized', 'bucketing_batch_size': None, 'return_sample_id': False, 'drop_last': False, 'asr_repo': 'whisper', 'shuffle': True, 'manifest_filepath': ['logs/en/ensemble/train/binary/b7/DAT/version_96/data/en/train_subset/train_us.txt']}
2024-07-05 13:23:04,140 - progress - INFO - 	Batch size: 8
2024-07-05 13:23:04,170 - progress - INFO - Creating dataloader for ['logs/en/ensemble/train/binary/b7/DAT/version_96/data/en/train_subset/train_ca.txt', 'logs/en/ensemble/train/binary/b7/DAT/version_96/data/en/train_subset/train_uk.txt', 'logs/en/ensemble/train/binary/b7/DAT/version_96/data/en/train_subset/train_in.txt', 'logs/en/ensemble/train/binary/b7/DAT/version_96/data/en/train_subset/train_de.txt', 'logs/en/ensemble/train/binary/b7/DAT/version_96/data/en/train_subset/train_au.txt']
2024-07-05 13:23:04,171 - progress - INFO - 	Dataloader config: {'sample_rate': 16000, 'batch_size': 8, 'num_workers': 10, 'pin_memory': True, 'use_start_end_token': False, 'trim_silence': False, 'is_tarred': False, 'tarred_audio_filepaths': None, 'shuffle_n': 2048, 'bucketing_strategy': 'synced_randomized', 'bucketing_batch_size': None, 'return_sample_id': False, 'drop_last': False, 'asr_repo': 'whisper', 'shuffle': True, 'manifest_filepath': ['logs/en/ensemble/train/binary/b7/DAT/version_96/data/en/train_subset/train_ca.txt', 'logs/en/ensemble/train/binary/b7/DAT/version_96/data/en/train_subset/train_uk.txt', 'logs/en/ensemble/train/binary/b7/DAT/version_96/data/en/train_subset/train_in.txt', 'logs/en/ensemble/train/binary/b7/DAT/version_96/data/en/train_subset/train_de.txt', 'logs/en/ensemble/train/binary/b7/DAT/version_96/data/en/train_subset/train_au.txt']}
2024-07-05 13:23:04,172 - progress - INFO - 	Batch size: 8
2024-07-05 13:23:04,208 - progress - INFO - Creating dataloader for logs/en/ensemble/train/binary/b7/DAT/version_96/data/en/train_subset/test_us.txt
2024-07-05 13:23:04,209 - progress - INFO - 	Dataloader config: {'sample_rate': 16000, 'batch_size': 8, 'num_workers': 10, 'pin_memory': True, 'use_start_end_token': False, 'trim_silence': False, 'is_tarred': False, 'tarred_audio_filepaths': None, 'shuffle_n': 2048, 'bucketing_strategy': 'synced_randomized', 'bucketing_batch_size': None, 'return_sample_id': False, 'drop_last': False, 'asr_repo': 'whisper', 'shuffle': False, 'manifest_filepath': 'logs/en/ensemble/train/binary/b7/DAT/version_96/data/en/train_subset/test_us.txt'}
2024-07-05 13:23:04,210 - progress - INFO - 	Batch size: 8
2024-07-05 13:23:04,219 - progress - INFO - Creating dataloader for logs/en/ensemble/train/binary/b7/DAT/version_96/data/en/train_subset/test_ca.txt
2024-07-05 13:23:04,220 - progress - INFO - 	Dataloader config: {'sample_rate': 16000, 'batch_size': 8, 'num_workers': 10, 'pin_memory': True, 'use_start_end_token': False, 'trim_silence': False, 'is_tarred': False, 'tarred_audio_filepaths': None, 'shuffle_n': 2048, 'bucketing_strategy': 'synced_randomized', 'bucketing_batch_size': None, 'return_sample_id': False, 'drop_last': False, 'asr_repo': 'whisper', 'shuffle': False, 'manifest_filepath': 'logs/en/ensemble/train/binary/b7/DAT/version_96/data/en/train_subset/test_ca.txt'}
2024-07-05 13:23:04,221 - progress - INFO - 	Batch size: 8
2024-07-05 13:23:04,242 - progress - INFO - Creating dataloader for logs/en/ensemble/train/binary/b7/DAT/version_96/data/en/train_subset/test_uk.txt
2024-07-05 13:23:04,243 - progress - INFO - 	Dataloader config: {'sample_rate': 16000, 'batch_size': 8, 'num_workers': 10, 'pin_memory': True, 'use_start_end_token': False, 'trim_silence': False, 'is_tarred': False, 'tarred_audio_filepaths': None, 'shuffle_n': 2048, 'bucketing_strategy': 'synced_randomized', 'bucketing_batch_size': None, 'return_sample_id': False, 'drop_last': False, 'asr_repo': 'whisper', 'shuffle': False, 'manifest_filepath': 'logs/en/ensemble/train/binary/b7/DAT/version_96/data/en/train_subset/test_uk.txt'}
2024-07-05 13:23:04,244 - progress - INFO - 	Batch size: 8
2024-07-05 13:23:04,250 - progress - INFO - Creating dataloader for logs/en/ensemble/train/binary/b7/DAT/version_96/data/en/train_subset/test_in.txt
2024-07-05 13:23:04,251 - progress - INFO - 	Dataloader config: {'sample_rate': 16000, 'batch_size': 8, 'num_workers': 10, 'pin_memory': True, 'use_start_end_token': False, 'trim_silence': False, 'is_tarred': False, 'tarred_audio_filepaths': None, 'shuffle_n': 2048, 'bucketing_strategy': 'synced_randomized', 'bucketing_batch_size': None, 'return_sample_id': False, 'drop_last': False, 'asr_repo': 'whisper', 'shuffle': False, 'manifest_filepath': 'logs/en/ensemble/train/binary/b7/DAT/version_96/data/en/train_subset/test_in.txt'}
2024-07-05 13:23:04,252 - progress - INFO - 	Batch size: 8
2024-07-05 13:23:04,306 - progress - INFO - Creating dataloader for logs/en/ensemble/train/binary/b7/DAT/version_96/data/en/train_subset/test_de.txt
2024-07-05 13:23:04,307 - progress - INFO - 	Dataloader config: {'sample_rate': 16000, 'batch_size': 8, 'num_workers': 10, 'pin_memory': True, 'use_start_end_token': False, 'trim_silence': False, 'is_tarred': False, 'tarred_audio_filepaths': None, 'shuffle_n': 2048, 'bucketing_strategy': 'synced_randomized', 'bucketing_batch_size': None, 'return_sample_id': False, 'drop_last': False, 'asr_repo': 'whisper', 'shuffle': False, 'manifest_filepath': 'logs/en/ensemble/train/binary/b7/DAT/version_96/data/en/train_subset/test_de.txt'}
2024-07-05 13:23:04,308 - progress - INFO - 	Batch size: 8
2024-07-05 13:23:04,330 - progress - INFO - Creating dataloader for logs/en/ensemble/train/binary/b7/DAT/version_96/data/en/train_subset/test_au.txt
2024-07-05 13:23:04,331 - progress - INFO - 	Dataloader config: {'sample_rate': 16000, 'batch_size': 8, 'num_workers': 10, 'pin_memory': True, 'use_start_end_token': False, 'trim_silence': False, 'is_tarred': False, 'tarred_audio_filepaths': None, 'shuffle_n': 2048, 'bucketing_strategy': 'synced_randomized', 'bucketing_batch_size': None, 'return_sample_id': False, 'drop_last': False, 'asr_repo': 'whisper', 'shuffle': False, 'manifest_filepath': 'logs/en/ensemble/train/binary/b7/DAT/version_96/data/en/train_subset/test_au.txt'}
2024-07-05 13:23:04,332 - progress - INFO - 	Batch size: 8
2024-07-05 13:23:04,336 - progress - INFO - Creating dataloader for logs/en/ensemble/train/binary/b7/DAT/version_96/data/en/train_subset/test_hk.txt
2024-07-05 13:23:04,337 - progress - INFO - 	Dataloader config: {'sample_rate': 16000, 'batch_size': 8, 'num_workers': 10, 'pin_memory': True, 'use_start_end_token': False, 'trim_silence': False, 'is_tarred': False, 'tarred_audio_filepaths': None, 'shuffle_n': 2048, 'bucketing_strategy': 'synced_randomized', 'bucketing_batch_size': None, 'return_sample_id': False, 'drop_last': False, 'asr_repo': 'whisper', 'shuffle': False, 'manifest_filepath': 'logs/en/ensemble/train/binary/b7/DAT/version_96/data/en/train_subset/test_hk.txt'}
2024-07-05 13:23:04,338 - progress - INFO - 	Batch size: 8
2024-07-05 13:23:04,342 - progress - INFO - Creating dataloader for logs/en/ensemble/train/binary/b7/DAT/version_96/data/en/train_subset/test_ie.txt
2024-07-05 13:23:04,342 - progress - INFO - 	Dataloader config: {'sample_rate': 16000, 'batch_size': 8, 'num_workers': 10, 'pin_memory': True, 'use_start_end_token': False, 'trim_silence': False, 'is_tarred': False, 'tarred_audio_filepaths': None, 'shuffle_n': 2048, 'bucketing_strategy': 'synced_randomized', 'bucketing_batch_size': None, 'return_sample_id': False, 'drop_last': False, 'asr_repo': 'whisper', 'shuffle': False, 'manifest_filepath': 'logs/en/ensemble/train/binary/b7/DAT/version_96/data/en/train_subset/test_ie.txt'}
2024-07-05 13:23:04,343 - progress - INFO - 	Batch size: 8
2024-07-05 13:23:04,347 - progress - INFO - Creating dataloader for logs/en/ensemble/train/binary/b7/DAT/version_96/data/en/train_subset/test_ni.txt
2024-07-05 13:23:04,348 - progress - INFO - 	Dataloader config: {'sample_rate': 16000, 'batch_size': 8, 'num_workers': 10, 'pin_memory': True, 'use_start_end_token': False, 'trim_silence': False, 'is_tarred': False, 'tarred_audio_filepaths': None, 'shuffle_n': 2048, 'bucketing_strategy': 'synced_randomized', 'bucketing_batch_size': None, 'return_sample_id': False, 'drop_last': False, 'asr_repo': 'whisper', 'shuffle': False, 'manifest_filepath': 'logs/en/ensemble/train/binary/b7/DAT/version_96/data/en/train_subset/test_ni.txt'}
2024-07-05 13:23:04,349 - progress - INFO - 	Batch size: 8
2024-07-05 13:23:04,353 - progress - INFO - Creating dataloader for logs/en/ensemble/train/binary/b7/DAT/version_96/data/en/train_subset/test_nz.txt
2024-07-05 13:23:04,353 - progress - INFO - 	Dataloader config: {'sample_rate': 16000, 'batch_size': 8, 'num_workers': 10, 'pin_memory': True, 'use_start_end_token': False, 'trim_silence': False, 'is_tarred': False, 'tarred_audio_filepaths': None, 'shuffle_n': 2048, 'bucketing_strategy': 'synced_randomized', 'bucketing_batch_size': None, 'return_sample_id': False, 'drop_last': False, 'asr_repo': 'whisper', 'shuffle': False, 'manifest_filepath': 'logs/en/ensemble/train/binary/b7/DAT/version_96/data/en/train_subset/test_nz.txt'}
2024-07-05 13:23:04,355 - progress - INFO - 	Batch size: 8
2024-07-05 13:23:04,359 - progress - INFO - Creating dataloader for logs/en/ensemble/train/binary/b7/DAT/version_96/data/en/train_subset/test_ph.txt
2024-07-05 13:23:04,360 - progress - INFO - 	Dataloader config: {'sample_rate': 16000, 'batch_size': 8, 'num_workers': 10, 'pin_memory': True, 'use_start_end_token': False, 'trim_silence': False, 'is_tarred': False, 'tarred_audio_filepaths': None, 'shuffle_n': 2048, 'bucketing_strategy': 'synced_randomized', 'bucketing_batch_size': None, 'return_sample_id': False, 'drop_last': False, 'asr_repo': 'whisper', 'shuffle': False, 'manifest_filepath': 'logs/en/ensemble/train/binary/b7/DAT/version_96/data/en/train_subset/test_ph.txt'}
2024-07-05 13:23:04,361 - progress - INFO - 	Batch size: 8
2024-07-05 13:23:04,365 - progress - INFO - Creating dataloader for logs/en/ensemble/train/binary/b7/DAT/version_96/data/en/train_subset/test_sc.txt
2024-07-05 13:23:04,366 - progress - INFO - 	Dataloader config: {'sample_rate': 16000, 'batch_size': 8, 'num_workers': 10, 'pin_memory': True, 'use_start_end_token': False, 'trim_silence': False, 'is_tarred': False, 'tarred_audio_filepaths': None, 'shuffle_n': 2048, 'bucketing_strategy': 'synced_randomized', 'bucketing_batch_size': None, 'return_sample_id': False, 'drop_last': False, 'asr_repo': 'whisper', 'shuffle': False, 'manifest_filepath': 'logs/en/ensemble/train/binary/b7/DAT/version_96/data/en/train_subset/test_sc.txt'}
2024-07-05 13:23:04,367 - progress - INFO - 	Batch size: 8
2024-07-05 13:23:04,371 - progress - INFO - Creating dataloader for logs/en/ensemble/train/binary/b7/DAT/version_96/data/en/train_subset/test_sg.txt
2024-07-05 13:23:04,372 - progress - INFO - 	Dataloader config: {'sample_rate': 16000, 'batch_size': 8, 'num_workers': 10, 'pin_memory': True, 'use_start_end_token': False, 'trim_silence': False, 'is_tarred': False, 'tarred_audio_filepaths': None, 'shuffle_n': 2048, 'bucketing_strategy': 'synced_randomized', 'bucketing_batch_size': None, 'return_sample_id': False, 'drop_last': False, 'asr_repo': 'whisper', 'shuffle': False, 'manifest_filepath': 'logs/en/ensemble/train/binary/b7/DAT/version_96/data/en/train_subset/test_sg.txt'}
2024-07-05 13:23:04,372 - progress - INFO - 	Batch size: 8
2024-07-05 13:23:04,376 - progress - INFO - Creating dataloader for logs/en/ensemble/train/binary/b7/DAT/version_96/data/en/train_subset/test_za.txt
2024-07-05 13:23:04,377 - progress - INFO - 	Dataloader config: {'sample_rate': 16000, 'batch_size': 8, 'num_workers': 10, 'pin_memory': True, 'use_start_end_token': False, 'trim_silence': False, 'is_tarred': False, 'tarred_audio_filepaths': None, 'shuffle_n': 2048, 'bucketing_strategy': 'synced_randomized', 'bucketing_batch_size': None, 'return_sample_id': False, 'drop_last': False, 'asr_repo': 'whisper', 'shuffle': False, 'manifest_filepath': 'logs/en/ensemble/train/binary/b7/DAT/version_96/data/en/train_subset/test_za.txt'}
2024-07-05 13:23:04,378 - progress - INFO - 	Batch size: 8
