2024-06-19 16:53:31,899 - progress - INFO - Creating dataloader for logs/en/ensemble/train/binary/b7/DAT/version_82/data/en/train_subset/test_us.txt
2024-06-19 16:53:31,900 - progress - INFO - 	Dataloader config: {'sample_rate': 16000, 'batch_size': 8, 'num_workers': 10, 'pin_memory': True, 'use_start_end_token': False, 'trim_silence': False, 'is_tarred': False, 'tarred_audio_filepaths': None, 'shuffle_n': 2048, 'bucketing_strategy': 'synced_randomized', 'bucketing_batch_size': None, 'return_sample_id': False, 'drop_last': False, 'asr_repo': 'whisper', 'shuffle': False, 'manifest_filepath': 'logs/en/ensemble/train/binary/b7/DAT/version_82/data/en/train_subset/test_us.txt'}
2024-06-19 16:53:31,901 - progress - INFO - 	Batch size: 8
2024-06-19 16:53:32,158 - progress - INFO - Creating dataloader for logs/en/ensemble/train/binary/b7/DAT/version_82/data/en/train_subset/test_ca.txt
2024-06-19 16:53:32,159 - progress - INFO - 	Dataloader config: {'sample_rate': 16000, 'batch_size': 8, 'num_workers': 10, 'pin_memory': True, 'use_start_end_token': False, 'trim_silence': False, 'is_tarred': False, 'tarred_audio_filepaths': None, 'shuffle_n': 2048, 'bucketing_strategy': 'synced_randomized', 'bucketing_batch_size': None, 'return_sample_id': False, 'drop_last': False, 'asr_repo': 'whisper', 'shuffle': False, 'manifest_filepath': 'logs/en/ensemble/train/binary/b7/DAT/version_82/data/en/train_subset/test_ca.txt'}
2024-06-19 16:53:32,160 - progress - INFO - 	Batch size: 8
2024-06-19 16:53:32,163 - progress - INFO - Creating dataloader for logs/en/ensemble/train/binary/b7/DAT/version_82/data/en/train_subset/test_uk.txt
2024-06-19 16:53:32,163 - progress - INFO - 	Dataloader config: {'sample_rate': 16000, 'batch_size': 8, 'num_workers': 10, 'pin_memory': True, 'use_start_end_token': False, 'trim_silence': False, 'is_tarred': False, 'tarred_audio_filepaths': None, 'shuffle_n': 2048, 'bucketing_strategy': 'synced_randomized', 'bucketing_batch_size': None, 'return_sample_id': False, 'drop_last': False, 'asr_repo': 'whisper', 'shuffle': False, 'manifest_filepath': 'logs/en/ensemble/train/binary/b7/DAT/version_82/data/en/train_subset/test_uk.txt'}
2024-06-19 16:53:32,164 - progress - INFO - 	Batch size: 8
2024-06-19 16:53:32,167 - progress - INFO - Creating dataloader for logs/en/ensemble/train/binary/b7/DAT/version_82/data/en/train_subset/test_in.txt
2024-06-19 16:53:32,168 - progress - INFO - 	Dataloader config: {'sample_rate': 16000, 'batch_size': 8, 'num_workers': 10, 'pin_memory': True, 'use_start_end_token': False, 'trim_silence': False, 'is_tarred': False, 'tarred_audio_filepaths': None, 'shuffle_n': 2048, 'bucketing_strategy': 'synced_randomized', 'bucketing_batch_size': None, 'return_sample_id': False, 'drop_last': False, 'asr_repo': 'whisper', 'shuffle': False, 'manifest_filepath': 'logs/en/ensemble/train/binary/b7/DAT/version_82/data/en/train_subset/test_in.txt'}
2024-06-19 16:53:32,168 - progress - INFO - 	Batch size: 8
2024-06-19 16:53:32,172 - progress - INFO - Creating dataloader for logs/en/ensemble/train/binary/b7/DAT/version_82/data/en/train_subset/test_de.txt
2024-06-19 16:53:32,172 - progress - INFO - 	Dataloader config: {'sample_rate': 16000, 'batch_size': 8, 'num_workers': 10, 'pin_memory': True, 'use_start_end_token': False, 'trim_silence': False, 'is_tarred': False, 'tarred_audio_filepaths': None, 'shuffle_n': 2048, 'bucketing_strategy': 'synced_randomized', 'bucketing_batch_size': None, 'return_sample_id': False, 'drop_last': False, 'asr_repo': 'whisper', 'shuffle': False, 'manifest_filepath': 'logs/en/ensemble/train/binary/b7/DAT/version_82/data/en/train_subset/test_de.txt'}
2024-06-19 16:53:32,173 - progress - INFO - 	Batch size: 8
2024-06-19 16:53:32,175 - progress - INFO - Creating dataloader for logs/en/ensemble/train/binary/b7/DAT/version_82/data/en/train_subset/test_au.txt
2024-06-19 16:53:32,176 - progress - INFO - 	Dataloader config: {'sample_rate': 16000, 'batch_size': 8, 'num_workers': 10, 'pin_memory': True, 'use_start_end_token': False, 'trim_silence': False, 'is_tarred': False, 'tarred_audio_filepaths': None, 'shuffle_n': 2048, 'bucketing_strategy': 'synced_randomized', 'bucketing_batch_size': None, 'return_sample_id': False, 'drop_last': False, 'asr_repo': 'whisper', 'shuffle': False, 'manifest_filepath': 'logs/en/ensemble/train/binary/b7/DAT/version_82/data/en/train_subset/test_au.txt'}
2024-06-19 16:53:32,177 - progress - INFO - 	Batch size: 8
2024-06-19 16:53:32,179 - progress - INFO - Creating dataloader for logs/en/ensemble/train/binary/b7/DAT/version_82/data/en/train_subset/test_hk.txt
2024-06-19 16:53:32,180 - progress - INFO - 	Dataloader config: {'sample_rate': 16000, 'batch_size': 8, 'num_workers': 10, 'pin_memory': True, 'use_start_end_token': False, 'trim_silence': False, 'is_tarred': False, 'tarred_audio_filepaths': None, 'shuffle_n': 2048, 'bucketing_strategy': 'synced_randomized', 'bucketing_batch_size': None, 'return_sample_id': False, 'drop_last': False, 'asr_repo': 'whisper', 'shuffle': False, 'manifest_filepath': 'logs/en/ensemble/train/binary/b7/DAT/version_82/data/en/train_subset/test_hk.txt'}
2024-06-19 16:53:32,181 - progress - INFO - 	Batch size: 8
2024-06-19 16:53:32,183 - progress - INFO - Creating dataloader for logs/en/ensemble/train/binary/b7/DAT/version_82/data/en/train_subset/test_ie.txt
2024-06-19 16:53:32,184 - progress - INFO - 	Dataloader config: {'sample_rate': 16000, 'batch_size': 8, 'num_workers': 10, 'pin_memory': True, 'use_start_end_token': False, 'trim_silence': False, 'is_tarred': False, 'tarred_audio_filepaths': None, 'shuffle_n': 2048, 'bucketing_strategy': 'synced_randomized', 'bucketing_batch_size': None, 'return_sample_id': False, 'drop_last': False, 'asr_repo': 'whisper', 'shuffle': False, 'manifest_filepath': 'logs/en/ensemble/train/binary/b7/DAT/version_82/data/en/train_subset/test_ie.txt'}
2024-06-19 16:53:32,184 - progress - INFO - 	Batch size: 8
2024-06-19 16:53:32,187 - progress - INFO - Creating dataloader for logs/en/ensemble/train/binary/b7/DAT/version_82/data/en/train_subset/test_ni.txt
2024-06-19 16:53:32,187 - progress - INFO - 	Dataloader config: {'sample_rate': 16000, 'batch_size': 8, 'num_workers': 10, 'pin_memory': True, 'use_start_end_token': False, 'trim_silence': False, 'is_tarred': False, 'tarred_audio_filepaths': None, 'shuffle_n': 2048, 'bucketing_strategy': 'synced_randomized', 'bucketing_batch_size': None, 'return_sample_id': False, 'drop_last': False, 'asr_repo': 'whisper', 'shuffle': False, 'manifest_filepath': 'logs/en/ensemble/train/binary/b7/DAT/version_82/data/en/train_subset/test_ni.txt'}
2024-06-19 16:53:32,188 - progress - INFO - 	Batch size: 8
2024-06-19 16:53:32,190 - progress - INFO - Creating dataloader for logs/en/ensemble/train/binary/b7/DAT/version_82/data/en/train_subset/test_nz.txt
2024-06-19 16:53:32,191 - progress - INFO - 	Dataloader config: {'sample_rate': 16000, 'batch_size': 8, 'num_workers': 10, 'pin_memory': True, 'use_start_end_token': False, 'trim_silence': False, 'is_tarred': False, 'tarred_audio_filepaths': None, 'shuffle_n': 2048, 'bucketing_strategy': 'synced_randomized', 'bucketing_batch_size': None, 'return_sample_id': False, 'drop_last': False, 'asr_repo': 'whisper', 'shuffle': False, 'manifest_filepath': 'logs/en/ensemble/train/binary/b7/DAT/version_82/data/en/train_subset/test_nz.txt'}
2024-06-19 16:53:32,192 - progress - INFO - 	Batch size: 8
2024-06-19 16:53:32,194 - progress - INFO - Creating dataloader for logs/en/ensemble/train/binary/b7/DAT/version_82/data/en/train_subset/test_ph.txt
2024-06-19 16:53:32,195 - progress - INFO - 	Dataloader config: {'sample_rate': 16000, 'batch_size': 8, 'num_workers': 10, 'pin_memory': True, 'use_start_end_token': False, 'trim_silence': False, 'is_tarred': False, 'tarred_audio_filepaths': None, 'shuffle_n': 2048, 'bucketing_strategy': 'synced_randomized', 'bucketing_batch_size': None, 'return_sample_id': False, 'drop_last': False, 'asr_repo': 'whisper', 'shuffle': False, 'manifest_filepath': 'logs/en/ensemble/train/binary/b7/DAT/version_82/data/en/train_subset/test_ph.txt'}
2024-06-19 16:53:32,195 - progress - INFO - 	Batch size: 8
2024-06-19 16:53:32,198 - progress - INFO - Creating dataloader for logs/en/ensemble/train/binary/b7/DAT/version_82/data/en/train_subset/test_sc.txt
2024-06-19 16:53:32,198 - progress - INFO - 	Dataloader config: {'sample_rate': 16000, 'batch_size': 8, 'num_workers': 10, 'pin_memory': True, 'use_start_end_token': False, 'trim_silence': False, 'is_tarred': False, 'tarred_audio_filepaths': None, 'shuffle_n': 2048, 'bucketing_strategy': 'synced_randomized', 'bucketing_batch_size': None, 'return_sample_id': False, 'drop_last': False, 'asr_repo': 'whisper', 'shuffle': False, 'manifest_filepath': 'logs/en/ensemble/train/binary/b7/DAT/version_82/data/en/train_subset/test_sc.txt'}
2024-06-19 16:53:32,199 - progress - INFO - 	Batch size: 8
2024-06-19 16:53:32,202 - progress - INFO - Creating dataloader for logs/en/ensemble/train/binary/b7/DAT/version_82/data/en/train_subset/test_sg.txt
2024-06-19 16:53:32,202 - progress - INFO - 	Dataloader config: {'sample_rate': 16000, 'batch_size': 8, 'num_workers': 10, 'pin_memory': True, 'use_start_end_token': False, 'trim_silence': False, 'is_tarred': False, 'tarred_audio_filepaths': None, 'shuffle_n': 2048, 'bucketing_strategy': 'synced_randomized', 'bucketing_batch_size': None, 'return_sample_id': False, 'drop_last': False, 'asr_repo': 'whisper', 'shuffle': False, 'manifest_filepath': 'logs/en/ensemble/train/binary/b7/DAT/version_82/data/en/train_subset/test_sg.txt'}
2024-06-19 16:53:32,203 - progress - INFO - 	Batch size: 8
2024-06-19 16:53:32,205 - progress - INFO - Creating dataloader for logs/en/ensemble/train/binary/b7/DAT/version_82/data/en/train_subset/test_za.txt
2024-06-19 16:53:32,206 - progress - INFO - 	Dataloader config: {'sample_rate': 16000, 'batch_size': 8, 'num_workers': 10, 'pin_memory': True, 'use_start_end_token': False, 'trim_silence': False, 'is_tarred': False, 'tarred_audio_filepaths': None, 'shuffle_n': 2048, 'bucketing_strategy': 'synced_randomized', 'bucketing_batch_size': None, 'return_sample_id': False, 'drop_last': False, 'asr_repo': 'whisper', 'shuffle': False, 'manifest_filepath': 'logs/en/ensemble/train/binary/b7/DAT/version_82/data/en/train_subset/test_za.txt'}
2024-06-19 16:53:32,206 - progress - INFO - 	Batch size: 8
2024-06-19 17:01:57,232 - progress - INFO - Configuring optimizers
2024-06-19 17:01:57,237 - progress - INFO - Creating dataloader for ['logs/en/ensemble/train/binary/b7/DAT/version_82/data/en/train_subset/train_us.txt']
2024-06-19 17:01:57,238 - progress - INFO - 	Dataloader config: {'sample_rate': 16000, 'batch_size': 8, 'num_workers': 10, 'pin_memory': True, 'use_start_end_token': False, 'trim_silence': False, 'is_tarred': False, 'tarred_audio_filepaths': None, 'shuffle_n': 2048, 'bucketing_strategy': 'synced_randomized', 'bucketing_batch_size': None, 'return_sample_id': False, 'drop_last': False, 'asr_repo': 'whisper', 'shuffle': True, 'manifest_filepath': ['logs/en/ensemble/train/binary/b7/DAT/version_82/data/en/train_subset/train_us.txt']}
2024-06-19 17:01:57,238 - progress - INFO - 	Batch size: 8
2024-06-19 17:01:57,299 - progress - INFO - Creating dataloader for ['logs/en/ensemble/train/binary/b7/DAT/version_82/data/en/train_subset/train_ca.txt', 'logs/en/ensemble/train/binary/b7/DAT/version_82/data/en/train_subset/train_uk.txt', 'logs/en/ensemble/train/binary/b7/DAT/version_82/data/en/train_subset/train_in.txt', 'logs/en/ensemble/train/binary/b7/DAT/version_82/data/en/train_subset/train_de.txt', 'logs/en/ensemble/train/binary/b7/DAT/version_82/data/en/train_subset/train_au.txt']
2024-06-19 17:01:57,300 - progress - INFO - 	Dataloader config: {'sample_rate': 16000, 'batch_size': 8, 'num_workers': 10, 'pin_memory': True, 'use_start_end_token': False, 'trim_silence': False, 'is_tarred': False, 'tarred_audio_filepaths': None, 'shuffle_n': 2048, 'bucketing_strategy': 'synced_randomized', 'bucketing_batch_size': None, 'return_sample_id': False, 'drop_last': False, 'asr_repo': 'whisper', 'shuffle': True, 'manifest_filepath': ['logs/en/ensemble/train/binary/b7/DAT/version_82/data/en/train_subset/train_ca.txt', 'logs/en/ensemble/train/binary/b7/DAT/version_82/data/en/train_subset/train_uk.txt', 'logs/en/ensemble/train/binary/b7/DAT/version_82/data/en/train_subset/train_in.txt', 'logs/en/ensemble/train/binary/b7/DAT/version_82/data/en/train_subset/train_de.txt', 'logs/en/ensemble/train/binary/b7/DAT/version_82/data/en/train_subset/train_au.txt']}
2024-06-19 17:01:57,300 - progress - INFO - 	Batch size: 8
2024-06-19 17:01:57,395 - progress - INFO - Scheduler max. steps: 960
2024-06-19 17:01:57,408 - progress - INFO - Creating dataloader for ['logs/en/ensemble/train/binary/b7/DAT/version_82/data/en/train_subset/train_us.txt']
2024-06-19 17:01:57,408 - progress - INFO - 	Dataloader config: {'sample_rate': 16000, 'batch_size': 8, 'num_workers': 10, 'pin_memory': True, 'use_start_end_token': False, 'trim_silence': False, 'is_tarred': False, 'tarred_audio_filepaths': None, 'shuffle_n': 2048, 'bucketing_strategy': 'synced_randomized', 'bucketing_batch_size': None, 'return_sample_id': False, 'drop_last': False, 'asr_repo': 'whisper', 'shuffle': True, 'manifest_filepath': ['logs/en/ensemble/train/binary/b7/DAT/version_82/data/en/train_subset/train_us.txt']}
2024-06-19 17:01:57,409 - progress - INFO - 	Batch size: 8
2024-06-19 17:01:57,427 - progress - INFO - Creating dataloader for ['logs/en/ensemble/train/binary/b7/DAT/version_82/data/en/train_subset/train_ca.txt', 'logs/en/ensemble/train/binary/b7/DAT/version_82/data/en/train_subset/train_uk.txt', 'logs/en/ensemble/train/binary/b7/DAT/version_82/data/en/train_subset/train_in.txt', 'logs/en/ensemble/train/binary/b7/DAT/version_82/data/en/train_subset/train_de.txt', 'logs/en/ensemble/train/binary/b7/DAT/version_82/data/en/train_subset/train_au.txt']
2024-06-19 17:01:57,427 - progress - INFO - 	Dataloader config: {'sample_rate': 16000, 'batch_size': 8, 'num_workers': 10, 'pin_memory': True, 'use_start_end_token': False, 'trim_silence': False, 'is_tarred': False, 'tarred_audio_filepaths': None, 'shuffle_n': 2048, 'bucketing_strategy': 'synced_randomized', 'bucketing_batch_size': None, 'return_sample_id': False, 'drop_last': False, 'asr_repo': 'whisper', 'shuffle': True, 'manifest_filepath': ['logs/en/ensemble/train/binary/b7/DAT/version_82/data/en/train_subset/train_ca.txt', 'logs/en/ensemble/train/binary/b7/DAT/version_82/data/en/train_subset/train_uk.txt', 'logs/en/ensemble/train/binary/b7/DAT/version_82/data/en/train_subset/train_in.txt', 'logs/en/ensemble/train/binary/b7/DAT/version_82/data/en/train_subset/train_de.txt', 'logs/en/ensemble/train/binary/b7/DAT/version_82/data/en/train_subset/train_au.txt']}
2024-06-19 17:01:57,428 - progress - INFO - 	Batch size: 8
2024-06-19 17:01:57,452 - progress - INFO - Creating dataloader for logs/en/ensemble/train/binary/b7/DAT/version_82/data/en/train_subset/test_us.txt
2024-06-19 17:01:57,453 - progress - INFO - 	Dataloader config: {'sample_rate': 16000, 'batch_size': 8, 'num_workers': 10, 'pin_memory': True, 'use_start_end_token': False, 'trim_silence': False, 'is_tarred': False, 'tarred_audio_filepaths': None, 'shuffle_n': 2048, 'bucketing_strategy': 'synced_randomized', 'bucketing_batch_size': None, 'return_sample_id': False, 'drop_last': False, 'asr_repo': 'whisper', 'shuffle': False, 'manifest_filepath': 'logs/en/ensemble/train/binary/b7/DAT/version_82/data/en/train_subset/test_us.txt'}
2024-06-19 17:01:57,453 - progress - INFO - 	Batch size: 8
2024-06-19 17:01:57,460 - progress - INFO - Creating dataloader for logs/en/ensemble/train/binary/b7/DAT/version_82/data/en/train_subset/test_ca.txt
2024-06-19 17:01:57,461 - progress - INFO - 	Dataloader config: {'sample_rate': 16000, 'batch_size': 8, 'num_workers': 10, 'pin_memory': True, 'use_start_end_token': False, 'trim_silence': False, 'is_tarred': False, 'tarred_audio_filepaths': None, 'shuffle_n': 2048, 'bucketing_strategy': 'synced_randomized', 'bucketing_batch_size': None, 'return_sample_id': False, 'drop_last': False, 'asr_repo': 'whisper', 'shuffle': False, 'manifest_filepath': 'logs/en/ensemble/train/binary/b7/DAT/version_82/data/en/train_subset/test_ca.txt'}
2024-06-19 17:01:57,461 - progress - INFO - 	Batch size: 8
2024-06-19 17:01:57,464 - progress - INFO - Creating dataloader for logs/en/ensemble/train/binary/b7/DAT/version_82/data/en/train_subset/test_uk.txt
2024-06-19 17:01:57,465 - progress - INFO - 	Dataloader config: {'sample_rate': 16000, 'batch_size': 8, 'num_workers': 10, 'pin_memory': True, 'use_start_end_token': False, 'trim_silence': False, 'is_tarred': False, 'tarred_audio_filepaths': None, 'shuffle_n': 2048, 'bucketing_strategy': 'synced_randomized', 'bucketing_batch_size': None, 'return_sample_id': False, 'drop_last': False, 'asr_repo': 'whisper', 'shuffle': False, 'manifest_filepath': 'logs/en/ensemble/train/binary/b7/DAT/version_82/data/en/train_subset/test_uk.txt'}
2024-06-19 17:01:57,465 - progress - INFO - 	Batch size: 8
2024-06-19 17:01:57,469 - progress - INFO - Creating dataloader for logs/en/ensemble/train/binary/b7/DAT/version_82/data/en/train_subset/test_in.txt
2024-06-19 17:01:57,470 - progress - INFO - 	Dataloader config: {'sample_rate': 16000, 'batch_size': 8, 'num_workers': 10, 'pin_memory': True, 'use_start_end_token': False, 'trim_silence': False, 'is_tarred': False, 'tarred_audio_filepaths': None, 'shuffle_n': 2048, 'bucketing_strategy': 'synced_randomized', 'bucketing_batch_size': None, 'return_sample_id': False, 'drop_last': False, 'asr_repo': 'whisper', 'shuffle': False, 'manifest_filepath': 'logs/en/ensemble/train/binary/b7/DAT/version_82/data/en/train_subset/test_in.txt'}
2024-06-19 17:01:57,471 - progress - INFO - 	Batch size: 8
2024-06-19 17:01:57,474 - progress - INFO - Creating dataloader for logs/en/ensemble/train/binary/b7/DAT/version_82/data/en/train_subset/test_de.txt
2024-06-19 17:01:57,475 - progress - INFO - 	Dataloader config: {'sample_rate': 16000, 'batch_size': 8, 'num_workers': 10, 'pin_memory': True, 'use_start_end_token': False, 'trim_silence': False, 'is_tarred': False, 'tarred_audio_filepaths': None, 'shuffle_n': 2048, 'bucketing_strategy': 'synced_randomized', 'bucketing_batch_size': None, 'return_sample_id': False, 'drop_last': False, 'asr_repo': 'whisper', 'shuffle': False, 'manifest_filepath': 'logs/en/ensemble/train/binary/b7/DAT/version_82/data/en/train_subset/test_de.txt'}
2024-06-19 17:01:57,475 - progress - INFO - 	Batch size: 8
2024-06-19 17:01:57,478 - progress - INFO - Creating dataloader for logs/en/ensemble/train/binary/b7/DAT/version_82/data/en/train_subset/test_au.txt
2024-06-19 17:01:57,479 - progress - INFO - 	Dataloader config: {'sample_rate': 16000, 'batch_size': 8, 'num_workers': 10, 'pin_memory': True, 'use_start_end_token': False, 'trim_silence': False, 'is_tarred': False, 'tarred_audio_filepaths': None, 'shuffle_n': 2048, 'bucketing_strategy': 'synced_randomized', 'bucketing_batch_size': None, 'return_sample_id': False, 'drop_last': False, 'asr_repo': 'whisper', 'shuffle': False, 'manifest_filepath': 'logs/en/ensemble/train/binary/b7/DAT/version_82/data/en/train_subset/test_au.txt'}
2024-06-19 17:01:57,479 - progress - INFO - 	Batch size: 8
2024-06-19 17:01:57,482 - progress - INFO - Creating dataloader for logs/en/ensemble/train/binary/b7/DAT/version_82/data/en/train_subset/test_hk.txt
2024-06-19 17:01:57,482 - progress - INFO - 	Dataloader config: {'sample_rate': 16000, 'batch_size': 8, 'num_workers': 10, 'pin_memory': True, 'use_start_end_token': False, 'trim_silence': False, 'is_tarred': False, 'tarred_audio_filepaths': None, 'shuffle_n': 2048, 'bucketing_strategy': 'synced_randomized', 'bucketing_batch_size': None, 'return_sample_id': False, 'drop_last': False, 'asr_repo': 'whisper', 'shuffle': False, 'manifest_filepath': 'logs/en/ensemble/train/binary/b7/DAT/version_82/data/en/train_subset/test_hk.txt'}
2024-06-19 17:01:57,483 - progress - INFO - 	Batch size: 8
2024-06-19 17:01:57,486 - progress - INFO - Creating dataloader for logs/en/ensemble/train/binary/b7/DAT/version_82/data/en/train_subset/test_ie.txt
2024-06-19 17:01:57,487 - progress - INFO - 	Dataloader config: {'sample_rate': 16000, 'batch_size': 8, 'num_workers': 10, 'pin_memory': True, 'use_start_end_token': False, 'trim_silence': False, 'is_tarred': False, 'tarred_audio_filepaths': None, 'shuffle_n': 2048, 'bucketing_strategy': 'synced_randomized', 'bucketing_batch_size': None, 'return_sample_id': False, 'drop_last': False, 'asr_repo': 'whisper', 'shuffle': False, 'manifest_filepath': 'logs/en/ensemble/train/binary/b7/DAT/version_82/data/en/train_subset/test_ie.txt'}
2024-06-19 17:01:57,487 - progress - INFO - 	Batch size: 8
2024-06-19 17:01:57,490 - progress - INFO - Creating dataloader for logs/en/ensemble/train/binary/b7/DAT/version_82/data/en/train_subset/test_ni.txt
2024-06-19 17:01:57,490 - progress - INFO - 	Dataloader config: {'sample_rate': 16000, 'batch_size': 8, 'num_workers': 10, 'pin_memory': True, 'use_start_end_token': False, 'trim_silence': False, 'is_tarred': False, 'tarred_audio_filepaths': None, 'shuffle_n': 2048, 'bucketing_strategy': 'synced_randomized', 'bucketing_batch_size': None, 'return_sample_id': False, 'drop_last': False, 'asr_repo': 'whisper', 'shuffle': False, 'manifest_filepath': 'logs/en/ensemble/train/binary/b7/DAT/version_82/data/en/train_subset/test_ni.txt'}
2024-06-19 17:01:57,491 - progress - INFO - 	Batch size: 8
2024-06-19 17:01:57,493 - progress - INFO - Creating dataloader for logs/en/ensemble/train/binary/b7/DAT/version_82/data/en/train_subset/test_nz.txt
2024-06-19 17:01:57,494 - progress - INFO - 	Dataloader config: {'sample_rate': 16000, 'batch_size': 8, 'num_workers': 10, 'pin_memory': True, 'use_start_end_token': False, 'trim_silence': False, 'is_tarred': False, 'tarred_audio_filepaths': None, 'shuffle_n': 2048, 'bucketing_strategy': 'synced_randomized', 'bucketing_batch_size': None, 'return_sample_id': False, 'drop_last': False, 'asr_repo': 'whisper', 'shuffle': False, 'manifest_filepath': 'logs/en/ensemble/train/binary/b7/DAT/version_82/data/en/train_subset/test_nz.txt'}
2024-06-19 17:01:57,494 - progress - INFO - 	Batch size: 8
2024-06-19 17:01:57,498 - progress - INFO - Creating dataloader for logs/en/ensemble/train/binary/b7/DAT/version_82/data/en/train_subset/test_ph.txt
2024-06-19 17:01:57,498 - progress - INFO - 	Dataloader config: {'sample_rate': 16000, 'batch_size': 8, 'num_workers': 10, 'pin_memory': True, 'use_start_end_token': False, 'trim_silence': False, 'is_tarred': False, 'tarred_audio_filepaths': None, 'shuffle_n': 2048, 'bucketing_strategy': 'synced_randomized', 'bucketing_batch_size': None, 'return_sample_id': False, 'drop_last': False, 'asr_repo': 'whisper', 'shuffle': False, 'manifest_filepath': 'logs/en/ensemble/train/binary/b7/DAT/version_82/data/en/train_subset/test_ph.txt'}
2024-06-19 17:01:57,499 - progress - INFO - 	Batch size: 8
2024-06-19 17:01:57,501 - progress - INFO - Creating dataloader for logs/en/ensemble/train/binary/b7/DAT/version_82/data/en/train_subset/test_sc.txt
2024-06-19 17:01:57,502 - progress - INFO - 	Dataloader config: {'sample_rate': 16000, 'batch_size': 8, 'num_workers': 10, 'pin_memory': True, 'use_start_end_token': False, 'trim_silence': False, 'is_tarred': False, 'tarred_audio_filepaths': None, 'shuffle_n': 2048, 'bucketing_strategy': 'synced_randomized', 'bucketing_batch_size': None, 'return_sample_id': False, 'drop_last': False, 'asr_repo': 'whisper', 'shuffle': False, 'manifest_filepath': 'logs/en/ensemble/train/binary/b7/DAT/version_82/data/en/train_subset/test_sc.txt'}
2024-06-19 17:01:57,502 - progress - INFO - 	Batch size: 8
2024-06-19 17:01:57,505 - progress - INFO - Creating dataloader for logs/en/ensemble/train/binary/b7/DAT/version_82/data/en/train_subset/test_sg.txt
2024-06-19 17:01:57,505 - progress - INFO - 	Dataloader config: {'sample_rate': 16000, 'batch_size': 8, 'num_workers': 10, 'pin_memory': True, 'use_start_end_token': False, 'trim_silence': False, 'is_tarred': False, 'tarred_audio_filepaths': None, 'shuffle_n': 2048, 'bucketing_strategy': 'synced_randomized', 'bucketing_batch_size': None, 'return_sample_id': False, 'drop_last': False, 'asr_repo': 'whisper', 'shuffle': False, 'manifest_filepath': 'logs/en/ensemble/train/binary/b7/DAT/version_82/data/en/train_subset/test_sg.txt'}
2024-06-19 17:01:57,506 - progress - INFO - 	Batch size: 8
2024-06-19 17:01:57,509 - progress - INFO - Creating dataloader for logs/en/ensemble/train/binary/b7/DAT/version_82/data/en/train_subset/test_za.txt
2024-06-19 17:01:57,509 - progress - INFO - 	Dataloader config: {'sample_rate': 16000, 'batch_size': 8, 'num_workers': 10, 'pin_memory': True, 'use_start_end_token': False, 'trim_silence': False, 'is_tarred': False, 'tarred_audio_filepaths': None, 'shuffle_n': 2048, 'bucketing_strategy': 'synced_randomized', 'bucketing_batch_size': None, 'return_sample_id': False, 'drop_last': False, 'asr_repo': 'whisper', 'shuffle': False, 'manifest_filepath': 'logs/en/ensemble/train/binary/b7/DAT/version_82/data/en/train_subset/test_za.txt'}
2024-06-19 17:01:57,510 - progress - INFO - 	Batch size: 8
