2023-07-24 14:16:14,393 - progress - INFO - Creating dataloader for logs/en/asr/train/version_7/data/en/train_split/test_us.txt
2023-07-24 14:16:14,395 - progress - INFO - 	Dataloader config: {'sample_rate': 16000, 'batch_size': 12, 'num_workers': 10, 'pin_memory': True, 'use_start_end_token': False, 'trim_silence': False, 'is_tarred': False, 'tarred_audio_filepaths': None, 'shuffle_n': 2048, 'bucketing_strategy': 'synced_randomized', 'bucketing_batch_size': None, 'return_sample_id': False, 'drop_last': False, 'asr_repo': 'whisper', 'shuffle': False, 'manifest_filepath': 'logs/en/asr/train/version_7/data/en/train_split/test_us.txt'}
2023-07-24 14:16:14,396 - progress - INFO - 	Batch size: 12
2023-07-24 14:16:15,621 - progress - INFO - Creating dataloader for logs/en/asr/train/version_7/data/en/train_split/test_ca.txt
2023-07-24 14:16:15,623 - progress - INFO - 	Dataloader config: {'sample_rate': 16000, 'batch_size': 12, 'num_workers': 10, 'pin_memory': True, 'use_start_end_token': False, 'trim_silence': False, 'is_tarred': False, 'tarred_audio_filepaths': None, 'shuffle_n': 2048, 'bucketing_strategy': 'synced_randomized', 'bucketing_batch_size': None, 'return_sample_id': False, 'drop_last': False, 'asr_repo': 'whisper', 'shuffle': False, 'manifest_filepath': 'logs/en/asr/train/version_7/data/en/train_split/test_ca.txt'}
2023-07-24 14:16:15,624 - progress - INFO - 	Batch size: 12
2023-07-24 14:16:15,642 - progress - INFO - Creating dataloader for logs/en/asr/train/version_7/data/en/train_split/test_uk.txt
2023-07-24 14:16:15,643 - progress - INFO - 	Dataloader config: {'sample_rate': 16000, 'batch_size': 12, 'num_workers': 10, 'pin_memory': True, 'use_start_end_token': False, 'trim_silence': False, 'is_tarred': False, 'tarred_audio_filepaths': None, 'shuffle_n': 2048, 'bucketing_strategy': 'synced_randomized', 'bucketing_batch_size': None, 'return_sample_id': False, 'drop_last': False, 'asr_repo': 'whisper', 'shuffle': False, 'manifest_filepath': 'logs/en/asr/train/version_7/data/en/train_split/test_uk.txt'}
2023-07-24 14:16:15,644 - progress - INFO - 	Batch size: 12
2023-07-24 14:16:15,675 - progress - INFO - Creating dataloader for logs/en/asr/train/version_7/data/en/train_split/test_in.txt
2023-07-24 14:16:15,676 - progress - INFO - 	Dataloader config: {'sample_rate': 16000, 'batch_size': 12, 'num_workers': 10, 'pin_memory': True, 'use_start_end_token': False, 'trim_silence': False, 'is_tarred': False, 'tarred_audio_filepaths': None, 'shuffle_n': 2048, 'bucketing_strategy': 'synced_randomized', 'bucketing_batch_size': None, 'return_sample_id': False, 'drop_last': False, 'asr_repo': 'whisper', 'shuffle': False, 'manifest_filepath': 'logs/en/asr/train/version_7/data/en/train_split/test_in.txt'}
2023-07-24 14:16:15,677 - progress - INFO - 	Batch size: 12
2023-07-24 14:16:15,700 - progress - INFO - Creating dataloader for logs/en/asr/train/version_7/data/en/train_split/test_de.txt
2023-07-24 14:16:15,701 - progress - INFO - 	Dataloader config: {'sample_rate': 16000, 'batch_size': 12, 'num_workers': 10, 'pin_memory': True, 'use_start_end_token': False, 'trim_silence': False, 'is_tarred': False, 'tarred_audio_filepaths': None, 'shuffle_n': 2048, 'bucketing_strategy': 'synced_randomized', 'bucketing_batch_size': None, 'return_sample_id': False, 'drop_last': False, 'asr_repo': 'whisper', 'shuffle': False, 'manifest_filepath': 'logs/en/asr/train/version_7/data/en/train_split/test_de.txt'}
2023-07-24 14:16:15,702 - progress - INFO - 	Batch size: 12
2023-07-24 14:16:15,714 - progress - INFO - Creating dataloader for logs/en/asr/train/version_7/data/en/train_split/test_au.txt
2023-07-24 14:16:15,716 - progress - INFO - 	Dataloader config: {'sample_rate': 16000, 'batch_size': 12, 'num_workers': 10, 'pin_memory': True, 'use_start_end_token': False, 'trim_silence': False, 'is_tarred': False, 'tarred_audio_filepaths': None, 'shuffle_n': 2048, 'bucketing_strategy': 'synced_randomized', 'bucketing_batch_size': None, 'return_sample_id': False, 'drop_last': False, 'asr_repo': 'whisper', 'shuffle': False, 'manifest_filepath': 'logs/en/asr/train/version_7/data/en/train_split/test_au.txt'}
2023-07-24 14:16:15,717 - progress - INFO - 	Batch size: 12
2023-07-24 14:16:15,730 - progress - INFO - Creating dataloader for logs/en/asr/train/version_7/data/en/train_split/test_hk.txt
2023-07-24 14:16:15,731 - progress - INFO - 	Dataloader config: {'sample_rate': 16000, 'batch_size': 12, 'num_workers': 10, 'pin_memory': True, 'use_start_end_token': False, 'trim_silence': False, 'is_tarred': False, 'tarred_audio_filepaths': None, 'shuffle_n': 2048, 'bucketing_strategy': 'synced_randomized', 'bucketing_batch_size': None, 'return_sample_id': False, 'drop_last': False, 'asr_repo': 'whisper', 'shuffle': False, 'manifest_filepath': 'logs/en/asr/train/version_7/data/en/train_split/test_hk.txt'}
2023-07-24 14:16:15,732 - progress - INFO - 	Batch size: 12
2023-07-24 14:16:15,739 - progress - INFO - Creating dataloader for logs/en/asr/train/version_7/data/en/train_split/test_ie.txt
2023-07-24 14:16:15,740 - progress - INFO - 	Dataloader config: {'sample_rate': 16000, 'batch_size': 12, 'num_workers': 10, 'pin_memory': True, 'use_start_end_token': False, 'trim_silence': False, 'is_tarred': False, 'tarred_audio_filepaths': None, 'shuffle_n': 2048, 'bucketing_strategy': 'synced_randomized', 'bucketing_batch_size': None, 'return_sample_id': False, 'drop_last': False, 'asr_repo': 'whisper', 'shuffle': False, 'manifest_filepath': 'logs/en/asr/train/version_7/data/en/train_split/test_ie.txt'}
2023-07-24 14:16:15,741 - progress - INFO - 	Batch size: 12
2023-07-24 14:16:15,754 - progress - INFO - Creating dataloader for logs/en/asr/train/version_7/data/en/train_split/test_ni.txt
2023-07-24 14:16:15,755 - progress - INFO - 	Dataloader config: {'sample_rate': 16000, 'batch_size': 12, 'num_workers': 10, 'pin_memory': True, 'use_start_end_token': False, 'trim_silence': False, 'is_tarred': False, 'tarred_audio_filepaths': None, 'shuffle_n': 2048, 'bucketing_strategy': 'synced_randomized', 'bucketing_batch_size': None, 'return_sample_id': False, 'drop_last': False, 'asr_repo': 'whisper', 'shuffle': False, 'manifest_filepath': 'logs/en/asr/train/version_7/data/en/train_split/test_ni.txt'}
2023-07-24 14:16:15,756 - progress - INFO - 	Batch size: 12
2023-07-24 14:16:15,766 - progress - INFO - Creating dataloader for logs/en/asr/train/version_7/data/en/train_split/test_nz.txt
2023-07-24 14:16:15,767 - progress - INFO - 	Dataloader config: {'sample_rate': 16000, 'batch_size': 12, 'num_workers': 10, 'pin_memory': True, 'use_start_end_token': False, 'trim_silence': False, 'is_tarred': False, 'tarred_audio_filepaths': None, 'shuffle_n': 2048, 'bucketing_strategy': 'synced_randomized', 'bucketing_batch_size': None, 'return_sample_id': False, 'drop_last': False, 'asr_repo': 'whisper', 'shuffle': False, 'manifest_filepath': 'logs/en/asr/train/version_7/data/en/train_split/test_nz.txt'}
2023-07-24 14:16:15,768 - progress - INFO - 	Batch size: 12
2023-07-24 14:16:15,783 - progress - INFO - Creating dataloader for logs/en/asr/train/version_7/data/en/train_split/test_ph.txt
2023-07-24 14:16:15,784 - progress - INFO - 	Dataloader config: {'sample_rate': 16000, 'batch_size': 12, 'num_workers': 10, 'pin_memory': True, 'use_start_end_token': False, 'trim_silence': False, 'is_tarred': False, 'tarred_audio_filepaths': None, 'shuffle_n': 2048, 'bucketing_strategy': 'synced_randomized', 'bucketing_batch_size': None, 'return_sample_id': False, 'drop_last': False, 'asr_repo': 'whisper', 'shuffle': False, 'manifest_filepath': 'logs/en/asr/train/version_7/data/en/train_split/test_ph.txt'}
2023-07-24 14:16:15,785 - progress - INFO - 	Batch size: 12
2023-07-24 14:16:15,795 - progress - INFO - Creating dataloader for logs/en/asr/train/version_7/data/en/train_split/test_sc.txt
2023-07-24 14:16:15,796 - progress - INFO - 	Dataloader config: {'sample_rate': 16000, 'batch_size': 12, 'num_workers': 10, 'pin_memory': True, 'use_start_end_token': False, 'trim_silence': False, 'is_tarred': False, 'tarred_audio_filepaths': None, 'shuffle_n': 2048, 'bucketing_strategy': 'synced_randomized', 'bucketing_batch_size': None, 'return_sample_id': False, 'drop_last': False, 'asr_repo': 'whisper', 'shuffle': False, 'manifest_filepath': 'logs/en/asr/train/version_7/data/en/train_split/test_sc.txt'}
2023-07-24 14:16:15,797 - progress - INFO - 	Batch size: 12
2023-07-24 14:16:15,815 - progress - INFO - Creating dataloader for logs/en/asr/train/version_7/data/en/train_split/test_sg.txt
2023-07-24 14:16:15,816 - progress - INFO - 	Dataloader config: {'sample_rate': 16000, 'batch_size': 12, 'num_workers': 10, 'pin_memory': True, 'use_start_end_token': False, 'trim_silence': False, 'is_tarred': False, 'tarred_audio_filepaths': None, 'shuffle_n': 2048, 'bucketing_strategy': 'synced_randomized', 'bucketing_batch_size': None, 'return_sample_id': False, 'drop_last': False, 'asr_repo': 'whisper', 'shuffle': False, 'manifest_filepath': 'logs/en/asr/train/version_7/data/en/train_split/test_sg.txt'}
2023-07-24 14:16:15,817 - progress - INFO - 	Batch size: 12
2023-07-24 14:16:15,824 - progress - INFO - Creating dataloader for logs/en/asr/train/version_7/data/en/train_split/test_za.txt
2023-07-24 14:16:15,825 - progress - INFO - 	Dataloader config: {'sample_rate': 16000, 'batch_size': 12, 'num_workers': 10, 'pin_memory': True, 'use_start_end_token': False, 'trim_silence': False, 'is_tarred': False, 'tarred_audio_filepaths': None, 'shuffle_n': 2048, 'bucketing_strategy': 'synced_randomized', 'bucketing_batch_size': None, 'return_sample_id': False, 'drop_last': False, 'asr_repo': 'whisper', 'shuffle': False, 'manifest_filepath': 'logs/en/asr/train/version_7/data/en/train_split/test_za.txt'}
2023-07-24 14:16:15,826 - progress - INFO - 	Batch size: 12
2023-07-24 14:20:25,544 - progress - INFO - Configuring optimizers
2023-07-24 14:20:25,594 - progress - INFO - Creating dataloader for ['logs/en/asr/train/version_7/data/en/train_split/train_us.txt', 'logs/en/asr/train/version_7/data/en/train_split/train_ca.txt', 'logs/en/asr/train/version_7/data/en/train_split/train_uk.txt', 'logs/en/asr/train/version_7/data/en/train_split/train_in.txt', 'logs/en/asr/train/version_7/data/en/train_split/train_de.txt', 'logs/en/asr/train/version_7/data/en/train_split/train_au.txt']
2023-07-24 14:20:25,595 - progress - INFO - 	Dataloader config: {'sample_rate': 16000, 'batch_size': 12, 'num_workers': 10, 'pin_memory': True, 'use_start_end_token': False, 'trim_silence': False, 'is_tarred': False, 'tarred_audio_filepaths': None, 'shuffle_n': 2048, 'bucketing_strategy': 'synced_randomized', 'bucketing_batch_size': None, 'return_sample_id': False, 'drop_last': False, 'asr_repo': 'whisper', 'shuffle': False, 'manifest_filepath': ['logs/en/asr/train/version_7/data/en/train_split/train_us.txt', 'logs/en/asr/train/version_7/data/en/train_split/train_ca.txt', 'logs/en/asr/train/version_7/data/en/train_split/train_uk.txt', 'logs/en/asr/train/version_7/data/en/train_split/train_in.txt', 'logs/en/asr/train/version_7/data/en/train_split/train_de.txt', 'logs/en/asr/train/version_7/data/en/train_split/train_au.txt']}
2023-07-24 14:20:25,596 - progress - INFO - 	Batch size: 12
2023-07-24 14:20:26,637 - progress - INFO - Creating dataloader for logs/en/asr/train/version_7/data/en/train_split/test_us.txt
2023-07-24 14:20:26,638 - progress - INFO - 	Dataloader config: {'sample_rate': 16000, 'batch_size': 12, 'num_workers': 10, 'pin_memory': True, 'use_start_end_token': False, 'trim_silence': False, 'is_tarred': False, 'tarred_audio_filepaths': None, 'shuffle_n': 2048, 'bucketing_strategy': 'synced_randomized', 'bucketing_batch_size': None, 'return_sample_id': False, 'drop_last': False, 'asr_repo': 'whisper', 'shuffle': False, 'manifest_filepath': 'logs/en/asr/train/version_7/data/en/train_split/test_us.txt'}
2023-07-24 14:20:26,638 - progress - INFO - 	Batch size: 12
2023-07-24 14:20:26,718 - progress - INFO - Creating dataloader for logs/en/asr/train/version_7/data/en/train_split/test_ca.txt
2023-07-24 14:20:26,719 - progress - INFO - 	Dataloader config: {'sample_rate': 16000, 'batch_size': 12, 'num_workers': 10, 'pin_memory': True, 'use_start_end_token': False, 'trim_silence': False, 'is_tarred': False, 'tarred_audio_filepaths': None, 'shuffle_n': 2048, 'bucketing_strategy': 'synced_randomized', 'bucketing_batch_size': None, 'return_sample_id': False, 'drop_last': False, 'asr_repo': 'whisper', 'shuffle': False, 'manifest_filepath': 'logs/en/asr/train/version_7/data/en/train_split/test_ca.txt'}
2023-07-24 14:20:26,720 - progress - INFO - 	Batch size: 12
2023-07-24 14:20:26,735 - progress - INFO - Creating dataloader for logs/en/asr/train/version_7/data/en/train_split/test_uk.txt
2023-07-24 14:20:26,736 - progress - INFO - 	Dataloader config: {'sample_rate': 16000, 'batch_size': 12, 'num_workers': 10, 'pin_memory': True, 'use_start_end_token': False, 'trim_silence': False, 'is_tarred': False, 'tarred_audio_filepaths': None, 'shuffle_n': 2048, 'bucketing_strategy': 'synced_randomized', 'bucketing_batch_size': None, 'return_sample_id': False, 'drop_last': False, 'asr_repo': 'whisper', 'shuffle': False, 'manifest_filepath': 'logs/en/asr/train/version_7/data/en/train_split/test_uk.txt'}
2023-07-24 14:20:26,737 - progress - INFO - 	Batch size: 12
2023-07-24 14:20:26,765 - progress - INFO - Creating dataloader for logs/en/asr/train/version_7/data/en/train_split/test_in.txt
2023-07-24 14:20:26,766 - progress - INFO - 	Dataloader config: {'sample_rate': 16000, 'batch_size': 12, 'num_workers': 10, 'pin_memory': True, 'use_start_end_token': False, 'trim_silence': False, 'is_tarred': False, 'tarred_audio_filepaths': None, 'shuffle_n': 2048, 'bucketing_strategy': 'synced_randomized', 'bucketing_batch_size': None, 'return_sample_id': False, 'drop_last': False, 'asr_repo': 'whisper', 'shuffle': False, 'manifest_filepath': 'logs/en/asr/train/version_7/data/en/train_split/test_in.txt'}
2023-07-24 14:20:26,767 - progress - INFO - 	Batch size: 12
2023-07-24 14:20:26,789 - progress - INFO - Creating dataloader for logs/en/asr/train/version_7/data/en/train_split/test_de.txt
2023-07-24 14:20:26,790 - progress - INFO - 	Dataloader config: {'sample_rate': 16000, 'batch_size': 12, 'num_workers': 10, 'pin_memory': True, 'use_start_end_token': False, 'trim_silence': False, 'is_tarred': False, 'tarred_audio_filepaths': None, 'shuffle_n': 2048, 'bucketing_strategy': 'synced_randomized', 'bucketing_batch_size': None, 'return_sample_id': False, 'drop_last': False, 'asr_repo': 'whisper', 'shuffle': False, 'manifest_filepath': 'logs/en/asr/train/version_7/data/en/train_split/test_de.txt'}
2023-07-24 14:20:26,791 - progress - INFO - 	Batch size: 12
2023-07-24 14:20:26,803 - progress - INFO - Creating dataloader for logs/en/asr/train/version_7/data/en/train_split/test_au.txt
2023-07-24 14:20:26,804 - progress - INFO - 	Dataloader config: {'sample_rate': 16000, 'batch_size': 12, 'num_workers': 10, 'pin_memory': True, 'use_start_end_token': False, 'trim_silence': False, 'is_tarred': False, 'tarred_audio_filepaths': None, 'shuffle_n': 2048, 'bucketing_strategy': 'synced_randomized', 'bucketing_batch_size': None, 'return_sample_id': False, 'drop_last': False, 'asr_repo': 'whisper', 'shuffle': False, 'manifest_filepath': 'logs/en/asr/train/version_7/data/en/train_split/test_au.txt'}
2023-07-24 14:20:26,805 - progress - INFO - 	Batch size: 12
2023-07-24 14:20:26,818 - progress - INFO - Creating dataloader for logs/en/asr/train/version_7/data/en/train_split/test_hk.txt
2023-07-24 14:20:26,818 - progress - INFO - 	Dataloader config: {'sample_rate': 16000, 'batch_size': 12, 'num_workers': 10, 'pin_memory': True, 'use_start_end_token': False, 'trim_silence': False, 'is_tarred': False, 'tarred_audio_filepaths': None, 'shuffle_n': 2048, 'bucketing_strategy': 'synced_randomized', 'bucketing_batch_size': None, 'return_sample_id': False, 'drop_last': False, 'asr_repo': 'whisper', 'shuffle': False, 'manifest_filepath': 'logs/en/asr/train/version_7/data/en/train_split/test_hk.txt'}
2023-07-24 14:20:26,819 - progress - INFO - 	Batch size: 12
2023-07-24 14:20:26,827 - progress - INFO - Creating dataloader for logs/en/asr/train/version_7/data/en/train_split/test_ie.txt
2023-07-24 14:20:26,827 - progress - INFO - 	Dataloader config: {'sample_rate': 16000, 'batch_size': 12, 'num_workers': 10, 'pin_memory': True, 'use_start_end_token': False, 'trim_silence': False, 'is_tarred': False, 'tarred_audio_filepaths': None, 'shuffle_n': 2048, 'bucketing_strategy': 'synced_randomized', 'bucketing_batch_size': None, 'return_sample_id': False, 'drop_last': False, 'asr_repo': 'whisper', 'shuffle': False, 'manifest_filepath': 'logs/en/asr/train/version_7/data/en/train_split/test_ie.txt'}
2023-07-24 14:20:26,828 - progress - INFO - 	Batch size: 12
2023-07-24 14:20:26,841 - progress - INFO - Creating dataloader for logs/en/asr/train/version_7/data/en/train_split/test_ni.txt
2023-07-24 14:20:26,841 - progress - INFO - 	Dataloader config: {'sample_rate': 16000, 'batch_size': 12, 'num_workers': 10, 'pin_memory': True, 'use_start_end_token': False, 'trim_silence': False, 'is_tarred': False, 'tarred_audio_filepaths': None, 'shuffle_n': 2048, 'bucketing_strategy': 'synced_randomized', 'bucketing_batch_size': None, 'return_sample_id': False, 'drop_last': False, 'asr_repo': 'whisper', 'shuffle': False, 'manifest_filepath': 'logs/en/asr/train/version_7/data/en/train_split/test_ni.txt'}
2023-07-24 14:20:26,842 - progress - INFO - 	Batch size: 12
2023-07-24 14:20:26,852 - progress - INFO - Creating dataloader for logs/en/asr/train/version_7/data/en/train_split/test_nz.txt
2023-07-24 14:20:26,853 - progress - INFO - 	Dataloader config: {'sample_rate': 16000, 'batch_size': 12, 'num_workers': 10, 'pin_memory': True, 'use_start_end_token': False, 'trim_silence': False, 'is_tarred': False, 'tarred_audio_filepaths': None, 'shuffle_n': 2048, 'bucketing_strategy': 'synced_randomized', 'bucketing_batch_size': None, 'return_sample_id': False, 'drop_last': False, 'asr_repo': 'whisper', 'shuffle': False, 'manifest_filepath': 'logs/en/asr/train/version_7/data/en/train_split/test_nz.txt'}
2023-07-24 14:20:26,853 - progress - INFO - 	Batch size: 12
2023-07-24 14:20:26,869 - progress - INFO - Creating dataloader for logs/en/asr/train/version_7/data/en/train_split/test_ph.txt
2023-07-24 14:20:26,869 - progress - INFO - 	Dataloader config: {'sample_rate': 16000, 'batch_size': 12, 'num_workers': 10, 'pin_memory': True, 'use_start_end_token': False, 'trim_silence': False, 'is_tarred': False, 'tarred_audio_filepaths': None, 'shuffle_n': 2048, 'bucketing_strategy': 'synced_randomized', 'bucketing_batch_size': None, 'return_sample_id': False, 'drop_last': False, 'asr_repo': 'whisper', 'shuffle': False, 'manifest_filepath': 'logs/en/asr/train/version_7/data/en/train_split/test_ph.txt'}
2023-07-24 14:20:26,870 - progress - INFO - 	Batch size: 12
2023-07-24 14:20:26,878 - progress - INFO - Creating dataloader for logs/en/asr/train/version_7/data/en/train_split/test_sc.txt
2023-07-24 14:20:26,879 - progress - INFO - 	Dataloader config: {'sample_rate': 16000, 'batch_size': 12, 'num_workers': 10, 'pin_memory': True, 'use_start_end_token': False, 'trim_silence': False, 'is_tarred': False, 'tarred_audio_filepaths': None, 'shuffle_n': 2048, 'bucketing_strategy': 'synced_randomized', 'bucketing_batch_size': None, 'return_sample_id': False, 'drop_last': False, 'asr_repo': 'whisper', 'shuffle': False, 'manifest_filepath': 'logs/en/asr/train/version_7/data/en/train_split/test_sc.txt'}
2023-07-24 14:20:26,880 - progress - INFO - 	Batch size: 12
2023-07-24 14:20:26,896 - progress - INFO - Creating dataloader for logs/en/asr/train/version_7/data/en/train_split/test_sg.txt
2023-07-24 14:20:26,897 - progress - INFO - 	Dataloader config: {'sample_rate': 16000, 'batch_size': 12, 'num_workers': 10, 'pin_memory': True, 'use_start_end_token': False, 'trim_silence': False, 'is_tarred': False, 'tarred_audio_filepaths': None, 'shuffle_n': 2048, 'bucketing_strategy': 'synced_randomized', 'bucketing_batch_size': None, 'return_sample_id': False, 'drop_last': False, 'asr_repo': 'whisper', 'shuffle': False, 'manifest_filepath': 'logs/en/asr/train/version_7/data/en/train_split/test_sg.txt'}
2023-07-24 14:20:26,898 - progress - INFO - 	Batch size: 12
2023-07-24 14:20:26,904 - progress - INFO - Creating dataloader for logs/en/asr/train/version_7/data/en/train_split/test_za.txt
2023-07-24 14:20:26,905 - progress - INFO - 	Dataloader config: {'sample_rate': 16000, 'batch_size': 12, 'num_workers': 10, 'pin_memory': True, 'use_start_end_token': False, 'trim_silence': False, 'is_tarred': False, 'tarred_audio_filepaths': None, 'shuffle_n': 2048, 'bucketing_strategy': 'synced_randomized', 'bucketing_batch_size': None, 'return_sample_id': False, 'drop_last': False, 'asr_repo': 'whisper', 'shuffle': False, 'manifest_filepath': 'logs/en/asr/train/version_7/data/en/train_split/test_za.txt'}
2023-07-24 14:20:26,906 - progress - INFO - 	Batch size: 12
