2024-07-15 12:07:12,309 - progress - INFO - Creating dataloader for logs/en/ensemble/train/binary/b7/DAT/version_100/data/en/train_subset/test_us.txt
2024-07-15 12:07:12,310 - progress - INFO - 	Dataloader config: {'sample_rate': 16000, 'batch_size': 8, 'num_workers': 10, 'pin_memory': True, 'use_start_end_token': False, 'trim_silence': False, 'is_tarred': False, 'tarred_audio_filepaths': None, 'shuffle_n': 2048, 'bucketing_strategy': 'synced_randomized', 'bucketing_batch_size': None, 'return_sample_id': False, 'drop_last': False, 'asr_repo': 'whisper', 'shuffle': False, 'manifest_filepath': 'logs/en/ensemble/train/binary/b7/DAT/version_100/data/en/train_subset/test_us.txt'}
2024-07-15 12:07:12,310 - progress - INFO - 	Batch size: 8
2024-07-15 12:07:12,598 - progress - INFO - Creating dataloader for logs/en/ensemble/train/binary/b7/DAT/version_100/data/en/train_subset/test_ca.txt
2024-07-15 12:07:12,600 - progress - INFO - 	Dataloader config: {'sample_rate': 16000, 'batch_size': 8, 'num_workers': 10, 'pin_memory': True, 'use_start_end_token': False, 'trim_silence': False, 'is_tarred': False, 'tarred_audio_filepaths': None, 'shuffle_n': 2048, 'bucketing_strategy': 'synced_randomized', 'bucketing_batch_size': None, 'return_sample_id': False, 'drop_last': False, 'asr_repo': 'whisper', 'shuffle': False, 'manifest_filepath': 'logs/en/ensemble/train/binary/b7/DAT/version_100/data/en/train_subset/test_ca.txt'}
2024-07-15 12:07:12,600 - progress - INFO - 	Batch size: 8
2024-07-15 12:07:12,604 - progress - INFO - Creating dataloader for logs/en/ensemble/train/binary/b7/DAT/version_100/data/en/train_subset/test_uk.txt
2024-07-15 12:07:12,604 - progress - INFO - 	Dataloader config: {'sample_rate': 16000, 'batch_size': 8, 'num_workers': 10, 'pin_memory': True, 'use_start_end_token': False, 'trim_silence': False, 'is_tarred': False, 'tarred_audio_filepaths': None, 'shuffle_n': 2048, 'bucketing_strategy': 'synced_randomized', 'bucketing_batch_size': None, 'return_sample_id': False, 'drop_last': False, 'asr_repo': 'whisper', 'shuffle': False, 'manifest_filepath': 'logs/en/ensemble/train/binary/b7/DAT/version_100/data/en/train_subset/test_uk.txt'}
2024-07-15 12:07:12,605 - progress - INFO - 	Batch size: 8
2024-07-15 12:07:12,609 - progress - INFO - Creating dataloader for logs/en/ensemble/train/binary/b7/DAT/version_100/data/en/train_subset/test_in.txt
2024-07-15 12:07:12,610 - progress - INFO - 	Dataloader config: {'sample_rate': 16000, 'batch_size': 8, 'num_workers': 10, 'pin_memory': True, 'use_start_end_token': False, 'trim_silence': False, 'is_tarred': False, 'tarred_audio_filepaths': None, 'shuffle_n': 2048, 'bucketing_strategy': 'synced_randomized', 'bucketing_batch_size': None, 'return_sample_id': False, 'drop_last': False, 'asr_repo': 'whisper', 'shuffle': False, 'manifest_filepath': 'logs/en/ensemble/train/binary/b7/DAT/version_100/data/en/train_subset/test_in.txt'}
2024-07-15 12:07:12,610 - progress - INFO - 	Batch size: 8
2024-07-15 12:07:12,614 - progress - INFO - Creating dataloader for logs/en/ensemble/train/binary/b7/DAT/version_100/data/en/train_subset/test_de.txt
2024-07-15 12:07:12,615 - progress - INFO - 	Dataloader config: {'sample_rate': 16000, 'batch_size': 8, 'num_workers': 10, 'pin_memory': True, 'use_start_end_token': False, 'trim_silence': False, 'is_tarred': False, 'tarred_audio_filepaths': None, 'shuffle_n': 2048, 'bucketing_strategy': 'synced_randomized', 'bucketing_batch_size': None, 'return_sample_id': False, 'drop_last': False, 'asr_repo': 'whisper', 'shuffle': False, 'manifest_filepath': 'logs/en/ensemble/train/binary/b7/DAT/version_100/data/en/train_subset/test_de.txt'}
2024-07-15 12:07:12,615 - progress - INFO - 	Batch size: 8
2024-07-15 12:07:12,618 - progress - INFO - Creating dataloader for logs/en/ensemble/train/binary/b7/DAT/version_100/data/en/train_subset/test_au.txt
2024-07-15 12:07:12,619 - progress - INFO - 	Dataloader config: {'sample_rate': 16000, 'batch_size': 8, 'num_workers': 10, 'pin_memory': True, 'use_start_end_token': False, 'trim_silence': False, 'is_tarred': False, 'tarred_audio_filepaths': None, 'shuffle_n': 2048, 'bucketing_strategy': 'synced_randomized', 'bucketing_batch_size': None, 'return_sample_id': False, 'drop_last': False, 'asr_repo': 'whisper', 'shuffle': False, 'manifest_filepath': 'logs/en/ensemble/train/binary/b7/DAT/version_100/data/en/train_subset/test_au.txt'}
2024-07-15 12:07:12,620 - progress - INFO - 	Batch size: 8
2024-07-15 12:07:12,623 - progress - INFO - Creating dataloader for logs/en/ensemble/train/binary/b7/DAT/version_100/data/en/train_subset/test_hk.txt
2024-07-15 12:07:12,623 - progress - INFO - 	Dataloader config: {'sample_rate': 16000, 'batch_size': 8, 'num_workers': 10, 'pin_memory': True, 'use_start_end_token': False, 'trim_silence': False, 'is_tarred': False, 'tarred_audio_filepaths': None, 'shuffle_n': 2048, 'bucketing_strategy': 'synced_randomized', 'bucketing_batch_size': None, 'return_sample_id': False, 'drop_last': False, 'asr_repo': 'whisper', 'shuffle': False, 'manifest_filepath': 'logs/en/ensemble/train/binary/b7/DAT/version_100/data/en/train_subset/test_hk.txt'}
2024-07-15 12:07:12,624 - progress - INFO - 	Batch size: 8
2024-07-15 12:07:12,627 - progress - INFO - Creating dataloader for logs/en/ensemble/train/binary/b7/DAT/version_100/data/en/train_subset/test_ie.txt
2024-07-15 12:07:12,627 - progress - INFO - 	Dataloader config: {'sample_rate': 16000, 'batch_size': 8, 'num_workers': 10, 'pin_memory': True, 'use_start_end_token': False, 'trim_silence': False, 'is_tarred': False, 'tarred_audio_filepaths': None, 'shuffle_n': 2048, 'bucketing_strategy': 'synced_randomized', 'bucketing_batch_size': None, 'return_sample_id': False, 'drop_last': False, 'asr_repo': 'whisper', 'shuffle': False, 'manifest_filepath': 'logs/en/ensemble/train/binary/b7/DAT/version_100/data/en/train_subset/test_ie.txt'}
2024-07-15 12:07:12,628 - progress - INFO - 	Batch size: 8
2024-07-15 12:07:12,631 - progress - INFO - Creating dataloader for logs/en/ensemble/train/binary/b7/DAT/version_100/data/en/train_subset/test_ni.txt
2024-07-15 12:07:12,632 - progress - INFO - 	Dataloader config: {'sample_rate': 16000, 'batch_size': 8, 'num_workers': 10, 'pin_memory': True, 'use_start_end_token': False, 'trim_silence': False, 'is_tarred': False, 'tarred_audio_filepaths': None, 'shuffle_n': 2048, 'bucketing_strategy': 'synced_randomized', 'bucketing_batch_size': None, 'return_sample_id': False, 'drop_last': False, 'asr_repo': 'whisper', 'shuffle': False, 'manifest_filepath': 'logs/en/ensemble/train/binary/b7/DAT/version_100/data/en/train_subset/test_ni.txt'}
2024-07-15 12:07:12,633 - progress - INFO - 	Batch size: 8
2024-07-15 12:07:12,635 - progress - INFO - Creating dataloader for logs/en/ensemble/train/binary/b7/DAT/version_100/data/en/train_subset/test_nz.txt
2024-07-15 12:07:12,636 - progress - INFO - 	Dataloader config: {'sample_rate': 16000, 'batch_size': 8, 'num_workers': 10, 'pin_memory': True, 'use_start_end_token': False, 'trim_silence': False, 'is_tarred': False, 'tarred_audio_filepaths': None, 'shuffle_n': 2048, 'bucketing_strategy': 'synced_randomized', 'bucketing_batch_size': None, 'return_sample_id': False, 'drop_last': False, 'asr_repo': 'whisper', 'shuffle': False, 'manifest_filepath': 'logs/en/ensemble/train/binary/b7/DAT/version_100/data/en/train_subset/test_nz.txt'}
2024-07-15 12:07:12,637 - progress - INFO - 	Batch size: 8
2024-07-15 12:07:12,640 - progress - INFO - Creating dataloader for logs/en/ensemble/train/binary/b7/DAT/version_100/data/en/train_subset/test_ph.txt
2024-07-15 12:07:12,640 - progress - INFO - 	Dataloader config: {'sample_rate': 16000, 'batch_size': 8, 'num_workers': 10, 'pin_memory': True, 'use_start_end_token': False, 'trim_silence': False, 'is_tarred': False, 'tarred_audio_filepaths': None, 'shuffle_n': 2048, 'bucketing_strategy': 'synced_randomized', 'bucketing_batch_size': None, 'return_sample_id': False, 'drop_last': False, 'asr_repo': 'whisper', 'shuffle': False, 'manifest_filepath': 'logs/en/ensemble/train/binary/b7/DAT/version_100/data/en/train_subset/test_ph.txt'}
2024-07-15 12:07:12,641 - progress - INFO - 	Batch size: 8
2024-07-15 12:07:12,644 - progress - INFO - Creating dataloader for logs/en/ensemble/train/binary/b7/DAT/version_100/data/en/train_subset/test_sc.txt
2024-07-15 12:07:12,645 - progress - INFO - 	Dataloader config: {'sample_rate': 16000, 'batch_size': 8, 'num_workers': 10, 'pin_memory': True, 'use_start_end_token': False, 'trim_silence': False, 'is_tarred': False, 'tarred_audio_filepaths': None, 'shuffle_n': 2048, 'bucketing_strategy': 'synced_randomized', 'bucketing_batch_size': None, 'return_sample_id': False, 'drop_last': False, 'asr_repo': 'whisper', 'shuffle': False, 'manifest_filepath': 'logs/en/ensemble/train/binary/b7/DAT/version_100/data/en/train_subset/test_sc.txt'}
2024-07-15 12:07:12,645 - progress - INFO - 	Batch size: 8
2024-07-15 12:07:12,649 - progress - INFO - Creating dataloader for logs/en/ensemble/train/binary/b7/DAT/version_100/data/en/train_subset/test_sg.txt
2024-07-15 12:07:12,649 - progress - INFO - 	Dataloader config: {'sample_rate': 16000, 'batch_size': 8, 'num_workers': 10, 'pin_memory': True, 'use_start_end_token': False, 'trim_silence': False, 'is_tarred': False, 'tarred_audio_filepaths': None, 'shuffle_n': 2048, 'bucketing_strategy': 'synced_randomized', 'bucketing_batch_size': None, 'return_sample_id': False, 'drop_last': False, 'asr_repo': 'whisper', 'shuffle': False, 'manifest_filepath': 'logs/en/ensemble/train/binary/b7/DAT/version_100/data/en/train_subset/test_sg.txt'}
2024-07-15 12:07:12,650 - progress - INFO - 	Batch size: 8
2024-07-15 12:07:12,653 - progress - INFO - Creating dataloader for logs/en/ensemble/train/binary/b7/DAT/version_100/data/en/train_subset/test_za.txt
2024-07-15 12:07:12,653 - progress - INFO - 	Dataloader config: {'sample_rate': 16000, 'batch_size': 8, 'num_workers': 10, 'pin_memory': True, 'use_start_end_token': False, 'trim_silence': False, 'is_tarred': False, 'tarred_audio_filepaths': None, 'shuffle_n': 2048, 'bucketing_strategy': 'synced_randomized', 'bucketing_batch_size': None, 'return_sample_id': False, 'drop_last': False, 'asr_repo': 'whisper', 'shuffle': False, 'manifest_filepath': 'logs/en/ensemble/train/binary/b7/DAT/version_100/data/en/train_subset/test_za.txt'}
2024-07-15 12:07:12,654 - progress - INFO - 	Batch size: 8
2024-07-15 12:16:07,666 - progress - INFO - Configuring optimizers
2024-07-15 12:16:07,672 - progress - INFO - Creating dataloader for ['logs/en/ensemble/train/binary/b7/DAT/version_100/data/en/train_subset/train_us.txt']
2024-07-15 12:16:07,673 - progress - INFO - 	Dataloader config: {'sample_rate': 16000, 'batch_size': 8, 'num_workers': 10, 'pin_memory': True, 'use_start_end_token': False, 'trim_silence': False, 'is_tarred': False, 'tarred_audio_filepaths': None, 'shuffle_n': 2048, 'bucketing_strategy': 'synced_randomized', 'bucketing_batch_size': None, 'return_sample_id': False, 'drop_last': False, 'asr_repo': 'whisper', 'shuffle': True, 'manifest_filepath': ['logs/en/ensemble/train/binary/b7/DAT/version_100/data/en/train_subset/train_us.txt']}
2024-07-15 12:16:07,673 - progress - INFO - 	Batch size: 8
2024-07-15 12:16:07,696 - progress - INFO - Creating dataloader for ['logs/en/ensemble/train/binary/b7/DAT/version_100/data/en/train_subset/train_ca.txt', 'logs/en/ensemble/train/binary/b7/DAT/version_100/data/en/train_subset/train_uk.txt', 'logs/en/ensemble/train/binary/b7/DAT/version_100/data/en/train_subset/train_in.txt', 'logs/en/ensemble/train/binary/b7/DAT/version_100/data/en/train_subset/train_de.txt', 'logs/en/ensemble/train/binary/b7/DAT/version_100/data/en/train_subset/train_au.txt']
2024-07-15 12:16:07,697 - progress - INFO - 	Dataloader config: {'sample_rate': 16000, 'batch_size': 8, 'num_workers': 10, 'pin_memory': True, 'use_start_end_token': False, 'trim_silence': False, 'is_tarred': False, 'tarred_audio_filepaths': None, 'shuffle_n': 2048, 'bucketing_strategy': 'synced_randomized', 'bucketing_batch_size': None, 'return_sample_id': False, 'drop_last': False, 'asr_repo': 'whisper', 'shuffle': True, 'manifest_filepath': ['logs/en/ensemble/train/binary/b7/DAT/version_100/data/en/train_subset/train_ca.txt', 'logs/en/ensemble/train/binary/b7/DAT/version_100/data/en/train_subset/train_uk.txt', 'logs/en/ensemble/train/binary/b7/DAT/version_100/data/en/train_subset/train_in.txt', 'logs/en/ensemble/train/binary/b7/DAT/version_100/data/en/train_subset/train_de.txt', 'logs/en/ensemble/train/binary/b7/DAT/version_100/data/en/train_subset/train_au.txt']}
2024-07-15 12:16:07,697 - progress - INFO - 	Batch size: 8
2024-07-15 12:16:07,723 - progress - INFO - Scheduler max. steps: 960
2024-07-15 12:16:07,738 - progress - INFO - Creating dataloader for ['logs/en/ensemble/train/binary/b7/DAT/version_100/data/en/train_subset/train_us.txt']
2024-07-15 12:16:07,739 - progress - INFO - 	Dataloader config: {'sample_rate': 16000, 'batch_size': 8, 'num_workers': 10, 'pin_memory': True, 'use_start_end_token': False, 'trim_silence': False, 'is_tarred': False, 'tarred_audio_filepaths': None, 'shuffle_n': 2048, 'bucketing_strategy': 'synced_randomized', 'bucketing_batch_size': None, 'return_sample_id': False, 'drop_last': False, 'asr_repo': 'whisper', 'shuffle': True, 'manifest_filepath': ['logs/en/ensemble/train/binary/b7/DAT/version_100/data/en/train_subset/train_us.txt']}
2024-07-15 12:16:07,739 - progress - INFO - 	Batch size: 8
2024-07-15 12:16:07,761 - progress - INFO - Creating dataloader for ['logs/en/ensemble/train/binary/b7/DAT/version_100/data/en/train_subset/train_ca.txt', 'logs/en/ensemble/train/binary/b7/DAT/version_100/data/en/train_subset/train_uk.txt', 'logs/en/ensemble/train/binary/b7/DAT/version_100/data/en/train_subset/train_in.txt', 'logs/en/ensemble/train/binary/b7/DAT/version_100/data/en/train_subset/train_de.txt', 'logs/en/ensemble/train/binary/b7/DAT/version_100/data/en/train_subset/train_au.txt']
2024-07-15 12:16:07,762 - progress - INFO - 	Dataloader config: {'sample_rate': 16000, 'batch_size': 8, 'num_workers': 10, 'pin_memory': True, 'use_start_end_token': False, 'trim_silence': False, 'is_tarred': False, 'tarred_audio_filepaths': None, 'shuffle_n': 2048, 'bucketing_strategy': 'synced_randomized', 'bucketing_batch_size': None, 'return_sample_id': False, 'drop_last': False, 'asr_repo': 'whisper', 'shuffle': True, 'manifest_filepath': ['logs/en/ensemble/train/binary/b7/DAT/version_100/data/en/train_subset/train_ca.txt', 'logs/en/ensemble/train/binary/b7/DAT/version_100/data/en/train_subset/train_uk.txt', 'logs/en/ensemble/train/binary/b7/DAT/version_100/data/en/train_subset/train_in.txt', 'logs/en/ensemble/train/binary/b7/DAT/version_100/data/en/train_subset/train_de.txt', 'logs/en/ensemble/train/binary/b7/DAT/version_100/data/en/train_subset/train_au.txt']}
2024-07-15 12:16:07,763 - progress - INFO - 	Batch size: 8
2024-07-15 12:16:07,791 - progress - INFO - Creating dataloader for logs/en/ensemble/train/binary/b7/DAT/version_100/data/en/train_subset/test_us.txt
2024-07-15 12:16:07,793 - progress - INFO - 	Dataloader config: {'sample_rate': 16000, 'batch_size': 8, 'num_workers': 10, 'pin_memory': True, 'use_start_end_token': False, 'trim_silence': False, 'is_tarred': False, 'tarred_audio_filepaths': None, 'shuffle_n': 2048, 'bucketing_strategy': 'synced_randomized', 'bucketing_batch_size': None, 'return_sample_id': False, 'drop_last': False, 'asr_repo': 'whisper', 'shuffle': False, 'manifest_filepath': 'logs/en/ensemble/train/binary/b7/DAT/version_100/data/en/train_subset/test_us.txt'}
2024-07-15 12:16:07,795 - progress - INFO - 	Batch size: 8
2024-07-15 12:16:07,806 - progress - INFO - Creating dataloader for logs/en/ensemble/train/binary/b7/DAT/version_100/data/en/train_subset/test_ca.txt
2024-07-15 12:16:07,807 - progress - INFO - 	Dataloader config: {'sample_rate': 16000, 'batch_size': 8, 'num_workers': 10, 'pin_memory': True, 'use_start_end_token': False, 'trim_silence': False, 'is_tarred': False, 'tarred_audio_filepaths': None, 'shuffle_n': 2048, 'bucketing_strategy': 'synced_randomized', 'bucketing_batch_size': None, 'return_sample_id': False, 'drop_last': False, 'asr_repo': 'whisper', 'shuffle': False, 'manifest_filepath': 'logs/en/ensemble/train/binary/b7/DAT/version_100/data/en/train_subset/test_ca.txt'}
2024-07-15 12:16:07,807 - progress - INFO - 	Batch size: 8
2024-07-15 12:16:07,810 - progress - INFO - Creating dataloader for logs/en/ensemble/train/binary/b7/DAT/version_100/data/en/train_subset/test_uk.txt
2024-07-15 12:16:07,811 - progress - INFO - 	Dataloader config: {'sample_rate': 16000, 'batch_size': 8, 'num_workers': 10, 'pin_memory': True, 'use_start_end_token': False, 'trim_silence': False, 'is_tarred': False, 'tarred_audio_filepaths': None, 'shuffle_n': 2048, 'bucketing_strategy': 'synced_randomized', 'bucketing_batch_size': None, 'return_sample_id': False, 'drop_last': False, 'asr_repo': 'whisper', 'shuffle': False, 'manifest_filepath': 'logs/en/ensemble/train/binary/b7/DAT/version_100/data/en/train_subset/test_uk.txt'}
2024-07-15 12:16:07,812 - progress - INFO - 	Batch size: 8
2024-07-15 12:16:07,816 - progress - INFO - Creating dataloader for logs/en/ensemble/train/binary/b7/DAT/version_100/data/en/train_subset/test_in.txt
2024-07-15 12:16:07,816 - progress - INFO - 	Dataloader config: {'sample_rate': 16000, 'batch_size': 8, 'num_workers': 10, 'pin_memory': True, 'use_start_end_token': False, 'trim_silence': False, 'is_tarred': False, 'tarred_audio_filepaths': None, 'shuffle_n': 2048, 'bucketing_strategy': 'synced_randomized', 'bucketing_batch_size': None, 'return_sample_id': False, 'drop_last': False, 'asr_repo': 'whisper', 'shuffle': False, 'manifest_filepath': 'logs/en/ensemble/train/binary/b7/DAT/version_100/data/en/train_subset/test_in.txt'}
2024-07-15 12:16:07,817 - progress - INFO - 	Batch size: 8
2024-07-15 12:16:07,821 - progress - INFO - Creating dataloader for logs/en/ensemble/train/binary/b7/DAT/version_100/data/en/train_subset/test_de.txt
2024-07-15 12:16:07,822 - progress - INFO - 	Dataloader config: {'sample_rate': 16000, 'batch_size': 8, 'num_workers': 10, 'pin_memory': True, 'use_start_end_token': False, 'trim_silence': False, 'is_tarred': False, 'tarred_audio_filepaths': None, 'shuffle_n': 2048, 'bucketing_strategy': 'synced_randomized', 'bucketing_batch_size': None, 'return_sample_id': False, 'drop_last': False, 'asr_repo': 'whisper', 'shuffle': False, 'manifest_filepath': 'logs/en/ensemble/train/binary/b7/DAT/version_100/data/en/train_subset/test_de.txt'}
2024-07-15 12:16:07,822 - progress - INFO - 	Batch size: 8
2024-07-15 12:16:07,825 - progress - INFO - Creating dataloader for logs/en/ensemble/train/binary/b7/DAT/version_100/data/en/train_subset/test_au.txt
2024-07-15 12:16:07,826 - progress - INFO - 	Dataloader config: {'sample_rate': 16000, 'batch_size': 8, 'num_workers': 10, 'pin_memory': True, 'use_start_end_token': False, 'trim_silence': False, 'is_tarred': False, 'tarred_audio_filepaths': None, 'shuffle_n': 2048, 'bucketing_strategy': 'synced_randomized', 'bucketing_batch_size': None, 'return_sample_id': False, 'drop_last': False, 'asr_repo': 'whisper', 'shuffle': False, 'manifest_filepath': 'logs/en/ensemble/train/binary/b7/DAT/version_100/data/en/train_subset/test_au.txt'}
2024-07-15 12:16:07,827 - progress - INFO - 	Batch size: 8
2024-07-15 12:16:07,830 - progress - INFO - Creating dataloader for logs/en/ensemble/train/binary/b7/DAT/version_100/data/en/train_subset/test_hk.txt
2024-07-15 12:16:07,830 - progress - INFO - 	Dataloader config: {'sample_rate': 16000, 'batch_size': 8, 'num_workers': 10, 'pin_memory': True, 'use_start_end_token': False, 'trim_silence': False, 'is_tarred': False, 'tarred_audio_filepaths': None, 'shuffle_n': 2048, 'bucketing_strategy': 'synced_randomized', 'bucketing_batch_size': None, 'return_sample_id': False, 'drop_last': False, 'asr_repo': 'whisper', 'shuffle': False, 'manifest_filepath': 'logs/en/ensemble/train/binary/b7/DAT/version_100/data/en/train_subset/test_hk.txt'}
2024-07-15 12:16:07,831 - progress - INFO - 	Batch size: 8
2024-07-15 12:16:07,834 - progress - INFO - Creating dataloader for logs/en/ensemble/train/binary/b7/DAT/version_100/data/en/train_subset/test_ie.txt
2024-07-15 12:16:07,835 - progress - INFO - 	Dataloader config: {'sample_rate': 16000, 'batch_size': 8, 'num_workers': 10, 'pin_memory': True, 'use_start_end_token': False, 'trim_silence': False, 'is_tarred': False, 'tarred_audio_filepaths': None, 'shuffle_n': 2048, 'bucketing_strategy': 'synced_randomized', 'bucketing_batch_size': None, 'return_sample_id': False, 'drop_last': False, 'asr_repo': 'whisper', 'shuffle': False, 'manifest_filepath': 'logs/en/ensemble/train/binary/b7/DAT/version_100/data/en/train_subset/test_ie.txt'}
2024-07-15 12:16:07,835 - progress - INFO - 	Batch size: 8
2024-07-15 12:16:07,838 - progress - INFO - Creating dataloader for logs/en/ensemble/train/binary/b7/DAT/version_100/data/en/train_subset/test_ni.txt
2024-07-15 12:16:07,839 - progress - INFO - 	Dataloader config: {'sample_rate': 16000, 'batch_size': 8, 'num_workers': 10, 'pin_memory': True, 'use_start_end_token': False, 'trim_silence': False, 'is_tarred': False, 'tarred_audio_filepaths': None, 'shuffle_n': 2048, 'bucketing_strategy': 'synced_randomized', 'bucketing_batch_size': None, 'return_sample_id': False, 'drop_last': False, 'asr_repo': 'whisper', 'shuffle': False, 'manifest_filepath': 'logs/en/ensemble/train/binary/b7/DAT/version_100/data/en/train_subset/test_ni.txt'}
2024-07-15 12:16:07,840 - progress - INFO - 	Batch size: 8
2024-07-15 12:16:07,843 - progress - INFO - Creating dataloader for logs/en/ensemble/train/binary/b7/DAT/version_100/data/en/train_subset/test_nz.txt
2024-07-15 12:16:07,843 - progress - INFO - 	Dataloader config: {'sample_rate': 16000, 'batch_size': 8, 'num_workers': 10, 'pin_memory': True, 'use_start_end_token': False, 'trim_silence': False, 'is_tarred': False, 'tarred_audio_filepaths': None, 'shuffle_n': 2048, 'bucketing_strategy': 'synced_randomized', 'bucketing_batch_size': None, 'return_sample_id': False, 'drop_last': False, 'asr_repo': 'whisper', 'shuffle': False, 'manifest_filepath': 'logs/en/ensemble/train/binary/b7/DAT/version_100/data/en/train_subset/test_nz.txt'}
2024-07-15 12:16:07,844 - progress - INFO - 	Batch size: 8
2024-07-15 12:16:07,848 - progress - INFO - Creating dataloader for logs/en/ensemble/train/binary/b7/DAT/version_100/data/en/train_subset/test_ph.txt
2024-07-15 12:16:07,848 - progress - INFO - 	Dataloader config: {'sample_rate': 16000, 'batch_size': 8, 'num_workers': 10, 'pin_memory': True, 'use_start_end_token': False, 'trim_silence': False, 'is_tarred': False, 'tarred_audio_filepaths': None, 'shuffle_n': 2048, 'bucketing_strategy': 'synced_randomized', 'bucketing_batch_size': None, 'return_sample_id': False, 'drop_last': False, 'asr_repo': 'whisper', 'shuffle': False, 'manifest_filepath': 'logs/en/ensemble/train/binary/b7/DAT/version_100/data/en/train_subset/test_ph.txt'}
2024-07-15 12:16:07,849 - progress - INFO - 	Batch size: 8
2024-07-15 12:16:07,852 - progress - INFO - Creating dataloader for logs/en/ensemble/train/binary/b7/DAT/version_100/data/en/train_subset/test_sc.txt
2024-07-15 12:16:07,853 - progress - INFO - 	Dataloader config: {'sample_rate': 16000, 'batch_size': 8, 'num_workers': 10, 'pin_memory': True, 'use_start_end_token': False, 'trim_silence': False, 'is_tarred': False, 'tarred_audio_filepaths': None, 'shuffle_n': 2048, 'bucketing_strategy': 'synced_randomized', 'bucketing_batch_size': None, 'return_sample_id': False, 'drop_last': False, 'asr_repo': 'whisper', 'shuffle': False, 'manifest_filepath': 'logs/en/ensemble/train/binary/b7/DAT/version_100/data/en/train_subset/test_sc.txt'}
2024-07-15 12:16:07,854 - progress - INFO - 	Batch size: 8
2024-07-15 12:16:07,857 - progress - INFO - Creating dataloader for logs/en/ensemble/train/binary/b7/DAT/version_100/data/en/train_subset/test_sg.txt
2024-07-15 12:16:07,858 - progress - INFO - 	Dataloader config: {'sample_rate': 16000, 'batch_size': 8, 'num_workers': 10, 'pin_memory': True, 'use_start_end_token': False, 'trim_silence': False, 'is_tarred': False, 'tarred_audio_filepaths': None, 'shuffle_n': 2048, 'bucketing_strategy': 'synced_randomized', 'bucketing_batch_size': None, 'return_sample_id': False, 'drop_last': False, 'asr_repo': 'whisper', 'shuffle': False, 'manifest_filepath': 'logs/en/ensemble/train/binary/b7/DAT/version_100/data/en/train_subset/test_sg.txt'}
2024-07-15 12:16:07,859 - progress - INFO - 	Batch size: 8
2024-07-15 12:16:07,862 - progress - INFO - Creating dataloader for logs/en/ensemble/train/binary/b7/DAT/version_100/data/en/train_subset/test_za.txt
2024-07-15 12:16:07,862 - progress - INFO - 	Dataloader config: {'sample_rate': 16000, 'batch_size': 8, 'num_workers': 10, 'pin_memory': True, 'use_start_end_token': False, 'trim_silence': False, 'is_tarred': False, 'tarred_audio_filepaths': None, 'shuffle_n': 2048, 'bucketing_strategy': 'synced_randomized', 'bucketing_batch_size': None, 'return_sample_id': False, 'drop_last': False, 'asr_repo': 'whisper', 'shuffle': False, 'manifest_filepath': 'logs/en/ensemble/train/binary/b7/DAT/version_100/data/en/train_subset/test_za.txt'}
2024-07-15 12:16:07,863 - progress - INFO - 	Batch size: 8
