2024-07-04 12:31:58,143 - progress - INFO - Configuring optimizers
2024-07-04 12:31:58,146 - progress - INFO - Creating dataloader for ['logs/en/ac/train/binary/b7/version_51/data/en/train_subset/train_us.txt']
2024-07-04 12:31:58,147 - progress - INFO - 	Dataloader config: {'sample_rate': 16000, 'batch_size': 96, 'num_workers': 10, 'pin_memory': True, 'use_start_end_token': False, 'trim_silence': False, 'is_tarred': False, 'tarred_audio_filepaths': None, 'shuffle_n': 2048, 'bucketing_strategy': 'synced_randomized', 'bucketing_batch_size': None, 'return_sample_id': False, 'drop_last': False, 'asr_repo': 'whisper', 'shuffle': True, 'manifest_filepath': ['logs/en/ac/train/binary/b7/version_51/data/en/train_subset/train_us.txt']}
2024-07-04 12:31:58,148 - progress - INFO - 	Batch size: 96
2024-07-04 12:31:58,376 - progress - INFO - Creating dataloader for ['logs/en/ac/train/binary/b7/version_51/data/en/train_subset/train_ca.txt', 'logs/en/ac/train/binary/b7/version_51/data/en/train_subset/train_uk.txt', 'logs/en/ac/train/binary/b7/version_51/data/en/train_subset/train_in.txt', 'logs/en/ac/train/binary/b7/version_51/data/en/train_subset/train_de.txt', 'logs/en/ac/train/binary/b7/version_51/data/en/train_subset/train_au.txt']
2024-07-04 12:31:58,377 - progress - INFO - 	Dataloader config: {'sample_rate': 16000, 'batch_size': 96, 'num_workers': 10, 'pin_memory': True, 'use_start_end_token': False, 'trim_silence': False, 'is_tarred': False, 'tarred_audio_filepaths': None, 'shuffle_n': 2048, 'bucketing_strategy': 'synced_randomized', 'bucketing_batch_size': None, 'return_sample_id': False, 'drop_last': False, 'asr_repo': 'whisper', 'shuffle': True, 'manifest_filepath': ['logs/en/ac/train/binary/b7/version_51/data/en/train_subset/train_ca.txt', 'logs/en/ac/train/binary/b7/version_51/data/en/train_subset/train_uk.txt', 'logs/en/ac/train/binary/b7/version_51/data/en/train_subset/train_in.txt', 'logs/en/ac/train/binary/b7/version_51/data/en/train_subset/train_de.txt', 'logs/en/ac/train/binary/b7/version_51/data/en/train_subset/train_au.txt']}
2024-07-04 12:31:58,378 - progress - INFO - 	Batch size: 96
2024-07-04 12:31:58,413 - progress - INFO - Scheduler max. steps: 320
2024-07-04 12:31:58,475 - progress - INFO - Creating dataloader for ['logs/en/ac/train/binary/b7/version_51/data/en/train_subset/train_us.txt']
2024-07-04 12:31:58,476 - progress - INFO - 	Dataloader config: {'sample_rate': 16000, 'batch_size': 96, 'num_workers': 10, 'pin_memory': True, 'use_start_end_token': False, 'trim_silence': False, 'is_tarred': False, 'tarred_audio_filepaths': None, 'shuffle_n': 2048, 'bucketing_strategy': 'synced_randomized', 'bucketing_batch_size': None, 'return_sample_id': False, 'drop_last': False, 'asr_repo': 'whisper', 'shuffle': True, 'manifest_filepath': ['logs/en/ac/train/binary/b7/version_51/data/en/train_subset/train_us.txt']}
2024-07-04 12:31:58,477 - progress - INFO - 	Batch size: 96
2024-07-04 12:31:58,499 - progress - INFO - Creating dataloader for ['logs/en/ac/train/binary/b7/version_51/data/en/train_subset/train_ca.txt', 'logs/en/ac/train/binary/b7/version_51/data/en/train_subset/train_uk.txt', 'logs/en/ac/train/binary/b7/version_51/data/en/train_subset/train_in.txt', 'logs/en/ac/train/binary/b7/version_51/data/en/train_subset/train_de.txt', 'logs/en/ac/train/binary/b7/version_51/data/en/train_subset/train_au.txt']
2024-07-04 12:31:58,500 - progress - INFO - 	Dataloader config: {'sample_rate': 16000, 'batch_size': 96, 'num_workers': 10, 'pin_memory': True, 'use_start_end_token': False, 'trim_silence': False, 'is_tarred': False, 'tarred_audio_filepaths': None, 'shuffle_n': 2048, 'bucketing_strategy': 'synced_randomized', 'bucketing_batch_size': None, 'return_sample_id': False, 'drop_last': False, 'asr_repo': 'whisper', 'shuffle': True, 'manifest_filepath': ['logs/en/ac/train/binary/b7/version_51/data/en/train_subset/train_ca.txt', 'logs/en/ac/train/binary/b7/version_51/data/en/train_subset/train_uk.txt', 'logs/en/ac/train/binary/b7/version_51/data/en/train_subset/train_in.txt', 'logs/en/ac/train/binary/b7/version_51/data/en/train_subset/train_de.txt', 'logs/en/ac/train/binary/b7/version_51/data/en/train_subset/train_au.txt']}
2024-07-04 12:31:58,501 - progress - INFO - 	Batch size: 96
2024-07-04 12:31:58,530 - progress - INFO - Creating dataloader for logs/en/ac/train/binary/b7/version_51/data/en/train_subset/test_us.txt
2024-07-04 12:31:58,530 - progress - INFO - 	Dataloader config: {'sample_rate': 16000, 'batch_size': 96, 'num_workers': 10, 'pin_memory': True, 'use_start_end_token': False, 'trim_silence': False, 'is_tarred': False, 'tarred_audio_filepaths': None, 'shuffle_n': 2048, 'bucketing_strategy': 'synced_randomized', 'bucketing_batch_size': None, 'return_sample_id': False, 'drop_last': False, 'asr_repo': 'whisper', 'shuffle': False, 'manifest_filepath': 'logs/en/ac/train/binary/b7/version_51/data/en/train_subset/test_us.txt'}
2024-07-04 12:31:58,531 - progress - INFO - 	Batch size: 96
2024-07-04 12:31:58,538 - progress - INFO - Creating dataloader for logs/en/ac/train/binary/b7/version_51/data/en/train_subset/test_ca.txt
2024-07-04 12:31:58,539 - progress - INFO - 	Dataloader config: {'sample_rate': 16000, 'batch_size': 96, 'num_workers': 10, 'pin_memory': True, 'use_start_end_token': False, 'trim_silence': False, 'is_tarred': False, 'tarred_audio_filepaths': None, 'shuffle_n': 2048, 'bucketing_strategy': 'synced_randomized', 'bucketing_batch_size': None, 'return_sample_id': False, 'drop_last': False, 'asr_repo': 'whisper', 'shuffle': False, 'manifest_filepath': 'logs/en/ac/train/binary/b7/version_51/data/en/train_subset/test_ca.txt'}
2024-07-04 12:31:58,540 - progress - INFO - 	Batch size: 96
2024-07-04 12:31:58,543 - progress - INFO - Creating dataloader for logs/en/ac/train/binary/b7/version_51/data/en/train_subset/test_uk.txt
2024-07-04 12:31:58,544 - progress - INFO - 	Dataloader config: {'sample_rate': 16000, 'batch_size': 96, 'num_workers': 10, 'pin_memory': True, 'use_start_end_token': False, 'trim_silence': False, 'is_tarred': False, 'tarred_audio_filepaths': None, 'shuffle_n': 2048, 'bucketing_strategy': 'synced_randomized', 'bucketing_batch_size': None, 'return_sample_id': False, 'drop_last': False, 'asr_repo': 'whisper', 'shuffle': False, 'manifest_filepath': 'logs/en/ac/train/binary/b7/version_51/data/en/train_subset/test_uk.txt'}
2024-07-04 12:31:58,545 - progress - INFO - 	Batch size: 96
2024-07-04 12:31:58,549 - progress - INFO - Creating dataloader for logs/en/ac/train/binary/b7/version_51/data/en/train_subset/test_in.txt
2024-07-04 12:31:58,550 - progress - INFO - 	Dataloader config: {'sample_rate': 16000, 'batch_size': 96, 'num_workers': 10, 'pin_memory': True, 'use_start_end_token': False, 'trim_silence': False, 'is_tarred': False, 'tarred_audio_filepaths': None, 'shuffle_n': 2048, 'bucketing_strategy': 'synced_randomized', 'bucketing_batch_size': None, 'return_sample_id': False, 'drop_last': False, 'asr_repo': 'whisper', 'shuffle': False, 'manifest_filepath': 'logs/en/ac/train/binary/b7/version_51/data/en/train_subset/test_in.txt'}
2024-07-04 12:31:58,551 - progress - INFO - 	Batch size: 96
2024-07-04 12:31:58,554 - progress - INFO - Creating dataloader for logs/en/ac/train/binary/b7/version_51/data/en/train_subset/test_de.txt
2024-07-04 12:31:58,555 - progress - INFO - 	Dataloader config: {'sample_rate': 16000, 'batch_size': 96, 'num_workers': 10, 'pin_memory': True, 'use_start_end_token': False, 'trim_silence': False, 'is_tarred': False, 'tarred_audio_filepaths': None, 'shuffle_n': 2048, 'bucketing_strategy': 'synced_randomized', 'bucketing_batch_size': None, 'return_sample_id': False, 'drop_last': False, 'asr_repo': 'whisper', 'shuffle': False, 'manifest_filepath': 'logs/en/ac/train/binary/b7/version_51/data/en/train_subset/test_de.txt'}
2024-07-04 12:31:58,556 - progress - INFO - 	Batch size: 96
2024-07-04 12:31:58,559 - progress - INFO - Creating dataloader for logs/en/ac/train/binary/b7/version_51/data/en/train_subset/test_au.txt
2024-07-04 12:31:58,559 - progress - INFO - 	Dataloader config: {'sample_rate': 16000, 'batch_size': 96, 'num_workers': 10, 'pin_memory': True, 'use_start_end_token': False, 'trim_silence': False, 'is_tarred': False, 'tarred_audio_filepaths': None, 'shuffle_n': 2048, 'bucketing_strategy': 'synced_randomized', 'bucketing_batch_size': None, 'return_sample_id': False, 'drop_last': False, 'asr_repo': 'whisper', 'shuffle': False, 'manifest_filepath': 'logs/en/ac/train/binary/b7/version_51/data/en/train_subset/test_au.txt'}
2024-07-04 12:31:58,560 - progress - INFO - 	Batch size: 96
2024-07-04 12:31:58,563 - progress - INFO - Creating dataloader for logs/en/ac/train/binary/b7/version_51/data/en/train_subset/test_hk.txt
2024-07-04 12:31:58,564 - progress - INFO - 	Dataloader config: {'sample_rate': 16000, 'batch_size': 96, 'num_workers': 10, 'pin_memory': True, 'use_start_end_token': False, 'trim_silence': False, 'is_tarred': False, 'tarred_audio_filepaths': None, 'shuffle_n': 2048, 'bucketing_strategy': 'synced_randomized', 'bucketing_batch_size': None, 'return_sample_id': False, 'drop_last': False, 'asr_repo': 'whisper', 'shuffle': False, 'manifest_filepath': 'logs/en/ac/train/binary/b7/version_51/data/en/train_subset/test_hk.txt'}
2024-07-04 12:31:58,565 - progress - INFO - 	Batch size: 96
2024-07-04 12:31:58,568 - progress - INFO - Creating dataloader for logs/en/ac/train/binary/b7/version_51/data/en/train_subset/test_ie.txt
2024-07-04 12:31:58,569 - progress - INFO - 	Dataloader config: {'sample_rate': 16000, 'batch_size': 96, 'num_workers': 10, 'pin_memory': True, 'use_start_end_token': False, 'trim_silence': False, 'is_tarred': False, 'tarred_audio_filepaths': None, 'shuffle_n': 2048, 'bucketing_strategy': 'synced_randomized', 'bucketing_batch_size': None, 'return_sample_id': False, 'drop_last': False, 'asr_repo': 'whisper', 'shuffle': False, 'manifest_filepath': 'logs/en/ac/train/binary/b7/version_51/data/en/train_subset/test_ie.txt'}
2024-07-04 12:31:58,570 - progress - INFO - 	Batch size: 96
2024-07-04 12:31:58,573 - progress - INFO - Creating dataloader for logs/en/ac/train/binary/b7/version_51/data/en/train_subset/test_ni.txt
2024-07-04 12:31:58,574 - progress - INFO - 	Dataloader config: {'sample_rate': 16000, 'batch_size': 96, 'num_workers': 10, 'pin_memory': True, 'use_start_end_token': False, 'trim_silence': False, 'is_tarred': False, 'tarred_audio_filepaths': None, 'shuffle_n': 2048, 'bucketing_strategy': 'synced_randomized', 'bucketing_batch_size': None, 'return_sample_id': False, 'drop_last': False, 'asr_repo': 'whisper', 'shuffle': False, 'manifest_filepath': 'logs/en/ac/train/binary/b7/version_51/data/en/train_subset/test_ni.txt'}
2024-07-04 12:31:58,575 - progress - INFO - 	Batch size: 96
2024-07-04 12:31:58,578 - progress - INFO - Creating dataloader for logs/en/ac/train/binary/b7/version_51/data/en/train_subset/test_nz.txt
2024-07-04 12:31:58,579 - progress - INFO - 	Dataloader config: {'sample_rate': 16000, 'batch_size': 96, 'num_workers': 10, 'pin_memory': True, 'use_start_end_token': False, 'trim_silence': False, 'is_tarred': False, 'tarred_audio_filepaths': None, 'shuffle_n': 2048, 'bucketing_strategy': 'synced_randomized', 'bucketing_batch_size': None, 'return_sample_id': False, 'drop_last': False, 'asr_repo': 'whisper', 'shuffle': False, 'manifest_filepath': 'logs/en/ac/train/binary/b7/version_51/data/en/train_subset/test_nz.txt'}
2024-07-04 12:31:58,580 - progress - INFO - 	Batch size: 96
2024-07-04 12:31:58,585 - progress - INFO - Creating dataloader for logs/en/ac/train/binary/b7/version_51/data/en/train_subset/test_ph.txt
2024-07-04 12:31:58,586 - progress - INFO - 	Dataloader config: {'sample_rate': 16000, 'batch_size': 96, 'num_workers': 10, 'pin_memory': True, 'use_start_end_token': False, 'trim_silence': False, 'is_tarred': False, 'tarred_audio_filepaths': None, 'shuffle_n': 2048, 'bucketing_strategy': 'synced_randomized', 'bucketing_batch_size': None, 'return_sample_id': False, 'drop_last': False, 'asr_repo': 'whisper', 'shuffle': False, 'manifest_filepath': 'logs/en/ac/train/binary/b7/version_51/data/en/train_subset/test_ph.txt'}
2024-07-04 12:31:58,587 - progress - INFO - 	Batch size: 96
2024-07-04 12:31:58,590 - progress - INFO - Creating dataloader for logs/en/ac/train/binary/b7/version_51/data/en/train_subset/test_sc.txt
2024-07-04 12:31:58,591 - progress - INFO - 	Dataloader config: {'sample_rate': 16000, 'batch_size': 96, 'num_workers': 10, 'pin_memory': True, 'use_start_end_token': False, 'trim_silence': False, 'is_tarred': False, 'tarred_audio_filepaths': None, 'shuffle_n': 2048, 'bucketing_strategy': 'synced_randomized', 'bucketing_batch_size': None, 'return_sample_id': False, 'drop_last': False, 'asr_repo': 'whisper', 'shuffle': False, 'manifest_filepath': 'logs/en/ac/train/binary/b7/version_51/data/en/train_subset/test_sc.txt'}
2024-07-04 12:31:58,592 - progress - INFO - 	Batch size: 96
2024-07-04 12:31:58,596 - progress - INFO - Creating dataloader for logs/en/ac/train/binary/b7/version_51/data/en/train_subset/test_sg.txt
2024-07-04 12:31:58,597 - progress - INFO - 	Dataloader config: {'sample_rate': 16000, 'batch_size': 96, 'num_workers': 10, 'pin_memory': True, 'use_start_end_token': False, 'trim_silence': False, 'is_tarred': False, 'tarred_audio_filepaths': None, 'shuffle_n': 2048, 'bucketing_strategy': 'synced_randomized', 'bucketing_batch_size': None, 'return_sample_id': False, 'drop_last': False, 'asr_repo': 'whisper', 'shuffle': False, 'manifest_filepath': 'logs/en/ac/train/binary/b7/version_51/data/en/train_subset/test_sg.txt'}
2024-07-04 12:31:58,598 - progress - INFO - 	Batch size: 96
2024-07-04 12:31:58,601 - progress - INFO - Creating dataloader for logs/en/ac/train/binary/b7/version_51/data/en/train_subset/test_za.txt
2024-07-04 12:31:58,602 - progress - INFO - 	Dataloader config: {'sample_rate': 16000, 'batch_size': 96, 'num_workers': 10, 'pin_memory': True, 'use_start_end_token': False, 'trim_silence': False, 'is_tarred': False, 'tarred_audio_filepaths': None, 'shuffle_n': 2048, 'bucketing_strategy': 'synced_randomized', 'bucketing_batch_size': None, 'return_sample_id': False, 'drop_last': False, 'asr_repo': 'whisper', 'shuffle': False, 'manifest_filepath': 'logs/en/ac/train/binary/b7/version_51/data/en/train_subset/test_za.txt'}
2024-07-04 12:31:58,603 - progress - INFO - 	Batch size: 96
