2024-05-15 11:48:29,993 - progress - INFO - Configuring optimizers
2024-05-15 11:48:29,997 - progress - INFO - Creating dataloader for ['logs/en/ac/train/binary/b7/version_10/data/en/train_subset/train_us.txt']
2024-05-15 11:48:30,003 - progress - INFO - 	Dataloader config: {'sample_rate': 16000, 'batch_size': 128, 'num_workers': 10, 'pin_memory': True, 'use_start_end_token': False, 'trim_silence': False, 'is_tarred': False, 'tarred_audio_filepaths': None, 'shuffle_n': 2048, 'bucketing_strategy': 'synced_randomized', 'bucketing_batch_size': None, 'return_sample_id': False, 'drop_last': False, 'asr_repo': 'whisper', 'shuffle': True, 'manifest_filepath': ['logs/en/ac/train/binary/b7/version_10/data/en/train_subset/train_us.txt']}
2024-05-15 11:48:30,005 - progress - INFO - 	Batch size: 128
2024-05-15 11:48:30,372 - progress - INFO - Creating dataloader for ['logs/en/ac/train/binary/b7/version_10/data/en/train_subset/train_ca.txt', 'logs/en/ac/train/binary/b7/version_10/data/en/train_subset/train_uk.txt', 'logs/en/ac/train/binary/b7/version_10/data/en/train_subset/train_in.txt', 'logs/en/ac/train/binary/b7/version_10/data/en/train_subset/train_de.txt', 'logs/en/ac/train/binary/b7/version_10/data/en/train_subset/train_au.txt']
2024-05-15 11:48:30,376 - progress - INFO - 	Dataloader config: {'sample_rate': 16000, 'batch_size': 128, 'num_workers': 10, 'pin_memory': True, 'use_start_end_token': False, 'trim_silence': False, 'is_tarred': False, 'tarred_audio_filepaths': None, 'shuffle_n': 2048, 'bucketing_strategy': 'synced_randomized', 'bucketing_batch_size': None, 'return_sample_id': False, 'drop_last': False, 'asr_repo': 'whisper', 'shuffle': True, 'manifest_filepath': ['logs/en/ac/train/binary/b7/version_10/data/en/train_subset/train_ca.txt', 'logs/en/ac/train/binary/b7/version_10/data/en/train_subset/train_uk.txt', 'logs/en/ac/train/binary/b7/version_10/data/en/train_subset/train_in.txt', 'logs/en/ac/train/binary/b7/version_10/data/en/train_subset/train_de.txt', 'logs/en/ac/train/binary/b7/version_10/data/en/train_subset/train_au.txt']}
2024-05-15 11:48:30,377 - progress - INFO - 	Batch size: 128
2024-05-15 11:48:30,844 - progress - INFO - Scheduler max. steps: 490
2024-05-15 11:48:30,912 - progress - INFO - Creating dataloader for ['logs/en/ac/train/binary/b7/version_10/data/en/train_subset/train_us.txt']
2024-05-15 11:48:30,919 - progress - INFO - 	Dataloader config: {'sample_rate': 16000, 'batch_size': 128, 'num_workers': 10, 'pin_memory': True, 'use_start_end_token': False, 'trim_silence': False, 'is_tarred': False, 'tarred_audio_filepaths': None, 'shuffle_n': 2048, 'bucketing_strategy': 'synced_randomized', 'bucketing_batch_size': None, 'return_sample_id': False, 'drop_last': False, 'asr_repo': 'whisper', 'shuffle': True, 'manifest_filepath': ['logs/en/ac/train/binary/b7/version_10/data/en/train_subset/train_us.txt']}
2024-05-15 11:48:30,925 - progress - INFO - 	Batch size: 128
2024-05-15 11:48:31,085 - progress - INFO - Creating dataloader for ['logs/en/ac/train/binary/b7/version_10/data/en/train_subset/train_ca.txt', 'logs/en/ac/train/binary/b7/version_10/data/en/train_subset/train_uk.txt', 'logs/en/ac/train/binary/b7/version_10/data/en/train_subset/train_in.txt', 'logs/en/ac/train/binary/b7/version_10/data/en/train_subset/train_de.txt', 'logs/en/ac/train/binary/b7/version_10/data/en/train_subset/train_au.txt']
2024-05-15 11:48:31,091 - progress - INFO - 	Dataloader config: {'sample_rate': 16000, 'batch_size': 128, 'num_workers': 10, 'pin_memory': True, 'use_start_end_token': False, 'trim_silence': False, 'is_tarred': False, 'tarred_audio_filepaths': None, 'shuffle_n': 2048, 'bucketing_strategy': 'synced_randomized', 'bucketing_batch_size': None, 'return_sample_id': False, 'drop_last': False, 'asr_repo': 'whisper', 'shuffle': True, 'manifest_filepath': ['logs/en/ac/train/binary/b7/version_10/data/en/train_subset/train_ca.txt', 'logs/en/ac/train/binary/b7/version_10/data/en/train_subset/train_uk.txt', 'logs/en/ac/train/binary/b7/version_10/data/en/train_subset/train_in.txt', 'logs/en/ac/train/binary/b7/version_10/data/en/train_subset/train_de.txt', 'logs/en/ac/train/binary/b7/version_10/data/en/train_subset/train_au.txt']}
2024-05-15 11:48:31,097 - progress - INFO - 	Batch size: 128
2024-05-15 11:48:31,256 - progress - INFO - Creating dataloader for logs/en/ac/train/binary/b7/version_10/data/en/train_subset/test_us.txt
2024-05-15 11:48:31,259 - progress - INFO - 	Dataloader config: {'sample_rate': 16000, 'batch_size': 128, 'num_workers': 10, 'pin_memory': True, 'use_start_end_token': False, 'trim_silence': False, 'is_tarred': False, 'tarred_audio_filepaths': None, 'shuffle_n': 2048, 'bucketing_strategy': 'synced_randomized', 'bucketing_batch_size': None, 'return_sample_id': False, 'drop_last': False, 'asr_repo': 'whisper', 'shuffle': False, 'manifest_filepath': 'logs/en/ac/train/binary/b7/version_10/data/en/train_subset/test_us.txt'}
2024-05-15 11:48:31,264 - progress - INFO - 	Batch size: 128
2024-05-15 11:48:31,352 - progress - INFO - Creating dataloader for logs/en/ac/train/binary/b7/version_10/data/en/train_subset/test_ca.txt
2024-05-15 11:48:31,354 - progress - INFO - 	Dataloader config: {'sample_rate': 16000, 'batch_size': 128, 'num_workers': 10, 'pin_memory': True, 'use_start_end_token': False, 'trim_silence': False, 'is_tarred': False, 'tarred_audio_filepaths': None, 'shuffle_n': 2048, 'bucketing_strategy': 'synced_randomized', 'bucketing_batch_size': None, 'return_sample_id': False, 'drop_last': False, 'asr_repo': 'whisper', 'shuffle': False, 'manifest_filepath': 'logs/en/ac/train/binary/b7/version_10/data/en/train_subset/test_ca.txt'}
2024-05-15 11:48:31,362 - progress - INFO - 	Batch size: 128
2024-05-15 11:48:31,379 - progress - INFO - Creating dataloader for logs/en/ac/train/binary/b7/version_10/data/en/train_subset/test_uk.txt
2024-05-15 11:48:31,384 - progress - INFO - 	Dataloader config: {'sample_rate': 16000, 'batch_size': 128, 'num_workers': 10, 'pin_memory': True, 'use_start_end_token': False, 'trim_silence': False, 'is_tarred': False, 'tarred_audio_filepaths': None, 'shuffle_n': 2048, 'bucketing_strategy': 'synced_randomized', 'bucketing_batch_size': None, 'return_sample_id': False, 'drop_last': False, 'asr_repo': 'whisper', 'shuffle': False, 'manifest_filepath': 'logs/en/ac/train/binary/b7/version_10/data/en/train_subset/test_uk.txt'}
2024-05-15 11:48:31,392 - progress - INFO - 	Batch size: 128
2024-05-15 11:48:31,407 - progress - INFO - Creating dataloader for logs/en/ac/train/binary/b7/version_10/data/en/train_subset/test_in.txt
2024-05-15 11:48:31,411 - progress - INFO - 	Dataloader config: {'sample_rate': 16000, 'batch_size': 128, 'num_workers': 10, 'pin_memory': True, 'use_start_end_token': False, 'trim_silence': False, 'is_tarred': False, 'tarred_audio_filepaths': None, 'shuffle_n': 2048, 'bucketing_strategy': 'synced_randomized', 'bucketing_batch_size': None, 'return_sample_id': False, 'drop_last': False, 'asr_repo': 'whisper', 'shuffle': False, 'manifest_filepath': 'logs/en/ac/train/binary/b7/version_10/data/en/train_subset/test_in.txt'}
2024-05-15 11:48:31,415 - progress - INFO - 	Batch size: 128
2024-05-15 11:48:31,464 - progress - INFO - Creating dataloader for logs/en/ac/train/binary/b7/version_10/data/en/train_subset/test_de.txt
2024-05-15 11:48:31,469 - progress - INFO - 	Dataloader config: {'sample_rate': 16000, 'batch_size': 128, 'num_workers': 10, 'pin_memory': True, 'use_start_end_token': False, 'trim_silence': False, 'is_tarred': False, 'tarred_audio_filepaths': None, 'shuffle_n': 2048, 'bucketing_strategy': 'synced_randomized', 'bucketing_batch_size': None, 'return_sample_id': False, 'drop_last': False, 'asr_repo': 'whisper', 'shuffle': False, 'manifest_filepath': 'logs/en/ac/train/binary/b7/version_10/data/en/train_subset/test_de.txt'}
2024-05-15 11:48:31,474 - progress - INFO - 	Batch size: 128
2024-05-15 11:48:31,488 - progress - INFO - Creating dataloader for logs/en/ac/train/binary/b7/version_10/data/en/train_subset/test_au.txt
2024-05-15 11:48:31,490 - progress - INFO - 	Dataloader config: {'sample_rate': 16000, 'batch_size': 128, 'num_workers': 10, 'pin_memory': True, 'use_start_end_token': False, 'trim_silence': False, 'is_tarred': False, 'tarred_audio_filepaths': None, 'shuffle_n': 2048, 'bucketing_strategy': 'synced_randomized', 'bucketing_batch_size': None, 'return_sample_id': False, 'drop_last': False, 'asr_repo': 'whisper', 'shuffle': False, 'manifest_filepath': 'logs/en/ac/train/binary/b7/version_10/data/en/train_subset/test_au.txt'}
2024-05-15 11:48:31,492 - progress - INFO - 	Batch size: 128
2024-05-15 11:48:31,509 - progress - INFO - Creating dataloader for logs/en/ac/train/binary/b7/version_10/data/en/train_subset/test_hk.txt
2024-05-15 11:48:31,512 - progress - INFO - 	Dataloader config: {'sample_rate': 16000, 'batch_size': 128, 'num_workers': 10, 'pin_memory': True, 'use_start_end_token': False, 'trim_silence': False, 'is_tarred': False, 'tarred_audio_filepaths': None, 'shuffle_n': 2048, 'bucketing_strategy': 'synced_randomized', 'bucketing_batch_size': None, 'return_sample_id': False, 'drop_last': False, 'asr_repo': 'whisper', 'shuffle': False, 'manifest_filepath': 'logs/en/ac/train/binary/b7/version_10/data/en/train_subset/test_hk.txt'}
2024-05-15 11:48:31,517 - progress - INFO - 	Batch size: 128
2024-05-15 11:48:31,523 - progress - INFO - Creating dataloader for logs/en/ac/train/binary/b7/version_10/data/en/train_subset/test_ie.txt
2024-05-15 11:48:31,526 - progress - INFO - 	Dataloader config: {'sample_rate': 16000, 'batch_size': 128, 'num_workers': 10, 'pin_memory': True, 'use_start_end_token': False, 'trim_silence': False, 'is_tarred': False, 'tarred_audio_filepaths': None, 'shuffle_n': 2048, 'bucketing_strategy': 'synced_randomized', 'bucketing_batch_size': None, 'return_sample_id': False, 'drop_last': False, 'asr_repo': 'whisper', 'shuffle': False, 'manifest_filepath': 'logs/en/ac/train/binary/b7/version_10/data/en/train_subset/test_ie.txt'}
2024-05-15 11:48:31,532 - progress - INFO - 	Batch size: 128
2024-05-15 11:48:31,608 - progress - INFO - Creating dataloader for logs/en/ac/train/binary/b7/version_10/data/en/train_subset/test_ni.txt
2024-05-15 11:48:31,612 - progress - INFO - 	Dataloader config: {'sample_rate': 16000, 'batch_size': 128, 'num_workers': 10, 'pin_memory': True, 'use_start_end_token': False, 'trim_silence': False, 'is_tarred': False, 'tarred_audio_filepaths': None, 'shuffle_n': 2048, 'bucketing_strategy': 'synced_randomized', 'bucketing_batch_size': None, 'return_sample_id': False, 'drop_last': False, 'asr_repo': 'whisper', 'shuffle': False, 'manifest_filepath': 'logs/en/ac/train/binary/b7/version_10/data/en/train_subset/test_ni.txt'}
2024-05-15 11:48:31,618 - progress - INFO - 	Batch size: 128
2024-05-15 11:48:31,633 - progress - INFO - Creating dataloader for logs/en/ac/train/binary/b7/version_10/data/en/train_subset/test_nz.txt
2024-05-15 11:48:31,639 - progress - INFO - 	Dataloader config: {'sample_rate': 16000, 'batch_size': 128, 'num_workers': 10, 'pin_memory': True, 'use_start_end_token': False, 'trim_silence': False, 'is_tarred': False, 'tarred_audio_filepaths': None, 'shuffle_n': 2048, 'bucketing_strategy': 'synced_randomized', 'bucketing_batch_size': None, 'return_sample_id': False, 'drop_last': False, 'asr_repo': 'whisper', 'shuffle': False, 'manifest_filepath': 'logs/en/ac/train/binary/b7/version_10/data/en/train_subset/test_nz.txt'}
2024-05-15 11:48:31,645 - progress - INFO - 	Batch size: 128
2024-05-15 11:48:31,654 - progress - INFO - Creating dataloader for logs/en/ac/train/binary/b7/version_10/data/en/train_subset/test_ph.txt
2024-05-15 11:48:31,661 - progress - INFO - 	Dataloader config: {'sample_rate': 16000, 'batch_size': 128, 'num_workers': 10, 'pin_memory': True, 'use_start_end_token': False, 'trim_silence': False, 'is_tarred': False, 'tarred_audio_filepaths': None, 'shuffle_n': 2048, 'bucketing_strategy': 'synced_randomized', 'bucketing_batch_size': None, 'return_sample_id': False, 'drop_last': False, 'asr_repo': 'whisper', 'shuffle': False, 'manifest_filepath': 'logs/en/ac/train/binary/b7/version_10/data/en/train_subset/test_ph.txt'}
2024-05-15 11:48:31,666 - progress - INFO - 	Batch size: 128
2024-05-15 11:48:31,699 - progress - INFO - Creating dataloader for logs/en/ac/train/binary/b7/version_10/data/en/train_subset/test_sc.txt
2024-05-15 11:48:31,703 - progress - INFO - 	Dataloader config: {'sample_rate': 16000, 'batch_size': 128, 'num_workers': 10, 'pin_memory': True, 'use_start_end_token': False, 'trim_silence': False, 'is_tarred': False, 'tarred_audio_filepaths': None, 'shuffle_n': 2048, 'bucketing_strategy': 'synced_randomized', 'bucketing_batch_size': None, 'return_sample_id': False, 'drop_last': False, 'asr_repo': 'whisper', 'shuffle': False, 'manifest_filepath': 'logs/en/ac/train/binary/b7/version_10/data/en/train_subset/test_sc.txt'}
2024-05-15 11:48:31,707 - progress - INFO - 	Batch size: 128
2024-05-15 11:48:31,853 - progress - INFO - Creating dataloader for logs/en/ac/train/binary/b7/version_10/data/en/train_subset/test_sg.txt
2024-05-15 11:48:31,860 - progress - INFO - 	Dataloader config: {'sample_rate': 16000, 'batch_size': 128, 'num_workers': 10, 'pin_memory': True, 'use_start_end_token': False, 'trim_silence': False, 'is_tarred': False, 'tarred_audio_filepaths': None, 'shuffle_n': 2048, 'bucketing_strategy': 'synced_randomized', 'bucketing_batch_size': None, 'return_sample_id': False, 'drop_last': False, 'asr_repo': 'whisper', 'shuffle': False, 'manifest_filepath': 'logs/en/ac/train/binary/b7/version_10/data/en/train_subset/test_sg.txt'}
2024-05-15 11:48:31,866 - progress - INFO - 	Batch size: 128
2024-05-15 11:48:31,878 - progress - INFO - Creating dataloader for logs/en/ac/train/binary/b7/version_10/data/en/train_subset/test_za.txt
2024-05-15 11:48:31,883 - progress - INFO - 	Dataloader config: {'sample_rate': 16000, 'batch_size': 128, 'num_workers': 10, 'pin_memory': True, 'use_start_end_token': False, 'trim_silence': False, 'is_tarred': False, 'tarred_audio_filepaths': None, 'shuffle_n': 2048, 'bucketing_strategy': 'synced_randomized', 'bucketing_batch_size': None, 'return_sample_id': False, 'drop_last': False, 'asr_repo': 'whisper', 'shuffle': False, 'manifest_filepath': 'logs/en/ac/train/binary/b7/version_10/data/en/train_subset/test_za.txt'}
2024-05-15 11:48:31,889 - progress - INFO - 	Batch size: 128
