2024-05-12 11:14:25,784 - progress - INFO - Configuring optimizers
2024-05-12 11:14:25,844 - progress - INFO - Creating dataloader for ['logs/en/ac/train/binary/b7/version_78/data/en/train_subset/train_us.txt']
2024-05-12 11:14:25,856 - progress - INFO - 	Dataloader config: {'sample_rate': 16000, 'batch_size': 96, 'num_workers': 10, 'pin_memory': True, 'use_start_end_token': False, 'trim_silence': False, 'is_tarred': False, 'tarred_audio_filepaths': None, 'shuffle_n': 2048, 'bucketing_strategy': 'synced_randomized', 'bucketing_batch_size': None, 'return_sample_id': False, 'drop_last': False, 'asr_repo': 'whisper', 'shuffle': True, 'manifest_filepath': ['logs/en/ac/train/binary/b7/version_78/data/en/train_subset/train_us.txt']}
2024-05-12 11:14:25,858 - progress - INFO - 	Batch size: 96
2024-05-12 11:14:26,984 - progress - INFO - Creating dataloader for ['logs/en/ac/train/binary/b7/version_78/data/en/train_subset/train_ca.txt', 'logs/en/ac/train/binary/b7/version_78/data/en/train_subset/train_uk.txt', 'logs/en/ac/train/binary/b7/version_78/data/en/train_subset/train_in.txt', 'logs/en/ac/train/binary/b7/version_78/data/en/train_subset/train_de.txt', 'logs/en/ac/train/binary/b7/version_78/data/en/train_subset/train_au.txt']
2024-05-12 11:14:26,989 - progress - INFO - 	Dataloader config: {'sample_rate': 16000, 'batch_size': 96, 'num_workers': 10, 'pin_memory': True, 'use_start_end_token': False, 'trim_silence': False, 'is_tarred': False, 'tarred_audio_filepaths': None, 'shuffle_n': 2048, 'bucketing_strategy': 'synced_randomized', 'bucketing_batch_size': None, 'return_sample_id': False, 'drop_last': False, 'asr_repo': 'whisper', 'shuffle': True, 'manifest_filepath': ['logs/en/ac/train/binary/b7/version_78/data/en/train_subset/train_ca.txt', 'logs/en/ac/train/binary/b7/version_78/data/en/train_subset/train_uk.txt', 'logs/en/ac/train/binary/b7/version_78/data/en/train_subset/train_in.txt', 'logs/en/ac/train/binary/b7/version_78/data/en/train_subset/train_de.txt', 'logs/en/ac/train/binary/b7/version_78/data/en/train_subset/train_au.txt']}
2024-05-12 11:14:26,993 - progress - INFO - 	Batch size: 96
2024-05-12 11:14:28,461 - progress - INFO - Scheduler max. steps: 320
2024-05-12 11:14:28,585 - progress - INFO - Creating dataloader for ['logs/en/ac/train/binary/b7/version_78/data/en/train_subset/train_us.txt']
2024-05-12 11:14:28,588 - progress - INFO - 	Dataloader config: {'sample_rate': 16000, 'batch_size': 96, 'num_workers': 10, 'pin_memory': True, 'use_start_end_token': False, 'trim_silence': False, 'is_tarred': False, 'tarred_audio_filepaths': None, 'shuffle_n': 2048, 'bucketing_strategy': 'synced_randomized', 'bucketing_batch_size': None, 'return_sample_id': False, 'drop_last': False, 'asr_repo': 'whisper', 'shuffle': True, 'manifest_filepath': ['logs/en/ac/train/binary/b7/version_78/data/en/train_subset/train_us.txt']}
2024-05-12 11:14:28,592 - progress - INFO - 	Batch size: 96
2024-05-12 11:14:28,703 - progress - INFO - Creating dataloader for ['logs/en/ac/train/binary/b7/version_78/data/en/train_subset/train_ca.txt', 'logs/en/ac/train/binary/b7/version_78/data/en/train_subset/train_uk.txt', 'logs/en/ac/train/binary/b7/version_78/data/en/train_subset/train_in.txt', 'logs/en/ac/train/binary/b7/version_78/data/en/train_subset/train_de.txt', 'logs/en/ac/train/binary/b7/version_78/data/en/train_subset/train_au.txt']
2024-05-12 11:14:28,707 - progress - INFO - 	Dataloader config: {'sample_rate': 16000, 'batch_size': 96, 'num_workers': 10, 'pin_memory': True, 'use_start_end_token': False, 'trim_silence': False, 'is_tarred': False, 'tarred_audio_filepaths': None, 'shuffle_n': 2048, 'bucketing_strategy': 'synced_randomized', 'bucketing_batch_size': None, 'return_sample_id': False, 'drop_last': False, 'asr_repo': 'whisper', 'shuffle': True, 'manifest_filepath': ['logs/en/ac/train/binary/b7/version_78/data/en/train_subset/train_ca.txt', 'logs/en/ac/train/binary/b7/version_78/data/en/train_subset/train_uk.txt', 'logs/en/ac/train/binary/b7/version_78/data/en/train_subset/train_in.txt', 'logs/en/ac/train/binary/b7/version_78/data/en/train_subset/train_de.txt', 'logs/en/ac/train/binary/b7/version_78/data/en/train_subset/train_au.txt']}
2024-05-12 11:14:28,711 - progress - INFO - 	Batch size: 96
2024-05-12 11:14:28,936 - progress - INFO - Creating dataloader for logs/en/ac/train/binary/b7/version_78/data/en/train_subset/test_us.txt
2024-05-12 11:14:28,939 - progress - INFO - 	Dataloader config: {'sample_rate': 16000, 'batch_size': 96, 'num_workers': 10, 'pin_memory': True, 'use_start_end_token': False, 'trim_silence': False, 'is_tarred': False, 'tarred_audio_filepaths': None, 'shuffle_n': 2048, 'bucketing_strategy': 'synced_randomized', 'bucketing_batch_size': None, 'return_sample_id': False, 'drop_last': False, 'asr_repo': 'whisper', 'shuffle': False, 'manifest_filepath': 'logs/en/ac/train/binary/b7/version_78/data/en/train_subset/test_us.txt'}
2024-05-12 11:14:28,941 - progress - INFO - 	Batch size: 96
2024-05-12 11:14:29,048 - progress - INFO - Creating dataloader for logs/en/ac/train/binary/b7/version_78/data/en/train_subset/test_ca.txt
2024-05-12 11:14:29,048 - progress - INFO - 	Dataloader config: {'sample_rate': 16000, 'batch_size': 96, 'num_workers': 10, 'pin_memory': True, 'use_start_end_token': False, 'trim_silence': False, 'is_tarred': False, 'tarred_audio_filepaths': None, 'shuffle_n': 2048, 'bucketing_strategy': 'synced_randomized', 'bucketing_batch_size': None, 'return_sample_id': False, 'drop_last': False, 'asr_repo': 'whisper', 'shuffle': False, 'manifest_filepath': 'logs/en/ac/train/binary/b7/version_78/data/en/train_subset/test_ca.txt'}
2024-05-12 11:14:29,049 - progress - INFO - 	Batch size: 96
2024-05-12 11:14:29,101 - progress - INFO - Creating dataloader for logs/en/ac/train/binary/b7/version_78/data/en/train_subset/test_uk.txt
2024-05-12 11:14:29,107 - progress - INFO - 	Dataloader config: {'sample_rate': 16000, 'batch_size': 96, 'num_workers': 10, 'pin_memory': True, 'use_start_end_token': False, 'trim_silence': False, 'is_tarred': False, 'tarred_audio_filepaths': None, 'shuffle_n': 2048, 'bucketing_strategy': 'synced_randomized', 'bucketing_batch_size': None, 'return_sample_id': False, 'drop_last': False, 'asr_repo': 'whisper', 'shuffle': False, 'manifest_filepath': 'logs/en/ac/train/binary/b7/version_78/data/en/train_subset/test_uk.txt'}
2024-05-12 11:14:29,108 - progress - INFO - 	Batch size: 96
2024-05-12 11:14:29,158 - progress - INFO - Creating dataloader for logs/en/ac/train/binary/b7/version_78/data/en/train_subset/test_in.txt
2024-05-12 11:14:29,161 - progress - INFO - 	Dataloader config: {'sample_rate': 16000, 'batch_size': 96, 'num_workers': 10, 'pin_memory': True, 'use_start_end_token': False, 'trim_silence': False, 'is_tarred': False, 'tarred_audio_filepaths': None, 'shuffle_n': 2048, 'bucketing_strategy': 'synced_randomized', 'bucketing_batch_size': None, 'return_sample_id': False, 'drop_last': False, 'asr_repo': 'whisper', 'shuffle': False, 'manifest_filepath': 'logs/en/ac/train/binary/b7/version_78/data/en/train_subset/test_in.txt'}
2024-05-12 11:14:29,166 - progress - INFO - 	Batch size: 96
2024-05-12 11:14:29,218 - progress - INFO - Creating dataloader for logs/en/ac/train/binary/b7/version_78/data/en/train_subset/test_de.txt
2024-05-12 11:14:29,222 - progress - INFO - 	Dataloader config: {'sample_rate': 16000, 'batch_size': 96, 'num_workers': 10, 'pin_memory': True, 'use_start_end_token': False, 'trim_silence': False, 'is_tarred': False, 'tarred_audio_filepaths': None, 'shuffle_n': 2048, 'bucketing_strategy': 'synced_randomized', 'bucketing_batch_size': None, 'return_sample_id': False, 'drop_last': False, 'asr_repo': 'whisper', 'shuffle': False, 'manifest_filepath': 'logs/en/ac/train/binary/b7/version_78/data/en/train_subset/test_de.txt'}
2024-05-12 11:14:29,224 - progress - INFO - 	Batch size: 96
2024-05-12 11:14:29,314 - progress - INFO - Creating dataloader for logs/en/ac/train/binary/b7/version_78/data/en/train_subset/test_au.txt
2024-05-12 11:14:29,318 - progress - INFO - 	Dataloader config: {'sample_rate': 16000, 'batch_size': 96, 'num_workers': 10, 'pin_memory': True, 'use_start_end_token': False, 'trim_silence': False, 'is_tarred': False, 'tarred_audio_filepaths': None, 'shuffle_n': 2048, 'bucketing_strategy': 'synced_randomized', 'bucketing_batch_size': None, 'return_sample_id': False, 'drop_last': False, 'asr_repo': 'whisper', 'shuffle': False, 'manifest_filepath': 'logs/en/ac/train/binary/b7/version_78/data/en/train_subset/test_au.txt'}
2024-05-12 11:14:29,322 - progress - INFO - 	Batch size: 96
2024-05-12 11:14:29,376 - progress - INFO - Creating dataloader for logs/en/ac/train/binary/b7/version_78/data/en/train_subset/test_hk.txt
2024-05-12 11:14:29,394 - progress - INFO - 	Dataloader config: {'sample_rate': 16000, 'batch_size': 96, 'num_workers': 10, 'pin_memory': True, 'use_start_end_token': False, 'trim_silence': False, 'is_tarred': False, 'tarred_audio_filepaths': None, 'shuffle_n': 2048, 'bucketing_strategy': 'synced_randomized', 'bucketing_batch_size': None, 'return_sample_id': False, 'drop_last': False, 'asr_repo': 'whisper', 'shuffle': False, 'manifest_filepath': 'logs/en/ac/train/binary/b7/version_78/data/en/train_subset/test_hk.txt'}
2024-05-12 11:14:29,421 - progress - INFO - 	Batch size: 96
2024-05-12 11:14:29,723 - progress - INFO - Creating dataloader for logs/en/ac/train/binary/b7/version_78/data/en/train_subset/test_ie.txt
2024-05-12 11:14:29,825 - progress - INFO - 	Dataloader config: {'sample_rate': 16000, 'batch_size': 96, 'num_workers': 10, 'pin_memory': True, 'use_start_end_token': False, 'trim_silence': False, 'is_tarred': False, 'tarred_audio_filepaths': None, 'shuffle_n': 2048, 'bucketing_strategy': 'synced_randomized', 'bucketing_batch_size': None, 'return_sample_id': False, 'drop_last': False, 'asr_repo': 'whisper', 'shuffle': False, 'manifest_filepath': 'logs/en/ac/train/binary/b7/version_78/data/en/train_subset/test_ie.txt'}
2024-05-12 11:14:30,093 - progress - INFO - 	Batch size: 96
2024-05-12 11:14:30,443 - progress - INFO - Creating dataloader for logs/en/ac/train/binary/b7/version_78/data/en/train_subset/test_ni.txt
2024-05-12 11:14:30,558 - progress - INFO - 	Dataloader config: {'sample_rate': 16000, 'batch_size': 96, 'num_workers': 10, 'pin_memory': True, 'use_start_end_token': False, 'trim_silence': False, 'is_tarred': False, 'tarred_audio_filepaths': None, 'shuffle_n': 2048, 'bucketing_strategy': 'synced_randomized', 'bucketing_batch_size': None, 'return_sample_id': False, 'drop_last': False, 'asr_repo': 'whisper', 'shuffle': False, 'manifest_filepath': 'logs/en/ac/train/binary/b7/version_78/data/en/train_subset/test_ni.txt'}
2024-05-12 11:14:30,683 - progress - INFO - 	Batch size: 96
2024-05-12 11:14:30,773 - progress - INFO - Creating dataloader for logs/en/ac/train/binary/b7/version_78/data/en/train_subset/test_nz.txt
2024-05-12 11:14:30,781 - progress - INFO - 	Dataloader config: {'sample_rate': 16000, 'batch_size': 96, 'num_workers': 10, 'pin_memory': True, 'use_start_end_token': False, 'trim_silence': False, 'is_tarred': False, 'tarred_audio_filepaths': None, 'shuffle_n': 2048, 'bucketing_strategy': 'synced_randomized', 'bucketing_batch_size': None, 'return_sample_id': False, 'drop_last': False, 'asr_repo': 'whisper', 'shuffle': False, 'manifest_filepath': 'logs/en/ac/train/binary/b7/version_78/data/en/train_subset/test_nz.txt'}
2024-05-12 11:14:30,784 - progress - INFO - 	Batch size: 96
2024-05-12 11:14:30,876 - progress - INFO - Creating dataloader for logs/en/ac/train/binary/b7/version_78/data/en/train_subset/test_ph.txt
2024-05-12 11:14:30,953 - progress - INFO - 	Dataloader config: {'sample_rate': 16000, 'batch_size': 96, 'num_workers': 10, 'pin_memory': True, 'use_start_end_token': False, 'trim_silence': False, 'is_tarred': False, 'tarred_audio_filepaths': None, 'shuffle_n': 2048, 'bucketing_strategy': 'synced_randomized', 'bucketing_batch_size': None, 'return_sample_id': False, 'drop_last': False, 'asr_repo': 'whisper', 'shuffle': False, 'manifest_filepath': 'logs/en/ac/train/binary/b7/version_78/data/en/train_subset/test_ph.txt'}
2024-05-12 11:14:30,965 - progress - INFO - 	Batch size: 96
2024-05-12 11:14:31,231 - progress - INFO - Creating dataloader for logs/en/ac/train/binary/b7/version_78/data/en/train_subset/test_sc.txt
2024-05-12 11:14:31,236 - progress - INFO - 	Dataloader config: {'sample_rate': 16000, 'batch_size': 96, 'num_workers': 10, 'pin_memory': True, 'use_start_end_token': False, 'trim_silence': False, 'is_tarred': False, 'tarred_audio_filepaths': None, 'shuffle_n': 2048, 'bucketing_strategy': 'synced_randomized', 'bucketing_batch_size': None, 'return_sample_id': False, 'drop_last': False, 'asr_repo': 'whisper', 'shuffle': False, 'manifest_filepath': 'logs/en/ac/train/binary/b7/version_78/data/en/train_subset/test_sc.txt'}
2024-05-12 11:14:31,237 - progress - INFO - 	Batch size: 96
2024-05-12 11:14:31,309 - progress - INFO - Creating dataloader for logs/en/ac/train/binary/b7/version_78/data/en/train_subset/test_sg.txt
2024-05-12 11:14:31,338 - progress - INFO - 	Dataloader config: {'sample_rate': 16000, 'batch_size': 96, 'num_workers': 10, 'pin_memory': True, 'use_start_end_token': False, 'trim_silence': False, 'is_tarred': False, 'tarred_audio_filepaths': None, 'shuffle_n': 2048, 'bucketing_strategy': 'synced_randomized', 'bucketing_batch_size': None, 'return_sample_id': False, 'drop_last': False, 'asr_repo': 'whisper', 'shuffle': False, 'manifest_filepath': 'logs/en/ac/train/binary/b7/version_78/data/en/train_subset/test_sg.txt'}
2024-05-12 11:14:31,342 - progress - INFO - 	Batch size: 96
2024-05-12 11:14:31,414 - progress - INFO - Creating dataloader for logs/en/ac/train/binary/b7/version_78/data/en/train_subset/test_za.txt
2024-05-12 11:14:31,418 - progress - INFO - 	Dataloader config: {'sample_rate': 16000, 'batch_size': 96, 'num_workers': 10, 'pin_memory': True, 'use_start_end_token': False, 'trim_silence': False, 'is_tarred': False, 'tarred_audio_filepaths': None, 'shuffle_n': 2048, 'bucketing_strategy': 'synced_randomized', 'bucketing_batch_size': None, 'return_sample_id': False, 'drop_last': False, 'asr_repo': 'whisper', 'shuffle': False, 'manifest_filepath': 'logs/en/ac/train/binary/b7/version_78/data/en/train_subset/test_za.txt'}
2024-05-12 11:14:31,424 - progress - INFO - 	Batch size: 96
