2024-05-14 13:14:13,918 - progress - INFO - Configuring optimizers
2024-05-14 13:14:13,921 - progress - INFO - Creating dataloader for ['logs/en/ac/train/binary/b7/version_6/data/en/train_subset/train_us.txt']
2024-05-14 13:14:13,923 - progress - INFO - 	Dataloader config: {'sample_rate': 16000, 'batch_size': 8, 'num_workers': 10, 'pin_memory': True, 'use_start_end_token': False, 'trim_silence': False, 'is_tarred': False, 'tarred_audio_filepaths': None, 'shuffle_n': 2048, 'bucketing_strategy': 'synced_randomized', 'bucketing_batch_size': None, 'return_sample_id': False, 'drop_last': False, 'asr_repo': 'whisper', 'shuffle': True, 'manifest_filepath': ['logs/en/ac/train/binary/b7/version_6/data/en/train_subset/train_us.txt']}
2024-05-14 13:14:13,924 - progress - INFO - 	Batch size: 8
2024-05-14 13:14:14,368 - progress - INFO - Creating dataloader for ['logs/en/ac/train/binary/b7/version_6/data/en/train_subset/train_ca.txt', 'logs/en/ac/train/binary/b7/version_6/data/en/train_subset/train_uk.txt', 'logs/en/ac/train/binary/b7/version_6/data/en/train_subset/train_in.txt', 'logs/en/ac/train/binary/b7/version_6/data/en/train_subset/train_de.txt', 'logs/en/ac/train/binary/b7/version_6/data/en/train_subset/train_au.txt']
2024-05-14 13:14:14,370 - progress - INFO - 	Dataloader config: {'sample_rate': 16000, 'batch_size': 8, 'num_workers': 10, 'pin_memory': True, 'use_start_end_token': False, 'trim_silence': False, 'is_tarred': False, 'tarred_audio_filepaths': None, 'shuffle_n': 2048, 'bucketing_strategy': 'synced_randomized', 'bucketing_batch_size': None, 'return_sample_id': False, 'drop_last': False, 'asr_repo': 'whisper', 'shuffle': True, 'manifest_filepath': ['logs/en/ac/train/binary/b7/version_6/data/en/train_subset/train_ca.txt', 'logs/en/ac/train/binary/b7/version_6/data/en/train_subset/train_uk.txt', 'logs/en/ac/train/binary/b7/version_6/data/en/train_subset/train_in.txt', 'logs/en/ac/train/binary/b7/version_6/data/en/train_subset/train_de.txt', 'logs/en/ac/train/binary/b7/version_6/data/en/train_subset/train_au.txt']}
2024-05-14 13:14:14,370 - progress - INFO - 	Batch size: 8
2024-05-14 13:14:15,908 - progress - INFO - Scheduler max. steps: 1280
2024-05-14 13:14:16,005 - progress - INFO - Creating dataloader for ['logs/en/ac/train/binary/b7/version_6/data/en/train_subset/train_us.txt']
2024-05-14 13:14:16,012 - progress - INFO - 	Dataloader config: {'sample_rate': 16000, 'batch_size': 8, 'num_workers': 10, 'pin_memory': True, 'use_start_end_token': False, 'trim_silence': False, 'is_tarred': False, 'tarred_audio_filepaths': None, 'shuffle_n': 2048, 'bucketing_strategy': 'synced_randomized', 'bucketing_batch_size': None, 'return_sample_id': False, 'drop_last': False, 'asr_repo': 'whisper', 'shuffle': True, 'manifest_filepath': ['logs/en/ac/train/binary/b7/version_6/data/en/train_subset/train_us.txt']}
2024-05-14 13:14:16,040 - progress - INFO - 	Batch size: 8
2024-05-14 13:14:16,088 - progress - INFO - Creating dataloader for ['logs/en/ac/train/binary/b7/version_6/data/en/train_subset/train_ca.txt', 'logs/en/ac/train/binary/b7/version_6/data/en/train_subset/train_uk.txt', 'logs/en/ac/train/binary/b7/version_6/data/en/train_subset/train_in.txt', 'logs/en/ac/train/binary/b7/version_6/data/en/train_subset/train_de.txt', 'logs/en/ac/train/binary/b7/version_6/data/en/train_subset/train_au.txt']
2024-05-14 13:14:16,089 - progress - INFO - 	Dataloader config: {'sample_rate': 16000, 'batch_size': 8, 'num_workers': 10, 'pin_memory': True, 'use_start_end_token': False, 'trim_silence': False, 'is_tarred': False, 'tarred_audio_filepaths': None, 'shuffle_n': 2048, 'bucketing_strategy': 'synced_randomized', 'bucketing_batch_size': None, 'return_sample_id': False, 'drop_last': False, 'asr_repo': 'whisper', 'shuffle': True, 'manifest_filepath': ['logs/en/ac/train/binary/b7/version_6/data/en/train_subset/train_ca.txt', 'logs/en/ac/train/binary/b7/version_6/data/en/train_subset/train_uk.txt', 'logs/en/ac/train/binary/b7/version_6/data/en/train_subset/train_in.txt', 'logs/en/ac/train/binary/b7/version_6/data/en/train_subset/train_de.txt', 'logs/en/ac/train/binary/b7/version_6/data/en/train_subset/train_au.txt']}
2024-05-14 13:14:16,090 - progress - INFO - 	Batch size: 8
2024-05-14 13:14:16,206 - progress - INFO - Creating dataloader for logs/en/ac/train/binary/b7/version_6/data/en/train_subset/test_us.txt
2024-05-14 13:14:16,206 - progress - INFO - 	Dataloader config: {'sample_rate': 16000, 'batch_size': 8, 'num_workers': 10, 'pin_memory': True, 'use_start_end_token': False, 'trim_silence': False, 'is_tarred': False, 'tarred_audio_filepaths': None, 'shuffle_n': 2048, 'bucketing_strategy': 'synced_randomized', 'bucketing_batch_size': None, 'return_sample_id': False, 'drop_last': False, 'asr_repo': 'whisper', 'shuffle': False, 'manifest_filepath': 'logs/en/ac/train/binary/b7/version_6/data/en/train_subset/test_us.txt'}
2024-05-14 13:14:16,207 - progress - INFO - 	Batch size: 8
2024-05-14 13:14:16,387 - progress - INFO - Creating dataloader for logs/en/ac/train/binary/b7/version_6/data/en/train_subset/test_ca.txt
2024-05-14 13:14:16,389 - progress - INFO - 	Dataloader config: {'sample_rate': 16000, 'batch_size': 8, 'num_workers': 10, 'pin_memory': True, 'use_start_end_token': False, 'trim_silence': False, 'is_tarred': False, 'tarred_audio_filepaths': None, 'shuffle_n': 2048, 'bucketing_strategy': 'synced_randomized', 'bucketing_batch_size': None, 'return_sample_id': False, 'drop_last': False, 'asr_repo': 'whisper', 'shuffle': False, 'manifest_filepath': 'logs/en/ac/train/binary/b7/version_6/data/en/train_subset/test_ca.txt'}
2024-05-14 13:14:16,391 - progress - INFO - 	Batch size: 8
2024-05-14 13:14:16,424 - progress - INFO - Creating dataloader for logs/en/ac/train/binary/b7/version_6/data/en/train_subset/test_uk.txt
2024-05-14 13:14:16,425 - progress - INFO - 	Dataloader config: {'sample_rate': 16000, 'batch_size': 8, 'num_workers': 10, 'pin_memory': True, 'use_start_end_token': False, 'trim_silence': False, 'is_tarred': False, 'tarred_audio_filepaths': None, 'shuffle_n': 2048, 'bucketing_strategy': 'synced_randomized', 'bucketing_batch_size': None, 'return_sample_id': False, 'drop_last': False, 'asr_repo': 'whisper', 'shuffle': False, 'manifest_filepath': 'logs/en/ac/train/binary/b7/version_6/data/en/train_subset/test_uk.txt'}
2024-05-14 13:14:16,428 - progress - INFO - 	Batch size: 8
2024-05-14 13:14:16,504 - progress - INFO - Creating dataloader for logs/en/ac/train/binary/b7/version_6/data/en/train_subset/test_in.txt
2024-05-14 13:14:16,504 - progress - INFO - 	Dataloader config: {'sample_rate': 16000, 'batch_size': 8, 'num_workers': 10, 'pin_memory': True, 'use_start_end_token': False, 'trim_silence': False, 'is_tarred': False, 'tarred_audio_filepaths': None, 'shuffle_n': 2048, 'bucketing_strategy': 'synced_randomized', 'bucketing_batch_size': None, 'return_sample_id': False, 'drop_last': False, 'asr_repo': 'whisper', 'shuffle': False, 'manifest_filepath': 'logs/en/ac/train/binary/b7/version_6/data/en/train_subset/test_in.txt'}
2024-05-14 13:14:16,505 - progress - INFO - 	Batch size: 8
2024-05-14 13:14:16,712 - progress - INFO - Creating dataloader for logs/en/ac/train/binary/b7/version_6/data/en/train_subset/test_de.txt
2024-05-14 13:14:16,714 - progress - INFO - 	Dataloader config: {'sample_rate': 16000, 'batch_size': 8, 'num_workers': 10, 'pin_memory': True, 'use_start_end_token': False, 'trim_silence': False, 'is_tarred': False, 'tarred_audio_filepaths': None, 'shuffle_n': 2048, 'bucketing_strategy': 'synced_randomized', 'bucketing_batch_size': None, 'return_sample_id': False, 'drop_last': False, 'asr_repo': 'whisper', 'shuffle': False, 'manifest_filepath': 'logs/en/ac/train/binary/b7/version_6/data/en/train_subset/test_de.txt'}
2024-05-14 13:14:16,716 - progress - INFO - 	Batch size: 8
2024-05-14 13:14:16,947 - progress - INFO - Creating dataloader for logs/en/ac/train/binary/b7/version_6/data/en/train_subset/test_au.txt
2024-05-14 13:14:16,949 - progress - INFO - 	Dataloader config: {'sample_rate': 16000, 'batch_size': 8, 'num_workers': 10, 'pin_memory': True, 'use_start_end_token': False, 'trim_silence': False, 'is_tarred': False, 'tarred_audio_filepaths': None, 'shuffle_n': 2048, 'bucketing_strategy': 'synced_randomized', 'bucketing_batch_size': None, 'return_sample_id': False, 'drop_last': False, 'asr_repo': 'whisper', 'shuffle': False, 'manifest_filepath': 'logs/en/ac/train/binary/b7/version_6/data/en/train_subset/test_au.txt'}
2024-05-14 13:14:16,951 - progress - INFO - 	Batch size: 8
2024-05-14 13:14:16,992 - progress - INFO - Creating dataloader for logs/en/ac/train/binary/b7/version_6/data/en/train_subset/test_hk.txt
2024-05-14 13:14:16,993 - progress - INFO - 	Dataloader config: {'sample_rate': 16000, 'batch_size': 8, 'num_workers': 10, 'pin_memory': True, 'use_start_end_token': False, 'trim_silence': False, 'is_tarred': False, 'tarred_audio_filepaths': None, 'shuffle_n': 2048, 'bucketing_strategy': 'synced_randomized', 'bucketing_batch_size': None, 'return_sample_id': False, 'drop_last': False, 'asr_repo': 'whisper', 'shuffle': False, 'manifest_filepath': 'logs/en/ac/train/binary/b7/version_6/data/en/train_subset/test_hk.txt'}
2024-05-14 13:14:16,995 - progress - INFO - 	Batch size: 8
2024-05-14 13:14:17,015 - progress - INFO - Creating dataloader for logs/en/ac/train/binary/b7/version_6/data/en/train_subset/test_ie.txt
2024-05-14 13:14:17,019 - progress - INFO - 	Dataloader config: {'sample_rate': 16000, 'batch_size': 8, 'num_workers': 10, 'pin_memory': True, 'use_start_end_token': False, 'trim_silence': False, 'is_tarred': False, 'tarred_audio_filepaths': None, 'shuffle_n': 2048, 'bucketing_strategy': 'synced_randomized', 'bucketing_batch_size': None, 'return_sample_id': False, 'drop_last': False, 'asr_repo': 'whisper', 'shuffle': False, 'manifest_filepath': 'logs/en/ac/train/binary/b7/version_6/data/en/train_subset/test_ie.txt'}
2024-05-14 13:14:17,021 - progress - INFO - 	Batch size: 8
2024-05-14 13:14:17,064 - progress - INFO - Creating dataloader for logs/en/ac/train/binary/b7/version_6/data/en/train_subset/test_ni.txt
2024-05-14 13:14:17,065 - progress - INFO - 	Dataloader config: {'sample_rate': 16000, 'batch_size': 8, 'num_workers': 10, 'pin_memory': True, 'use_start_end_token': False, 'trim_silence': False, 'is_tarred': False, 'tarred_audio_filepaths': None, 'shuffle_n': 2048, 'bucketing_strategy': 'synced_randomized', 'bucketing_batch_size': None, 'return_sample_id': False, 'drop_last': False, 'asr_repo': 'whisper', 'shuffle': False, 'manifest_filepath': 'logs/en/ac/train/binary/b7/version_6/data/en/train_subset/test_ni.txt'}
2024-05-14 13:14:17,067 - progress - INFO - 	Batch size: 8
2024-05-14 13:14:17,173 - progress - INFO - Creating dataloader for logs/en/ac/train/binary/b7/version_6/data/en/train_subset/test_nz.txt
2024-05-14 13:14:17,174 - progress - INFO - 	Dataloader config: {'sample_rate': 16000, 'batch_size': 8, 'num_workers': 10, 'pin_memory': True, 'use_start_end_token': False, 'trim_silence': False, 'is_tarred': False, 'tarred_audio_filepaths': None, 'shuffle_n': 2048, 'bucketing_strategy': 'synced_randomized', 'bucketing_batch_size': None, 'return_sample_id': False, 'drop_last': False, 'asr_repo': 'whisper', 'shuffle': False, 'manifest_filepath': 'logs/en/ac/train/binary/b7/version_6/data/en/train_subset/test_nz.txt'}
2024-05-14 13:14:17,174 - progress - INFO - 	Batch size: 8
2024-05-14 13:14:17,238 - progress - INFO - Creating dataloader for logs/en/ac/train/binary/b7/version_6/data/en/train_subset/test_ph.txt
2024-05-14 13:14:17,239 - progress - INFO - 	Dataloader config: {'sample_rate': 16000, 'batch_size': 8, 'num_workers': 10, 'pin_memory': True, 'use_start_end_token': False, 'trim_silence': False, 'is_tarred': False, 'tarred_audio_filepaths': None, 'shuffle_n': 2048, 'bucketing_strategy': 'synced_randomized', 'bucketing_batch_size': None, 'return_sample_id': False, 'drop_last': False, 'asr_repo': 'whisper', 'shuffle': False, 'manifest_filepath': 'logs/en/ac/train/binary/b7/version_6/data/en/train_subset/test_ph.txt'}
2024-05-14 13:14:17,239 - progress - INFO - 	Batch size: 8
2024-05-14 13:14:17,260 - progress - INFO - Creating dataloader for logs/en/ac/train/binary/b7/version_6/data/en/train_subset/test_sc.txt
2024-05-14 13:14:17,261 - progress - INFO - 	Dataloader config: {'sample_rate': 16000, 'batch_size': 8, 'num_workers': 10, 'pin_memory': True, 'use_start_end_token': False, 'trim_silence': False, 'is_tarred': False, 'tarred_audio_filepaths': None, 'shuffle_n': 2048, 'bucketing_strategy': 'synced_randomized', 'bucketing_batch_size': None, 'return_sample_id': False, 'drop_last': False, 'asr_repo': 'whisper', 'shuffle': False, 'manifest_filepath': 'logs/en/ac/train/binary/b7/version_6/data/en/train_subset/test_sc.txt'}
2024-05-14 13:14:17,262 - progress - INFO - 	Batch size: 8
2024-05-14 13:14:17,363 - progress - INFO - Creating dataloader for logs/en/ac/train/binary/b7/version_6/data/en/train_subset/test_sg.txt
2024-05-14 13:14:17,364 - progress - INFO - 	Dataloader config: {'sample_rate': 16000, 'batch_size': 8, 'num_workers': 10, 'pin_memory': True, 'use_start_end_token': False, 'trim_silence': False, 'is_tarred': False, 'tarred_audio_filepaths': None, 'shuffle_n': 2048, 'bucketing_strategy': 'synced_randomized', 'bucketing_batch_size': None, 'return_sample_id': False, 'drop_last': False, 'asr_repo': 'whisper', 'shuffle': False, 'manifest_filepath': 'logs/en/ac/train/binary/b7/version_6/data/en/train_subset/test_sg.txt'}
2024-05-14 13:14:17,364 - progress - INFO - 	Batch size: 8
2024-05-14 13:14:17,400 - progress - INFO - Creating dataloader for logs/en/ac/train/binary/b7/version_6/data/en/train_subset/test_za.txt
2024-05-14 13:14:17,401 - progress - INFO - 	Dataloader config: {'sample_rate': 16000, 'batch_size': 8, 'num_workers': 10, 'pin_memory': True, 'use_start_end_token': False, 'trim_silence': False, 'is_tarred': False, 'tarred_audio_filepaths': None, 'shuffle_n': 2048, 'bucketing_strategy': 'synced_randomized', 'bucketing_batch_size': None, 'return_sample_id': False, 'drop_last': False, 'asr_repo': 'whisper', 'shuffle': False, 'manifest_filepath': 'logs/en/ac/train/binary/b7/version_6/data/en/train_subset/test_za.txt'}
2024-05-14 13:14:17,401 - progress - INFO - 	Batch size: 8
