2024-06-20 22:58:11,328 - progress - INFO - Creating dataloader for logs/en/ensemble/train/binary/b7/DAT/version_86/data/en/train_subset/test_us.txt
2024-06-20 22:58:11,331 - progress - INFO - 	Dataloader config: {'sample_rate': 16000, 'batch_size': 8, 'num_workers': 10, 'pin_memory': True, 'use_start_end_token': False, 'trim_silence': False, 'is_tarred': False, 'tarred_audio_filepaths': None, 'shuffle_n': 2048, 'bucketing_strategy': 'synced_randomized', 'bucketing_batch_size': None, 'return_sample_id': False, 'drop_last': False, 'asr_repo': 'whisper', 'shuffle': False, 'manifest_filepath': 'logs/en/ensemble/train/binary/b7/DAT/version_86/data/en/train_subset/test_us.txt'}
2024-06-20 22:58:11,331 - progress - INFO - 	Batch size: 8
2024-06-20 22:58:11,614 - progress - INFO - Creating dataloader for logs/en/ensemble/train/binary/b7/DAT/version_86/data/en/train_subset/test_ca.txt
2024-06-20 22:58:11,615 - progress - INFO - 	Dataloader config: {'sample_rate': 16000, 'batch_size': 8, 'num_workers': 10, 'pin_memory': True, 'use_start_end_token': False, 'trim_silence': False, 'is_tarred': False, 'tarred_audio_filepaths': None, 'shuffle_n': 2048, 'bucketing_strategy': 'synced_randomized', 'bucketing_batch_size': None, 'return_sample_id': False, 'drop_last': False, 'asr_repo': 'whisper', 'shuffle': False, 'manifest_filepath': 'logs/en/ensemble/train/binary/b7/DAT/version_86/data/en/train_subset/test_ca.txt'}
2024-06-20 22:58:11,615 - progress - INFO - 	Batch size: 8
2024-06-20 22:58:11,618 - progress - INFO - Creating dataloader for logs/en/ensemble/train/binary/b7/DAT/version_86/data/en/train_subset/test_uk.txt
2024-06-20 22:58:11,619 - progress - INFO - 	Dataloader config: {'sample_rate': 16000, 'batch_size': 8, 'num_workers': 10, 'pin_memory': True, 'use_start_end_token': False, 'trim_silence': False, 'is_tarred': False, 'tarred_audio_filepaths': None, 'shuffle_n': 2048, 'bucketing_strategy': 'synced_randomized', 'bucketing_batch_size': None, 'return_sample_id': False, 'drop_last': False, 'asr_repo': 'whisper', 'shuffle': False, 'manifest_filepath': 'logs/en/ensemble/train/binary/b7/DAT/version_86/data/en/train_subset/test_uk.txt'}
2024-06-20 22:58:11,620 - progress - INFO - 	Batch size: 8
2024-06-20 22:58:11,623 - progress - INFO - Creating dataloader for logs/en/ensemble/train/binary/b7/DAT/version_86/data/en/train_subset/test_in.txt
2024-06-20 22:58:11,624 - progress - INFO - 	Dataloader config: {'sample_rate': 16000, 'batch_size': 8, 'num_workers': 10, 'pin_memory': True, 'use_start_end_token': False, 'trim_silence': False, 'is_tarred': False, 'tarred_audio_filepaths': None, 'shuffle_n': 2048, 'bucketing_strategy': 'synced_randomized', 'bucketing_batch_size': None, 'return_sample_id': False, 'drop_last': False, 'asr_repo': 'whisper', 'shuffle': False, 'manifest_filepath': 'logs/en/ensemble/train/binary/b7/DAT/version_86/data/en/train_subset/test_in.txt'}
2024-06-20 22:58:11,624 - progress - INFO - 	Batch size: 8
2024-06-20 22:58:11,627 - progress - INFO - Creating dataloader for logs/en/ensemble/train/binary/b7/DAT/version_86/data/en/train_subset/test_de.txt
2024-06-20 22:58:11,628 - progress - INFO - 	Dataloader config: {'sample_rate': 16000, 'batch_size': 8, 'num_workers': 10, 'pin_memory': True, 'use_start_end_token': False, 'trim_silence': False, 'is_tarred': False, 'tarred_audio_filepaths': None, 'shuffle_n': 2048, 'bucketing_strategy': 'synced_randomized', 'bucketing_batch_size': None, 'return_sample_id': False, 'drop_last': False, 'asr_repo': 'whisper', 'shuffle': False, 'manifest_filepath': 'logs/en/ensemble/train/binary/b7/DAT/version_86/data/en/train_subset/test_de.txt'}
2024-06-20 22:58:11,629 - progress - INFO - 	Batch size: 8
2024-06-20 22:58:11,631 - progress - INFO - Creating dataloader for logs/en/ensemble/train/binary/b7/DAT/version_86/data/en/train_subset/test_au.txt
2024-06-20 22:58:11,632 - progress - INFO - 	Dataloader config: {'sample_rate': 16000, 'batch_size': 8, 'num_workers': 10, 'pin_memory': True, 'use_start_end_token': False, 'trim_silence': False, 'is_tarred': False, 'tarred_audio_filepaths': None, 'shuffle_n': 2048, 'bucketing_strategy': 'synced_randomized', 'bucketing_batch_size': None, 'return_sample_id': False, 'drop_last': False, 'asr_repo': 'whisper', 'shuffle': False, 'manifest_filepath': 'logs/en/ensemble/train/binary/b7/DAT/version_86/data/en/train_subset/test_au.txt'}
2024-06-20 22:58:11,633 - progress - INFO - 	Batch size: 8
2024-06-20 22:58:11,635 - progress - INFO - Creating dataloader for logs/en/ensemble/train/binary/b7/DAT/version_86/data/en/train_subset/test_hk.txt
2024-06-20 22:58:11,636 - progress - INFO - 	Dataloader config: {'sample_rate': 16000, 'batch_size': 8, 'num_workers': 10, 'pin_memory': True, 'use_start_end_token': False, 'trim_silence': False, 'is_tarred': False, 'tarred_audio_filepaths': None, 'shuffle_n': 2048, 'bucketing_strategy': 'synced_randomized', 'bucketing_batch_size': None, 'return_sample_id': False, 'drop_last': False, 'asr_repo': 'whisper', 'shuffle': False, 'manifest_filepath': 'logs/en/ensemble/train/binary/b7/DAT/version_86/data/en/train_subset/test_hk.txt'}
2024-06-20 22:58:11,636 - progress - INFO - 	Batch size: 8
2024-06-20 22:58:11,639 - progress - INFO - Creating dataloader for logs/en/ensemble/train/binary/b7/DAT/version_86/data/en/train_subset/test_ie.txt
2024-06-20 22:58:11,639 - progress - INFO - 	Dataloader config: {'sample_rate': 16000, 'batch_size': 8, 'num_workers': 10, 'pin_memory': True, 'use_start_end_token': False, 'trim_silence': False, 'is_tarred': False, 'tarred_audio_filepaths': None, 'shuffle_n': 2048, 'bucketing_strategy': 'synced_randomized', 'bucketing_batch_size': None, 'return_sample_id': False, 'drop_last': False, 'asr_repo': 'whisper', 'shuffle': False, 'manifest_filepath': 'logs/en/ensemble/train/binary/b7/DAT/version_86/data/en/train_subset/test_ie.txt'}
2024-06-20 22:58:11,640 - progress - INFO - 	Batch size: 8
2024-06-20 22:58:11,642 - progress - INFO - Creating dataloader for logs/en/ensemble/train/binary/b7/DAT/version_86/data/en/train_subset/test_ni.txt
2024-06-20 22:58:11,643 - progress - INFO - 	Dataloader config: {'sample_rate': 16000, 'batch_size': 8, 'num_workers': 10, 'pin_memory': True, 'use_start_end_token': False, 'trim_silence': False, 'is_tarred': False, 'tarred_audio_filepaths': None, 'shuffle_n': 2048, 'bucketing_strategy': 'synced_randomized', 'bucketing_batch_size': None, 'return_sample_id': False, 'drop_last': False, 'asr_repo': 'whisper', 'shuffle': False, 'manifest_filepath': 'logs/en/ensemble/train/binary/b7/DAT/version_86/data/en/train_subset/test_ni.txt'}
2024-06-20 22:58:11,644 - progress - INFO - 	Batch size: 8
2024-06-20 22:58:11,646 - progress - INFO - Creating dataloader for logs/en/ensemble/train/binary/b7/DAT/version_86/data/en/train_subset/test_nz.txt
2024-06-20 22:58:11,646 - progress - INFO - 	Dataloader config: {'sample_rate': 16000, 'batch_size': 8, 'num_workers': 10, 'pin_memory': True, 'use_start_end_token': False, 'trim_silence': False, 'is_tarred': False, 'tarred_audio_filepaths': None, 'shuffle_n': 2048, 'bucketing_strategy': 'synced_randomized', 'bucketing_batch_size': None, 'return_sample_id': False, 'drop_last': False, 'asr_repo': 'whisper', 'shuffle': False, 'manifest_filepath': 'logs/en/ensemble/train/binary/b7/DAT/version_86/data/en/train_subset/test_nz.txt'}
2024-06-20 22:58:11,647 - progress - INFO - 	Batch size: 8
2024-06-20 22:58:11,649 - progress - INFO - Creating dataloader for logs/en/ensemble/train/binary/b7/DAT/version_86/data/en/train_subset/test_ph.txt
2024-06-20 22:58:11,650 - progress - INFO - 	Dataloader config: {'sample_rate': 16000, 'batch_size': 8, 'num_workers': 10, 'pin_memory': True, 'use_start_end_token': False, 'trim_silence': False, 'is_tarred': False, 'tarred_audio_filepaths': None, 'shuffle_n': 2048, 'bucketing_strategy': 'synced_randomized', 'bucketing_batch_size': None, 'return_sample_id': False, 'drop_last': False, 'asr_repo': 'whisper', 'shuffle': False, 'manifest_filepath': 'logs/en/ensemble/train/binary/b7/DAT/version_86/data/en/train_subset/test_ph.txt'}
2024-06-20 22:58:11,651 - progress - INFO - 	Batch size: 8
2024-06-20 22:58:11,653 - progress - INFO - Creating dataloader for logs/en/ensemble/train/binary/b7/DAT/version_86/data/en/train_subset/test_sc.txt
2024-06-20 22:58:11,654 - progress - INFO - 	Dataloader config: {'sample_rate': 16000, 'batch_size': 8, 'num_workers': 10, 'pin_memory': True, 'use_start_end_token': False, 'trim_silence': False, 'is_tarred': False, 'tarred_audio_filepaths': None, 'shuffle_n': 2048, 'bucketing_strategy': 'synced_randomized', 'bucketing_batch_size': None, 'return_sample_id': False, 'drop_last': False, 'asr_repo': 'whisper', 'shuffle': False, 'manifest_filepath': 'logs/en/ensemble/train/binary/b7/DAT/version_86/data/en/train_subset/test_sc.txt'}
2024-06-20 22:58:11,654 - progress - INFO - 	Batch size: 8
2024-06-20 22:58:11,657 - progress - INFO - Creating dataloader for logs/en/ensemble/train/binary/b7/DAT/version_86/data/en/train_subset/test_sg.txt
2024-06-20 22:58:11,657 - progress - INFO - 	Dataloader config: {'sample_rate': 16000, 'batch_size': 8, 'num_workers': 10, 'pin_memory': True, 'use_start_end_token': False, 'trim_silence': False, 'is_tarred': False, 'tarred_audio_filepaths': None, 'shuffle_n': 2048, 'bucketing_strategy': 'synced_randomized', 'bucketing_batch_size': None, 'return_sample_id': False, 'drop_last': False, 'asr_repo': 'whisper', 'shuffle': False, 'manifest_filepath': 'logs/en/ensemble/train/binary/b7/DAT/version_86/data/en/train_subset/test_sg.txt'}
2024-06-20 22:58:11,658 - progress - INFO - 	Batch size: 8
2024-06-20 22:58:11,660 - progress - INFO - Creating dataloader for logs/en/ensemble/train/binary/b7/DAT/version_86/data/en/train_subset/test_za.txt
2024-06-20 22:58:11,661 - progress - INFO - 	Dataloader config: {'sample_rate': 16000, 'batch_size': 8, 'num_workers': 10, 'pin_memory': True, 'use_start_end_token': False, 'trim_silence': False, 'is_tarred': False, 'tarred_audio_filepaths': None, 'shuffle_n': 2048, 'bucketing_strategy': 'synced_randomized', 'bucketing_batch_size': None, 'return_sample_id': False, 'drop_last': False, 'asr_repo': 'whisper', 'shuffle': False, 'manifest_filepath': 'logs/en/ensemble/train/binary/b7/DAT/version_86/data/en/train_subset/test_za.txt'}
2024-06-20 22:58:11,661 - progress - INFO - 	Batch size: 8
2024-06-20 23:06:34,766 - progress - INFO - Configuring optimizers
2024-06-20 23:06:34,889 - progress - INFO - Creating dataloader for ['logs/en/ensemble/train/binary/b7/DAT/version_86/data/en/train_subset/train_us.txt']
2024-06-20 23:06:34,890 - progress - INFO - 	Dataloader config: {'sample_rate': 16000, 'batch_size': 8, 'num_workers': 10, 'pin_memory': True, 'use_start_end_token': False, 'trim_silence': False, 'is_tarred': False, 'tarred_audio_filepaths': None, 'shuffle_n': 2048, 'bucketing_strategy': 'synced_randomized', 'bucketing_batch_size': None, 'return_sample_id': False, 'drop_last': False, 'asr_repo': 'whisper', 'shuffle': True, 'manifest_filepath': ['logs/en/ensemble/train/binary/b7/DAT/version_86/data/en/train_subset/train_us.txt']}
2024-06-20 23:06:34,891 - progress - INFO - 	Batch size: 8
2024-06-20 23:06:35,005 - progress - INFO - Creating dataloader for ['logs/en/ensemble/train/binary/b7/DAT/version_86/data/en/train_subset/train_ca.txt', 'logs/en/ensemble/train/binary/b7/DAT/version_86/data/en/train_subset/train_uk.txt', 'logs/en/ensemble/train/binary/b7/DAT/version_86/data/en/train_subset/train_in.txt', 'logs/en/ensemble/train/binary/b7/DAT/version_86/data/en/train_subset/train_de.txt', 'logs/en/ensemble/train/binary/b7/DAT/version_86/data/en/train_subset/train_au.txt']
2024-06-20 23:06:35,006 - progress - INFO - 	Dataloader config: {'sample_rate': 16000, 'batch_size': 8, 'num_workers': 10, 'pin_memory': True, 'use_start_end_token': False, 'trim_silence': False, 'is_tarred': False, 'tarred_audio_filepaths': None, 'shuffle_n': 2048, 'bucketing_strategy': 'synced_randomized', 'bucketing_batch_size': None, 'return_sample_id': False, 'drop_last': False, 'asr_repo': 'whisper', 'shuffle': True, 'manifest_filepath': ['logs/en/ensemble/train/binary/b7/DAT/version_86/data/en/train_subset/train_ca.txt', 'logs/en/ensemble/train/binary/b7/DAT/version_86/data/en/train_subset/train_uk.txt', 'logs/en/ensemble/train/binary/b7/DAT/version_86/data/en/train_subset/train_in.txt', 'logs/en/ensemble/train/binary/b7/DAT/version_86/data/en/train_subset/train_de.txt', 'logs/en/ensemble/train/binary/b7/DAT/version_86/data/en/train_subset/train_au.txt']}
2024-06-20 23:06:35,007 - progress - INFO - 	Batch size: 8
2024-06-20 23:06:35,317 - progress - INFO - Scheduler max. steps: 960
2024-06-20 23:06:35,331 - progress - INFO - Creating dataloader for ['logs/en/ensemble/train/binary/b7/DAT/version_86/data/en/train_subset/train_us.txt']
2024-06-20 23:06:35,332 - progress - INFO - 	Dataloader config: {'sample_rate': 16000, 'batch_size': 8, 'num_workers': 10, 'pin_memory': True, 'use_start_end_token': False, 'trim_silence': False, 'is_tarred': False, 'tarred_audio_filepaths': None, 'shuffle_n': 2048, 'bucketing_strategy': 'synced_randomized', 'bucketing_batch_size': None, 'return_sample_id': False, 'drop_last': False, 'asr_repo': 'whisper', 'shuffle': True, 'manifest_filepath': ['logs/en/ensemble/train/binary/b7/DAT/version_86/data/en/train_subset/train_us.txt']}
2024-06-20 23:06:35,333 - progress - INFO - 	Batch size: 8
2024-06-20 23:06:35,352 - progress - INFO - Creating dataloader for ['logs/en/ensemble/train/binary/b7/DAT/version_86/data/en/train_subset/train_ca.txt', 'logs/en/ensemble/train/binary/b7/DAT/version_86/data/en/train_subset/train_uk.txt', 'logs/en/ensemble/train/binary/b7/DAT/version_86/data/en/train_subset/train_in.txt', 'logs/en/ensemble/train/binary/b7/DAT/version_86/data/en/train_subset/train_de.txt', 'logs/en/ensemble/train/binary/b7/DAT/version_86/data/en/train_subset/train_au.txt']
2024-06-20 23:06:35,353 - progress - INFO - 	Dataloader config: {'sample_rate': 16000, 'batch_size': 8, 'num_workers': 10, 'pin_memory': True, 'use_start_end_token': False, 'trim_silence': False, 'is_tarred': False, 'tarred_audio_filepaths': None, 'shuffle_n': 2048, 'bucketing_strategy': 'synced_randomized', 'bucketing_batch_size': None, 'return_sample_id': False, 'drop_last': False, 'asr_repo': 'whisper', 'shuffle': True, 'manifest_filepath': ['logs/en/ensemble/train/binary/b7/DAT/version_86/data/en/train_subset/train_ca.txt', 'logs/en/ensemble/train/binary/b7/DAT/version_86/data/en/train_subset/train_uk.txt', 'logs/en/ensemble/train/binary/b7/DAT/version_86/data/en/train_subset/train_in.txt', 'logs/en/ensemble/train/binary/b7/DAT/version_86/data/en/train_subset/train_de.txt', 'logs/en/ensemble/train/binary/b7/DAT/version_86/data/en/train_subset/train_au.txt']}
2024-06-20 23:06:35,354 - progress - INFO - 	Batch size: 8
2024-06-20 23:06:35,381 - progress - INFO - Creating dataloader for logs/en/ensemble/train/binary/b7/DAT/version_86/data/en/train_subset/test_us.txt
2024-06-20 23:06:35,381 - progress - INFO - 	Dataloader config: {'sample_rate': 16000, 'batch_size': 8, 'num_workers': 10, 'pin_memory': True, 'use_start_end_token': False, 'trim_silence': False, 'is_tarred': False, 'tarred_audio_filepaths': None, 'shuffle_n': 2048, 'bucketing_strategy': 'synced_randomized', 'bucketing_batch_size': None, 'return_sample_id': False, 'drop_last': False, 'asr_repo': 'whisper', 'shuffle': False, 'manifest_filepath': 'logs/en/ensemble/train/binary/b7/DAT/version_86/data/en/train_subset/test_us.txt'}
2024-06-20 23:06:35,382 - progress - INFO - 	Batch size: 8
2024-06-20 23:06:35,389 - progress - INFO - Creating dataloader for logs/en/ensemble/train/binary/b7/DAT/version_86/data/en/train_subset/test_ca.txt
2024-06-20 23:06:35,390 - progress - INFO - 	Dataloader config: {'sample_rate': 16000, 'batch_size': 8, 'num_workers': 10, 'pin_memory': True, 'use_start_end_token': False, 'trim_silence': False, 'is_tarred': False, 'tarred_audio_filepaths': None, 'shuffle_n': 2048, 'bucketing_strategy': 'synced_randomized', 'bucketing_batch_size': None, 'return_sample_id': False, 'drop_last': False, 'asr_repo': 'whisper', 'shuffle': False, 'manifest_filepath': 'logs/en/ensemble/train/binary/b7/DAT/version_86/data/en/train_subset/test_ca.txt'}
2024-06-20 23:06:35,391 - progress - INFO - 	Batch size: 8
2024-06-20 23:06:35,394 - progress - INFO - Creating dataloader for logs/en/ensemble/train/binary/b7/DAT/version_86/data/en/train_subset/test_uk.txt
2024-06-20 23:06:35,395 - progress - INFO - 	Dataloader config: {'sample_rate': 16000, 'batch_size': 8, 'num_workers': 10, 'pin_memory': True, 'use_start_end_token': False, 'trim_silence': False, 'is_tarred': False, 'tarred_audio_filepaths': None, 'shuffle_n': 2048, 'bucketing_strategy': 'synced_randomized', 'bucketing_batch_size': None, 'return_sample_id': False, 'drop_last': False, 'asr_repo': 'whisper', 'shuffle': False, 'manifest_filepath': 'logs/en/ensemble/train/binary/b7/DAT/version_86/data/en/train_subset/test_uk.txt'}
2024-06-20 23:06:35,396 - progress - INFO - 	Batch size: 8
2024-06-20 23:06:35,399 - progress - INFO - Creating dataloader for logs/en/ensemble/train/binary/b7/DAT/version_86/data/en/train_subset/test_in.txt
2024-06-20 23:06:35,400 - progress - INFO - 	Dataloader config: {'sample_rate': 16000, 'batch_size': 8, 'num_workers': 10, 'pin_memory': True, 'use_start_end_token': False, 'trim_silence': False, 'is_tarred': False, 'tarred_audio_filepaths': None, 'shuffle_n': 2048, 'bucketing_strategy': 'synced_randomized', 'bucketing_batch_size': None, 'return_sample_id': False, 'drop_last': False, 'asr_repo': 'whisper', 'shuffle': False, 'manifest_filepath': 'logs/en/ensemble/train/binary/b7/DAT/version_86/data/en/train_subset/test_in.txt'}
2024-06-20 23:06:35,401 - progress - INFO - 	Batch size: 8
2024-06-20 23:06:35,404 - progress - INFO - Creating dataloader for logs/en/ensemble/train/binary/b7/DAT/version_86/data/en/train_subset/test_de.txt
2024-06-20 23:06:35,405 - progress - INFO - 	Dataloader config: {'sample_rate': 16000, 'batch_size': 8, 'num_workers': 10, 'pin_memory': True, 'use_start_end_token': False, 'trim_silence': False, 'is_tarred': False, 'tarred_audio_filepaths': None, 'shuffle_n': 2048, 'bucketing_strategy': 'synced_randomized', 'bucketing_batch_size': None, 'return_sample_id': False, 'drop_last': False, 'asr_repo': 'whisper', 'shuffle': False, 'manifest_filepath': 'logs/en/ensemble/train/binary/b7/DAT/version_86/data/en/train_subset/test_de.txt'}
2024-06-20 23:06:35,406 - progress - INFO - 	Batch size: 8
2024-06-20 23:06:35,409 - progress - INFO - Creating dataloader for logs/en/ensemble/train/binary/b7/DAT/version_86/data/en/train_subset/test_au.txt
2024-06-20 23:06:35,410 - progress - INFO - 	Dataloader config: {'sample_rate': 16000, 'batch_size': 8, 'num_workers': 10, 'pin_memory': True, 'use_start_end_token': False, 'trim_silence': False, 'is_tarred': False, 'tarred_audio_filepaths': None, 'shuffle_n': 2048, 'bucketing_strategy': 'synced_randomized', 'bucketing_batch_size': None, 'return_sample_id': False, 'drop_last': False, 'asr_repo': 'whisper', 'shuffle': False, 'manifest_filepath': 'logs/en/ensemble/train/binary/b7/DAT/version_86/data/en/train_subset/test_au.txt'}
2024-06-20 23:06:35,411 - progress - INFO - 	Batch size: 8
2024-06-20 23:06:35,415 - progress - INFO - Creating dataloader for logs/en/ensemble/train/binary/b7/DAT/version_86/data/en/train_subset/test_hk.txt
2024-06-20 23:06:35,416 - progress - INFO - 	Dataloader config: {'sample_rate': 16000, 'batch_size': 8, 'num_workers': 10, 'pin_memory': True, 'use_start_end_token': False, 'trim_silence': False, 'is_tarred': False, 'tarred_audio_filepaths': None, 'shuffle_n': 2048, 'bucketing_strategy': 'synced_randomized', 'bucketing_batch_size': None, 'return_sample_id': False, 'drop_last': False, 'asr_repo': 'whisper', 'shuffle': False, 'manifest_filepath': 'logs/en/ensemble/train/binary/b7/DAT/version_86/data/en/train_subset/test_hk.txt'}
2024-06-20 23:06:35,417 - progress - INFO - 	Batch size: 8
2024-06-20 23:06:35,420 - progress - INFO - Creating dataloader for logs/en/ensemble/train/binary/b7/DAT/version_86/data/en/train_subset/test_ie.txt
2024-06-20 23:06:35,420 - progress - INFO - 	Dataloader config: {'sample_rate': 16000, 'batch_size': 8, 'num_workers': 10, 'pin_memory': True, 'use_start_end_token': False, 'trim_silence': False, 'is_tarred': False, 'tarred_audio_filepaths': None, 'shuffle_n': 2048, 'bucketing_strategy': 'synced_randomized', 'bucketing_batch_size': None, 'return_sample_id': False, 'drop_last': False, 'asr_repo': 'whisper', 'shuffle': False, 'manifest_filepath': 'logs/en/ensemble/train/binary/b7/DAT/version_86/data/en/train_subset/test_ie.txt'}
2024-06-20 23:06:35,421 - progress - INFO - 	Batch size: 8
2024-06-20 23:06:35,424 - progress - INFO - Creating dataloader for logs/en/ensemble/train/binary/b7/DAT/version_86/data/en/train_subset/test_ni.txt
2024-06-20 23:06:35,425 - progress - INFO - 	Dataloader config: {'sample_rate': 16000, 'batch_size': 8, 'num_workers': 10, 'pin_memory': True, 'use_start_end_token': False, 'trim_silence': False, 'is_tarred': False, 'tarred_audio_filepaths': None, 'shuffle_n': 2048, 'bucketing_strategy': 'synced_randomized', 'bucketing_batch_size': None, 'return_sample_id': False, 'drop_last': False, 'asr_repo': 'whisper', 'shuffle': False, 'manifest_filepath': 'logs/en/ensemble/train/binary/b7/DAT/version_86/data/en/train_subset/test_ni.txt'}
2024-06-20 23:06:35,426 - progress - INFO - 	Batch size: 8
2024-06-20 23:06:35,429 - progress - INFO - Creating dataloader for logs/en/ensemble/train/binary/b7/DAT/version_86/data/en/train_subset/test_nz.txt
2024-06-20 23:06:35,429 - progress - INFO - 	Dataloader config: {'sample_rate': 16000, 'batch_size': 8, 'num_workers': 10, 'pin_memory': True, 'use_start_end_token': False, 'trim_silence': False, 'is_tarred': False, 'tarred_audio_filepaths': None, 'shuffle_n': 2048, 'bucketing_strategy': 'synced_randomized', 'bucketing_batch_size': None, 'return_sample_id': False, 'drop_last': False, 'asr_repo': 'whisper', 'shuffle': False, 'manifest_filepath': 'logs/en/ensemble/train/binary/b7/DAT/version_86/data/en/train_subset/test_nz.txt'}
2024-06-20 23:06:35,430 - progress - INFO - 	Batch size: 8
2024-06-20 23:06:35,434 - progress - INFO - Creating dataloader for logs/en/ensemble/train/binary/b7/DAT/version_86/data/en/train_subset/test_ph.txt
2024-06-20 23:06:35,435 - progress - INFO - 	Dataloader config: {'sample_rate': 16000, 'batch_size': 8, 'num_workers': 10, 'pin_memory': True, 'use_start_end_token': False, 'trim_silence': False, 'is_tarred': False, 'tarred_audio_filepaths': None, 'shuffle_n': 2048, 'bucketing_strategy': 'synced_randomized', 'bucketing_batch_size': None, 'return_sample_id': False, 'drop_last': False, 'asr_repo': 'whisper', 'shuffle': False, 'manifest_filepath': 'logs/en/ensemble/train/binary/b7/DAT/version_86/data/en/train_subset/test_ph.txt'}
2024-06-20 23:06:35,435 - progress - INFO - 	Batch size: 8
2024-06-20 23:06:35,439 - progress - INFO - Creating dataloader for logs/en/ensemble/train/binary/b7/DAT/version_86/data/en/train_subset/test_sc.txt
2024-06-20 23:06:35,439 - progress - INFO - 	Dataloader config: {'sample_rate': 16000, 'batch_size': 8, 'num_workers': 10, 'pin_memory': True, 'use_start_end_token': False, 'trim_silence': False, 'is_tarred': False, 'tarred_audio_filepaths': None, 'shuffle_n': 2048, 'bucketing_strategy': 'synced_randomized', 'bucketing_batch_size': None, 'return_sample_id': False, 'drop_last': False, 'asr_repo': 'whisper', 'shuffle': False, 'manifest_filepath': 'logs/en/ensemble/train/binary/b7/DAT/version_86/data/en/train_subset/test_sc.txt'}
2024-06-20 23:06:35,440 - progress - INFO - 	Batch size: 8
2024-06-20 23:06:35,444 - progress - INFO - Creating dataloader for logs/en/ensemble/train/binary/b7/DAT/version_86/data/en/train_subset/test_sg.txt
2024-06-20 23:06:35,445 - progress - INFO - 	Dataloader config: {'sample_rate': 16000, 'batch_size': 8, 'num_workers': 10, 'pin_memory': True, 'use_start_end_token': False, 'trim_silence': False, 'is_tarred': False, 'tarred_audio_filepaths': None, 'shuffle_n': 2048, 'bucketing_strategy': 'synced_randomized', 'bucketing_batch_size': None, 'return_sample_id': False, 'drop_last': False, 'asr_repo': 'whisper', 'shuffle': False, 'manifest_filepath': 'logs/en/ensemble/train/binary/b7/DAT/version_86/data/en/train_subset/test_sg.txt'}
2024-06-20 23:06:35,446 - progress - INFO - 	Batch size: 8
2024-06-20 23:06:35,448 - progress - INFO - Creating dataloader for logs/en/ensemble/train/binary/b7/DAT/version_86/data/en/train_subset/test_za.txt
2024-06-20 23:06:35,449 - progress - INFO - 	Dataloader config: {'sample_rate': 16000, 'batch_size': 8, 'num_workers': 10, 'pin_memory': True, 'use_start_end_token': False, 'trim_silence': False, 'is_tarred': False, 'tarred_audio_filepaths': None, 'shuffle_n': 2048, 'bucketing_strategy': 'synced_randomized', 'bucketing_batch_size': None, 'return_sample_id': False, 'drop_last': False, 'asr_repo': 'whisper', 'shuffle': False, 'manifest_filepath': 'logs/en/ensemble/train/binary/b7/DAT/version_86/data/en/train_subset/test_za.txt'}
2024-06-20 23:06:35,450 - progress - INFO - 	Batch size: 8
