2024-06-22 20:34:40,221 - progress - INFO - Creating dataloader for /tmp/tmppkmkogy2/manifest.json
2024-06-22 20:34:40,222 - progress - INFO - 	Dataloader config: {'manifest_filepath': '/tmp/tmppkmkogy2/manifest.json', 'batch_size': 12, 'num_workers': 10, 'sample_rate': 16000, 'asr_repo': 'whisper'}
2024-06-22 20:34:40,223 - progress - INFO - 	Batch size: 12
2024-06-22 20:40:36,124 - progress - INFO - Creating dataloader for /tmp/tmp6g3a3eu2/manifest.json
2024-06-22 20:40:36,125 - progress - INFO - 	Dataloader config: {'manifest_filepath': '/tmp/tmp6g3a3eu2/manifest.json', 'batch_size': 12, 'num_workers': 10, 'sample_rate': 16000, 'asr_repo': 'whisper'}
2024-06-22 20:40:36,126 - progress - INFO - 	Batch size: 12
2024-06-22 20:43:02,713 - progress - INFO - Creating dataloader for /tmp/tmprl_34z_2/manifest.json
2024-06-22 20:43:02,714 - progress - INFO - 	Dataloader config: {'manifest_filepath': '/tmp/tmprl_34z_2/manifest.json', 'batch_size': 12, 'num_workers': 10, 'sample_rate': 16000, 'asr_repo': 'whisper'}
2024-06-22 20:43:02,715 - progress - INFO - 	Batch size: 12
2024-06-22 20:57:16,488 - progress - INFO - Creating dataloader for /tmp/tmpjkfyxb27/manifest.json
2024-06-22 20:57:16,489 - progress - INFO - 	Dataloader config: {'manifest_filepath': '/tmp/tmpjkfyxb27/manifest.json', 'batch_size': 12, 'num_workers': 10, 'sample_rate': 16000, 'asr_repo': 'whisper'}
2024-06-22 20:57:16,490 - progress - INFO - 	Batch size: 12
2024-06-22 21:04:34,852 - progress - INFO - Creating dataloader for /tmp/tmpk1nmagtm/manifest.json
2024-06-22 21:04:34,853 - progress - INFO - 	Dataloader config: {'manifest_filepath': '/tmp/tmpk1nmagtm/manifest.json', 'batch_size': 12, 'num_workers': 10, 'sample_rate': 16000, 'asr_repo': 'whisper'}
2024-06-22 21:04:34,854 - progress - INFO - 	Batch size: 12
2024-06-22 21:07:29,237 - progress - INFO - Creating dataloader for /tmp/tmp0q70efd1/manifest.json
2024-06-22 21:07:29,238 - progress - INFO - 	Dataloader config: {'manifest_filepath': '/tmp/tmp0q70efd1/manifest.json', 'batch_size': 12, 'num_workers': 10, 'sample_rate': 16000, 'asr_repo': 'whisper'}
2024-06-22 21:07:29,239 - progress - INFO - 	Batch size: 12
2024-06-22 21:14:13,470 - progress - INFO - Creating dataloader for /tmp/tmpwe_3ws5y/manifest.json
2024-06-22 21:14:13,471 - progress - INFO - 	Dataloader config: {'manifest_filepath': '/tmp/tmpwe_3ws5y/manifest.json', 'batch_size': 12, 'num_workers': 10, 'sample_rate': 16000, 'asr_repo': 'whisper'}
2024-06-22 21:14:13,472 - progress - INFO - 	Batch size: 12
2024-06-22 21:33:16,649 - progress - INFO - Creating dataloader for /tmp/tmp7_lyrsq6/manifest.json
2024-06-22 21:33:16,669 - progress - INFO - 	Dataloader config: {'manifest_filepath': '/tmp/tmp7_lyrsq6/manifest.json', 'batch_size': 12, 'num_workers': 10, 'sample_rate': 16000, 'asr_repo': 'whisper'}
2024-06-22 21:33:16,670 - progress - INFO - 	Batch size: 12
2024-06-22 21:36:54,817 - progress - INFO - Creating dataloader for /tmp/tmpay_moj3z/manifest.json
2024-06-22 21:36:54,818 - progress - INFO - 	Dataloader config: {'manifest_filepath': '/tmp/tmpay_moj3z/manifest.json', 'batch_size': 12, 'num_workers': 10, 'sample_rate': 16000, 'asr_repo': 'whisper'}
2024-06-22 21:36:54,819 - progress - INFO - 	Batch size: 12
2024-06-22 21:42:45,360 - progress - INFO - Creating dataloader for /tmp/tmpzpb96ncc/manifest.json
2024-06-22 21:42:45,361 - progress - INFO - 	Dataloader config: {'manifest_filepath': '/tmp/tmpzpb96ncc/manifest.json', 'batch_size': 12, 'num_workers': 10, 'sample_rate': 16000, 'asr_repo': 'whisper'}
2024-06-22 21:42:45,362 - progress - INFO - 	Batch size: 12
2024-06-22 21:47:01,810 - progress - INFO - Creating dataloader for /tmp/tmpjnjxq5td/manifest.json
2024-06-22 21:47:01,811 - progress - INFO - 	Dataloader config: {'manifest_filepath': '/tmp/tmpjnjxq5td/manifest.json', 'batch_size': 12, 'num_workers': 10, 'sample_rate': 16000, 'asr_repo': 'whisper'}
2024-06-22 21:47:01,813 - progress - INFO - 	Batch size: 12
2024-06-22 22:41:26,585 - progress - INFO - Creating dataloader for /tmp/tmp3_h1o_zw/manifest.json
2024-06-22 22:41:26,601 - progress - INFO - 	Dataloader config: {'manifest_filepath': '/tmp/tmp3_h1o_zw/manifest.json', 'batch_size': 12, 'num_workers': 10, 'sample_rate': 16000, 'asr_repo': 'whisper'}
2024-06-22 22:41:26,602 - progress - INFO - 	Batch size: 12
2024-06-22 22:49:57,045 - progress - INFO - Creating dataloader for /tmp/tmpene574xu/manifest.json
2024-06-22 22:49:57,046 - progress - INFO - 	Dataloader config: {'manifest_filepath': '/tmp/tmpene574xu/manifest.json', 'batch_size': 12, 'num_workers': 10, 'sample_rate': 16000, 'asr_repo': 'whisper'}
2024-06-22 22:49:57,047 - progress - INFO - 	Batch size: 12
2024-06-22 22:58:16,884 - progress - INFO - Creating dataloader for /tmp/tmpf4c9hmsn/manifest.json
2024-06-22 22:58:16,886 - progress - INFO - 	Dataloader config: {'manifest_filepath': '/tmp/tmpf4c9hmsn/manifest.json', 'batch_size': 12, 'num_workers': 10, 'sample_rate': 16000, 'asr_repo': 'whisper'}
2024-06-22 22:58:16,886 - progress - INFO - 	Batch size: 12
