2024-05-12 17:56:45,600 - progress - INFO - Configuring optimizers
2024-05-12 17:56:45,602 - progress - INFO - Creating dataloader for ['logs/en/ac/train/binary/b7/version_81/data/en/train_subset/train_us.txt']
2024-05-12 17:56:45,603 - progress - INFO - 	Dataloader config: {'sample_rate': 16000, 'batch_size': 96, 'num_workers': 10, 'pin_memory': True, 'use_start_end_token': False, 'trim_silence': False, 'is_tarred': False, 'tarred_audio_filepaths': None, 'shuffle_n': 2048, 'bucketing_strategy': 'synced_randomized', 'bucketing_batch_size': None, 'return_sample_id': False, 'drop_last': False, 'asr_repo': 'whisper', 'shuffle': True, 'manifest_filepath': ['logs/en/ac/train/binary/b7/version_81/data/en/train_subset/train_us.txt']}
2024-05-12 17:56:45,604 - progress - INFO - 	Batch size: 96
2024-05-12 17:56:45,870 - progress - INFO - Creating dataloader for ['logs/en/ac/train/binary/b7/version_81/data/en/train_subset/train_ca.txt', 'logs/en/ac/train/binary/b7/version_81/data/en/train_subset/train_uk.txt', 'logs/en/ac/train/binary/b7/version_81/data/en/train_subset/train_in.txt', 'logs/en/ac/train/binary/b7/version_81/data/en/train_subset/train_de.txt', 'logs/en/ac/train/binary/b7/version_81/data/en/train_subset/train_au.txt']
2024-05-12 17:56:45,871 - progress - INFO - 	Dataloader config: {'sample_rate': 16000, 'batch_size': 96, 'num_workers': 10, 'pin_memory': True, 'use_start_end_token': False, 'trim_silence': False, 'is_tarred': False, 'tarred_audio_filepaths': None, 'shuffle_n': 2048, 'bucketing_strategy': 'synced_randomized', 'bucketing_batch_size': None, 'return_sample_id': False, 'drop_last': False, 'asr_repo': 'whisper', 'shuffle': True, 'manifest_filepath': ['logs/en/ac/train/binary/b7/version_81/data/en/train_subset/train_ca.txt', 'logs/en/ac/train/binary/b7/version_81/data/en/train_subset/train_uk.txt', 'logs/en/ac/train/binary/b7/version_81/data/en/train_subset/train_in.txt', 'logs/en/ac/train/binary/b7/version_81/data/en/train_subset/train_de.txt', 'logs/en/ac/train/binary/b7/version_81/data/en/train_subset/train_au.txt']}
2024-05-12 17:56:45,872 - progress - INFO - 	Batch size: 96
2024-05-12 17:56:46,098 - progress - INFO - Scheduler max. steps: 1280
2024-05-12 17:56:46,170 - progress - INFO - Creating dataloader for ['logs/en/ac/train/binary/b7/version_81/data/en/train_subset/train_us.txt']
2024-05-12 17:56:46,171 - progress - INFO - 	Dataloader config: {'sample_rate': 16000, 'batch_size': 96, 'num_workers': 10, 'pin_memory': True, 'use_start_end_token': False, 'trim_silence': False, 'is_tarred': False, 'tarred_audio_filepaths': None, 'shuffle_n': 2048, 'bucketing_strategy': 'synced_randomized', 'bucketing_batch_size': None, 'return_sample_id': False, 'drop_last': False, 'asr_repo': 'whisper', 'shuffle': True, 'manifest_filepath': ['logs/en/ac/train/binary/b7/version_81/data/en/train_subset/train_us.txt']}
2024-05-12 17:56:46,172 - progress - INFO - 	Batch size: 96
2024-05-12 17:56:46,189 - progress - INFO - Creating dataloader for ['logs/en/ac/train/binary/b7/version_81/data/en/train_subset/train_ca.txt', 'logs/en/ac/train/binary/b7/version_81/data/en/train_subset/train_uk.txt', 'logs/en/ac/train/binary/b7/version_81/data/en/train_subset/train_in.txt', 'logs/en/ac/train/binary/b7/version_81/data/en/train_subset/train_de.txt', 'logs/en/ac/train/binary/b7/version_81/data/en/train_subset/train_au.txt']
2024-05-12 17:56:46,190 - progress - INFO - 	Dataloader config: {'sample_rate': 16000, 'batch_size': 96, 'num_workers': 10, 'pin_memory': True, 'use_start_end_token': False, 'trim_silence': False, 'is_tarred': False, 'tarred_audio_filepaths': None, 'shuffle_n': 2048, 'bucketing_strategy': 'synced_randomized', 'bucketing_batch_size': None, 'return_sample_id': False, 'drop_last': False, 'asr_repo': 'whisper', 'shuffle': True, 'manifest_filepath': ['logs/en/ac/train/binary/b7/version_81/data/en/train_subset/train_ca.txt', 'logs/en/ac/train/binary/b7/version_81/data/en/train_subset/train_uk.txt', 'logs/en/ac/train/binary/b7/version_81/data/en/train_subset/train_in.txt', 'logs/en/ac/train/binary/b7/version_81/data/en/train_subset/train_de.txt', 'logs/en/ac/train/binary/b7/version_81/data/en/train_subset/train_au.txt']}
2024-05-12 17:56:46,191 - progress - INFO - 	Batch size: 96
2024-05-12 17:56:46,216 - progress - INFO - Creating dataloader for logs/en/ac/train/binary/b7/version_81/data/en/train_subset/test_us.txt
2024-05-12 17:56:46,217 - progress - INFO - 	Dataloader config: {'sample_rate': 16000, 'batch_size': 96, 'num_workers': 10, 'pin_memory': True, 'use_start_end_token': False, 'trim_silence': False, 'is_tarred': False, 'tarred_audio_filepaths': None, 'shuffle_n': 2048, 'bucketing_strategy': 'synced_randomized', 'bucketing_batch_size': None, 'return_sample_id': False, 'drop_last': False, 'asr_repo': 'whisper', 'shuffle': False, 'manifest_filepath': 'logs/en/ac/train/binary/b7/version_81/data/en/train_subset/test_us.txt'}
2024-05-12 17:56:46,217 - progress - INFO - 	Batch size: 96
2024-05-12 17:56:46,256 - progress - INFO - Creating dataloader for logs/en/ac/train/binary/b7/version_81/data/en/train_subset/test_ca.txt
2024-05-12 17:56:46,257 - progress - INFO - 	Dataloader config: {'sample_rate': 16000, 'batch_size': 96, 'num_workers': 10, 'pin_memory': True, 'use_start_end_token': False, 'trim_silence': False, 'is_tarred': False, 'tarred_audio_filepaths': None, 'shuffle_n': 2048, 'bucketing_strategy': 'synced_randomized', 'bucketing_batch_size': None, 'return_sample_id': False, 'drop_last': False, 'asr_repo': 'whisper', 'shuffle': False, 'manifest_filepath': 'logs/en/ac/train/binary/b7/version_81/data/en/train_subset/test_ca.txt'}
2024-05-12 17:56:46,258 - progress - INFO - 	Batch size: 96
2024-05-12 17:56:46,262 - progress - INFO - Creating dataloader for logs/en/ac/train/binary/b7/version_81/data/en/train_subset/test_uk.txt
2024-05-12 17:56:46,263 - progress - INFO - 	Dataloader config: {'sample_rate': 16000, 'batch_size': 96, 'num_workers': 10, 'pin_memory': True, 'use_start_end_token': False, 'trim_silence': False, 'is_tarred': False, 'tarred_audio_filepaths': None, 'shuffle_n': 2048, 'bucketing_strategy': 'synced_randomized', 'bucketing_batch_size': None, 'return_sample_id': False, 'drop_last': False, 'asr_repo': 'whisper', 'shuffle': False, 'manifest_filepath': 'logs/en/ac/train/binary/b7/version_81/data/en/train_subset/test_uk.txt'}
2024-05-12 17:56:46,264 - progress - INFO - 	Batch size: 96
2024-05-12 17:56:46,305 - progress - INFO - Creating dataloader for logs/en/ac/train/binary/b7/version_81/data/en/train_subset/test_in.txt
2024-05-12 17:56:46,306 - progress - INFO - 	Dataloader config: {'sample_rate': 16000, 'batch_size': 96, 'num_workers': 10, 'pin_memory': True, 'use_start_end_token': False, 'trim_silence': False, 'is_tarred': False, 'tarred_audio_filepaths': None, 'shuffle_n': 2048, 'bucketing_strategy': 'synced_randomized', 'bucketing_batch_size': None, 'return_sample_id': False, 'drop_last': False, 'asr_repo': 'whisper', 'shuffle': False, 'manifest_filepath': 'logs/en/ac/train/binary/b7/version_81/data/en/train_subset/test_in.txt'}
2024-05-12 17:56:46,306 - progress - INFO - 	Batch size: 96
2024-05-12 17:56:46,326 - progress - INFO - Creating dataloader for logs/en/ac/train/binary/b7/version_81/data/en/train_subset/test_de.txt
2024-05-12 17:56:46,326 - progress - INFO - 	Dataloader config: {'sample_rate': 16000, 'batch_size': 96, 'num_workers': 10, 'pin_memory': True, 'use_start_end_token': False, 'trim_silence': False, 'is_tarred': False, 'tarred_audio_filepaths': None, 'shuffle_n': 2048, 'bucketing_strategy': 'synced_randomized', 'bucketing_batch_size': None, 'return_sample_id': False, 'drop_last': False, 'asr_repo': 'whisper', 'shuffle': False, 'manifest_filepath': 'logs/en/ac/train/binary/b7/version_81/data/en/train_subset/test_de.txt'}
2024-05-12 17:56:46,327 - progress - INFO - 	Batch size: 96
2024-05-12 17:56:46,348 - progress - INFO - Creating dataloader for logs/en/ac/train/binary/b7/version_81/data/en/train_subset/test_au.txt
2024-05-12 17:56:46,349 - progress - INFO - 	Dataloader config: {'sample_rate': 16000, 'batch_size': 96, 'num_workers': 10, 'pin_memory': True, 'use_start_end_token': False, 'trim_silence': False, 'is_tarred': False, 'tarred_audio_filepaths': None, 'shuffle_n': 2048, 'bucketing_strategy': 'synced_randomized', 'bucketing_batch_size': None, 'return_sample_id': False, 'drop_last': False, 'asr_repo': 'whisper', 'shuffle': False, 'manifest_filepath': 'logs/en/ac/train/binary/b7/version_81/data/en/train_subset/test_au.txt'}
2024-05-12 17:56:46,350 - progress - INFO - 	Batch size: 96
2024-05-12 17:56:46,352 - progress - INFO - Creating dataloader for logs/en/ac/train/binary/b7/version_81/data/en/train_subset/test_hk.txt
2024-05-12 17:56:46,353 - progress - INFO - 	Dataloader config: {'sample_rate': 16000, 'batch_size': 96, 'num_workers': 10, 'pin_memory': True, 'use_start_end_token': False, 'trim_silence': False, 'is_tarred': False, 'tarred_audio_filepaths': None, 'shuffle_n': 2048, 'bucketing_strategy': 'synced_randomized', 'bucketing_batch_size': None, 'return_sample_id': False, 'drop_last': False, 'asr_repo': 'whisper', 'shuffle': False, 'manifest_filepath': 'logs/en/ac/train/binary/b7/version_81/data/en/train_subset/test_hk.txt'}
2024-05-12 17:56:46,354 - progress - INFO - 	Batch size: 96
2024-05-12 17:56:46,358 - progress - INFO - Creating dataloader for logs/en/ac/train/binary/b7/version_81/data/en/train_subset/test_ie.txt
2024-05-12 17:56:46,358 - progress - INFO - 	Dataloader config: {'sample_rate': 16000, 'batch_size': 96, 'num_workers': 10, 'pin_memory': True, 'use_start_end_token': False, 'trim_silence': False, 'is_tarred': False, 'tarred_audio_filepaths': None, 'shuffle_n': 2048, 'bucketing_strategy': 'synced_randomized', 'bucketing_batch_size': None, 'return_sample_id': False, 'drop_last': False, 'asr_repo': 'whisper', 'shuffle': False, 'manifest_filepath': 'logs/en/ac/train/binary/b7/version_81/data/en/train_subset/test_ie.txt'}
2024-05-12 17:56:46,359 - progress - INFO - 	Batch size: 96
2024-05-12 17:56:46,362 - progress - INFO - Creating dataloader for logs/en/ac/train/binary/b7/version_81/data/en/train_subset/test_ni.txt
2024-05-12 17:56:46,363 - progress - INFO - 	Dataloader config: {'sample_rate': 16000, 'batch_size': 96, 'num_workers': 10, 'pin_memory': True, 'use_start_end_token': False, 'trim_silence': False, 'is_tarred': False, 'tarred_audio_filepaths': None, 'shuffle_n': 2048, 'bucketing_strategy': 'synced_randomized', 'bucketing_batch_size': None, 'return_sample_id': False, 'drop_last': False, 'asr_repo': 'whisper', 'shuffle': False, 'manifest_filepath': 'logs/en/ac/train/binary/b7/version_81/data/en/train_subset/test_ni.txt'}
2024-05-12 17:56:46,363 - progress - INFO - 	Batch size: 96
2024-05-12 17:56:46,367 - progress - INFO - Creating dataloader for logs/en/ac/train/binary/b7/version_81/data/en/train_subset/test_nz.txt
2024-05-12 17:56:46,367 - progress - INFO - 	Dataloader config: {'sample_rate': 16000, 'batch_size': 96, 'num_workers': 10, 'pin_memory': True, 'use_start_end_token': False, 'trim_silence': False, 'is_tarred': False, 'tarred_audio_filepaths': None, 'shuffle_n': 2048, 'bucketing_strategy': 'synced_randomized', 'bucketing_batch_size': None, 'return_sample_id': False, 'drop_last': False, 'asr_repo': 'whisper', 'shuffle': False, 'manifest_filepath': 'logs/en/ac/train/binary/b7/version_81/data/en/train_subset/test_nz.txt'}
2024-05-12 17:56:46,368 - progress - INFO - 	Batch size: 96
2024-05-12 17:56:46,391 - progress - INFO - Creating dataloader for logs/en/ac/train/binary/b7/version_81/data/en/train_subset/test_ph.txt
2024-05-12 17:56:46,392 - progress - INFO - 	Dataloader config: {'sample_rate': 16000, 'batch_size': 96, 'num_workers': 10, 'pin_memory': True, 'use_start_end_token': False, 'trim_silence': False, 'is_tarred': False, 'tarred_audio_filepaths': None, 'shuffle_n': 2048, 'bucketing_strategy': 'synced_randomized', 'bucketing_batch_size': None, 'return_sample_id': False, 'drop_last': False, 'asr_repo': 'whisper', 'shuffle': False, 'manifest_filepath': 'logs/en/ac/train/binary/b7/version_81/data/en/train_subset/test_ph.txt'}
2024-05-12 17:56:46,393 - progress - INFO - 	Batch size: 96
2024-05-12 17:56:46,424 - progress - INFO - Creating dataloader for logs/en/ac/train/binary/b7/version_81/data/en/train_subset/test_sc.txt
2024-05-12 17:56:46,425 - progress - INFO - 	Dataloader config: {'sample_rate': 16000, 'batch_size': 96, 'num_workers': 10, 'pin_memory': True, 'use_start_end_token': False, 'trim_silence': False, 'is_tarred': False, 'tarred_audio_filepaths': None, 'shuffle_n': 2048, 'bucketing_strategy': 'synced_randomized', 'bucketing_batch_size': None, 'return_sample_id': False, 'drop_last': False, 'asr_repo': 'whisper', 'shuffle': False, 'manifest_filepath': 'logs/en/ac/train/binary/b7/version_81/data/en/train_subset/test_sc.txt'}
2024-05-12 17:56:46,426 - progress - INFO - 	Batch size: 96
2024-05-12 17:56:46,430 - progress - INFO - Creating dataloader for logs/en/ac/train/binary/b7/version_81/data/en/train_subset/test_sg.txt
2024-05-12 17:56:46,431 - progress - INFO - 	Dataloader config: {'sample_rate': 16000, 'batch_size': 96, 'num_workers': 10, 'pin_memory': True, 'use_start_end_token': False, 'trim_silence': False, 'is_tarred': False, 'tarred_audio_filepaths': None, 'shuffle_n': 2048, 'bucketing_strategy': 'synced_randomized', 'bucketing_batch_size': None, 'return_sample_id': False, 'drop_last': False, 'asr_repo': 'whisper', 'shuffle': False, 'manifest_filepath': 'logs/en/ac/train/binary/b7/version_81/data/en/train_subset/test_sg.txt'}
2024-05-12 17:56:46,432 - progress - INFO - 	Batch size: 96
2024-05-12 17:56:46,434 - progress - INFO - Creating dataloader for logs/en/ac/train/binary/b7/version_81/data/en/train_subset/test_za.txt
2024-05-12 17:56:46,435 - progress - INFO - 	Dataloader config: {'sample_rate': 16000, 'batch_size': 96, 'num_workers': 10, 'pin_memory': True, 'use_start_end_token': False, 'trim_silence': False, 'is_tarred': False, 'tarred_audio_filepaths': None, 'shuffle_n': 2048, 'bucketing_strategy': 'synced_randomized', 'bucketing_batch_size': None, 'return_sample_id': False, 'drop_last': False, 'asr_repo': 'whisper', 'shuffle': False, 'manifest_filepath': 'logs/en/ac/train/binary/b7/version_81/data/en/train_subset/test_za.txt'}
2024-05-12 17:56:46,436 - progress - INFO - 	Batch size: 96
