2024-06-03 13:22:10,285 - progress - INFO - Creating dataloader for logs/en/ensemble/train/binary/b7/DAT/version_59/data/en/train_subset/test_us.txt
2024-06-03 13:22:10,286 - progress - INFO - 	Dataloader config: {'sample_rate': 16000, 'batch_size': 8, 'num_workers': 10, 'pin_memory': True, 'use_start_end_token': False, 'trim_silence': False, 'is_tarred': False, 'tarred_audio_filepaths': None, 'shuffle_n': 2048, 'bucketing_strategy': 'synced_randomized', 'bucketing_batch_size': None, 'return_sample_id': False, 'drop_last': False, 'asr_repo': 'whisper', 'shuffle': False, 'manifest_filepath': 'logs/en/ensemble/train/binary/b7/DAT/version_59/data/en/train_subset/test_us.txt'}
2024-06-03 13:22:10,287 - progress - INFO - 	Batch size: 8
2024-06-03 13:22:10,524 - progress - INFO - Creating dataloader for logs/en/ensemble/train/binary/b7/DAT/version_59/data/en/train_subset/test_ca.txt
2024-06-03 13:22:10,525 - progress - INFO - 	Dataloader config: {'sample_rate': 16000, 'batch_size': 8, 'num_workers': 10, 'pin_memory': True, 'use_start_end_token': False, 'trim_silence': False, 'is_tarred': False, 'tarred_audio_filepaths': None, 'shuffle_n': 2048, 'bucketing_strategy': 'synced_randomized', 'bucketing_batch_size': None, 'return_sample_id': False, 'drop_last': False, 'asr_repo': 'whisper', 'shuffle': False, 'manifest_filepath': 'logs/en/ensemble/train/binary/b7/DAT/version_59/data/en/train_subset/test_ca.txt'}
2024-06-03 13:22:10,526 - progress - INFO - 	Batch size: 8
2024-06-03 13:22:10,530 - progress - INFO - Creating dataloader for logs/en/ensemble/train/binary/b7/DAT/version_59/data/en/train_subset/test_uk.txt
2024-06-03 13:22:10,531 - progress - INFO - 	Dataloader config: {'sample_rate': 16000, 'batch_size': 8, 'num_workers': 10, 'pin_memory': True, 'use_start_end_token': False, 'trim_silence': False, 'is_tarred': False, 'tarred_audio_filepaths': None, 'shuffle_n': 2048, 'bucketing_strategy': 'synced_randomized', 'bucketing_batch_size': None, 'return_sample_id': False, 'drop_last': False, 'asr_repo': 'whisper', 'shuffle': False, 'manifest_filepath': 'logs/en/ensemble/train/binary/b7/DAT/version_59/data/en/train_subset/test_uk.txt'}
2024-06-03 13:22:10,532 - progress - INFO - 	Batch size: 8
2024-06-03 13:22:10,563 - progress - INFO - Creating dataloader for logs/en/ensemble/train/binary/b7/DAT/version_59/data/en/train_subset/test_in.txt
2024-06-03 13:22:10,564 - progress - INFO - 	Dataloader config: {'sample_rate': 16000, 'batch_size': 8, 'num_workers': 10, 'pin_memory': True, 'use_start_end_token': False, 'trim_silence': False, 'is_tarred': False, 'tarred_audio_filepaths': None, 'shuffle_n': 2048, 'bucketing_strategy': 'synced_randomized', 'bucketing_batch_size': None, 'return_sample_id': False, 'drop_last': False, 'asr_repo': 'whisper', 'shuffle': False, 'manifest_filepath': 'logs/en/ensemble/train/binary/b7/DAT/version_59/data/en/train_subset/test_in.txt'}
2024-06-03 13:22:10,565 - progress - INFO - 	Batch size: 8
2024-06-03 13:22:10,585 - progress - INFO - Creating dataloader for logs/en/ensemble/train/binary/b7/DAT/version_59/data/en/train_subset/test_de.txt
2024-06-03 13:22:10,586 - progress - INFO - 	Dataloader config: {'sample_rate': 16000, 'batch_size': 8, 'num_workers': 10, 'pin_memory': True, 'use_start_end_token': False, 'trim_silence': False, 'is_tarred': False, 'tarred_audio_filepaths': None, 'shuffle_n': 2048, 'bucketing_strategy': 'synced_randomized', 'bucketing_batch_size': None, 'return_sample_id': False, 'drop_last': False, 'asr_repo': 'whisper', 'shuffle': False, 'manifest_filepath': 'logs/en/ensemble/train/binary/b7/DAT/version_59/data/en/train_subset/test_de.txt'}
2024-06-03 13:22:10,587 - progress - INFO - 	Batch size: 8
2024-06-03 13:22:10,611 - progress - INFO - Creating dataloader for logs/en/ensemble/train/binary/b7/DAT/version_59/data/en/train_subset/test_au.txt
2024-06-03 13:22:10,612 - progress - INFO - 	Dataloader config: {'sample_rate': 16000, 'batch_size': 8, 'num_workers': 10, 'pin_memory': True, 'use_start_end_token': False, 'trim_silence': False, 'is_tarred': False, 'tarred_audio_filepaths': None, 'shuffle_n': 2048, 'bucketing_strategy': 'synced_randomized', 'bucketing_batch_size': None, 'return_sample_id': False, 'drop_last': False, 'asr_repo': 'whisper', 'shuffle': False, 'manifest_filepath': 'logs/en/ensemble/train/binary/b7/DAT/version_59/data/en/train_subset/test_au.txt'}
2024-06-03 13:22:10,613 - progress - INFO - 	Batch size: 8
2024-06-03 13:22:10,630 - progress - INFO - Creating dataloader for logs/en/ensemble/train/binary/b7/DAT/version_59/data/en/train_subset/test_hk.txt
2024-06-03 13:22:10,631 - progress - INFO - 	Dataloader config: {'sample_rate': 16000, 'batch_size': 8, 'num_workers': 10, 'pin_memory': True, 'use_start_end_token': False, 'trim_silence': False, 'is_tarred': False, 'tarred_audio_filepaths': None, 'shuffle_n': 2048, 'bucketing_strategy': 'synced_randomized', 'bucketing_batch_size': None, 'return_sample_id': False, 'drop_last': False, 'asr_repo': 'whisper', 'shuffle': False, 'manifest_filepath': 'logs/en/ensemble/train/binary/b7/DAT/version_59/data/en/train_subset/test_hk.txt'}
2024-06-03 13:22:10,631 - progress - INFO - 	Batch size: 8
2024-06-03 13:22:10,653 - progress - INFO - Creating dataloader for logs/en/ensemble/train/binary/b7/DAT/version_59/data/en/train_subset/test_ie.txt
2024-06-03 13:22:10,654 - progress - INFO - 	Dataloader config: {'sample_rate': 16000, 'batch_size': 8, 'num_workers': 10, 'pin_memory': True, 'use_start_end_token': False, 'trim_silence': False, 'is_tarred': False, 'tarred_audio_filepaths': None, 'shuffle_n': 2048, 'bucketing_strategy': 'synced_randomized', 'bucketing_batch_size': None, 'return_sample_id': False, 'drop_last': False, 'asr_repo': 'whisper', 'shuffle': False, 'manifest_filepath': 'logs/en/ensemble/train/binary/b7/DAT/version_59/data/en/train_subset/test_ie.txt'}
2024-06-03 13:22:10,655 - progress - INFO - 	Batch size: 8
2024-06-03 13:22:10,679 - progress - INFO - Creating dataloader for logs/en/ensemble/train/binary/b7/DAT/version_59/data/en/train_subset/test_ni.txt
2024-06-03 13:22:10,680 - progress - INFO - 	Dataloader config: {'sample_rate': 16000, 'batch_size': 8, 'num_workers': 10, 'pin_memory': True, 'use_start_end_token': False, 'trim_silence': False, 'is_tarred': False, 'tarred_audio_filepaths': None, 'shuffle_n': 2048, 'bucketing_strategy': 'synced_randomized', 'bucketing_batch_size': None, 'return_sample_id': False, 'drop_last': False, 'asr_repo': 'whisper', 'shuffle': False, 'manifest_filepath': 'logs/en/ensemble/train/binary/b7/DAT/version_59/data/en/train_subset/test_ni.txt'}
2024-06-03 13:22:10,681 - progress - INFO - 	Batch size: 8
2024-06-03 13:22:10,711 - progress - INFO - Creating dataloader for logs/en/ensemble/train/binary/b7/DAT/version_59/data/en/train_subset/test_nz.txt
2024-06-03 13:22:10,711 - progress - INFO - 	Dataloader config: {'sample_rate': 16000, 'batch_size': 8, 'num_workers': 10, 'pin_memory': True, 'use_start_end_token': False, 'trim_silence': False, 'is_tarred': False, 'tarred_audio_filepaths': None, 'shuffle_n': 2048, 'bucketing_strategy': 'synced_randomized', 'bucketing_batch_size': None, 'return_sample_id': False, 'drop_last': False, 'asr_repo': 'whisper', 'shuffle': False, 'manifest_filepath': 'logs/en/ensemble/train/binary/b7/DAT/version_59/data/en/train_subset/test_nz.txt'}
2024-06-03 13:22:10,712 - progress - INFO - 	Batch size: 8
2024-06-03 13:22:10,751 - progress - INFO - Creating dataloader for logs/en/ensemble/train/binary/b7/DAT/version_59/data/en/train_subset/test_ph.txt
2024-06-03 13:22:10,752 - progress - INFO - 	Dataloader config: {'sample_rate': 16000, 'batch_size': 8, 'num_workers': 10, 'pin_memory': True, 'use_start_end_token': False, 'trim_silence': False, 'is_tarred': False, 'tarred_audio_filepaths': None, 'shuffle_n': 2048, 'bucketing_strategy': 'synced_randomized', 'bucketing_batch_size': None, 'return_sample_id': False, 'drop_last': False, 'asr_repo': 'whisper', 'shuffle': False, 'manifest_filepath': 'logs/en/ensemble/train/binary/b7/DAT/version_59/data/en/train_subset/test_ph.txt'}
2024-06-03 13:22:10,753 - progress - INFO - 	Batch size: 8
2024-06-03 13:22:10,768 - progress - INFO - Creating dataloader for logs/en/ensemble/train/binary/b7/DAT/version_59/data/en/train_subset/test_sc.txt
2024-06-03 13:22:10,769 - progress - INFO - 	Dataloader config: {'sample_rate': 16000, 'batch_size': 8, 'num_workers': 10, 'pin_memory': True, 'use_start_end_token': False, 'trim_silence': False, 'is_tarred': False, 'tarred_audio_filepaths': None, 'shuffle_n': 2048, 'bucketing_strategy': 'synced_randomized', 'bucketing_batch_size': None, 'return_sample_id': False, 'drop_last': False, 'asr_repo': 'whisper', 'shuffle': False, 'manifest_filepath': 'logs/en/ensemble/train/binary/b7/DAT/version_59/data/en/train_subset/test_sc.txt'}
2024-06-03 13:22:10,770 - progress - INFO - 	Batch size: 8
2024-06-03 13:22:10,798 - progress - INFO - Creating dataloader for logs/en/ensemble/train/binary/b7/DAT/version_59/data/en/train_subset/test_sg.txt
2024-06-03 13:22:10,799 - progress - INFO - 	Dataloader config: {'sample_rate': 16000, 'batch_size': 8, 'num_workers': 10, 'pin_memory': True, 'use_start_end_token': False, 'trim_silence': False, 'is_tarred': False, 'tarred_audio_filepaths': None, 'shuffle_n': 2048, 'bucketing_strategy': 'synced_randomized', 'bucketing_batch_size': None, 'return_sample_id': False, 'drop_last': False, 'asr_repo': 'whisper', 'shuffle': False, 'manifest_filepath': 'logs/en/ensemble/train/binary/b7/DAT/version_59/data/en/train_subset/test_sg.txt'}
2024-06-03 13:22:10,799 - progress - INFO - 	Batch size: 8
2024-06-03 13:22:10,828 - progress - INFO - Creating dataloader for logs/en/ensemble/train/binary/b7/DAT/version_59/data/en/train_subset/test_za.txt
2024-06-03 13:22:10,829 - progress - INFO - 	Dataloader config: {'sample_rate': 16000, 'batch_size': 8, 'num_workers': 10, 'pin_memory': True, 'use_start_end_token': False, 'trim_silence': False, 'is_tarred': False, 'tarred_audio_filepaths': None, 'shuffle_n': 2048, 'bucketing_strategy': 'synced_randomized', 'bucketing_batch_size': None, 'return_sample_id': False, 'drop_last': False, 'asr_repo': 'whisper', 'shuffle': False, 'manifest_filepath': 'logs/en/ensemble/train/binary/b7/DAT/version_59/data/en/train_subset/test_za.txt'}
2024-06-03 13:22:10,829 - progress - INFO - 	Batch size: 8
2024-06-03 13:31:00,117 - progress - INFO - Configuring optimizers
2024-06-03 13:31:00,136 - progress - INFO - Creating dataloader for ['logs/en/ensemble/train/binary/b7/DAT/version_59/data/en/train_subset/train_us.txt']
2024-06-03 13:31:00,137 - progress - INFO - 	Dataloader config: {'sample_rate': 16000, 'batch_size': 8, 'num_workers': 10, 'pin_memory': True, 'use_start_end_token': False, 'trim_silence': False, 'is_tarred': False, 'tarred_audio_filepaths': None, 'shuffle_n': 2048, 'bucketing_strategy': 'synced_randomized', 'bucketing_batch_size': None, 'return_sample_id': False, 'drop_last': False, 'asr_repo': 'whisper', 'shuffle': True, 'manifest_filepath': ['logs/en/ensemble/train/binary/b7/DAT/version_59/data/en/train_subset/train_us.txt']}
2024-06-03 13:31:00,138 - progress - INFO - 	Batch size: 8
2024-06-03 13:31:00,226 - progress - INFO - Creating dataloader for ['logs/en/ensemble/train/binary/b7/DAT/version_59/data/en/train_subset/train_ca.txt', 'logs/en/ensemble/train/binary/b7/DAT/version_59/data/en/train_subset/train_uk.txt', 'logs/en/ensemble/train/binary/b7/DAT/version_59/data/en/train_subset/train_in.txt', 'logs/en/ensemble/train/binary/b7/DAT/version_59/data/en/train_subset/train_de.txt', 'logs/en/ensemble/train/binary/b7/DAT/version_59/data/en/train_subset/train_au.txt']
2024-06-03 13:31:00,227 - progress - INFO - 	Dataloader config: {'sample_rate': 16000, 'batch_size': 8, 'num_workers': 10, 'pin_memory': True, 'use_start_end_token': False, 'trim_silence': False, 'is_tarred': False, 'tarred_audio_filepaths': None, 'shuffle_n': 2048, 'bucketing_strategy': 'synced_randomized', 'bucketing_batch_size': None, 'return_sample_id': False, 'drop_last': False, 'asr_repo': 'whisper', 'shuffle': True, 'manifest_filepath': ['logs/en/ensemble/train/binary/b7/DAT/version_59/data/en/train_subset/train_ca.txt', 'logs/en/ensemble/train/binary/b7/DAT/version_59/data/en/train_subset/train_uk.txt', 'logs/en/ensemble/train/binary/b7/DAT/version_59/data/en/train_subset/train_in.txt', 'logs/en/ensemble/train/binary/b7/DAT/version_59/data/en/train_subset/train_de.txt', 'logs/en/ensemble/train/binary/b7/DAT/version_59/data/en/train_subset/train_au.txt']}
2024-06-03 13:31:00,227 - progress - INFO - 	Batch size: 8
2024-06-03 13:31:00,444 - progress - INFO - Scheduler max. steps: 1920
2024-06-03 13:31:00,455 - progress - INFO - Creating dataloader for ['logs/en/ensemble/train/binary/b7/DAT/version_59/data/en/train_subset/train_us.txt']
2024-06-03 13:31:00,456 - progress - INFO - 	Dataloader config: {'sample_rate': 16000, 'batch_size': 8, 'num_workers': 10, 'pin_memory': True, 'use_start_end_token': False, 'trim_silence': False, 'is_tarred': False, 'tarred_audio_filepaths': None, 'shuffle_n': 2048, 'bucketing_strategy': 'synced_randomized', 'bucketing_batch_size': None, 'return_sample_id': False, 'drop_last': False, 'asr_repo': 'whisper', 'shuffle': True, 'manifest_filepath': ['logs/en/ensemble/train/binary/b7/DAT/version_59/data/en/train_subset/train_us.txt']}
2024-06-03 13:31:00,457 - progress - INFO - 	Batch size: 8
2024-06-03 13:31:00,473 - progress - INFO - Creating dataloader for ['logs/en/ensemble/train/binary/b7/DAT/version_59/data/en/train_subset/train_ca.txt', 'logs/en/ensemble/train/binary/b7/DAT/version_59/data/en/train_subset/train_uk.txt', 'logs/en/ensemble/train/binary/b7/DAT/version_59/data/en/train_subset/train_in.txt', 'logs/en/ensemble/train/binary/b7/DAT/version_59/data/en/train_subset/train_de.txt', 'logs/en/ensemble/train/binary/b7/DAT/version_59/data/en/train_subset/train_au.txt']
2024-06-03 13:31:00,474 - progress - INFO - 	Dataloader config: {'sample_rate': 16000, 'batch_size': 8, 'num_workers': 10, 'pin_memory': True, 'use_start_end_token': False, 'trim_silence': False, 'is_tarred': False, 'tarred_audio_filepaths': None, 'shuffle_n': 2048, 'bucketing_strategy': 'synced_randomized', 'bucketing_batch_size': None, 'return_sample_id': False, 'drop_last': False, 'asr_repo': 'whisper', 'shuffle': True, 'manifest_filepath': ['logs/en/ensemble/train/binary/b7/DAT/version_59/data/en/train_subset/train_ca.txt', 'logs/en/ensemble/train/binary/b7/DAT/version_59/data/en/train_subset/train_uk.txt', 'logs/en/ensemble/train/binary/b7/DAT/version_59/data/en/train_subset/train_in.txt', 'logs/en/ensemble/train/binary/b7/DAT/version_59/data/en/train_subset/train_de.txt', 'logs/en/ensemble/train/binary/b7/DAT/version_59/data/en/train_subset/train_au.txt']}
2024-06-03 13:31:00,474 - progress - INFO - 	Batch size: 8
2024-06-03 13:31:00,499 - progress - INFO - Creating dataloader for logs/en/ensemble/train/binary/b7/DAT/version_59/data/en/train_subset/test_us.txt
2024-06-03 13:31:00,499 - progress - INFO - 	Dataloader config: {'sample_rate': 16000, 'batch_size': 8, 'num_workers': 10, 'pin_memory': True, 'use_start_end_token': False, 'trim_silence': False, 'is_tarred': False, 'tarred_audio_filepaths': None, 'shuffle_n': 2048, 'bucketing_strategy': 'synced_randomized', 'bucketing_batch_size': None, 'return_sample_id': False, 'drop_last': False, 'asr_repo': 'whisper', 'shuffle': False, 'manifest_filepath': 'logs/en/ensemble/train/binary/b7/DAT/version_59/data/en/train_subset/test_us.txt'}
2024-06-03 13:31:00,500 - progress - INFO - 	Batch size: 8
2024-06-03 13:31:00,506 - progress - INFO - Creating dataloader for logs/en/ensemble/train/binary/b7/DAT/version_59/data/en/train_subset/test_ca.txt
2024-06-03 13:31:00,507 - progress - INFO - 	Dataloader config: {'sample_rate': 16000, 'batch_size': 8, 'num_workers': 10, 'pin_memory': True, 'use_start_end_token': False, 'trim_silence': False, 'is_tarred': False, 'tarred_audio_filepaths': None, 'shuffle_n': 2048, 'bucketing_strategy': 'synced_randomized', 'bucketing_batch_size': None, 'return_sample_id': False, 'drop_last': False, 'asr_repo': 'whisper', 'shuffle': False, 'manifest_filepath': 'logs/en/ensemble/train/binary/b7/DAT/version_59/data/en/train_subset/test_ca.txt'}
2024-06-03 13:31:00,508 - progress - INFO - 	Batch size: 8
2024-06-03 13:31:00,510 - progress - INFO - Creating dataloader for logs/en/ensemble/train/binary/b7/DAT/version_59/data/en/train_subset/test_uk.txt
2024-06-03 13:31:00,511 - progress - INFO - 	Dataloader config: {'sample_rate': 16000, 'batch_size': 8, 'num_workers': 10, 'pin_memory': True, 'use_start_end_token': False, 'trim_silence': False, 'is_tarred': False, 'tarred_audio_filepaths': None, 'shuffle_n': 2048, 'bucketing_strategy': 'synced_randomized', 'bucketing_batch_size': None, 'return_sample_id': False, 'drop_last': False, 'asr_repo': 'whisper', 'shuffle': False, 'manifest_filepath': 'logs/en/ensemble/train/binary/b7/DAT/version_59/data/en/train_subset/test_uk.txt'}
2024-06-03 13:31:00,512 - progress - INFO - 	Batch size: 8
2024-06-03 13:31:00,515 - progress - INFO - Creating dataloader for logs/en/ensemble/train/binary/b7/DAT/version_59/data/en/train_subset/test_in.txt
2024-06-03 13:31:00,516 - progress - INFO - 	Dataloader config: {'sample_rate': 16000, 'batch_size': 8, 'num_workers': 10, 'pin_memory': True, 'use_start_end_token': False, 'trim_silence': False, 'is_tarred': False, 'tarred_audio_filepaths': None, 'shuffle_n': 2048, 'bucketing_strategy': 'synced_randomized', 'bucketing_batch_size': None, 'return_sample_id': False, 'drop_last': False, 'asr_repo': 'whisper', 'shuffle': False, 'manifest_filepath': 'logs/en/ensemble/train/binary/b7/DAT/version_59/data/en/train_subset/test_in.txt'}
2024-06-03 13:31:00,516 - progress - INFO - 	Batch size: 8
2024-06-03 13:31:00,519 - progress - INFO - Creating dataloader for logs/en/ensemble/train/binary/b7/DAT/version_59/data/en/train_subset/test_de.txt
2024-06-03 13:31:00,520 - progress - INFO - 	Dataloader config: {'sample_rate': 16000, 'batch_size': 8, 'num_workers': 10, 'pin_memory': True, 'use_start_end_token': False, 'trim_silence': False, 'is_tarred': False, 'tarred_audio_filepaths': None, 'shuffle_n': 2048, 'bucketing_strategy': 'synced_randomized', 'bucketing_batch_size': None, 'return_sample_id': False, 'drop_last': False, 'asr_repo': 'whisper', 'shuffle': False, 'manifest_filepath': 'logs/en/ensemble/train/binary/b7/DAT/version_59/data/en/train_subset/test_de.txt'}
2024-06-03 13:31:00,521 - progress - INFO - 	Batch size: 8
2024-06-03 13:31:00,523 - progress - INFO - Creating dataloader for logs/en/ensemble/train/binary/b7/DAT/version_59/data/en/train_subset/test_au.txt
2024-06-03 13:31:00,524 - progress - INFO - 	Dataloader config: {'sample_rate': 16000, 'batch_size': 8, 'num_workers': 10, 'pin_memory': True, 'use_start_end_token': False, 'trim_silence': False, 'is_tarred': False, 'tarred_audio_filepaths': None, 'shuffle_n': 2048, 'bucketing_strategy': 'synced_randomized', 'bucketing_batch_size': None, 'return_sample_id': False, 'drop_last': False, 'asr_repo': 'whisper', 'shuffle': False, 'manifest_filepath': 'logs/en/ensemble/train/binary/b7/DAT/version_59/data/en/train_subset/test_au.txt'}
2024-06-03 13:31:00,525 - progress - INFO - 	Batch size: 8
2024-06-03 13:31:00,527 - progress - INFO - Creating dataloader for logs/en/ensemble/train/binary/b7/DAT/version_59/data/en/train_subset/test_hk.txt
2024-06-03 13:31:00,528 - progress - INFO - 	Dataloader config: {'sample_rate': 16000, 'batch_size': 8, 'num_workers': 10, 'pin_memory': True, 'use_start_end_token': False, 'trim_silence': False, 'is_tarred': False, 'tarred_audio_filepaths': None, 'shuffle_n': 2048, 'bucketing_strategy': 'synced_randomized', 'bucketing_batch_size': None, 'return_sample_id': False, 'drop_last': False, 'asr_repo': 'whisper', 'shuffle': False, 'manifest_filepath': 'logs/en/ensemble/train/binary/b7/DAT/version_59/data/en/train_subset/test_hk.txt'}
2024-06-03 13:31:00,528 - progress - INFO - 	Batch size: 8
2024-06-03 13:31:00,530 - progress - INFO - Creating dataloader for logs/en/ensemble/train/binary/b7/DAT/version_59/data/en/train_subset/test_ie.txt
2024-06-03 13:31:00,531 - progress - INFO - 	Dataloader config: {'sample_rate': 16000, 'batch_size': 8, 'num_workers': 10, 'pin_memory': True, 'use_start_end_token': False, 'trim_silence': False, 'is_tarred': False, 'tarred_audio_filepaths': None, 'shuffle_n': 2048, 'bucketing_strategy': 'synced_randomized', 'bucketing_batch_size': None, 'return_sample_id': False, 'drop_last': False, 'asr_repo': 'whisper', 'shuffle': False, 'manifest_filepath': 'logs/en/ensemble/train/binary/b7/DAT/version_59/data/en/train_subset/test_ie.txt'}
2024-06-03 13:31:00,531 - progress - INFO - 	Batch size: 8
2024-06-03 13:31:00,534 - progress - INFO - Creating dataloader for logs/en/ensemble/train/binary/b7/DAT/version_59/data/en/train_subset/test_ni.txt
2024-06-03 13:31:00,534 - progress - INFO - 	Dataloader config: {'sample_rate': 16000, 'batch_size': 8, 'num_workers': 10, 'pin_memory': True, 'use_start_end_token': False, 'trim_silence': False, 'is_tarred': False, 'tarred_audio_filepaths': None, 'shuffle_n': 2048, 'bucketing_strategy': 'synced_randomized', 'bucketing_batch_size': None, 'return_sample_id': False, 'drop_last': False, 'asr_repo': 'whisper', 'shuffle': False, 'manifest_filepath': 'logs/en/ensemble/train/binary/b7/DAT/version_59/data/en/train_subset/test_ni.txt'}
2024-06-03 13:31:00,535 - progress - INFO - 	Batch size: 8
2024-06-03 13:31:00,537 - progress - INFO - Creating dataloader for logs/en/ensemble/train/binary/b7/DAT/version_59/data/en/train_subset/test_nz.txt
2024-06-03 13:31:00,538 - progress - INFO - 	Dataloader config: {'sample_rate': 16000, 'batch_size': 8, 'num_workers': 10, 'pin_memory': True, 'use_start_end_token': False, 'trim_silence': False, 'is_tarred': False, 'tarred_audio_filepaths': None, 'shuffle_n': 2048, 'bucketing_strategy': 'synced_randomized', 'bucketing_batch_size': None, 'return_sample_id': False, 'drop_last': False, 'asr_repo': 'whisper', 'shuffle': False, 'manifest_filepath': 'logs/en/ensemble/train/binary/b7/DAT/version_59/data/en/train_subset/test_nz.txt'}
2024-06-03 13:31:00,538 - progress - INFO - 	Batch size: 8
2024-06-03 13:31:00,541 - progress - INFO - Creating dataloader for logs/en/ensemble/train/binary/b7/DAT/version_59/data/en/train_subset/test_ph.txt
2024-06-03 13:31:00,542 - progress - INFO - 	Dataloader config: {'sample_rate': 16000, 'batch_size': 8, 'num_workers': 10, 'pin_memory': True, 'use_start_end_token': False, 'trim_silence': False, 'is_tarred': False, 'tarred_audio_filepaths': None, 'shuffle_n': 2048, 'bucketing_strategy': 'synced_randomized', 'bucketing_batch_size': None, 'return_sample_id': False, 'drop_last': False, 'asr_repo': 'whisper', 'shuffle': False, 'manifest_filepath': 'logs/en/ensemble/train/binary/b7/DAT/version_59/data/en/train_subset/test_ph.txt'}
2024-06-03 13:31:00,542 - progress - INFO - 	Batch size: 8
2024-06-03 13:31:00,545 - progress - INFO - Creating dataloader for logs/en/ensemble/train/binary/b7/DAT/version_59/data/en/train_subset/test_sc.txt
2024-06-03 13:31:00,546 - progress - INFO - 	Dataloader config: {'sample_rate': 16000, 'batch_size': 8, 'num_workers': 10, 'pin_memory': True, 'use_start_end_token': False, 'trim_silence': False, 'is_tarred': False, 'tarred_audio_filepaths': None, 'shuffle_n': 2048, 'bucketing_strategy': 'synced_randomized', 'bucketing_batch_size': None, 'return_sample_id': False, 'drop_last': False, 'asr_repo': 'whisper', 'shuffle': False, 'manifest_filepath': 'logs/en/ensemble/train/binary/b7/DAT/version_59/data/en/train_subset/test_sc.txt'}
2024-06-03 13:31:00,546 - progress - INFO - 	Batch size: 8
2024-06-03 13:31:00,549 - progress - INFO - Creating dataloader for logs/en/ensemble/train/binary/b7/DAT/version_59/data/en/train_subset/test_sg.txt
2024-06-03 13:31:00,550 - progress - INFO - 	Dataloader config: {'sample_rate': 16000, 'batch_size': 8, 'num_workers': 10, 'pin_memory': True, 'use_start_end_token': False, 'trim_silence': False, 'is_tarred': False, 'tarred_audio_filepaths': None, 'shuffle_n': 2048, 'bucketing_strategy': 'synced_randomized', 'bucketing_batch_size': None, 'return_sample_id': False, 'drop_last': False, 'asr_repo': 'whisper', 'shuffle': False, 'manifest_filepath': 'logs/en/ensemble/train/binary/b7/DAT/version_59/data/en/train_subset/test_sg.txt'}
2024-06-03 13:31:00,550 - progress - INFO - 	Batch size: 8
2024-06-03 13:31:00,552 - progress - INFO - Creating dataloader for logs/en/ensemble/train/binary/b7/DAT/version_59/data/en/train_subset/test_za.txt
2024-06-03 13:31:00,553 - progress - INFO - 	Dataloader config: {'sample_rate': 16000, 'batch_size': 8, 'num_workers': 10, 'pin_memory': True, 'use_start_end_token': False, 'trim_silence': False, 'is_tarred': False, 'tarred_audio_filepaths': None, 'shuffle_n': 2048, 'bucketing_strategy': 'synced_randomized', 'bucketing_batch_size': None, 'return_sample_id': False, 'drop_last': False, 'asr_repo': 'whisper', 'shuffle': False, 'manifest_filepath': 'logs/en/ensemble/train/binary/b7/DAT/version_59/data/en/train_subset/test_za.txt'}
2024-06-03 13:31:00,554 - progress - INFO - 	Batch size: 8
