2023-06-14 17:34:14,285 - progress - INFO - Creating dataloader for logs/en/asr/train/version_55/data/en/train_split/test_us.txt
2023-06-14 17:34:14,286 - progress - INFO - 	Dataloader config: {'sample_rate': 16000, 'batch_size': 12, 'num_workers': 10, 'pin_memory': True, 'use_start_end_token': False, 'trim_silence': False, 'is_tarred': False, 'tarred_audio_filepaths': None, 'shuffle_n': 2048, 'bucketing_strategy': 'synced_randomized', 'bucketing_batch_size': None, 'return_sample_id': False, 'drop_last': False, 'shuffle': False, 'manifest_filepath': 'logs/en/asr/train/version_55/data/en/train_split/test_us.txt'}
2023-06-14 17:34:14,287 - progress - INFO - 	Batch size: 12
2023-06-14 17:36:41,233 - progress - INFO - Creating dataloader for logs/en/asr/train/version_55/data/en/train_split/test_ca.txt
2023-06-14 17:36:41,234 - progress - INFO - 	Dataloader config: {'sample_rate': 16000, 'batch_size': 12, 'num_workers': 10, 'pin_memory': True, 'use_start_end_token': False, 'trim_silence': False, 'is_tarred': False, 'tarred_audio_filepaths': None, 'shuffle_n': 2048, 'bucketing_strategy': 'synced_randomized', 'bucketing_batch_size': None, 'return_sample_id': False, 'drop_last': False, 'shuffle': False, 'manifest_filepath': 'logs/en/asr/train/version_55/data/en/train_split/test_ca.txt'}
2023-06-14 17:36:41,234 - progress - INFO - 	Batch size: 12
2023-06-14 17:36:54,624 - progress - INFO - Creating dataloader for logs/en/asr/train/version_55/data/en/train_split/test_uk.txt
2023-06-14 17:36:54,625 - progress - INFO - 	Dataloader config: {'sample_rate': 16000, 'batch_size': 12, 'num_workers': 10, 'pin_memory': True, 'use_start_end_token': False, 'trim_silence': False, 'is_tarred': False, 'tarred_audio_filepaths': None, 'shuffle_n': 2048, 'bucketing_strategy': 'synced_randomized', 'bucketing_batch_size': None, 'return_sample_id': False, 'drop_last': False, 'shuffle': False, 'manifest_filepath': 'logs/en/asr/train/version_55/data/en/train_split/test_uk.txt'}
2023-06-14 17:36:54,626 - progress - INFO - 	Batch size: 12
2023-06-14 17:37:18,189 - progress - INFO - Creating dataloader for logs/en/asr/train/version_55/data/en/train_split/test_in.txt
2023-06-14 17:37:18,190 - progress - INFO - 	Dataloader config: {'sample_rate': 16000, 'batch_size': 12, 'num_workers': 10, 'pin_memory': True, 'use_start_end_token': False, 'trim_silence': False, 'is_tarred': False, 'tarred_audio_filepaths': None, 'shuffle_n': 2048, 'bucketing_strategy': 'synced_randomized', 'bucketing_batch_size': None, 'return_sample_id': False, 'drop_last': False, 'shuffle': False, 'manifest_filepath': 'logs/en/asr/train/version_55/data/en/train_split/test_in.txt'}
2023-06-14 17:37:18,190 - progress - INFO - 	Batch size: 12
2023-06-14 17:37:29,165 - progress - INFO - Creating dataloader for logs/en/asr/train/version_55/data/en/train_split/test_de.txt
2023-06-14 17:37:29,166 - progress - INFO - 	Dataloader config: {'sample_rate': 16000, 'batch_size': 12, 'num_workers': 10, 'pin_memory': True, 'use_start_end_token': False, 'trim_silence': False, 'is_tarred': False, 'tarred_audio_filepaths': None, 'shuffle_n': 2048, 'bucketing_strategy': 'synced_randomized', 'bucketing_batch_size': None, 'return_sample_id': False, 'drop_last': False, 'shuffle': False, 'manifest_filepath': 'logs/en/asr/train/version_55/data/en/train_split/test_de.txt'}
2023-06-14 17:37:29,167 - progress - INFO - 	Batch size: 12
2023-06-14 17:37:35,262 - progress - INFO - Creating dataloader for logs/en/asr/train/version_55/data/en/train_split/test_au.txt
2023-06-14 17:37:35,263 - progress - INFO - 	Dataloader config: {'sample_rate': 16000, 'batch_size': 12, 'num_workers': 10, 'pin_memory': True, 'use_start_end_token': False, 'trim_silence': False, 'is_tarred': False, 'tarred_audio_filepaths': None, 'shuffle_n': 2048, 'bucketing_strategy': 'synced_randomized', 'bucketing_batch_size': None, 'return_sample_id': False, 'drop_last': False, 'shuffle': False, 'manifest_filepath': 'logs/en/asr/train/version_55/data/en/train_split/test_au.txt'}
2023-06-14 17:37:35,264 - progress - INFO - 	Batch size: 12
2023-06-14 17:37:38,286 - progress - INFO - Creating dataloader for logs/en/asr/train/version_55/data/en/train_split/test_hk.txt
2023-06-14 17:37:38,287 - progress - INFO - 	Dataloader config: {'sample_rate': 16000, 'batch_size': 12, 'num_workers': 10, 'pin_memory': True, 'use_start_end_token': False, 'trim_silence': False, 'is_tarred': False, 'tarred_audio_filepaths': None, 'shuffle_n': 2048, 'bucketing_strategy': 'synced_randomized', 'bucketing_batch_size': None, 'return_sample_id': False, 'drop_last': False, 'shuffle': False, 'manifest_filepath': 'logs/en/asr/train/version_55/data/en/train_split/test_hk.txt'}
2023-06-14 17:37:38,287 - progress - INFO - 	Batch size: 12
2023-06-14 17:37:41,134 - progress - INFO - Creating dataloader for logs/en/asr/train/version_55/data/en/train_split/test_ie.txt
2023-06-14 17:37:41,134 - progress - INFO - 	Dataloader config: {'sample_rate': 16000, 'batch_size': 12, 'num_workers': 10, 'pin_memory': True, 'use_start_end_token': False, 'trim_silence': False, 'is_tarred': False, 'tarred_audio_filepaths': None, 'shuffle_n': 2048, 'bucketing_strategy': 'synced_randomized', 'bucketing_batch_size': None, 'return_sample_id': False, 'drop_last': False, 'shuffle': False, 'manifest_filepath': 'logs/en/asr/train/version_55/data/en/train_split/test_ie.txt'}
2023-06-14 17:37:41,135 - progress - INFO - 	Batch size: 12
2023-06-14 17:37:48,775 - progress - INFO - Creating dataloader for logs/en/asr/train/version_55/data/en/train_split/test_ni.txt
2023-06-14 17:37:48,776 - progress - INFO - 	Dataloader config: {'sample_rate': 16000, 'batch_size': 12, 'num_workers': 10, 'pin_memory': True, 'use_start_end_token': False, 'trim_silence': False, 'is_tarred': False, 'tarred_audio_filepaths': None, 'shuffle_n': 2048, 'bucketing_strategy': 'synced_randomized', 'bucketing_batch_size': None, 'return_sample_id': False, 'drop_last': False, 'shuffle': False, 'manifest_filepath': 'logs/en/asr/train/version_55/data/en/train_split/test_ni.txt'}
2023-06-14 17:37:48,776 - progress - INFO - 	Batch size: 12
2023-06-14 17:37:51,472 - progress - INFO - Creating dataloader for logs/en/asr/train/version_55/data/en/train_split/test_nz.txt
2023-06-14 17:37:51,473 - progress - INFO - 	Dataloader config: {'sample_rate': 16000, 'batch_size': 12, 'num_workers': 10, 'pin_memory': True, 'use_start_end_token': False, 'trim_silence': False, 'is_tarred': False, 'tarred_audio_filepaths': None, 'shuffle_n': 2048, 'bucketing_strategy': 'synced_randomized', 'bucketing_batch_size': None, 'return_sample_id': False, 'drop_last': False, 'shuffle': False, 'manifest_filepath': 'logs/en/asr/train/version_55/data/en/train_split/test_nz.txt'}
2023-06-14 17:37:51,474 - progress - INFO - 	Batch size: 12
2023-06-14 17:37:59,029 - progress - INFO - Creating dataloader for logs/en/asr/train/version_55/data/en/train_split/test_ph.txt
2023-06-14 17:37:59,030 - progress - INFO - 	Dataloader config: {'sample_rate': 16000, 'batch_size': 12, 'num_workers': 10, 'pin_memory': True, 'use_start_end_token': False, 'trim_silence': False, 'is_tarred': False, 'tarred_audio_filepaths': None, 'shuffle_n': 2048, 'bucketing_strategy': 'synced_randomized', 'bucketing_batch_size': None, 'return_sample_id': False, 'drop_last': False, 'shuffle': False, 'manifest_filepath': 'logs/en/asr/train/version_55/data/en/train_split/test_ph.txt'}
2023-06-14 17:37:59,031 - progress - INFO - 	Batch size: 12
2023-06-14 17:38:01,741 - progress - INFO - Creating dataloader for logs/en/asr/train/version_55/data/en/train_split/test_sc.txt
2023-06-14 17:38:01,741 - progress - INFO - 	Dataloader config: {'sample_rate': 16000, 'batch_size': 12, 'num_workers': 10, 'pin_memory': True, 'use_start_end_token': False, 'trim_silence': False, 'is_tarred': False, 'tarred_audio_filepaths': None, 'shuffle_n': 2048, 'bucketing_strategy': 'synced_randomized', 'bucketing_batch_size': None, 'return_sample_id': False, 'drop_last': False, 'shuffle': False, 'manifest_filepath': 'logs/en/asr/train/version_55/data/en/train_split/test_sc.txt'}
2023-06-14 17:38:01,742 - progress - INFO - 	Batch size: 12
2023-06-14 17:38:10,043 - progress - INFO - Creating dataloader for logs/en/asr/train/version_55/data/en/train_split/test_sg.txt
2023-06-14 17:38:10,044 - progress - INFO - 	Dataloader config: {'sample_rate': 16000, 'batch_size': 12, 'num_workers': 10, 'pin_memory': True, 'use_start_end_token': False, 'trim_silence': False, 'is_tarred': False, 'tarred_audio_filepaths': None, 'shuffle_n': 2048, 'bucketing_strategy': 'synced_randomized', 'bucketing_batch_size': None, 'return_sample_id': False, 'drop_last': False, 'shuffle': False, 'manifest_filepath': 'logs/en/asr/train/version_55/data/en/train_split/test_sg.txt'}
2023-06-14 17:38:10,045 - progress - INFO - 	Batch size: 12
2023-06-14 17:38:11,240 - progress - INFO - Creating dataloader for logs/en/asr/train/version_55/data/en/train_split/test_za.txt
2023-06-14 17:38:11,241 - progress - INFO - 	Dataloader config: {'sample_rate': 16000, 'batch_size': 12, 'num_workers': 10, 'pin_memory': True, 'use_start_end_token': False, 'trim_silence': False, 'is_tarred': False, 'tarred_audio_filepaths': None, 'shuffle_n': 2048, 'bucketing_strategy': 'synced_randomized', 'bucketing_batch_size': None, 'return_sample_id': False, 'drop_last': False, 'shuffle': False, 'manifest_filepath': 'logs/en/asr/train/version_55/data/en/train_split/test_za.txt'}
2023-06-14 17:38:11,242 - progress - INFO - 	Batch size: 12
2023-06-14 17:48:14,406 - progress - INFO - Creating dataloader for ['logs/en/asr/train/version_55/data/en/train_split/train_us.txt', 'logs/en/asr/train/version_55/data/en/train_split/train_ca.txt', 'logs/en/asr/train/version_55/data/en/train_split/train_uk.txt', 'logs/en/asr/train/version_55/data/en/train_split/train_in.txt', 'logs/en/asr/train/version_55/data/en/train_split/train_de.txt', 'logs/en/asr/train/version_55/data/en/train_split/train_au.txt']
2023-06-14 17:48:14,439 - progress - INFO - 	Dataloader config: {'sample_rate': 16000, 'batch_size': 12, 'num_workers': 10, 'pin_memory': True, 'use_start_end_token': False, 'trim_silence': False, 'is_tarred': False, 'tarred_audio_filepaths': None, 'shuffle_n': 2048, 'bucketing_strategy': 'synced_randomized', 'bucketing_batch_size': None, 'return_sample_id': False, 'drop_last': False, 'shuffle': True, 'manifest_filepath': ['logs/en/asr/train/version_55/data/en/train_split/train_us.txt', 'logs/en/asr/train/version_55/data/en/train_split/train_ca.txt', 'logs/en/asr/train/version_55/data/en/train_split/train_uk.txt', 'logs/en/asr/train/version_55/data/en/train_split/train_in.txt', 'logs/en/asr/train/version_55/data/en/train_split/train_de.txt', 'logs/en/asr/train/version_55/data/en/train_split/train_au.txt']}
2023-06-14 17:48:14,440 - progress - INFO - 	Batch size: 12
2023-06-15 03:34:56,306 - progress - INFO - Creating dataloader for ['logs/en/asr/train/version_55/data/en/train_split/train_us.txt', 'logs/en/asr/train/version_55/data/en/train_split/train_ca.txt', 'logs/en/asr/train/version_55/data/en/train_split/train_uk.txt', 'logs/en/asr/train/version_55/data/en/train_split/train_in.txt', 'logs/en/asr/train/version_55/data/en/train_split/train_de.txt', 'logs/en/asr/train/version_55/data/en/train_split/train_au.txt']
2023-06-15 03:34:56,369 - progress - INFO - 	Dataloader config: {'sample_rate': 16000, 'batch_size': 12, 'num_workers': 10, 'pin_memory': True, 'use_start_end_token': False, 'trim_silence': False, 'is_tarred': False, 'tarred_audio_filepaths': None, 'shuffle_n': 2048, 'bucketing_strategy': 'synced_randomized', 'bucketing_batch_size': None, 'return_sample_id': False, 'drop_last': False, 'shuffle': True, 'manifest_filepath': ['logs/en/asr/train/version_55/data/en/train_split/train_us.txt', 'logs/en/asr/train/version_55/data/en/train_split/train_ca.txt', 'logs/en/asr/train/version_55/data/en/train_split/train_uk.txt', 'logs/en/asr/train/version_55/data/en/train_split/train_in.txt', 'logs/en/asr/train/version_55/data/en/train_split/train_de.txt', 'logs/en/asr/train/version_55/data/en/train_split/train_au.txt']}
2023-06-15 03:34:56,370 - progress - INFO - 	Batch size: 12
2023-06-15 03:36:55,582 - progress - INFO - Creating dataloader for logs/en/asr/train/version_55/data/en/train_split/test_us.txt
2023-06-15 03:36:55,607 - progress - INFO - 	Dataloader config: {'sample_rate': 16000, 'batch_size': 12, 'num_workers': 10, 'pin_memory': True, 'use_start_end_token': False, 'trim_silence': False, 'is_tarred': False, 'tarred_audio_filepaths': None, 'shuffle_n': 2048, 'bucketing_strategy': 'synced_randomized', 'bucketing_batch_size': None, 'return_sample_id': False, 'drop_last': False, 'shuffle': False, 'manifest_filepath': 'logs/en/asr/train/version_55/data/en/train_split/test_us.txt'}
2023-06-15 03:36:55,608 - progress - INFO - 	Batch size: 12
2023-06-15 03:37:08,747 - progress - INFO - Creating dataloader for logs/en/asr/train/version_55/data/en/train_split/test_ca.txt
2023-06-15 03:37:08,748 - progress - INFO - 	Dataloader config: {'sample_rate': 16000, 'batch_size': 12, 'num_workers': 10, 'pin_memory': True, 'use_start_end_token': False, 'trim_silence': False, 'is_tarred': False, 'tarred_audio_filepaths': None, 'shuffle_n': 2048, 'bucketing_strategy': 'synced_randomized', 'bucketing_batch_size': None, 'return_sample_id': False, 'drop_last': False, 'shuffle': False, 'manifest_filepath': 'logs/en/asr/train/version_55/data/en/train_split/test_ca.txt'}
2023-06-15 03:37:08,749 - progress - INFO - 	Batch size: 12
2023-06-15 03:37:10,758 - progress - INFO - Creating dataloader for logs/en/asr/train/version_55/data/en/train_split/test_uk.txt
2023-06-15 03:37:10,758 - progress - INFO - 	Dataloader config: {'sample_rate': 16000, 'batch_size': 12, 'num_workers': 10, 'pin_memory': True, 'use_start_end_token': False, 'trim_silence': False, 'is_tarred': False, 'tarred_audio_filepaths': None, 'shuffle_n': 2048, 'bucketing_strategy': 'synced_randomized', 'bucketing_batch_size': None, 'return_sample_id': False, 'drop_last': False, 'shuffle': False, 'manifest_filepath': 'logs/en/asr/train/version_55/data/en/train_split/test_uk.txt'}
2023-06-15 03:37:10,759 - progress - INFO - 	Batch size: 12
2023-06-15 03:37:15,950 - progress - INFO - Creating dataloader for logs/en/asr/train/version_55/data/en/train_split/test_in.txt
2023-06-15 03:37:15,951 - progress - INFO - 	Dataloader config: {'sample_rate': 16000, 'batch_size': 12, 'num_workers': 10, 'pin_memory': True, 'use_start_end_token': False, 'trim_silence': False, 'is_tarred': False, 'tarred_audio_filepaths': None, 'shuffle_n': 2048, 'bucketing_strategy': 'synced_randomized', 'bucketing_batch_size': None, 'return_sample_id': False, 'drop_last': False, 'shuffle': False, 'manifest_filepath': 'logs/en/asr/train/version_55/data/en/train_split/test_in.txt'}
2023-06-15 03:37:15,952 - progress - INFO - 	Batch size: 12
2023-06-15 03:37:19,436 - progress - INFO - Creating dataloader for logs/en/asr/train/version_55/data/en/train_split/test_de.txt
2023-06-15 03:37:19,437 - progress - INFO - 	Dataloader config: {'sample_rate': 16000, 'batch_size': 12, 'num_workers': 10, 'pin_memory': True, 'use_start_end_token': False, 'trim_silence': False, 'is_tarred': False, 'tarred_audio_filepaths': None, 'shuffle_n': 2048, 'bucketing_strategy': 'synced_randomized', 'bucketing_batch_size': None, 'return_sample_id': False, 'drop_last': False, 'shuffle': False, 'manifest_filepath': 'logs/en/asr/train/version_55/data/en/train_split/test_de.txt'}
2023-06-15 03:37:19,438 - progress - INFO - 	Batch size: 12
2023-06-15 03:37:20,905 - progress - INFO - Creating dataloader for logs/en/asr/train/version_55/data/en/train_split/test_au.txt
2023-06-15 03:37:20,905 - progress - INFO - 	Dataloader config: {'sample_rate': 16000, 'batch_size': 12, 'num_workers': 10, 'pin_memory': True, 'use_start_end_token': False, 'trim_silence': False, 'is_tarred': False, 'tarred_audio_filepaths': None, 'shuffle_n': 2048, 'bucketing_strategy': 'synced_randomized', 'bucketing_batch_size': None, 'return_sample_id': False, 'drop_last': False, 'shuffle': False, 'manifest_filepath': 'logs/en/asr/train/version_55/data/en/train_split/test_au.txt'}
2023-06-15 03:37:20,906 - progress - INFO - 	Batch size: 12
2023-06-15 03:37:22,857 - progress - INFO - Creating dataloader for logs/en/asr/train/version_55/data/en/train_split/test_hk.txt
2023-06-15 03:37:22,858 - progress - INFO - 	Dataloader config: {'sample_rate': 16000, 'batch_size': 12, 'num_workers': 10, 'pin_memory': True, 'use_start_end_token': False, 'trim_silence': False, 'is_tarred': False, 'tarred_audio_filepaths': None, 'shuffle_n': 2048, 'bucketing_strategy': 'synced_randomized', 'bucketing_batch_size': None, 'return_sample_id': False, 'drop_last': False, 'shuffle': False, 'manifest_filepath': 'logs/en/asr/train/version_55/data/en/train_split/test_hk.txt'}
2023-06-15 03:37:22,859 - progress - INFO - 	Batch size: 12
2023-06-15 03:37:24,077 - progress - INFO - Creating dataloader for logs/en/asr/train/version_55/data/en/train_split/test_ie.txt
2023-06-15 03:37:24,078 - progress - INFO - 	Dataloader config: {'sample_rate': 16000, 'batch_size': 12, 'num_workers': 10, 'pin_memory': True, 'use_start_end_token': False, 'trim_silence': False, 'is_tarred': False, 'tarred_audio_filepaths': None, 'shuffle_n': 2048, 'bucketing_strategy': 'synced_randomized', 'bucketing_batch_size': None, 'return_sample_id': False, 'drop_last': False, 'shuffle': False, 'manifest_filepath': 'logs/en/asr/train/version_55/data/en/train_split/test_ie.txt'}
2023-06-15 03:37:24,079 - progress - INFO - 	Batch size: 12
2023-06-15 03:37:25,440 - progress - INFO - Creating dataloader for logs/en/asr/train/version_55/data/en/train_split/test_ni.txt
2023-06-15 03:37:25,441 - progress - INFO - 	Dataloader config: {'sample_rate': 16000, 'batch_size': 12, 'num_workers': 10, 'pin_memory': True, 'use_start_end_token': False, 'trim_silence': False, 'is_tarred': False, 'tarred_audio_filepaths': None, 'shuffle_n': 2048, 'bucketing_strategy': 'synced_randomized', 'bucketing_batch_size': None, 'return_sample_id': False, 'drop_last': False, 'shuffle': False, 'manifest_filepath': 'logs/en/asr/train/version_55/data/en/train_split/test_ni.txt'}
2023-06-15 03:37:25,441 - progress - INFO - 	Batch size: 12
2023-06-15 03:37:26,396 - progress - INFO - Creating dataloader for logs/en/asr/train/version_55/data/en/train_split/test_nz.txt
2023-06-15 03:37:26,396 - progress - INFO - 	Dataloader config: {'sample_rate': 16000, 'batch_size': 12, 'num_workers': 10, 'pin_memory': True, 'use_start_end_token': False, 'trim_silence': False, 'is_tarred': False, 'tarred_audio_filepaths': None, 'shuffle_n': 2048, 'bucketing_strategy': 'synced_randomized', 'bucketing_batch_size': None, 'return_sample_id': False, 'drop_last': False, 'shuffle': False, 'manifest_filepath': 'logs/en/asr/train/version_55/data/en/train_split/test_nz.txt'}
2023-06-15 03:37:26,397 - progress - INFO - 	Batch size: 12
2023-06-15 03:37:28,233 - progress - INFO - Creating dataloader for logs/en/asr/train/version_55/data/en/train_split/test_ph.txt
2023-06-15 03:37:28,233 - progress - INFO - 	Dataloader config: {'sample_rate': 16000, 'batch_size': 12, 'num_workers': 10, 'pin_memory': True, 'use_start_end_token': False, 'trim_silence': False, 'is_tarred': False, 'tarred_audio_filepaths': None, 'shuffle_n': 2048, 'bucketing_strategy': 'synced_randomized', 'bucketing_batch_size': None, 'return_sample_id': False, 'drop_last': False, 'shuffle': False, 'manifest_filepath': 'logs/en/asr/train/version_55/data/en/train_split/test_ph.txt'}
2023-06-15 03:37:28,234 - progress - INFO - 	Batch size: 12
2023-06-15 03:37:29,962 - progress - INFO - Creating dataloader for logs/en/asr/train/version_55/data/en/train_split/test_sc.txt
2023-06-15 03:37:29,963 - progress - INFO - 	Dataloader config: {'sample_rate': 16000, 'batch_size': 12, 'num_workers': 10, 'pin_memory': True, 'use_start_end_token': False, 'trim_silence': False, 'is_tarred': False, 'tarred_audio_filepaths': None, 'shuffle_n': 2048, 'bucketing_strategy': 'synced_randomized', 'bucketing_batch_size': None, 'return_sample_id': False, 'drop_last': False, 'shuffle': False, 'manifest_filepath': 'logs/en/asr/train/version_55/data/en/train_split/test_sc.txt'}
2023-06-15 03:37:29,964 - progress - INFO - 	Batch size: 12
2023-06-15 03:37:32,678 - progress - INFO - Creating dataloader for logs/en/asr/train/version_55/data/en/train_split/test_sg.txt
2023-06-15 03:37:32,679 - progress - INFO - 	Dataloader config: {'sample_rate': 16000, 'batch_size': 12, 'num_workers': 10, 'pin_memory': True, 'use_start_end_token': False, 'trim_silence': False, 'is_tarred': False, 'tarred_audio_filepaths': None, 'shuffle_n': 2048, 'bucketing_strategy': 'synced_randomized', 'bucketing_batch_size': None, 'return_sample_id': False, 'drop_last': False, 'shuffle': False, 'manifest_filepath': 'logs/en/asr/train/version_55/data/en/train_split/test_sg.txt'}
2023-06-15 03:37:32,679 - progress - INFO - 	Batch size: 12
2023-06-15 03:37:33,224 - progress - INFO - Creating dataloader for logs/en/asr/train/version_55/data/en/train_split/test_za.txt
2023-06-15 03:37:33,225 - progress - INFO - 	Dataloader config: {'sample_rate': 16000, 'batch_size': 12, 'num_workers': 10, 'pin_memory': True, 'use_start_end_token': False, 'trim_silence': False, 'is_tarred': False, 'tarred_audio_filepaths': None, 'shuffle_n': 2048, 'bucketing_strategy': 'synced_randomized', 'bucketing_batch_size': None, 'return_sample_id': False, 'drop_last': False, 'shuffle': False, 'manifest_filepath': 'logs/en/asr/train/version_55/data/en/train_split/test_za.txt'}
2023-06-15 03:37:33,226 - progress - INFO - 	Batch size: 12
2023-06-15 03:41:11,618 - progress - WARNING - Error on batch 195: The size of tensor a (1494) must match the size of tensor b (448) at non-singleton dimension 1
2023-06-15 05:16:28,082 - progress - WARNING - Error on batch 5571: The size of tensor a (1909) must match the size of tensor b (448) at non-singleton dimension 1
2023-06-15 08:53:30,357 - progress - WARNING - Error on batch 17940: The size of tensor a (2954) must match the size of tensor b (448) at non-singleton dimension 1
2023-06-15 09:10:16,592 - progress - WARNING - Error on batch 18908: The size of tensor a (1352) must match the size of tensor b (448) at non-singleton dimension 1
2023-06-15 12:57:49,878 - progress - WARNING - Error on batch 31858: The size of tensor a (2136) must match the size of tensor b (448) at non-singleton dimension 1
2023-06-15 13:52:00,677 - progress - WARNING - Error on batch 34959: The size of tensor a (2753) must match the size of tensor b (448) at non-singleton dimension 1
2023-06-15 14:08:22,624 - progress - WARNING - Error on batch 35895: The size of tensor a (7697) must match the size of tensor b (448) at non-singleton dimension 1
2023-06-15 14:13:17,625 - progress - WARNING - Error on batch 36177: The size of tensor a (722) must match the size of tensor b (448) at non-singleton dimension 1
2023-06-15 15:53:39,577 - progress - WARNING - Error on batch 41917: The size of tensor a (657) must match the size of tensor b (448) at non-singleton dimension 1
2023-06-15 16:21:58,266 - progress - WARNING - Error on batch 43539: The size of tensor a (984) must match the size of tensor b (448) at non-singleton dimension 1
2023-06-15 17:13:00,644 - progress - WARNING - Error on batch 46455: The size of tensor a (596) must match the size of tensor b (448) at non-singleton dimension 1
2023-06-15 17:38:12,593 - progress - WARNING - Error on batch 47895: The size of tensor a (2716) must match the size of tensor b (448) at non-singleton dimension 1
2023-06-15 17:48:31,659 - progress - WARNING - Error on batch 48484: The size of tensor a (1331) must match the size of tensor b (448) at non-singleton dimension 1
2023-06-15 19:06:19,835 - progress - WARNING - Error on batch 1974: The size of tensor a (1352) must match the size of tensor b (448) at non-singleton dimension 1
2023-06-15 19:08:19,330 - progress - WARNING - Error on batch 2088: The size of tensor a (1909) must match the size of tensor b (448) at non-singleton dimension 1
2023-06-15 20:38:55,215 - progress - WARNING - Error on batch 7215: The size of tensor a (2136) must match the size of tensor b (448) at non-singleton dimension 1
2023-06-15 22:43:51,820 - progress - WARNING - Error on batch 14358: The size of tensor a (1494) must match the size of tensor b (448) at non-singleton dimension 1
2023-06-16 00:10:08,362 - progress - WARNING - Error on batch 19282: The size of tensor a (657) must match the size of tensor b (448) at non-singleton dimension 1
2023-06-16 01:10:00,620 - progress - WARNING - Error on batch 22680: The size of tensor a (984) must match the size of tensor b (448) at non-singleton dimension 1
2023-06-16 02:44:57,782 - progress - WARNING - Error on batch 28037: The size of tensor a (2753) must match the size of tensor b (448) at non-singleton dimension 1
2023-06-16 03:07:20,710 - progress - WARNING - Error on batch 29283: The size of tensor a (7697) must match the size of tensor b (448) at non-singleton dimension 1
2023-06-16 05:00:33,941 - progress - WARNING - Error on batch 35647: The size of tensor a (722) must match the size of tensor b (448) at non-singleton dimension 1
2023-06-16 05:03:47,476 - progress - WARNING - Error on batch 35832: The size of tensor a (2716) must match the size of tensor b (448) at non-singleton dimension 1
2023-06-16 05:13:43,432 - progress - WARNING - Error on batch 36401: The size of tensor a (1331) must match the size of tensor b (448) at non-singleton dimension 1
2023-06-16 05:14:40,624 - progress - WARNING - Error on batch 36456: The size of tensor a (596) must match the size of tensor b (448) at non-singleton dimension 1
2023-06-16 06:59:47,159 - progress - WARNING - Error on batch 42448: The size of tensor a (2954) must match the size of tensor b (448) at non-singleton dimension 1
