2024-05-14 12:22:29,249 - progress - INFO - Configuring optimizers
2024-05-14 12:22:29,256 - progress - INFO - Creating dataloader for ['logs/en/ac/train/binary/b7/version_5/data/en/train_subset/train_us.txt']
2024-05-14 12:22:29,264 - progress - INFO - 	Dataloader config: {'sample_rate': 16000, 'batch_size': 8, 'num_workers': 10, 'pin_memory': True, 'use_start_end_token': False, 'trim_silence': False, 'is_tarred': False, 'tarred_audio_filepaths': None, 'shuffle_n': 2048, 'bucketing_strategy': 'synced_randomized', 'bucketing_batch_size': None, 'return_sample_id': False, 'drop_last': False, 'asr_repo': 'whisper', 'shuffle': True, 'manifest_filepath': ['logs/en/ac/train/binary/b7/version_5/data/en/train_subset/train_us.txt']}
2024-05-14 12:22:29,271 - progress - INFO - 	Batch size: 8
2024-05-14 12:22:30,013 - progress - INFO - Creating dataloader for ['logs/en/ac/train/binary/b7/version_5/data/en/train_subset/train_ca.txt', 'logs/en/ac/train/binary/b7/version_5/data/en/train_subset/train_uk.txt', 'logs/en/ac/train/binary/b7/version_5/data/en/train_subset/train_in.txt', 'logs/en/ac/train/binary/b7/version_5/data/en/train_subset/train_de.txt', 'logs/en/ac/train/binary/b7/version_5/data/en/train_subset/train_au.txt']
2024-05-14 12:22:30,018 - progress - INFO - 	Dataloader config: {'sample_rate': 16000, 'batch_size': 8, 'num_workers': 10, 'pin_memory': True, 'use_start_end_token': False, 'trim_silence': False, 'is_tarred': False, 'tarred_audio_filepaths': None, 'shuffle_n': 2048, 'bucketing_strategy': 'synced_randomized', 'bucketing_batch_size': None, 'return_sample_id': False, 'drop_last': False, 'asr_repo': 'whisper', 'shuffle': True, 'manifest_filepath': ['logs/en/ac/train/binary/b7/version_5/data/en/train_subset/train_ca.txt', 'logs/en/ac/train/binary/b7/version_5/data/en/train_subset/train_uk.txt', 'logs/en/ac/train/binary/b7/version_5/data/en/train_subset/train_in.txt', 'logs/en/ac/train/binary/b7/version_5/data/en/train_subset/train_de.txt', 'logs/en/ac/train/binary/b7/version_5/data/en/train_subset/train_au.txt']}
2024-05-14 12:22:30,023 - progress - INFO - 	Batch size: 8
2024-05-14 12:22:30,886 - progress - INFO - Scheduler max. steps: 1280
2024-05-14 12:22:31,003 - progress - INFO - Creating dataloader for ['logs/en/ac/train/binary/b7/version_5/data/en/train_subset/train_us.txt']
2024-05-14 12:22:31,008 - progress - INFO - 	Dataloader config: {'sample_rate': 16000, 'batch_size': 8, 'num_workers': 10, 'pin_memory': True, 'use_start_end_token': False, 'trim_silence': False, 'is_tarred': False, 'tarred_audio_filepaths': None, 'shuffle_n': 2048, 'bucketing_strategy': 'synced_randomized', 'bucketing_batch_size': None, 'return_sample_id': False, 'drop_last': False, 'asr_repo': 'whisper', 'shuffle': True, 'manifest_filepath': ['logs/en/ac/train/binary/b7/version_5/data/en/train_subset/train_us.txt']}
2024-05-14 12:22:31,014 - progress - INFO - 	Batch size: 8
2024-05-14 12:22:31,244 - progress - INFO - Creating dataloader for ['logs/en/ac/train/binary/b7/version_5/data/en/train_subset/train_ca.txt', 'logs/en/ac/train/binary/b7/version_5/data/en/train_subset/train_uk.txt', 'logs/en/ac/train/binary/b7/version_5/data/en/train_subset/train_in.txt', 'logs/en/ac/train/binary/b7/version_5/data/en/train_subset/train_de.txt', 'logs/en/ac/train/binary/b7/version_5/data/en/train_subset/train_au.txt']
2024-05-14 12:22:31,251 - progress - INFO - 	Dataloader config: {'sample_rate': 16000, 'batch_size': 8, 'num_workers': 10, 'pin_memory': True, 'use_start_end_token': False, 'trim_silence': False, 'is_tarred': False, 'tarred_audio_filepaths': None, 'shuffle_n': 2048, 'bucketing_strategy': 'synced_randomized', 'bucketing_batch_size': None, 'return_sample_id': False, 'drop_last': False, 'asr_repo': 'whisper', 'shuffle': True, 'manifest_filepath': ['logs/en/ac/train/binary/b7/version_5/data/en/train_subset/train_ca.txt', 'logs/en/ac/train/binary/b7/version_5/data/en/train_subset/train_uk.txt', 'logs/en/ac/train/binary/b7/version_5/data/en/train_subset/train_in.txt', 'logs/en/ac/train/binary/b7/version_5/data/en/train_subset/train_de.txt', 'logs/en/ac/train/binary/b7/version_5/data/en/train_subset/train_au.txt']}
2024-05-14 12:22:31,257 - progress - INFO - 	Batch size: 8
2024-05-14 12:22:31,444 - progress - INFO - Creating dataloader for logs/en/ac/train/binary/b7/version_5/data/en/train_subset/test_us.txt
2024-05-14 12:22:31,449 - progress - INFO - 	Dataloader config: {'sample_rate': 16000, 'batch_size': 8, 'num_workers': 10, 'pin_memory': True, 'use_start_end_token': False, 'trim_silence': False, 'is_tarred': False, 'tarred_audio_filepaths': None, 'shuffle_n': 2048, 'bucketing_strategy': 'synced_randomized', 'bucketing_batch_size': None, 'return_sample_id': False, 'drop_last': False, 'asr_repo': 'whisper', 'shuffle': False, 'manifest_filepath': 'logs/en/ac/train/binary/b7/version_5/data/en/train_subset/test_us.txt'}
2024-05-14 12:22:31,455 - progress - INFO - 	Batch size: 8
2024-05-14 12:22:31,686 - progress - INFO - Creating dataloader for logs/en/ac/train/binary/b7/version_5/data/en/train_subset/test_ca.txt
2024-05-14 12:22:31,692 - progress - INFO - 	Dataloader config: {'sample_rate': 16000, 'batch_size': 8, 'num_workers': 10, 'pin_memory': True, 'use_start_end_token': False, 'trim_silence': False, 'is_tarred': False, 'tarred_audio_filepaths': None, 'shuffle_n': 2048, 'bucketing_strategy': 'synced_randomized', 'bucketing_batch_size': None, 'return_sample_id': False, 'drop_last': False, 'asr_repo': 'whisper', 'shuffle': False, 'manifest_filepath': 'logs/en/ac/train/binary/b7/version_5/data/en/train_subset/test_ca.txt'}
2024-05-14 12:22:31,700 - progress - INFO - 	Batch size: 8
2024-05-14 12:22:31,775 - progress - INFO - Creating dataloader for logs/en/ac/train/binary/b7/version_5/data/en/train_subset/test_uk.txt
2024-05-14 12:22:31,781 - progress - INFO - 	Dataloader config: {'sample_rate': 16000, 'batch_size': 8, 'num_workers': 10, 'pin_memory': True, 'use_start_end_token': False, 'trim_silence': False, 'is_tarred': False, 'tarred_audio_filepaths': None, 'shuffle_n': 2048, 'bucketing_strategy': 'synced_randomized', 'bucketing_batch_size': None, 'return_sample_id': False, 'drop_last': False, 'asr_repo': 'whisper', 'shuffle': False, 'manifest_filepath': 'logs/en/ac/train/binary/b7/version_5/data/en/train_subset/test_uk.txt'}
2024-05-14 12:22:31,785 - progress - INFO - 	Batch size: 8
2024-05-14 12:22:31,795 - progress - INFO - Creating dataloader for logs/en/ac/train/binary/b7/version_5/data/en/train_subset/test_in.txt
2024-05-14 12:22:31,799 - progress - INFO - 	Dataloader config: {'sample_rate': 16000, 'batch_size': 8, 'num_workers': 10, 'pin_memory': True, 'use_start_end_token': False, 'trim_silence': False, 'is_tarred': False, 'tarred_audio_filepaths': None, 'shuffle_n': 2048, 'bucketing_strategy': 'synced_randomized', 'bucketing_batch_size': None, 'return_sample_id': False, 'drop_last': False, 'asr_repo': 'whisper', 'shuffle': False, 'manifest_filepath': 'logs/en/ac/train/binary/b7/version_5/data/en/train_subset/test_in.txt'}
2024-05-14 12:22:31,805 - progress - INFO - 	Batch size: 8
2024-05-14 12:22:31,925 - progress - INFO - Creating dataloader for logs/en/ac/train/binary/b7/version_5/data/en/train_subset/test_de.txt
2024-05-14 12:22:31,931 - progress - INFO - 	Dataloader config: {'sample_rate': 16000, 'batch_size': 8, 'num_workers': 10, 'pin_memory': True, 'use_start_end_token': False, 'trim_silence': False, 'is_tarred': False, 'tarred_audio_filepaths': None, 'shuffle_n': 2048, 'bucketing_strategy': 'synced_randomized', 'bucketing_batch_size': None, 'return_sample_id': False, 'drop_last': False, 'asr_repo': 'whisper', 'shuffle': False, 'manifest_filepath': 'logs/en/ac/train/binary/b7/version_5/data/en/train_subset/test_de.txt'}
2024-05-14 12:22:31,944 - progress - INFO - 	Batch size: 8
2024-05-14 12:22:31,985 - progress - INFO - Creating dataloader for logs/en/ac/train/binary/b7/version_5/data/en/train_subset/test_au.txt
2024-05-14 12:22:31,989 - progress - INFO - 	Dataloader config: {'sample_rate': 16000, 'batch_size': 8, 'num_workers': 10, 'pin_memory': True, 'use_start_end_token': False, 'trim_silence': False, 'is_tarred': False, 'tarred_audio_filepaths': None, 'shuffle_n': 2048, 'bucketing_strategy': 'synced_randomized', 'bucketing_batch_size': None, 'return_sample_id': False, 'drop_last': False, 'asr_repo': 'whisper', 'shuffle': False, 'manifest_filepath': 'logs/en/ac/train/binary/b7/version_5/data/en/train_subset/test_au.txt'}
2024-05-14 12:22:31,994 - progress - INFO - 	Batch size: 8
2024-05-14 12:22:32,044 - progress - INFO - Creating dataloader for logs/en/ac/train/binary/b7/version_5/data/en/train_subset/test_hk.txt
2024-05-14 12:22:32,050 - progress - INFO - 	Dataloader config: {'sample_rate': 16000, 'batch_size': 8, 'num_workers': 10, 'pin_memory': True, 'use_start_end_token': False, 'trim_silence': False, 'is_tarred': False, 'tarred_audio_filepaths': None, 'shuffle_n': 2048, 'bucketing_strategy': 'synced_randomized', 'bucketing_batch_size': None, 'return_sample_id': False, 'drop_last': False, 'asr_repo': 'whisper', 'shuffle': False, 'manifest_filepath': 'logs/en/ac/train/binary/b7/version_5/data/en/train_subset/test_hk.txt'}
2024-05-14 12:22:32,054 - progress - INFO - 	Batch size: 8
2024-05-14 12:22:32,111 - progress - INFO - Creating dataloader for logs/en/ac/train/binary/b7/version_5/data/en/train_subset/test_ie.txt
2024-05-14 12:22:32,116 - progress - INFO - 	Dataloader config: {'sample_rate': 16000, 'batch_size': 8, 'num_workers': 10, 'pin_memory': True, 'use_start_end_token': False, 'trim_silence': False, 'is_tarred': False, 'tarred_audio_filepaths': None, 'shuffle_n': 2048, 'bucketing_strategy': 'synced_randomized', 'bucketing_batch_size': None, 'return_sample_id': False, 'drop_last': False, 'asr_repo': 'whisper', 'shuffle': False, 'manifest_filepath': 'logs/en/ac/train/binary/b7/version_5/data/en/train_subset/test_ie.txt'}
2024-05-14 12:22:32,120 - progress - INFO - 	Batch size: 8
2024-05-14 12:22:32,162 - progress - INFO - Creating dataloader for logs/en/ac/train/binary/b7/version_5/data/en/train_subset/test_ni.txt
2024-05-14 12:22:32,167 - progress - INFO - 	Dataloader config: {'sample_rate': 16000, 'batch_size': 8, 'num_workers': 10, 'pin_memory': True, 'use_start_end_token': False, 'trim_silence': False, 'is_tarred': False, 'tarred_audio_filepaths': None, 'shuffle_n': 2048, 'bucketing_strategy': 'synced_randomized', 'bucketing_batch_size': None, 'return_sample_id': False, 'drop_last': False, 'asr_repo': 'whisper', 'shuffle': False, 'manifest_filepath': 'logs/en/ac/train/binary/b7/version_5/data/en/train_subset/test_ni.txt'}
2024-05-14 12:22:32,173 - progress - INFO - 	Batch size: 8
2024-05-14 12:22:32,211 - progress - INFO - Creating dataloader for logs/en/ac/train/binary/b7/version_5/data/en/train_subset/test_nz.txt
2024-05-14 12:22:32,216 - progress - INFO - 	Dataloader config: {'sample_rate': 16000, 'batch_size': 8, 'num_workers': 10, 'pin_memory': True, 'use_start_end_token': False, 'trim_silence': False, 'is_tarred': False, 'tarred_audio_filepaths': None, 'shuffle_n': 2048, 'bucketing_strategy': 'synced_randomized', 'bucketing_batch_size': None, 'return_sample_id': False, 'drop_last': False, 'asr_repo': 'whisper', 'shuffle': False, 'manifest_filepath': 'logs/en/ac/train/binary/b7/version_5/data/en/train_subset/test_nz.txt'}
2024-05-14 12:22:32,226 - progress - INFO - 	Batch size: 8
2024-05-14 12:22:32,409 - progress - INFO - Creating dataloader for logs/en/ac/train/binary/b7/version_5/data/en/train_subset/test_ph.txt
2024-05-14 12:22:32,415 - progress - INFO - 	Dataloader config: {'sample_rate': 16000, 'batch_size': 8, 'num_workers': 10, 'pin_memory': True, 'use_start_end_token': False, 'trim_silence': False, 'is_tarred': False, 'tarred_audio_filepaths': None, 'shuffle_n': 2048, 'bucketing_strategy': 'synced_randomized', 'bucketing_batch_size': None, 'return_sample_id': False, 'drop_last': False, 'asr_repo': 'whisper', 'shuffle': False, 'manifest_filepath': 'logs/en/ac/train/binary/b7/version_5/data/en/train_subset/test_ph.txt'}
2024-05-14 12:22:32,428 - progress - INFO - 	Batch size: 8
2024-05-14 12:22:32,461 - progress - INFO - Creating dataloader for logs/en/ac/train/binary/b7/version_5/data/en/train_subset/test_sc.txt
2024-05-14 12:22:32,467 - progress - INFO - 	Dataloader config: {'sample_rate': 16000, 'batch_size': 8, 'num_workers': 10, 'pin_memory': True, 'use_start_end_token': False, 'trim_silence': False, 'is_tarred': False, 'tarred_audio_filepaths': None, 'shuffle_n': 2048, 'bucketing_strategy': 'synced_randomized', 'bucketing_batch_size': None, 'return_sample_id': False, 'drop_last': False, 'asr_repo': 'whisper', 'shuffle': False, 'manifest_filepath': 'logs/en/ac/train/binary/b7/version_5/data/en/train_subset/test_sc.txt'}
2024-05-14 12:22:32,472 - progress - INFO - 	Batch size: 8
2024-05-14 12:22:32,502 - progress - INFO - Creating dataloader for logs/en/ac/train/binary/b7/version_5/data/en/train_subset/test_sg.txt
2024-05-14 12:22:32,508 - progress - INFO - 	Dataloader config: {'sample_rate': 16000, 'batch_size': 8, 'num_workers': 10, 'pin_memory': True, 'use_start_end_token': False, 'trim_silence': False, 'is_tarred': False, 'tarred_audio_filepaths': None, 'shuffle_n': 2048, 'bucketing_strategy': 'synced_randomized', 'bucketing_batch_size': None, 'return_sample_id': False, 'drop_last': False, 'asr_repo': 'whisper', 'shuffle': False, 'manifest_filepath': 'logs/en/ac/train/binary/b7/version_5/data/en/train_subset/test_sg.txt'}
2024-05-14 12:22:32,515 - progress - INFO - 	Batch size: 8
2024-05-14 12:22:32,622 - progress - INFO - Creating dataloader for logs/en/ac/train/binary/b7/version_5/data/en/train_subset/test_za.txt
2024-05-14 12:22:32,629 - progress - INFO - 	Dataloader config: {'sample_rate': 16000, 'batch_size': 8, 'num_workers': 10, 'pin_memory': True, 'use_start_end_token': False, 'trim_silence': False, 'is_tarred': False, 'tarred_audio_filepaths': None, 'shuffle_n': 2048, 'bucketing_strategy': 'synced_randomized', 'bucketing_batch_size': None, 'return_sample_id': False, 'drop_last': False, 'asr_repo': 'whisper', 'shuffle': False, 'manifest_filepath': 'logs/en/ac/train/binary/b7/version_5/data/en/train_subset/test_za.txt'}
2024-05-14 12:22:32,636 - progress - INFO - 	Batch size: 8
