2024-06-08 11:25:29,154 - progress - INFO - Creating dataloader for logs/en/ensemble/train/binary/b7/DAT/version_75/data/en/train_subset/test_us.txt
2024-06-08 11:25:29,155 - progress - INFO - 	Dataloader config: {'sample_rate': 16000, 'batch_size': 8, 'num_workers': 10, 'pin_memory': True, 'use_start_end_token': False, 'trim_silence': False, 'is_tarred': False, 'tarred_audio_filepaths': None, 'shuffle_n': 2048, 'bucketing_strategy': 'synced_randomized', 'bucketing_batch_size': None, 'return_sample_id': False, 'drop_last': False, 'asr_repo': 'whisper', 'shuffle': False, 'manifest_filepath': 'logs/en/ensemble/train/binary/b7/DAT/version_75/data/en/train_subset/test_us.txt'}
2024-06-08 11:25:29,156 - progress - INFO - 	Batch size: 8
2024-06-08 11:25:29,359 - progress - INFO - Creating dataloader for logs/en/ensemble/train/binary/b7/DAT/version_75/data/en/train_subset/test_ca.txt
2024-06-08 11:25:29,360 - progress - INFO - 	Dataloader config: {'sample_rate': 16000, 'batch_size': 8, 'num_workers': 10, 'pin_memory': True, 'use_start_end_token': False, 'trim_silence': False, 'is_tarred': False, 'tarred_audio_filepaths': None, 'shuffle_n': 2048, 'bucketing_strategy': 'synced_randomized', 'bucketing_batch_size': None, 'return_sample_id': False, 'drop_last': False, 'asr_repo': 'whisper', 'shuffle': False, 'manifest_filepath': 'logs/en/ensemble/train/binary/b7/DAT/version_75/data/en/train_subset/test_ca.txt'}
2024-06-08 11:25:29,360 - progress - INFO - 	Batch size: 8
2024-06-08 11:25:29,364 - progress - INFO - Creating dataloader for logs/en/ensemble/train/binary/b7/DAT/version_75/data/en/train_subset/test_uk.txt
2024-06-08 11:25:29,365 - progress - INFO - 	Dataloader config: {'sample_rate': 16000, 'batch_size': 8, 'num_workers': 10, 'pin_memory': True, 'use_start_end_token': False, 'trim_silence': False, 'is_tarred': False, 'tarred_audio_filepaths': None, 'shuffle_n': 2048, 'bucketing_strategy': 'synced_randomized', 'bucketing_batch_size': None, 'return_sample_id': False, 'drop_last': False, 'asr_repo': 'whisper', 'shuffle': False, 'manifest_filepath': 'logs/en/ensemble/train/binary/b7/DAT/version_75/data/en/train_subset/test_uk.txt'}
2024-06-08 11:25:29,366 - progress - INFO - 	Batch size: 8
2024-06-08 11:25:29,369 - progress - INFO - Creating dataloader for logs/en/ensemble/train/binary/b7/DAT/version_75/data/en/train_subset/test_in.txt
2024-06-08 11:25:29,370 - progress - INFO - 	Dataloader config: {'sample_rate': 16000, 'batch_size': 8, 'num_workers': 10, 'pin_memory': True, 'use_start_end_token': False, 'trim_silence': False, 'is_tarred': False, 'tarred_audio_filepaths': None, 'shuffle_n': 2048, 'bucketing_strategy': 'synced_randomized', 'bucketing_batch_size': None, 'return_sample_id': False, 'drop_last': False, 'asr_repo': 'whisper', 'shuffle': False, 'manifest_filepath': 'logs/en/ensemble/train/binary/b7/DAT/version_75/data/en/train_subset/test_in.txt'}
2024-06-08 11:25:29,371 - progress - INFO - 	Batch size: 8
2024-06-08 11:25:29,374 - progress - INFO - Creating dataloader for logs/en/ensemble/train/binary/b7/DAT/version_75/data/en/train_subset/test_de.txt
2024-06-08 11:25:29,375 - progress - INFO - 	Dataloader config: {'sample_rate': 16000, 'batch_size': 8, 'num_workers': 10, 'pin_memory': True, 'use_start_end_token': False, 'trim_silence': False, 'is_tarred': False, 'tarred_audio_filepaths': None, 'shuffle_n': 2048, 'bucketing_strategy': 'synced_randomized', 'bucketing_batch_size': None, 'return_sample_id': False, 'drop_last': False, 'asr_repo': 'whisper', 'shuffle': False, 'manifest_filepath': 'logs/en/ensemble/train/binary/b7/DAT/version_75/data/en/train_subset/test_de.txt'}
2024-06-08 11:25:29,376 - progress - INFO - 	Batch size: 8
2024-06-08 11:25:29,379 - progress - INFO - Creating dataloader for logs/en/ensemble/train/binary/b7/DAT/version_75/data/en/train_subset/test_au.txt
2024-06-08 11:25:29,380 - progress - INFO - 	Dataloader config: {'sample_rate': 16000, 'batch_size': 8, 'num_workers': 10, 'pin_memory': True, 'use_start_end_token': False, 'trim_silence': False, 'is_tarred': False, 'tarred_audio_filepaths': None, 'shuffle_n': 2048, 'bucketing_strategy': 'synced_randomized', 'bucketing_batch_size': None, 'return_sample_id': False, 'drop_last': False, 'asr_repo': 'whisper', 'shuffle': False, 'manifest_filepath': 'logs/en/ensemble/train/binary/b7/DAT/version_75/data/en/train_subset/test_au.txt'}
2024-06-08 11:25:29,380 - progress - INFO - 	Batch size: 8
2024-06-08 11:25:29,383 - progress - INFO - Creating dataloader for logs/en/ensemble/train/binary/b7/DAT/version_75/data/en/train_subset/test_hk.txt
2024-06-08 11:25:29,384 - progress - INFO - 	Dataloader config: {'sample_rate': 16000, 'batch_size': 8, 'num_workers': 10, 'pin_memory': True, 'use_start_end_token': False, 'trim_silence': False, 'is_tarred': False, 'tarred_audio_filepaths': None, 'shuffle_n': 2048, 'bucketing_strategy': 'synced_randomized', 'bucketing_batch_size': None, 'return_sample_id': False, 'drop_last': False, 'asr_repo': 'whisper', 'shuffle': False, 'manifest_filepath': 'logs/en/ensemble/train/binary/b7/DAT/version_75/data/en/train_subset/test_hk.txt'}
2024-06-08 11:25:29,385 - progress - INFO - 	Batch size: 8
2024-06-08 11:25:29,387 - progress - INFO - Creating dataloader for logs/en/ensemble/train/binary/b7/DAT/version_75/data/en/train_subset/test_ie.txt
2024-06-08 11:25:29,388 - progress - INFO - 	Dataloader config: {'sample_rate': 16000, 'batch_size': 8, 'num_workers': 10, 'pin_memory': True, 'use_start_end_token': False, 'trim_silence': False, 'is_tarred': False, 'tarred_audio_filepaths': None, 'shuffle_n': 2048, 'bucketing_strategy': 'synced_randomized', 'bucketing_batch_size': None, 'return_sample_id': False, 'drop_last': False, 'asr_repo': 'whisper', 'shuffle': False, 'manifest_filepath': 'logs/en/ensemble/train/binary/b7/DAT/version_75/data/en/train_subset/test_ie.txt'}
2024-06-08 11:25:29,389 - progress - INFO - 	Batch size: 8
2024-06-08 11:25:29,392 - progress - INFO - Creating dataloader for logs/en/ensemble/train/binary/b7/DAT/version_75/data/en/train_subset/test_ni.txt
2024-06-08 11:25:29,393 - progress - INFO - 	Dataloader config: {'sample_rate': 16000, 'batch_size': 8, 'num_workers': 10, 'pin_memory': True, 'use_start_end_token': False, 'trim_silence': False, 'is_tarred': False, 'tarred_audio_filepaths': None, 'shuffle_n': 2048, 'bucketing_strategy': 'synced_randomized', 'bucketing_batch_size': None, 'return_sample_id': False, 'drop_last': False, 'asr_repo': 'whisper', 'shuffle': False, 'manifest_filepath': 'logs/en/ensemble/train/binary/b7/DAT/version_75/data/en/train_subset/test_ni.txt'}
2024-06-08 11:25:29,394 - progress - INFO - 	Batch size: 8
2024-06-08 11:25:29,397 - progress - INFO - Creating dataloader for logs/en/ensemble/train/binary/b7/DAT/version_75/data/en/train_subset/test_nz.txt
2024-06-08 11:25:29,397 - progress - INFO - 	Dataloader config: {'sample_rate': 16000, 'batch_size': 8, 'num_workers': 10, 'pin_memory': True, 'use_start_end_token': False, 'trim_silence': False, 'is_tarred': False, 'tarred_audio_filepaths': None, 'shuffle_n': 2048, 'bucketing_strategy': 'synced_randomized', 'bucketing_batch_size': None, 'return_sample_id': False, 'drop_last': False, 'asr_repo': 'whisper', 'shuffle': False, 'manifest_filepath': 'logs/en/ensemble/train/binary/b7/DAT/version_75/data/en/train_subset/test_nz.txt'}
2024-06-08 11:25:29,398 - progress - INFO - 	Batch size: 8
2024-06-08 11:25:29,401 - progress - INFO - Creating dataloader for logs/en/ensemble/train/binary/b7/DAT/version_75/data/en/train_subset/test_ph.txt
2024-06-08 11:25:29,402 - progress - INFO - 	Dataloader config: {'sample_rate': 16000, 'batch_size': 8, 'num_workers': 10, 'pin_memory': True, 'use_start_end_token': False, 'trim_silence': False, 'is_tarred': False, 'tarred_audio_filepaths': None, 'shuffle_n': 2048, 'bucketing_strategy': 'synced_randomized', 'bucketing_batch_size': None, 'return_sample_id': False, 'drop_last': False, 'asr_repo': 'whisper', 'shuffle': False, 'manifest_filepath': 'logs/en/ensemble/train/binary/b7/DAT/version_75/data/en/train_subset/test_ph.txt'}
2024-06-08 11:25:29,403 - progress - INFO - 	Batch size: 8
2024-06-08 11:25:29,406 - progress - INFO - Creating dataloader for logs/en/ensemble/train/binary/b7/DAT/version_75/data/en/train_subset/test_sc.txt
2024-06-08 11:25:29,406 - progress - INFO - 	Dataloader config: {'sample_rate': 16000, 'batch_size': 8, 'num_workers': 10, 'pin_memory': True, 'use_start_end_token': False, 'trim_silence': False, 'is_tarred': False, 'tarred_audio_filepaths': None, 'shuffle_n': 2048, 'bucketing_strategy': 'synced_randomized', 'bucketing_batch_size': None, 'return_sample_id': False, 'drop_last': False, 'asr_repo': 'whisper', 'shuffle': False, 'manifest_filepath': 'logs/en/ensemble/train/binary/b7/DAT/version_75/data/en/train_subset/test_sc.txt'}
2024-06-08 11:25:29,407 - progress - INFO - 	Batch size: 8
2024-06-08 11:25:29,410 - progress - INFO - Creating dataloader for logs/en/ensemble/train/binary/b7/DAT/version_75/data/en/train_subset/test_sg.txt
2024-06-08 11:25:29,411 - progress - INFO - 	Dataloader config: {'sample_rate': 16000, 'batch_size': 8, 'num_workers': 10, 'pin_memory': True, 'use_start_end_token': False, 'trim_silence': False, 'is_tarred': False, 'tarred_audio_filepaths': None, 'shuffle_n': 2048, 'bucketing_strategy': 'synced_randomized', 'bucketing_batch_size': None, 'return_sample_id': False, 'drop_last': False, 'asr_repo': 'whisper', 'shuffle': False, 'manifest_filepath': 'logs/en/ensemble/train/binary/b7/DAT/version_75/data/en/train_subset/test_sg.txt'}
2024-06-08 11:25:29,411 - progress - INFO - 	Batch size: 8
2024-06-08 11:25:29,414 - progress - INFO - Creating dataloader for logs/en/ensemble/train/binary/b7/DAT/version_75/data/en/train_subset/test_za.txt
2024-06-08 11:25:29,414 - progress - INFO - 	Dataloader config: {'sample_rate': 16000, 'batch_size': 8, 'num_workers': 10, 'pin_memory': True, 'use_start_end_token': False, 'trim_silence': False, 'is_tarred': False, 'tarred_audio_filepaths': None, 'shuffle_n': 2048, 'bucketing_strategy': 'synced_randomized', 'bucketing_batch_size': None, 'return_sample_id': False, 'drop_last': False, 'asr_repo': 'whisper', 'shuffle': False, 'manifest_filepath': 'logs/en/ensemble/train/binary/b7/DAT/version_75/data/en/train_subset/test_za.txt'}
2024-06-08 11:25:29,415 - progress - INFO - 	Batch size: 8
2024-06-08 11:34:07,591 - progress - INFO - Configuring optimizers
2024-06-08 11:34:07,608 - progress - INFO - Creating dataloader for ['logs/en/ensemble/train/binary/b7/DAT/version_75/data/en/train_subset/train_us.txt']
2024-06-08 11:34:07,609 - progress - INFO - 	Dataloader config: {'sample_rate': 16000, 'batch_size': 8, 'num_workers': 10, 'pin_memory': True, 'use_start_end_token': False, 'trim_silence': False, 'is_tarred': False, 'tarred_audio_filepaths': None, 'shuffle_n': 2048, 'bucketing_strategy': 'synced_randomized', 'bucketing_batch_size': None, 'return_sample_id': False, 'drop_last': False, 'asr_repo': 'whisper', 'shuffle': True, 'manifest_filepath': ['logs/en/ensemble/train/binary/b7/DAT/version_75/data/en/train_subset/train_us.txt']}
2024-06-08 11:34:07,610 - progress - INFO - 	Batch size: 8
2024-06-08 11:34:07,633 - progress - INFO - Creating dataloader for ['logs/en/ensemble/train/binary/b7/DAT/version_75/data/en/train_subset/train_ca.txt', 'logs/en/ensemble/train/binary/b7/DAT/version_75/data/en/train_subset/train_uk.txt', 'logs/en/ensemble/train/binary/b7/DAT/version_75/data/en/train_subset/train_in.txt', 'logs/en/ensemble/train/binary/b7/DAT/version_75/data/en/train_subset/train_de.txt', 'logs/en/ensemble/train/binary/b7/DAT/version_75/data/en/train_subset/train_au.txt']
2024-06-08 11:34:07,634 - progress - INFO - 	Dataloader config: {'sample_rate': 16000, 'batch_size': 8, 'num_workers': 10, 'pin_memory': True, 'use_start_end_token': False, 'trim_silence': False, 'is_tarred': False, 'tarred_audio_filepaths': None, 'shuffle_n': 2048, 'bucketing_strategy': 'synced_randomized', 'bucketing_batch_size': None, 'return_sample_id': False, 'drop_last': False, 'asr_repo': 'whisper', 'shuffle': True, 'manifest_filepath': ['logs/en/ensemble/train/binary/b7/DAT/version_75/data/en/train_subset/train_ca.txt', 'logs/en/ensemble/train/binary/b7/DAT/version_75/data/en/train_subset/train_uk.txt', 'logs/en/ensemble/train/binary/b7/DAT/version_75/data/en/train_subset/train_in.txt', 'logs/en/ensemble/train/binary/b7/DAT/version_75/data/en/train_subset/train_de.txt', 'logs/en/ensemble/train/binary/b7/DAT/version_75/data/en/train_subset/train_au.txt']}
2024-06-08 11:34:07,635 - progress - INFO - 	Batch size: 8
2024-06-08 11:34:07,749 - progress - INFO - Scheduler max. steps: 960
2024-06-08 11:34:07,760 - progress - INFO - Creating dataloader for ['logs/en/ensemble/train/binary/b7/DAT/version_75/data/en/train_subset/train_us.txt']
2024-06-08 11:34:07,761 - progress - INFO - 	Dataloader config: {'sample_rate': 16000, 'batch_size': 8, 'num_workers': 10, 'pin_memory': True, 'use_start_end_token': False, 'trim_silence': False, 'is_tarred': False, 'tarred_audio_filepaths': None, 'shuffle_n': 2048, 'bucketing_strategy': 'synced_randomized', 'bucketing_batch_size': None, 'return_sample_id': False, 'drop_last': False, 'asr_repo': 'whisper', 'shuffle': True, 'manifest_filepath': ['logs/en/ensemble/train/binary/b7/DAT/version_75/data/en/train_subset/train_us.txt']}
2024-06-08 11:34:07,762 - progress - INFO - 	Batch size: 8
2024-06-08 11:34:07,779 - progress - INFO - Creating dataloader for ['logs/en/ensemble/train/binary/b7/DAT/version_75/data/en/train_subset/train_ca.txt', 'logs/en/ensemble/train/binary/b7/DAT/version_75/data/en/train_subset/train_uk.txt', 'logs/en/ensemble/train/binary/b7/DAT/version_75/data/en/train_subset/train_in.txt', 'logs/en/ensemble/train/binary/b7/DAT/version_75/data/en/train_subset/train_de.txt', 'logs/en/ensemble/train/binary/b7/DAT/version_75/data/en/train_subset/train_au.txt']
2024-06-08 11:34:07,779 - progress - INFO - 	Dataloader config: {'sample_rate': 16000, 'batch_size': 8, 'num_workers': 10, 'pin_memory': True, 'use_start_end_token': False, 'trim_silence': False, 'is_tarred': False, 'tarred_audio_filepaths': None, 'shuffle_n': 2048, 'bucketing_strategy': 'synced_randomized', 'bucketing_batch_size': None, 'return_sample_id': False, 'drop_last': False, 'asr_repo': 'whisper', 'shuffle': True, 'manifest_filepath': ['logs/en/ensemble/train/binary/b7/DAT/version_75/data/en/train_subset/train_ca.txt', 'logs/en/ensemble/train/binary/b7/DAT/version_75/data/en/train_subset/train_uk.txt', 'logs/en/ensemble/train/binary/b7/DAT/version_75/data/en/train_subset/train_in.txt', 'logs/en/ensemble/train/binary/b7/DAT/version_75/data/en/train_subset/train_de.txt', 'logs/en/ensemble/train/binary/b7/DAT/version_75/data/en/train_subset/train_au.txt']}
2024-06-08 11:34:07,780 - progress - INFO - 	Batch size: 8
2024-06-08 11:34:07,804 - progress - INFO - Creating dataloader for logs/en/ensemble/train/binary/b7/DAT/version_75/data/en/train_subset/test_us.txt
2024-06-08 11:34:07,804 - progress - INFO - 	Dataloader config: {'sample_rate': 16000, 'batch_size': 8, 'num_workers': 10, 'pin_memory': True, 'use_start_end_token': False, 'trim_silence': False, 'is_tarred': False, 'tarred_audio_filepaths': None, 'shuffle_n': 2048, 'bucketing_strategy': 'synced_randomized', 'bucketing_batch_size': None, 'return_sample_id': False, 'drop_last': False, 'asr_repo': 'whisper', 'shuffle': False, 'manifest_filepath': 'logs/en/ensemble/train/binary/b7/DAT/version_75/data/en/train_subset/test_us.txt'}
2024-06-08 11:34:07,805 - progress - INFO - 	Batch size: 8
2024-06-08 11:34:07,812 - progress - INFO - Creating dataloader for logs/en/ensemble/train/binary/b7/DAT/version_75/data/en/train_subset/test_ca.txt
2024-06-08 11:34:07,813 - progress - INFO - 	Dataloader config: {'sample_rate': 16000, 'batch_size': 8, 'num_workers': 10, 'pin_memory': True, 'use_start_end_token': False, 'trim_silence': False, 'is_tarred': False, 'tarred_audio_filepaths': None, 'shuffle_n': 2048, 'bucketing_strategy': 'synced_randomized', 'bucketing_batch_size': None, 'return_sample_id': False, 'drop_last': False, 'asr_repo': 'whisper', 'shuffle': False, 'manifest_filepath': 'logs/en/ensemble/train/binary/b7/DAT/version_75/data/en/train_subset/test_ca.txt'}
2024-06-08 11:34:07,814 - progress - INFO - 	Batch size: 8
2024-06-08 11:34:07,817 - progress - INFO - Creating dataloader for logs/en/ensemble/train/binary/b7/DAT/version_75/data/en/train_subset/test_uk.txt
2024-06-08 11:34:07,818 - progress - INFO - 	Dataloader config: {'sample_rate': 16000, 'batch_size': 8, 'num_workers': 10, 'pin_memory': True, 'use_start_end_token': False, 'trim_silence': False, 'is_tarred': False, 'tarred_audio_filepaths': None, 'shuffle_n': 2048, 'bucketing_strategy': 'synced_randomized', 'bucketing_batch_size': None, 'return_sample_id': False, 'drop_last': False, 'asr_repo': 'whisper', 'shuffle': False, 'manifest_filepath': 'logs/en/ensemble/train/binary/b7/DAT/version_75/data/en/train_subset/test_uk.txt'}
2024-06-08 11:34:07,819 - progress - INFO - 	Batch size: 8
2024-06-08 11:34:07,822 - progress - INFO - Creating dataloader for logs/en/ensemble/train/binary/b7/DAT/version_75/data/en/train_subset/test_in.txt
2024-06-08 11:34:07,823 - progress - INFO - 	Dataloader config: {'sample_rate': 16000, 'batch_size': 8, 'num_workers': 10, 'pin_memory': True, 'use_start_end_token': False, 'trim_silence': False, 'is_tarred': False, 'tarred_audio_filepaths': None, 'shuffle_n': 2048, 'bucketing_strategy': 'synced_randomized', 'bucketing_batch_size': None, 'return_sample_id': False, 'drop_last': False, 'asr_repo': 'whisper', 'shuffle': False, 'manifest_filepath': 'logs/en/ensemble/train/binary/b7/DAT/version_75/data/en/train_subset/test_in.txt'}
2024-06-08 11:34:07,824 - progress - INFO - 	Batch size: 8
2024-06-08 11:34:07,827 - progress - INFO - Creating dataloader for logs/en/ensemble/train/binary/b7/DAT/version_75/data/en/train_subset/test_de.txt
2024-06-08 11:34:07,828 - progress - INFO - 	Dataloader config: {'sample_rate': 16000, 'batch_size': 8, 'num_workers': 10, 'pin_memory': True, 'use_start_end_token': False, 'trim_silence': False, 'is_tarred': False, 'tarred_audio_filepaths': None, 'shuffle_n': 2048, 'bucketing_strategy': 'synced_randomized', 'bucketing_batch_size': None, 'return_sample_id': False, 'drop_last': False, 'asr_repo': 'whisper', 'shuffle': False, 'manifest_filepath': 'logs/en/ensemble/train/binary/b7/DAT/version_75/data/en/train_subset/test_de.txt'}
2024-06-08 11:34:07,828 - progress - INFO - 	Batch size: 8
2024-06-08 11:34:07,831 - progress - INFO - Creating dataloader for logs/en/ensemble/train/binary/b7/DAT/version_75/data/en/train_subset/test_au.txt
2024-06-08 11:34:07,832 - progress - INFO - 	Dataloader config: {'sample_rate': 16000, 'batch_size': 8, 'num_workers': 10, 'pin_memory': True, 'use_start_end_token': False, 'trim_silence': False, 'is_tarred': False, 'tarred_audio_filepaths': None, 'shuffle_n': 2048, 'bucketing_strategy': 'synced_randomized', 'bucketing_batch_size': None, 'return_sample_id': False, 'drop_last': False, 'asr_repo': 'whisper', 'shuffle': False, 'manifest_filepath': 'logs/en/ensemble/train/binary/b7/DAT/version_75/data/en/train_subset/test_au.txt'}
2024-06-08 11:34:07,833 - progress - INFO - 	Batch size: 8
2024-06-08 11:34:07,835 - progress - INFO - Creating dataloader for logs/en/ensemble/train/binary/b7/DAT/version_75/data/en/train_subset/test_hk.txt
2024-06-08 11:34:07,836 - progress - INFO - 	Dataloader config: {'sample_rate': 16000, 'batch_size': 8, 'num_workers': 10, 'pin_memory': True, 'use_start_end_token': False, 'trim_silence': False, 'is_tarred': False, 'tarred_audio_filepaths': None, 'shuffle_n': 2048, 'bucketing_strategy': 'synced_randomized', 'bucketing_batch_size': None, 'return_sample_id': False, 'drop_last': False, 'asr_repo': 'whisper', 'shuffle': False, 'manifest_filepath': 'logs/en/ensemble/train/binary/b7/DAT/version_75/data/en/train_subset/test_hk.txt'}
2024-06-08 11:34:07,837 - progress - INFO - 	Batch size: 8
2024-06-08 11:34:07,839 - progress - INFO - Creating dataloader for logs/en/ensemble/train/binary/b7/DAT/version_75/data/en/train_subset/test_ie.txt
2024-06-08 11:34:07,840 - progress - INFO - 	Dataloader config: {'sample_rate': 16000, 'batch_size': 8, 'num_workers': 10, 'pin_memory': True, 'use_start_end_token': False, 'trim_silence': False, 'is_tarred': False, 'tarred_audio_filepaths': None, 'shuffle_n': 2048, 'bucketing_strategy': 'synced_randomized', 'bucketing_batch_size': None, 'return_sample_id': False, 'drop_last': False, 'asr_repo': 'whisper', 'shuffle': False, 'manifest_filepath': 'logs/en/ensemble/train/binary/b7/DAT/version_75/data/en/train_subset/test_ie.txt'}
2024-06-08 11:34:07,841 - progress - INFO - 	Batch size: 8
2024-06-08 11:34:07,844 - progress - INFO - Creating dataloader for logs/en/ensemble/train/binary/b7/DAT/version_75/data/en/train_subset/test_ni.txt
2024-06-08 11:34:07,845 - progress - INFO - 	Dataloader config: {'sample_rate': 16000, 'batch_size': 8, 'num_workers': 10, 'pin_memory': True, 'use_start_end_token': False, 'trim_silence': False, 'is_tarred': False, 'tarred_audio_filepaths': None, 'shuffle_n': 2048, 'bucketing_strategy': 'synced_randomized', 'bucketing_batch_size': None, 'return_sample_id': False, 'drop_last': False, 'asr_repo': 'whisper', 'shuffle': False, 'manifest_filepath': 'logs/en/ensemble/train/binary/b7/DAT/version_75/data/en/train_subset/test_ni.txt'}
2024-06-08 11:34:07,845 - progress - INFO - 	Batch size: 8
2024-06-08 11:34:07,847 - progress - INFO - Creating dataloader for logs/en/ensemble/train/binary/b7/DAT/version_75/data/en/train_subset/test_nz.txt
2024-06-08 11:34:07,848 - progress - INFO - 	Dataloader config: {'sample_rate': 16000, 'batch_size': 8, 'num_workers': 10, 'pin_memory': True, 'use_start_end_token': False, 'trim_silence': False, 'is_tarred': False, 'tarred_audio_filepaths': None, 'shuffle_n': 2048, 'bucketing_strategy': 'synced_randomized', 'bucketing_batch_size': None, 'return_sample_id': False, 'drop_last': False, 'asr_repo': 'whisper', 'shuffle': False, 'manifest_filepath': 'logs/en/ensemble/train/binary/b7/DAT/version_75/data/en/train_subset/test_nz.txt'}
2024-06-08 11:34:07,849 - progress - INFO - 	Batch size: 8
2024-06-08 11:34:07,852 - progress - INFO - Creating dataloader for logs/en/ensemble/train/binary/b7/DAT/version_75/data/en/train_subset/test_ph.txt
2024-06-08 11:34:07,852 - progress - INFO - 	Dataloader config: {'sample_rate': 16000, 'batch_size': 8, 'num_workers': 10, 'pin_memory': True, 'use_start_end_token': False, 'trim_silence': False, 'is_tarred': False, 'tarred_audio_filepaths': None, 'shuffle_n': 2048, 'bucketing_strategy': 'synced_randomized', 'bucketing_batch_size': None, 'return_sample_id': False, 'drop_last': False, 'asr_repo': 'whisper', 'shuffle': False, 'manifest_filepath': 'logs/en/ensemble/train/binary/b7/DAT/version_75/data/en/train_subset/test_ph.txt'}
2024-06-08 11:34:07,853 - progress - INFO - 	Batch size: 8
2024-06-08 11:34:07,856 - progress - INFO - Creating dataloader for logs/en/ensemble/train/binary/b7/DAT/version_75/data/en/train_subset/test_sc.txt
2024-06-08 11:34:07,857 - progress - INFO - 	Dataloader config: {'sample_rate': 16000, 'batch_size': 8, 'num_workers': 10, 'pin_memory': True, 'use_start_end_token': False, 'trim_silence': False, 'is_tarred': False, 'tarred_audio_filepaths': None, 'shuffle_n': 2048, 'bucketing_strategy': 'synced_randomized', 'bucketing_batch_size': None, 'return_sample_id': False, 'drop_last': False, 'asr_repo': 'whisper', 'shuffle': False, 'manifest_filepath': 'logs/en/ensemble/train/binary/b7/DAT/version_75/data/en/train_subset/test_sc.txt'}
2024-06-08 11:34:07,858 - progress - INFO - 	Batch size: 8
2024-06-08 11:34:07,861 - progress - INFO - Creating dataloader for logs/en/ensemble/train/binary/b7/DAT/version_75/data/en/train_subset/test_sg.txt
2024-06-08 11:34:07,862 - progress - INFO - 	Dataloader config: {'sample_rate': 16000, 'batch_size': 8, 'num_workers': 10, 'pin_memory': True, 'use_start_end_token': False, 'trim_silence': False, 'is_tarred': False, 'tarred_audio_filepaths': None, 'shuffle_n': 2048, 'bucketing_strategy': 'synced_randomized', 'bucketing_batch_size': None, 'return_sample_id': False, 'drop_last': False, 'asr_repo': 'whisper', 'shuffle': False, 'manifest_filepath': 'logs/en/ensemble/train/binary/b7/DAT/version_75/data/en/train_subset/test_sg.txt'}
2024-06-08 11:34:07,862 - progress - INFO - 	Batch size: 8
2024-06-08 11:34:07,865 - progress - INFO - Creating dataloader for logs/en/ensemble/train/binary/b7/DAT/version_75/data/en/train_subset/test_za.txt
2024-06-08 11:34:07,865 - progress - INFO - 	Dataloader config: {'sample_rate': 16000, 'batch_size': 8, 'num_workers': 10, 'pin_memory': True, 'use_start_end_token': False, 'trim_silence': False, 'is_tarred': False, 'tarred_audio_filepaths': None, 'shuffle_n': 2048, 'bucketing_strategy': 'synced_randomized', 'bucketing_batch_size': None, 'return_sample_id': False, 'drop_last': False, 'asr_repo': 'whisper', 'shuffle': False, 'manifest_filepath': 'logs/en/ensemble/train/binary/b7/DAT/version_75/data/en/train_subset/test_za.txt'}
2024-06-08 11:34:07,866 - progress - INFO - 	Batch size: 8
