2023-07-21 10:55:37,905 - progress - INFO - Creating dataloader for logs/en/asr/train/version_6/data/en/train_split/test_us.txt
2023-07-21 10:55:37,906 - progress - INFO - 	Dataloader config: {'sample_rate': 16000, 'batch_size': 12, 'num_workers': 10, 'pin_memory': True, 'use_start_end_token': False, 'trim_silence': False, 'is_tarred': False, 'tarred_audio_filepaths': None, 'shuffle_n': 2048, 'bucketing_strategy': 'synced_randomized', 'bucketing_batch_size': None, 'return_sample_id': False, 'drop_last': False, 'asr_repo': 'whisper', 'shuffle': False, 'manifest_filepath': 'logs/en/asr/train/version_6/data/en/train_split/test_us.txt'}
2023-07-21 10:55:37,907 - progress - INFO - 	Batch size: 12
2023-07-21 10:55:38,510 - progress - INFO - Creating dataloader for logs/en/asr/train/version_6/data/en/train_split/test_ca.txt
2023-07-21 10:55:38,511 - progress - INFO - 	Dataloader config: {'sample_rate': 16000, 'batch_size': 12, 'num_workers': 10, 'pin_memory': True, 'use_start_end_token': False, 'trim_silence': False, 'is_tarred': False, 'tarred_audio_filepaths': None, 'shuffle_n': 2048, 'bucketing_strategy': 'synced_randomized', 'bucketing_batch_size': None, 'return_sample_id': False, 'drop_last': False, 'asr_repo': 'whisper', 'shuffle': False, 'manifest_filepath': 'logs/en/asr/train/version_6/data/en/train_split/test_ca.txt'}
2023-07-21 10:55:38,512 - progress - INFO - 	Batch size: 12
2023-07-21 10:55:38,523 - progress - INFO - Creating dataloader for logs/en/asr/train/version_6/data/en/train_split/test_uk.txt
2023-07-21 10:55:38,523 - progress - INFO - 	Dataloader config: {'sample_rate': 16000, 'batch_size': 12, 'num_workers': 10, 'pin_memory': True, 'use_start_end_token': False, 'trim_silence': False, 'is_tarred': False, 'tarred_audio_filepaths': None, 'shuffle_n': 2048, 'bucketing_strategy': 'synced_randomized', 'bucketing_batch_size': None, 'return_sample_id': False, 'drop_last': False, 'asr_repo': 'whisper', 'shuffle': False, 'manifest_filepath': 'logs/en/asr/train/version_6/data/en/train_split/test_uk.txt'}
2023-07-21 10:55:38,524 - progress - INFO - 	Batch size: 12
2023-07-21 10:55:38,543 - progress - INFO - Creating dataloader for logs/en/asr/train/version_6/data/en/train_split/test_in.txt
2023-07-21 10:55:38,544 - progress - INFO - 	Dataloader config: {'sample_rate': 16000, 'batch_size': 12, 'num_workers': 10, 'pin_memory': True, 'use_start_end_token': False, 'trim_silence': False, 'is_tarred': False, 'tarred_audio_filepaths': None, 'shuffle_n': 2048, 'bucketing_strategy': 'synced_randomized', 'bucketing_batch_size': None, 'return_sample_id': False, 'drop_last': False, 'asr_repo': 'whisper', 'shuffle': False, 'manifest_filepath': 'logs/en/asr/train/version_6/data/en/train_split/test_in.txt'}
2023-07-21 10:55:38,545 - progress - INFO - 	Batch size: 12
2023-07-21 10:55:38,561 - progress - INFO - Creating dataloader for logs/en/asr/train/version_6/data/en/train_split/test_de.txt
2023-07-21 10:55:38,561 - progress - INFO - 	Dataloader config: {'sample_rate': 16000, 'batch_size': 12, 'num_workers': 10, 'pin_memory': True, 'use_start_end_token': False, 'trim_silence': False, 'is_tarred': False, 'tarred_audio_filepaths': None, 'shuffle_n': 2048, 'bucketing_strategy': 'synced_randomized', 'bucketing_batch_size': None, 'return_sample_id': False, 'drop_last': False, 'asr_repo': 'whisper', 'shuffle': False, 'manifest_filepath': 'logs/en/asr/train/version_6/data/en/train_split/test_de.txt'}
2023-07-21 10:55:38,562 - progress - INFO - 	Batch size: 12
2023-07-21 10:55:38,571 - progress - INFO - Creating dataloader for logs/en/asr/train/version_6/data/en/train_split/test_au.txt
2023-07-21 10:55:38,572 - progress - INFO - 	Dataloader config: {'sample_rate': 16000, 'batch_size': 12, 'num_workers': 10, 'pin_memory': True, 'use_start_end_token': False, 'trim_silence': False, 'is_tarred': False, 'tarred_audio_filepaths': None, 'shuffle_n': 2048, 'bucketing_strategy': 'synced_randomized', 'bucketing_batch_size': None, 'return_sample_id': False, 'drop_last': False, 'asr_repo': 'whisper', 'shuffle': False, 'manifest_filepath': 'logs/en/asr/train/version_6/data/en/train_split/test_au.txt'}
2023-07-21 10:55:38,572 - progress - INFO - 	Batch size: 12
2023-07-21 10:55:38,582 - progress - INFO - Creating dataloader for logs/en/asr/train/version_6/data/en/train_split/test_hk.txt
2023-07-21 10:55:38,583 - progress - INFO - 	Dataloader config: {'sample_rate': 16000, 'batch_size': 12, 'num_workers': 10, 'pin_memory': True, 'use_start_end_token': False, 'trim_silence': False, 'is_tarred': False, 'tarred_audio_filepaths': None, 'shuffle_n': 2048, 'bucketing_strategy': 'synced_randomized', 'bucketing_batch_size': None, 'return_sample_id': False, 'drop_last': False, 'asr_repo': 'whisper', 'shuffle': False, 'manifest_filepath': 'logs/en/asr/train/version_6/data/en/train_split/test_hk.txt'}
2023-07-21 10:55:38,583 - progress - INFO - 	Batch size: 12
2023-07-21 10:55:38,589 - progress - INFO - Creating dataloader for logs/en/asr/train/version_6/data/en/train_split/test_ie.txt
2023-07-21 10:55:38,590 - progress - INFO - 	Dataloader config: {'sample_rate': 16000, 'batch_size': 12, 'num_workers': 10, 'pin_memory': True, 'use_start_end_token': False, 'trim_silence': False, 'is_tarred': False, 'tarred_audio_filepaths': None, 'shuffle_n': 2048, 'bucketing_strategy': 'synced_randomized', 'bucketing_batch_size': None, 'return_sample_id': False, 'drop_last': False, 'asr_repo': 'whisper', 'shuffle': False, 'manifest_filepath': 'logs/en/asr/train/version_6/data/en/train_split/test_ie.txt'}
2023-07-21 10:55:38,590 - progress - INFO - 	Batch size: 12
2023-07-21 10:55:38,599 - progress - INFO - Creating dataloader for logs/en/asr/train/version_6/data/en/train_split/test_ni.txt
2023-07-21 10:55:38,600 - progress - INFO - 	Dataloader config: {'sample_rate': 16000, 'batch_size': 12, 'num_workers': 10, 'pin_memory': True, 'use_start_end_token': False, 'trim_silence': False, 'is_tarred': False, 'tarred_audio_filepaths': None, 'shuffle_n': 2048, 'bucketing_strategy': 'synced_randomized', 'bucketing_batch_size': None, 'return_sample_id': False, 'drop_last': False, 'asr_repo': 'whisper', 'shuffle': False, 'manifest_filepath': 'logs/en/asr/train/version_6/data/en/train_split/test_ni.txt'}
2023-07-21 10:55:38,601 - progress - INFO - 	Batch size: 12
2023-07-21 10:55:38,607 - progress - INFO - Creating dataloader for logs/en/asr/train/version_6/data/en/train_split/test_nz.txt
2023-07-21 10:55:38,607 - progress - INFO - 	Dataloader config: {'sample_rate': 16000, 'batch_size': 12, 'num_workers': 10, 'pin_memory': True, 'use_start_end_token': False, 'trim_silence': False, 'is_tarred': False, 'tarred_audio_filepaths': None, 'shuffle_n': 2048, 'bucketing_strategy': 'synced_randomized', 'bucketing_batch_size': None, 'return_sample_id': False, 'drop_last': False, 'asr_repo': 'whisper', 'shuffle': False, 'manifest_filepath': 'logs/en/asr/train/version_6/data/en/train_split/test_nz.txt'}
2023-07-21 10:55:38,608 - progress - INFO - 	Batch size: 12
2023-07-21 10:55:38,618 - progress - INFO - Creating dataloader for logs/en/asr/train/version_6/data/en/train_split/test_ph.txt
2023-07-21 10:55:38,619 - progress - INFO - 	Dataloader config: {'sample_rate': 16000, 'batch_size': 12, 'num_workers': 10, 'pin_memory': True, 'use_start_end_token': False, 'trim_silence': False, 'is_tarred': False, 'tarred_audio_filepaths': None, 'shuffle_n': 2048, 'bucketing_strategy': 'synced_randomized', 'bucketing_batch_size': None, 'return_sample_id': False, 'drop_last': False, 'asr_repo': 'whisper', 'shuffle': False, 'manifest_filepath': 'logs/en/asr/train/version_6/data/en/train_split/test_ph.txt'}
2023-07-21 10:55:38,620 - progress - INFO - 	Batch size: 12
2023-07-21 10:55:38,625 - progress - INFO - Creating dataloader for logs/en/asr/train/version_6/data/en/train_split/test_sc.txt
2023-07-21 10:55:38,626 - progress - INFO - 	Dataloader config: {'sample_rate': 16000, 'batch_size': 12, 'num_workers': 10, 'pin_memory': True, 'use_start_end_token': False, 'trim_silence': False, 'is_tarred': False, 'tarred_audio_filepaths': None, 'shuffle_n': 2048, 'bucketing_strategy': 'synced_randomized', 'bucketing_batch_size': None, 'return_sample_id': False, 'drop_last': False, 'asr_repo': 'whisper', 'shuffle': False, 'manifest_filepath': 'logs/en/asr/train/version_6/data/en/train_split/test_sc.txt'}
2023-07-21 10:55:38,627 - progress - INFO - 	Batch size: 12
2023-07-21 10:55:38,639 - progress - INFO - Creating dataloader for logs/en/asr/train/version_6/data/en/train_split/test_sg.txt
2023-07-21 10:55:38,640 - progress - INFO - 	Dataloader config: {'sample_rate': 16000, 'batch_size': 12, 'num_workers': 10, 'pin_memory': True, 'use_start_end_token': False, 'trim_silence': False, 'is_tarred': False, 'tarred_audio_filepaths': None, 'shuffle_n': 2048, 'bucketing_strategy': 'synced_randomized', 'bucketing_batch_size': None, 'return_sample_id': False, 'drop_last': False, 'asr_repo': 'whisper', 'shuffle': False, 'manifest_filepath': 'logs/en/asr/train/version_6/data/en/train_split/test_sg.txt'}
2023-07-21 10:55:38,641 - progress - INFO - 	Batch size: 12
2023-07-21 10:55:38,645 - progress - INFO - Creating dataloader for logs/en/asr/train/version_6/data/en/train_split/test_za.txt
2023-07-21 10:55:38,646 - progress - INFO - 	Dataloader config: {'sample_rate': 16000, 'batch_size': 12, 'num_workers': 10, 'pin_memory': True, 'use_start_end_token': False, 'trim_silence': False, 'is_tarred': False, 'tarred_audio_filepaths': None, 'shuffle_n': 2048, 'bucketing_strategy': 'synced_randomized', 'bucketing_batch_size': None, 'return_sample_id': False, 'drop_last': False, 'asr_repo': 'whisper', 'shuffle': False, 'manifest_filepath': 'logs/en/asr/train/version_6/data/en/train_split/test_za.txt'}
2023-07-21 10:55:38,647 - progress - INFO - 	Batch size: 12
2023-07-21 10:59:06,205 - progress - INFO - Configuring optimizers
2023-07-21 10:59:06,227 - progress - INFO - Creating dataloader for ['logs/en/asr/train/version_6/data/en/train_split/train_us.txt', 'logs/en/asr/train/version_6/data/en/train_split/train_ca.txt', 'logs/en/asr/train/version_6/data/en/train_split/train_uk.txt', 'logs/en/asr/train/version_6/data/en/train_split/train_in.txt', 'logs/en/asr/train/version_6/data/en/train_split/train_de.txt', 'logs/en/asr/train/version_6/data/en/train_split/train_au.txt']
2023-07-21 10:59:06,228 - progress - INFO - 	Dataloader config: {'sample_rate': 16000, 'batch_size': 12, 'num_workers': 10, 'pin_memory': True, 'use_start_end_token': False, 'trim_silence': False, 'is_tarred': False, 'tarred_audio_filepaths': None, 'shuffle_n': 2048, 'bucketing_strategy': 'synced_randomized', 'bucketing_batch_size': None, 'return_sample_id': False, 'drop_last': False, 'asr_repo': 'whisper', 'shuffle': False, 'manifest_filepath': ['logs/en/asr/train/version_6/data/en/train_split/train_us.txt', 'logs/en/asr/train/version_6/data/en/train_split/train_ca.txt', 'logs/en/asr/train/version_6/data/en/train_split/train_uk.txt', 'logs/en/asr/train/version_6/data/en/train_split/train_in.txt', 'logs/en/asr/train/version_6/data/en/train_split/train_de.txt', 'logs/en/asr/train/version_6/data/en/train_split/train_au.txt']}
2023-07-21 10:59:06,229 - progress - INFO - 	Batch size: 12
2023-07-21 10:59:06,665 - progress - INFO - Creating dataloader for logs/en/asr/train/version_6/data/en/train_split/test_us.txt
2023-07-21 10:59:06,666 - progress - INFO - 	Dataloader config: {'sample_rate': 16000, 'batch_size': 12, 'num_workers': 10, 'pin_memory': True, 'use_start_end_token': False, 'trim_silence': False, 'is_tarred': False, 'tarred_audio_filepaths': None, 'shuffle_n': 2048, 'bucketing_strategy': 'synced_randomized', 'bucketing_batch_size': None, 'return_sample_id': False, 'drop_last': False, 'asr_repo': 'whisper', 'shuffle': False, 'manifest_filepath': 'logs/en/asr/train/version_6/data/en/train_split/test_us.txt'}
2023-07-21 10:59:06,667 - progress - INFO - 	Batch size: 12
2023-07-21 10:59:06,714 - progress - INFO - Creating dataloader for logs/en/asr/train/version_6/data/en/train_split/test_ca.txt
2023-07-21 10:59:06,715 - progress - INFO - 	Dataloader config: {'sample_rate': 16000, 'batch_size': 12, 'num_workers': 10, 'pin_memory': True, 'use_start_end_token': False, 'trim_silence': False, 'is_tarred': False, 'tarred_audio_filepaths': None, 'shuffle_n': 2048, 'bucketing_strategy': 'synced_randomized', 'bucketing_batch_size': None, 'return_sample_id': False, 'drop_last': False, 'asr_repo': 'whisper', 'shuffle': False, 'manifest_filepath': 'logs/en/asr/train/version_6/data/en/train_split/test_ca.txt'}
2023-07-21 10:59:06,715 - progress - INFO - 	Batch size: 12
2023-07-21 10:59:06,725 - progress - INFO - Creating dataloader for logs/en/asr/train/version_6/data/en/train_split/test_uk.txt
2023-07-21 10:59:06,726 - progress - INFO - 	Dataloader config: {'sample_rate': 16000, 'batch_size': 12, 'num_workers': 10, 'pin_memory': True, 'use_start_end_token': False, 'trim_silence': False, 'is_tarred': False, 'tarred_audio_filepaths': None, 'shuffle_n': 2048, 'bucketing_strategy': 'synced_randomized', 'bucketing_batch_size': None, 'return_sample_id': False, 'drop_last': False, 'asr_repo': 'whisper', 'shuffle': False, 'manifest_filepath': 'logs/en/asr/train/version_6/data/en/train_split/test_uk.txt'}
2023-07-21 10:59:06,726 - progress - INFO - 	Batch size: 12
2023-07-21 10:59:06,744 - progress - INFO - Creating dataloader for logs/en/asr/train/version_6/data/en/train_split/test_in.txt
2023-07-21 10:59:06,745 - progress - INFO - 	Dataloader config: {'sample_rate': 16000, 'batch_size': 12, 'num_workers': 10, 'pin_memory': True, 'use_start_end_token': False, 'trim_silence': False, 'is_tarred': False, 'tarred_audio_filepaths': None, 'shuffle_n': 2048, 'bucketing_strategy': 'synced_randomized', 'bucketing_batch_size': None, 'return_sample_id': False, 'drop_last': False, 'asr_repo': 'whisper', 'shuffle': False, 'manifest_filepath': 'logs/en/asr/train/version_6/data/en/train_split/test_in.txt'}
2023-07-21 10:59:06,746 - progress - INFO - 	Batch size: 12
2023-07-21 10:59:06,760 - progress - INFO - Creating dataloader for logs/en/asr/train/version_6/data/en/train_split/test_de.txt
2023-07-21 10:59:06,761 - progress - INFO - 	Dataloader config: {'sample_rate': 16000, 'batch_size': 12, 'num_workers': 10, 'pin_memory': True, 'use_start_end_token': False, 'trim_silence': False, 'is_tarred': False, 'tarred_audio_filepaths': None, 'shuffle_n': 2048, 'bucketing_strategy': 'synced_randomized', 'bucketing_batch_size': None, 'return_sample_id': False, 'drop_last': False, 'asr_repo': 'whisper', 'shuffle': False, 'manifest_filepath': 'logs/en/asr/train/version_6/data/en/train_split/test_de.txt'}
2023-07-21 10:59:06,762 - progress - INFO - 	Batch size: 12
2023-07-21 10:59:06,770 - progress - INFO - Creating dataloader for logs/en/asr/train/version_6/data/en/train_split/test_au.txt
2023-07-21 10:59:06,770 - progress - INFO - 	Dataloader config: {'sample_rate': 16000, 'batch_size': 12, 'num_workers': 10, 'pin_memory': True, 'use_start_end_token': False, 'trim_silence': False, 'is_tarred': False, 'tarred_audio_filepaths': None, 'shuffle_n': 2048, 'bucketing_strategy': 'synced_randomized', 'bucketing_batch_size': None, 'return_sample_id': False, 'drop_last': False, 'asr_repo': 'whisper', 'shuffle': False, 'manifest_filepath': 'logs/en/asr/train/version_6/data/en/train_split/test_au.txt'}
2023-07-21 10:59:06,771 - progress - INFO - 	Batch size: 12
2023-07-21 10:59:06,779 - progress - INFO - Creating dataloader for logs/en/asr/train/version_6/data/en/train_split/test_hk.txt
2023-07-21 10:59:06,780 - progress - INFO - 	Dataloader config: {'sample_rate': 16000, 'batch_size': 12, 'num_workers': 10, 'pin_memory': True, 'use_start_end_token': False, 'trim_silence': False, 'is_tarred': False, 'tarred_audio_filepaths': None, 'shuffle_n': 2048, 'bucketing_strategy': 'synced_randomized', 'bucketing_batch_size': None, 'return_sample_id': False, 'drop_last': False, 'asr_repo': 'whisper', 'shuffle': False, 'manifest_filepath': 'logs/en/asr/train/version_6/data/en/train_split/test_hk.txt'}
2023-07-21 10:59:06,780 - progress - INFO - 	Batch size: 12
2023-07-21 10:59:06,785 - progress - INFO - Creating dataloader for logs/en/asr/train/version_6/data/en/train_split/test_ie.txt
2023-07-21 10:59:06,786 - progress - INFO - 	Dataloader config: {'sample_rate': 16000, 'batch_size': 12, 'num_workers': 10, 'pin_memory': True, 'use_start_end_token': False, 'trim_silence': False, 'is_tarred': False, 'tarred_audio_filepaths': None, 'shuffle_n': 2048, 'bucketing_strategy': 'synced_randomized', 'bucketing_batch_size': None, 'return_sample_id': False, 'drop_last': False, 'asr_repo': 'whisper', 'shuffle': False, 'manifest_filepath': 'logs/en/asr/train/version_6/data/en/train_split/test_ie.txt'}
2023-07-21 10:59:06,786 - progress - INFO - 	Batch size: 12
2023-07-21 10:59:06,794 - progress - INFO - Creating dataloader for logs/en/asr/train/version_6/data/en/train_split/test_ni.txt
2023-07-21 10:59:06,795 - progress - INFO - 	Dataloader config: {'sample_rate': 16000, 'batch_size': 12, 'num_workers': 10, 'pin_memory': True, 'use_start_end_token': False, 'trim_silence': False, 'is_tarred': False, 'tarred_audio_filepaths': None, 'shuffle_n': 2048, 'bucketing_strategy': 'synced_randomized', 'bucketing_batch_size': None, 'return_sample_id': False, 'drop_last': False, 'asr_repo': 'whisper', 'shuffle': False, 'manifest_filepath': 'logs/en/asr/train/version_6/data/en/train_split/test_ni.txt'}
2023-07-21 10:59:06,795 - progress - INFO - 	Batch size: 12
2023-07-21 10:59:06,801 - progress - INFO - Creating dataloader for logs/en/asr/train/version_6/data/en/train_split/test_nz.txt
2023-07-21 10:59:06,801 - progress - INFO - 	Dataloader config: {'sample_rate': 16000, 'batch_size': 12, 'num_workers': 10, 'pin_memory': True, 'use_start_end_token': False, 'trim_silence': False, 'is_tarred': False, 'tarred_audio_filepaths': None, 'shuffle_n': 2048, 'bucketing_strategy': 'synced_randomized', 'bucketing_batch_size': None, 'return_sample_id': False, 'drop_last': False, 'asr_repo': 'whisper', 'shuffle': False, 'manifest_filepath': 'logs/en/asr/train/version_6/data/en/train_split/test_nz.txt'}
2023-07-21 10:59:06,802 - progress - INFO - 	Batch size: 12
2023-07-21 10:59:06,812 - progress - INFO - Creating dataloader for logs/en/asr/train/version_6/data/en/train_split/test_ph.txt
2023-07-21 10:59:06,812 - progress - INFO - 	Dataloader config: {'sample_rate': 16000, 'batch_size': 12, 'num_workers': 10, 'pin_memory': True, 'use_start_end_token': False, 'trim_silence': False, 'is_tarred': False, 'tarred_audio_filepaths': None, 'shuffle_n': 2048, 'bucketing_strategy': 'synced_randomized', 'bucketing_batch_size': None, 'return_sample_id': False, 'drop_last': False, 'asr_repo': 'whisper', 'shuffle': False, 'manifest_filepath': 'logs/en/asr/train/version_6/data/en/train_split/test_ph.txt'}
2023-07-21 10:59:06,813 - progress - INFO - 	Batch size: 12
2023-07-21 10:59:06,818 - progress - INFO - Creating dataloader for logs/en/asr/train/version_6/data/en/train_split/test_sc.txt
2023-07-21 10:59:06,818 - progress - INFO - 	Dataloader config: {'sample_rate': 16000, 'batch_size': 12, 'num_workers': 10, 'pin_memory': True, 'use_start_end_token': False, 'trim_silence': False, 'is_tarred': False, 'tarred_audio_filepaths': None, 'shuffle_n': 2048, 'bucketing_strategy': 'synced_randomized', 'bucketing_batch_size': None, 'return_sample_id': False, 'drop_last': False, 'asr_repo': 'whisper', 'shuffle': False, 'manifest_filepath': 'logs/en/asr/train/version_6/data/en/train_split/test_sc.txt'}
2023-07-21 10:59:06,819 - progress - INFO - 	Batch size: 12
2023-07-21 10:59:06,830 - progress - INFO - Creating dataloader for logs/en/asr/train/version_6/data/en/train_split/test_sg.txt
2023-07-21 10:59:06,830 - progress - INFO - 	Dataloader config: {'sample_rate': 16000, 'batch_size': 12, 'num_workers': 10, 'pin_memory': True, 'use_start_end_token': False, 'trim_silence': False, 'is_tarred': False, 'tarred_audio_filepaths': None, 'shuffle_n': 2048, 'bucketing_strategy': 'synced_randomized', 'bucketing_batch_size': None, 'return_sample_id': False, 'drop_last': False, 'asr_repo': 'whisper', 'shuffle': False, 'manifest_filepath': 'logs/en/asr/train/version_6/data/en/train_split/test_sg.txt'}
2023-07-21 10:59:06,831 - progress - INFO - 	Batch size: 12
2023-07-21 10:59:06,834 - progress - INFO - Creating dataloader for logs/en/asr/train/version_6/data/en/train_split/test_za.txt
2023-07-21 10:59:06,835 - progress - INFO - 	Dataloader config: {'sample_rate': 16000, 'batch_size': 12, 'num_workers': 10, 'pin_memory': True, 'use_start_end_token': False, 'trim_silence': False, 'is_tarred': False, 'tarred_audio_filepaths': None, 'shuffle_n': 2048, 'bucketing_strategy': 'synced_randomized', 'bucketing_batch_size': None, 'return_sample_id': False, 'drop_last': False, 'asr_repo': 'whisper', 'shuffle': False, 'manifest_filepath': 'logs/en/asr/train/version_6/data/en/train_split/test_za.txt'}
2023-07-21 10:59:06,836 - progress - INFO - 	Batch size: 12
