2024-05-15 12:57:15,004 - progress - INFO - Configuring optimizers
2024-05-15 12:57:15,011 - progress - INFO - Creating dataloader for ['logs/en/ac/train/binary/b7/version_11/data/en/train_subset/train_us.txt']
2024-05-15 12:57:15,014 - progress - INFO - 	Dataloader config: {'sample_rate': 16000, 'batch_size': 128, 'num_workers': 10, 'pin_memory': True, 'use_start_end_token': False, 'trim_silence': False, 'is_tarred': False, 'tarred_audio_filepaths': None, 'shuffle_n': 2048, 'bucketing_strategy': 'synced_randomized', 'bucketing_batch_size': None, 'return_sample_id': False, 'drop_last': False, 'asr_repo': 'whisper', 'shuffle': True, 'manifest_filepath': ['logs/en/ac/train/binary/b7/version_11/data/en/train_subset/train_us.txt']}
2024-05-15 12:57:15,018 - progress - INFO - 	Batch size: 128
2024-05-15 12:57:15,335 - progress - INFO - Creating dataloader for ['logs/en/ac/train/binary/b7/version_11/data/en/train_subset/train_ca.txt', 'logs/en/ac/train/binary/b7/version_11/data/en/train_subset/train_uk.txt', 'logs/en/ac/train/binary/b7/version_11/data/en/train_subset/train_in.txt', 'logs/en/ac/train/binary/b7/version_11/data/en/train_subset/train_de.txt', 'logs/en/ac/train/binary/b7/version_11/data/en/train_subset/train_au.txt']
2024-05-15 12:57:15,338 - progress - INFO - 	Dataloader config: {'sample_rate': 16000, 'batch_size': 128, 'num_workers': 10, 'pin_memory': True, 'use_start_end_token': False, 'trim_silence': False, 'is_tarred': False, 'tarred_audio_filepaths': None, 'shuffle_n': 2048, 'bucketing_strategy': 'synced_randomized', 'bucketing_batch_size': None, 'return_sample_id': False, 'drop_last': False, 'asr_repo': 'whisper', 'shuffle': True, 'manifest_filepath': ['logs/en/ac/train/binary/b7/version_11/data/en/train_subset/train_ca.txt', 'logs/en/ac/train/binary/b7/version_11/data/en/train_subset/train_uk.txt', 'logs/en/ac/train/binary/b7/version_11/data/en/train_subset/train_in.txt', 'logs/en/ac/train/binary/b7/version_11/data/en/train_subset/train_de.txt', 'logs/en/ac/train/binary/b7/version_11/data/en/train_subset/train_au.txt']}
2024-05-15 12:57:15,340 - progress - INFO - 	Batch size: 128
2024-05-15 12:57:15,406 - progress - INFO - Scheduler max. steps: 490
2024-05-15 12:57:15,478 - progress - INFO - Creating dataloader for ['logs/en/ac/train/binary/b7/version_11/data/en/train_subset/train_us.txt']
2024-05-15 12:57:15,480 - progress - INFO - 	Dataloader config: {'sample_rate': 16000, 'batch_size': 128, 'num_workers': 10, 'pin_memory': True, 'use_start_end_token': False, 'trim_silence': False, 'is_tarred': False, 'tarred_audio_filepaths': None, 'shuffle_n': 2048, 'bucketing_strategy': 'synced_randomized', 'bucketing_batch_size': None, 'return_sample_id': False, 'drop_last': False, 'asr_repo': 'whisper', 'shuffle': True, 'manifest_filepath': ['logs/en/ac/train/binary/b7/version_11/data/en/train_subset/train_us.txt']}
2024-05-15 12:57:15,484 - progress - INFO - 	Batch size: 128
2024-05-15 12:57:15,528 - progress - INFO - Creating dataloader for ['logs/en/ac/train/binary/b7/version_11/data/en/train_subset/train_ca.txt', 'logs/en/ac/train/binary/b7/version_11/data/en/train_subset/train_uk.txt', 'logs/en/ac/train/binary/b7/version_11/data/en/train_subset/train_in.txt', 'logs/en/ac/train/binary/b7/version_11/data/en/train_subset/train_de.txt', 'logs/en/ac/train/binary/b7/version_11/data/en/train_subset/train_au.txt']
2024-05-15 12:57:15,530 - progress - INFO - 	Dataloader config: {'sample_rate': 16000, 'batch_size': 128, 'num_workers': 10, 'pin_memory': True, 'use_start_end_token': False, 'trim_silence': False, 'is_tarred': False, 'tarred_audio_filepaths': None, 'shuffle_n': 2048, 'bucketing_strategy': 'synced_randomized', 'bucketing_batch_size': None, 'return_sample_id': False, 'drop_last': False, 'asr_repo': 'whisper', 'shuffle': True, 'manifest_filepath': ['logs/en/ac/train/binary/b7/version_11/data/en/train_subset/train_ca.txt', 'logs/en/ac/train/binary/b7/version_11/data/en/train_subset/train_uk.txt', 'logs/en/ac/train/binary/b7/version_11/data/en/train_subset/train_in.txt', 'logs/en/ac/train/binary/b7/version_11/data/en/train_subset/train_de.txt', 'logs/en/ac/train/binary/b7/version_11/data/en/train_subset/train_au.txt']}
2024-05-15 12:57:15,534 - progress - INFO - 	Batch size: 128
2024-05-15 12:57:15,595 - progress - INFO - Creating dataloader for logs/en/ac/train/binary/b7/version_11/data/en/train_subset/test_us.txt
2024-05-15 12:57:15,598 - progress - INFO - 	Dataloader config: {'sample_rate': 16000, 'batch_size': 128, 'num_workers': 10, 'pin_memory': True, 'use_start_end_token': False, 'trim_silence': False, 'is_tarred': False, 'tarred_audio_filepaths': None, 'shuffle_n': 2048, 'bucketing_strategy': 'synced_randomized', 'bucketing_batch_size': None, 'return_sample_id': False, 'drop_last': False, 'asr_repo': 'whisper', 'shuffle': False, 'manifest_filepath': 'logs/en/ac/train/binary/b7/version_11/data/en/train_subset/test_us.txt'}
2024-05-15 12:57:15,600 - progress - INFO - 	Batch size: 128
2024-05-15 12:57:15,611 - progress - INFO - Creating dataloader for logs/en/ac/train/binary/b7/version_11/data/en/train_subset/test_ca.txt
2024-05-15 12:57:15,614 - progress - INFO - 	Dataloader config: {'sample_rate': 16000, 'batch_size': 128, 'num_workers': 10, 'pin_memory': True, 'use_start_end_token': False, 'trim_silence': False, 'is_tarred': False, 'tarred_audio_filepaths': None, 'shuffle_n': 2048, 'bucketing_strategy': 'synced_randomized', 'bucketing_batch_size': None, 'return_sample_id': False, 'drop_last': False, 'asr_repo': 'whisper', 'shuffle': False, 'manifest_filepath': 'logs/en/ac/train/binary/b7/version_11/data/en/train_subset/test_ca.txt'}
2024-05-15 12:57:15,616 - progress - INFO - 	Batch size: 128
2024-05-15 12:57:15,624 - progress - INFO - Creating dataloader for logs/en/ac/train/binary/b7/version_11/data/en/train_subset/test_uk.txt
2024-05-15 12:57:15,627 - progress - INFO - 	Dataloader config: {'sample_rate': 16000, 'batch_size': 128, 'num_workers': 10, 'pin_memory': True, 'use_start_end_token': False, 'trim_silence': False, 'is_tarred': False, 'tarred_audio_filepaths': None, 'shuffle_n': 2048, 'bucketing_strategy': 'synced_randomized', 'bucketing_batch_size': None, 'return_sample_id': False, 'drop_last': False, 'asr_repo': 'whisper', 'shuffle': False, 'manifest_filepath': 'logs/en/ac/train/binary/b7/version_11/data/en/train_subset/test_uk.txt'}
2024-05-15 12:57:15,629 - progress - INFO - 	Batch size: 128
2024-05-15 12:57:15,642 - progress - INFO - Creating dataloader for logs/en/ac/train/binary/b7/version_11/data/en/train_subset/test_in.txt
2024-05-15 12:57:15,645 - progress - INFO - 	Dataloader config: {'sample_rate': 16000, 'batch_size': 128, 'num_workers': 10, 'pin_memory': True, 'use_start_end_token': False, 'trim_silence': False, 'is_tarred': False, 'tarred_audio_filepaths': None, 'shuffle_n': 2048, 'bucketing_strategy': 'synced_randomized', 'bucketing_batch_size': None, 'return_sample_id': False, 'drop_last': False, 'asr_repo': 'whisper', 'shuffle': False, 'manifest_filepath': 'logs/en/ac/train/binary/b7/version_11/data/en/train_subset/test_in.txt'}
2024-05-15 12:57:15,647 - progress - INFO - 	Batch size: 128
2024-05-15 12:57:15,656 - progress - INFO - Creating dataloader for logs/en/ac/train/binary/b7/version_11/data/en/train_subset/test_de.txt
2024-05-15 12:57:15,659 - progress - INFO - 	Dataloader config: {'sample_rate': 16000, 'batch_size': 128, 'num_workers': 10, 'pin_memory': True, 'use_start_end_token': False, 'trim_silence': False, 'is_tarred': False, 'tarred_audio_filepaths': None, 'shuffle_n': 2048, 'bucketing_strategy': 'synced_randomized', 'bucketing_batch_size': None, 'return_sample_id': False, 'drop_last': False, 'asr_repo': 'whisper', 'shuffle': False, 'manifest_filepath': 'logs/en/ac/train/binary/b7/version_11/data/en/train_subset/test_de.txt'}
2024-05-15 12:57:15,662 - progress - INFO - 	Batch size: 128
2024-05-15 12:57:15,667 - progress - INFO - Creating dataloader for logs/en/ac/train/binary/b7/version_11/data/en/train_subset/test_au.txt
2024-05-15 12:57:15,667 - progress - INFO - 	Dataloader config: {'sample_rate': 16000, 'batch_size': 128, 'num_workers': 10, 'pin_memory': True, 'use_start_end_token': False, 'trim_silence': False, 'is_tarred': False, 'tarred_audio_filepaths': None, 'shuffle_n': 2048, 'bucketing_strategy': 'synced_randomized', 'bucketing_batch_size': None, 'return_sample_id': False, 'drop_last': False, 'asr_repo': 'whisper', 'shuffle': False, 'manifest_filepath': 'logs/en/ac/train/binary/b7/version_11/data/en/train_subset/test_au.txt'}
2024-05-15 12:57:15,669 - progress - INFO - 	Batch size: 128
2024-05-15 12:57:15,674 - progress - INFO - Creating dataloader for logs/en/ac/train/binary/b7/version_11/data/en/train_subset/test_hk.txt
2024-05-15 12:57:15,677 - progress - INFO - 	Dataloader config: {'sample_rate': 16000, 'batch_size': 128, 'num_workers': 10, 'pin_memory': True, 'use_start_end_token': False, 'trim_silence': False, 'is_tarred': False, 'tarred_audio_filepaths': None, 'shuffle_n': 2048, 'bucketing_strategy': 'synced_randomized', 'bucketing_batch_size': None, 'return_sample_id': False, 'drop_last': False, 'asr_repo': 'whisper', 'shuffle': False, 'manifest_filepath': 'logs/en/ac/train/binary/b7/version_11/data/en/train_subset/test_hk.txt'}
2024-05-15 12:57:15,682 - progress - INFO - 	Batch size: 128
2024-05-15 12:57:15,688 - progress - INFO - Creating dataloader for logs/en/ac/train/binary/b7/version_11/data/en/train_subset/test_ie.txt
2024-05-15 12:57:15,691 - progress - INFO - 	Dataloader config: {'sample_rate': 16000, 'batch_size': 128, 'num_workers': 10, 'pin_memory': True, 'use_start_end_token': False, 'trim_silence': False, 'is_tarred': False, 'tarred_audio_filepaths': None, 'shuffle_n': 2048, 'bucketing_strategy': 'synced_randomized', 'bucketing_batch_size': None, 'return_sample_id': False, 'drop_last': False, 'asr_repo': 'whisper', 'shuffle': False, 'manifest_filepath': 'logs/en/ac/train/binary/b7/version_11/data/en/train_subset/test_ie.txt'}
2024-05-15 12:57:15,695 - progress - INFO - 	Batch size: 128
2024-05-15 12:57:15,706 - progress - INFO - Creating dataloader for logs/en/ac/train/binary/b7/version_11/data/en/train_subset/test_ni.txt
2024-05-15 12:57:15,709 - progress - INFO - 	Dataloader config: {'sample_rate': 16000, 'batch_size': 128, 'num_workers': 10, 'pin_memory': True, 'use_start_end_token': False, 'trim_silence': False, 'is_tarred': False, 'tarred_audio_filepaths': None, 'shuffle_n': 2048, 'bucketing_strategy': 'synced_randomized', 'bucketing_batch_size': None, 'return_sample_id': False, 'drop_last': False, 'asr_repo': 'whisper', 'shuffle': False, 'manifest_filepath': 'logs/en/ac/train/binary/b7/version_11/data/en/train_subset/test_ni.txt'}
2024-05-15 12:57:15,712 - progress - INFO - 	Batch size: 128
2024-05-15 12:57:15,717 - progress - INFO - Creating dataloader for logs/en/ac/train/binary/b7/version_11/data/en/train_subset/test_nz.txt
2024-05-15 12:57:15,719 - progress - INFO - 	Dataloader config: {'sample_rate': 16000, 'batch_size': 128, 'num_workers': 10, 'pin_memory': True, 'use_start_end_token': False, 'trim_silence': False, 'is_tarred': False, 'tarred_audio_filepaths': None, 'shuffle_n': 2048, 'bucketing_strategy': 'synced_randomized', 'bucketing_batch_size': None, 'return_sample_id': False, 'drop_last': False, 'asr_repo': 'whisper', 'shuffle': False, 'manifest_filepath': 'logs/en/ac/train/binary/b7/version_11/data/en/train_subset/test_nz.txt'}
2024-05-15 12:57:15,722 - progress - INFO - 	Batch size: 128
2024-05-15 12:57:15,727 - progress - INFO - Creating dataloader for logs/en/ac/train/binary/b7/version_11/data/en/train_subset/test_ph.txt
2024-05-15 12:57:15,731 - progress - INFO - 	Dataloader config: {'sample_rate': 16000, 'batch_size': 128, 'num_workers': 10, 'pin_memory': True, 'use_start_end_token': False, 'trim_silence': False, 'is_tarred': False, 'tarred_audio_filepaths': None, 'shuffle_n': 2048, 'bucketing_strategy': 'synced_randomized', 'bucketing_batch_size': None, 'return_sample_id': False, 'drop_last': False, 'asr_repo': 'whisper', 'shuffle': False, 'manifest_filepath': 'logs/en/ac/train/binary/b7/version_11/data/en/train_subset/test_ph.txt'}
2024-05-15 12:57:15,734 - progress - INFO - 	Batch size: 128
2024-05-15 12:57:15,741 - progress - INFO - Creating dataloader for logs/en/ac/train/binary/b7/version_11/data/en/train_subset/test_sc.txt
2024-05-15 12:57:15,744 - progress - INFO - 	Dataloader config: {'sample_rate': 16000, 'batch_size': 128, 'num_workers': 10, 'pin_memory': True, 'use_start_end_token': False, 'trim_silence': False, 'is_tarred': False, 'tarred_audio_filepaths': None, 'shuffle_n': 2048, 'bucketing_strategy': 'synced_randomized', 'bucketing_batch_size': None, 'return_sample_id': False, 'drop_last': False, 'asr_repo': 'whisper', 'shuffle': False, 'manifest_filepath': 'logs/en/ac/train/binary/b7/version_11/data/en/train_subset/test_sc.txt'}
2024-05-15 12:57:15,747 - progress - INFO - 	Batch size: 128
2024-05-15 12:57:15,755 - progress - INFO - Creating dataloader for logs/en/ac/train/binary/b7/version_11/data/en/train_subset/test_sg.txt
2024-05-15 12:57:15,757 - progress - INFO - 	Dataloader config: {'sample_rate': 16000, 'batch_size': 128, 'num_workers': 10, 'pin_memory': True, 'use_start_end_token': False, 'trim_silence': False, 'is_tarred': False, 'tarred_audio_filepaths': None, 'shuffle_n': 2048, 'bucketing_strategy': 'synced_randomized', 'bucketing_batch_size': None, 'return_sample_id': False, 'drop_last': False, 'asr_repo': 'whisper', 'shuffle': False, 'manifest_filepath': 'logs/en/ac/train/binary/b7/version_11/data/en/train_subset/test_sg.txt'}
2024-05-15 12:57:15,761 - progress - INFO - 	Batch size: 128
2024-05-15 12:57:15,769 - progress - INFO - Creating dataloader for logs/en/ac/train/binary/b7/version_11/data/en/train_subset/test_za.txt
2024-05-15 12:57:15,773 - progress - INFO - 	Dataloader config: {'sample_rate': 16000, 'batch_size': 128, 'num_workers': 10, 'pin_memory': True, 'use_start_end_token': False, 'trim_silence': False, 'is_tarred': False, 'tarred_audio_filepaths': None, 'shuffle_n': 2048, 'bucketing_strategy': 'synced_randomized', 'bucketing_batch_size': None, 'return_sample_id': False, 'drop_last': False, 'asr_repo': 'whisper', 'shuffle': False, 'manifest_filepath': 'logs/en/ac/train/binary/b7/version_11/data/en/train_subset/test_za.txt'}
2024-05-15 12:57:15,777 - progress - INFO - 	Batch size: 128
