2024-06-04 15:58:56,385 - progress - INFO - Creating dataloader for logs/en/ensemble/train/binary/b7/DAT/version_67/data/en/train_subset/test_us.txt
2024-06-04 15:58:56,387 - progress - INFO - 	Dataloader config: {'sample_rate': 16000, 'batch_size': 8, 'num_workers': 10, 'pin_memory': True, 'use_start_end_token': False, 'trim_silence': False, 'is_tarred': False, 'tarred_audio_filepaths': None, 'shuffle_n': 2048, 'bucketing_strategy': 'synced_randomized', 'bucketing_batch_size': None, 'return_sample_id': False, 'drop_last': False, 'asr_repo': 'whisper', 'shuffle': False, 'manifest_filepath': 'logs/en/ensemble/train/binary/b7/DAT/version_67/data/en/train_subset/test_us.txt'}
2024-06-04 15:58:56,388 - progress - INFO - 	Batch size: 8
2024-06-04 15:58:56,647 - progress - INFO - Creating dataloader for logs/en/ensemble/train/binary/b7/DAT/version_67/data/en/train_subset/test_ca.txt
2024-06-04 15:58:56,649 - progress - INFO - 	Dataloader config: {'sample_rate': 16000, 'batch_size': 8, 'num_workers': 10, 'pin_memory': True, 'use_start_end_token': False, 'trim_silence': False, 'is_tarred': False, 'tarred_audio_filepaths': None, 'shuffle_n': 2048, 'bucketing_strategy': 'synced_randomized', 'bucketing_batch_size': None, 'return_sample_id': False, 'drop_last': False, 'asr_repo': 'whisper', 'shuffle': False, 'manifest_filepath': 'logs/en/ensemble/train/binary/b7/DAT/version_67/data/en/train_subset/test_ca.txt'}
2024-06-04 15:58:56,650 - progress - INFO - 	Batch size: 8
2024-06-04 15:58:56,654 - progress - INFO - Creating dataloader for logs/en/ensemble/train/binary/b7/DAT/version_67/data/en/train_subset/test_uk.txt
2024-06-04 15:58:56,655 - progress - INFO - 	Dataloader config: {'sample_rate': 16000, 'batch_size': 8, 'num_workers': 10, 'pin_memory': True, 'use_start_end_token': False, 'trim_silence': False, 'is_tarred': False, 'tarred_audio_filepaths': None, 'shuffle_n': 2048, 'bucketing_strategy': 'synced_randomized', 'bucketing_batch_size': None, 'return_sample_id': False, 'drop_last': False, 'asr_repo': 'whisper', 'shuffle': False, 'manifest_filepath': 'logs/en/ensemble/train/binary/b7/DAT/version_67/data/en/train_subset/test_uk.txt'}
2024-06-04 15:58:56,656 - progress - INFO - 	Batch size: 8
2024-06-04 15:58:56,661 - progress - INFO - Creating dataloader for logs/en/ensemble/train/binary/b7/DAT/version_67/data/en/train_subset/test_in.txt
2024-06-04 15:58:56,662 - progress - INFO - 	Dataloader config: {'sample_rate': 16000, 'batch_size': 8, 'num_workers': 10, 'pin_memory': True, 'use_start_end_token': False, 'trim_silence': False, 'is_tarred': False, 'tarred_audio_filepaths': None, 'shuffle_n': 2048, 'bucketing_strategy': 'synced_randomized', 'bucketing_batch_size': None, 'return_sample_id': False, 'drop_last': False, 'asr_repo': 'whisper', 'shuffle': False, 'manifest_filepath': 'logs/en/ensemble/train/binary/b7/DAT/version_67/data/en/train_subset/test_in.txt'}
2024-06-04 15:58:56,663 - progress - INFO - 	Batch size: 8
2024-06-04 15:58:56,667 - progress - INFO - Creating dataloader for logs/en/ensemble/train/binary/b7/DAT/version_67/data/en/train_subset/test_de.txt
2024-06-04 15:58:56,668 - progress - INFO - 	Dataloader config: {'sample_rate': 16000, 'batch_size': 8, 'num_workers': 10, 'pin_memory': True, 'use_start_end_token': False, 'trim_silence': False, 'is_tarred': False, 'tarred_audio_filepaths': None, 'shuffle_n': 2048, 'bucketing_strategy': 'synced_randomized', 'bucketing_batch_size': None, 'return_sample_id': False, 'drop_last': False, 'asr_repo': 'whisper', 'shuffle': False, 'manifest_filepath': 'logs/en/ensemble/train/binary/b7/DAT/version_67/data/en/train_subset/test_de.txt'}
2024-06-04 15:58:56,669 - progress - INFO - 	Batch size: 8
2024-06-04 15:58:56,672 - progress - INFO - Creating dataloader for logs/en/ensemble/train/binary/b7/DAT/version_67/data/en/train_subset/test_au.txt
2024-06-04 15:58:56,673 - progress - INFO - 	Dataloader config: {'sample_rate': 16000, 'batch_size': 8, 'num_workers': 10, 'pin_memory': True, 'use_start_end_token': False, 'trim_silence': False, 'is_tarred': False, 'tarred_audio_filepaths': None, 'shuffle_n': 2048, 'bucketing_strategy': 'synced_randomized', 'bucketing_batch_size': None, 'return_sample_id': False, 'drop_last': False, 'asr_repo': 'whisper', 'shuffle': False, 'manifest_filepath': 'logs/en/ensemble/train/binary/b7/DAT/version_67/data/en/train_subset/test_au.txt'}
2024-06-04 15:58:56,674 - progress - INFO - 	Batch size: 8
2024-06-04 15:58:56,677 - progress - INFO - Creating dataloader for logs/en/ensemble/train/binary/b7/DAT/version_67/data/en/train_subset/test_hk.txt
2024-06-04 15:58:56,678 - progress - INFO - 	Dataloader config: {'sample_rate': 16000, 'batch_size': 8, 'num_workers': 10, 'pin_memory': True, 'use_start_end_token': False, 'trim_silence': False, 'is_tarred': False, 'tarred_audio_filepaths': None, 'shuffle_n': 2048, 'bucketing_strategy': 'synced_randomized', 'bucketing_batch_size': None, 'return_sample_id': False, 'drop_last': False, 'asr_repo': 'whisper', 'shuffle': False, 'manifest_filepath': 'logs/en/ensemble/train/binary/b7/DAT/version_67/data/en/train_subset/test_hk.txt'}
2024-06-04 15:58:56,678 - progress - INFO - 	Batch size: 8
2024-06-04 15:58:56,682 - progress - INFO - Creating dataloader for logs/en/ensemble/train/binary/b7/DAT/version_67/data/en/train_subset/test_ie.txt
2024-06-04 15:58:56,682 - progress - INFO - 	Dataloader config: {'sample_rate': 16000, 'batch_size': 8, 'num_workers': 10, 'pin_memory': True, 'use_start_end_token': False, 'trim_silence': False, 'is_tarred': False, 'tarred_audio_filepaths': None, 'shuffle_n': 2048, 'bucketing_strategy': 'synced_randomized', 'bucketing_batch_size': None, 'return_sample_id': False, 'drop_last': False, 'asr_repo': 'whisper', 'shuffle': False, 'manifest_filepath': 'logs/en/ensemble/train/binary/b7/DAT/version_67/data/en/train_subset/test_ie.txt'}
2024-06-04 15:58:56,683 - progress - INFO - 	Batch size: 8
2024-06-04 15:58:56,686 - progress - INFO - Creating dataloader for logs/en/ensemble/train/binary/b7/DAT/version_67/data/en/train_subset/test_ni.txt
2024-06-04 15:58:56,687 - progress - INFO - 	Dataloader config: {'sample_rate': 16000, 'batch_size': 8, 'num_workers': 10, 'pin_memory': True, 'use_start_end_token': False, 'trim_silence': False, 'is_tarred': False, 'tarred_audio_filepaths': None, 'shuffle_n': 2048, 'bucketing_strategy': 'synced_randomized', 'bucketing_batch_size': None, 'return_sample_id': False, 'drop_last': False, 'asr_repo': 'whisper', 'shuffle': False, 'manifest_filepath': 'logs/en/ensemble/train/binary/b7/DAT/version_67/data/en/train_subset/test_ni.txt'}
2024-06-04 15:58:56,687 - progress - INFO - 	Batch size: 8
2024-06-04 15:58:56,691 - progress - INFO - Creating dataloader for logs/en/ensemble/train/binary/b7/DAT/version_67/data/en/train_subset/test_nz.txt
2024-06-04 15:58:56,692 - progress - INFO - 	Dataloader config: {'sample_rate': 16000, 'batch_size': 8, 'num_workers': 10, 'pin_memory': True, 'use_start_end_token': False, 'trim_silence': False, 'is_tarred': False, 'tarred_audio_filepaths': None, 'shuffle_n': 2048, 'bucketing_strategy': 'synced_randomized', 'bucketing_batch_size': None, 'return_sample_id': False, 'drop_last': False, 'asr_repo': 'whisper', 'shuffle': False, 'manifest_filepath': 'logs/en/ensemble/train/binary/b7/DAT/version_67/data/en/train_subset/test_nz.txt'}
2024-06-04 15:58:56,693 - progress - INFO - 	Batch size: 8
2024-06-04 15:58:56,696 - progress - INFO - Creating dataloader for logs/en/ensemble/train/binary/b7/DAT/version_67/data/en/train_subset/test_ph.txt
2024-06-04 15:58:56,697 - progress - INFO - 	Dataloader config: {'sample_rate': 16000, 'batch_size': 8, 'num_workers': 10, 'pin_memory': True, 'use_start_end_token': False, 'trim_silence': False, 'is_tarred': False, 'tarred_audio_filepaths': None, 'shuffle_n': 2048, 'bucketing_strategy': 'synced_randomized', 'bucketing_batch_size': None, 'return_sample_id': False, 'drop_last': False, 'asr_repo': 'whisper', 'shuffle': False, 'manifest_filepath': 'logs/en/ensemble/train/binary/b7/DAT/version_67/data/en/train_subset/test_ph.txt'}
2024-06-04 15:58:56,698 - progress - INFO - 	Batch size: 8
2024-06-04 15:58:56,701 - progress - INFO - Creating dataloader for logs/en/ensemble/train/binary/b7/DAT/version_67/data/en/train_subset/test_sc.txt
2024-06-04 15:58:56,702 - progress - INFO - 	Dataloader config: {'sample_rate': 16000, 'batch_size': 8, 'num_workers': 10, 'pin_memory': True, 'use_start_end_token': False, 'trim_silence': False, 'is_tarred': False, 'tarred_audio_filepaths': None, 'shuffle_n': 2048, 'bucketing_strategy': 'synced_randomized', 'bucketing_batch_size': None, 'return_sample_id': False, 'drop_last': False, 'asr_repo': 'whisper', 'shuffle': False, 'manifest_filepath': 'logs/en/ensemble/train/binary/b7/DAT/version_67/data/en/train_subset/test_sc.txt'}
2024-06-04 15:58:56,702 - progress - INFO - 	Batch size: 8
2024-06-04 15:58:56,706 - progress - INFO - Creating dataloader for logs/en/ensemble/train/binary/b7/DAT/version_67/data/en/train_subset/test_sg.txt
2024-06-04 15:58:56,707 - progress - INFO - 	Dataloader config: {'sample_rate': 16000, 'batch_size': 8, 'num_workers': 10, 'pin_memory': True, 'use_start_end_token': False, 'trim_silence': False, 'is_tarred': False, 'tarred_audio_filepaths': None, 'shuffle_n': 2048, 'bucketing_strategy': 'synced_randomized', 'bucketing_batch_size': None, 'return_sample_id': False, 'drop_last': False, 'asr_repo': 'whisper', 'shuffle': False, 'manifest_filepath': 'logs/en/ensemble/train/binary/b7/DAT/version_67/data/en/train_subset/test_sg.txt'}
2024-06-04 15:58:56,708 - progress - INFO - 	Batch size: 8
2024-06-04 15:58:56,710 - progress - INFO - Creating dataloader for logs/en/ensemble/train/binary/b7/DAT/version_67/data/en/train_subset/test_za.txt
2024-06-04 15:58:56,711 - progress - INFO - 	Dataloader config: {'sample_rate': 16000, 'batch_size': 8, 'num_workers': 10, 'pin_memory': True, 'use_start_end_token': False, 'trim_silence': False, 'is_tarred': False, 'tarred_audio_filepaths': None, 'shuffle_n': 2048, 'bucketing_strategy': 'synced_randomized', 'bucketing_batch_size': None, 'return_sample_id': False, 'drop_last': False, 'asr_repo': 'whisper', 'shuffle': False, 'manifest_filepath': 'logs/en/ensemble/train/binary/b7/DAT/version_67/data/en/train_subset/test_za.txt'}
2024-06-04 15:58:56,712 - progress - INFO - 	Batch size: 8
2024-06-04 16:07:20,359 - progress - INFO - Configuring optimizers
2024-06-04 16:07:20,364 - progress - INFO - Creating dataloader for ['logs/en/ensemble/train/binary/b7/DAT/version_67/data/en/train_subset/train_us.txt']
2024-06-04 16:07:20,365 - progress - INFO - 	Dataloader config: {'sample_rate': 16000, 'batch_size': 8, 'num_workers': 10, 'pin_memory': True, 'use_start_end_token': False, 'trim_silence': False, 'is_tarred': False, 'tarred_audio_filepaths': None, 'shuffle_n': 2048, 'bucketing_strategy': 'synced_randomized', 'bucketing_batch_size': None, 'return_sample_id': False, 'drop_last': False, 'asr_repo': 'whisper', 'shuffle': True, 'manifest_filepath': ['logs/en/ensemble/train/binary/b7/DAT/version_67/data/en/train_subset/train_us.txt']}
2024-06-04 16:07:20,366 - progress - INFO - 	Batch size: 8
2024-06-04 16:07:20,407 - progress - INFO - Creating dataloader for ['logs/en/ensemble/train/binary/b7/DAT/version_67/data/en/train_subset/train_ca.txt', 'logs/en/ensemble/train/binary/b7/DAT/version_67/data/en/train_subset/train_uk.txt', 'logs/en/ensemble/train/binary/b7/DAT/version_67/data/en/train_subset/train_in.txt', 'logs/en/ensemble/train/binary/b7/DAT/version_67/data/en/train_subset/train_de.txt', 'logs/en/ensemble/train/binary/b7/DAT/version_67/data/en/train_subset/train_au.txt']
2024-06-04 16:07:20,408 - progress - INFO - 	Dataloader config: {'sample_rate': 16000, 'batch_size': 8, 'num_workers': 10, 'pin_memory': True, 'use_start_end_token': False, 'trim_silence': False, 'is_tarred': False, 'tarred_audio_filepaths': None, 'shuffle_n': 2048, 'bucketing_strategy': 'synced_randomized', 'bucketing_batch_size': None, 'return_sample_id': False, 'drop_last': False, 'asr_repo': 'whisper', 'shuffle': True, 'manifest_filepath': ['logs/en/ensemble/train/binary/b7/DAT/version_67/data/en/train_subset/train_ca.txt', 'logs/en/ensemble/train/binary/b7/DAT/version_67/data/en/train_subset/train_uk.txt', 'logs/en/ensemble/train/binary/b7/DAT/version_67/data/en/train_subset/train_in.txt', 'logs/en/ensemble/train/binary/b7/DAT/version_67/data/en/train_subset/train_de.txt', 'logs/en/ensemble/train/binary/b7/DAT/version_67/data/en/train_subset/train_au.txt']}
2024-06-04 16:07:20,409 - progress - INFO - 	Batch size: 8
2024-06-04 16:07:20,494 - progress - INFO - Scheduler max. steps: 960
2024-06-04 16:07:20,507 - progress - INFO - Creating dataloader for ['logs/en/ensemble/train/binary/b7/DAT/version_67/data/en/train_subset/train_us.txt']
2024-06-04 16:07:20,508 - progress - INFO - 	Dataloader config: {'sample_rate': 16000, 'batch_size': 8, 'num_workers': 10, 'pin_memory': True, 'use_start_end_token': False, 'trim_silence': False, 'is_tarred': False, 'tarred_audio_filepaths': None, 'shuffle_n': 2048, 'bucketing_strategy': 'synced_randomized', 'bucketing_batch_size': None, 'return_sample_id': False, 'drop_last': False, 'asr_repo': 'whisper', 'shuffle': True, 'manifest_filepath': ['logs/en/ensemble/train/binary/b7/DAT/version_67/data/en/train_subset/train_us.txt']}
2024-06-04 16:07:20,509 - progress - INFO - 	Batch size: 8
2024-06-04 16:07:20,527 - progress - INFO - Creating dataloader for ['logs/en/ensemble/train/binary/b7/DAT/version_67/data/en/train_subset/train_ca.txt', 'logs/en/ensemble/train/binary/b7/DAT/version_67/data/en/train_subset/train_uk.txt', 'logs/en/ensemble/train/binary/b7/DAT/version_67/data/en/train_subset/train_in.txt', 'logs/en/ensemble/train/binary/b7/DAT/version_67/data/en/train_subset/train_de.txt', 'logs/en/ensemble/train/binary/b7/DAT/version_67/data/en/train_subset/train_au.txt']
2024-06-04 16:07:20,529 - progress - INFO - 	Dataloader config: {'sample_rate': 16000, 'batch_size': 8, 'num_workers': 10, 'pin_memory': True, 'use_start_end_token': False, 'trim_silence': False, 'is_tarred': False, 'tarred_audio_filepaths': None, 'shuffle_n': 2048, 'bucketing_strategy': 'synced_randomized', 'bucketing_batch_size': None, 'return_sample_id': False, 'drop_last': False, 'asr_repo': 'whisper', 'shuffle': True, 'manifest_filepath': ['logs/en/ensemble/train/binary/b7/DAT/version_67/data/en/train_subset/train_ca.txt', 'logs/en/ensemble/train/binary/b7/DAT/version_67/data/en/train_subset/train_uk.txt', 'logs/en/ensemble/train/binary/b7/DAT/version_67/data/en/train_subset/train_in.txt', 'logs/en/ensemble/train/binary/b7/DAT/version_67/data/en/train_subset/train_de.txt', 'logs/en/ensemble/train/binary/b7/DAT/version_67/data/en/train_subset/train_au.txt']}
2024-06-04 16:07:20,529 - progress - INFO - 	Batch size: 8
2024-06-04 16:07:20,556 - progress - INFO - Creating dataloader for logs/en/ensemble/train/binary/b7/DAT/version_67/data/en/train_subset/test_us.txt
2024-06-04 16:07:20,556 - progress - INFO - 	Dataloader config: {'sample_rate': 16000, 'batch_size': 8, 'num_workers': 10, 'pin_memory': True, 'use_start_end_token': False, 'trim_silence': False, 'is_tarred': False, 'tarred_audio_filepaths': None, 'shuffle_n': 2048, 'bucketing_strategy': 'synced_randomized', 'bucketing_batch_size': None, 'return_sample_id': False, 'drop_last': False, 'asr_repo': 'whisper', 'shuffle': False, 'manifest_filepath': 'logs/en/ensemble/train/binary/b7/DAT/version_67/data/en/train_subset/test_us.txt'}
2024-06-04 16:07:20,557 - progress - INFO - 	Batch size: 8
2024-06-04 16:07:20,564 - progress - INFO - Creating dataloader for logs/en/ensemble/train/binary/b7/DAT/version_67/data/en/train_subset/test_ca.txt
2024-06-04 16:07:20,565 - progress - INFO - 	Dataloader config: {'sample_rate': 16000, 'batch_size': 8, 'num_workers': 10, 'pin_memory': True, 'use_start_end_token': False, 'trim_silence': False, 'is_tarred': False, 'tarred_audio_filepaths': None, 'shuffle_n': 2048, 'bucketing_strategy': 'synced_randomized', 'bucketing_batch_size': None, 'return_sample_id': False, 'drop_last': False, 'asr_repo': 'whisper', 'shuffle': False, 'manifest_filepath': 'logs/en/ensemble/train/binary/b7/DAT/version_67/data/en/train_subset/test_ca.txt'}
2024-06-04 16:07:20,566 - progress - INFO - 	Batch size: 8
2024-06-04 16:07:20,570 - progress - INFO - Creating dataloader for logs/en/ensemble/train/binary/b7/DAT/version_67/data/en/train_subset/test_uk.txt
2024-06-04 16:07:20,571 - progress - INFO - 	Dataloader config: {'sample_rate': 16000, 'batch_size': 8, 'num_workers': 10, 'pin_memory': True, 'use_start_end_token': False, 'trim_silence': False, 'is_tarred': False, 'tarred_audio_filepaths': None, 'shuffle_n': 2048, 'bucketing_strategy': 'synced_randomized', 'bucketing_batch_size': None, 'return_sample_id': False, 'drop_last': False, 'asr_repo': 'whisper', 'shuffle': False, 'manifest_filepath': 'logs/en/ensemble/train/binary/b7/DAT/version_67/data/en/train_subset/test_uk.txt'}
2024-06-04 16:07:20,571 - progress - INFO - 	Batch size: 8
2024-06-04 16:07:20,576 - progress - INFO - Creating dataloader for logs/en/ensemble/train/binary/b7/DAT/version_67/data/en/train_subset/test_in.txt
2024-06-04 16:07:20,577 - progress - INFO - 	Dataloader config: {'sample_rate': 16000, 'batch_size': 8, 'num_workers': 10, 'pin_memory': True, 'use_start_end_token': False, 'trim_silence': False, 'is_tarred': False, 'tarred_audio_filepaths': None, 'shuffle_n': 2048, 'bucketing_strategy': 'synced_randomized', 'bucketing_batch_size': None, 'return_sample_id': False, 'drop_last': False, 'asr_repo': 'whisper', 'shuffle': False, 'manifest_filepath': 'logs/en/ensemble/train/binary/b7/DAT/version_67/data/en/train_subset/test_in.txt'}
2024-06-04 16:07:20,578 - progress - INFO - 	Batch size: 8
2024-06-04 16:07:20,582 - progress - INFO - Creating dataloader for logs/en/ensemble/train/binary/b7/DAT/version_67/data/en/train_subset/test_de.txt
2024-06-04 16:07:20,583 - progress - INFO - 	Dataloader config: {'sample_rate': 16000, 'batch_size': 8, 'num_workers': 10, 'pin_memory': True, 'use_start_end_token': False, 'trim_silence': False, 'is_tarred': False, 'tarred_audio_filepaths': None, 'shuffle_n': 2048, 'bucketing_strategy': 'synced_randomized', 'bucketing_batch_size': None, 'return_sample_id': False, 'drop_last': False, 'asr_repo': 'whisper', 'shuffle': False, 'manifest_filepath': 'logs/en/ensemble/train/binary/b7/DAT/version_67/data/en/train_subset/test_de.txt'}
2024-06-04 16:07:20,583 - progress - INFO - 	Batch size: 8
2024-06-04 16:07:20,587 - progress - INFO - Creating dataloader for logs/en/ensemble/train/binary/b7/DAT/version_67/data/en/train_subset/test_au.txt
2024-06-04 16:07:20,588 - progress - INFO - 	Dataloader config: {'sample_rate': 16000, 'batch_size': 8, 'num_workers': 10, 'pin_memory': True, 'use_start_end_token': False, 'trim_silence': False, 'is_tarred': False, 'tarred_audio_filepaths': None, 'shuffle_n': 2048, 'bucketing_strategy': 'synced_randomized', 'bucketing_batch_size': None, 'return_sample_id': False, 'drop_last': False, 'asr_repo': 'whisper', 'shuffle': False, 'manifest_filepath': 'logs/en/ensemble/train/binary/b7/DAT/version_67/data/en/train_subset/test_au.txt'}
2024-06-04 16:07:20,589 - progress - INFO - 	Batch size: 8
2024-06-04 16:07:20,592 - progress - INFO - Creating dataloader for logs/en/ensemble/train/binary/b7/DAT/version_67/data/en/train_subset/test_hk.txt
2024-06-04 16:07:20,593 - progress - INFO - 	Dataloader config: {'sample_rate': 16000, 'batch_size': 8, 'num_workers': 10, 'pin_memory': True, 'use_start_end_token': False, 'trim_silence': False, 'is_tarred': False, 'tarred_audio_filepaths': None, 'shuffle_n': 2048, 'bucketing_strategy': 'synced_randomized', 'bucketing_batch_size': None, 'return_sample_id': False, 'drop_last': False, 'asr_repo': 'whisper', 'shuffle': False, 'manifest_filepath': 'logs/en/ensemble/train/binary/b7/DAT/version_67/data/en/train_subset/test_hk.txt'}
2024-06-04 16:07:20,594 - progress - INFO - 	Batch size: 8
2024-06-04 16:07:20,597 - progress - INFO - Creating dataloader for logs/en/ensemble/train/binary/b7/DAT/version_67/data/en/train_subset/test_ie.txt
2024-06-04 16:07:20,598 - progress - INFO - 	Dataloader config: {'sample_rate': 16000, 'batch_size': 8, 'num_workers': 10, 'pin_memory': True, 'use_start_end_token': False, 'trim_silence': False, 'is_tarred': False, 'tarred_audio_filepaths': None, 'shuffle_n': 2048, 'bucketing_strategy': 'synced_randomized', 'bucketing_batch_size': None, 'return_sample_id': False, 'drop_last': False, 'asr_repo': 'whisper', 'shuffle': False, 'manifest_filepath': 'logs/en/ensemble/train/binary/b7/DAT/version_67/data/en/train_subset/test_ie.txt'}
2024-06-04 16:07:20,599 - progress - INFO - 	Batch size: 8
2024-06-04 16:07:20,602 - progress - INFO - Creating dataloader for logs/en/ensemble/train/binary/b7/DAT/version_67/data/en/train_subset/test_ni.txt
2024-06-04 16:07:20,603 - progress - INFO - 	Dataloader config: {'sample_rate': 16000, 'batch_size': 8, 'num_workers': 10, 'pin_memory': True, 'use_start_end_token': False, 'trim_silence': False, 'is_tarred': False, 'tarred_audio_filepaths': None, 'shuffle_n': 2048, 'bucketing_strategy': 'synced_randomized', 'bucketing_batch_size': None, 'return_sample_id': False, 'drop_last': False, 'asr_repo': 'whisper', 'shuffle': False, 'manifest_filepath': 'logs/en/ensemble/train/binary/b7/DAT/version_67/data/en/train_subset/test_ni.txt'}
2024-06-04 16:07:20,603 - progress - INFO - 	Batch size: 8
2024-06-04 16:07:20,606 - progress - INFO - Creating dataloader for logs/en/ensemble/train/binary/b7/DAT/version_67/data/en/train_subset/test_nz.txt
2024-06-04 16:07:20,607 - progress - INFO - 	Dataloader config: {'sample_rate': 16000, 'batch_size': 8, 'num_workers': 10, 'pin_memory': True, 'use_start_end_token': False, 'trim_silence': False, 'is_tarred': False, 'tarred_audio_filepaths': None, 'shuffle_n': 2048, 'bucketing_strategy': 'synced_randomized', 'bucketing_batch_size': None, 'return_sample_id': False, 'drop_last': False, 'asr_repo': 'whisper', 'shuffle': False, 'manifest_filepath': 'logs/en/ensemble/train/binary/b7/DAT/version_67/data/en/train_subset/test_nz.txt'}
2024-06-04 16:07:20,608 - progress - INFO - 	Batch size: 8
2024-06-04 16:07:20,611 - progress - INFO - Creating dataloader for logs/en/ensemble/train/binary/b7/DAT/version_67/data/en/train_subset/test_ph.txt
2024-06-04 16:07:20,612 - progress - INFO - 	Dataloader config: {'sample_rate': 16000, 'batch_size': 8, 'num_workers': 10, 'pin_memory': True, 'use_start_end_token': False, 'trim_silence': False, 'is_tarred': False, 'tarred_audio_filepaths': None, 'shuffle_n': 2048, 'bucketing_strategy': 'synced_randomized', 'bucketing_batch_size': None, 'return_sample_id': False, 'drop_last': False, 'asr_repo': 'whisper', 'shuffle': False, 'manifest_filepath': 'logs/en/ensemble/train/binary/b7/DAT/version_67/data/en/train_subset/test_ph.txt'}
2024-06-04 16:07:20,613 - progress - INFO - 	Batch size: 8
2024-06-04 16:07:20,616 - progress - INFO - Creating dataloader for logs/en/ensemble/train/binary/b7/DAT/version_67/data/en/train_subset/test_sc.txt
2024-06-04 16:07:20,617 - progress - INFO - 	Dataloader config: {'sample_rate': 16000, 'batch_size': 8, 'num_workers': 10, 'pin_memory': True, 'use_start_end_token': False, 'trim_silence': False, 'is_tarred': False, 'tarred_audio_filepaths': None, 'shuffle_n': 2048, 'bucketing_strategy': 'synced_randomized', 'bucketing_batch_size': None, 'return_sample_id': False, 'drop_last': False, 'asr_repo': 'whisper', 'shuffle': False, 'manifest_filepath': 'logs/en/ensemble/train/binary/b7/DAT/version_67/data/en/train_subset/test_sc.txt'}
2024-06-04 16:07:20,618 - progress - INFO - 	Batch size: 8
2024-06-04 16:07:20,621 - progress - INFO - Creating dataloader for logs/en/ensemble/train/binary/b7/DAT/version_67/data/en/train_subset/test_sg.txt
2024-06-04 16:07:20,622 - progress - INFO - 	Dataloader config: {'sample_rate': 16000, 'batch_size': 8, 'num_workers': 10, 'pin_memory': True, 'use_start_end_token': False, 'trim_silence': False, 'is_tarred': False, 'tarred_audio_filepaths': None, 'shuffle_n': 2048, 'bucketing_strategy': 'synced_randomized', 'bucketing_batch_size': None, 'return_sample_id': False, 'drop_last': False, 'asr_repo': 'whisper', 'shuffle': False, 'manifest_filepath': 'logs/en/ensemble/train/binary/b7/DAT/version_67/data/en/train_subset/test_sg.txt'}
2024-06-04 16:07:20,623 - progress - INFO - 	Batch size: 8
2024-06-04 16:07:20,626 - progress - INFO - Creating dataloader for logs/en/ensemble/train/binary/b7/DAT/version_67/data/en/train_subset/test_za.txt
2024-06-04 16:07:20,627 - progress - INFO - 	Dataloader config: {'sample_rate': 16000, 'batch_size': 8, 'num_workers': 10, 'pin_memory': True, 'use_start_end_token': False, 'trim_silence': False, 'is_tarred': False, 'tarred_audio_filepaths': None, 'shuffle_n': 2048, 'bucketing_strategy': 'synced_randomized', 'bucketing_batch_size': None, 'return_sample_id': False, 'drop_last': False, 'asr_repo': 'whisper', 'shuffle': False, 'manifest_filepath': 'logs/en/ensemble/train/binary/b7/DAT/version_67/data/en/train_subset/test_za.txt'}
2024-06-04 16:07:20,628 - progress - INFO - 	Batch size: 8
