2023-07-20 09:30:20,032 - progress - INFO - Creating dataloader for logs/en/asr/train/version_4/data/en/train_split/test_us.txt
2023-07-20 09:30:20,033 - progress - INFO - 	Dataloader config: {'sample_rate': 16000, 'batch_size': 12, 'num_workers': 10, 'pin_memory': True, 'use_start_end_token': False, 'trim_silence': False, 'is_tarred': False, 'tarred_audio_filepaths': None, 'shuffle_n': 2048, 'bucketing_strategy': 'synced_randomized', 'bucketing_batch_size': None, 'return_sample_id': False, 'drop_last': False, 'asr_repo': 'whisper', 'shuffle': False, 'manifest_filepath': 'logs/en/asr/train/version_4/data/en/train_split/test_us.txt'}
2023-07-20 09:30:20,034 - progress - INFO - 	Batch size: 12
2023-07-20 09:30:20,442 - progress - INFO - Creating dataloader for logs/en/asr/train/version_4/data/en/train_split/test_ca.txt
2023-07-20 09:30:20,443 - progress - INFO - 	Dataloader config: {'sample_rate': 16000, 'batch_size': 12, 'num_workers': 10, 'pin_memory': True, 'use_start_end_token': False, 'trim_silence': False, 'is_tarred': False, 'tarred_audio_filepaths': None, 'shuffle_n': 2048, 'bucketing_strategy': 'synced_randomized', 'bucketing_batch_size': None, 'return_sample_id': False, 'drop_last': False, 'asr_repo': 'whisper', 'shuffle': False, 'manifest_filepath': 'logs/en/asr/train/version_4/data/en/train_split/test_ca.txt'}
2023-07-20 09:30:20,443 - progress - INFO - 	Batch size: 12
2023-07-20 09:30:20,452 - progress - INFO - Creating dataloader for logs/en/asr/train/version_4/data/en/train_split/test_uk.txt
2023-07-20 09:30:20,453 - progress - INFO - 	Dataloader config: {'sample_rate': 16000, 'batch_size': 12, 'num_workers': 10, 'pin_memory': True, 'use_start_end_token': False, 'trim_silence': False, 'is_tarred': False, 'tarred_audio_filepaths': None, 'shuffle_n': 2048, 'bucketing_strategy': 'synced_randomized', 'bucketing_batch_size': None, 'return_sample_id': False, 'drop_last': False, 'asr_repo': 'whisper', 'shuffle': False, 'manifest_filepath': 'logs/en/asr/train/version_4/data/en/train_split/test_uk.txt'}
2023-07-20 09:30:20,454 - progress - INFO - 	Batch size: 12
2023-07-20 09:30:20,472 - progress - INFO - Creating dataloader for logs/en/asr/train/version_4/data/en/train_split/test_in.txt
2023-07-20 09:30:20,473 - progress - INFO - 	Dataloader config: {'sample_rate': 16000, 'batch_size': 12, 'num_workers': 10, 'pin_memory': True, 'use_start_end_token': False, 'trim_silence': False, 'is_tarred': False, 'tarred_audio_filepaths': None, 'shuffle_n': 2048, 'bucketing_strategy': 'synced_randomized', 'bucketing_batch_size': None, 'return_sample_id': False, 'drop_last': False, 'asr_repo': 'whisper', 'shuffle': False, 'manifest_filepath': 'logs/en/asr/train/version_4/data/en/train_split/test_in.txt'}
2023-07-20 09:30:20,473 - progress - INFO - 	Batch size: 12
2023-07-20 09:30:20,487 - progress - INFO - Creating dataloader for logs/en/asr/train/version_4/data/en/train_split/test_de.txt
2023-07-20 09:30:20,488 - progress - INFO - 	Dataloader config: {'sample_rate': 16000, 'batch_size': 12, 'num_workers': 10, 'pin_memory': True, 'use_start_end_token': False, 'trim_silence': False, 'is_tarred': False, 'tarred_audio_filepaths': None, 'shuffle_n': 2048, 'bucketing_strategy': 'synced_randomized', 'bucketing_batch_size': None, 'return_sample_id': False, 'drop_last': False, 'asr_repo': 'whisper', 'shuffle': False, 'manifest_filepath': 'logs/en/asr/train/version_4/data/en/train_split/test_de.txt'}
2023-07-20 09:30:20,489 - progress - INFO - 	Batch size: 12
2023-07-20 09:30:20,497 - progress - INFO - Creating dataloader for logs/en/asr/train/version_4/data/en/train_split/test_au.txt
2023-07-20 09:30:20,498 - progress - INFO - 	Dataloader config: {'sample_rate': 16000, 'batch_size': 12, 'num_workers': 10, 'pin_memory': True, 'use_start_end_token': False, 'trim_silence': False, 'is_tarred': False, 'tarred_audio_filepaths': None, 'shuffle_n': 2048, 'bucketing_strategy': 'synced_randomized', 'bucketing_batch_size': None, 'return_sample_id': False, 'drop_last': False, 'asr_repo': 'whisper', 'shuffle': False, 'manifest_filepath': 'logs/en/asr/train/version_4/data/en/train_split/test_au.txt'}
2023-07-20 09:30:20,499 - progress - INFO - 	Batch size: 12
2023-07-20 09:30:20,506 - progress - INFO - Creating dataloader for logs/en/asr/train/version_4/data/en/train_split/test_hk.txt
2023-07-20 09:30:20,507 - progress - INFO - 	Dataloader config: {'sample_rate': 16000, 'batch_size': 12, 'num_workers': 10, 'pin_memory': True, 'use_start_end_token': False, 'trim_silence': False, 'is_tarred': False, 'tarred_audio_filepaths': None, 'shuffle_n': 2048, 'bucketing_strategy': 'synced_randomized', 'bucketing_batch_size': None, 'return_sample_id': False, 'drop_last': False, 'asr_repo': 'whisper', 'shuffle': False, 'manifest_filepath': 'logs/en/asr/train/version_4/data/en/train_split/test_hk.txt'}
2023-07-20 09:30:20,508 - progress - INFO - 	Batch size: 12
2023-07-20 09:30:20,512 - progress - INFO - Creating dataloader for logs/en/asr/train/version_4/data/en/train_split/test_ie.txt
2023-07-20 09:30:20,513 - progress - INFO - 	Dataloader config: {'sample_rate': 16000, 'batch_size': 12, 'num_workers': 10, 'pin_memory': True, 'use_start_end_token': False, 'trim_silence': False, 'is_tarred': False, 'tarred_audio_filepaths': None, 'shuffle_n': 2048, 'bucketing_strategy': 'synced_randomized', 'bucketing_batch_size': None, 'return_sample_id': False, 'drop_last': False, 'asr_repo': 'whisper', 'shuffle': False, 'manifest_filepath': 'logs/en/asr/train/version_4/data/en/train_split/test_ie.txt'}
2023-07-20 09:30:20,514 - progress - INFO - 	Batch size: 12
2023-07-20 09:30:20,522 - progress - INFO - Creating dataloader for logs/en/asr/train/version_4/data/en/train_split/test_ni.txt
2023-07-20 09:30:20,523 - progress - INFO - 	Dataloader config: {'sample_rate': 16000, 'batch_size': 12, 'num_workers': 10, 'pin_memory': True, 'use_start_end_token': False, 'trim_silence': False, 'is_tarred': False, 'tarred_audio_filepaths': None, 'shuffle_n': 2048, 'bucketing_strategy': 'synced_randomized', 'bucketing_batch_size': None, 'return_sample_id': False, 'drop_last': False, 'asr_repo': 'whisper', 'shuffle': False, 'manifest_filepath': 'logs/en/asr/train/version_4/data/en/train_split/test_ni.txt'}
2023-07-20 09:30:20,531 - progress - INFO - 	Batch size: 12
2023-07-20 09:30:20,537 - progress - INFO - Creating dataloader for logs/en/asr/train/version_4/data/en/train_split/test_nz.txt
2023-07-20 09:30:20,537 - progress - INFO - 	Dataloader config: {'sample_rate': 16000, 'batch_size': 12, 'num_workers': 10, 'pin_memory': True, 'use_start_end_token': False, 'trim_silence': False, 'is_tarred': False, 'tarred_audio_filepaths': None, 'shuffle_n': 2048, 'bucketing_strategy': 'synced_randomized', 'bucketing_batch_size': None, 'return_sample_id': False, 'drop_last': False, 'asr_repo': 'whisper', 'shuffle': False, 'manifest_filepath': 'logs/en/asr/train/version_4/data/en/train_split/test_nz.txt'}
2023-07-20 09:30:20,538 - progress - INFO - 	Batch size: 12
2023-07-20 09:30:20,547 - progress - INFO - Creating dataloader for logs/en/asr/train/version_4/data/en/train_split/test_ph.txt
2023-07-20 09:30:20,548 - progress - INFO - 	Dataloader config: {'sample_rate': 16000, 'batch_size': 12, 'num_workers': 10, 'pin_memory': True, 'use_start_end_token': False, 'trim_silence': False, 'is_tarred': False, 'tarred_audio_filepaths': None, 'shuffle_n': 2048, 'bucketing_strategy': 'synced_randomized', 'bucketing_batch_size': None, 'return_sample_id': False, 'drop_last': False, 'asr_repo': 'whisper', 'shuffle': False, 'manifest_filepath': 'logs/en/asr/train/version_4/data/en/train_split/test_ph.txt'}
2023-07-20 09:30:20,548 - progress - INFO - 	Batch size: 12
2023-07-20 09:30:20,553 - progress - INFO - Creating dataloader for logs/en/asr/train/version_4/data/en/train_split/test_sc.txt
2023-07-20 09:30:20,554 - progress - INFO - 	Dataloader config: {'sample_rate': 16000, 'batch_size': 12, 'num_workers': 10, 'pin_memory': True, 'use_start_end_token': False, 'trim_silence': False, 'is_tarred': False, 'tarred_audio_filepaths': None, 'shuffle_n': 2048, 'bucketing_strategy': 'synced_randomized', 'bucketing_batch_size': None, 'return_sample_id': False, 'drop_last': False, 'asr_repo': 'whisper', 'shuffle': False, 'manifest_filepath': 'logs/en/asr/train/version_4/data/en/train_split/test_sc.txt'}
2023-07-20 09:30:20,554 - progress - INFO - 	Batch size: 12
2023-07-20 09:30:20,565 - progress - INFO - Creating dataloader for logs/en/asr/train/version_4/data/en/train_split/test_sg.txt
2023-07-20 09:30:20,566 - progress - INFO - 	Dataloader config: {'sample_rate': 16000, 'batch_size': 12, 'num_workers': 10, 'pin_memory': True, 'use_start_end_token': False, 'trim_silence': False, 'is_tarred': False, 'tarred_audio_filepaths': None, 'shuffle_n': 2048, 'bucketing_strategy': 'synced_randomized', 'bucketing_batch_size': None, 'return_sample_id': False, 'drop_last': False, 'asr_repo': 'whisper', 'shuffle': False, 'manifest_filepath': 'logs/en/asr/train/version_4/data/en/train_split/test_sg.txt'}
2023-07-20 09:30:20,566 - progress - INFO - 	Batch size: 12
2023-07-20 09:30:20,571 - progress - INFO - Creating dataloader for logs/en/asr/train/version_4/data/en/train_split/test_za.txt
2023-07-20 09:30:20,572 - progress - INFO - 	Dataloader config: {'sample_rate': 16000, 'batch_size': 12, 'num_workers': 10, 'pin_memory': True, 'use_start_end_token': False, 'trim_silence': False, 'is_tarred': False, 'tarred_audio_filepaths': None, 'shuffle_n': 2048, 'bucketing_strategy': 'synced_randomized', 'bucketing_batch_size': None, 'return_sample_id': False, 'drop_last': False, 'asr_repo': 'whisper', 'shuffle': False, 'manifest_filepath': 'logs/en/asr/train/version_4/data/en/train_split/test_za.txt'}
2023-07-20 09:30:20,572 - progress - INFO - 	Batch size: 12
2023-07-20 09:33:51,154 - progress - INFO - Configuring optimizers
2023-07-20 09:33:51,158 - progress - INFO - Creating dataloader for ['logs/en/asr/train/version_4/data/en/train_split/train_us.txt', 'logs/en/asr/train/version_4/data/en/train_split/train_ca.txt', 'logs/en/asr/train/version_4/data/en/train_split/train_uk.txt', 'logs/en/asr/train/version_4/data/en/train_split/train_in.txt', 'logs/en/asr/train/version_4/data/en/train_split/train_de.txt', 'logs/en/asr/train/version_4/data/en/train_split/train_au.txt']
2023-07-20 09:33:51,159 - progress - INFO - 	Dataloader config: {'sample_rate': 16000, 'batch_size': 12, 'num_workers': 10, 'pin_memory': True, 'use_start_end_token': False, 'trim_silence': False, 'is_tarred': False, 'tarred_audio_filepaths': None, 'shuffle_n': 2048, 'bucketing_strategy': 'synced_randomized', 'bucketing_batch_size': None, 'return_sample_id': False, 'drop_last': False, 'asr_repo': 'whisper', 'shuffle': True, 'manifest_filepath': ['logs/en/asr/train/version_4/data/en/train_split/train_us.txt', 'logs/en/asr/train/version_4/data/en/train_split/train_ca.txt', 'logs/en/asr/train/version_4/data/en/train_split/train_uk.txt', 'logs/en/asr/train/version_4/data/en/train_split/train_in.txt', 'logs/en/asr/train/version_4/data/en/train_split/train_de.txt', 'logs/en/asr/train/version_4/data/en/train_split/train_au.txt']}
2023-07-20 09:33:51,159 - progress - INFO - 	Batch size: 12
