2024-06-08 11:19:02,133 - progress - INFO - Creating dataloader for logs/en/ensemble/train/binary/b7/DAT/version_70/data/en/train_subset/test_us.txt
2024-06-08 11:19:02,134 - progress - INFO - 	Dataloader config: {'sample_rate': 16000, 'batch_size': 8, 'num_workers': 10, 'pin_memory': True, 'use_start_end_token': False, 'trim_silence': False, 'is_tarred': False, 'tarred_audio_filepaths': None, 'shuffle_n': 2048, 'bucketing_strategy': 'synced_randomized', 'bucketing_batch_size': None, 'return_sample_id': False, 'drop_last': False, 'asr_repo': 'whisper', 'shuffle': False, 'manifest_filepath': 'logs/en/ensemble/train/binary/b7/DAT/version_70/data/en/train_subset/test_us.txt'}
2024-06-08 11:19:02,135 - progress - INFO - 	Batch size: 8
2024-06-08 11:19:02,341 - progress - INFO - Creating dataloader for logs/en/ensemble/train/binary/b7/DAT/version_70/data/en/train_subset/test_ca.txt
2024-06-08 11:19:02,342 - progress - INFO - 	Dataloader config: {'sample_rate': 16000, 'batch_size': 8, 'num_workers': 10, 'pin_memory': True, 'use_start_end_token': False, 'trim_silence': False, 'is_tarred': False, 'tarred_audio_filepaths': None, 'shuffle_n': 2048, 'bucketing_strategy': 'synced_randomized', 'bucketing_batch_size': None, 'return_sample_id': False, 'drop_last': False, 'asr_repo': 'whisper', 'shuffle': False, 'manifest_filepath': 'logs/en/ensemble/train/binary/b7/DAT/version_70/data/en/train_subset/test_ca.txt'}
2024-06-08 11:19:02,343 - progress - INFO - 	Batch size: 8
2024-06-08 11:19:02,347 - progress - INFO - Creating dataloader for logs/en/ensemble/train/binary/b7/DAT/version_70/data/en/train_subset/test_uk.txt
2024-06-08 11:19:02,347 - progress - INFO - 	Dataloader config: {'sample_rate': 16000, 'batch_size': 8, 'num_workers': 10, 'pin_memory': True, 'use_start_end_token': False, 'trim_silence': False, 'is_tarred': False, 'tarred_audio_filepaths': None, 'shuffle_n': 2048, 'bucketing_strategy': 'synced_randomized', 'bucketing_batch_size': None, 'return_sample_id': False, 'drop_last': False, 'asr_repo': 'whisper', 'shuffle': False, 'manifest_filepath': 'logs/en/ensemble/train/binary/b7/DAT/version_70/data/en/train_subset/test_uk.txt'}
2024-06-08 11:19:02,348 - progress - INFO - 	Batch size: 8
2024-06-08 11:19:02,352 - progress - INFO - Creating dataloader for logs/en/ensemble/train/binary/b7/DAT/version_70/data/en/train_subset/test_in.txt
2024-06-08 11:19:02,353 - progress - INFO - 	Dataloader config: {'sample_rate': 16000, 'batch_size': 8, 'num_workers': 10, 'pin_memory': True, 'use_start_end_token': False, 'trim_silence': False, 'is_tarred': False, 'tarred_audio_filepaths': None, 'shuffle_n': 2048, 'bucketing_strategy': 'synced_randomized', 'bucketing_batch_size': None, 'return_sample_id': False, 'drop_last': False, 'asr_repo': 'whisper', 'shuffle': False, 'manifest_filepath': 'logs/en/ensemble/train/binary/b7/DAT/version_70/data/en/train_subset/test_in.txt'}
2024-06-08 11:19:02,354 - progress - INFO - 	Batch size: 8
2024-06-08 11:19:02,359 - progress - INFO - Creating dataloader for logs/en/ensemble/train/binary/b7/DAT/version_70/data/en/train_subset/test_de.txt
2024-06-08 11:19:02,360 - progress - INFO - 	Dataloader config: {'sample_rate': 16000, 'batch_size': 8, 'num_workers': 10, 'pin_memory': True, 'use_start_end_token': False, 'trim_silence': False, 'is_tarred': False, 'tarred_audio_filepaths': None, 'shuffle_n': 2048, 'bucketing_strategy': 'synced_randomized', 'bucketing_batch_size': None, 'return_sample_id': False, 'drop_last': False, 'asr_repo': 'whisper', 'shuffle': False, 'manifest_filepath': 'logs/en/ensemble/train/binary/b7/DAT/version_70/data/en/train_subset/test_de.txt'}
2024-06-08 11:19:02,361 - progress - INFO - 	Batch size: 8
2024-06-08 11:19:02,365 - progress - INFO - Creating dataloader for logs/en/ensemble/train/binary/b7/DAT/version_70/data/en/train_subset/test_au.txt
2024-06-08 11:19:02,366 - progress - INFO - 	Dataloader config: {'sample_rate': 16000, 'batch_size': 8, 'num_workers': 10, 'pin_memory': True, 'use_start_end_token': False, 'trim_silence': False, 'is_tarred': False, 'tarred_audio_filepaths': None, 'shuffle_n': 2048, 'bucketing_strategy': 'synced_randomized', 'bucketing_batch_size': None, 'return_sample_id': False, 'drop_last': False, 'asr_repo': 'whisper', 'shuffle': False, 'manifest_filepath': 'logs/en/ensemble/train/binary/b7/DAT/version_70/data/en/train_subset/test_au.txt'}
2024-06-08 11:19:02,367 - progress - INFO - 	Batch size: 8
2024-06-08 11:19:02,370 - progress - INFO - Creating dataloader for logs/en/ensemble/train/binary/b7/DAT/version_70/data/en/train_subset/test_hk.txt
2024-06-08 11:19:02,371 - progress - INFO - 	Dataloader config: {'sample_rate': 16000, 'batch_size': 8, 'num_workers': 10, 'pin_memory': True, 'use_start_end_token': False, 'trim_silence': False, 'is_tarred': False, 'tarred_audio_filepaths': None, 'shuffle_n': 2048, 'bucketing_strategy': 'synced_randomized', 'bucketing_batch_size': None, 'return_sample_id': False, 'drop_last': False, 'asr_repo': 'whisper', 'shuffle': False, 'manifest_filepath': 'logs/en/ensemble/train/binary/b7/DAT/version_70/data/en/train_subset/test_hk.txt'}
2024-06-08 11:19:02,372 - progress - INFO - 	Batch size: 8
2024-06-08 11:19:02,376 - progress - INFO - Creating dataloader for logs/en/ensemble/train/binary/b7/DAT/version_70/data/en/train_subset/test_ie.txt
2024-06-08 11:19:02,376 - progress - INFO - 	Dataloader config: {'sample_rate': 16000, 'batch_size': 8, 'num_workers': 10, 'pin_memory': True, 'use_start_end_token': False, 'trim_silence': False, 'is_tarred': False, 'tarred_audio_filepaths': None, 'shuffle_n': 2048, 'bucketing_strategy': 'synced_randomized', 'bucketing_batch_size': None, 'return_sample_id': False, 'drop_last': False, 'asr_repo': 'whisper', 'shuffle': False, 'manifest_filepath': 'logs/en/ensemble/train/binary/b7/DAT/version_70/data/en/train_subset/test_ie.txt'}
2024-06-08 11:19:02,377 - progress - INFO - 	Batch size: 8
2024-06-08 11:19:02,380 - progress - INFO - Creating dataloader for logs/en/ensemble/train/binary/b7/DAT/version_70/data/en/train_subset/test_ni.txt
2024-06-08 11:19:02,381 - progress - INFO - 	Dataloader config: {'sample_rate': 16000, 'batch_size': 8, 'num_workers': 10, 'pin_memory': True, 'use_start_end_token': False, 'trim_silence': False, 'is_tarred': False, 'tarred_audio_filepaths': None, 'shuffle_n': 2048, 'bucketing_strategy': 'synced_randomized', 'bucketing_batch_size': None, 'return_sample_id': False, 'drop_last': False, 'asr_repo': 'whisper', 'shuffle': False, 'manifest_filepath': 'logs/en/ensemble/train/binary/b7/DAT/version_70/data/en/train_subset/test_ni.txt'}
2024-06-08 11:19:02,382 - progress - INFO - 	Batch size: 8
2024-06-08 11:19:02,385 - progress - INFO - Creating dataloader for logs/en/ensemble/train/binary/b7/DAT/version_70/data/en/train_subset/test_nz.txt
2024-06-08 11:19:02,386 - progress - INFO - 	Dataloader config: {'sample_rate': 16000, 'batch_size': 8, 'num_workers': 10, 'pin_memory': True, 'use_start_end_token': False, 'trim_silence': False, 'is_tarred': False, 'tarred_audio_filepaths': None, 'shuffle_n': 2048, 'bucketing_strategy': 'synced_randomized', 'bucketing_batch_size': None, 'return_sample_id': False, 'drop_last': False, 'asr_repo': 'whisper', 'shuffle': False, 'manifest_filepath': 'logs/en/ensemble/train/binary/b7/DAT/version_70/data/en/train_subset/test_nz.txt'}
2024-06-08 11:19:02,387 - progress - INFO - 	Batch size: 8
2024-06-08 11:19:02,390 - progress - INFO - Creating dataloader for logs/en/ensemble/train/binary/b7/DAT/version_70/data/en/train_subset/test_ph.txt
2024-06-08 11:19:02,391 - progress - INFO - 	Dataloader config: {'sample_rate': 16000, 'batch_size': 8, 'num_workers': 10, 'pin_memory': True, 'use_start_end_token': False, 'trim_silence': False, 'is_tarred': False, 'tarred_audio_filepaths': None, 'shuffle_n': 2048, 'bucketing_strategy': 'synced_randomized', 'bucketing_batch_size': None, 'return_sample_id': False, 'drop_last': False, 'asr_repo': 'whisper', 'shuffle': False, 'manifest_filepath': 'logs/en/ensemble/train/binary/b7/DAT/version_70/data/en/train_subset/test_ph.txt'}
2024-06-08 11:19:02,391 - progress - INFO - 	Batch size: 8
2024-06-08 11:19:02,394 - progress - INFO - Creating dataloader for logs/en/ensemble/train/binary/b7/DAT/version_70/data/en/train_subset/test_sc.txt
2024-06-08 11:19:02,395 - progress - INFO - 	Dataloader config: {'sample_rate': 16000, 'batch_size': 8, 'num_workers': 10, 'pin_memory': True, 'use_start_end_token': False, 'trim_silence': False, 'is_tarred': False, 'tarred_audio_filepaths': None, 'shuffle_n': 2048, 'bucketing_strategy': 'synced_randomized', 'bucketing_batch_size': None, 'return_sample_id': False, 'drop_last': False, 'asr_repo': 'whisper', 'shuffle': False, 'manifest_filepath': 'logs/en/ensemble/train/binary/b7/DAT/version_70/data/en/train_subset/test_sc.txt'}
2024-06-08 11:19:02,396 - progress - INFO - 	Batch size: 8
2024-06-08 11:19:02,400 - progress - INFO - Creating dataloader for logs/en/ensemble/train/binary/b7/DAT/version_70/data/en/train_subset/test_sg.txt
2024-06-08 11:19:02,401 - progress - INFO - 	Dataloader config: {'sample_rate': 16000, 'batch_size': 8, 'num_workers': 10, 'pin_memory': True, 'use_start_end_token': False, 'trim_silence': False, 'is_tarred': False, 'tarred_audio_filepaths': None, 'shuffle_n': 2048, 'bucketing_strategy': 'synced_randomized', 'bucketing_batch_size': None, 'return_sample_id': False, 'drop_last': False, 'asr_repo': 'whisper', 'shuffle': False, 'manifest_filepath': 'logs/en/ensemble/train/binary/b7/DAT/version_70/data/en/train_subset/test_sg.txt'}
2024-06-08 11:19:02,402 - progress - INFO - 	Batch size: 8
2024-06-08 11:19:02,405 - progress - INFO - Creating dataloader for logs/en/ensemble/train/binary/b7/DAT/version_70/data/en/train_subset/test_za.txt
2024-06-08 11:19:02,406 - progress - INFO - 	Dataloader config: {'sample_rate': 16000, 'batch_size': 8, 'num_workers': 10, 'pin_memory': True, 'use_start_end_token': False, 'trim_silence': False, 'is_tarred': False, 'tarred_audio_filepaths': None, 'shuffle_n': 2048, 'bucketing_strategy': 'synced_randomized', 'bucketing_batch_size': None, 'return_sample_id': False, 'drop_last': False, 'asr_repo': 'whisper', 'shuffle': False, 'manifest_filepath': 'logs/en/ensemble/train/binary/b7/DAT/version_70/data/en/train_subset/test_za.txt'}
2024-06-08 11:19:02,407 - progress - INFO - 	Batch size: 8
2024-06-08 11:27:43,218 - progress - INFO - Configuring optimizers
2024-06-08 11:27:43,223 - progress - INFO - Creating dataloader for ['logs/en/ensemble/train/binary/b7/DAT/version_70/data/en/train_subset/train_us.txt']
2024-06-08 11:27:43,223 - progress - INFO - 	Dataloader config: {'sample_rate': 16000, 'batch_size': 8, 'num_workers': 10, 'pin_memory': True, 'use_start_end_token': False, 'trim_silence': False, 'is_tarred': False, 'tarred_audio_filepaths': None, 'shuffle_n': 2048, 'bucketing_strategy': 'synced_randomized', 'bucketing_batch_size': None, 'return_sample_id': False, 'drop_last': False, 'asr_repo': 'whisper', 'shuffle': True, 'manifest_filepath': ['logs/en/ensemble/train/binary/b7/DAT/version_70/data/en/train_subset/train_us.txt']}
2024-06-08 11:27:43,224 - progress - INFO - 	Batch size: 8
2024-06-08 11:27:43,282 - progress - INFO - Creating dataloader for ['logs/en/ensemble/train/binary/b7/DAT/version_70/data/en/train_subset/train_ca.txt', 'logs/en/ensemble/train/binary/b7/DAT/version_70/data/en/train_subset/train_uk.txt', 'logs/en/ensemble/train/binary/b7/DAT/version_70/data/en/train_subset/train_in.txt', 'logs/en/ensemble/train/binary/b7/DAT/version_70/data/en/train_subset/train_de.txt', 'logs/en/ensemble/train/binary/b7/DAT/version_70/data/en/train_subset/train_au.txt']
2024-06-08 11:27:43,282 - progress - INFO - 	Dataloader config: {'sample_rate': 16000, 'batch_size': 8, 'num_workers': 10, 'pin_memory': True, 'use_start_end_token': False, 'trim_silence': False, 'is_tarred': False, 'tarred_audio_filepaths': None, 'shuffle_n': 2048, 'bucketing_strategy': 'synced_randomized', 'bucketing_batch_size': None, 'return_sample_id': False, 'drop_last': False, 'asr_repo': 'whisper', 'shuffle': True, 'manifest_filepath': ['logs/en/ensemble/train/binary/b7/DAT/version_70/data/en/train_subset/train_ca.txt', 'logs/en/ensemble/train/binary/b7/DAT/version_70/data/en/train_subset/train_uk.txt', 'logs/en/ensemble/train/binary/b7/DAT/version_70/data/en/train_subset/train_in.txt', 'logs/en/ensemble/train/binary/b7/DAT/version_70/data/en/train_subset/train_de.txt', 'logs/en/ensemble/train/binary/b7/DAT/version_70/data/en/train_subset/train_au.txt']}
2024-06-08 11:27:43,283 - progress - INFO - 	Batch size: 8
2024-06-08 11:27:43,385 - progress - INFO - Scheduler max. steps: 960
2024-06-08 11:27:43,396 - progress - INFO - Creating dataloader for ['logs/en/ensemble/train/binary/b7/DAT/version_70/data/en/train_subset/train_us.txt']
2024-06-08 11:27:43,397 - progress - INFO - 	Dataloader config: {'sample_rate': 16000, 'batch_size': 8, 'num_workers': 10, 'pin_memory': True, 'use_start_end_token': False, 'trim_silence': False, 'is_tarred': False, 'tarred_audio_filepaths': None, 'shuffle_n': 2048, 'bucketing_strategy': 'synced_randomized', 'bucketing_batch_size': None, 'return_sample_id': False, 'drop_last': False, 'asr_repo': 'whisper', 'shuffle': True, 'manifest_filepath': ['logs/en/ensemble/train/binary/b7/DAT/version_70/data/en/train_subset/train_us.txt']}
2024-06-08 11:27:43,397 - progress - INFO - 	Batch size: 8
2024-06-08 11:27:43,416 - progress - INFO - Creating dataloader for ['logs/en/ensemble/train/binary/b7/DAT/version_70/data/en/train_subset/train_ca.txt', 'logs/en/ensemble/train/binary/b7/DAT/version_70/data/en/train_subset/train_uk.txt', 'logs/en/ensemble/train/binary/b7/DAT/version_70/data/en/train_subset/train_in.txt', 'logs/en/ensemble/train/binary/b7/DAT/version_70/data/en/train_subset/train_de.txt', 'logs/en/ensemble/train/binary/b7/DAT/version_70/data/en/train_subset/train_au.txt']
2024-06-08 11:27:43,417 - progress - INFO - 	Dataloader config: {'sample_rate': 16000, 'batch_size': 8, 'num_workers': 10, 'pin_memory': True, 'use_start_end_token': False, 'trim_silence': False, 'is_tarred': False, 'tarred_audio_filepaths': None, 'shuffle_n': 2048, 'bucketing_strategy': 'synced_randomized', 'bucketing_batch_size': None, 'return_sample_id': False, 'drop_last': False, 'asr_repo': 'whisper', 'shuffle': True, 'manifest_filepath': ['logs/en/ensemble/train/binary/b7/DAT/version_70/data/en/train_subset/train_ca.txt', 'logs/en/ensemble/train/binary/b7/DAT/version_70/data/en/train_subset/train_uk.txt', 'logs/en/ensemble/train/binary/b7/DAT/version_70/data/en/train_subset/train_in.txt', 'logs/en/ensemble/train/binary/b7/DAT/version_70/data/en/train_subset/train_de.txt', 'logs/en/ensemble/train/binary/b7/DAT/version_70/data/en/train_subset/train_au.txt']}
2024-06-08 11:27:43,418 - progress - INFO - 	Batch size: 8
2024-06-08 11:27:43,446 - progress - INFO - Creating dataloader for logs/en/ensemble/train/binary/b7/DAT/version_70/data/en/train_subset/test_us.txt
2024-06-08 11:27:43,447 - progress - INFO - 	Dataloader config: {'sample_rate': 16000, 'batch_size': 8, 'num_workers': 10, 'pin_memory': True, 'use_start_end_token': False, 'trim_silence': False, 'is_tarred': False, 'tarred_audio_filepaths': None, 'shuffle_n': 2048, 'bucketing_strategy': 'synced_randomized', 'bucketing_batch_size': None, 'return_sample_id': False, 'drop_last': False, 'asr_repo': 'whisper', 'shuffle': False, 'manifest_filepath': 'logs/en/ensemble/train/binary/b7/DAT/version_70/data/en/train_subset/test_us.txt'}
2024-06-08 11:27:43,448 - progress - INFO - 	Batch size: 8
2024-06-08 11:27:43,455 - progress - INFO - Creating dataloader for logs/en/ensemble/train/binary/b7/DAT/version_70/data/en/train_subset/test_ca.txt
2024-06-08 11:27:43,456 - progress - INFO - 	Dataloader config: {'sample_rate': 16000, 'batch_size': 8, 'num_workers': 10, 'pin_memory': True, 'use_start_end_token': False, 'trim_silence': False, 'is_tarred': False, 'tarred_audio_filepaths': None, 'shuffle_n': 2048, 'bucketing_strategy': 'synced_randomized', 'bucketing_batch_size': None, 'return_sample_id': False, 'drop_last': False, 'asr_repo': 'whisper', 'shuffle': False, 'manifest_filepath': 'logs/en/ensemble/train/binary/b7/DAT/version_70/data/en/train_subset/test_ca.txt'}
2024-06-08 11:27:43,456 - progress - INFO - 	Batch size: 8
2024-06-08 11:27:43,460 - progress - INFO - Creating dataloader for logs/en/ensemble/train/binary/b7/DAT/version_70/data/en/train_subset/test_uk.txt
2024-06-08 11:27:43,460 - progress - INFO - 	Dataloader config: {'sample_rate': 16000, 'batch_size': 8, 'num_workers': 10, 'pin_memory': True, 'use_start_end_token': False, 'trim_silence': False, 'is_tarred': False, 'tarred_audio_filepaths': None, 'shuffle_n': 2048, 'bucketing_strategy': 'synced_randomized', 'bucketing_batch_size': None, 'return_sample_id': False, 'drop_last': False, 'asr_repo': 'whisper', 'shuffle': False, 'manifest_filepath': 'logs/en/ensemble/train/binary/b7/DAT/version_70/data/en/train_subset/test_uk.txt'}
2024-06-08 11:27:43,461 - progress - INFO - 	Batch size: 8
2024-06-08 11:27:43,465 - progress - INFO - Creating dataloader for logs/en/ensemble/train/binary/b7/DAT/version_70/data/en/train_subset/test_in.txt
2024-06-08 11:27:43,466 - progress - INFO - 	Dataloader config: {'sample_rate': 16000, 'batch_size': 8, 'num_workers': 10, 'pin_memory': True, 'use_start_end_token': False, 'trim_silence': False, 'is_tarred': False, 'tarred_audio_filepaths': None, 'shuffle_n': 2048, 'bucketing_strategy': 'synced_randomized', 'bucketing_batch_size': None, 'return_sample_id': False, 'drop_last': False, 'asr_repo': 'whisper', 'shuffle': False, 'manifest_filepath': 'logs/en/ensemble/train/binary/b7/DAT/version_70/data/en/train_subset/test_in.txt'}
2024-06-08 11:27:43,466 - progress - INFO - 	Batch size: 8
2024-06-08 11:27:43,470 - progress - INFO - Creating dataloader for logs/en/ensemble/train/binary/b7/DAT/version_70/data/en/train_subset/test_de.txt
2024-06-08 11:27:43,471 - progress - INFO - 	Dataloader config: {'sample_rate': 16000, 'batch_size': 8, 'num_workers': 10, 'pin_memory': True, 'use_start_end_token': False, 'trim_silence': False, 'is_tarred': False, 'tarred_audio_filepaths': None, 'shuffle_n': 2048, 'bucketing_strategy': 'synced_randomized', 'bucketing_batch_size': None, 'return_sample_id': False, 'drop_last': False, 'asr_repo': 'whisper', 'shuffle': False, 'manifest_filepath': 'logs/en/ensemble/train/binary/b7/DAT/version_70/data/en/train_subset/test_de.txt'}
2024-06-08 11:27:43,472 - progress - INFO - 	Batch size: 8
2024-06-08 11:27:43,475 - progress - INFO - Creating dataloader for logs/en/ensemble/train/binary/b7/DAT/version_70/data/en/train_subset/test_au.txt
2024-06-08 11:27:43,476 - progress - INFO - 	Dataloader config: {'sample_rate': 16000, 'batch_size': 8, 'num_workers': 10, 'pin_memory': True, 'use_start_end_token': False, 'trim_silence': False, 'is_tarred': False, 'tarred_audio_filepaths': None, 'shuffle_n': 2048, 'bucketing_strategy': 'synced_randomized', 'bucketing_batch_size': None, 'return_sample_id': False, 'drop_last': False, 'asr_repo': 'whisper', 'shuffle': False, 'manifest_filepath': 'logs/en/ensemble/train/binary/b7/DAT/version_70/data/en/train_subset/test_au.txt'}
2024-06-08 11:27:43,476 - progress - INFO - 	Batch size: 8
2024-06-08 11:27:43,480 - progress - INFO - Creating dataloader for logs/en/ensemble/train/binary/b7/DAT/version_70/data/en/train_subset/test_hk.txt
2024-06-08 11:27:43,480 - progress - INFO - 	Dataloader config: {'sample_rate': 16000, 'batch_size': 8, 'num_workers': 10, 'pin_memory': True, 'use_start_end_token': False, 'trim_silence': False, 'is_tarred': False, 'tarred_audio_filepaths': None, 'shuffle_n': 2048, 'bucketing_strategy': 'synced_randomized', 'bucketing_batch_size': None, 'return_sample_id': False, 'drop_last': False, 'asr_repo': 'whisper', 'shuffle': False, 'manifest_filepath': 'logs/en/ensemble/train/binary/b7/DAT/version_70/data/en/train_subset/test_hk.txt'}
2024-06-08 11:27:43,481 - progress - INFO - 	Batch size: 8
2024-06-08 11:27:43,484 - progress - INFO - Creating dataloader for logs/en/ensemble/train/binary/b7/DAT/version_70/data/en/train_subset/test_ie.txt
2024-06-08 11:27:43,485 - progress - INFO - 	Dataloader config: {'sample_rate': 16000, 'batch_size': 8, 'num_workers': 10, 'pin_memory': True, 'use_start_end_token': False, 'trim_silence': False, 'is_tarred': False, 'tarred_audio_filepaths': None, 'shuffle_n': 2048, 'bucketing_strategy': 'synced_randomized', 'bucketing_batch_size': None, 'return_sample_id': False, 'drop_last': False, 'asr_repo': 'whisper', 'shuffle': False, 'manifest_filepath': 'logs/en/ensemble/train/binary/b7/DAT/version_70/data/en/train_subset/test_ie.txt'}
2024-06-08 11:27:43,486 - progress - INFO - 	Batch size: 8
2024-06-08 11:27:43,489 - progress - INFO - Creating dataloader for logs/en/ensemble/train/binary/b7/DAT/version_70/data/en/train_subset/test_ni.txt
2024-06-08 11:27:43,489 - progress - INFO - 	Dataloader config: {'sample_rate': 16000, 'batch_size': 8, 'num_workers': 10, 'pin_memory': True, 'use_start_end_token': False, 'trim_silence': False, 'is_tarred': False, 'tarred_audio_filepaths': None, 'shuffle_n': 2048, 'bucketing_strategy': 'synced_randomized', 'bucketing_batch_size': None, 'return_sample_id': False, 'drop_last': False, 'asr_repo': 'whisper', 'shuffle': False, 'manifest_filepath': 'logs/en/ensemble/train/binary/b7/DAT/version_70/data/en/train_subset/test_ni.txt'}
2024-06-08 11:27:43,490 - progress - INFO - 	Batch size: 8
2024-06-08 11:27:43,493 - progress - INFO - Creating dataloader for logs/en/ensemble/train/binary/b7/DAT/version_70/data/en/train_subset/test_nz.txt
2024-06-08 11:27:43,494 - progress - INFO - 	Dataloader config: {'sample_rate': 16000, 'batch_size': 8, 'num_workers': 10, 'pin_memory': True, 'use_start_end_token': False, 'trim_silence': False, 'is_tarred': False, 'tarred_audio_filepaths': None, 'shuffle_n': 2048, 'bucketing_strategy': 'synced_randomized', 'bucketing_batch_size': None, 'return_sample_id': False, 'drop_last': False, 'asr_repo': 'whisper', 'shuffle': False, 'manifest_filepath': 'logs/en/ensemble/train/binary/b7/DAT/version_70/data/en/train_subset/test_nz.txt'}
2024-06-08 11:27:43,494 - progress - INFO - 	Batch size: 8
2024-06-08 11:27:43,498 - progress - INFO - Creating dataloader for logs/en/ensemble/train/binary/b7/DAT/version_70/data/en/train_subset/test_ph.txt
2024-06-08 11:27:43,499 - progress - INFO - 	Dataloader config: {'sample_rate': 16000, 'batch_size': 8, 'num_workers': 10, 'pin_memory': True, 'use_start_end_token': False, 'trim_silence': False, 'is_tarred': False, 'tarred_audio_filepaths': None, 'shuffle_n': 2048, 'bucketing_strategy': 'synced_randomized', 'bucketing_batch_size': None, 'return_sample_id': False, 'drop_last': False, 'asr_repo': 'whisper', 'shuffle': False, 'manifest_filepath': 'logs/en/ensemble/train/binary/b7/DAT/version_70/data/en/train_subset/test_ph.txt'}
2024-06-08 11:27:43,499 - progress - INFO - 	Batch size: 8
2024-06-08 11:27:43,502 - progress - INFO - Creating dataloader for logs/en/ensemble/train/binary/b7/DAT/version_70/data/en/train_subset/test_sc.txt
2024-06-08 11:27:43,503 - progress - INFO - 	Dataloader config: {'sample_rate': 16000, 'batch_size': 8, 'num_workers': 10, 'pin_memory': True, 'use_start_end_token': False, 'trim_silence': False, 'is_tarred': False, 'tarred_audio_filepaths': None, 'shuffle_n': 2048, 'bucketing_strategy': 'synced_randomized', 'bucketing_batch_size': None, 'return_sample_id': False, 'drop_last': False, 'asr_repo': 'whisper', 'shuffle': False, 'manifest_filepath': 'logs/en/ensemble/train/binary/b7/DAT/version_70/data/en/train_subset/test_sc.txt'}
2024-06-08 11:27:43,504 - progress - INFO - 	Batch size: 8
2024-06-08 11:27:43,507 - progress - INFO - Creating dataloader for logs/en/ensemble/train/binary/b7/DAT/version_70/data/en/train_subset/test_sg.txt
2024-06-08 11:27:43,508 - progress - INFO - 	Dataloader config: {'sample_rate': 16000, 'batch_size': 8, 'num_workers': 10, 'pin_memory': True, 'use_start_end_token': False, 'trim_silence': False, 'is_tarred': False, 'tarred_audio_filepaths': None, 'shuffle_n': 2048, 'bucketing_strategy': 'synced_randomized', 'bucketing_batch_size': None, 'return_sample_id': False, 'drop_last': False, 'asr_repo': 'whisper', 'shuffle': False, 'manifest_filepath': 'logs/en/ensemble/train/binary/b7/DAT/version_70/data/en/train_subset/test_sg.txt'}
2024-06-08 11:27:43,508 - progress - INFO - 	Batch size: 8
2024-06-08 11:27:43,511 - progress - INFO - Creating dataloader for logs/en/ensemble/train/binary/b7/DAT/version_70/data/en/train_subset/test_za.txt
2024-06-08 11:27:43,511 - progress - INFO - 	Dataloader config: {'sample_rate': 16000, 'batch_size': 8, 'num_workers': 10, 'pin_memory': True, 'use_start_end_token': False, 'trim_silence': False, 'is_tarred': False, 'tarred_audio_filepaths': None, 'shuffle_n': 2048, 'bucketing_strategy': 'synced_randomized', 'bucketing_batch_size': None, 'return_sample_id': False, 'drop_last': False, 'asr_repo': 'whisper', 'shuffle': False, 'manifest_filepath': 'logs/en/ensemble/train/binary/b7/DAT/version_70/data/en/train_subset/test_za.txt'}
2024-06-08 11:27:43,512 - progress - INFO - 	Batch size: 8
