2024-06-11 12:21:57,618 - progress - INFO - Creating dataloader for logs/en/ensemble/train/binary/b7/DAT/version_78/data/en/train_subset/test_us.txt
2024-06-11 12:21:57,619 - progress - INFO - 	Dataloader config: {'sample_rate': 16000, 'batch_size': 8, 'num_workers': 10, 'pin_memory': True, 'use_start_end_token': False, 'trim_silence': False, 'is_tarred': False, 'tarred_audio_filepaths': None, 'shuffle_n': 2048, 'bucketing_strategy': 'synced_randomized', 'bucketing_batch_size': None, 'return_sample_id': False, 'drop_last': False, 'asr_repo': 'whisper', 'shuffle': False, 'manifest_filepath': 'logs/en/ensemble/train/binary/b7/DAT/version_78/data/en/train_subset/test_us.txt'}
2024-06-11 12:21:57,620 - progress - INFO - 	Batch size: 8
2024-06-11 12:21:57,830 - progress - INFO - Creating dataloader for logs/en/ensemble/train/binary/b7/DAT/version_78/data/en/train_subset/test_ca.txt
2024-06-11 12:21:57,831 - progress - INFO - 	Dataloader config: {'sample_rate': 16000, 'batch_size': 8, 'num_workers': 10, 'pin_memory': True, 'use_start_end_token': False, 'trim_silence': False, 'is_tarred': False, 'tarred_audio_filepaths': None, 'shuffle_n': 2048, 'bucketing_strategy': 'synced_randomized', 'bucketing_batch_size': None, 'return_sample_id': False, 'drop_last': False, 'asr_repo': 'whisper', 'shuffle': False, 'manifest_filepath': 'logs/en/ensemble/train/binary/b7/DAT/version_78/data/en/train_subset/test_ca.txt'}
2024-06-11 12:21:57,831 - progress - INFO - 	Batch size: 8
2024-06-11 12:21:57,834 - progress - INFO - Creating dataloader for logs/en/ensemble/train/binary/b7/DAT/version_78/data/en/train_subset/test_uk.txt
2024-06-11 12:21:57,835 - progress - INFO - 	Dataloader config: {'sample_rate': 16000, 'batch_size': 8, 'num_workers': 10, 'pin_memory': True, 'use_start_end_token': False, 'trim_silence': False, 'is_tarred': False, 'tarred_audio_filepaths': None, 'shuffle_n': 2048, 'bucketing_strategy': 'synced_randomized', 'bucketing_batch_size': None, 'return_sample_id': False, 'drop_last': False, 'asr_repo': 'whisper', 'shuffle': False, 'manifest_filepath': 'logs/en/ensemble/train/binary/b7/DAT/version_78/data/en/train_subset/test_uk.txt'}
2024-06-11 12:21:57,835 - progress - INFO - 	Batch size: 8
2024-06-11 12:21:57,838 - progress - INFO - Creating dataloader for logs/en/ensemble/train/binary/b7/DAT/version_78/data/en/train_subset/test_in.txt
2024-06-11 12:21:57,839 - progress - INFO - 	Dataloader config: {'sample_rate': 16000, 'batch_size': 8, 'num_workers': 10, 'pin_memory': True, 'use_start_end_token': False, 'trim_silence': False, 'is_tarred': False, 'tarred_audio_filepaths': None, 'shuffle_n': 2048, 'bucketing_strategy': 'synced_randomized', 'bucketing_batch_size': None, 'return_sample_id': False, 'drop_last': False, 'asr_repo': 'whisper', 'shuffle': False, 'manifest_filepath': 'logs/en/ensemble/train/binary/b7/DAT/version_78/data/en/train_subset/test_in.txt'}
2024-06-11 12:21:57,839 - progress - INFO - 	Batch size: 8
2024-06-11 12:21:57,842 - progress - INFO - Creating dataloader for logs/en/ensemble/train/binary/b7/DAT/version_78/data/en/train_subset/test_de.txt
2024-06-11 12:21:57,842 - progress - INFO - 	Dataloader config: {'sample_rate': 16000, 'batch_size': 8, 'num_workers': 10, 'pin_memory': True, 'use_start_end_token': False, 'trim_silence': False, 'is_tarred': False, 'tarred_audio_filepaths': None, 'shuffle_n': 2048, 'bucketing_strategy': 'synced_randomized', 'bucketing_batch_size': None, 'return_sample_id': False, 'drop_last': False, 'asr_repo': 'whisper', 'shuffle': False, 'manifest_filepath': 'logs/en/ensemble/train/binary/b7/DAT/version_78/data/en/train_subset/test_de.txt'}
2024-06-11 12:21:57,843 - progress - INFO - 	Batch size: 8
2024-06-11 12:21:57,845 - progress - INFO - Creating dataloader for logs/en/ensemble/train/binary/b7/DAT/version_78/data/en/train_subset/test_au.txt
2024-06-11 12:21:57,846 - progress - INFO - 	Dataloader config: {'sample_rate': 16000, 'batch_size': 8, 'num_workers': 10, 'pin_memory': True, 'use_start_end_token': False, 'trim_silence': False, 'is_tarred': False, 'tarred_audio_filepaths': None, 'shuffle_n': 2048, 'bucketing_strategy': 'synced_randomized', 'bucketing_batch_size': None, 'return_sample_id': False, 'drop_last': False, 'asr_repo': 'whisper', 'shuffle': False, 'manifest_filepath': 'logs/en/ensemble/train/binary/b7/DAT/version_78/data/en/train_subset/test_au.txt'}
2024-06-11 12:21:57,846 - progress - INFO - 	Batch size: 8
2024-06-11 12:21:57,849 - progress - INFO - Creating dataloader for logs/en/ensemble/train/binary/b7/DAT/version_78/data/en/train_subset/test_hk.txt
2024-06-11 12:21:57,849 - progress - INFO - 	Dataloader config: {'sample_rate': 16000, 'batch_size': 8, 'num_workers': 10, 'pin_memory': True, 'use_start_end_token': False, 'trim_silence': False, 'is_tarred': False, 'tarred_audio_filepaths': None, 'shuffle_n': 2048, 'bucketing_strategy': 'synced_randomized', 'bucketing_batch_size': None, 'return_sample_id': False, 'drop_last': False, 'asr_repo': 'whisper', 'shuffle': False, 'manifest_filepath': 'logs/en/ensemble/train/binary/b7/DAT/version_78/data/en/train_subset/test_hk.txt'}
2024-06-11 12:21:57,850 - progress - INFO - 	Batch size: 8
2024-06-11 12:21:57,852 - progress - INFO - Creating dataloader for logs/en/ensemble/train/binary/b7/DAT/version_78/data/en/train_subset/test_ie.txt
2024-06-11 12:21:57,853 - progress - INFO - 	Dataloader config: {'sample_rate': 16000, 'batch_size': 8, 'num_workers': 10, 'pin_memory': True, 'use_start_end_token': False, 'trim_silence': False, 'is_tarred': False, 'tarred_audio_filepaths': None, 'shuffle_n': 2048, 'bucketing_strategy': 'synced_randomized', 'bucketing_batch_size': None, 'return_sample_id': False, 'drop_last': False, 'asr_repo': 'whisper', 'shuffle': False, 'manifest_filepath': 'logs/en/ensemble/train/binary/b7/DAT/version_78/data/en/train_subset/test_ie.txt'}
2024-06-11 12:21:57,853 - progress - INFO - 	Batch size: 8
2024-06-11 12:21:57,856 - progress - INFO - Creating dataloader for logs/en/ensemble/train/binary/b7/DAT/version_78/data/en/train_subset/test_ni.txt
2024-06-11 12:21:57,857 - progress - INFO - 	Dataloader config: {'sample_rate': 16000, 'batch_size': 8, 'num_workers': 10, 'pin_memory': True, 'use_start_end_token': False, 'trim_silence': False, 'is_tarred': False, 'tarred_audio_filepaths': None, 'shuffle_n': 2048, 'bucketing_strategy': 'synced_randomized', 'bucketing_batch_size': None, 'return_sample_id': False, 'drop_last': False, 'asr_repo': 'whisper', 'shuffle': False, 'manifest_filepath': 'logs/en/ensemble/train/binary/b7/DAT/version_78/data/en/train_subset/test_ni.txt'}
2024-06-11 12:21:57,857 - progress - INFO - 	Batch size: 8
2024-06-11 12:21:57,859 - progress - INFO - Creating dataloader for logs/en/ensemble/train/binary/b7/DAT/version_78/data/en/train_subset/test_nz.txt
2024-06-11 12:21:57,860 - progress - INFO - 	Dataloader config: {'sample_rate': 16000, 'batch_size': 8, 'num_workers': 10, 'pin_memory': True, 'use_start_end_token': False, 'trim_silence': False, 'is_tarred': False, 'tarred_audio_filepaths': None, 'shuffle_n': 2048, 'bucketing_strategy': 'synced_randomized', 'bucketing_batch_size': None, 'return_sample_id': False, 'drop_last': False, 'asr_repo': 'whisper', 'shuffle': False, 'manifest_filepath': 'logs/en/ensemble/train/binary/b7/DAT/version_78/data/en/train_subset/test_nz.txt'}
2024-06-11 12:21:57,860 - progress - INFO - 	Batch size: 8
2024-06-11 12:21:57,863 - progress - INFO - Creating dataloader for logs/en/ensemble/train/binary/b7/DAT/version_78/data/en/train_subset/test_ph.txt
2024-06-11 12:21:57,864 - progress - INFO - 	Dataloader config: {'sample_rate': 16000, 'batch_size': 8, 'num_workers': 10, 'pin_memory': True, 'use_start_end_token': False, 'trim_silence': False, 'is_tarred': False, 'tarred_audio_filepaths': None, 'shuffle_n': 2048, 'bucketing_strategy': 'synced_randomized', 'bucketing_batch_size': None, 'return_sample_id': False, 'drop_last': False, 'asr_repo': 'whisper', 'shuffle': False, 'manifest_filepath': 'logs/en/ensemble/train/binary/b7/DAT/version_78/data/en/train_subset/test_ph.txt'}
2024-06-11 12:21:57,865 - progress - INFO - 	Batch size: 8
2024-06-11 12:21:57,867 - progress - INFO - Creating dataloader for logs/en/ensemble/train/binary/b7/DAT/version_78/data/en/train_subset/test_sc.txt
2024-06-11 12:21:57,868 - progress - INFO - 	Dataloader config: {'sample_rate': 16000, 'batch_size': 8, 'num_workers': 10, 'pin_memory': True, 'use_start_end_token': False, 'trim_silence': False, 'is_tarred': False, 'tarred_audio_filepaths': None, 'shuffle_n': 2048, 'bucketing_strategy': 'synced_randomized', 'bucketing_batch_size': None, 'return_sample_id': False, 'drop_last': False, 'asr_repo': 'whisper', 'shuffle': False, 'manifest_filepath': 'logs/en/ensemble/train/binary/b7/DAT/version_78/data/en/train_subset/test_sc.txt'}
2024-06-11 12:21:57,868 - progress - INFO - 	Batch size: 8
2024-06-11 12:21:57,871 - progress - INFO - Creating dataloader for logs/en/ensemble/train/binary/b7/DAT/version_78/data/en/train_subset/test_sg.txt
2024-06-11 12:21:57,871 - progress - INFO - 	Dataloader config: {'sample_rate': 16000, 'batch_size': 8, 'num_workers': 10, 'pin_memory': True, 'use_start_end_token': False, 'trim_silence': False, 'is_tarred': False, 'tarred_audio_filepaths': None, 'shuffle_n': 2048, 'bucketing_strategy': 'synced_randomized', 'bucketing_batch_size': None, 'return_sample_id': False, 'drop_last': False, 'asr_repo': 'whisper', 'shuffle': False, 'manifest_filepath': 'logs/en/ensemble/train/binary/b7/DAT/version_78/data/en/train_subset/test_sg.txt'}
2024-06-11 12:21:57,872 - progress - INFO - 	Batch size: 8
2024-06-11 12:21:57,874 - progress - INFO - Creating dataloader for logs/en/ensemble/train/binary/b7/DAT/version_78/data/en/train_subset/test_za.txt
2024-06-11 12:21:57,875 - progress - INFO - 	Dataloader config: {'sample_rate': 16000, 'batch_size': 8, 'num_workers': 10, 'pin_memory': True, 'use_start_end_token': False, 'trim_silence': False, 'is_tarred': False, 'tarred_audio_filepaths': None, 'shuffle_n': 2048, 'bucketing_strategy': 'synced_randomized', 'bucketing_batch_size': None, 'return_sample_id': False, 'drop_last': False, 'asr_repo': 'whisper', 'shuffle': False, 'manifest_filepath': 'logs/en/ensemble/train/binary/b7/DAT/version_78/data/en/train_subset/test_za.txt'}
2024-06-11 12:21:57,875 - progress - INFO - 	Batch size: 8
2024-06-11 12:30:43,417 - progress - INFO - Configuring optimizers
2024-06-11 12:30:43,422 - progress - INFO - Creating dataloader for ['logs/en/ensemble/train/binary/b7/DAT/version_78/data/en/train_subset/train_us.txt']
2024-06-11 12:30:43,422 - progress - INFO - 	Dataloader config: {'sample_rate': 16000, 'batch_size': 8, 'num_workers': 10, 'pin_memory': True, 'use_start_end_token': False, 'trim_silence': False, 'is_tarred': False, 'tarred_audio_filepaths': None, 'shuffle_n': 2048, 'bucketing_strategy': 'synced_randomized', 'bucketing_batch_size': None, 'return_sample_id': False, 'drop_last': False, 'asr_repo': 'whisper', 'shuffle': True, 'manifest_filepath': ['logs/en/ensemble/train/binary/b7/DAT/version_78/data/en/train_subset/train_us.txt']}
2024-06-11 12:30:43,423 - progress - INFO - 	Batch size: 8
2024-06-11 12:30:43,485 - progress - INFO - Creating dataloader for ['logs/en/ensemble/train/binary/b7/DAT/version_78/data/en/train_subset/train_ca.txt', 'logs/en/ensemble/train/binary/b7/DAT/version_78/data/en/train_subset/train_uk.txt', 'logs/en/ensemble/train/binary/b7/DAT/version_78/data/en/train_subset/train_in.txt', 'logs/en/ensemble/train/binary/b7/DAT/version_78/data/en/train_subset/train_de.txt', 'logs/en/ensemble/train/binary/b7/DAT/version_78/data/en/train_subset/train_au.txt']
2024-06-11 12:30:43,485 - progress - INFO - 	Dataloader config: {'sample_rate': 16000, 'batch_size': 8, 'num_workers': 10, 'pin_memory': True, 'use_start_end_token': False, 'trim_silence': False, 'is_tarred': False, 'tarred_audio_filepaths': None, 'shuffle_n': 2048, 'bucketing_strategy': 'synced_randomized', 'bucketing_batch_size': None, 'return_sample_id': False, 'drop_last': False, 'asr_repo': 'whisper', 'shuffle': True, 'manifest_filepath': ['logs/en/ensemble/train/binary/b7/DAT/version_78/data/en/train_subset/train_ca.txt', 'logs/en/ensemble/train/binary/b7/DAT/version_78/data/en/train_subset/train_uk.txt', 'logs/en/ensemble/train/binary/b7/DAT/version_78/data/en/train_subset/train_in.txt', 'logs/en/ensemble/train/binary/b7/DAT/version_78/data/en/train_subset/train_de.txt', 'logs/en/ensemble/train/binary/b7/DAT/version_78/data/en/train_subset/train_au.txt']}
2024-06-11 12:30:43,486 - progress - INFO - 	Batch size: 8
2024-06-11 12:30:43,580 - progress - INFO - Scheduler max. steps: 960
2024-06-11 12:30:43,591 - progress - INFO - Creating dataloader for ['logs/en/ensemble/train/binary/b7/DAT/version_78/data/en/train_subset/train_us.txt']
2024-06-11 12:30:43,591 - progress - INFO - 	Dataloader config: {'sample_rate': 16000, 'batch_size': 8, 'num_workers': 10, 'pin_memory': True, 'use_start_end_token': False, 'trim_silence': False, 'is_tarred': False, 'tarred_audio_filepaths': None, 'shuffle_n': 2048, 'bucketing_strategy': 'synced_randomized', 'bucketing_batch_size': None, 'return_sample_id': False, 'drop_last': False, 'asr_repo': 'whisper', 'shuffle': True, 'manifest_filepath': ['logs/en/ensemble/train/binary/b7/DAT/version_78/data/en/train_subset/train_us.txt']}
2024-06-11 12:30:43,592 - progress - INFO - 	Batch size: 8
2024-06-11 12:30:43,608 - progress - INFO - Creating dataloader for ['logs/en/ensemble/train/binary/b7/DAT/version_78/data/en/train_subset/train_ca.txt', 'logs/en/ensemble/train/binary/b7/DAT/version_78/data/en/train_subset/train_uk.txt', 'logs/en/ensemble/train/binary/b7/DAT/version_78/data/en/train_subset/train_in.txt', 'logs/en/ensemble/train/binary/b7/DAT/version_78/data/en/train_subset/train_de.txt', 'logs/en/ensemble/train/binary/b7/DAT/version_78/data/en/train_subset/train_au.txt']
2024-06-11 12:30:43,608 - progress - INFO - 	Dataloader config: {'sample_rate': 16000, 'batch_size': 8, 'num_workers': 10, 'pin_memory': True, 'use_start_end_token': False, 'trim_silence': False, 'is_tarred': False, 'tarred_audio_filepaths': None, 'shuffle_n': 2048, 'bucketing_strategy': 'synced_randomized', 'bucketing_batch_size': None, 'return_sample_id': False, 'drop_last': False, 'asr_repo': 'whisper', 'shuffle': True, 'manifest_filepath': ['logs/en/ensemble/train/binary/b7/DAT/version_78/data/en/train_subset/train_ca.txt', 'logs/en/ensemble/train/binary/b7/DAT/version_78/data/en/train_subset/train_uk.txt', 'logs/en/ensemble/train/binary/b7/DAT/version_78/data/en/train_subset/train_in.txt', 'logs/en/ensemble/train/binary/b7/DAT/version_78/data/en/train_subset/train_de.txt', 'logs/en/ensemble/train/binary/b7/DAT/version_78/data/en/train_subset/train_au.txt']}
2024-06-11 12:30:43,609 - progress - INFO - 	Batch size: 8
2024-06-11 12:30:43,631 - progress - INFO - Creating dataloader for logs/en/ensemble/train/binary/b7/DAT/version_78/data/en/train_subset/test_us.txt
2024-06-11 12:30:43,631 - progress - INFO - 	Dataloader config: {'sample_rate': 16000, 'batch_size': 8, 'num_workers': 10, 'pin_memory': True, 'use_start_end_token': False, 'trim_silence': False, 'is_tarred': False, 'tarred_audio_filepaths': None, 'shuffle_n': 2048, 'bucketing_strategy': 'synced_randomized', 'bucketing_batch_size': None, 'return_sample_id': False, 'drop_last': False, 'asr_repo': 'whisper', 'shuffle': False, 'manifest_filepath': 'logs/en/ensemble/train/binary/b7/DAT/version_78/data/en/train_subset/test_us.txt'}
2024-06-11 12:30:43,632 - progress - INFO - 	Batch size: 8
2024-06-11 12:30:43,638 - progress - INFO - Creating dataloader for logs/en/ensemble/train/binary/b7/DAT/version_78/data/en/train_subset/test_ca.txt
2024-06-11 12:30:43,639 - progress - INFO - 	Dataloader config: {'sample_rate': 16000, 'batch_size': 8, 'num_workers': 10, 'pin_memory': True, 'use_start_end_token': False, 'trim_silence': False, 'is_tarred': False, 'tarred_audio_filepaths': None, 'shuffle_n': 2048, 'bucketing_strategy': 'synced_randomized', 'bucketing_batch_size': None, 'return_sample_id': False, 'drop_last': False, 'asr_repo': 'whisper', 'shuffle': False, 'manifest_filepath': 'logs/en/ensemble/train/binary/b7/DAT/version_78/data/en/train_subset/test_ca.txt'}
2024-06-11 12:30:43,639 - progress - INFO - 	Batch size: 8
2024-06-11 12:30:43,642 - progress - INFO - Creating dataloader for logs/en/ensemble/train/binary/b7/DAT/version_78/data/en/train_subset/test_uk.txt
2024-06-11 12:30:43,642 - progress - INFO - 	Dataloader config: {'sample_rate': 16000, 'batch_size': 8, 'num_workers': 10, 'pin_memory': True, 'use_start_end_token': False, 'trim_silence': False, 'is_tarred': False, 'tarred_audio_filepaths': None, 'shuffle_n': 2048, 'bucketing_strategy': 'synced_randomized', 'bucketing_batch_size': None, 'return_sample_id': False, 'drop_last': False, 'asr_repo': 'whisper', 'shuffle': False, 'manifest_filepath': 'logs/en/ensemble/train/binary/b7/DAT/version_78/data/en/train_subset/test_uk.txt'}
2024-06-11 12:30:43,643 - progress - INFO - 	Batch size: 8
2024-06-11 12:30:43,646 - progress - INFO - Creating dataloader for logs/en/ensemble/train/binary/b7/DAT/version_78/data/en/train_subset/test_in.txt
2024-06-11 12:30:43,646 - progress - INFO - 	Dataloader config: {'sample_rate': 16000, 'batch_size': 8, 'num_workers': 10, 'pin_memory': True, 'use_start_end_token': False, 'trim_silence': False, 'is_tarred': False, 'tarred_audio_filepaths': None, 'shuffle_n': 2048, 'bucketing_strategy': 'synced_randomized', 'bucketing_batch_size': None, 'return_sample_id': False, 'drop_last': False, 'asr_repo': 'whisper', 'shuffle': False, 'manifest_filepath': 'logs/en/ensemble/train/binary/b7/DAT/version_78/data/en/train_subset/test_in.txt'}
2024-06-11 12:30:43,647 - progress - INFO - 	Batch size: 8
2024-06-11 12:30:43,649 - progress - INFO - Creating dataloader for logs/en/ensemble/train/binary/b7/DAT/version_78/data/en/train_subset/test_de.txt
2024-06-11 12:30:43,650 - progress - INFO - 	Dataloader config: {'sample_rate': 16000, 'batch_size': 8, 'num_workers': 10, 'pin_memory': True, 'use_start_end_token': False, 'trim_silence': False, 'is_tarred': False, 'tarred_audio_filepaths': None, 'shuffle_n': 2048, 'bucketing_strategy': 'synced_randomized', 'bucketing_batch_size': None, 'return_sample_id': False, 'drop_last': False, 'asr_repo': 'whisper', 'shuffle': False, 'manifest_filepath': 'logs/en/ensemble/train/binary/b7/DAT/version_78/data/en/train_subset/test_de.txt'}
2024-06-11 12:30:43,651 - progress - INFO - 	Batch size: 8
2024-06-11 12:30:43,654 - progress - INFO - Creating dataloader for logs/en/ensemble/train/binary/b7/DAT/version_78/data/en/train_subset/test_au.txt
2024-06-11 12:30:43,654 - progress - INFO - 	Dataloader config: {'sample_rate': 16000, 'batch_size': 8, 'num_workers': 10, 'pin_memory': True, 'use_start_end_token': False, 'trim_silence': False, 'is_tarred': False, 'tarred_audio_filepaths': None, 'shuffle_n': 2048, 'bucketing_strategy': 'synced_randomized', 'bucketing_batch_size': None, 'return_sample_id': False, 'drop_last': False, 'asr_repo': 'whisper', 'shuffle': False, 'manifest_filepath': 'logs/en/ensemble/train/binary/b7/DAT/version_78/data/en/train_subset/test_au.txt'}
2024-06-11 12:30:43,655 - progress - INFO - 	Batch size: 8
2024-06-11 12:30:43,657 - progress - INFO - Creating dataloader for logs/en/ensemble/train/binary/b7/DAT/version_78/data/en/train_subset/test_hk.txt
2024-06-11 12:30:43,658 - progress - INFO - 	Dataloader config: {'sample_rate': 16000, 'batch_size': 8, 'num_workers': 10, 'pin_memory': True, 'use_start_end_token': False, 'trim_silence': False, 'is_tarred': False, 'tarred_audio_filepaths': None, 'shuffle_n': 2048, 'bucketing_strategy': 'synced_randomized', 'bucketing_batch_size': None, 'return_sample_id': False, 'drop_last': False, 'asr_repo': 'whisper', 'shuffle': False, 'manifest_filepath': 'logs/en/ensemble/train/binary/b7/DAT/version_78/data/en/train_subset/test_hk.txt'}
2024-06-11 12:30:43,658 - progress - INFO - 	Batch size: 8
2024-06-11 12:30:43,660 - progress - INFO - Creating dataloader for logs/en/ensemble/train/binary/b7/DAT/version_78/data/en/train_subset/test_ie.txt
2024-06-11 12:30:43,661 - progress - INFO - 	Dataloader config: {'sample_rate': 16000, 'batch_size': 8, 'num_workers': 10, 'pin_memory': True, 'use_start_end_token': False, 'trim_silence': False, 'is_tarred': False, 'tarred_audio_filepaths': None, 'shuffle_n': 2048, 'bucketing_strategy': 'synced_randomized', 'bucketing_batch_size': None, 'return_sample_id': False, 'drop_last': False, 'asr_repo': 'whisper', 'shuffle': False, 'manifest_filepath': 'logs/en/ensemble/train/binary/b7/DAT/version_78/data/en/train_subset/test_ie.txt'}
2024-06-11 12:30:43,662 - progress - INFO - 	Batch size: 8
2024-06-11 12:30:43,664 - progress - INFO - Creating dataloader for logs/en/ensemble/train/binary/b7/DAT/version_78/data/en/train_subset/test_ni.txt
2024-06-11 12:30:43,665 - progress - INFO - 	Dataloader config: {'sample_rate': 16000, 'batch_size': 8, 'num_workers': 10, 'pin_memory': True, 'use_start_end_token': False, 'trim_silence': False, 'is_tarred': False, 'tarred_audio_filepaths': None, 'shuffle_n': 2048, 'bucketing_strategy': 'synced_randomized', 'bucketing_batch_size': None, 'return_sample_id': False, 'drop_last': False, 'asr_repo': 'whisper', 'shuffle': False, 'manifest_filepath': 'logs/en/ensemble/train/binary/b7/DAT/version_78/data/en/train_subset/test_ni.txt'}
2024-06-11 12:30:43,665 - progress - INFO - 	Batch size: 8
2024-06-11 12:30:43,667 - progress - INFO - Creating dataloader for logs/en/ensemble/train/binary/b7/DAT/version_78/data/en/train_subset/test_nz.txt
2024-06-11 12:30:43,668 - progress - INFO - 	Dataloader config: {'sample_rate': 16000, 'batch_size': 8, 'num_workers': 10, 'pin_memory': True, 'use_start_end_token': False, 'trim_silence': False, 'is_tarred': False, 'tarred_audio_filepaths': None, 'shuffle_n': 2048, 'bucketing_strategy': 'synced_randomized', 'bucketing_batch_size': None, 'return_sample_id': False, 'drop_last': False, 'asr_repo': 'whisper', 'shuffle': False, 'manifest_filepath': 'logs/en/ensemble/train/binary/b7/DAT/version_78/data/en/train_subset/test_nz.txt'}
2024-06-11 12:30:43,669 - progress - INFO - 	Batch size: 8
2024-06-11 12:30:43,672 - progress - INFO - Creating dataloader for logs/en/ensemble/train/binary/b7/DAT/version_78/data/en/train_subset/test_ph.txt
2024-06-11 12:30:43,673 - progress - INFO - 	Dataloader config: {'sample_rate': 16000, 'batch_size': 8, 'num_workers': 10, 'pin_memory': True, 'use_start_end_token': False, 'trim_silence': False, 'is_tarred': False, 'tarred_audio_filepaths': None, 'shuffle_n': 2048, 'bucketing_strategy': 'synced_randomized', 'bucketing_batch_size': None, 'return_sample_id': False, 'drop_last': False, 'asr_repo': 'whisper', 'shuffle': False, 'manifest_filepath': 'logs/en/ensemble/train/binary/b7/DAT/version_78/data/en/train_subset/test_ph.txt'}
2024-06-11 12:30:43,673 - progress - INFO - 	Batch size: 8
2024-06-11 12:30:43,675 - progress - INFO - Creating dataloader for logs/en/ensemble/train/binary/b7/DAT/version_78/data/en/train_subset/test_sc.txt
2024-06-11 12:30:43,676 - progress - INFO - 	Dataloader config: {'sample_rate': 16000, 'batch_size': 8, 'num_workers': 10, 'pin_memory': True, 'use_start_end_token': False, 'trim_silence': False, 'is_tarred': False, 'tarred_audio_filepaths': None, 'shuffle_n': 2048, 'bucketing_strategy': 'synced_randomized', 'bucketing_batch_size': None, 'return_sample_id': False, 'drop_last': False, 'asr_repo': 'whisper', 'shuffle': False, 'manifest_filepath': 'logs/en/ensemble/train/binary/b7/DAT/version_78/data/en/train_subset/test_sc.txt'}
2024-06-11 12:30:43,677 - progress - INFO - 	Batch size: 8
2024-06-11 12:30:43,679 - progress - INFO - Creating dataloader for logs/en/ensemble/train/binary/b7/DAT/version_78/data/en/train_subset/test_sg.txt
2024-06-11 12:30:43,680 - progress - INFO - 	Dataloader config: {'sample_rate': 16000, 'batch_size': 8, 'num_workers': 10, 'pin_memory': True, 'use_start_end_token': False, 'trim_silence': False, 'is_tarred': False, 'tarred_audio_filepaths': None, 'shuffle_n': 2048, 'bucketing_strategy': 'synced_randomized', 'bucketing_batch_size': None, 'return_sample_id': False, 'drop_last': False, 'asr_repo': 'whisper', 'shuffle': False, 'manifest_filepath': 'logs/en/ensemble/train/binary/b7/DAT/version_78/data/en/train_subset/test_sg.txt'}
2024-06-11 12:30:43,681 - progress - INFO - 	Batch size: 8
2024-06-11 12:30:43,683 - progress - INFO - Creating dataloader for logs/en/ensemble/train/binary/b7/DAT/version_78/data/en/train_subset/test_za.txt
2024-06-11 12:30:43,683 - progress - INFO - 	Dataloader config: {'sample_rate': 16000, 'batch_size': 8, 'num_workers': 10, 'pin_memory': True, 'use_start_end_token': False, 'trim_silence': False, 'is_tarred': False, 'tarred_audio_filepaths': None, 'shuffle_n': 2048, 'bucketing_strategy': 'synced_randomized', 'bucketing_batch_size': None, 'return_sample_id': False, 'drop_last': False, 'asr_repo': 'whisper', 'shuffle': False, 'manifest_filepath': 'logs/en/ensemble/train/binary/b7/DAT/version_78/data/en/train_subset/test_za.txt'}
2024-06-11 12:30:43,684 - progress - INFO - 	Batch size: 8
