2024-06-20 22:57:04,234 - progress - INFO - Creating dataloader for logs/en/ensemble/train/binary/b7/DAT/version_85/data/en/train_subset/test_us.txt
2024-06-20 22:57:04,235 - progress - INFO - 	Dataloader config: {'sample_rate': 16000, 'batch_size': 8, 'num_workers': 10, 'pin_memory': True, 'use_start_end_token': False, 'trim_silence': False, 'is_tarred': False, 'tarred_audio_filepaths': None, 'shuffle_n': 2048, 'bucketing_strategy': 'synced_randomized', 'bucketing_batch_size': None, 'return_sample_id': False, 'drop_last': False, 'asr_repo': 'whisper', 'shuffle': False, 'manifest_filepath': 'logs/en/ensemble/train/binary/b7/DAT/version_85/data/en/train_subset/test_us.txt'}
2024-06-20 22:57:04,235 - progress - INFO - 	Batch size: 8
2024-06-20 22:57:04,451 - progress - INFO - Creating dataloader for logs/en/ensemble/train/binary/b7/DAT/version_85/data/en/train_subset/test_ca.txt
2024-06-20 22:57:04,452 - progress - INFO - 	Dataloader config: {'sample_rate': 16000, 'batch_size': 8, 'num_workers': 10, 'pin_memory': True, 'use_start_end_token': False, 'trim_silence': False, 'is_tarred': False, 'tarred_audio_filepaths': None, 'shuffle_n': 2048, 'bucketing_strategy': 'synced_randomized', 'bucketing_batch_size': None, 'return_sample_id': False, 'drop_last': False, 'asr_repo': 'whisper', 'shuffle': False, 'manifest_filepath': 'logs/en/ensemble/train/binary/b7/DAT/version_85/data/en/train_subset/test_ca.txt'}
2024-06-20 22:57:04,453 - progress - INFO - 	Batch size: 8
2024-06-20 22:57:04,456 - progress - INFO - Creating dataloader for logs/en/ensemble/train/binary/b7/DAT/version_85/data/en/train_subset/test_uk.txt
2024-06-20 22:57:04,456 - progress - INFO - 	Dataloader config: {'sample_rate': 16000, 'batch_size': 8, 'num_workers': 10, 'pin_memory': True, 'use_start_end_token': False, 'trim_silence': False, 'is_tarred': False, 'tarred_audio_filepaths': None, 'shuffle_n': 2048, 'bucketing_strategy': 'synced_randomized', 'bucketing_batch_size': None, 'return_sample_id': False, 'drop_last': False, 'asr_repo': 'whisper', 'shuffle': False, 'manifest_filepath': 'logs/en/ensemble/train/binary/b7/DAT/version_85/data/en/train_subset/test_uk.txt'}
2024-06-20 22:57:04,457 - progress - INFO - 	Batch size: 8
2024-06-20 22:57:04,461 - progress - INFO - Creating dataloader for logs/en/ensemble/train/binary/b7/DAT/version_85/data/en/train_subset/test_in.txt
2024-06-20 22:57:04,461 - progress - INFO - 	Dataloader config: {'sample_rate': 16000, 'batch_size': 8, 'num_workers': 10, 'pin_memory': True, 'use_start_end_token': False, 'trim_silence': False, 'is_tarred': False, 'tarred_audio_filepaths': None, 'shuffle_n': 2048, 'bucketing_strategy': 'synced_randomized', 'bucketing_batch_size': None, 'return_sample_id': False, 'drop_last': False, 'asr_repo': 'whisper', 'shuffle': False, 'manifest_filepath': 'logs/en/ensemble/train/binary/b7/DAT/version_85/data/en/train_subset/test_in.txt'}
2024-06-20 22:57:04,462 - progress - INFO - 	Batch size: 8
2024-06-20 22:57:04,465 - progress - INFO - Creating dataloader for logs/en/ensemble/train/binary/b7/DAT/version_85/data/en/train_subset/test_de.txt
2024-06-20 22:57:04,466 - progress - INFO - 	Dataloader config: {'sample_rate': 16000, 'batch_size': 8, 'num_workers': 10, 'pin_memory': True, 'use_start_end_token': False, 'trim_silence': False, 'is_tarred': False, 'tarred_audio_filepaths': None, 'shuffle_n': 2048, 'bucketing_strategy': 'synced_randomized', 'bucketing_batch_size': None, 'return_sample_id': False, 'drop_last': False, 'asr_repo': 'whisper', 'shuffle': False, 'manifest_filepath': 'logs/en/ensemble/train/binary/b7/DAT/version_85/data/en/train_subset/test_de.txt'}
2024-06-20 22:57:04,466 - progress - INFO - 	Batch size: 8
2024-06-20 22:57:04,469 - progress - INFO - Creating dataloader for logs/en/ensemble/train/binary/b7/DAT/version_85/data/en/train_subset/test_au.txt
2024-06-20 22:57:04,469 - progress - INFO - 	Dataloader config: {'sample_rate': 16000, 'batch_size': 8, 'num_workers': 10, 'pin_memory': True, 'use_start_end_token': False, 'trim_silence': False, 'is_tarred': False, 'tarred_audio_filepaths': None, 'shuffle_n': 2048, 'bucketing_strategy': 'synced_randomized', 'bucketing_batch_size': None, 'return_sample_id': False, 'drop_last': False, 'asr_repo': 'whisper', 'shuffle': False, 'manifest_filepath': 'logs/en/ensemble/train/binary/b7/DAT/version_85/data/en/train_subset/test_au.txt'}
2024-06-20 22:57:04,470 - progress - INFO - 	Batch size: 8
2024-06-20 22:57:04,491 - progress - INFO - Creating dataloader for logs/en/ensemble/train/binary/b7/DAT/version_85/data/en/train_subset/test_hk.txt
2024-06-20 22:57:04,492 - progress - INFO - 	Dataloader config: {'sample_rate': 16000, 'batch_size': 8, 'num_workers': 10, 'pin_memory': True, 'use_start_end_token': False, 'trim_silence': False, 'is_tarred': False, 'tarred_audio_filepaths': None, 'shuffle_n': 2048, 'bucketing_strategy': 'synced_randomized', 'bucketing_batch_size': None, 'return_sample_id': False, 'drop_last': False, 'asr_repo': 'whisper', 'shuffle': False, 'manifest_filepath': 'logs/en/ensemble/train/binary/b7/DAT/version_85/data/en/train_subset/test_hk.txt'}
2024-06-20 22:57:04,492 - progress - INFO - 	Batch size: 8
2024-06-20 22:57:04,495 - progress - INFO - Creating dataloader for logs/en/ensemble/train/binary/b7/DAT/version_85/data/en/train_subset/test_ie.txt
2024-06-20 22:57:04,496 - progress - INFO - 	Dataloader config: {'sample_rate': 16000, 'batch_size': 8, 'num_workers': 10, 'pin_memory': True, 'use_start_end_token': False, 'trim_silence': False, 'is_tarred': False, 'tarred_audio_filepaths': None, 'shuffle_n': 2048, 'bucketing_strategy': 'synced_randomized', 'bucketing_batch_size': None, 'return_sample_id': False, 'drop_last': False, 'asr_repo': 'whisper', 'shuffle': False, 'manifest_filepath': 'logs/en/ensemble/train/binary/b7/DAT/version_85/data/en/train_subset/test_ie.txt'}
2024-06-20 22:57:04,496 - progress - INFO - 	Batch size: 8
2024-06-20 22:57:04,499 - progress - INFO - Creating dataloader for logs/en/ensemble/train/binary/b7/DAT/version_85/data/en/train_subset/test_ni.txt
2024-06-20 22:57:04,499 - progress - INFO - 	Dataloader config: {'sample_rate': 16000, 'batch_size': 8, 'num_workers': 10, 'pin_memory': True, 'use_start_end_token': False, 'trim_silence': False, 'is_tarred': False, 'tarred_audio_filepaths': None, 'shuffle_n': 2048, 'bucketing_strategy': 'synced_randomized', 'bucketing_batch_size': None, 'return_sample_id': False, 'drop_last': False, 'asr_repo': 'whisper', 'shuffle': False, 'manifest_filepath': 'logs/en/ensemble/train/binary/b7/DAT/version_85/data/en/train_subset/test_ni.txt'}
2024-06-20 22:57:04,500 - progress - INFO - 	Batch size: 8
2024-06-20 22:57:04,503 - progress - INFO - Creating dataloader for logs/en/ensemble/train/binary/b7/DAT/version_85/data/en/train_subset/test_nz.txt
2024-06-20 22:57:04,503 - progress - INFO - 	Dataloader config: {'sample_rate': 16000, 'batch_size': 8, 'num_workers': 10, 'pin_memory': True, 'use_start_end_token': False, 'trim_silence': False, 'is_tarred': False, 'tarred_audio_filepaths': None, 'shuffle_n': 2048, 'bucketing_strategy': 'synced_randomized', 'bucketing_batch_size': None, 'return_sample_id': False, 'drop_last': False, 'asr_repo': 'whisper', 'shuffle': False, 'manifest_filepath': 'logs/en/ensemble/train/binary/b7/DAT/version_85/data/en/train_subset/test_nz.txt'}
2024-06-20 22:57:04,504 - progress - INFO - 	Batch size: 8
2024-06-20 22:57:04,507 - progress - INFO - Creating dataloader for logs/en/ensemble/train/binary/b7/DAT/version_85/data/en/train_subset/test_ph.txt
2024-06-20 22:57:04,508 - progress - INFO - 	Dataloader config: {'sample_rate': 16000, 'batch_size': 8, 'num_workers': 10, 'pin_memory': True, 'use_start_end_token': False, 'trim_silence': False, 'is_tarred': False, 'tarred_audio_filepaths': None, 'shuffle_n': 2048, 'bucketing_strategy': 'synced_randomized', 'bucketing_batch_size': None, 'return_sample_id': False, 'drop_last': False, 'asr_repo': 'whisper', 'shuffle': False, 'manifest_filepath': 'logs/en/ensemble/train/binary/b7/DAT/version_85/data/en/train_subset/test_ph.txt'}
2024-06-20 22:57:04,508 - progress - INFO - 	Batch size: 8
2024-06-20 22:57:04,511 - progress - INFO - Creating dataloader for logs/en/ensemble/train/binary/b7/DAT/version_85/data/en/train_subset/test_sc.txt
2024-06-20 22:57:04,511 - progress - INFO - 	Dataloader config: {'sample_rate': 16000, 'batch_size': 8, 'num_workers': 10, 'pin_memory': True, 'use_start_end_token': False, 'trim_silence': False, 'is_tarred': False, 'tarred_audio_filepaths': None, 'shuffle_n': 2048, 'bucketing_strategy': 'synced_randomized', 'bucketing_batch_size': None, 'return_sample_id': False, 'drop_last': False, 'asr_repo': 'whisper', 'shuffle': False, 'manifest_filepath': 'logs/en/ensemble/train/binary/b7/DAT/version_85/data/en/train_subset/test_sc.txt'}
2024-06-20 22:57:04,512 - progress - INFO - 	Batch size: 8
2024-06-20 22:57:04,515 - progress - INFO - Creating dataloader for logs/en/ensemble/train/binary/b7/DAT/version_85/data/en/train_subset/test_sg.txt
2024-06-20 22:57:04,515 - progress - INFO - 	Dataloader config: {'sample_rate': 16000, 'batch_size': 8, 'num_workers': 10, 'pin_memory': True, 'use_start_end_token': False, 'trim_silence': False, 'is_tarred': False, 'tarred_audio_filepaths': None, 'shuffle_n': 2048, 'bucketing_strategy': 'synced_randomized', 'bucketing_batch_size': None, 'return_sample_id': False, 'drop_last': False, 'asr_repo': 'whisper', 'shuffle': False, 'manifest_filepath': 'logs/en/ensemble/train/binary/b7/DAT/version_85/data/en/train_subset/test_sg.txt'}
2024-06-20 22:57:04,516 - progress - INFO - 	Batch size: 8
2024-06-20 22:57:04,518 - progress - INFO - Creating dataloader for logs/en/ensemble/train/binary/b7/DAT/version_85/data/en/train_subset/test_za.txt
2024-06-20 22:57:04,518 - progress - INFO - 	Dataloader config: {'sample_rate': 16000, 'batch_size': 8, 'num_workers': 10, 'pin_memory': True, 'use_start_end_token': False, 'trim_silence': False, 'is_tarred': False, 'tarred_audio_filepaths': None, 'shuffle_n': 2048, 'bucketing_strategy': 'synced_randomized', 'bucketing_batch_size': None, 'return_sample_id': False, 'drop_last': False, 'asr_repo': 'whisper', 'shuffle': False, 'manifest_filepath': 'logs/en/ensemble/train/binary/b7/DAT/version_85/data/en/train_subset/test_za.txt'}
2024-06-20 22:57:04,519 - progress - INFO - 	Batch size: 8
2024-06-20 23:05:41,729 - progress - INFO - Configuring optimizers
2024-06-20 23:05:41,734 - progress - INFO - Creating dataloader for ['logs/en/ensemble/train/binary/b7/DAT/version_85/data/en/train_subset/train_us.txt']
2024-06-20 23:05:41,735 - progress - INFO - 	Dataloader config: {'sample_rate': 16000, 'batch_size': 8, 'num_workers': 10, 'pin_memory': True, 'use_start_end_token': False, 'trim_silence': False, 'is_tarred': False, 'tarred_audio_filepaths': None, 'shuffle_n': 2048, 'bucketing_strategy': 'synced_randomized', 'bucketing_batch_size': None, 'return_sample_id': False, 'drop_last': False, 'asr_repo': 'whisper', 'shuffle': True, 'manifest_filepath': ['logs/en/ensemble/train/binary/b7/DAT/version_85/data/en/train_subset/train_us.txt']}
2024-06-20 23:05:41,735 - progress - INFO - 	Batch size: 8
2024-06-20 23:05:41,836 - progress - INFO - Creating dataloader for ['logs/en/ensemble/train/binary/b7/DAT/version_85/data/en/train_subset/train_ca.txt', 'logs/en/ensemble/train/binary/b7/DAT/version_85/data/en/train_subset/train_uk.txt', 'logs/en/ensemble/train/binary/b7/DAT/version_85/data/en/train_subset/train_in.txt', 'logs/en/ensemble/train/binary/b7/DAT/version_85/data/en/train_subset/train_de.txt', 'logs/en/ensemble/train/binary/b7/DAT/version_85/data/en/train_subset/train_au.txt']
2024-06-20 23:05:41,837 - progress - INFO - 	Dataloader config: {'sample_rate': 16000, 'batch_size': 8, 'num_workers': 10, 'pin_memory': True, 'use_start_end_token': False, 'trim_silence': False, 'is_tarred': False, 'tarred_audio_filepaths': None, 'shuffle_n': 2048, 'bucketing_strategy': 'synced_randomized', 'bucketing_batch_size': None, 'return_sample_id': False, 'drop_last': False, 'asr_repo': 'whisper', 'shuffle': True, 'manifest_filepath': ['logs/en/ensemble/train/binary/b7/DAT/version_85/data/en/train_subset/train_ca.txt', 'logs/en/ensemble/train/binary/b7/DAT/version_85/data/en/train_subset/train_uk.txt', 'logs/en/ensemble/train/binary/b7/DAT/version_85/data/en/train_subset/train_in.txt', 'logs/en/ensemble/train/binary/b7/DAT/version_85/data/en/train_subset/train_de.txt', 'logs/en/ensemble/train/binary/b7/DAT/version_85/data/en/train_subset/train_au.txt']}
2024-06-20 23:05:41,838 - progress - INFO - 	Batch size: 8
2024-06-20 23:05:42,202 - progress - INFO - Scheduler max. steps: 960
2024-06-20 23:05:42,213 - progress - INFO - Creating dataloader for ['logs/en/ensemble/train/binary/b7/DAT/version_85/data/en/train_subset/train_us.txt']
2024-06-20 23:05:42,214 - progress - INFO - 	Dataloader config: {'sample_rate': 16000, 'batch_size': 8, 'num_workers': 10, 'pin_memory': True, 'use_start_end_token': False, 'trim_silence': False, 'is_tarred': False, 'tarred_audio_filepaths': None, 'shuffle_n': 2048, 'bucketing_strategy': 'synced_randomized', 'bucketing_batch_size': None, 'return_sample_id': False, 'drop_last': False, 'asr_repo': 'whisper', 'shuffle': True, 'manifest_filepath': ['logs/en/ensemble/train/binary/b7/DAT/version_85/data/en/train_subset/train_us.txt']}
2024-06-20 23:05:42,215 - progress - INFO - 	Batch size: 8
2024-06-20 23:05:42,233 - progress - INFO - Creating dataloader for ['logs/en/ensemble/train/binary/b7/DAT/version_85/data/en/train_subset/train_ca.txt', 'logs/en/ensemble/train/binary/b7/DAT/version_85/data/en/train_subset/train_uk.txt', 'logs/en/ensemble/train/binary/b7/DAT/version_85/data/en/train_subset/train_in.txt', 'logs/en/ensemble/train/binary/b7/DAT/version_85/data/en/train_subset/train_de.txt', 'logs/en/ensemble/train/binary/b7/DAT/version_85/data/en/train_subset/train_au.txt']
2024-06-20 23:05:42,233 - progress - INFO - 	Dataloader config: {'sample_rate': 16000, 'batch_size': 8, 'num_workers': 10, 'pin_memory': True, 'use_start_end_token': False, 'trim_silence': False, 'is_tarred': False, 'tarred_audio_filepaths': None, 'shuffle_n': 2048, 'bucketing_strategy': 'synced_randomized', 'bucketing_batch_size': None, 'return_sample_id': False, 'drop_last': False, 'asr_repo': 'whisper', 'shuffle': True, 'manifest_filepath': ['logs/en/ensemble/train/binary/b7/DAT/version_85/data/en/train_subset/train_ca.txt', 'logs/en/ensemble/train/binary/b7/DAT/version_85/data/en/train_subset/train_uk.txt', 'logs/en/ensemble/train/binary/b7/DAT/version_85/data/en/train_subset/train_in.txt', 'logs/en/ensemble/train/binary/b7/DAT/version_85/data/en/train_subset/train_de.txt', 'logs/en/ensemble/train/binary/b7/DAT/version_85/data/en/train_subset/train_au.txt']}
2024-06-20 23:05:42,234 - progress - INFO - 	Batch size: 8
2024-06-20 23:05:42,258 - progress - INFO - Creating dataloader for logs/en/ensemble/train/binary/b7/DAT/version_85/data/en/train_subset/test_us.txt
2024-06-20 23:05:42,259 - progress - INFO - 	Dataloader config: {'sample_rate': 16000, 'batch_size': 8, 'num_workers': 10, 'pin_memory': True, 'use_start_end_token': False, 'trim_silence': False, 'is_tarred': False, 'tarred_audio_filepaths': None, 'shuffle_n': 2048, 'bucketing_strategy': 'synced_randomized', 'bucketing_batch_size': None, 'return_sample_id': False, 'drop_last': False, 'asr_repo': 'whisper', 'shuffle': False, 'manifest_filepath': 'logs/en/ensemble/train/binary/b7/DAT/version_85/data/en/train_subset/test_us.txt'}
2024-06-20 23:05:42,259 - progress - INFO - 	Batch size: 8
2024-06-20 23:05:42,267 - progress - INFO - Creating dataloader for logs/en/ensemble/train/binary/b7/DAT/version_85/data/en/train_subset/test_ca.txt
2024-06-20 23:05:42,268 - progress - INFO - 	Dataloader config: {'sample_rate': 16000, 'batch_size': 8, 'num_workers': 10, 'pin_memory': True, 'use_start_end_token': False, 'trim_silence': False, 'is_tarred': False, 'tarred_audio_filepaths': None, 'shuffle_n': 2048, 'bucketing_strategy': 'synced_randomized', 'bucketing_batch_size': None, 'return_sample_id': False, 'drop_last': False, 'asr_repo': 'whisper', 'shuffle': False, 'manifest_filepath': 'logs/en/ensemble/train/binary/b7/DAT/version_85/data/en/train_subset/test_ca.txt'}
2024-06-20 23:05:42,268 - progress - INFO - 	Batch size: 8
2024-06-20 23:05:42,271 - progress - INFO - Creating dataloader for logs/en/ensemble/train/binary/b7/DAT/version_85/data/en/train_subset/test_uk.txt
2024-06-20 23:05:42,272 - progress - INFO - 	Dataloader config: {'sample_rate': 16000, 'batch_size': 8, 'num_workers': 10, 'pin_memory': True, 'use_start_end_token': False, 'trim_silence': False, 'is_tarred': False, 'tarred_audio_filepaths': None, 'shuffle_n': 2048, 'bucketing_strategy': 'synced_randomized', 'bucketing_batch_size': None, 'return_sample_id': False, 'drop_last': False, 'asr_repo': 'whisper', 'shuffle': False, 'manifest_filepath': 'logs/en/ensemble/train/binary/b7/DAT/version_85/data/en/train_subset/test_uk.txt'}
2024-06-20 23:05:42,272 - progress - INFO - 	Batch size: 8
2024-06-20 23:05:42,276 - progress - INFO - Creating dataloader for logs/en/ensemble/train/binary/b7/DAT/version_85/data/en/train_subset/test_in.txt
2024-06-20 23:05:42,277 - progress - INFO - 	Dataloader config: {'sample_rate': 16000, 'batch_size': 8, 'num_workers': 10, 'pin_memory': True, 'use_start_end_token': False, 'trim_silence': False, 'is_tarred': False, 'tarred_audio_filepaths': None, 'shuffle_n': 2048, 'bucketing_strategy': 'synced_randomized', 'bucketing_batch_size': None, 'return_sample_id': False, 'drop_last': False, 'asr_repo': 'whisper', 'shuffle': False, 'manifest_filepath': 'logs/en/ensemble/train/binary/b7/DAT/version_85/data/en/train_subset/test_in.txt'}
2024-06-20 23:05:42,277 - progress - INFO - 	Batch size: 8
2024-06-20 23:05:42,280 - progress - INFO - Creating dataloader for logs/en/ensemble/train/binary/b7/DAT/version_85/data/en/train_subset/test_de.txt
2024-06-20 23:05:42,281 - progress - INFO - 	Dataloader config: {'sample_rate': 16000, 'batch_size': 8, 'num_workers': 10, 'pin_memory': True, 'use_start_end_token': False, 'trim_silence': False, 'is_tarred': False, 'tarred_audio_filepaths': None, 'shuffle_n': 2048, 'bucketing_strategy': 'synced_randomized', 'bucketing_batch_size': None, 'return_sample_id': False, 'drop_last': False, 'asr_repo': 'whisper', 'shuffle': False, 'manifest_filepath': 'logs/en/ensemble/train/binary/b7/DAT/version_85/data/en/train_subset/test_de.txt'}
2024-06-20 23:05:42,282 - progress - INFO - 	Batch size: 8
2024-06-20 23:05:42,285 - progress - INFO - Creating dataloader for logs/en/ensemble/train/binary/b7/DAT/version_85/data/en/train_subset/test_au.txt
2024-06-20 23:05:42,285 - progress - INFO - 	Dataloader config: {'sample_rate': 16000, 'batch_size': 8, 'num_workers': 10, 'pin_memory': True, 'use_start_end_token': False, 'trim_silence': False, 'is_tarred': False, 'tarred_audio_filepaths': None, 'shuffle_n': 2048, 'bucketing_strategy': 'synced_randomized', 'bucketing_batch_size': None, 'return_sample_id': False, 'drop_last': False, 'asr_repo': 'whisper', 'shuffle': False, 'manifest_filepath': 'logs/en/ensemble/train/binary/b7/DAT/version_85/data/en/train_subset/test_au.txt'}
2024-06-20 23:05:42,286 - progress - INFO - 	Batch size: 8
2024-06-20 23:05:42,288 - progress - INFO - Creating dataloader for logs/en/ensemble/train/binary/b7/DAT/version_85/data/en/train_subset/test_hk.txt
2024-06-20 23:05:42,289 - progress - INFO - 	Dataloader config: {'sample_rate': 16000, 'batch_size': 8, 'num_workers': 10, 'pin_memory': True, 'use_start_end_token': False, 'trim_silence': False, 'is_tarred': False, 'tarred_audio_filepaths': None, 'shuffle_n': 2048, 'bucketing_strategy': 'synced_randomized', 'bucketing_batch_size': None, 'return_sample_id': False, 'drop_last': False, 'asr_repo': 'whisper', 'shuffle': False, 'manifest_filepath': 'logs/en/ensemble/train/binary/b7/DAT/version_85/data/en/train_subset/test_hk.txt'}
2024-06-20 23:05:42,290 - progress - INFO - 	Batch size: 8
2024-06-20 23:05:42,293 - progress - INFO - Creating dataloader for logs/en/ensemble/train/binary/b7/DAT/version_85/data/en/train_subset/test_ie.txt
2024-06-20 23:05:42,293 - progress - INFO - 	Dataloader config: {'sample_rate': 16000, 'batch_size': 8, 'num_workers': 10, 'pin_memory': True, 'use_start_end_token': False, 'trim_silence': False, 'is_tarred': False, 'tarred_audio_filepaths': None, 'shuffle_n': 2048, 'bucketing_strategy': 'synced_randomized', 'bucketing_batch_size': None, 'return_sample_id': False, 'drop_last': False, 'asr_repo': 'whisper', 'shuffle': False, 'manifest_filepath': 'logs/en/ensemble/train/binary/b7/DAT/version_85/data/en/train_subset/test_ie.txt'}
2024-06-20 23:05:42,294 - progress - INFO - 	Batch size: 8
2024-06-20 23:05:42,297 - progress - INFO - Creating dataloader for logs/en/ensemble/train/binary/b7/DAT/version_85/data/en/train_subset/test_ni.txt
2024-06-20 23:05:42,297 - progress - INFO - 	Dataloader config: {'sample_rate': 16000, 'batch_size': 8, 'num_workers': 10, 'pin_memory': True, 'use_start_end_token': False, 'trim_silence': False, 'is_tarred': False, 'tarred_audio_filepaths': None, 'shuffle_n': 2048, 'bucketing_strategy': 'synced_randomized', 'bucketing_batch_size': None, 'return_sample_id': False, 'drop_last': False, 'asr_repo': 'whisper', 'shuffle': False, 'manifest_filepath': 'logs/en/ensemble/train/binary/b7/DAT/version_85/data/en/train_subset/test_ni.txt'}
2024-06-20 23:05:42,298 - progress - INFO - 	Batch size: 8
2024-06-20 23:05:42,301 - progress - INFO - Creating dataloader for logs/en/ensemble/train/binary/b7/DAT/version_85/data/en/train_subset/test_nz.txt
2024-06-20 23:05:42,301 - progress - INFO - 	Dataloader config: {'sample_rate': 16000, 'batch_size': 8, 'num_workers': 10, 'pin_memory': True, 'use_start_end_token': False, 'trim_silence': False, 'is_tarred': False, 'tarred_audio_filepaths': None, 'shuffle_n': 2048, 'bucketing_strategy': 'synced_randomized', 'bucketing_batch_size': None, 'return_sample_id': False, 'drop_last': False, 'asr_repo': 'whisper', 'shuffle': False, 'manifest_filepath': 'logs/en/ensemble/train/binary/b7/DAT/version_85/data/en/train_subset/test_nz.txt'}
2024-06-20 23:05:42,302 - progress - INFO - 	Batch size: 8
2024-06-20 23:05:42,304 - progress - INFO - Creating dataloader for logs/en/ensemble/train/binary/b7/DAT/version_85/data/en/train_subset/test_ph.txt
2024-06-20 23:05:42,305 - progress - INFO - 	Dataloader config: {'sample_rate': 16000, 'batch_size': 8, 'num_workers': 10, 'pin_memory': True, 'use_start_end_token': False, 'trim_silence': False, 'is_tarred': False, 'tarred_audio_filepaths': None, 'shuffle_n': 2048, 'bucketing_strategy': 'synced_randomized', 'bucketing_batch_size': None, 'return_sample_id': False, 'drop_last': False, 'asr_repo': 'whisper', 'shuffle': False, 'manifest_filepath': 'logs/en/ensemble/train/binary/b7/DAT/version_85/data/en/train_subset/test_ph.txt'}
2024-06-20 23:05:42,306 - progress - INFO - 	Batch size: 8
2024-06-20 23:05:42,308 - progress - INFO - Creating dataloader for logs/en/ensemble/train/binary/b7/DAT/version_85/data/en/train_subset/test_sc.txt
2024-06-20 23:05:42,309 - progress - INFO - 	Dataloader config: {'sample_rate': 16000, 'batch_size': 8, 'num_workers': 10, 'pin_memory': True, 'use_start_end_token': False, 'trim_silence': False, 'is_tarred': False, 'tarred_audio_filepaths': None, 'shuffle_n': 2048, 'bucketing_strategy': 'synced_randomized', 'bucketing_batch_size': None, 'return_sample_id': False, 'drop_last': False, 'asr_repo': 'whisper', 'shuffle': False, 'manifest_filepath': 'logs/en/ensemble/train/binary/b7/DAT/version_85/data/en/train_subset/test_sc.txt'}
2024-06-20 23:05:42,310 - progress - INFO - 	Batch size: 8
2024-06-20 23:05:42,313 - progress - INFO - Creating dataloader for logs/en/ensemble/train/binary/b7/DAT/version_85/data/en/train_subset/test_sg.txt
2024-06-20 23:05:42,314 - progress - INFO - 	Dataloader config: {'sample_rate': 16000, 'batch_size': 8, 'num_workers': 10, 'pin_memory': True, 'use_start_end_token': False, 'trim_silence': False, 'is_tarred': False, 'tarred_audio_filepaths': None, 'shuffle_n': 2048, 'bucketing_strategy': 'synced_randomized', 'bucketing_batch_size': None, 'return_sample_id': False, 'drop_last': False, 'asr_repo': 'whisper', 'shuffle': False, 'manifest_filepath': 'logs/en/ensemble/train/binary/b7/DAT/version_85/data/en/train_subset/test_sg.txt'}
2024-06-20 23:05:42,314 - progress - INFO - 	Batch size: 8
2024-06-20 23:05:42,317 - progress - INFO - Creating dataloader for logs/en/ensemble/train/binary/b7/DAT/version_85/data/en/train_subset/test_za.txt
2024-06-20 23:05:42,318 - progress - INFO - 	Dataloader config: {'sample_rate': 16000, 'batch_size': 8, 'num_workers': 10, 'pin_memory': True, 'use_start_end_token': False, 'trim_silence': False, 'is_tarred': False, 'tarred_audio_filepaths': None, 'shuffle_n': 2048, 'bucketing_strategy': 'synced_randomized', 'bucketing_batch_size': None, 'return_sample_id': False, 'drop_last': False, 'asr_repo': 'whisper', 'shuffle': False, 'manifest_filepath': 'logs/en/ensemble/train/binary/b7/DAT/version_85/data/en/train_subset/test_za.txt'}
2024-06-20 23:05:42,318 - progress - INFO - 	Batch size: 8
