2024-06-03 13:55:59,302 - progress - INFO - Creating dataloader for logs/en/ensemble/train/binary/b7/DAT/version_65/data/en/train_subset/test_us.txt
2024-06-03 13:55:59,303 - progress - INFO - 	Dataloader config: {'sample_rate': 16000, 'batch_size': 8, 'num_workers': 10, 'pin_memory': True, 'use_start_end_token': False, 'trim_silence': False, 'is_tarred': False, 'tarred_audio_filepaths': None, 'shuffle_n': 2048, 'bucketing_strategy': 'synced_randomized', 'bucketing_batch_size': None, 'return_sample_id': False, 'drop_last': False, 'asr_repo': 'whisper', 'shuffle': False, 'manifest_filepath': 'logs/en/ensemble/train/binary/b7/DAT/version_65/data/en/train_subset/test_us.txt'}
2024-06-03 13:55:59,304 - progress - INFO - 	Batch size: 8
2024-06-03 13:55:59,615 - progress - INFO - Creating dataloader for logs/en/ensemble/train/binary/b7/DAT/version_65/data/en/train_subset/test_ca.txt
2024-06-03 13:55:59,616 - progress - INFO - 	Dataloader config: {'sample_rate': 16000, 'batch_size': 8, 'num_workers': 10, 'pin_memory': True, 'use_start_end_token': False, 'trim_silence': False, 'is_tarred': False, 'tarred_audio_filepaths': None, 'shuffle_n': 2048, 'bucketing_strategy': 'synced_randomized', 'bucketing_batch_size': None, 'return_sample_id': False, 'drop_last': False, 'asr_repo': 'whisper', 'shuffle': False, 'manifest_filepath': 'logs/en/ensemble/train/binary/b7/DAT/version_65/data/en/train_subset/test_ca.txt'}
2024-06-03 13:55:59,617 - progress - INFO - 	Batch size: 8
2024-06-03 13:55:59,630 - progress - INFO - Creating dataloader for logs/en/ensemble/train/binary/b7/DAT/version_65/data/en/train_subset/test_uk.txt
2024-06-03 13:55:59,631 - progress - INFO - 	Dataloader config: {'sample_rate': 16000, 'batch_size': 8, 'num_workers': 10, 'pin_memory': True, 'use_start_end_token': False, 'trim_silence': False, 'is_tarred': False, 'tarred_audio_filepaths': None, 'shuffle_n': 2048, 'bucketing_strategy': 'synced_randomized', 'bucketing_batch_size': None, 'return_sample_id': False, 'drop_last': False, 'asr_repo': 'whisper', 'shuffle': False, 'manifest_filepath': 'logs/en/ensemble/train/binary/b7/DAT/version_65/data/en/train_subset/test_uk.txt'}
2024-06-03 13:55:59,632 - progress - INFO - 	Batch size: 8
2024-06-03 13:55:59,638 - progress - INFO - Creating dataloader for logs/en/ensemble/train/binary/b7/DAT/version_65/data/en/train_subset/test_in.txt
2024-06-03 13:55:59,639 - progress - INFO - 	Dataloader config: {'sample_rate': 16000, 'batch_size': 8, 'num_workers': 10, 'pin_memory': True, 'use_start_end_token': False, 'trim_silence': False, 'is_tarred': False, 'tarred_audio_filepaths': None, 'shuffle_n': 2048, 'bucketing_strategy': 'synced_randomized', 'bucketing_batch_size': None, 'return_sample_id': False, 'drop_last': False, 'asr_repo': 'whisper', 'shuffle': False, 'manifest_filepath': 'logs/en/ensemble/train/binary/b7/DAT/version_65/data/en/train_subset/test_in.txt'}
2024-06-03 13:55:59,640 - progress - INFO - 	Batch size: 8
2024-06-03 13:55:59,663 - progress - INFO - Creating dataloader for logs/en/ensemble/train/binary/b7/DAT/version_65/data/en/train_subset/test_de.txt
2024-06-03 13:55:59,664 - progress - INFO - 	Dataloader config: {'sample_rate': 16000, 'batch_size': 8, 'num_workers': 10, 'pin_memory': True, 'use_start_end_token': False, 'trim_silence': False, 'is_tarred': False, 'tarred_audio_filepaths': None, 'shuffle_n': 2048, 'bucketing_strategy': 'synced_randomized', 'bucketing_batch_size': None, 'return_sample_id': False, 'drop_last': False, 'asr_repo': 'whisper', 'shuffle': False, 'manifest_filepath': 'logs/en/ensemble/train/binary/b7/DAT/version_65/data/en/train_subset/test_de.txt'}
2024-06-03 13:55:59,665 - progress - INFO - 	Batch size: 8
2024-06-03 13:55:59,688 - progress - INFO - Creating dataloader for logs/en/ensemble/train/binary/b7/DAT/version_65/data/en/train_subset/test_au.txt
2024-06-03 13:55:59,689 - progress - INFO - 	Dataloader config: {'sample_rate': 16000, 'batch_size': 8, 'num_workers': 10, 'pin_memory': True, 'use_start_end_token': False, 'trim_silence': False, 'is_tarred': False, 'tarred_audio_filepaths': None, 'shuffle_n': 2048, 'bucketing_strategy': 'synced_randomized', 'bucketing_batch_size': None, 'return_sample_id': False, 'drop_last': False, 'asr_repo': 'whisper', 'shuffle': False, 'manifest_filepath': 'logs/en/ensemble/train/binary/b7/DAT/version_65/data/en/train_subset/test_au.txt'}
2024-06-03 13:55:59,690 - progress - INFO - 	Batch size: 8
2024-06-03 13:55:59,713 - progress - INFO - Creating dataloader for logs/en/ensemble/train/binary/b7/DAT/version_65/data/en/train_subset/test_hk.txt
2024-06-03 13:55:59,713 - progress - INFO - 	Dataloader config: {'sample_rate': 16000, 'batch_size': 8, 'num_workers': 10, 'pin_memory': True, 'use_start_end_token': False, 'trim_silence': False, 'is_tarred': False, 'tarred_audio_filepaths': None, 'shuffle_n': 2048, 'bucketing_strategy': 'synced_randomized', 'bucketing_batch_size': None, 'return_sample_id': False, 'drop_last': False, 'asr_repo': 'whisper', 'shuffle': False, 'manifest_filepath': 'logs/en/ensemble/train/binary/b7/DAT/version_65/data/en/train_subset/test_hk.txt'}
2024-06-03 13:55:59,714 - progress - INFO - 	Batch size: 8
2024-06-03 13:55:59,718 - progress - INFO - Creating dataloader for logs/en/ensemble/train/binary/b7/DAT/version_65/data/en/train_subset/test_ie.txt
2024-06-03 13:55:59,718 - progress - INFO - 	Dataloader config: {'sample_rate': 16000, 'batch_size': 8, 'num_workers': 10, 'pin_memory': True, 'use_start_end_token': False, 'trim_silence': False, 'is_tarred': False, 'tarred_audio_filepaths': None, 'shuffle_n': 2048, 'bucketing_strategy': 'synced_randomized', 'bucketing_batch_size': None, 'return_sample_id': False, 'drop_last': False, 'asr_repo': 'whisper', 'shuffle': False, 'manifest_filepath': 'logs/en/ensemble/train/binary/b7/DAT/version_65/data/en/train_subset/test_ie.txt'}
2024-06-03 13:55:59,719 - progress - INFO - 	Batch size: 8
2024-06-03 13:55:59,737 - progress - INFO - Creating dataloader for logs/en/ensemble/train/binary/b7/DAT/version_65/data/en/train_subset/test_ni.txt
2024-06-03 13:55:59,738 - progress - INFO - 	Dataloader config: {'sample_rate': 16000, 'batch_size': 8, 'num_workers': 10, 'pin_memory': True, 'use_start_end_token': False, 'trim_silence': False, 'is_tarred': False, 'tarred_audio_filepaths': None, 'shuffle_n': 2048, 'bucketing_strategy': 'synced_randomized', 'bucketing_batch_size': None, 'return_sample_id': False, 'drop_last': False, 'asr_repo': 'whisper', 'shuffle': False, 'manifest_filepath': 'logs/en/ensemble/train/binary/b7/DAT/version_65/data/en/train_subset/test_ni.txt'}
2024-06-03 13:55:59,739 - progress - INFO - 	Batch size: 8
2024-06-03 13:55:59,751 - progress - INFO - Creating dataloader for logs/en/ensemble/train/binary/b7/DAT/version_65/data/en/train_subset/test_nz.txt
2024-06-03 13:55:59,752 - progress - INFO - 	Dataloader config: {'sample_rate': 16000, 'batch_size': 8, 'num_workers': 10, 'pin_memory': True, 'use_start_end_token': False, 'trim_silence': False, 'is_tarred': False, 'tarred_audio_filepaths': None, 'shuffle_n': 2048, 'bucketing_strategy': 'synced_randomized', 'bucketing_batch_size': None, 'return_sample_id': False, 'drop_last': False, 'asr_repo': 'whisper', 'shuffle': False, 'manifest_filepath': 'logs/en/ensemble/train/binary/b7/DAT/version_65/data/en/train_subset/test_nz.txt'}
2024-06-03 13:55:59,753 - progress - INFO - 	Batch size: 8
2024-06-03 13:55:59,768 - progress - INFO - Creating dataloader for logs/en/ensemble/train/binary/b7/DAT/version_65/data/en/train_subset/test_ph.txt
2024-06-03 13:55:59,768 - progress - INFO - 	Dataloader config: {'sample_rate': 16000, 'batch_size': 8, 'num_workers': 10, 'pin_memory': True, 'use_start_end_token': False, 'trim_silence': False, 'is_tarred': False, 'tarred_audio_filepaths': None, 'shuffle_n': 2048, 'bucketing_strategy': 'synced_randomized', 'bucketing_batch_size': None, 'return_sample_id': False, 'drop_last': False, 'asr_repo': 'whisper', 'shuffle': False, 'manifest_filepath': 'logs/en/ensemble/train/binary/b7/DAT/version_65/data/en/train_subset/test_ph.txt'}
2024-06-03 13:55:59,769 - progress - INFO - 	Batch size: 8
2024-06-03 13:55:59,792 - progress - INFO - Creating dataloader for logs/en/ensemble/train/binary/b7/DAT/version_65/data/en/train_subset/test_sc.txt
2024-06-03 13:55:59,793 - progress - INFO - 	Dataloader config: {'sample_rate': 16000, 'batch_size': 8, 'num_workers': 10, 'pin_memory': True, 'use_start_end_token': False, 'trim_silence': False, 'is_tarred': False, 'tarred_audio_filepaths': None, 'shuffle_n': 2048, 'bucketing_strategy': 'synced_randomized', 'bucketing_batch_size': None, 'return_sample_id': False, 'drop_last': False, 'asr_repo': 'whisper', 'shuffle': False, 'manifest_filepath': 'logs/en/ensemble/train/binary/b7/DAT/version_65/data/en/train_subset/test_sc.txt'}
2024-06-03 13:55:59,794 - progress - INFO - 	Batch size: 8
2024-06-03 13:55:59,821 - progress - INFO - Creating dataloader for logs/en/ensemble/train/binary/b7/DAT/version_65/data/en/train_subset/test_sg.txt
2024-06-03 13:55:59,823 - progress - INFO - 	Dataloader config: {'sample_rate': 16000, 'batch_size': 8, 'num_workers': 10, 'pin_memory': True, 'use_start_end_token': False, 'trim_silence': False, 'is_tarred': False, 'tarred_audio_filepaths': None, 'shuffle_n': 2048, 'bucketing_strategy': 'synced_randomized', 'bucketing_batch_size': None, 'return_sample_id': False, 'drop_last': False, 'asr_repo': 'whisper', 'shuffle': False, 'manifest_filepath': 'logs/en/ensemble/train/binary/b7/DAT/version_65/data/en/train_subset/test_sg.txt'}
2024-06-03 13:55:59,823 - progress - INFO - 	Batch size: 8
2024-06-03 13:55:59,828 - progress - INFO - Creating dataloader for logs/en/ensemble/train/binary/b7/DAT/version_65/data/en/train_subset/test_za.txt
2024-06-03 13:55:59,829 - progress - INFO - 	Dataloader config: {'sample_rate': 16000, 'batch_size': 8, 'num_workers': 10, 'pin_memory': True, 'use_start_end_token': False, 'trim_silence': False, 'is_tarred': False, 'tarred_audio_filepaths': None, 'shuffle_n': 2048, 'bucketing_strategy': 'synced_randomized', 'bucketing_batch_size': None, 'return_sample_id': False, 'drop_last': False, 'asr_repo': 'whisper', 'shuffle': False, 'manifest_filepath': 'logs/en/ensemble/train/binary/b7/DAT/version_65/data/en/train_subset/test_za.txt'}
2024-06-03 13:55:59,830 - progress - INFO - 	Batch size: 8
2024-06-03 14:04:29,707 - progress - INFO - Configuring optimizers
2024-06-03 14:04:29,736 - progress - INFO - Creating dataloader for ['logs/en/ensemble/train/binary/b7/DAT/version_65/data/en/train_subset/train_us.txt']
2024-06-03 14:04:29,737 - progress - INFO - 	Dataloader config: {'sample_rate': 16000, 'batch_size': 8, 'num_workers': 10, 'pin_memory': True, 'use_start_end_token': False, 'trim_silence': False, 'is_tarred': False, 'tarred_audio_filepaths': None, 'shuffle_n': 2048, 'bucketing_strategy': 'synced_randomized', 'bucketing_batch_size': None, 'return_sample_id': False, 'drop_last': False, 'asr_repo': 'whisper', 'shuffle': True, 'manifest_filepath': ['logs/en/ensemble/train/binary/b7/DAT/version_65/data/en/train_subset/train_us.txt']}
2024-06-03 14:04:29,738 - progress - INFO - 	Batch size: 8
2024-06-03 14:04:29,843 - progress - INFO - Creating dataloader for ['logs/en/ensemble/train/binary/b7/DAT/version_65/data/en/train_subset/train_ca.txt', 'logs/en/ensemble/train/binary/b7/DAT/version_65/data/en/train_subset/train_uk.txt', 'logs/en/ensemble/train/binary/b7/DAT/version_65/data/en/train_subset/train_in.txt', 'logs/en/ensemble/train/binary/b7/DAT/version_65/data/en/train_subset/train_de.txt', 'logs/en/ensemble/train/binary/b7/DAT/version_65/data/en/train_subset/train_au.txt']
2024-06-03 14:04:29,844 - progress - INFO - 	Dataloader config: {'sample_rate': 16000, 'batch_size': 8, 'num_workers': 10, 'pin_memory': True, 'use_start_end_token': False, 'trim_silence': False, 'is_tarred': False, 'tarred_audio_filepaths': None, 'shuffle_n': 2048, 'bucketing_strategy': 'synced_randomized', 'bucketing_batch_size': None, 'return_sample_id': False, 'drop_last': False, 'asr_repo': 'whisper', 'shuffle': True, 'manifest_filepath': ['logs/en/ensemble/train/binary/b7/DAT/version_65/data/en/train_subset/train_ca.txt', 'logs/en/ensemble/train/binary/b7/DAT/version_65/data/en/train_subset/train_uk.txt', 'logs/en/ensemble/train/binary/b7/DAT/version_65/data/en/train_subset/train_in.txt', 'logs/en/ensemble/train/binary/b7/DAT/version_65/data/en/train_subset/train_de.txt', 'logs/en/ensemble/train/binary/b7/DAT/version_65/data/en/train_subset/train_au.txt']}
2024-06-03 14:04:29,845 - progress - INFO - 	Batch size: 8
2024-06-03 14:04:30,336 - progress - INFO - Scheduler max. steps: 1920
2024-06-03 14:04:30,351 - progress - INFO - Creating dataloader for ['logs/en/ensemble/train/binary/b7/DAT/version_65/data/en/train_subset/train_us.txt']
2024-06-03 14:04:30,351 - progress - INFO - 	Dataloader config: {'sample_rate': 16000, 'batch_size': 8, 'num_workers': 10, 'pin_memory': True, 'use_start_end_token': False, 'trim_silence': False, 'is_tarred': False, 'tarred_audio_filepaths': None, 'shuffle_n': 2048, 'bucketing_strategy': 'synced_randomized', 'bucketing_batch_size': None, 'return_sample_id': False, 'drop_last': False, 'asr_repo': 'whisper', 'shuffle': True, 'manifest_filepath': ['logs/en/ensemble/train/binary/b7/DAT/version_65/data/en/train_subset/train_us.txt']}
2024-06-03 14:04:30,352 - progress - INFO - 	Batch size: 8
2024-06-03 14:04:30,378 - progress - INFO - Creating dataloader for ['logs/en/ensemble/train/binary/b7/DAT/version_65/data/en/train_subset/train_ca.txt', 'logs/en/ensemble/train/binary/b7/DAT/version_65/data/en/train_subset/train_uk.txt', 'logs/en/ensemble/train/binary/b7/DAT/version_65/data/en/train_subset/train_in.txt', 'logs/en/ensemble/train/binary/b7/DAT/version_65/data/en/train_subset/train_de.txt', 'logs/en/ensemble/train/binary/b7/DAT/version_65/data/en/train_subset/train_au.txt']
2024-06-03 14:04:30,379 - progress - INFO - 	Dataloader config: {'sample_rate': 16000, 'batch_size': 8, 'num_workers': 10, 'pin_memory': True, 'use_start_end_token': False, 'trim_silence': False, 'is_tarred': False, 'tarred_audio_filepaths': None, 'shuffle_n': 2048, 'bucketing_strategy': 'synced_randomized', 'bucketing_batch_size': None, 'return_sample_id': False, 'drop_last': False, 'asr_repo': 'whisper', 'shuffle': True, 'manifest_filepath': ['logs/en/ensemble/train/binary/b7/DAT/version_65/data/en/train_subset/train_ca.txt', 'logs/en/ensemble/train/binary/b7/DAT/version_65/data/en/train_subset/train_uk.txt', 'logs/en/ensemble/train/binary/b7/DAT/version_65/data/en/train_subset/train_in.txt', 'logs/en/ensemble/train/binary/b7/DAT/version_65/data/en/train_subset/train_de.txt', 'logs/en/ensemble/train/binary/b7/DAT/version_65/data/en/train_subset/train_au.txt']}
2024-06-03 14:04:30,380 - progress - INFO - 	Batch size: 8
2024-06-03 14:04:30,412 - progress - INFO - Creating dataloader for logs/en/ensemble/train/binary/b7/DAT/version_65/data/en/train_subset/test_us.txt
2024-06-03 14:04:30,414 - progress - INFO - 	Dataloader config: {'sample_rate': 16000, 'batch_size': 8, 'num_workers': 10, 'pin_memory': True, 'use_start_end_token': False, 'trim_silence': False, 'is_tarred': False, 'tarred_audio_filepaths': None, 'shuffle_n': 2048, 'bucketing_strategy': 'synced_randomized', 'bucketing_batch_size': None, 'return_sample_id': False, 'drop_last': False, 'asr_repo': 'whisper', 'shuffle': False, 'manifest_filepath': 'logs/en/ensemble/train/binary/b7/DAT/version_65/data/en/train_subset/test_us.txt'}
2024-06-03 14:04:30,416 - progress - INFO - 	Batch size: 8
2024-06-03 14:04:30,427 - progress - INFO - Creating dataloader for logs/en/ensemble/train/binary/b7/DAT/version_65/data/en/train_subset/test_ca.txt
2024-06-03 14:04:30,428 - progress - INFO - 	Dataloader config: {'sample_rate': 16000, 'batch_size': 8, 'num_workers': 10, 'pin_memory': True, 'use_start_end_token': False, 'trim_silence': False, 'is_tarred': False, 'tarred_audio_filepaths': None, 'shuffle_n': 2048, 'bucketing_strategy': 'synced_randomized', 'bucketing_batch_size': None, 'return_sample_id': False, 'drop_last': False, 'asr_repo': 'whisper', 'shuffle': False, 'manifest_filepath': 'logs/en/ensemble/train/binary/b7/DAT/version_65/data/en/train_subset/test_ca.txt'}
2024-06-03 14:04:30,429 - progress - INFO - 	Batch size: 8
2024-06-03 14:04:30,433 - progress - INFO - Creating dataloader for logs/en/ensemble/train/binary/b7/DAT/version_65/data/en/train_subset/test_uk.txt
2024-06-03 14:04:30,434 - progress - INFO - 	Dataloader config: {'sample_rate': 16000, 'batch_size': 8, 'num_workers': 10, 'pin_memory': True, 'use_start_end_token': False, 'trim_silence': False, 'is_tarred': False, 'tarred_audio_filepaths': None, 'shuffle_n': 2048, 'bucketing_strategy': 'synced_randomized', 'bucketing_batch_size': None, 'return_sample_id': False, 'drop_last': False, 'asr_repo': 'whisper', 'shuffle': False, 'manifest_filepath': 'logs/en/ensemble/train/binary/b7/DAT/version_65/data/en/train_subset/test_uk.txt'}
2024-06-03 14:04:30,435 - progress - INFO - 	Batch size: 8
2024-06-03 14:04:30,440 - progress - INFO - Creating dataloader for logs/en/ensemble/train/binary/b7/DAT/version_65/data/en/train_subset/test_in.txt
2024-06-03 14:04:30,441 - progress - INFO - 	Dataloader config: {'sample_rate': 16000, 'batch_size': 8, 'num_workers': 10, 'pin_memory': True, 'use_start_end_token': False, 'trim_silence': False, 'is_tarred': False, 'tarred_audio_filepaths': None, 'shuffle_n': 2048, 'bucketing_strategy': 'synced_randomized', 'bucketing_batch_size': None, 'return_sample_id': False, 'drop_last': False, 'asr_repo': 'whisper', 'shuffle': False, 'manifest_filepath': 'logs/en/ensemble/train/binary/b7/DAT/version_65/data/en/train_subset/test_in.txt'}
2024-06-03 14:04:30,442 - progress - INFO - 	Batch size: 8
2024-06-03 14:04:30,447 - progress - INFO - Creating dataloader for logs/en/ensemble/train/binary/b7/DAT/version_65/data/en/train_subset/test_de.txt
2024-06-03 14:04:30,447 - progress - INFO - 	Dataloader config: {'sample_rate': 16000, 'batch_size': 8, 'num_workers': 10, 'pin_memory': True, 'use_start_end_token': False, 'trim_silence': False, 'is_tarred': False, 'tarred_audio_filepaths': None, 'shuffle_n': 2048, 'bucketing_strategy': 'synced_randomized', 'bucketing_batch_size': None, 'return_sample_id': False, 'drop_last': False, 'asr_repo': 'whisper', 'shuffle': False, 'manifest_filepath': 'logs/en/ensemble/train/binary/b7/DAT/version_65/data/en/train_subset/test_de.txt'}
2024-06-03 14:04:30,448 - progress - INFO - 	Batch size: 8
2024-06-03 14:04:30,452 - progress - INFO - Creating dataloader for logs/en/ensemble/train/binary/b7/DAT/version_65/data/en/train_subset/test_au.txt
2024-06-03 14:04:30,453 - progress - INFO - 	Dataloader config: {'sample_rate': 16000, 'batch_size': 8, 'num_workers': 10, 'pin_memory': True, 'use_start_end_token': False, 'trim_silence': False, 'is_tarred': False, 'tarred_audio_filepaths': None, 'shuffle_n': 2048, 'bucketing_strategy': 'synced_randomized', 'bucketing_batch_size': None, 'return_sample_id': False, 'drop_last': False, 'asr_repo': 'whisper', 'shuffle': False, 'manifest_filepath': 'logs/en/ensemble/train/binary/b7/DAT/version_65/data/en/train_subset/test_au.txt'}
2024-06-03 14:04:30,454 - progress - INFO - 	Batch size: 8
2024-06-03 14:04:30,457 - progress - INFO - Creating dataloader for logs/en/ensemble/train/binary/b7/DAT/version_65/data/en/train_subset/test_hk.txt
2024-06-03 14:04:30,458 - progress - INFO - 	Dataloader config: {'sample_rate': 16000, 'batch_size': 8, 'num_workers': 10, 'pin_memory': True, 'use_start_end_token': False, 'trim_silence': False, 'is_tarred': False, 'tarred_audio_filepaths': None, 'shuffle_n': 2048, 'bucketing_strategy': 'synced_randomized', 'bucketing_batch_size': None, 'return_sample_id': False, 'drop_last': False, 'asr_repo': 'whisper', 'shuffle': False, 'manifest_filepath': 'logs/en/ensemble/train/binary/b7/DAT/version_65/data/en/train_subset/test_hk.txt'}
2024-06-03 14:04:30,459 - progress - INFO - 	Batch size: 8
2024-06-03 14:04:30,462 - progress - INFO - Creating dataloader for logs/en/ensemble/train/binary/b7/DAT/version_65/data/en/train_subset/test_ie.txt
2024-06-03 14:04:30,463 - progress - INFO - 	Dataloader config: {'sample_rate': 16000, 'batch_size': 8, 'num_workers': 10, 'pin_memory': True, 'use_start_end_token': False, 'trim_silence': False, 'is_tarred': False, 'tarred_audio_filepaths': None, 'shuffle_n': 2048, 'bucketing_strategy': 'synced_randomized', 'bucketing_batch_size': None, 'return_sample_id': False, 'drop_last': False, 'asr_repo': 'whisper', 'shuffle': False, 'manifest_filepath': 'logs/en/ensemble/train/binary/b7/DAT/version_65/data/en/train_subset/test_ie.txt'}
2024-06-03 14:04:30,463 - progress - INFO - 	Batch size: 8
2024-06-03 14:04:30,468 - progress - INFO - Creating dataloader for logs/en/ensemble/train/binary/b7/DAT/version_65/data/en/train_subset/test_ni.txt
2024-06-03 14:04:30,469 - progress - INFO - 	Dataloader config: {'sample_rate': 16000, 'batch_size': 8, 'num_workers': 10, 'pin_memory': True, 'use_start_end_token': False, 'trim_silence': False, 'is_tarred': False, 'tarred_audio_filepaths': None, 'shuffle_n': 2048, 'bucketing_strategy': 'synced_randomized', 'bucketing_batch_size': None, 'return_sample_id': False, 'drop_last': False, 'asr_repo': 'whisper', 'shuffle': False, 'manifest_filepath': 'logs/en/ensemble/train/binary/b7/DAT/version_65/data/en/train_subset/test_ni.txt'}
2024-06-03 14:04:30,470 - progress - INFO - 	Batch size: 8
2024-06-03 14:04:30,473 - progress - INFO - Creating dataloader for logs/en/ensemble/train/binary/b7/DAT/version_65/data/en/train_subset/test_nz.txt
2024-06-03 14:04:30,474 - progress - INFO - 	Dataloader config: {'sample_rate': 16000, 'batch_size': 8, 'num_workers': 10, 'pin_memory': True, 'use_start_end_token': False, 'trim_silence': False, 'is_tarred': False, 'tarred_audio_filepaths': None, 'shuffle_n': 2048, 'bucketing_strategy': 'synced_randomized', 'bucketing_batch_size': None, 'return_sample_id': False, 'drop_last': False, 'asr_repo': 'whisper', 'shuffle': False, 'manifest_filepath': 'logs/en/ensemble/train/binary/b7/DAT/version_65/data/en/train_subset/test_nz.txt'}
2024-06-03 14:04:30,475 - progress - INFO - 	Batch size: 8
2024-06-03 14:04:30,479 - progress - INFO - Creating dataloader for logs/en/ensemble/train/binary/b7/DAT/version_65/data/en/train_subset/test_ph.txt
2024-06-03 14:04:30,480 - progress - INFO - 	Dataloader config: {'sample_rate': 16000, 'batch_size': 8, 'num_workers': 10, 'pin_memory': True, 'use_start_end_token': False, 'trim_silence': False, 'is_tarred': False, 'tarred_audio_filepaths': None, 'shuffle_n': 2048, 'bucketing_strategy': 'synced_randomized', 'bucketing_batch_size': None, 'return_sample_id': False, 'drop_last': False, 'asr_repo': 'whisper', 'shuffle': False, 'manifest_filepath': 'logs/en/ensemble/train/binary/b7/DAT/version_65/data/en/train_subset/test_ph.txt'}
2024-06-03 14:04:30,481 - progress - INFO - 	Batch size: 8
2024-06-03 14:04:30,485 - progress - INFO - Creating dataloader for logs/en/ensemble/train/binary/b7/DAT/version_65/data/en/train_subset/test_sc.txt
2024-06-03 14:04:30,486 - progress - INFO - 	Dataloader config: {'sample_rate': 16000, 'batch_size': 8, 'num_workers': 10, 'pin_memory': True, 'use_start_end_token': False, 'trim_silence': False, 'is_tarred': False, 'tarred_audio_filepaths': None, 'shuffle_n': 2048, 'bucketing_strategy': 'synced_randomized', 'bucketing_batch_size': None, 'return_sample_id': False, 'drop_last': False, 'asr_repo': 'whisper', 'shuffle': False, 'manifest_filepath': 'logs/en/ensemble/train/binary/b7/DAT/version_65/data/en/train_subset/test_sc.txt'}
2024-06-03 14:04:30,487 - progress - INFO - 	Batch size: 8
2024-06-03 14:04:30,490 - progress - INFO - Creating dataloader for logs/en/ensemble/train/binary/b7/DAT/version_65/data/en/train_subset/test_sg.txt
2024-06-03 14:04:30,491 - progress - INFO - 	Dataloader config: {'sample_rate': 16000, 'batch_size': 8, 'num_workers': 10, 'pin_memory': True, 'use_start_end_token': False, 'trim_silence': False, 'is_tarred': False, 'tarred_audio_filepaths': None, 'shuffle_n': 2048, 'bucketing_strategy': 'synced_randomized', 'bucketing_batch_size': None, 'return_sample_id': False, 'drop_last': False, 'asr_repo': 'whisper', 'shuffle': False, 'manifest_filepath': 'logs/en/ensemble/train/binary/b7/DAT/version_65/data/en/train_subset/test_sg.txt'}
2024-06-03 14:04:30,492 - progress - INFO - 	Batch size: 8
2024-06-03 14:04:30,495 - progress - INFO - Creating dataloader for logs/en/ensemble/train/binary/b7/DAT/version_65/data/en/train_subset/test_za.txt
2024-06-03 14:04:30,496 - progress - INFO - 	Dataloader config: {'sample_rate': 16000, 'batch_size': 8, 'num_workers': 10, 'pin_memory': True, 'use_start_end_token': False, 'trim_silence': False, 'is_tarred': False, 'tarred_audio_filepaths': None, 'shuffle_n': 2048, 'bucketing_strategy': 'synced_randomized', 'bucketing_batch_size': None, 'return_sample_id': False, 'drop_last': False, 'asr_repo': 'whisper', 'shuffle': False, 'manifest_filepath': 'logs/en/ensemble/train/binary/b7/DAT/version_65/data/en/train_subset/test_za.txt'}
2024-06-03 14:04:30,497 - progress - INFO - 	Batch size: 8
