2024-06-20 22:59:59,777 - progress - INFO - Creating dataloader for logs/en/ensemble/train/binary/b7/DAT/version_88/data/en/train_subset/test_us.txt
2024-06-20 22:59:59,777 - progress - INFO - 	Dataloader config: {'sample_rate': 16000, 'batch_size': 8, 'num_workers': 10, 'pin_memory': True, 'use_start_end_token': False, 'trim_silence': False, 'is_tarred': False, 'tarred_audio_filepaths': None, 'shuffle_n': 2048, 'bucketing_strategy': 'synced_randomized', 'bucketing_batch_size': None, 'return_sample_id': False, 'drop_last': False, 'asr_repo': 'whisper', 'shuffle': False, 'manifest_filepath': 'logs/en/ensemble/train/binary/b7/DAT/version_88/data/en/train_subset/test_us.txt'}
2024-06-20 22:59:59,778 - progress - INFO - 	Batch size: 8
2024-06-20 23:00:00,062 - progress - INFO - Creating dataloader for logs/en/ensemble/train/binary/b7/DAT/version_88/data/en/train_subset/test_ca.txt
2024-06-20 23:00:00,063 - progress - INFO - 	Dataloader config: {'sample_rate': 16000, 'batch_size': 8, 'num_workers': 10, 'pin_memory': True, 'use_start_end_token': False, 'trim_silence': False, 'is_tarred': False, 'tarred_audio_filepaths': None, 'shuffle_n': 2048, 'bucketing_strategy': 'synced_randomized', 'bucketing_batch_size': None, 'return_sample_id': False, 'drop_last': False, 'asr_repo': 'whisper', 'shuffle': False, 'manifest_filepath': 'logs/en/ensemble/train/binary/b7/DAT/version_88/data/en/train_subset/test_ca.txt'}
2024-06-20 23:00:00,064 - progress - INFO - 	Batch size: 8
2024-06-20 23:00:00,067 - progress - INFO - Creating dataloader for logs/en/ensemble/train/binary/b7/DAT/version_88/data/en/train_subset/test_uk.txt
2024-06-20 23:00:00,068 - progress - INFO - 	Dataloader config: {'sample_rate': 16000, 'batch_size': 8, 'num_workers': 10, 'pin_memory': True, 'use_start_end_token': False, 'trim_silence': False, 'is_tarred': False, 'tarred_audio_filepaths': None, 'shuffle_n': 2048, 'bucketing_strategy': 'synced_randomized', 'bucketing_batch_size': None, 'return_sample_id': False, 'drop_last': False, 'asr_repo': 'whisper', 'shuffle': False, 'manifest_filepath': 'logs/en/ensemble/train/binary/b7/DAT/version_88/data/en/train_subset/test_uk.txt'}
2024-06-20 23:00:00,068 - progress - INFO - 	Batch size: 8
2024-06-20 23:00:00,072 - progress - INFO - Creating dataloader for logs/en/ensemble/train/binary/b7/DAT/version_88/data/en/train_subset/test_in.txt
2024-06-20 23:00:00,073 - progress - INFO - 	Dataloader config: {'sample_rate': 16000, 'batch_size': 8, 'num_workers': 10, 'pin_memory': True, 'use_start_end_token': False, 'trim_silence': False, 'is_tarred': False, 'tarred_audio_filepaths': None, 'shuffle_n': 2048, 'bucketing_strategy': 'synced_randomized', 'bucketing_batch_size': None, 'return_sample_id': False, 'drop_last': False, 'asr_repo': 'whisper', 'shuffle': False, 'manifest_filepath': 'logs/en/ensemble/train/binary/b7/DAT/version_88/data/en/train_subset/test_in.txt'}
2024-06-20 23:00:00,073 - progress - INFO - 	Batch size: 8
2024-06-20 23:00:00,077 - progress - INFO - Creating dataloader for logs/en/ensemble/train/binary/b7/DAT/version_88/data/en/train_subset/test_de.txt
2024-06-20 23:00:00,077 - progress - INFO - 	Dataloader config: {'sample_rate': 16000, 'batch_size': 8, 'num_workers': 10, 'pin_memory': True, 'use_start_end_token': False, 'trim_silence': False, 'is_tarred': False, 'tarred_audio_filepaths': None, 'shuffle_n': 2048, 'bucketing_strategy': 'synced_randomized', 'bucketing_batch_size': None, 'return_sample_id': False, 'drop_last': False, 'asr_repo': 'whisper', 'shuffle': False, 'manifest_filepath': 'logs/en/ensemble/train/binary/b7/DAT/version_88/data/en/train_subset/test_de.txt'}
2024-06-20 23:00:00,078 - progress - INFO - 	Batch size: 8
2024-06-20 23:00:00,081 - progress - INFO - Creating dataloader for logs/en/ensemble/train/binary/b7/DAT/version_88/data/en/train_subset/test_au.txt
2024-06-20 23:00:00,082 - progress - INFO - 	Dataloader config: {'sample_rate': 16000, 'batch_size': 8, 'num_workers': 10, 'pin_memory': True, 'use_start_end_token': False, 'trim_silence': False, 'is_tarred': False, 'tarred_audio_filepaths': None, 'shuffle_n': 2048, 'bucketing_strategy': 'synced_randomized', 'bucketing_batch_size': None, 'return_sample_id': False, 'drop_last': False, 'asr_repo': 'whisper', 'shuffle': False, 'manifest_filepath': 'logs/en/ensemble/train/binary/b7/DAT/version_88/data/en/train_subset/test_au.txt'}
2024-06-20 23:00:00,083 - progress - INFO - 	Batch size: 8
2024-06-20 23:00:00,085 - progress - INFO - Creating dataloader for logs/en/ensemble/train/binary/b7/DAT/version_88/data/en/train_subset/test_hk.txt
2024-06-20 23:00:00,086 - progress - INFO - 	Dataloader config: {'sample_rate': 16000, 'batch_size': 8, 'num_workers': 10, 'pin_memory': True, 'use_start_end_token': False, 'trim_silence': False, 'is_tarred': False, 'tarred_audio_filepaths': None, 'shuffle_n': 2048, 'bucketing_strategy': 'synced_randomized', 'bucketing_batch_size': None, 'return_sample_id': False, 'drop_last': False, 'asr_repo': 'whisper', 'shuffle': False, 'manifest_filepath': 'logs/en/ensemble/train/binary/b7/DAT/version_88/data/en/train_subset/test_hk.txt'}
2024-06-20 23:00:00,087 - progress - INFO - 	Batch size: 8
2024-06-20 23:00:00,089 - progress - INFO - Creating dataloader for logs/en/ensemble/train/binary/b7/DAT/version_88/data/en/train_subset/test_ie.txt
2024-06-20 23:00:00,090 - progress - INFO - 	Dataloader config: {'sample_rate': 16000, 'batch_size': 8, 'num_workers': 10, 'pin_memory': True, 'use_start_end_token': False, 'trim_silence': False, 'is_tarred': False, 'tarred_audio_filepaths': None, 'shuffle_n': 2048, 'bucketing_strategy': 'synced_randomized', 'bucketing_batch_size': None, 'return_sample_id': False, 'drop_last': False, 'asr_repo': 'whisper', 'shuffle': False, 'manifest_filepath': 'logs/en/ensemble/train/binary/b7/DAT/version_88/data/en/train_subset/test_ie.txt'}
2024-06-20 23:00:00,091 - progress - INFO - 	Batch size: 8
2024-06-20 23:00:00,094 - progress - INFO - Creating dataloader for logs/en/ensemble/train/binary/b7/DAT/version_88/data/en/train_subset/test_ni.txt
2024-06-20 23:00:00,094 - progress - INFO - 	Dataloader config: {'sample_rate': 16000, 'batch_size': 8, 'num_workers': 10, 'pin_memory': True, 'use_start_end_token': False, 'trim_silence': False, 'is_tarred': False, 'tarred_audio_filepaths': None, 'shuffle_n': 2048, 'bucketing_strategy': 'synced_randomized', 'bucketing_batch_size': None, 'return_sample_id': False, 'drop_last': False, 'asr_repo': 'whisper', 'shuffle': False, 'manifest_filepath': 'logs/en/ensemble/train/binary/b7/DAT/version_88/data/en/train_subset/test_ni.txt'}
2024-06-20 23:00:00,095 - progress - INFO - 	Batch size: 8
2024-06-20 23:00:00,098 - progress - INFO - Creating dataloader for logs/en/ensemble/train/binary/b7/DAT/version_88/data/en/train_subset/test_nz.txt
2024-06-20 23:00:00,098 - progress - INFO - 	Dataloader config: {'sample_rate': 16000, 'batch_size': 8, 'num_workers': 10, 'pin_memory': True, 'use_start_end_token': False, 'trim_silence': False, 'is_tarred': False, 'tarred_audio_filepaths': None, 'shuffle_n': 2048, 'bucketing_strategy': 'synced_randomized', 'bucketing_batch_size': None, 'return_sample_id': False, 'drop_last': False, 'asr_repo': 'whisper', 'shuffle': False, 'manifest_filepath': 'logs/en/ensemble/train/binary/b7/DAT/version_88/data/en/train_subset/test_nz.txt'}
2024-06-20 23:00:00,099 - progress - INFO - 	Batch size: 8
2024-06-20 23:00:00,102 - progress - INFO - Creating dataloader for logs/en/ensemble/train/binary/b7/DAT/version_88/data/en/train_subset/test_ph.txt
2024-06-20 23:00:00,103 - progress - INFO - 	Dataloader config: {'sample_rate': 16000, 'batch_size': 8, 'num_workers': 10, 'pin_memory': True, 'use_start_end_token': False, 'trim_silence': False, 'is_tarred': False, 'tarred_audio_filepaths': None, 'shuffle_n': 2048, 'bucketing_strategy': 'synced_randomized', 'bucketing_batch_size': None, 'return_sample_id': False, 'drop_last': False, 'asr_repo': 'whisper', 'shuffle': False, 'manifest_filepath': 'logs/en/ensemble/train/binary/b7/DAT/version_88/data/en/train_subset/test_ph.txt'}
2024-06-20 23:00:00,103 - progress - INFO - 	Batch size: 8
2024-06-20 23:00:00,106 - progress - INFO - Creating dataloader for logs/en/ensemble/train/binary/b7/DAT/version_88/data/en/train_subset/test_sc.txt
2024-06-20 23:00:00,106 - progress - INFO - 	Dataloader config: {'sample_rate': 16000, 'batch_size': 8, 'num_workers': 10, 'pin_memory': True, 'use_start_end_token': False, 'trim_silence': False, 'is_tarred': False, 'tarred_audio_filepaths': None, 'shuffle_n': 2048, 'bucketing_strategy': 'synced_randomized', 'bucketing_batch_size': None, 'return_sample_id': False, 'drop_last': False, 'asr_repo': 'whisper', 'shuffle': False, 'manifest_filepath': 'logs/en/ensemble/train/binary/b7/DAT/version_88/data/en/train_subset/test_sc.txt'}
2024-06-20 23:00:00,107 - progress - INFO - 	Batch size: 8
2024-06-20 23:00:00,110 - progress - INFO - Creating dataloader for logs/en/ensemble/train/binary/b7/DAT/version_88/data/en/train_subset/test_sg.txt
2024-06-20 23:00:00,111 - progress - INFO - 	Dataloader config: {'sample_rate': 16000, 'batch_size': 8, 'num_workers': 10, 'pin_memory': True, 'use_start_end_token': False, 'trim_silence': False, 'is_tarred': False, 'tarred_audio_filepaths': None, 'shuffle_n': 2048, 'bucketing_strategy': 'synced_randomized', 'bucketing_batch_size': None, 'return_sample_id': False, 'drop_last': False, 'asr_repo': 'whisper', 'shuffle': False, 'manifest_filepath': 'logs/en/ensemble/train/binary/b7/DAT/version_88/data/en/train_subset/test_sg.txt'}
2024-06-20 23:00:00,112 - progress - INFO - 	Batch size: 8
2024-06-20 23:00:00,114 - progress - INFO - Creating dataloader for logs/en/ensemble/train/binary/b7/DAT/version_88/data/en/train_subset/test_za.txt
2024-06-20 23:00:00,114 - progress - INFO - 	Dataloader config: {'sample_rate': 16000, 'batch_size': 8, 'num_workers': 10, 'pin_memory': True, 'use_start_end_token': False, 'trim_silence': False, 'is_tarred': False, 'tarred_audio_filepaths': None, 'shuffle_n': 2048, 'bucketing_strategy': 'synced_randomized', 'bucketing_batch_size': None, 'return_sample_id': False, 'drop_last': False, 'asr_repo': 'whisper', 'shuffle': False, 'manifest_filepath': 'logs/en/ensemble/train/binary/b7/DAT/version_88/data/en/train_subset/test_za.txt'}
2024-06-20 23:00:00,115 - progress - INFO - 	Batch size: 8
2024-06-20 23:08:25,018 - progress - INFO - Configuring optimizers
2024-06-20 23:08:25,024 - progress - INFO - Creating dataloader for ['logs/en/ensemble/train/binary/b7/DAT/version_88/data/en/train_subset/train_us.txt']
2024-06-20 23:08:25,025 - progress - INFO - 	Dataloader config: {'sample_rate': 16000, 'batch_size': 8, 'num_workers': 10, 'pin_memory': True, 'use_start_end_token': False, 'trim_silence': False, 'is_tarred': False, 'tarred_audio_filepaths': None, 'shuffle_n': 2048, 'bucketing_strategy': 'synced_randomized', 'bucketing_batch_size': None, 'return_sample_id': False, 'drop_last': False, 'asr_repo': 'whisper', 'shuffle': True, 'manifest_filepath': ['logs/en/ensemble/train/binary/b7/DAT/version_88/data/en/train_subset/train_us.txt']}
2024-06-20 23:08:25,026 - progress - INFO - 	Batch size: 8
2024-06-20 23:08:25,141 - progress - INFO - Creating dataloader for ['logs/en/ensemble/train/binary/b7/DAT/version_88/data/en/train_subset/train_ca.txt', 'logs/en/ensemble/train/binary/b7/DAT/version_88/data/en/train_subset/train_uk.txt', 'logs/en/ensemble/train/binary/b7/DAT/version_88/data/en/train_subset/train_in.txt', 'logs/en/ensemble/train/binary/b7/DAT/version_88/data/en/train_subset/train_de.txt', 'logs/en/ensemble/train/binary/b7/DAT/version_88/data/en/train_subset/train_au.txt']
2024-06-20 23:08:25,141 - progress - INFO - 	Dataloader config: {'sample_rate': 16000, 'batch_size': 8, 'num_workers': 10, 'pin_memory': True, 'use_start_end_token': False, 'trim_silence': False, 'is_tarred': False, 'tarred_audio_filepaths': None, 'shuffle_n': 2048, 'bucketing_strategy': 'synced_randomized', 'bucketing_batch_size': None, 'return_sample_id': False, 'drop_last': False, 'asr_repo': 'whisper', 'shuffle': True, 'manifest_filepath': ['logs/en/ensemble/train/binary/b7/DAT/version_88/data/en/train_subset/train_ca.txt', 'logs/en/ensemble/train/binary/b7/DAT/version_88/data/en/train_subset/train_uk.txt', 'logs/en/ensemble/train/binary/b7/DAT/version_88/data/en/train_subset/train_in.txt', 'logs/en/ensemble/train/binary/b7/DAT/version_88/data/en/train_subset/train_de.txt', 'logs/en/ensemble/train/binary/b7/DAT/version_88/data/en/train_subset/train_au.txt']}
2024-06-20 23:08:25,142 - progress - INFO - 	Batch size: 8
2024-06-20 23:08:25,757 - progress - INFO - Scheduler max. steps: 960
2024-06-20 23:08:25,773 - progress - INFO - Creating dataloader for ['logs/en/ensemble/train/binary/b7/DAT/version_88/data/en/train_subset/train_us.txt']
2024-06-20 23:08:25,773 - progress - INFO - 	Dataloader config: {'sample_rate': 16000, 'batch_size': 8, 'num_workers': 10, 'pin_memory': True, 'use_start_end_token': False, 'trim_silence': False, 'is_tarred': False, 'tarred_audio_filepaths': None, 'shuffle_n': 2048, 'bucketing_strategy': 'synced_randomized', 'bucketing_batch_size': None, 'return_sample_id': False, 'drop_last': False, 'asr_repo': 'whisper', 'shuffle': True, 'manifest_filepath': ['logs/en/ensemble/train/binary/b7/DAT/version_88/data/en/train_subset/train_us.txt']}
2024-06-20 23:08:25,774 - progress - INFO - 	Batch size: 8
2024-06-20 23:08:25,795 - progress - INFO - Creating dataloader for ['logs/en/ensemble/train/binary/b7/DAT/version_88/data/en/train_subset/train_ca.txt', 'logs/en/ensemble/train/binary/b7/DAT/version_88/data/en/train_subset/train_uk.txt', 'logs/en/ensemble/train/binary/b7/DAT/version_88/data/en/train_subset/train_in.txt', 'logs/en/ensemble/train/binary/b7/DAT/version_88/data/en/train_subset/train_de.txt', 'logs/en/ensemble/train/binary/b7/DAT/version_88/data/en/train_subset/train_au.txt']
2024-06-20 23:08:25,795 - progress - INFO - 	Dataloader config: {'sample_rate': 16000, 'batch_size': 8, 'num_workers': 10, 'pin_memory': True, 'use_start_end_token': False, 'trim_silence': False, 'is_tarred': False, 'tarred_audio_filepaths': None, 'shuffle_n': 2048, 'bucketing_strategy': 'synced_randomized', 'bucketing_batch_size': None, 'return_sample_id': False, 'drop_last': False, 'asr_repo': 'whisper', 'shuffle': True, 'manifest_filepath': ['logs/en/ensemble/train/binary/b7/DAT/version_88/data/en/train_subset/train_ca.txt', 'logs/en/ensemble/train/binary/b7/DAT/version_88/data/en/train_subset/train_uk.txt', 'logs/en/ensemble/train/binary/b7/DAT/version_88/data/en/train_subset/train_in.txt', 'logs/en/ensemble/train/binary/b7/DAT/version_88/data/en/train_subset/train_de.txt', 'logs/en/ensemble/train/binary/b7/DAT/version_88/data/en/train_subset/train_au.txt']}
2024-06-20 23:08:25,796 - progress - INFO - 	Batch size: 8
2024-06-20 23:08:25,821 - progress - INFO - Creating dataloader for logs/en/ensemble/train/binary/b7/DAT/version_88/data/en/train_subset/test_us.txt
2024-06-20 23:08:25,822 - progress - INFO - 	Dataloader config: {'sample_rate': 16000, 'batch_size': 8, 'num_workers': 10, 'pin_memory': True, 'use_start_end_token': False, 'trim_silence': False, 'is_tarred': False, 'tarred_audio_filepaths': None, 'shuffle_n': 2048, 'bucketing_strategy': 'synced_randomized', 'bucketing_batch_size': None, 'return_sample_id': False, 'drop_last': False, 'asr_repo': 'whisper', 'shuffle': False, 'manifest_filepath': 'logs/en/ensemble/train/binary/b7/DAT/version_88/data/en/train_subset/test_us.txt'}
2024-06-20 23:08:25,822 - progress - INFO - 	Batch size: 8
2024-06-20 23:08:25,830 - progress - INFO - Creating dataloader for logs/en/ensemble/train/binary/b7/DAT/version_88/data/en/train_subset/test_ca.txt
2024-06-20 23:08:25,830 - progress - INFO - 	Dataloader config: {'sample_rate': 16000, 'batch_size': 8, 'num_workers': 10, 'pin_memory': True, 'use_start_end_token': False, 'trim_silence': False, 'is_tarred': False, 'tarred_audio_filepaths': None, 'shuffle_n': 2048, 'bucketing_strategy': 'synced_randomized', 'bucketing_batch_size': None, 'return_sample_id': False, 'drop_last': False, 'asr_repo': 'whisper', 'shuffle': False, 'manifest_filepath': 'logs/en/ensemble/train/binary/b7/DAT/version_88/data/en/train_subset/test_ca.txt'}
2024-06-20 23:08:25,831 - progress - INFO - 	Batch size: 8
2024-06-20 23:08:25,834 - progress - INFO - Creating dataloader for logs/en/ensemble/train/binary/b7/DAT/version_88/data/en/train_subset/test_uk.txt
2024-06-20 23:08:25,834 - progress - INFO - 	Dataloader config: {'sample_rate': 16000, 'batch_size': 8, 'num_workers': 10, 'pin_memory': True, 'use_start_end_token': False, 'trim_silence': False, 'is_tarred': False, 'tarred_audio_filepaths': None, 'shuffle_n': 2048, 'bucketing_strategy': 'synced_randomized', 'bucketing_batch_size': None, 'return_sample_id': False, 'drop_last': False, 'asr_repo': 'whisper', 'shuffle': False, 'manifest_filepath': 'logs/en/ensemble/train/binary/b7/DAT/version_88/data/en/train_subset/test_uk.txt'}
2024-06-20 23:08:25,835 - progress - INFO - 	Batch size: 8
2024-06-20 23:08:25,839 - progress - INFO - Creating dataloader for logs/en/ensemble/train/binary/b7/DAT/version_88/data/en/train_subset/test_in.txt
2024-06-20 23:08:25,839 - progress - INFO - 	Dataloader config: {'sample_rate': 16000, 'batch_size': 8, 'num_workers': 10, 'pin_memory': True, 'use_start_end_token': False, 'trim_silence': False, 'is_tarred': False, 'tarred_audio_filepaths': None, 'shuffle_n': 2048, 'bucketing_strategy': 'synced_randomized', 'bucketing_batch_size': None, 'return_sample_id': False, 'drop_last': False, 'asr_repo': 'whisper', 'shuffle': False, 'manifest_filepath': 'logs/en/ensemble/train/binary/b7/DAT/version_88/data/en/train_subset/test_in.txt'}
2024-06-20 23:08:25,840 - progress - INFO - 	Batch size: 8
2024-06-20 23:08:25,843 - progress - INFO - Creating dataloader for logs/en/ensemble/train/binary/b7/DAT/version_88/data/en/train_subset/test_de.txt
2024-06-20 23:08:25,844 - progress - INFO - 	Dataloader config: {'sample_rate': 16000, 'batch_size': 8, 'num_workers': 10, 'pin_memory': True, 'use_start_end_token': False, 'trim_silence': False, 'is_tarred': False, 'tarred_audio_filepaths': None, 'shuffle_n': 2048, 'bucketing_strategy': 'synced_randomized', 'bucketing_batch_size': None, 'return_sample_id': False, 'drop_last': False, 'asr_repo': 'whisper', 'shuffle': False, 'manifest_filepath': 'logs/en/ensemble/train/binary/b7/DAT/version_88/data/en/train_subset/test_de.txt'}
2024-06-20 23:08:25,845 - progress - INFO - 	Batch size: 8
2024-06-20 23:08:25,848 - progress - INFO - Creating dataloader for logs/en/ensemble/train/binary/b7/DAT/version_88/data/en/train_subset/test_au.txt
2024-06-20 23:08:25,849 - progress - INFO - 	Dataloader config: {'sample_rate': 16000, 'batch_size': 8, 'num_workers': 10, 'pin_memory': True, 'use_start_end_token': False, 'trim_silence': False, 'is_tarred': False, 'tarred_audio_filepaths': None, 'shuffle_n': 2048, 'bucketing_strategy': 'synced_randomized', 'bucketing_batch_size': None, 'return_sample_id': False, 'drop_last': False, 'asr_repo': 'whisper', 'shuffle': False, 'manifest_filepath': 'logs/en/ensemble/train/binary/b7/DAT/version_88/data/en/train_subset/test_au.txt'}
2024-06-20 23:08:25,849 - progress - INFO - 	Batch size: 8
2024-06-20 23:08:25,852 - progress - INFO - Creating dataloader for logs/en/ensemble/train/binary/b7/DAT/version_88/data/en/train_subset/test_hk.txt
2024-06-20 23:08:25,853 - progress - INFO - 	Dataloader config: {'sample_rate': 16000, 'batch_size': 8, 'num_workers': 10, 'pin_memory': True, 'use_start_end_token': False, 'trim_silence': False, 'is_tarred': False, 'tarred_audio_filepaths': None, 'shuffle_n': 2048, 'bucketing_strategy': 'synced_randomized', 'bucketing_batch_size': None, 'return_sample_id': False, 'drop_last': False, 'asr_repo': 'whisper', 'shuffle': False, 'manifest_filepath': 'logs/en/ensemble/train/binary/b7/DAT/version_88/data/en/train_subset/test_hk.txt'}
2024-06-20 23:08:25,854 - progress - INFO - 	Batch size: 8
2024-06-20 23:08:25,856 - progress - INFO - Creating dataloader for logs/en/ensemble/train/binary/b7/DAT/version_88/data/en/train_subset/test_ie.txt
2024-06-20 23:08:25,857 - progress - INFO - 	Dataloader config: {'sample_rate': 16000, 'batch_size': 8, 'num_workers': 10, 'pin_memory': True, 'use_start_end_token': False, 'trim_silence': False, 'is_tarred': False, 'tarred_audio_filepaths': None, 'shuffle_n': 2048, 'bucketing_strategy': 'synced_randomized', 'bucketing_batch_size': None, 'return_sample_id': False, 'drop_last': False, 'asr_repo': 'whisper', 'shuffle': False, 'manifest_filepath': 'logs/en/ensemble/train/binary/b7/DAT/version_88/data/en/train_subset/test_ie.txt'}
2024-06-20 23:08:25,857 - progress - INFO - 	Batch size: 8
2024-06-20 23:08:25,860 - progress - INFO - Creating dataloader for logs/en/ensemble/train/binary/b7/DAT/version_88/data/en/train_subset/test_ni.txt
2024-06-20 23:08:25,861 - progress - INFO - 	Dataloader config: {'sample_rate': 16000, 'batch_size': 8, 'num_workers': 10, 'pin_memory': True, 'use_start_end_token': False, 'trim_silence': False, 'is_tarred': False, 'tarred_audio_filepaths': None, 'shuffle_n': 2048, 'bucketing_strategy': 'synced_randomized', 'bucketing_batch_size': None, 'return_sample_id': False, 'drop_last': False, 'asr_repo': 'whisper', 'shuffle': False, 'manifest_filepath': 'logs/en/ensemble/train/binary/b7/DAT/version_88/data/en/train_subset/test_ni.txt'}
2024-06-20 23:08:25,861 - progress - INFO - 	Batch size: 8
2024-06-20 23:08:25,864 - progress - INFO - Creating dataloader for logs/en/ensemble/train/binary/b7/DAT/version_88/data/en/train_subset/test_nz.txt
2024-06-20 23:08:25,865 - progress - INFO - 	Dataloader config: {'sample_rate': 16000, 'batch_size': 8, 'num_workers': 10, 'pin_memory': True, 'use_start_end_token': False, 'trim_silence': False, 'is_tarred': False, 'tarred_audio_filepaths': None, 'shuffle_n': 2048, 'bucketing_strategy': 'synced_randomized', 'bucketing_batch_size': None, 'return_sample_id': False, 'drop_last': False, 'asr_repo': 'whisper', 'shuffle': False, 'manifest_filepath': 'logs/en/ensemble/train/binary/b7/DAT/version_88/data/en/train_subset/test_nz.txt'}
2024-06-20 23:08:25,867 - progress - INFO - 	Batch size: 8
2024-06-20 23:08:25,872 - progress - INFO - Creating dataloader for logs/en/ensemble/train/binary/b7/DAT/version_88/data/en/train_subset/test_ph.txt
2024-06-20 23:08:25,873 - progress - INFO - 	Dataloader config: {'sample_rate': 16000, 'batch_size': 8, 'num_workers': 10, 'pin_memory': True, 'use_start_end_token': False, 'trim_silence': False, 'is_tarred': False, 'tarred_audio_filepaths': None, 'shuffle_n': 2048, 'bucketing_strategy': 'synced_randomized', 'bucketing_batch_size': None, 'return_sample_id': False, 'drop_last': False, 'asr_repo': 'whisper', 'shuffle': False, 'manifest_filepath': 'logs/en/ensemble/train/binary/b7/DAT/version_88/data/en/train_subset/test_ph.txt'}
2024-06-20 23:08:25,874 - progress - INFO - 	Batch size: 8
2024-06-20 23:08:25,877 - progress - INFO - Creating dataloader for logs/en/ensemble/train/binary/b7/DAT/version_88/data/en/train_subset/test_sc.txt
2024-06-20 23:08:25,879 - progress - INFO - 	Dataloader config: {'sample_rate': 16000, 'batch_size': 8, 'num_workers': 10, 'pin_memory': True, 'use_start_end_token': False, 'trim_silence': False, 'is_tarred': False, 'tarred_audio_filepaths': None, 'shuffle_n': 2048, 'bucketing_strategy': 'synced_randomized', 'bucketing_batch_size': None, 'return_sample_id': False, 'drop_last': False, 'asr_repo': 'whisper', 'shuffle': False, 'manifest_filepath': 'logs/en/ensemble/train/binary/b7/DAT/version_88/data/en/train_subset/test_sc.txt'}
2024-06-20 23:08:25,879 - progress - INFO - 	Batch size: 8
2024-06-20 23:08:25,882 - progress - INFO - Creating dataloader for logs/en/ensemble/train/binary/b7/DAT/version_88/data/en/train_subset/test_sg.txt
2024-06-20 23:08:25,883 - progress - INFO - 	Dataloader config: {'sample_rate': 16000, 'batch_size': 8, 'num_workers': 10, 'pin_memory': True, 'use_start_end_token': False, 'trim_silence': False, 'is_tarred': False, 'tarred_audio_filepaths': None, 'shuffle_n': 2048, 'bucketing_strategy': 'synced_randomized', 'bucketing_batch_size': None, 'return_sample_id': False, 'drop_last': False, 'asr_repo': 'whisper', 'shuffle': False, 'manifest_filepath': 'logs/en/ensemble/train/binary/b7/DAT/version_88/data/en/train_subset/test_sg.txt'}
2024-06-20 23:08:25,885 - progress - INFO - 	Batch size: 8
2024-06-20 23:08:25,887 - progress - INFO - Creating dataloader for logs/en/ensemble/train/binary/b7/DAT/version_88/data/en/train_subset/test_za.txt
2024-06-20 23:08:25,888 - progress - INFO - 	Dataloader config: {'sample_rate': 16000, 'batch_size': 8, 'num_workers': 10, 'pin_memory': True, 'use_start_end_token': False, 'trim_silence': False, 'is_tarred': False, 'tarred_audio_filepaths': None, 'shuffle_n': 2048, 'bucketing_strategy': 'synced_randomized', 'bucketing_batch_size': None, 'return_sample_id': False, 'drop_last': False, 'asr_repo': 'whisper', 'shuffle': False, 'manifest_filepath': 'logs/en/ensemble/train/binary/b7/DAT/version_88/data/en/train_subset/test_za.txt'}
2024-06-20 23:08:25,889 - progress - INFO - 	Batch size: 8
